running egg_info
writing ../../build/signal_detection/signal_detection.egg-info/PKG-INFO
writing dependency_links to ../../build/signal_detection/signal_detection.egg-info/dependency_links.txt
writing entry points to ../../build/signal_detection/signal_detection.egg-info/entry_points.txt
writing requirements to ../../build/signal_detection/signal_detection.egg-info/requires.txt
writing top-level names to ../../build/signal_detection/signal_detection.egg-info/top_level.txt
reading manifest file '../../build/signal_detection/signal_detection.egg-info/SOURCES.txt'
adding license file 'LICENSE'
writing manifest file '../../build/signal_detection/signal_detection.egg-info/SOURCES.txt'
running build
running build_py
copying signal_detection/aruco.py -> /home/lpm/Purple_Whales/build/signal_detection/build/lib/signal_detection
running install
running install_lib
copying /home/lpm/Purple_Whales/build/signal_detection/build/lib/signal_detection/aruco.py -> /home/lpm/Purple_Whales/install/signal_detection/lib/python3.10/site-packages/signal_detection
byte-compiling /home/lpm/Purple_Whales/install/signal_detection/lib/python3.10/site-packages/signal_detection/aruco.py to aruco.cpython-310.pyc
running install_data
running install_egg_info
removing '/home/lpm/Purple_Whales/install/signal_detection/lib/python3.10/site-packages/signal_detection-0.0.0-py3.10.egg-info' (and everything under it)
Copying ../../build/signal_detection/signal_detection.egg-info to /home/lpm/Purple_Whales/install/signal_detection/lib/python3.10/site-packages/signal_detection-0.0.0-py3.10.egg-info
running install_scripts
Installing aruco script to /home/lpm/Purple_Whales/install/signal_detection/lib/signal_detection
writing list of installed files to '/home/lpm/Purple_Whales/build/signal_detection/install.log'
