[1.165s] Invoking command in '/home/paolo/purple_whales_ws/firmware/mcu_ws/build/libyaml_vendor': CMAKE_PREFIX_PATH=${CMAKE_PREFIX_PATH}:/home/paolo/purple_whales_ws/firmware/dev_ws/install/ament_uncrustify:/home/paolo/purple_whales_ws/firmware/dev_ws/install/domain_coordinator:/home/paolo/purple_whales_ws/firmware/dev_ws/install/ament_xmllint:/home/paolo/purple_whales_ws/firmware/dev_ws/install/ament_pyflakes:/home/paolo/purple_whales_ws/firmware/dev_ws/install/ament_pycodestyle:/home/paolo/purple_whales_ws/firmware/dev_ws/install/ament_pep257:/home/paolo/purple_whales_ws/firmware/dev_ws/install/ament_pclint:/home/paolo/purple_whales_ws/firmware/dev_ws/install/ament_package:/home/paolo/purple_whales_ws/firmware/dev_ws/install/ament_mypy:/home/paolo/purple_whales_ws/firmware/dev_ws/install/ament_lint_cmake:/home/paolo/purple_whales_ws/firmware/dev_ws/install/ament_flake8:/home/paolo/purple_whales_ws/firmware/dev_ws/install/ament_copyright:/home/paolo/purple_whales_ws/firmware/dev_ws/install/ament_lint:/home/paolo/purple_whales_ws/firmware/dev_ws/install/ament_index_python:/home/paolo/purple_whales_ws/firmware/dev_ws/install/ament_cpplint:/home/paolo/purple_whales_ws/firmware/dev_ws/install/ament_cppcheck:/home/paolo/purple_whales_ws/firmware/dev_ws/install/ament_clang_tidy:/home/paolo/purple_whales_ws/firmware/dev_ws/install/ament_clang_format /usr/bin/cmake --build /home/paolo/purple_whales_ws/firmware/mcu_ws/build/libyaml_vendor -- -j20 -l20
[1.254s] gmake[4]: Entering directory '/home/paolo/purple_whales_ws/firmware/mcu_ws/build/libyaml_vendor'
[1.254s] /usr/bin/cmake -S/home/paolo/purple_whales_ws/firmware/mcu_ws/ros2/libyaml_vendor -B/home/paolo/purple_whales_ws/firmware/mcu_ws/build/libyaml_vendor --check-build-system CMakeFiles/Makefile.cmake 0
[1.254s] Re-run cmake file: Makefile older than: /home/paolo/purple_whales_ws/firmware/freertos_apps/microros_esp32_extensions/esp32_toolchain.cmake
[1.259s] -- Found ament_cmake: 1.3.8 (/home/paolo/purple_whales_ws/firmware/dev_ws/install/ament_cmake/share/ament_cmake/cmake)
[1.620s] -- Configuring done
[1.623s] -- Generating done
[1.625s] -- Build files have been written to: /home/paolo/purple_whales_ws/firmware/mcu_ws/build/libyaml_vendor
[1.633s] /usr/bin/cmake -E cmake_progress_start /home/paolo/purple_whales_ws/firmware/mcu_ws/build/libyaml_vendor/CMakeFiles /home/paolo/purple_whales_ws/firmware/mcu_ws/build/libyaml_vendor//CMakeFiles/progress.marks
[1.648s] /usr/bin/gmake  -f CMakeFiles/Makefile2 all
[1.650s] gmake[5]: Entering directory '/home/paolo/purple_whales_ws/firmware/mcu_ws/build/libyaml_vendor'
[1.650s] /usr/bin/gmake  -f CMakeFiles/libyaml-0.2.5.dir/build.make CMakeFiles/libyaml-0.2.5.dir/depend
[1.650s] gmake[6]: Entering directory '/home/paolo/purple_whales_ws/firmware/mcu_ws/build/libyaml_vendor'
[1.650s] cd /home/paolo/purple_whales_ws/firmware/mcu_ws/build/libyaml_vendor && /usr/bin/cmake -E cmake_depends "Unix Makefiles" /home/paolo/purple_whales_ws/firmware/mcu_ws/ros2/libyaml_vendor /home/paolo/purple_whales_ws/firmware/mcu_ws/ros2/libyaml_vendor /home/paolo/purple_whales_ws/firmware/mcu_ws/build/libyaml_vendor /home/paolo/purple_whales_ws/firmware/mcu_ws/build/libyaml_vendor /home/paolo/purple_whales_ws/firmware/mcu_ws/build/libyaml_vendor/CMakeFiles/libyaml-0.2.5.dir/DependInfo.cmake --color=
[1.666s] gmake[6]: Leaving directory '/home/paolo/purple_whales_ws/firmware/mcu_ws/build/libyaml_vendor'
[1.666s] /usr/bin/gmake  -f CMakeFiles/libyaml-0.2.5.dir/build.make CMakeFiles/libyaml-0.2.5.dir/build
[1.668s] gmake[6]: Entering directory '/home/paolo/purple_whales_ws/firmware/mcu_ws/build/libyaml_vendor'
[1.669s] gmake[6]: Nothing to be done for 'CMakeFiles/libyaml-0.2.5.dir/build'.
[1.669s] gmake[6]: Leaving directory '/home/paolo/purple_whales_ws/firmware/mcu_ws/build/libyaml_vendor'
[1.684s] [100%] Built target libyaml-0.2.5
[1.684s] gmake[5]: Leaving directory '/home/paolo/purple_whales_ws/firmware/mcu_ws/build/libyaml_vendor'
[1.685s] /usr/bin/cmake -E cmake_progress_start /home/paolo/purple_whales_ws/firmware/mcu_ws/build/libyaml_vendor/CMakeFiles 0
[1.698s] gmake[4]: Leaving directory '/home/paolo/purple_whales_ws/firmware/mcu_ws/build/libyaml_vendor'
[1.707s] Invoked command in '/home/paolo/purple_whales_ws/firmware/mcu_ws/build/libyaml_vendor' returned '0': CMAKE_PREFIX_PATH=${CMAKE_PREFIX_PATH}:/home/paolo/purple_whales_ws/firmware/dev_ws/install/ament_uncrustify:/home/paolo/purple_whales_ws/firmware/dev_ws/install/domain_coordinator:/home/paolo/purple_whales_ws/firmware/dev_ws/install/ament_xmllint:/home/paolo/purple_whales_ws/firmware/dev_ws/install/ament_pyflakes:/home/paolo/purple_whales_ws/firmware/dev_ws/install/ament_pycodestyle:/home/paolo/purple_whales_ws/firmware/dev_ws/install/ament_pep257:/home/paolo/purple_whales_ws/firmware/dev_ws/install/ament_pclint:/home/paolo/purple_whales_ws/firmware/dev_ws/install/ament_package:/home/paolo/purple_whales_ws/firmware/dev_ws/install/ament_mypy:/home/paolo/purple_whales_ws/firmware/dev_ws/install/ament_lint_cmake:/home/paolo/purple_whales_ws/firmware/dev_ws/install/ament_flake8:/home/paolo/purple_whales_ws/firmware/dev_ws/install/ament_copyright:/home/paolo/purple_whales_ws/firmware/dev_ws/install/ament_lint:/home/paolo/purple_whales_ws/firmware/dev_ws/install/ament_index_python:/home/paolo/purple_whales_ws/firmware/dev_ws/install/ament_cpplint:/home/paolo/purple_whales_ws/firmware/dev_ws/install/ament_cppcheck:/home/paolo/purple_whales_ws/firmware/dev_ws/install/ament_clang_tidy:/home/paolo/purple_whales_ws/firmware/dev_ws/install/ament_clang_format /usr/bin/cmake --build /home/paolo/purple_whales_ws/firmware/mcu_ws/build/libyaml_vendor -- -j20 -l20
[1.755s] Invoking command in '/home/paolo/purple_whales_ws/firmware/mcu_ws/build/libyaml_vendor': CMAKE_PREFIX_PATH=${CMAKE_PREFIX_PATH}:/home/paolo/purple_whales_ws/firmware/dev_ws/install/ament_uncrustify:/home/paolo/purple_whales_ws/firmware/dev_ws/install/domain_coordinator:/home/paolo/purple_whales_ws/firmware/dev_ws/install/ament_xmllint:/home/paolo/purple_whales_ws/firmware/dev_ws/install/ament_pyflakes:/home/paolo/purple_whales_ws/firmware/dev_ws/install/ament_pycodestyle:/home/paolo/purple_whales_ws/firmware/dev_ws/install/ament_pep257:/home/paolo/purple_whales_ws/firmware/dev_ws/install/ament_pclint:/home/paolo/purple_whales_ws/firmware/dev_ws/install/ament_package:/home/paolo/purple_whales_ws/firmware/dev_ws/install/ament_mypy:/home/paolo/purple_whales_ws/firmware/dev_ws/install/ament_lint_cmake:/home/paolo/purple_whales_ws/firmware/dev_ws/install/ament_flake8:/home/paolo/purple_whales_ws/firmware/dev_ws/install/ament_copyright:/home/paolo/purple_whales_ws/firmware/dev_ws/install/ament_lint:/home/paolo/purple_whales_ws/firmware/dev_ws/install/ament_index_python:/home/paolo/purple_whales_ws/firmware/dev_ws/install/ament_cpplint:/home/paolo/purple_whales_ws/firmware/dev_ws/install/ament_cppcheck:/home/paolo/purple_whales_ws/firmware/dev_ws/install/ament_clang_tidy:/home/paolo/purple_whales_ws/firmware/dev_ws/install/ament_clang_format /usr/bin/cmake --install /home/paolo/purple_whales_ws/firmware/mcu_ws/build/libyaml_vendor
[1.769s] -- Install configuration: "Debug"
[1.769s] -- Up-to-date: /home/paolo/purple_whales_ws/firmware/mcu_ws/install
[1.769s] -- Up-to-date: /home/paolo/purple_whales_ws/firmware/mcu_ws/install/cmake
[1.770s] -- Up-to-date: /home/paolo/purple_whales_ws/firmware/mcu_ws/install/cmake/yamlTargets-debug.cmake
[1.770s] -- Up-to-date: /home/paolo/purple_whales_ws/firmware/mcu_ws/install/cmake/yamlTargets.cmake
[1.770s] -- Up-to-date: /home/paolo/purple_whales_ws/firmware/mcu_ws/install/cmake/yamlConfigVersion.cmake
[1.770s] -- Up-to-date: /home/paolo/purple_whales_ws/firmware/mcu_ws/install/cmake/yamlConfig.cmake
[1.770s] -- Up-to-date: /home/paolo/purple_whales_ws/firmware/mcu_ws/install/include
[1.771s] -- Up-to-date: /home/paolo/purple_whales_ws/firmware/mcu_ws/install/include/libyaml_vendor
[1.771s] -- Up-to-date: /home/paolo/purple_whales_ws/firmware/mcu_ws/install/include/libyaml_vendor/yaml.h
[1.771s] -- Up-to-date: /home/paolo/purple_whales_ws/firmware/mcu_ws/install/lib
[1.772s] -- Up-to-date: /home/paolo/purple_whales_ws/firmware/mcu_ws/install/lib/libyaml.a
[1.772s] -- Up-to-date: /home/paolo/purple_whales_ws/firmware/mcu_ws/install/share/libyaml_vendor/environment/library_path.sh
[1.772s] -- Installing: /home/paolo/purple_whales_ws/firmware/mcu_ws/install/share/libyaml_vendor/environment/library_path.dsv
[1.773s] -- Up-to-date: /home/paolo/purple_whales_ws/firmware/mcu_ws/install/share/ament_index/resource_index/package_run_dependencies/libyaml_vendor
[1.773s] -- Up-to-date: /home/paolo/purple_whales_ws/firmware/mcu_ws/install/share/ament_index/resource_index/parent_prefix_path/libyaml_vendor
[1.773s] -- Up-to-date: /home/paolo/purple_whales_ws/firmware/mcu_ws/install/share/libyaml_vendor/environment/ament_prefix_path.sh
[1.773s] -- Installing: /home/paolo/purple_whales_ws/firmware/mcu_ws/install/share/libyaml_vendor/environment/ament_prefix_path.dsv
[1.773s] -- Up-to-date: /home/paolo/purple_whales_ws/firmware/mcu_ws/install/share/libyaml_vendor/environment/path.sh
[1.773s] -- Installing: /home/paolo/purple_whales_ws/firmware/mcu_ws/install/share/libyaml_vendor/environment/path.dsv
[1.773s] -- Up-to-date: /home/paolo/purple_whales_ws/firmware/mcu_ws/install/share/libyaml_vendor/local_setup.bash
[1.774s] -- Up-to-date: /home/paolo/purple_whales_ws/firmware/mcu_ws/install/share/libyaml_vendor/local_setup.sh
[1.774s] -- Up-to-date: /home/paolo/purple_whales_ws/firmware/mcu_ws/install/share/libyaml_vendor/local_setup.zsh
[1.774s] -- Installing: /home/paolo/purple_whales_ws/firmware/mcu_ws/install/share/libyaml_vendor/local_setup.dsv
[1.775s] -- Installing: /home/paolo/purple_whales_ws/firmware/mcu_ws/install/share/libyaml_vendor/package.dsv
[1.775s] -- Up-to-date: /home/paolo/purple_whales_ws/firmware/mcu_ws/install/share/ament_index/resource_index/packages/libyaml_vendor
[1.778s] -- Up-to-date: /home/paolo/purple_whales_ws/firmware/mcu_ws/install/share/libyaml_vendor/cmake/libyaml_vendor-extras.cmake
[1.779s] -- Up-to-date: /home/paolo/purple_whales_ws/firmware/mcu_ws/install/share/libyaml_vendor/cmake/ament_cmake_export_libraries-extras.cmake
[1.779s] -- Up-to-date: /home/paolo/purple_whales_ws/firmware/mcu_ws/install/share/libyaml_vendor/cmake/ament_cmake_export_dependencies-extras.cmake
[1.780s] -- Up-to-date: /home/paolo/purple_whales_ws/firmware/mcu_ws/install/share/libyaml_vendor/cmake/libyaml_vendorConfig.cmake
[1.780s] -- Up-to-date: /home/paolo/purple_whales_ws/firmware/mcu_ws/install/share/libyaml_vendor/cmake/libyaml_vendorConfig-version.cmake
[1.780s] -- Up-to-date: /home/paolo/purple_whales_ws/firmware/mcu_ws/install/share/libyaml_vendor/package.xml
[1.781s] Invoked command in '/home/paolo/purple_whales_ws/firmware/mcu_ws/build/libyaml_vendor' returned '0': CMAKE_PREFIX_PATH=${CMAKE_PREFIX_PATH}:/home/paolo/purple_whales_ws/firmware/dev_ws/install/ament_uncrustify:/home/paolo/purple_whales_ws/firmware/dev_ws/install/domain_coordinator:/home/paolo/purple_whales_ws/firmware/dev_ws/install/ament_xmllint:/home/paolo/purple_whales_ws/firmware/dev_ws/install/ament_pyflakes:/home/paolo/purple_whales_ws/firmware/dev_ws/install/ament_pycodestyle:/home/paolo/purple_whales_ws/firmware/dev_ws/install/ament_pep257:/home/paolo/purple_whales_ws/firmware/dev_ws/install/ament_pclint:/home/paolo/purple_whales_ws/firmware/dev_ws/install/ament_package:/home/paolo/purple_whales_ws/firmware/dev_ws/install/ament_mypy:/home/paolo/purple_whales_ws/firmware/dev_ws/install/ament_lint_cmake:/home/paolo/purple_whales_ws/firmware/dev_ws/install/ament_flake8:/home/paolo/purple_whales_ws/firmware/dev_ws/install/ament_copyright:/home/paolo/purple_whales_ws/firmware/dev_ws/install/ament_lint:/home/paolo/purple_whales_ws/firmware/dev_ws/install/ament_index_python:/home/paolo/purple_whales_ws/firmware/dev_ws/install/ament_cpplint:/home/paolo/purple_whales_ws/firmware/dev_ws/install/ament_cppcheck:/home/paolo/purple_whales_ws/firmware/dev_ws/install/ament_clang_tidy:/home/paolo/purple_whales_ws/firmware/dev_ws/install/ament_clang_format /usr/bin/cmake --install /home/paolo/purple_whales_ws/firmware/mcu_ws/build/libyaml_vendor
