[0.175s] Invoking command in '/home/paolo/purple_whales_ws/firmware/mcu_ws/build/micro_ros_msgs': AMENT_PREFIX_PATH=/home/paolo/purple_whales_ws/firmware/mcu_ws/install:${AMENT_PREFIX_PATH} CMAKE_PREFIX_PATH=/home/paolo/purple_whales_ws/firmware/mcu_ws/install:/home/paolo/purple_whales_ws/firmware/dev_ws/install/ament_lint_common:/home/paolo/purple_whales_ws/firmware/dev_ws/install/ament_cmake_uncrustify:/home/paolo/purple_whales_ws/firmware/dev_ws/install/uncrustify_vendor:/home/paolo/purple_whales_ws/firmware/dev_ws/install/ament_cmake_ros:/home/paolo/purple_whales_ws/firmware/dev_ws/install/ament_cmake_auto:/home/paolo/purple_whales_ws/firmware/dev_ws/install/ament_cmake_gmock:/home/paolo/purple_whales_ws/firmware/dev_ws/install/gmock_vendor:/home/paolo/purple_whales_ws/firmware/dev_ws/install/ament_cmake_gtest:/home/paolo/purple_whales_ws/firmware/dev_ws/install/gtest_vendor:/home/paolo/purple_whales_ws/firmware/dev_ws/install/ament_cmake_xmllint:/home/paolo/purple_whales_ws/firmware/dev_ws/install/ament_cmake_pyflakes:/home/paolo/purple_whales_ws/firmware/dev_ws/install/ament_cmake_pycodestyle:/home/paolo/purple_whales_ws/firmware/dev_ws/install/ament_cmake_pep257:/home/paolo/purple_whales_ws/firmware/dev_ws/install/ament_cmake_pclint:/home/paolo/purple_whales_ws/firmware/dev_ws/install/ament_lint_auto:/home/paolo/purple_whales_ws/firmware/dev_ws/install/ament_cmake:/home/paolo/purple_whales_ws/firmware/dev_ws/install/ament_cmake_version:/home/paolo/purple_whales_ws/firmware/dev_ws/install/ament_cmake_vendor_package:/home/paolo/purple_whales_ws/firmware/dev_ws/install/ament_cmake_pytest:/home/paolo/purple_whales_ws/firmware/dev_ws/install/ament_cmake_nose:/home/paolo/purple_whales_ws/firmware/dev_ws/install/ament_cmake_mypy:/home/paolo/purple_whales_ws/firmware/dev_ws/install/ament_cmake_lint_cmake:/home/paolo/purple_whales_ws/firmware/dev_ws/install/ament_cmake_google_benchmark:/home/paolo/purple_whales_ws/firmware/dev_ws/install/ament_cmake_flake8:/home/paolo/purple_whales_ws/firmware/dev_ws/install/ament_cmake_cpplint:/home/paolo/purple_whales_ws/firmware/dev_ws/install/ament_cmake_cppcheck:/home/paolo/purple_whales_ws/firmware/dev_ws/install/ament_cmake_copyright:/home/paolo/purple_whales_ws/firmware/dev_ws/install/ament_cmake_clang_tidy:/home/paolo/purple_whales_ws/firmware/dev_ws/install/ament_cmake_clang_format:/home/paolo/purple_whales_ws/firmware/dev_ws/install/ament_cmake_test:/home/paolo/purple_whales_ws/firmware/dev_ws/install/ament_cmake_target_dependencies:/home/paolo/purple_whales_ws/firmware/dev_ws/install/ament_cmake_python:/home/paolo/purple_whales_ws/firmware/dev_ws/install/ament_cmake_export_dependencies:/home/paolo/purple_whales_ws/firmware/dev_ws/install/ament_cmake_libraries:/home/paolo/purple_whales_ws/firmware/dev_ws/install/ament_cmake_include_directories:/home/paolo/purple_whales_ws/firmware/dev_ws/install/ament_cmake_gen_version_h:/home/paolo/purple_whales_ws/firmware/dev_ws/install/ament_cmake_export_targets:/home/paolo/purple_whales_ws/firmware/dev_ws/install/ament_cmake_export_link_flags:/home/paolo/purple_whales_ws/firmware/dev_ws/install/ament_cmake_export_interfaces:/home/paolo/purple_whales_ws/firmware/dev_ws/install/ament_cmake_export_libraries:/home/paolo/purple_whales_ws/firmware/dev_ws/install/ament_cmake_export_include_directories:/home/paolo/purple_whales_ws/firmware/dev_ws/install/ament_cmake_export_definitions:/home/paolo/purple_whales_ws/firmware/dev_ws/install/ament_cmake_core:/home/paolo/purple_whales_ws/firmware/dev_ws/install/ament_index_cpp:/home/paolo/purple_whales_ws/firmware/dev_ws/install/ament_uncrustify:/home/paolo/purple_whales_ws/firmware/dev_ws/install/domain_coordinator:/home/paolo/purple_whales_ws/firmware/dev_ws/install/ament_xmllint:/home/paolo/purple_whales_ws/firmware/dev_ws/install/ament_pyflakes:/home/paolo/purple_whales_ws/firmware/dev_ws/install/ament_pycodestyle:/home/paolo/purple_whales_ws/firmware/dev_ws/install/ament_pep257:/home/paolo/purple_whales_ws/firmware/dev_ws/install/ament_pclint:/home/paolo/purple_whales_ws/firmware/dev_ws/install/ament_package:/home/paolo/purple_whales_ws/firmware/dev_ws/install/ament_mypy:/home/paolo/purple_whales_ws/firmware/dev_ws/install/ament_lint_cmake:/home/paolo/purple_whales_ws/firmware/dev_ws/install/ament_flake8:/home/paolo/purple_whales_ws/firmware/dev_ws/install/ament_copyright:/home/paolo/purple_whales_ws/firmware/dev_ws/install/ament_lint:/home/paolo/purple_whales_ws/firmware/dev_ws/install/ament_index_python:/home/paolo/purple_whales_ws/firmware/dev_ws/install/ament_cpplint:/home/paolo/purple_whales_ws/firmware/dev_ws/install/ament_cppcheck:/home/paolo/purple_whales_ws/firmware/dev_ws/install/ament_clang_tidy:/home/paolo/purple_whales_ws/firmware/dev_ws/install/ament_clang_format LD_LIBRARY_PATH=/home/paolo/purple_whales_ws/firmware/mcu_ws/install/lib:${LD_LIBRARY_PATH} PATH=/home/paolo/purple_whales_ws/firmware/mcu_ws/install/bin:${PATH} PYTHONPATH=/home/paolo/purple_whales_ws/firmware/mcu_ws/install/lib/python3.10/site-packages:${PYTHONPATH} /usr/bin/cmake --build /home/paolo/purple_whales_ws/firmware/mcu_ws/build/micro_ros_msgs -- -j20 -l20
[0.195s] gmake[4]: Entering directory '/home/paolo/purple_whales_ws/firmware/mcu_ws/build/micro_ros_msgs'
[0.195s] /usr/bin/cmake -S/home/paolo/purple_whales_ws/firmware/mcu_ws/uros/micro_ros_msgs -B/home/paolo/purple_whales_ws/firmware/mcu_ws/build/micro_ros_msgs --check-build-system CMakeFiles/Makefile.cmake 0
[0.204s] Re-run cmake file: Makefile older than: /home/paolo/purple_whales_ws/firmware/freertos_apps/microros_esp32_extensions/esp32_toolchain.cmake
[0.204s] -- Found ament_cmake: 1.3.8 (/home/paolo/purple_whales_ws/firmware/dev_ws/install/ament_cmake/share/ament_cmake/cmake)
[0.404s] -- Found rosidl_default_generators: 1.2.0 (/home/paolo/purple_whales_ws/firmware/mcu_ws/install/share/rosidl_default_generators/cmake)
[0.416s] -- Using all available rosidl_typesupport_c: rosidl_typesupport_introspection_c;rosidl_typesupport_microxrcedds_c
[0.420s] -- Found rosidl_adapter: 3.1.5 (/home/paolo/purple_whales_ws/firmware/mcu_ws/install/share/rosidl_adapter/cmake)
[0.442s] [33mCMake Warning at /home/paolo/purple_whales_ws/firmware/mcu_ws/install/share/rcutils/cmake/ament_cmake_export_libraries-extras.cmake:116 (message):
[0.442s]   Package 'rcutils' exports library 'dl' which couldn't be found
[0.442s] Call Stack (most recent call first):
[0.442s]   /home/paolo/purple_whales_ws/firmware/mcu_ws/install/share/rcutils/cmake/rcutilsConfig.cmake:41 (include)
[0.442s]   /home/paolo/purple_whales_ws/firmware/mcu_ws/install/share/rosidl_runtime_c/cmake/ament_cmake_export_dependencies-extras.cmake:21 (find_package)
[0.442s]   /home/paolo/purple_whales_ws/firmware/mcu_ws/install/share/rosidl_runtime_c/cmake/rosidl_runtime_cConfig.cmake:41 (include)
[0.442s]   /home/paolo/purple_whales_ws/firmware/mcu_ws/install/share/rosidl_typesupport_introspection_c/cmake/ament_cmake_export_dependencies-extras.cmake:21 (find_package)
[0.442s]   /home/paolo/purple_whales_ws/firmware/mcu_ws/install/share/rosidl_typesupport_introspection_c/cmake/rosidl_typesupport_introspection_cConfig.cmake:41 (include)
[0.442s]   /home/paolo/purple_whales_ws/firmware/mcu_ws/install/share/rosidl_typesupport_c/cmake/rosidl_typesupport_c-extras.cmake:13 (find_package)
[0.442s]   /home/paolo/purple_whales_ws/firmware/mcu_ws/install/share/rosidl_typesupport_c/cmake/rosidl_typesupport_cConfig.cmake:41 (include)
[0.442s]   /home/paolo/purple_whales_ws/firmware/mcu_ws/install/share/rosidl_default_generators/cmake/rosidl_default_generators-extras.cmake:21 (find_package)
[0.442s]   /home/paolo/purple_whales_ws/firmware/mcu_ws/install/share/rosidl_default_generators/cmake/rosidl_default_generatorsConfig.cmake:41 (include)
[0.442s]   CMakeLists.txt:20 (find_package)
[0.442s] 
[0.442s] [0m
[0.971s] -- Found ament_cmake_ros: 0.10.0 (/home/paolo/purple_whales_ws/firmware/dev_ws/install/ament_cmake_ros/share/ament_cmake_ros/cmake)
[1.148s] -- Using all available rosidl_typesupport_c: rosidl_typesupport_introspection_c;rosidl_typesupport_microxrcedds_c
[1.155s] -- Configuring done
[1.176s] -- Generating done
[1.178s] -- Build files have been written to: /home/paolo/purple_whales_ws/firmware/mcu_ws/build/micro_ros_msgs
[1.189s] /usr/bin/cmake -E cmake_progress_start /home/paolo/purple_whales_ws/firmware/mcu_ws/build/micro_ros_msgs/CMakeFiles /home/paolo/purple_whales_ws/firmware/mcu_ws/build/micro_ros_msgs//CMakeFiles/progress.marks
[1.200s] /usr/bin/gmake  -f CMakeFiles/Makefile2 all
[1.201s] gmake[5]: Entering directory '/home/paolo/purple_whales_ws/firmware/mcu_ws/build/micro_ros_msgs'
[1.201s] /usr/bin/gmake  -f CMakeFiles/micro_ros_msgs__rosidl_generator_c.dir/build.make CMakeFiles/micro_ros_msgs__rosidl_generator_c.dir/depend
[1.202s] gmake[6]: Entering directory '/home/paolo/purple_whales_ws/firmware/mcu_ws/build/micro_ros_msgs'
[1.203s] cd /home/paolo/purple_whales_ws/firmware/mcu_ws/build/micro_ros_msgs && /usr/bin/cmake -E cmake_depends "Unix Makefiles" /home/paolo/purple_whales_ws/firmware/mcu_ws/uros/micro_ros_msgs /home/paolo/purple_whales_ws/firmware/mcu_ws/uros/micro_ros_msgs /home/paolo/purple_whales_ws/firmware/mcu_ws/build/micro_ros_msgs /home/paolo/purple_whales_ws/firmware/mcu_ws/build/micro_ros_msgs /home/paolo/purple_whales_ws/firmware/mcu_ws/build/micro_ros_msgs/CMakeFiles/micro_ros_msgs__rosidl_generator_c.dir/DependInfo.cmake --color=
[1.210s] Dependencies file "CMakeFiles/micro_ros_msgs__rosidl_generator_c.dir/rosidl_generator_c/micro_ros_msgs/msg/detail/entity__functions.c.obj.d" is newer than depends file "/home/paolo/purple_whales_ws/firmware/mcu_ws/build/micro_ros_msgs/CMakeFiles/micro_ros_msgs__rosidl_generator_c.dir/compiler_depend.internal".
[1.211s] Dependencies file "CMakeFiles/micro_ros_msgs__rosidl_generator_c.dir/rosidl_generator_c/micro_ros_msgs/msg/detail/graph__functions.c.obj.d" is newer than depends file "/home/paolo/purple_whales_ws/firmware/mcu_ws/build/micro_ros_msgs/CMakeFiles/micro_ros_msgs__rosidl_generator_c.dir/compiler_depend.internal".
[1.211s] Dependencies file "CMakeFiles/micro_ros_msgs__rosidl_generator_c.dir/rosidl_generator_c/micro_ros_msgs/msg/detail/node__functions.c.obj.d" is newer than depends file "/home/paolo/purple_whales_ws/firmware/mcu_ws/build/micro_ros_msgs/CMakeFiles/micro_ros_msgs__rosidl_generator_c.dir/compiler_depend.internal".
[1.211s] [35m[1mConsolidate compiler generated dependencies of target micro_ros_msgs__rosidl_generator_c[0m
[1.217s] gmake[6]: Leaving directory '/home/paolo/purple_whales_ws/firmware/mcu_ws/build/micro_ros_msgs'
[1.217s] /usr/bin/gmake  -f CMakeFiles/micro_ros_msgs__rosidl_generator_c.dir/build.make CMakeFiles/micro_ros_msgs__rosidl_generator_c.dir/build
[1.218s] gmake[6]: Entering directory '/home/paolo/purple_whales_ws/firmware/mcu_ws/build/micro_ros_msgs'
[1.218s] gmake[6]: Nothing to be done for 'CMakeFiles/micro_ros_msgs__rosidl_generator_c.dir/build'.
[1.218s] gmake[6]: Leaving directory '/home/paolo/purple_whales_ws/firmware/mcu_ws/build/micro_ros_msgs'
[1.228s] [ 25%] Built target micro_ros_msgs__rosidl_generator_c
[1.229s] /usr/bin/gmake  -f CMakeFiles/micro_ros_msgs__rosidl_typesupport_c.dir/build.make CMakeFiles/micro_ros_msgs__rosidl_typesupport_c.dir/depend
[1.230s] /usr/bin/gmake  -f CMakeFiles/micro_ros_msgs__rosidl_typesupport_microxrcedds_c.dir/build.make CMakeFiles/micro_ros_msgs__rosidl_typesupport_microxrcedds_c.dir/depend
[1.230s] /usr/bin/gmake  -f CMakeFiles/micro_ros_msgs__rosidl_typesupport_introspection_c.dir/build.make CMakeFiles/micro_ros_msgs__rosidl_typesupport_introspection_c.dir/depend
[1.234s] gmake[6]: Entering directory '/home/paolo/purple_whales_ws/firmware/mcu_ws/build/micro_ros_msgs'
[1.234s] cd /home/paolo/purple_whales_ws/firmware/mcu_ws/build/micro_ros_msgs && /usr/bin/cmake -E cmake_depends "Unix Makefiles" /home/paolo/purple_whales_ws/firmware/mcu_ws/uros/micro_ros_msgs /home/paolo/purple_whales_ws/firmware/mcu_ws/uros/micro_ros_msgs /home/paolo/purple_whales_ws/firmware/mcu_ws/build/micro_ros_msgs /home/paolo/purple_whales_ws/firmware/mcu_ws/build/micro_ros_msgs /home/paolo/purple_whales_ws/firmware/mcu_ws/build/micro_ros_msgs/CMakeFiles/micro_ros_msgs__rosidl_typesupport_c.dir/DependInfo.cmake --color=
[1.234s] gmake[6]: Entering directory '/home/paolo/purple_whales_ws/firmware/mcu_ws/build/micro_ros_msgs'
[1.234s] cd /home/paolo/purple_whales_ws/firmware/mcu_ws/build/micro_ros_msgs && /usr/bin/cmake -E cmake_depends "Unix Makefiles" /home/paolo/purple_whales_ws/firmware/mcu_ws/uros/micro_ros_msgs /home/paolo/purple_whales_ws/firmware/mcu_ws/uros/micro_ros_msgs /home/paolo/purple_whales_ws/firmware/mcu_ws/build/micro_ros_msgs /home/paolo/purple_whales_ws/firmware/mcu_ws/build/micro_ros_msgs /home/paolo/purple_whales_ws/firmware/mcu_ws/build/micro_ros_msgs/CMakeFiles/micro_ros_msgs__rosidl_typesupport_microxrcedds_c.dir/DependInfo.cmake --color=
[1.235s] gmake[6]: Entering directory '/home/paolo/purple_whales_ws/firmware/mcu_ws/build/micro_ros_msgs'
[1.235s] cd /home/paolo/purple_whales_ws/firmware/mcu_ws/build/micro_ros_msgs && /usr/bin/cmake -E cmake_depends "Unix Makefiles" /home/paolo/purple_whales_ws/firmware/mcu_ws/uros/micro_ros_msgs /home/paolo/purple_whales_ws/firmware/mcu_ws/uros/micro_ros_msgs /home/paolo/purple_whales_ws/firmware/mcu_ws/build/micro_ros_msgs /home/paolo/purple_whales_ws/firmware/mcu_ws/build/micro_ros_msgs /home/paolo/purple_whales_ws/firmware/mcu_ws/build/micro_ros_msgs/CMakeFiles/micro_ros_msgs__rosidl_typesupport_introspection_c.dir/DependInfo.cmake --color=
[1.241s] Dependencies file "CMakeFiles/micro_ros_msgs__rosidl_typesupport_c.dir/rosidl_typesupport_c/micro_ros_msgs/msg/entity__type_support.cpp.obj.d" is newer than depends file "/home/paolo/purple_whales_ws/firmware/mcu_ws/build/micro_ros_msgs/CMakeFiles/micro_ros_msgs__rosidl_typesupport_c.dir/compiler_depend.internal".
[1.242s] Dependencies file "CMakeFiles/micro_ros_msgs__rosidl_typesupport_introspection_c.dir/rosidl_typesupport_introspection_c/micro_ros_msgs/msg/detail/entity__type_support.c.obj.d" is newer than depends file "/home/paolo/purple_whales_ws/firmware/mcu_ws/build/micro_ros_msgs/CMakeFiles/micro_ros_msgs__rosidl_typesupport_introspection_c.dir/compiler_depend.internal".
[1.243s] Dependencies file "CMakeFiles/micro_ros_msgs__rosidl_typesupport_microxrcedds_c.dir/rosidl_typesupport_microxrcedds_c/micro_ros_msgs/msg/detail/microxrcedds/entity__type_support_c.c.obj.d" is newer than depends file "/home/paolo/purple_whales_ws/firmware/mcu_ws/build/micro_ros_msgs/CMakeFiles/micro_ros_msgs__rosidl_typesupport_microxrcedds_c.dir/compiler_depend.internal".
[1.244s] Dependencies file "CMakeFiles/micro_ros_msgs__rosidl_typesupport_c.dir/rosidl_typesupport_c/micro_ros_msgs/msg/graph__type_support.cpp.obj.d" is newer than depends file "/home/paolo/purple_whales_ws/firmware/mcu_ws/build/micro_ros_msgs/CMakeFiles/micro_ros_msgs__rosidl_typesupport_c.dir/compiler_depend.internal".
[1.244s] Dependencies file "CMakeFiles/micro_ros_msgs__rosidl_typesupport_introspection_c.dir/rosidl_typesupport_introspection_c/micro_ros_msgs/msg/detail/graph__type_support.c.obj.d" is newer than depends file "/home/paolo/purple_whales_ws/firmware/mcu_ws/build/micro_ros_msgs/CMakeFiles/micro_ros_msgs__rosidl_typesupport_introspection_c.dir/compiler_depend.internal".
[1.244s] Dependencies file "CMakeFiles/micro_ros_msgs__rosidl_typesupport_c.dir/rosidl_typesupport_c/micro_ros_msgs/msg/node__type_support.cpp.obj.d" is newer than depends file "/home/paolo/purple_whales_ws/firmware/mcu_ws/build/micro_ros_msgs/CMakeFiles/micro_ros_msgs__rosidl_typesupport_c.dir/compiler_depend.internal".
[1.244s] Dependencies file "CMakeFiles/micro_ros_msgs__rosidl_typesupport_introspection_c.dir/rosidl_typesupport_introspection_c/micro_ros_msgs/msg/detail/node__type_support.c.obj.d" is newer than depends file "/home/paolo/purple_whales_ws/firmware/mcu_ws/build/micro_ros_msgs/CMakeFiles/micro_ros_msgs__rosidl_typesupport_introspection_c.dir/compiler_depend.internal".
[1.245s] [35m[1mConsolidate compiler generated dependencies of target micro_ros_msgs__rosidl_typesupport_c[0m
[1.245s] [35m[1mConsolidate compiler generated dependencies of target micro_ros_msgs__rosidl_typesupport_introspection_c[0m
[1.245s] Dependencies file "CMakeFiles/micro_ros_msgs__rosidl_typesupport_microxrcedds_c.dir/rosidl_typesupport_microxrcedds_c/micro_ros_msgs/msg/detail/microxrcedds/graph__type_support_c.c.obj.d" is newer than depends file "/home/paolo/purple_whales_ws/firmware/mcu_ws/build/micro_ros_msgs/CMakeFiles/micro_ros_msgs__rosidl_typesupport_microxrcedds_c.dir/compiler_depend.internal".
[1.246s] Dependencies file "CMakeFiles/micro_ros_msgs__rosidl_typesupport_microxrcedds_c.dir/rosidl_typesupport_microxrcedds_c/micro_ros_msgs/msg/detail/microxrcedds/node__type_support_c.c.obj.d" is newer than depends file "/home/paolo/purple_whales_ws/firmware/mcu_ws/build/micro_ros_msgs/CMakeFiles/micro_ros_msgs__rosidl_typesupport_microxrcedds_c.dir/compiler_depend.internal".
[1.246s] [35m[1mConsolidate compiler generated dependencies of target micro_ros_msgs__rosidl_typesupport_microxrcedds_c[0m
[1.246s] gmake[6]: Leaving directory '/home/paolo/purple_whales_ws/firmware/mcu_ws/build/micro_ros_msgs'
[1.246s] gmake[6]: Leaving directory '/home/paolo/purple_whales_ws/firmware/mcu_ws/build/micro_ros_msgs'
[1.246s] /usr/bin/gmake  -f CMakeFiles/micro_ros_msgs__rosidl_typesupport_c.dir/build.make CMakeFiles/micro_ros_msgs__rosidl_typesupport_c.dir/build
[1.246s] /usr/bin/gmake  -f CMakeFiles/micro_ros_msgs__rosidl_typesupport_introspection_c.dir/build.make CMakeFiles/micro_ros_msgs__rosidl_typesupport_introspection_c.dir/build
[1.247s] gmake[6]: Leaving directory '/home/paolo/purple_whales_ws/firmware/mcu_ws/build/micro_ros_msgs'
[1.247s] /usr/bin/gmake  -f CMakeFiles/micro_ros_msgs__rosidl_typesupport_microxrcedds_c.dir/build.make CMakeFiles/micro_ros_msgs__rosidl_typesupport_microxrcedds_c.dir/build
[1.247s] gmake[6]: Entering directory '/home/paolo/purple_whales_ws/firmware/mcu_ws/build/micro_ros_msgs'
[1.247s] gmake[6]: Nothing to be done for 'CMakeFiles/micro_ros_msgs__rosidl_typesupport_c.dir/build'.
[1.247s] gmake[6]: Leaving directory '/home/paolo/purple_whales_ws/firmware/mcu_ws/build/micro_ros_msgs'
[1.247s] gmake[6]: Entering directory '/home/paolo/purple_whales_ws/firmware/mcu_ws/build/micro_ros_msgs'
[1.247s] gmake[6]: Nothing to be done for 'CMakeFiles/micro_ros_msgs__rosidl_typesupport_introspection_c.dir/build'.
[1.247s] gmake[6]: Leaving directory '/home/paolo/purple_whales_ws/firmware/mcu_ws/build/micro_ros_msgs'
[1.247s] gmake[6]: Entering directory '/home/paolo/purple_whales_ws/firmware/mcu_ws/build/micro_ros_msgs'
[1.247s] gmake[6]: Nothing to be done for 'CMakeFiles/micro_ros_msgs__rosidl_typesupport_microxrcedds_c.dir/build'.
[1.247s] gmake[6]: Leaving directory '/home/paolo/purple_whales_ws/firmware/mcu_ws/build/micro_ros_msgs'
[1.254s] [ 50%] Built target micro_ros_msgs__rosidl_typesupport_c
[1.254s] [ 75%] Built target micro_ros_msgs__rosidl_typesupport_introspection_c
[1.257s] [100%] Built target micro_ros_msgs__rosidl_typesupport_microxrcedds_c
[1.259s] /usr/bin/gmake  -f CMakeFiles/micro_ros_msgs.dir/build.make CMakeFiles/micro_ros_msgs.dir/depend
[1.260s] gmake[6]: Entering directory '/home/paolo/purple_whales_ws/firmware/mcu_ws/build/micro_ros_msgs'
[1.261s] cd /home/paolo/purple_whales_ws/firmware/mcu_ws/build/micro_ros_msgs && /usr/bin/cmake -E cmake_depends "Unix Makefiles" /home/paolo/purple_whales_ws/firmware/mcu_ws/uros/micro_ros_msgs /home/paolo/purple_whales_ws/firmware/mcu_ws/uros/micro_ros_msgs /home/paolo/purple_whales_ws/firmware/mcu_ws/build/micro_ros_msgs /home/paolo/purple_whales_ws/firmware/mcu_ws/build/micro_ros_msgs /home/paolo/purple_whales_ws/firmware/mcu_ws/build/micro_ros_msgs/CMakeFiles/micro_ros_msgs.dir/DependInfo.cmake --color=
[1.277s] gmake[6]: Leaving directory '/home/paolo/purple_whales_ws/firmware/mcu_ws/build/micro_ros_msgs'
[1.277s] /usr/bin/gmake  -f CMakeFiles/micro_ros_msgs.dir/build.make CMakeFiles/micro_ros_msgs.dir/build
[1.277s] gmake[6]: Entering directory '/home/paolo/purple_whales_ws/firmware/mcu_ws/build/micro_ros_msgs'
[1.277s] gmake[6]: Nothing to be done for 'CMakeFiles/micro_ros_msgs.dir/build'.
[1.277s] gmake[6]: Leaving directory '/home/paolo/purple_whales_ws/firmware/mcu_ws/build/micro_ros_msgs'
[1.287s] [100%] Built target micro_ros_msgs
[1.288s] gmake[5]: Leaving directory '/home/paolo/purple_whales_ws/firmware/mcu_ws/build/micro_ros_msgs'
[1.288s] /usr/bin/cmake -E cmake_progress_start /home/paolo/purple_whales_ws/firmware/mcu_ws/build/micro_ros_msgs/CMakeFiles 0
[1.298s] gmake[4]: Leaving directory '/home/paolo/purple_whales_ws/firmware/mcu_ws/build/micro_ros_msgs'
