running egg_info
writing ../../../build/tracetools_read/tracetools_read.egg-info/PKG-INFO
writing dependency_links to ../../../build/tracetools_read/tracetools_read.egg-info/dependency_links.txt
writing requirements to ../../../build/tracetools_read/tracetools_read.egg-info/requires.txt
writing top-level names to ../../../build/tracetools_read/tracetools_read.egg-info/top_level.txt
reading manifest file '../../../build/tracetools_read/tracetools_read.egg-info/SOURCES.txt'
writing manifest file '../../../build/tracetools_read/tracetools_read.egg-info/SOURCES.txt'
running build
running build_py
copying tracetools_read/__init__.py -> /home/paolo/purple_whales_ws/firmware/mcu_ws/build/tracetools_read/build/lib/tracetools_read
copying tracetools_read/trace.py -> /home/paolo/purple_whales_ws/firmware/mcu_ws/build/tracetools_read/build/lib/tracetools_read
running install
running install_lib
running install_data
copying package.xml -> /home/paolo/purple_whales_ws/firmware/mcu_ws/install/share/tracetools_read
copying resource/tracetools_read -> /home/paolo/purple_whales_ws/firmware/mcu_ws/install/share/ament_index/resource_index/packages
running install_egg_info
removing '/home/paolo/purple_whales_ws/firmware/mcu_ws/install/lib/python3.10/site-packages/tracetools_read-4.1.1-py3.10.egg-info' (and everything under it)
Copying ../../../build/tracetools_read/tracetools_read.egg-info to /home/paolo/purple_whales_ws/firmware/mcu_ws/install/lib/python3.10/site-packages/tracetools_read-4.1.1-py3.10.egg-info
running install_scripts
writing list of installed files to '/home/paolo/purple_whales_ws/firmware/mcu_ws/build/tracetools_read/install.log'
