[0.491s] Invoking command in '/home/paolo/purple_whales_ws/firmware/mcu_ws/build/tracetools': CMAKE_PREFIX_PATH=${CMAKE_PREFIX_PATH}:/home/paolo/purple_whales_ws/firmware/dev_ws/install/ament_uncrustify:/home/paolo/purple_whales_ws/firmware/dev_ws/install/domain_coordinator:/home/paolo/purple_whales_ws/firmware/dev_ws/install/ament_xmllint:/home/paolo/purple_whales_ws/firmware/dev_ws/install/ament_pyflakes:/home/paolo/purple_whales_ws/firmware/dev_ws/install/ament_pycodestyle:/home/paolo/purple_whales_ws/firmware/dev_ws/install/ament_pep257:/home/paolo/purple_whales_ws/firmware/dev_ws/install/ament_pclint:/home/paolo/purple_whales_ws/firmware/dev_ws/install/ament_package:/home/paolo/purple_whales_ws/firmware/dev_ws/install/ament_mypy:/home/paolo/purple_whales_ws/firmware/dev_ws/install/ament_lint_cmake:/home/paolo/purple_whales_ws/firmware/dev_ws/install/ament_flake8:/home/paolo/purple_whales_ws/firmware/dev_ws/install/ament_copyright:/home/paolo/purple_whales_ws/firmware/dev_ws/install/ament_lint:/home/paolo/purple_whales_ws/firmware/dev_ws/install/ament_index_python:/home/paolo/purple_whales_ws/firmware/dev_ws/install/ament_cpplint:/home/paolo/purple_whales_ws/firmware/dev_ws/install/ament_cppcheck:/home/paolo/purple_whales_ws/firmware/dev_ws/install/ament_clang_tidy:/home/paolo/purple_whales_ws/firmware/dev_ws/install/ament_clang_format /usr/bin/cmake /home/paolo/purple_whales_ws/firmware/mcu_ws/uros/tracetools/tracetools --no-warn-unused-cli -DCMAKE_POSITION_INDEPENDENT_CODE:BOOL=OFF -DTHIRDPARTY=ON -DBUILD_SHARED_LIBS=OFF -DBUILD_TESTING=OFF -DCMAKE_BUILD_TYPE=Debug -DCMAKE_TOOLCHAIN_FILE=/home/paolo/purple_whales_ws/firmware/freertos_apps/microros_esp32_extensions/esp32_toolchain.cmake -DCMAKE_VERBOSE_MAKEFILE=ON -DTRACETOOLS_DISABLED=ON -DTRACETOOLS_STATUS_CHECKING_TOOL=OFF -DCMAKE_INSTALL_PREFIX=/home/paolo/purple_whales_ws/firmware/mcu_ws/install
[1.475s] Not searching for unused variables given on the command line.
[1.475s] -- The C compiler identification is GNU 8.2.0
[1.475s] -- The CXX compiler identification is GNU 8.2.0
[1.476s] -- Detecting C compiler ABI info
[1.476s] -- Detecting C compiler ABI info - done
[1.476s] -- Check for working C compiler: /home/paolo/purple_whales_ws/firmware/toolchain/espressif/tools/xtensa-esp32-elf/esp-2020r2-8.2.0/xtensa-esp32-elf/bin/xtensa-esp32-elf-gcc - skipped
[1.476s] -- Detecting C compile features
[1.476s] -- Detecting C compile features - done
[1.476s] -- Detecting CXX compiler ABI info
[1.476s] -- Detecting CXX compiler ABI info - done
[1.476s] -- Check for working CXX compiler: /home/paolo/purple_whales_ws/firmware/toolchain/espressif/tools/xtensa-esp32-elf/esp-2020r2-8.2.0/xtensa-esp32-elf/bin/xtensa-esp32-elf-g++ - skipped
[1.477s] -- Detecting CXX compile features
[1.477s] -- Detecting CXX compile features - done
[1.477s] -- Found ament_cmake_ros: 0.10.0 (/home/paolo/purple_whales_ws/firmware/dev_ws/install/ament_cmake_ros/share/ament_cmake_ros/cmake)
[1.477s] -- Found Python3: /home/paolo/purple_whales_ws/firmware/toolchain/espressif/python_env/idf4.1_py3.10_env/bin/python3 (found version "3.10.12") found components: Interpreter 
[1.856s] -- Configuring done
[1.862s] -- Generating done
[1.862s] -- Build files have been written to: /home/paolo/purple_whales_ws/firmware/mcu_ws/build/tracetools
[1.881s] Invoked command in '/home/paolo/purple_whales_ws/firmware/mcu_ws/build/tracetools' returned '0': CMAKE_PREFIX_PATH=${CMAKE_PREFIX_PATH}:/home/paolo/purple_whales_ws/firmware/dev_ws/install/ament_uncrustify:/home/paolo/purple_whales_ws/firmware/dev_ws/install/domain_coordinator:/home/paolo/purple_whales_ws/firmware/dev_ws/install/ament_xmllint:/home/paolo/purple_whales_ws/firmware/dev_ws/install/ament_pyflakes:/home/paolo/purple_whales_ws/firmware/dev_ws/install/ament_pycodestyle:/home/paolo/purple_whales_ws/firmware/dev_ws/install/ament_pep257:/home/paolo/purple_whales_ws/firmware/dev_ws/install/ament_pclint:/home/paolo/purple_whales_ws/firmware/dev_ws/install/ament_package:/home/paolo/purple_whales_ws/firmware/dev_ws/install/ament_mypy:/home/paolo/purple_whales_ws/firmware/dev_ws/install/ament_lint_cmake:/home/paolo/purple_whales_ws/firmware/dev_ws/install/ament_flake8:/home/paolo/purple_whales_ws/firmware/dev_ws/install/ament_copyright:/home/paolo/purple_whales_ws/firmware/dev_ws/install/ament_lint:/home/paolo/purple_whales_ws/firmware/dev_ws/install/ament_index_python:/home/paolo/purple_whales_ws/firmware/dev_ws/install/ament_cpplint:/home/paolo/purple_whales_ws/firmware/dev_ws/install/ament_cppcheck:/home/paolo/purple_whales_ws/firmware/dev_ws/install/ament_clang_tidy:/home/paolo/purple_whales_ws/firmware/dev_ws/install/ament_clang_format /usr/bin/cmake /home/paolo/purple_whales_ws/firmware/mcu_ws/uros/tracetools/tracetools --no-warn-unused-cli -DCMAKE_POSITION_INDEPENDENT_CODE:BOOL=OFF -DTHIRDPARTY=ON -DBUILD_SHARED_LIBS=OFF -DBUILD_TESTING=OFF -DCMAKE_BUILD_TYPE=Debug -DCMAKE_TOOLCHAIN_FILE=/home/paolo/purple_whales_ws/firmware/freertos_apps/microros_esp32_extensions/esp32_toolchain.cmake -DCMAKE_VERBOSE_MAKEFILE=ON -DTRACETOOLS_DISABLED=ON -DTRACETOOLS_STATUS_CHECKING_TOOL=OFF -DCMAKE_INSTALL_PREFIX=/home/paolo/purple_whales_ws/firmware/mcu_ws/install
[1.887s] Invoking command in '/home/paolo/purple_whales_ws/firmware/mcu_ws/build/tracetools': CMAKE_PREFIX_PATH=${CMAKE_PREFIX_PATH}:/home/paolo/purple_whales_ws/firmware/dev_ws/install/ament_uncrustify:/home/paolo/purple_whales_ws/firmware/dev_ws/install/domain_coordinator:/home/paolo/purple_whales_ws/firmware/dev_ws/install/ament_xmllint:/home/paolo/purple_whales_ws/firmware/dev_ws/install/ament_pyflakes:/home/paolo/purple_whales_ws/firmware/dev_ws/install/ament_pycodestyle:/home/paolo/purple_whales_ws/firmware/dev_ws/install/ament_pep257:/home/paolo/purple_whales_ws/firmware/dev_ws/install/ament_pclint:/home/paolo/purple_whales_ws/firmware/dev_ws/install/ament_package:/home/paolo/purple_whales_ws/firmware/dev_ws/install/ament_mypy:/home/paolo/purple_whales_ws/firmware/dev_ws/install/ament_lint_cmake:/home/paolo/purple_whales_ws/firmware/dev_ws/install/ament_flake8:/home/paolo/purple_whales_ws/firmware/dev_ws/install/ament_copyright:/home/paolo/purple_whales_ws/firmware/dev_ws/install/ament_lint:/home/paolo/purple_whales_ws/firmware/dev_ws/install/ament_index_python:/home/paolo/purple_whales_ws/firmware/dev_ws/install/ament_cpplint:/home/paolo/purple_whales_ws/firmware/dev_ws/install/ament_cppcheck:/home/paolo/purple_whales_ws/firmware/dev_ws/install/ament_clang_tidy:/home/paolo/purple_whales_ws/firmware/dev_ws/install/ament_clang_format /usr/bin/cmake --build /home/paolo/purple_whales_ws/firmware/mcu_ws/build/tracetools -- -j20 -l20
[1.918s] gmake[4]: Entering directory '/home/paolo/purple_whales_ws/firmware/mcu_ws/build/tracetools'
[1.918s] /usr/bin/cmake -S/home/paolo/purple_whales_ws/firmware/mcu_ws/uros/tracetools/tracetools -B/home/paolo/purple_whales_ws/firmware/mcu_ws/build/tracetools --check-build-system CMakeFiles/Makefile.cmake 0
[1.936s] /usr/bin/cmake -E cmake_progress_start /home/paolo/purple_whales_ws/firmware/mcu_ws/build/tracetools/CMakeFiles /home/paolo/purple_whales_ws/firmware/mcu_ws/build/tracetools//CMakeFiles/progress.marks
[1.950s] /usr/bin/gmake  -f CMakeFiles/Makefile2 all
[1.954s] gmake[5]: Entering directory '/home/paolo/purple_whales_ws/firmware/mcu_ws/build/tracetools'
[1.955s] gmake[5]: Nothing to be done for 'all'.
[1.955s] gmake[5]: Leaving directory '/home/paolo/purple_whales_ws/firmware/mcu_ws/build/tracetools'
[1.955s] /usr/bin/cmake -E cmake_progress_start /home/paolo/purple_whales_ws/firmware/mcu_ws/build/tracetools/CMakeFiles 0
[1.968s] gmake[4]: Leaving directory '/home/paolo/purple_whales_ws/firmware/mcu_ws/build/tracetools'
[1.977s] Invoked command in '/home/paolo/purple_whales_ws/firmware/mcu_ws/build/tracetools' returned '0': CMAKE_PREFIX_PATH=${CMAKE_PREFIX_PATH}:/home/paolo/purple_whales_ws/firmware/dev_ws/install/ament_uncrustify:/home/paolo/purple_whales_ws/firmware/dev_ws/install/domain_coordinator:/home/paolo/purple_whales_ws/firmware/dev_ws/install/ament_xmllint:/home/paolo/purple_whales_ws/firmware/dev_ws/install/ament_pyflakes:/home/paolo/purple_whales_ws/firmware/dev_ws/install/ament_pycodestyle:/home/paolo/purple_whales_ws/firmware/dev_ws/install/ament_pep257:/home/paolo/purple_whales_ws/firmware/dev_ws/install/ament_pclint:/home/paolo/purple_whales_ws/firmware/dev_ws/install/ament_package:/home/paolo/purple_whales_ws/firmware/dev_ws/install/ament_mypy:/home/paolo/purple_whales_ws/firmware/dev_ws/install/ament_lint_cmake:/home/paolo/purple_whales_ws/firmware/dev_ws/install/ament_flake8:/home/paolo/purple_whales_ws/firmware/dev_ws/install/ament_copyright:/home/paolo/purple_whales_ws/firmware/dev_ws/install/ament_lint:/home/paolo/purple_whales_ws/firmware/dev_ws/install/ament_index_python:/home/paolo/purple_whales_ws/firmware/dev_ws/install/ament_cpplint:/home/paolo/purple_whales_ws/firmware/dev_ws/install/ament_cppcheck:/home/paolo/purple_whales_ws/firmware/dev_ws/install/ament_clang_tidy:/home/paolo/purple_whales_ws/firmware/dev_ws/install/ament_clang_format /usr/bin/cmake --build /home/paolo/purple_whales_ws/firmware/mcu_ws/build/tracetools -- -j20 -l20
[2.068s] Invoking command in '/home/paolo/purple_whales_ws/firmware/mcu_ws/build/tracetools': CMAKE_PREFIX_PATH=${CMAKE_PREFIX_PATH}:/home/paolo/purple_whales_ws/firmware/dev_ws/install/ament_uncrustify:/home/paolo/purple_whales_ws/firmware/dev_ws/install/domain_coordinator:/home/paolo/purple_whales_ws/firmware/dev_ws/install/ament_xmllint:/home/paolo/purple_whales_ws/firmware/dev_ws/install/ament_pyflakes:/home/paolo/purple_whales_ws/firmware/dev_ws/install/ament_pycodestyle:/home/paolo/purple_whales_ws/firmware/dev_ws/install/ament_pep257:/home/paolo/purple_whales_ws/firmware/dev_ws/install/ament_pclint:/home/paolo/purple_whales_ws/firmware/dev_ws/install/ament_package:/home/paolo/purple_whales_ws/firmware/dev_ws/install/ament_mypy:/home/paolo/purple_whales_ws/firmware/dev_ws/install/ament_lint_cmake:/home/paolo/purple_whales_ws/firmware/dev_ws/install/ament_flake8:/home/paolo/purple_whales_ws/firmware/dev_ws/install/ament_copyright:/home/paolo/purple_whales_ws/firmware/dev_ws/install/ament_lint:/home/paolo/purple_whales_ws/firmware/dev_ws/install/ament_index_python:/home/paolo/purple_whales_ws/firmware/dev_ws/install/ament_cpplint:/home/paolo/purple_whales_ws/firmware/dev_ws/install/ament_cppcheck:/home/paolo/purple_whales_ws/firmware/dev_ws/install/ament_clang_tidy:/home/paolo/purple_whales_ws/firmware/dev_ws/install/ament_clang_format /usr/bin/cmake --install /home/paolo/purple_whales_ws/firmware/mcu_ws/build/tracetools
[2.101s] -- Install configuration: "Debug"
[2.101s] -- Up-to-date: /home/paolo/purple_whales_ws/firmware/mcu_ws/install/include/tracetools
[2.101s] -- Installing: /home/paolo/purple_whales_ws/firmware/mcu_ws/install/include/tracetools/tracetools
[2.101s] -- Installing: /home/paolo/purple_whales_ws/firmware/mcu_ws/install/include/tracetools/tracetools/utils.hpp
[2.101s] -- Installing: /home/paolo/purple_whales_ws/firmware/mcu_ws/install/include/tracetools/tracetools/config.h
[2.102s] -- Installing: /home/paolo/purple_whales_ws/firmware/mcu_ws/install/include/tracetools/tracetools/visibility_control.hpp
[2.102s] -- Installing: /home/paolo/purple_whales_ws/firmware/mcu_ws/install/include/tracetools/tracetools/tracetools.h
[2.102s] -- Installing: /home/paolo/purple_whales_ws/firmware/mcu_ws/install/share/ament_index/resource_index/package_run_dependencies/tracetools
[2.102s] -- Installing: /home/paolo/purple_whales_ws/firmware/mcu_ws/install/share/ament_index/resource_index/parent_prefix_path/tracetools
[2.104s] -- Installing: /home/paolo/purple_whales_ws/firmware/mcu_ws/install/share/tracetools/environment/ament_prefix_path.sh
[2.104s] -- Installing: /home/paolo/purple_whales_ws/firmware/mcu_ws/install/share/tracetools/environment/ament_prefix_path.dsv
[2.105s] -- Installing: /home/paolo/purple_whales_ws/firmware/mcu_ws/install/share/tracetools/environment/path.sh
[2.105s] -- Installing: /home/paolo/purple_whales_ws/firmware/mcu_ws/install/share/tracetools/environment/path.dsv
[2.105s] -- Installing: /home/paolo/purple_whales_ws/firmware/mcu_ws/install/share/tracetools/local_setup.bash
[2.105s] -- Installing: /home/paolo/purple_whales_ws/firmware/mcu_ws/install/share/tracetools/local_setup.sh
[2.105s] -- Installing: /home/paolo/purple_whales_ws/firmware/mcu_ws/install/share/tracetools/local_setup.zsh
[2.105s] -- Installing: /home/paolo/purple_whales_ws/firmware/mcu_ws/install/share/tracetools/local_setup.dsv
[2.106s] -- Installing: /home/paolo/purple_whales_ws/firmware/mcu_ws/install/share/tracetools/package.dsv
[2.106s] -- Installing: /home/paolo/purple_whales_ws/firmware/mcu_ws/install/share/ament_index/resource_index/packages/tracetools
[2.106s] -- Installing: /home/paolo/purple_whales_ws/firmware/mcu_ws/install/share/tracetools/cmake/tracetools_exportExport.cmake
[2.106s] -- Installing: /home/paolo/purple_whales_ws/firmware/mcu_ws/install/share/tracetools/cmake/ament_cmake_export_targets-extras.cmake
[2.106s] -- Installing: /home/paolo/purple_whales_ws/firmware/mcu_ws/install/share/tracetools/cmake/ament_cmake_export_include_directories-extras.cmake
[2.106s] -- Installing: /home/paolo/purple_whales_ws/firmware/mcu_ws/install/share/tracetools/cmake/tracetoolsConfig.cmake
[2.106s] -- Installing: /home/paolo/purple_whales_ws/firmware/mcu_ws/install/share/tracetools/cmake/tracetoolsConfig-version.cmake
[2.106s] -- Installing: /home/paolo/purple_whales_ws/firmware/mcu_ws/install/share/tracetools/package.xml
[2.122s] Invoked command in '/home/paolo/purple_whales_ws/firmware/mcu_ws/build/tracetools' returned '0': CMAKE_PREFIX_PATH=${CMAKE_PREFIX_PATH}:/home/paolo/purple_whales_ws/firmware/dev_ws/install/ament_uncrustify:/home/paolo/purple_whales_ws/firmware/dev_ws/install/domain_coordinator:/home/paolo/purple_whales_ws/firmware/dev_ws/install/ament_xmllint:/home/paolo/purple_whales_ws/firmware/dev_ws/install/ament_pyflakes:/home/paolo/purple_whales_ws/firmware/dev_ws/install/ament_pycodestyle:/home/paolo/purple_whales_ws/firmware/dev_ws/install/ament_pep257:/home/paolo/purple_whales_ws/firmware/dev_ws/install/ament_pclint:/home/paolo/purple_whales_ws/firmware/dev_ws/install/ament_package:/home/paolo/purple_whales_ws/firmware/dev_ws/install/ament_mypy:/home/paolo/purple_whales_ws/firmware/dev_ws/install/ament_lint_cmake:/home/paolo/purple_whales_ws/firmware/dev_ws/install/ament_flake8:/home/paolo/purple_whales_ws/firmware/dev_ws/install/ament_copyright:/home/paolo/purple_whales_ws/firmware/dev_ws/install/ament_lint:/home/paolo/purple_whales_ws/firmware/dev_ws/install/ament_index_python:/home/paolo/purple_whales_ws/firmware/dev_ws/install/ament_cpplint:/home/paolo/purple_whales_ws/firmware/dev_ws/install/ament_cppcheck:/home/paolo/purple_whales_ws/firmware/dev_ws/install/ament_clang_tidy:/home/paolo/purple_whales_ws/firmware/dev_ws/install/ament_clang_format /usr/bin/cmake --install /home/paolo/purple_whales_ws/firmware/mcu_ws/build/tracetools
