[0.098s] Invoking command in '/home/paolo/purple_whales_ws/firmware/mcu_ws/build/microxrcedds_client': CMAKE_PREFIX_PATH=/home/paolo/purple_whales_ws/firmware/mcu_ws/install:${CMAKE_PREFIX_PATH} PATH=/home/paolo/purple_whales_ws/firmware/mcu_ws/install/bin:${PATH} PYTHONPATH=/home/paolo/purple_whales_ws/firmware/mcu_ws/install/lib/python3.10/site-packages:${PYTHONPATH} /usr/bin/cmake --build /home/paolo/purple_whales_ws/firmware/mcu_ws/build/microxrcedds_client -- -j20 -l20
[0.127s] gmake[4]: Entering directory '/home/paolo/purple_whales_ws/firmware/mcu_ws/build/microxrcedds_client'
[0.127s] /usr/bin/cmake -S/home/paolo/purple_whales_ws/firmware/mcu_ws/eProsima/Micro-XRCE-DDS-Client -B/home/paolo/purple_whales_ws/firmware/mcu_ws/build/microxrcedds_client --check-build-system CMakeFiles/Makefile.cmake 0
[0.127s] Re-run cmake file: Makefile older than: /home/paolo/purple_whales_ws/firmware/freertos_apps/microros_esp32_extensions/esp32_toolchain.cmake
[0.140s] -- Configuring done
[0.150s] -- Generating done
[0.151s] -- Build files have been written to: /home/paolo/purple_whales_ws/firmware/mcu_ws/build/microxrcedds_client
[0.153s] /usr/bin/cmake -E cmake_progress_start /home/paolo/purple_whales_ws/firmware/mcu_ws/build/microxrcedds_client/CMakeFiles /home/paolo/purple_whales_ws/firmware/mcu_ws/build/microxrcedds_client//CMakeFiles/progress.marks
[0.166s] /usr/bin/gmake  -f CMakeFiles/Makefile2 all
[0.173s] gmake[5]: Entering directory '/home/paolo/purple_whales_ws/firmware/mcu_ws/build/microxrcedds_client'
[0.173s] /usr/bin/gmake  -f CMakeFiles/microxrcedds_client.dir/build.make CMakeFiles/microxrcedds_client.dir/depend
[0.185s] gmake[6]: Entering directory '/home/paolo/purple_whales_ws/firmware/mcu_ws/build/microxrcedds_client'
[0.185s] cd /home/paolo/purple_whales_ws/firmware/mcu_ws/build/microxrcedds_client && /usr/bin/cmake -E cmake_depends "Unix Makefiles" /home/paolo/purple_whales_ws/firmware/mcu_ws/eProsima/Micro-XRCE-DDS-Client /home/paolo/purple_whales_ws/firmware/mcu_ws/eProsima/Micro-XRCE-DDS-Client /home/paolo/purple_whales_ws/firmware/mcu_ws/build/microxrcedds_client /home/paolo/purple_whales_ws/firmware/mcu_ws/build/microxrcedds_client /home/paolo/purple_whales_ws/firmware/mcu_ws/build/microxrcedds_client/CMakeFiles/microxrcedds_client.dir/DependInfo.cmake --color=
[0.194s] Dependencies file "CMakeFiles/microxrcedds_client.dir/src/c/core/serialization/xrce_header.c.obj.d" is newer than depends file "/home/paolo/purple_whales_ws/firmware/mcu_ws/build/microxrcedds_client/CMakeFiles/microxrcedds_client.dir/compiler_depend.internal".
[0.195s] Dependencies file "CMakeFiles/microxrcedds_client.dir/src/c/core/serialization/xrce_subheader.c.obj.d" is newer than depends file "/home/paolo/purple_whales_ws/firmware/mcu_ws/build/microxrcedds_client/CMakeFiles/microxrcedds_client.dir/compiler_depend.internal".
[0.195s] Dependencies file "CMakeFiles/microxrcedds_client.dir/src/c/core/serialization/xrce_types.c.obj.d" is newer than depends file "/home/paolo/purple_whales_ws/firmware/mcu_ws/build/microxrcedds_client/CMakeFiles/microxrcedds_client.dir/compiler_depend.internal".
[0.197s] Dependencies file "CMakeFiles/microxrcedds_client.dir/src/c/core/session/common_create_entities.c.obj.d" is newer than depends file "/home/paolo/purple_whales_ws/firmware/mcu_ws/build/microxrcedds_client/CMakeFiles/microxrcedds_client.dir/compiler_depend.internal".
[0.197s] Dependencies file "CMakeFiles/microxrcedds_client.dir/src/c/core/session/create_entities_bin.c.obj.d" is newer than depends file "/home/paolo/purple_whales_ws/firmware/mcu_ws/build/microxrcedds_client/CMakeFiles/microxrcedds_client.dir/compiler_depend.internal".
[0.197s] Dependencies file "CMakeFiles/microxrcedds_client.dir/src/c/core/session/create_entities_ref.c.obj.d" is newer than depends file "/home/paolo/purple_whales_ws/firmware/mcu_ws/build/microxrcedds_client/CMakeFiles/microxrcedds_client.dir/compiler_depend.internal".
[0.197s] Dependencies file "CMakeFiles/microxrcedds_client.dir/src/c/core/session/create_entities_xml.c.obj.d" is newer than depends file "/home/paolo/purple_whales_ws/firmware/mcu_ws/build/microxrcedds_client/CMakeFiles/microxrcedds_client.dir/compiler_depend.internal".
[0.198s] Dependencies file "CMakeFiles/microxrcedds_client.dir/src/c/core/session/object_id.c.obj.d" is newer than depends file "/home/paolo/purple_whales_ws/firmware/mcu_ws/build/microxrcedds_client/CMakeFiles/microxrcedds_client.dir/compiler_depend.internal".
[0.198s] Dependencies file "CMakeFiles/microxrcedds_client.dir/src/c/core/session/read_access.c.obj.d" is newer than depends file "/home/paolo/purple_whales_ws/firmware/mcu_ws/build/microxrcedds_client/CMakeFiles/microxrcedds_client.dir/compiler_depend.internal".
[0.198s] Dependencies file "CMakeFiles/microxrcedds_client.dir/src/c/core/session/session.c.obj.d" is newer than depends file "/home/paolo/purple_whales_ws/firmware/mcu_ws/build/microxrcedds_client/CMakeFiles/microxrcedds_client.dir/compiler_depend.internal".
[0.198s] Dependencies file "CMakeFiles/microxrcedds_client.dir/src/c/core/session/session_info.c.obj.d" is newer than depends file "/home/paolo/purple_whales_ws/firmware/mcu_ws/build/microxrcedds_client/CMakeFiles/microxrcedds_client.dir/compiler_depend.internal".
[0.198s] Dependencies file "CMakeFiles/microxrcedds_client.dir/src/c/core/session/stream/input_best_effort_stream.c.obj.d" is newer than depends file "/home/paolo/purple_whales_ws/firmware/mcu_ws/build/microxrcedds_client/CMakeFiles/microxrcedds_client.dir/compiler_depend.internal".
[0.198s] Dependencies file "CMakeFiles/microxrcedds_client.dir/src/c/core/session/stream/input_reliable_stream.c.obj.d" is newer than depends file "/home/paolo/purple_whales_ws/firmware/mcu_ws/build/microxrcedds_client/CMakeFiles/microxrcedds_client.dir/compiler_depend.internal".
[0.202s] Dependencies file "CMakeFiles/microxrcedds_client.dir/src/c/core/session/stream/output_best_effort_stream.c.obj.d" is newer than depends file "/home/paolo/purple_whales_ws/firmware/mcu_ws/build/microxrcedds_client/CMakeFiles/microxrcedds_client.dir/compiler_depend.internal".
[0.202s] Dependencies file "CMakeFiles/microxrcedds_client.dir/src/c/core/session/stream/output_reliable_stream.c.obj.d" is newer than depends file "/home/paolo/purple_whales_ws/firmware/mcu_ws/build/microxrcedds_client/CMakeFiles/microxrcedds_client.dir/compiler_depend.internal".
[0.202s] Dependencies file "CMakeFiles/microxrcedds_client.dir/src/c/core/session/stream/seq_num.c.obj.d" is newer than depends file "/home/paolo/purple_whales_ws/firmware/mcu_ws/build/microxrcedds_client/CMakeFiles/microxrcedds_client.dir/compiler_depend.internal".
[0.202s] Dependencies file "CMakeFiles/microxrcedds_client.dir/src/c/core/session/stream/stream_id.c.obj.d" is newer than depends file "/home/paolo/purple_whales_ws/firmware/mcu_ws/build/microxrcedds_client/CMakeFiles/microxrcedds_client.dir/compiler_depend.internal".
[0.202s] Dependencies file "CMakeFiles/microxrcedds_client.dir/src/c/core/session/stream/stream_storage.c.obj.d" is newer than depends file "/home/paolo/purple_whales_ws/firmware/mcu_ws/build/microxrcedds_client/CMakeFiles/microxrcedds_client.dir/compiler_depend.internal".
[0.202s] Dependencies file "CMakeFiles/microxrcedds_client.dir/src/c/core/session/submessage.c.obj.d" is newer than depends file "/home/paolo/purple_whales_ws/firmware/mcu_ws/build/microxrcedds_client/CMakeFiles/microxrcedds_client.dir/compiler_depend.internal".
[0.202s] Dependencies file "CMakeFiles/microxrcedds_client.dir/src/c/core/session/write_access.c.obj.d" is newer than depends file "/home/paolo/purple_whales_ws/firmware/mcu_ws/build/microxrcedds_client/CMakeFiles/microxrcedds_client.dir/compiler_depend.internal".
[0.202s] Dependencies file "CMakeFiles/microxrcedds_client.dir/src/c/profile/transport/custom/custom_transport.c.obj.d" is newer than depends file "/home/paolo/purple_whales_ws/firmware/mcu_ws/build/microxrcedds_client/CMakeFiles/microxrcedds_client.dir/compiler_depend.internal".
[0.203s] Dependencies file "CMakeFiles/microxrcedds_client.dir/src/c/profile/transport/stream_framing/stream_framing_protocol.c.obj.d" is newer than depends file "/home/paolo/purple_whales_ws/firmware/mcu_ws/build/microxrcedds_client/CMakeFiles/microxrcedds_client.dir/compiler_depend.internal".
[0.203s] Dependencies file "CMakeFiles/microxrcedds_client.dir/src/c/util/ping.c.obj.d" is newer than depends file "/home/paolo/purple_whales_ws/firmware/mcu_ws/build/microxrcedds_client/CMakeFiles/microxrcedds_client.dir/compiler_depend.internal".
[0.203s] Dependencies file "CMakeFiles/microxrcedds_client.dir/src/c/util/time.c.obj.d" is newer than depends file "/home/paolo/purple_whales_ws/firmware/mcu_ws/build/microxrcedds_client/CMakeFiles/microxrcedds_client.dir/compiler_depend.internal".
[0.203s] [35m[1mConsolidate compiler generated dependencies of target microxrcedds_client[0m
[0.203s] gmake[6]: Leaving directory '/home/paolo/purple_whales_ws/firmware/mcu_ws/build/microxrcedds_client'
[0.203s] /usr/bin/gmake  -f CMakeFiles/microxrcedds_client.dir/build.make CMakeFiles/microxrcedds_client.dir/build
[0.203s] gmake[6]: Entering directory '/home/paolo/purple_whales_ws/firmware/mcu_ws/build/microxrcedds_client'
[0.204s] gmake[6]: Nothing to be done for 'CMakeFiles/microxrcedds_client.dir/build'.
[0.204s] gmake[6]: Leaving directory '/home/paolo/purple_whales_ws/firmware/mcu_ws/build/microxrcedds_client'
[0.207s] [100%] Built target microxrcedds_client
[0.210s] gmake[5]: Leaving directory '/home/paolo/purple_whales_ws/firmware/mcu_ws/build/microxrcedds_client'
[0.212s] /usr/bin/cmake -E cmake_progress_start /home/paolo/purple_whales_ws/firmware/mcu_ws/build/microxrcedds_client/CMakeFiles 0
[0.224s] gmake[4]: Leaving directory '/home/paolo/purple_whales_ws/firmware/mcu_ws/build/microxrcedds_client'
[0.257s] Invoked command in '/home/paolo/purple_whales_ws/firmware/mcu_ws/build/microxrcedds_client' returned '0': CMAKE_PREFIX_PATH=/home/paolo/purple_whales_ws/firmware/mcu_ws/install:${CMAKE_PREFIX_PATH} PATH=/home/paolo/purple_whales_ws/firmware/mcu_ws/install/bin:${PATH} PYTHONPATH=/home/paolo/purple_whales_ws/firmware/mcu_ws/install/lib/python3.10/site-packages:${PYTHONPATH} /usr/bin/cmake --build /home/paolo/purple_whales_ws/firmware/mcu_ws/build/microxrcedds_client -- -j20 -l20
[0.380s] Invoking command in '/home/paolo/purple_whales_ws/firmware/mcu_ws/build/microxrcedds_client': CMAKE_PREFIX_PATH=/home/paolo/purple_whales_ws/firmware/mcu_ws/install:${CMAKE_PREFIX_PATH} PATH=/home/paolo/purple_whales_ws/firmware/mcu_ws/install/bin:${PATH} PYTHONPATH=/home/paolo/purple_whales_ws/firmware/mcu_ws/install/lib/python3.10/site-packages:${PYTHONPATH} /usr/bin/cmake --install /home/paolo/purple_whales_ws/firmware/mcu_ws/build/microxrcedds_client
[0.391s] -- Install configuration: "Debug"
[0.392s] -- Up-to-date: /home/paolo/purple_whales_ws/firmware/mcu_ws/install/lib/libmicroxrcedds_client.a
[0.393s] -- Up-to-date: /home/paolo/purple_whales_ws/firmware/mcu_ws/install/include/uxr/client
[0.393s] -- Up-to-date: /home/paolo/purple_whales_ws/firmware/mcu_ws/install/include/uxr/client/transport.h
[0.393s] -- Up-to-date: /home/paolo/purple_whales_ws/firmware/mcu_ws/install/include/uxr/client/profile
[0.393s] -- Up-to-date: /home/paolo/purple_whales_ws/firmware/mcu_ws/install/include/uxr/client/profile/multithread
[0.394s] -- Up-to-date: /home/paolo/purple_whales_ws/firmware/mcu_ws/install/include/uxr/client/profile/multithread/multithread.h
[0.394s] -- Up-to-date: /home/paolo/purple_whales_ws/firmware/mcu_ws/install/include/uxr/client/profile/discovery
[0.394s] -- Up-to-date: /home/paolo/purple_whales_ws/firmware/mcu_ws/install/include/uxr/client/profile/discovery/discovery.h
[0.395s] -- Up-to-date: /home/paolo/purple_whales_ws/firmware/mcu_ws/install/include/uxr/client/profile/transport
[0.396s] -- Up-to-date: /home/paolo/purple_whales_ws/firmware/mcu_ws/install/include/uxr/client/profile/transport/stream_framing
[0.396s] -- Up-to-date: /home/paolo/purple_whales_ws/firmware/mcu_ws/install/include/uxr/client/profile/transport/stream_framing/stream_framing_protocol.h
[0.396s] -- Up-to-date: /home/paolo/purple_whales_ws/firmware/mcu_ws/install/include/uxr/client/profile/transport/ip
[0.397s] -- Up-to-date: /home/paolo/purple_whales_ws/firmware/mcu_ws/install/include/uxr/client/profile/transport/ip/ip.h
[0.397s] -- Up-to-date: /home/paolo/purple_whales_ws/firmware/mcu_ws/install/include/uxr/client/profile/transport/ip/udp
[0.397s] -- Up-to-date: /home/paolo/purple_whales_ws/firmware/mcu_ws/install/include/uxr/client/profile/transport/ip/udp/udp_transport.h
[0.397s] -- Up-to-date: /home/paolo/purple_whales_ws/firmware/mcu_ws/install/include/uxr/client/profile/transport/ip/udp/udp_transport_posix_nopoll.h
[0.397s] -- Up-to-date: /home/paolo/purple_whales_ws/firmware/mcu_ws/install/include/uxr/client/profile/transport/ip/udp/udp_transport_windows.h
[0.398s] -- Up-to-date: /home/paolo/purple_whales_ws/firmware/mcu_ws/install/include/uxr/client/profile/transport/ip/udp/udp_transport_rtems_bsd_net.h
[0.398s] -- Up-to-date: /home/paolo/purple_whales_ws/firmware/mcu_ws/install/include/uxr/client/profile/transport/ip/udp/udp_transport_posix.h
[0.398s] -- Up-to-date: /home/paolo/purple_whales_ws/firmware/mcu_ws/install/include/uxr/client/profile/transport/ip/udp/udp_transport_freertos_plus_tcp.h
[0.398s] -- Up-to-date: /home/paolo/purple_whales_ws/firmware/mcu_ws/install/include/uxr/client/profile/transport/ip/tcp
[0.398s] -- Up-to-date: /home/paolo/purple_whales_ws/firmware/mcu_ws/install/include/uxr/client/profile/transport/ip/tcp/tcp_transport.h
[0.398s] -- Up-to-date: /home/paolo/purple_whales_ws/firmware/mcu_ws/install/include/uxr/client/profile/transport/ip/tcp/tcp_transport_posix_nopoll.h
[0.398s] -- Up-to-date: /home/paolo/purple_whales_ws/firmware/mcu_ws/install/include/uxr/client/profile/transport/ip/tcp/tcp_transport_freertos_plus_tcp.h
[0.398s] -- Up-to-date: /home/paolo/purple_whales_ws/firmware/mcu_ws/install/include/uxr/client/profile/transport/ip/tcp/tcp_transport_rtems_bsd_net.h
[0.398s] -- Up-to-date: /home/paolo/purple_whales_ws/firmware/mcu_ws/install/include/uxr/client/profile/transport/ip/tcp/tcp_transport_posix.h
[0.398s] -- Up-to-date: /home/paolo/purple_whales_ws/firmware/mcu_ws/install/include/uxr/client/profile/transport/ip/tcp/tcp_transport_windows.h
[0.399s] -- Up-to-date: /home/paolo/purple_whales_ws/firmware/mcu_ws/install/include/uxr/client/profile/transport/can
[0.399s] -- Up-to-date: /home/paolo/purple_whales_ws/firmware/mcu_ws/install/include/uxr/client/profile/transport/can/can_transport.h
[0.399s] -- Up-to-date: /home/paolo/purple_whales_ws/firmware/mcu_ws/install/include/uxr/client/profile/transport/can/can_transport_posix.h
[0.399s] -- Up-to-date: /home/paolo/purple_whales_ws/firmware/mcu_ws/install/include/uxr/client/profile/transport/custom
[0.399s] -- Up-to-date: /home/paolo/purple_whales_ws/firmware/mcu_ws/install/include/uxr/client/profile/transport/custom/custom_transport.h
[0.399s] -- Up-to-date: /home/paolo/purple_whales_ws/firmware/mcu_ws/install/include/uxr/client/profile/transport/serial
[0.399s] -- Up-to-date: /home/paolo/purple_whales_ws/firmware/mcu_ws/install/include/uxr/client/profile/transport/serial/serial_transport.h
[0.399s] -- Up-to-date: /home/paolo/purple_whales_ws/firmware/mcu_ws/install/include/uxr/client/profile/transport/serial/serial_transport_rtems_bsd_net.h
[0.399s] -- Up-to-date: /home/paolo/purple_whales_ws/firmware/mcu_ws/install/include/uxr/client/profile/transport/serial/serial_transport_platform.h
[0.400s] -- Up-to-date: /home/paolo/purple_whales_ws/firmware/mcu_ws/install/include/uxr/client/profile/transport/serial/serial_transport_posix.h
[0.400s] -- Up-to-date: /home/paolo/purple_whales_ws/firmware/mcu_ws/install/include/uxr/client/core
[0.400s] -- Up-to-date: /home/paolo/purple_whales_ws/firmware/mcu_ws/install/include/uxr/client/core/type
[0.400s] -- Up-to-date: /home/paolo/purple_whales_ws/firmware/mcu_ws/install/include/uxr/client/core/type/xrce_types.h
[0.400s] -- Up-to-date: /home/paolo/purple_whales_ws/firmware/mcu_ws/install/include/uxr/client/core/communication
[0.400s] -- Up-to-date: /home/paolo/purple_whales_ws/firmware/mcu_ws/install/include/uxr/client/core/communication/communication.h
[0.400s] -- Up-to-date: /home/paolo/purple_whales_ws/firmware/mcu_ws/install/include/uxr/client/core/session
[0.401s] -- Up-to-date: /home/paolo/purple_whales_ws/firmware/mcu_ws/install/include/uxr/client/core/session/write_access.h
[0.401s] -- Up-to-date: /home/paolo/purple_whales_ws/firmware/mcu_ws/install/include/uxr/client/core/session/stream
[0.401s] -- Up-to-date: /home/paolo/purple_whales_ws/firmware/mcu_ws/install/include/uxr/client/core/session/stream/seq_num.h
[0.401s] -- Up-to-date: /home/paolo/purple_whales_ws/firmware/mcu_ws/install/include/uxr/client/core/session/stream/output_reliable_stream.h
[0.401s] -- Up-to-date: /home/paolo/purple_whales_ws/firmware/mcu_ws/install/include/uxr/client/core/session/stream/input_best_effort_stream.h
[0.401s] -- Up-to-date: /home/paolo/purple_whales_ws/firmware/mcu_ws/install/include/uxr/client/core/session/stream/output_best_effort_stream.h
[0.401s] -- Up-to-date: /home/paolo/purple_whales_ws/firmware/mcu_ws/install/include/uxr/client/core/session/stream/input_reliable_stream.h
[0.401s] -- Up-to-date: /home/paolo/purple_whales_ws/firmware/mcu_ws/install/include/uxr/client/core/session/stream/stream_storage.h
[0.401s] -- Up-to-date: /home/paolo/purple_whales_ws/firmware/mcu_ws/install/include/uxr/client/core/session/stream/stream_id.h
[0.401s] -- Up-to-date: /home/paolo/purple_whales_ws/firmware/mcu_ws/install/include/uxr/client/core/session/stream/reliable_stream.h
[0.402s] -- Up-to-date: /home/paolo/purple_whales_ws/firmware/mcu_ws/install/include/uxr/client/core/session/session_info.h
[0.402s] -- Up-to-date: /home/paolo/purple_whales_ws/firmware/mcu_ws/install/include/uxr/client/core/session/common_create_entities.h
[0.402s] -- Up-to-date: /home/paolo/purple_whales_ws/firmware/mcu_ws/install/include/uxr/client/core/session/create_entities_ref.h
[0.402s] -- Up-to-date: /home/paolo/purple_whales_ws/firmware/mcu_ws/install/include/uxr/client/core/session/time_sync.h
[0.403s] -- Up-to-date: /home/paolo/purple_whales_ws/firmware/mcu_ws/install/include/uxr/client/core/session/object_id.h
[0.403s] -- Up-to-date: /home/paolo/purple_whales_ws/firmware/mcu_ws/install/include/uxr/client/core/session/create_entities_bin.h
[0.403s] -- Up-to-date: /home/paolo/purple_whales_ws/firmware/mcu_ws/install/include/uxr/client/core/session/read_access.h
[0.403s] -- Up-to-date: /home/paolo/purple_whales_ws/firmware/mcu_ws/install/include/uxr/client/core/session/session.h
[0.403s] -- Up-to-date: /home/paolo/purple_whales_ws/firmware/mcu_ws/install/include/uxr/client/core/session/create_entities_xml.h
[0.403s] -- Up-to-date: /home/paolo/purple_whales_ws/firmware/mcu_ws/install/include/uxr/client/client.h
[0.403s] -- Up-to-date: /home/paolo/purple_whales_ws/firmware/mcu_ws/install/include/uxr/client/visibility.h
[0.403s] -- Up-to-date: /home/paolo/purple_whales_ws/firmware/mcu_ws/install/include/uxr/client/util
[0.403s] -- Up-to-date: /home/paolo/purple_whales_ws/firmware/mcu_ws/install/include/uxr/client/util/time.h
[0.403s] -- Up-to-date: /home/paolo/purple_whales_ws/firmware/mcu_ws/install/include/uxr/client/util/ping.h
[0.404s] -- Up-to-date: /home/paolo/purple_whales_ws/firmware/mcu_ws/install/include/uxr/client/defines.h
[0.404s] -- Up-to-date: /home/paolo/purple_whales_ws/firmware/mcu_ws/install/include/uxr/client/config.h
[0.405s] -- Up-to-date: /home/paolo/purple_whales_ws/firmware/mcu_ws/install/share/microxrcedds_client/cmake/microxrcedds_clientTargets.cmake
[0.405s] -- Up-to-date: /home/paolo/purple_whales_ws/firmware/mcu_ws/install/share/microxrcedds_client/cmake/microxrcedds_clientTargets-debug.cmake
[0.405s] -- Up-to-date: /home/paolo/purple_whales_ws/firmware/mcu_ws/install/share/microxrcedds_client/cmake/microxrcedds_clientConfig.cmake
[0.405s] -- Up-to-date: /home/paolo/purple_whales_ws/firmware/mcu_ws/install/share/microxrcedds_client/cmake/microxrcedds_clientConfigVersion.cmake
[0.461s] Invoked command in '/home/paolo/purple_whales_ws/firmware/mcu_ws/build/microxrcedds_client' returned '0': CMAKE_PREFIX_PATH=/home/paolo/purple_whales_ws/firmware/mcu_ws/install:${CMAKE_PREFIX_PATH} PATH=/home/paolo/purple_whales_ws/firmware/mcu_ws/install/bin:${PATH} PYTHONPATH=/home/paolo/purple_whales_ws/firmware/mcu_ws/install/lib/python3.10/site-packages:${PYTHONPATH} /usr/bin/cmake --install /home/paolo/purple_whales_ws/firmware/mcu_ws/build/microxrcedds_client
