[0.297s] Invoking command in '/home/paolo/purple_whales_ws/firmware/mcu_ws/build/action_msgs': AMENT_PREFIX_PATH=/home/paolo/purple_whales_ws/firmware/mcu_ws/install:${AMENT_PREFIX_PATH} CMAKE_PREFIX_PATH=/home/paolo/purple_whales_ws/firmware/mcu_ws/install:/home/paolo/purple_whales_ws/firmware/dev_ws/install/ament_lint_common:/home/paolo/purple_whales_ws/firmware/dev_ws/install/ament_cmake_uncrustify:/home/paolo/purple_whales_ws/firmware/dev_ws/install/uncrustify_vendor:/home/paolo/purple_whales_ws/firmware/dev_ws/install/ament_cmake_ros:/home/paolo/purple_whales_ws/firmware/dev_ws/install/ament_cmake_auto:/home/paolo/purple_whales_ws/firmware/dev_ws/install/ament_cmake_gmock:/home/paolo/purple_whales_ws/firmware/dev_ws/install/gmock_vendor:/home/paolo/purple_whales_ws/firmware/dev_ws/install/ament_cmake_gtest:/home/paolo/purple_whales_ws/firmware/dev_ws/install/gtest_vendor:/home/paolo/purple_whales_ws/firmware/dev_ws/install/ament_cmake_xmllint:/home/paolo/purple_whales_ws/firmware/dev_ws/install/ament_cmake_pyflakes:/home/paolo/purple_whales_ws/firmware/dev_ws/install/ament_cmake_pycodestyle:/home/paolo/purple_whales_ws/firmware/dev_ws/install/ament_cmake_pep257:/home/paolo/purple_whales_ws/firmware/dev_ws/install/ament_cmake_pclint:/home/paolo/purple_whales_ws/firmware/dev_ws/install/ament_lint_auto:/home/paolo/purple_whales_ws/firmware/dev_ws/install/ament_cmake:/home/paolo/purple_whales_ws/firmware/dev_ws/install/ament_cmake_version:/home/paolo/purple_whales_ws/firmware/dev_ws/install/ament_cmake_vendor_package:/home/paolo/purple_whales_ws/firmware/dev_ws/install/ament_cmake_pytest:/home/paolo/purple_whales_ws/firmware/dev_ws/install/ament_cmake_nose:/home/paolo/purple_whales_ws/firmware/dev_ws/install/ament_cmake_mypy:/home/paolo/purple_whales_ws/firmware/dev_ws/install/ament_cmake_lint_cmake:/home/paolo/purple_whales_ws/firmware/dev_ws/install/ament_cmake_google_benchmark:/home/paolo/purple_whales_ws/firmware/dev_ws/install/ament_cmake_flake8:/home/paolo/purple_whales_ws/firmware/dev_ws/install/ament_cmake_cpplint:/home/paolo/purple_whales_ws/firmware/dev_ws/install/ament_cmake_cppcheck:/home/paolo/purple_whales_ws/firmware/dev_ws/install/ament_cmake_copyright:/home/paolo/purple_whales_ws/firmware/dev_ws/install/ament_cmake_clang_tidy:/home/paolo/purple_whales_ws/firmware/dev_ws/install/ament_cmake_clang_format:/home/paolo/purple_whales_ws/firmware/dev_ws/install/ament_cmake_test:/home/paolo/purple_whales_ws/firmware/dev_ws/install/ament_cmake_target_dependencies:/home/paolo/purple_whales_ws/firmware/dev_ws/install/ament_cmake_python:/home/paolo/purple_whales_ws/firmware/dev_ws/install/ament_cmake_export_dependencies:/home/paolo/purple_whales_ws/firmware/dev_ws/install/ament_cmake_libraries:/home/paolo/purple_whales_ws/firmware/dev_ws/install/ament_cmake_include_directories:/home/paolo/purple_whales_ws/firmware/dev_ws/install/ament_cmake_gen_version_h:/home/paolo/purple_whales_ws/firmware/dev_ws/install/ament_cmake_export_targets:/home/paolo/purple_whales_ws/firmware/dev_ws/install/ament_cmake_export_link_flags:/home/paolo/purple_whales_ws/firmware/dev_ws/install/ament_cmake_export_interfaces:/home/paolo/purple_whales_ws/firmware/dev_ws/install/ament_cmake_export_libraries:/home/paolo/purple_whales_ws/firmware/dev_ws/install/ament_cmake_export_include_directories:/home/paolo/purple_whales_ws/firmware/dev_ws/install/ament_cmake_export_definitions:/home/paolo/purple_whales_ws/firmware/dev_ws/install/ament_cmake_core:/home/paolo/purple_whales_ws/firmware/dev_ws/install/ament_index_cpp:/home/paolo/purple_whales_ws/firmware/dev_ws/install/ament_uncrustify:/home/paolo/purple_whales_ws/firmware/dev_ws/install/domain_coordinator:/home/paolo/purple_whales_ws/firmware/dev_ws/install/ament_xmllint:/home/paolo/purple_whales_ws/firmware/dev_ws/install/ament_pyflakes:/home/paolo/purple_whales_ws/firmware/dev_ws/install/ament_pycodestyle:/home/paolo/purple_whales_ws/firmware/dev_ws/install/ament_pep257:/home/paolo/purple_whales_ws/firmware/dev_ws/install/ament_pclint:/home/paolo/purple_whales_ws/firmware/dev_ws/install/ament_package:/home/paolo/purple_whales_ws/firmware/dev_ws/install/ament_mypy:/home/paolo/purple_whales_ws/firmware/dev_ws/install/ament_lint_cmake:/home/paolo/purple_whales_ws/firmware/dev_ws/install/ament_flake8:/home/paolo/purple_whales_ws/firmware/dev_ws/install/ament_copyright:/home/paolo/purple_whales_ws/firmware/dev_ws/install/ament_lint:/home/paolo/purple_whales_ws/firmware/dev_ws/install/ament_index_python:/home/paolo/purple_whales_ws/firmware/dev_ws/install/ament_cpplint:/home/paolo/purple_whales_ws/firmware/dev_ws/install/ament_cppcheck:/home/paolo/purple_whales_ws/firmware/dev_ws/install/ament_clang_tidy:/home/paolo/purple_whales_ws/firmware/dev_ws/install/ament_clang_format LD_LIBRARY_PATH=/home/paolo/purple_whales_ws/firmware/mcu_ws/install/lib:${LD_LIBRARY_PATH} PATH=/home/paolo/purple_whales_ws/firmware/mcu_ws/install/bin:${PATH} PYTHONPATH=/home/paolo/purple_whales_ws/firmware/mcu_ws/install/lib/python3.10/site-packages:${PYTHONPATH} /usr/bin/cmake --build /home/paolo/purple_whales_ws/firmware/mcu_ws/build/action_msgs -- -j20 -l20
[0.335s] gmake[4]: Entering directory '/home/paolo/purple_whales_ws/firmware/mcu_ws/build/action_msgs'
[0.337s] /usr/bin/cmake -S/home/paolo/purple_whales_ws/firmware/mcu_ws/ros2/rcl_interfaces/action_msgs -B/home/paolo/purple_whales_ws/firmware/mcu_ws/build/action_msgs --check-build-system CMakeFiles/Makefile.cmake 0
[0.348s] Re-run cmake file: Makefile older than: /home/paolo/purple_whales_ws/firmware/freertos_apps/microros_esp32_extensions/esp32_toolchain.cmake
[0.355s] -- Found ament_cmake: 1.3.8 (/home/paolo/purple_whales_ws/firmware/dev_ws/install/ament_cmake/share/ament_cmake/cmake)
[0.662s] -- Found builtin_interfaces: 1.2.1 (/home/paolo/purple_whales_ws/firmware/mcu_ws/install/share/builtin_interfaces/cmake)
[0.685s] [33mCMake Warning at /home/paolo/purple_whales_ws/firmware/mcu_ws/install/share/rcutils/cmake/ament_cmake_export_libraries-extras.cmake:116 (message):
[0.685s]   Package 'rcutils' exports library 'dl' which couldn't be found
[0.685s] Call Stack (most recent call first):
[0.685s]   /home/paolo/purple_whales_ws/firmware/mcu_ws/install/share/rcutils/cmake/rcutilsConfig.cmake:41 (include)
[0.685s]   /home/paolo/purple_whales_ws/firmware/mcu_ws/install/share/rosidl_runtime_c/cmake/ament_cmake_export_dependencies-extras.cmake:21 (find_package)
[0.685s]   /home/paolo/purple_whales_ws/firmware/mcu_ws/install/share/rosidl_runtime_c/cmake/rosidl_runtime_cConfig.cmake:41 (include)
[0.685s]   /home/paolo/purple_whales_ws/firmware/mcu_ws/install/share/builtin_interfaces/cmake/ament_cmake_export_dependencies-extras.cmake:21 (find_package)
[0.685s]   /home/paolo/purple_whales_ws/firmware/mcu_ws/install/share/builtin_interfaces/cmake/builtin_interfacesConfig.cmake:41 (include)
[0.685s]   CMakeLists.txt:14 (find_package)
[0.686s] 
[0.686s] [0m
[0.698s] -- Using all available rosidl_typesupport_c: rosidl_typesupport_introspection_c;rosidl_typesupport_microxrcedds_c
[0.701s] -- Found rosidl_adapter: 3.1.5 (/home/paolo/purple_whales_ws/firmware/mcu_ws/install/share/rosidl_adapter/cmake)
[0.740s] -- Found rosidl_default_generators: 1.2.0 (/home/paolo/purple_whales_ws/firmware/mcu_ws/install/share/rosidl_default_generators/cmake)
[0.932s] -- Found unique_identifier_msgs: 2.2.1 (/home/paolo/purple_whales_ws/firmware/mcu_ws/install/share/unique_identifier_msgs/cmake)
[2.144s] -- Found ament_cmake_ros: 0.10.0 (/home/paolo/purple_whales_ws/firmware/dev_ws/install/ament_cmake_ros/share/ament_cmake_ros/cmake)
[2.570s] -- Using all available rosidl_typesupport_c: rosidl_typesupport_introspection_c;rosidl_typesupport_microxrcedds_c
[2.571s] -- Configuring done
[2.582s] -- Generating done
[2.588s] -- Build files have been written to: /home/paolo/purple_whales_ws/firmware/mcu_ws/build/action_msgs
[2.594s] /usr/bin/cmake -E cmake_progress_start /home/paolo/purple_whales_ws/firmware/mcu_ws/build/action_msgs/CMakeFiles /home/paolo/purple_whales_ws/firmware/mcu_ws/build/action_msgs//CMakeFiles/progress.marks
[2.612s] /usr/bin/gmake  -f CMakeFiles/Makefile2 all
[2.613s] gmake[5]: Entering directory '/home/paolo/purple_whales_ws/firmware/mcu_ws/build/action_msgs'
[2.613s] /usr/bin/gmake  -f CMakeFiles/action_msgs__rosidl_generator_c.dir/build.make CMakeFiles/action_msgs__rosidl_generator_c.dir/depend
[2.618s] gmake[6]: Entering directory '/home/paolo/purple_whales_ws/firmware/mcu_ws/build/action_msgs'
[2.618s] cd /home/paolo/purple_whales_ws/firmware/mcu_ws/build/action_msgs && /usr/bin/cmake -E cmake_depends "Unix Makefiles" /home/paolo/purple_whales_ws/firmware/mcu_ws/ros2/rcl_interfaces/action_msgs /home/paolo/purple_whales_ws/firmware/mcu_ws/ros2/rcl_interfaces/action_msgs /home/paolo/purple_whales_ws/firmware/mcu_ws/build/action_msgs /home/paolo/purple_whales_ws/firmware/mcu_ws/build/action_msgs /home/paolo/purple_whales_ws/firmware/mcu_ws/build/action_msgs/CMakeFiles/action_msgs__rosidl_generator_c.dir/DependInfo.cmake --color=
[2.623s] Dependencies file "CMakeFiles/action_msgs__rosidl_generator_c.dir/rosidl_generator_c/action_msgs/msg/detail/goal_info__functions.c.obj.d" is newer than depends file "/home/paolo/purple_whales_ws/firmware/mcu_ws/build/action_msgs/CMakeFiles/action_msgs__rosidl_generator_c.dir/compiler_depend.internal".
[2.624s] Dependencies file "CMakeFiles/action_msgs__rosidl_generator_c.dir/rosidl_generator_c/action_msgs/msg/detail/goal_status__functions.c.obj.d" is newer than depends file "/home/paolo/purple_whales_ws/firmware/mcu_ws/build/action_msgs/CMakeFiles/action_msgs__rosidl_generator_c.dir/compiler_depend.internal".
[2.625s] Dependencies file "CMakeFiles/action_msgs__rosidl_generator_c.dir/rosidl_generator_c/action_msgs/msg/detail/goal_status_array__functions.c.obj.d" is newer than depends file "/home/paolo/purple_whales_ws/firmware/mcu_ws/build/action_msgs/CMakeFiles/action_msgs__rosidl_generator_c.dir/compiler_depend.internal".
[2.627s] Dependencies file "CMakeFiles/action_msgs__rosidl_generator_c.dir/rosidl_generator_c/action_msgs/srv/detail/cancel_goal__functions.c.obj.d" is newer than depends file "/home/paolo/purple_whales_ws/firmware/mcu_ws/build/action_msgs/CMakeFiles/action_msgs__rosidl_generator_c.dir/compiler_depend.internal".
[2.628s] [35m[1mConsolidate compiler generated dependencies of target action_msgs__rosidl_generator_c[0m
[2.628s] gmake[6]: Leaving directory '/home/paolo/purple_whales_ws/firmware/mcu_ws/build/action_msgs'
[2.630s] /usr/bin/gmake  -f CMakeFiles/action_msgs__rosidl_generator_c.dir/build.make CMakeFiles/action_msgs__rosidl_generator_c.dir/build
[2.638s] gmake[6]: Entering directory '/home/paolo/purple_whales_ws/firmware/mcu_ws/build/action_msgs'
[2.638s] gmake[6]: Nothing to be done for 'CMakeFiles/action_msgs__rosidl_generator_c.dir/build'.
[2.638s] gmake[6]: Leaving directory '/home/paolo/purple_whales_ws/firmware/mcu_ws/build/action_msgs'
[2.706s] [ 25%] Built target action_msgs__rosidl_generator_c
[2.708s] /usr/bin/gmake  -f CMakeFiles/action_msgs__rosidl_typesupport_microxrcedds_c.dir/build.make CMakeFiles/action_msgs__rosidl_typesupport_microxrcedds_c.dir/depend
[2.709s] /usr/bin/gmake  -f CMakeFiles/action_msgs__rosidl_typesupport_introspection_c.dir/build.make CMakeFiles/action_msgs__rosidl_typesupport_introspection_c.dir/depend
[2.709s] /usr/bin/gmake  -f CMakeFiles/action_msgs__rosidl_typesupport_c.dir/build.make CMakeFiles/action_msgs__rosidl_typesupport_c.dir/depend
[2.709s] gmake[6]: Entering directory '/home/paolo/purple_whales_ws/firmware/mcu_ws/build/action_msgs'
[2.710s] cd /home/paolo/purple_whales_ws/firmware/mcu_ws/build/action_msgs && /usr/bin/cmake -E cmake_depends "Unix Makefiles" /home/paolo/purple_whales_ws/firmware/mcu_ws/ros2/rcl_interfaces/action_msgs /home/paolo/purple_whales_ws/firmware/mcu_ws/ros2/rcl_interfaces/action_msgs /home/paolo/purple_whales_ws/firmware/mcu_ws/build/action_msgs /home/paolo/purple_whales_ws/firmware/mcu_ws/build/action_msgs /home/paolo/purple_whales_ws/firmware/mcu_ws/build/action_msgs/CMakeFiles/action_msgs__rosidl_typesupport_microxrcedds_c.dir/DependInfo.cmake --color=
[2.710s] gmake[6]: Entering directory '/home/paolo/purple_whales_ws/firmware/mcu_ws/build/action_msgs'
[2.712s] gmake[6]: Entering directory '/home/paolo/purple_whales_ws/firmware/mcu_ws/build/action_msgs'
[2.713s] cd /home/paolo/purple_whales_ws/firmware/mcu_ws/build/action_msgs && /usr/bin/cmake -E cmake_depends "Unix Makefiles" /home/paolo/purple_whales_ws/firmware/mcu_ws/ros2/rcl_interfaces/action_msgs /home/paolo/purple_whales_ws/firmware/mcu_ws/ros2/rcl_interfaces/action_msgs /home/paolo/purple_whales_ws/firmware/mcu_ws/build/action_msgs /home/paolo/purple_whales_ws/firmware/mcu_ws/build/action_msgs /home/paolo/purple_whales_ws/firmware/mcu_ws/build/action_msgs/CMakeFiles/action_msgs__rosidl_typesupport_c.dir/DependInfo.cmake --color=
[2.713s] cd /home/paolo/purple_whales_ws/firmware/mcu_ws/build/action_msgs && /usr/bin/cmake -E cmake_depends "Unix Makefiles" /home/paolo/purple_whales_ws/firmware/mcu_ws/ros2/rcl_interfaces/action_msgs /home/paolo/purple_whales_ws/firmware/mcu_ws/ros2/rcl_interfaces/action_msgs /home/paolo/purple_whales_ws/firmware/mcu_ws/build/action_msgs /home/paolo/purple_whales_ws/firmware/mcu_ws/build/action_msgs /home/paolo/purple_whales_ws/firmware/mcu_ws/build/action_msgs/CMakeFiles/action_msgs__rosidl_typesupport_introspection_c.dir/DependInfo.cmake --color=
[2.720s] Dependencies file "CMakeFiles/action_msgs__rosidl_typesupport_introspection_c.dir/rosidl_typesupport_introspection_c/action_msgs/msg/detail/goal_info__type_support.c.obj.d" is newer than depends file "/home/paolo/purple_whales_ws/firmware/mcu_ws/build/action_msgs/CMakeFiles/action_msgs__rosidl_typesupport_introspection_c.dir/compiler_depend.internal".
[2.721s] Dependencies file "CMakeFiles/action_msgs__rosidl_typesupport_c.dir/rosidl_typesupport_c/action_msgs/msg/goal_info__type_support.cpp.obj.d" is newer than depends file "/home/paolo/purple_whales_ws/firmware/mcu_ws/build/action_msgs/CMakeFiles/action_msgs__rosidl_typesupport_c.dir/compiler_depend.internal".
[2.721s] Dependencies file "CMakeFiles/action_msgs__rosidl_typesupport_microxrcedds_c.dir/rosidl_typesupport_microxrcedds_c/action_msgs/msg/detail/microxrcedds/goal_info__type_support_c.c.obj.d" is newer than depends file "/home/paolo/purple_whales_ws/firmware/mcu_ws/build/action_msgs/CMakeFiles/action_msgs__rosidl_typesupport_microxrcedds_c.dir/compiler_depend.internal".
[2.722s] Dependencies file "CMakeFiles/action_msgs__rosidl_typesupport_c.dir/rosidl_typesupport_c/action_msgs/msg/goal_status__type_support.cpp.obj.d" is newer than depends file "/home/paolo/purple_whales_ws/firmware/mcu_ws/build/action_msgs/CMakeFiles/action_msgs__rosidl_typesupport_c.dir/compiler_depend.internal".
[2.722s] Dependencies file "CMakeFiles/action_msgs__rosidl_typesupport_introspection_c.dir/rosidl_typesupport_introspection_c/action_msgs/msg/detail/goal_status__type_support.c.obj.d" is newer than depends file "/home/paolo/purple_whales_ws/firmware/mcu_ws/build/action_msgs/CMakeFiles/action_msgs__rosidl_typesupport_introspection_c.dir/compiler_depend.internal".
[2.722s] Dependencies file "CMakeFiles/action_msgs__rosidl_typesupport_introspection_c.dir/rosidl_typesupport_introspection_c/action_msgs/msg/detail/goal_status_array__type_support.c.obj.d" is newer than depends file "/home/paolo/purple_whales_ws/firmware/mcu_ws/build/action_msgs/CMakeFiles/action_msgs__rosidl_typesupport_introspection_c.dir/compiler_depend.internal".
[2.722s] Dependencies file "CMakeFiles/action_msgs__rosidl_typesupport_c.dir/rosidl_typesupport_c/action_msgs/msg/goal_status_array__type_support.cpp.obj.d" is newer than depends file "/home/paolo/purple_whales_ws/firmware/mcu_ws/build/action_msgs/CMakeFiles/action_msgs__rosidl_typesupport_c.dir/compiler_depend.internal".
[2.722s] Dependencies file "CMakeFiles/action_msgs__rosidl_typesupport_microxrcedds_c.dir/rosidl_typesupport_microxrcedds_c/action_msgs/msg/detail/microxrcedds/goal_status__type_support_c.c.obj.d" is newer than depends file "/home/paolo/purple_whales_ws/firmware/mcu_ws/build/action_msgs/CMakeFiles/action_msgs__rosidl_typesupport_microxrcedds_c.dir/compiler_depend.internal".
[2.722s] Dependencies file "CMakeFiles/action_msgs__rosidl_typesupport_c.dir/rosidl_typesupport_c/action_msgs/srv/cancel_goal__type_support.cpp.obj.d" is newer than depends file "/home/paolo/purple_whales_ws/firmware/mcu_ws/build/action_msgs/CMakeFiles/action_msgs__rosidl_typesupport_c.dir/compiler_depend.internal".
[2.723s] Dependencies file "CMakeFiles/action_msgs__rosidl_typesupport_introspection_c.dir/rosidl_typesupport_introspection_c/action_msgs/srv/detail/cancel_goal__type_support.c.obj.d" is newer than depends file "/home/paolo/purple_whales_ws/firmware/mcu_ws/build/action_msgs/CMakeFiles/action_msgs__rosidl_typesupport_introspection_c.dir/compiler_depend.internal".
[2.723s] Dependencies file "CMakeFiles/action_msgs__rosidl_typesupport_microxrcedds_c.dir/rosidl_typesupport_microxrcedds_c/action_msgs/msg/detail/microxrcedds/goal_status_array__type_support_c.c.obj.d" is newer than depends file "/home/paolo/purple_whales_ws/firmware/mcu_ws/build/action_msgs/CMakeFiles/action_msgs__rosidl_typesupport_microxrcedds_c.dir/compiler_depend.internal".
[2.725s] [35m[1mConsolidate compiler generated dependencies of target action_msgs__rosidl_typesupport_introspection_c[0m
[2.726s] [35m[1mConsolidate compiler generated dependencies of target action_msgs__rosidl_typesupport_c[0m
[2.726s] Dependencies file "CMakeFiles/action_msgs__rosidl_typesupport_microxrcedds_c.dir/rosidl_typesupport_microxrcedds_c/action_msgs/srv/detail/microxrcedds/cancel_goal__type_support_c.c.obj.d" is newer than depends file "/home/paolo/purple_whales_ws/firmware/mcu_ws/build/action_msgs/CMakeFiles/action_msgs__rosidl_typesupport_microxrcedds_c.dir/compiler_depend.internal".
[2.726s] [35m[1mConsolidate compiler generated dependencies of target action_msgs__rosidl_typesupport_microxrcedds_c[0m
[2.726s] gmake[6]: Leaving directory '/home/paolo/purple_whales_ws/firmware/mcu_ws/build/action_msgs'
[2.726s] gmake[6]: Leaving directory '/home/paolo/purple_whales_ws/firmware/mcu_ws/build/action_msgs'
[2.727s] /usr/bin/gmake  -f CMakeFiles/action_msgs__rosidl_typesupport_introspection_c.dir/build.make CMakeFiles/action_msgs__rosidl_typesupport_introspection_c.dir/build
[2.728s] /usr/bin/gmake  -f CMakeFiles/action_msgs__rosidl_typesupport_c.dir/build.make CMakeFiles/action_msgs__rosidl_typesupport_c.dir/build
[2.728s] gmake[6]: Leaving directory '/home/paolo/purple_whales_ws/firmware/mcu_ws/build/action_msgs'
[2.729s] /usr/bin/gmake  -f CMakeFiles/action_msgs__rosidl_typesupport_microxrcedds_c.dir/build.make CMakeFiles/action_msgs__rosidl_typesupport_microxrcedds_c.dir/build
[2.729s] gmake[6]: Entering directory '/home/paolo/purple_whales_ws/firmware/mcu_ws/build/action_msgs'
[2.729s] gmake[6]: Nothing to be done for 'CMakeFiles/action_msgs__rosidl_typesupport_c.dir/build'.
[2.730s] gmake[6]: Leaving directory '/home/paolo/purple_whales_ws/firmware/mcu_ws/build/action_msgs'
[2.730s] gmake[6]: Entering directory '/home/paolo/purple_whales_ws/firmware/mcu_ws/build/action_msgs'
[2.730s] gmake[6]: Nothing to be done for 'CMakeFiles/action_msgs__rosidl_typesupport_introspection_c.dir/build'.
[2.730s] gmake[6]: Leaving directory '/home/paolo/purple_whales_ws/firmware/mcu_ws/build/action_msgs'
[2.731s] gmake[6]: Entering directory '/home/paolo/purple_whales_ws/firmware/mcu_ws/build/action_msgs'
[2.731s] gmake[6]: Nothing to be done for 'CMakeFiles/action_msgs__rosidl_typesupport_microxrcedds_c.dir/build'.
[2.732s] gmake[6]: Leaving directory '/home/paolo/purple_whales_ws/firmware/mcu_ws/build/action_msgs'
[2.734s] [ 50%] Built target action_msgs__rosidl_typesupport_c
[2.734s] [ 75%] Built target action_msgs__rosidl_typesupport_introspection_c
[2.734s] [100%] Built target action_msgs__rosidl_typesupport_microxrcedds_c
[2.735s] /usr/bin/gmake  -f CMakeFiles/action_msgs.dir/build.make CMakeFiles/action_msgs.dir/depend
[2.737s] gmake[6]: Entering directory '/home/paolo/purple_whales_ws/firmware/mcu_ws/build/action_msgs'
[2.738s] cd /home/paolo/purple_whales_ws/firmware/mcu_ws/build/action_msgs && /usr/bin/cmake -E cmake_depends "Unix Makefiles" /home/paolo/purple_whales_ws/firmware/mcu_ws/ros2/rcl_interfaces/action_msgs /home/paolo/purple_whales_ws/firmware/mcu_ws/ros2/rcl_interfaces/action_msgs /home/paolo/purple_whales_ws/firmware/mcu_ws/build/action_msgs /home/paolo/purple_whales_ws/firmware/mcu_ws/build/action_msgs /home/paolo/purple_whales_ws/firmware/mcu_ws/build/action_msgs/CMakeFiles/action_msgs.dir/DependInfo.cmake --color=
[2.739s] gmake[6]: Leaving directory '/home/paolo/purple_whales_ws/firmware/mcu_ws/build/action_msgs'
[2.739s] /usr/bin/gmake  -f CMakeFiles/action_msgs.dir/build.make CMakeFiles/action_msgs.dir/build
[2.739s] gmake[6]: Entering directory '/home/paolo/purple_whales_ws/firmware/mcu_ws/build/action_msgs'
[2.739s] gmake[6]: Nothing to be done for 'CMakeFiles/action_msgs.dir/build'.
[2.739s] gmake[6]: Leaving directory '/home/paolo/purple_whales_ws/firmware/mcu_ws/build/action_msgs'
[2.739s] [100%] Built target action_msgs
[2.739s] gmake[5]: Leaving directory '/home/paolo/purple_whales_ws/firmware/mcu_ws/build/action_msgs'
[2.740s] /usr/bin/cmake -E cmake_progress_start /home/paolo/purple_whales_ws/firmware/mcu_ws/build/action_msgs/CMakeFiles 0
[2.745s] gmake[4]: Leaving directory '/home/paolo/purple_whales_ws/firmware/mcu_ws/build/action_msgs'
[2.815s] Invoked command in '/home/paolo/purple_whales_ws/firmware/mcu_ws/build/action_msgs' returned '0': AMENT_PREFIX_PATH=/home/paolo/purple_whales_ws/firmware/mcu_ws/install:${AMENT_PREFIX_PATH} CMAKE_PREFIX_PATH=/home/paolo/purple_whales_ws/firmware/mcu_ws/install:/home/paolo/purple_whales_ws/firmware/dev_ws/install/ament_lint_common:/home/paolo/purple_whales_ws/firmware/dev_ws/install/ament_cmake_uncrustify:/home/paolo/purple_whales_ws/firmware/dev_ws/install/uncrustify_vendor:/home/paolo/purple_whales_ws/firmware/dev_ws/install/ament_cmake_ros:/home/paolo/purple_whales_ws/firmware/dev_ws/install/ament_cmake_auto:/home/paolo/purple_whales_ws/firmware/dev_ws/install/ament_cmake_gmock:/home/paolo/purple_whales_ws/firmware/dev_ws/install/gmock_vendor:/home/paolo/purple_whales_ws/firmware/dev_ws/install/ament_cmake_gtest:/home/paolo/purple_whales_ws/firmware/dev_ws/install/gtest_vendor:/home/paolo/purple_whales_ws/firmware/dev_ws/install/ament_cmake_xmllint:/home/paolo/purple_whales_ws/firmware/dev_ws/install/ament_cmake_pyflakes:/home/paolo/purple_whales_ws/firmware/dev_ws/install/ament_cmake_pycodestyle:/home/paolo/purple_whales_ws/firmware/dev_ws/install/ament_cmake_pep257:/home/paolo/purple_whales_ws/firmware/dev_ws/install/ament_cmake_pclint:/home/paolo/purple_whales_ws/firmware/dev_ws/install/ament_lint_auto:/home/paolo/purple_whales_ws/firmware/dev_ws/install/ament_cmake:/home/paolo/purple_whales_ws/firmware/dev_ws/install/ament_cmake_version:/home/paolo/purple_whales_ws/firmware/dev_ws/install/ament_cmake_vendor_package:/home/paolo/purple_whales_ws/firmware/dev_ws/install/ament_cmake_pytest:/home/paolo/purple_whales_ws/firmware/dev_ws/install/ament_cmake_nose:/home/paolo/purple_whales_ws/firmware/dev_ws/install/ament_cmake_mypy:/home/paolo/purple_whales_ws/firmware/dev_ws/install/ament_cmake_lint_cmake:/home/paolo/purple_whales_ws/firmware/dev_ws/install/ament_cmake_google_benchmark:/home/paolo/purple_whales_ws/firmware/dev_ws/install/ament_cmake_flake8:/home/paolo/purple_whales_ws/firmware/dev_ws/install/ament_cmake_cpplint:/home/paolo/purple_whales_ws/firmware/dev_ws/install/ament_cmake_cppcheck:/home/paolo/purple_whales_ws/firmware/dev_ws/install/ament_cmake_copyright:/home/paolo/purple_whales_ws/firmware/dev_ws/install/ament_cmake_clang_tidy:/home/paolo/purple_whales_ws/firmware/dev_ws/install/ament_cmake_clang_format:/home/paolo/purple_whales_ws/firmware/dev_ws/install/ament_cmake_test:/home/paolo/purple_whales_ws/firmware/dev_ws/install/ament_cmake_target_dependencies:/home/paolo/purple_whales_ws/firmware/dev_ws/install/ament_cmake_python:/home/paolo/purple_whales_ws/firmware/dev_ws/install/ament_cmake_export_dependencies:/home/paolo/purple_whales_ws/firmware/dev_ws/install/ament_cmake_libraries:/home/paolo/purple_whales_ws/firmware/dev_ws/install/ament_cmake_include_directories:/home/paolo/purple_whales_ws/firmware/dev_ws/install/ament_cmake_gen_version_h:/home/paolo/purple_whales_ws/firmware/dev_ws/install/ament_cmake_export_targets:/home/paolo/purple_whales_ws/firmware/dev_ws/install/ament_cmake_export_link_flags:/home/paolo/purple_whales_ws/firmware/dev_ws/install/ament_cmake_export_interfaces:/home/paolo/purple_whales_ws/firmware/dev_ws/install/ament_cmake_export_libraries:/home/paolo/purple_whales_ws/firmware/dev_ws/install/ament_cmake_export_include_directories:/home/paolo/purple_whales_ws/firmware/dev_ws/install/ament_cmake_export_definitions:/home/paolo/purple_whales_ws/firmware/dev_ws/install/ament_cmake_core:/home/paolo/purple_whales_ws/firmware/dev_ws/install/ament_index_cpp:/home/paolo/purple_whales_ws/firmware/dev_ws/install/ament_uncrustify:/home/paolo/purple_whales_ws/firmware/dev_ws/install/domain_coordinator:/home/paolo/purple_whales_ws/firmware/dev_ws/install/ament_xmllint:/home/paolo/purple_whales_ws/firmware/dev_ws/install/ament_pyflakes:/home/paolo/purple_whales_ws/firmware/dev_ws/install/ament_pycodestyle:/home/paolo/purple_whales_ws/firmware/dev_ws/install/ament_pep257:/home/paolo/purple_whales_ws/firmware/dev_ws/install/ament_pclint:/home/paolo/purple_whales_ws/firmware/dev_ws/install/ament_package:/home/paolo/purple_whales_ws/firmware/dev_ws/install/ament_mypy:/home/paolo/purple_whales_ws/firmware/dev_ws/install/ament_lint_cmake:/home/paolo/purple_whales_ws/firmware/dev_ws/install/ament_flake8:/home/paolo/purple_whales_ws/firmware/dev_ws/install/ament_copyright:/home/paolo/purple_whales_ws/firmware/dev_ws/install/ament_lint:/home/paolo/purple_whales_ws/firmware/dev_ws/install/ament_index_python:/home/paolo/purple_whales_ws/firmware/dev_ws/install/ament_cpplint:/home/paolo/purple_whales_ws/firmware/dev_ws/install/ament_cppcheck:/home/paolo/purple_whales_ws/firmware/dev_ws/install/ament_clang_tidy:/home/paolo/purple_whales_ws/firmware/dev_ws/install/ament_clang_format LD_LIBRARY_PATH=/home/paolo/purple_whales_ws/firmware/mcu_ws/install/lib:${LD_LIBRARY_PATH} PATH=/home/paolo/purple_whales_ws/firmware/mcu_ws/install/bin:${PATH} PYTHONPATH=/home/paolo/purple_whales_ws/firmware/mcu_ws/install/lib/python3.10/site-packages:${PYTHONPATH} /usr/bin/cmake --build /home/paolo/purple_whales_ws/firmware/mcu_ws/build/action_msgs -- -j20 -l20
[2.977s] Invoking command in '/home/paolo/purple_whales_ws/firmware/mcu_ws/build/action_msgs': AMENT_PREFIX_PATH=/home/paolo/purple_whales_ws/firmware/mcu_ws/install:${AMENT_PREFIX_PATH} CMAKE_PREFIX_PATH=/home/paolo/purple_whales_ws/firmware/mcu_ws/install:/home/paolo/purple_whales_ws/firmware/dev_ws/install/ament_lint_common:/home/paolo/purple_whales_ws/firmware/dev_ws/install/ament_cmake_uncrustify:/home/paolo/purple_whales_ws/firmware/dev_ws/install/uncrustify_vendor:/home/paolo/purple_whales_ws/firmware/dev_ws/install/ament_cmake_ros:/home/paolo/purple_whales_ws/firmware/dev_ws/install/ament_cmake_auto:/home/paolo/purple_whales_ws/firmware/dev_ws/install/ament_cmake_gmock:/home/paolo/purple_whales_ws/firmware/dev_ws/install/gmock_vendor:/home/paolo/purple_whales_ws/firmware/dev_ws/install/ament_cmake_gtest:/home/paolo/purple_whales_ws/firmware/dev_ws/install/gtest_vendor:/home/paolo/purple_whales_ws/firmware/dev_ws/install/ament_cmake_xmllint:/home/paolo/purple_whales_ws/firmware/dev_ws/install/ament_cmake_pyflakes:/home/paolo/purple_whales_ws/firmware/dev_ws/install/ament_cmake_pycodestyle:/home/paolo/purple_whales_ws/firmware/dev_ws/install/ament_cmake_pep257:/home/paolo/purple_whales_ws/firmware/dev_ws/install/ament_cmake_pclint:/home/paolo/purple_whales_ws/firmware/dev_ws/install/ament_lint_auto:/home/paolo/purple_whales_ws/firmware/dev_ws/install/ament_cmake:/home/paolo/purple_whales_ws/firmware/dev_ws/install/ament_cmake_version:/home/paolo/purple_whales_ws/firmware/dev_ws/install/ament_cmake_vendor_package:/home/paolo/purple_whales_ws/firmware/dev_ws/install/ament_cmake_pytest:/home/paolo/purple_whales_ws/firmware/dev_ws/install/ament_cmake_nose:/home/paolo/purple_whales_ws/firmware/dev_ws/install/ament_cmake_mypy:/home/paolo/purple_whales_ws/firmware/dev_ws/install/ament_cmake_lint_cmake:/home/paolo/purple_whales_ws/firmware/dev_ws/install/ament_cmake_google_benchmark:/home/paolo/purple_whales_ws/firmware/dev_ws/install/ament_cmake_flake8:/home/paolo/purple_whales_ws/firmware/dev_ws/install/ament_cmake_cpplint:/home/paolo/purple_whales_ws/firmware/dev_ws/install/ament_cmake_cppcheck:/home/paolo/purple_whales_ws/firmware/dev_ws/install/ament_cmake_copyright:/home/paolo/purple_whales_ws/firmware/dev_ws/install/ament_cmake_clang_tidy:/home/paolo/purple_whales_ws/firmware/dev_ws/install/ament_cmake_clang_format:/home/paolo/purple_whales_ws/firmware/dev_ws/install/ament_cmake_test:/home/paolo/purple_whales_ws/firmware/dev_ws/install/ament_cmake_target_dependencies:/home/paolo/purple_whales_ws/firmware/dev_ws/install/ament_cmake_python:/home/paolo/purple_whales_ws/firmware/dev_ws/install/ament_cmake_export_dependencies:/home/paolo/purple_whales_ws/firmware/dev_ws/install/ament_cmake_libraries:/home/paolo/purple_whales_ws/firmware/dev_ws/install/ament_cmake_include_directories:/home/paolo/purple_whales_ws/firmware/dev_ws/install/ament_cmake_gen_version_h:/home/paolo/purple_whales_ws/firmware/dev_ws/install/ament_cmake_export_targets:/home/paolo/purple_whales_ws/firmware/dev_ws/install/ament_cmake_export_link_flags:/home/paolo/purple_whales_ws/firmware/dev_ws/install/ament_cmake_export_interfaces:/home/paolo/purple_whales_ws/firmware/dev_ws/install/ament_cmake_export_libraries:/home/paolo/purple_whales_ws/firmware/dev_ws/install/ament_cmake_export_include_directories:/home/paolo/purple_whales_ws/firmware/dev_ws/install/ament_cmake_export_definitions:/home/paolo/purple_whales_ws/firmware/dev_ws/install/ament_cmake_core:/home/paolo/purple_whales_ws/firmware/dev_ws/install/ament_index_cpp:/home/paolo/purple_whales_ws/firmware/dev_ws/install/ament_uncrustify:/home/paolo/purple_whales_ws/firmware/dev_ws/install/domain_coordinator:/home/paolo/purple_whales_ws/firmware/dev_ws/install/ament_xmllint:/home/paolo/purple_whales_ws/firmware/dev_ws/install/ament_pyflakes:/home/paolo/purple_whales_ws/firmware/dev_ws/install/ament_pycodestyle:/home/paolo/purple_whales_ws/firmware/dev_ws/install/ament_pep257:/home/paolo/purple_whales_ws/firmware/dev_ws/install/ament_pclint:/home/paolo/purple_whales_ws/firmware/dev_ws/install/ament_package:/home/paolo/purple_whales_ws/firmware/dev_ws/install/ament_mypy:/home/paolo/purple_whales_ws/firmware/dev_ws/install/ament_lint_cmake:/home/paolo/purple_whales_ws/firmware/dev_ws/install/ament_flake8:/home/paolo/purple_whales_ws/firmware/dev_ws/install/ament_copyright:/home/paolo/purple_whales_ws/firmware/dev_ws/install/ament_lint:/home/paolo/purple_whales_ws/firmware/dev_ws/install/ament_index_python:/home/paolo/purple_whales_ws/firmware/dev_ws/install/ament_cpplint:/home/paolo/purple_whales_ws/firmware/dev_ws/install/ament_cppcheck:/home/paolo/purple_whales_ws/firmware/dev_ws/install/ament_clang_tidy:/home/paolo/purple_whales_ws/firmware/dev_ws/install/ament_clang_format LD_LIBRARY_PATH=/home/paolo/purple_whales_ws/firmware/mcu_ws/install/lib:${LD_LIBRARY_PATH} PATH=/home/paolo/purple_whales_ws/firmware/mcu_ws/install/bin:${PATH} PYTHONPATH=/home/paolo/purple_whales_ws/firmware/mcu_ws/install/lib/python3.10/site-packages:${PYTHONPATH} /usr/bin/cmake --install /home/paolo/purple_whales_ws/firmware/mcu_ws/build/action_msgs
[3.007s] -- Install configuration: "Debug"
[3.007s] -- Up-to-date: /home/paolo/purple_whales_ws/firmware/mcu_ws/install/share/ament_index/resource_index/rosidl_interfaces/action_msgs
[3.008s] -- Up-to-date: /home/paolo/purple_whales_ws/firmware/mcu_ws/install/include/action_msgs/action_msgs
[3.008s] -- Up-to-date: /home/paolo/purple_whales_ws/firmware/mcu_ws/install/include/action_msgs/action_msgs/srv
[3.008s] -- Up-to-date: /home/paolo/purple_whales_ws/firmware/mcu_ws/install/include/action_msgs/action_msgs/srv/detail
[3.008s] -- Up-to-date: /home/paolo/purple_whales_ws/firmware/mcu_ws/install/include/action_msgs/action_msgs/srv/detail/cancel_goal__functions.c
[3.008s] -- Up-to-date: /home/paolo/purple_whales_ws/firmware/mcu_ws/install/include/action_msgs/action_msgs/srv/detail/cancel_goal__struct.h
[3.009s] -- Up-to-date: /home/paolo/purple_whales_ws/firmware/mcu_ws/install/include/action_msgs/action_msgs/srv/detail/cancel_goal__type_support.h
[3.009s] -- Up-to-date: /home/paolo/purple_whales_ws/firmware/mcu_ws/install/include/action_msgs/action_msgs/srv/detail/cancel_goal__functions.h
[3.009s] -- Up-to-date: /home/paolo/purple_whales_ws/firmware/mcu_ws/install/include/action_msgs/action_msgs/srv/cancel_goal.h
[3.010s] -- Up-to-date: /home/paolo/purple_whales_ws/firmware/mcu_ws/install/include/action_msgs/action_msgs/msg
[3.010s] -- Up-to-date: /home/paolo/purple_whales_ws/firmware/mcu_ws/install/include/action_msgs/action_msgs/msg/detail
[3.010s] -- Up-to-date: /home/paolo/purple_whales_ws/firmware/mcu_ws/install/include/action_msgs/action_msgs/msg/detail/goal_status__type_support.h
[3.010s] -- Up-to-date: /home/paolo/purple_whales_ws/firmware/mcu_ws/install/include/action_msgs/action_msgs/msg/detail/goal_info__functions.h
[3.010s] -- Up-to-date: /home/paolo/purple_whales_ws/firmware/mcu_ws/install/include/action_msgs/action_msgs/msg/detail/goal_status__functions.h
[3.010s] -- Up-to-date: /home/paolo/purple_whales_ws/firmware/mcu_ws/install/include/action_msgs/action_msgs/msg/detail/goal_status_array__functions.h
[3.010s] -- Up-to-date: /home/paolo/purple_whales_ws/firmware/mcu_ws/install/include/action_msgs/action_msgs/msg/detail/goal_info__type_support.h
[3.010s] -- Up-to-date: /home/paolo/purple_whales_ws/firmware/mcu_ws/install/include/action_msgs/action_msgs/msg/detail/goal_status_array__functions.c
[3.011s] -- Up-to-date: /home/paolo/purple_whales_ws/firmware/mcu_ws/install/include/action_msgs/action_msgs/msg/detail/goal_info__functions.c
[3.011s] -- Up-to-date: /home/paolo/purple_whales_ws/firmware/mcu_ws/install/include/action_msgs/action_msgs/msg/detail/goal_status_array__type_support.h
[3.011s] -- Up-to-date: /home/paolo/purple_whales_ws/firmware/mcu_ws/install/include/action_msgs/action_msgs/msg/detail/goal_status__struct.h
[3.011s] -- Up-to-date: /home/paolo/purple_whales_ws/firmware/mcu_ws/install/include/action_msgs/action_msgs/msg/detail/goal_info__struct.h
[3.011s] -- Up-to-date: /home/paolo/purple_whales_ws/firmware/mcu_ws/install/include/action_msgs/action_msgs/msg/detail/goal_status__functions.c
[3.011s] -- Up-to-date: /home/paolo/purple_whales_ws/firmware/mcu_ws/install/include/action_msgs/action_msgs/msg/detail/goal_status_array__struct.h
[3.011s] -- Up-to-date: /home/paolo/purple_whales_ws/firmware/mcu_ws/install/include/action_msgs/action_msgs/msg/goal_info.h
[3.012s] -- Up-to-date: /home/paolo/purple_whales_ws/firmware/mcu_ws/install/include/action_msgs/action_msgs/msg/rosidl_generator_c__visibility_control.h
[3.012s] -- Up-to-date: /home/paolo/purple_whales_ws/firmware/mcu_ws/install/include/action_msgs/action_msgs/msg/goal_status_array.h
[3.013s] -- Up-to-date: /home/paolo/purple_whales_ws/firmware/mcu_ws/install/include/action_msgs/action_msgs/msg/goal_status.h
[3.014s] -- Up-to-date: /home/paolo/purple_whales_ws/firmware/mcu_ws/install/share/action_msgs/environment/library_path.sh
[3.015s] -- Installing: /home/paolo/purple_whales_ws/firmware/mcu_ws/install/share/action_msgs/environment/library_path.dsv
[3.015s] -- Installing: /home/paolo/purple_whales_ws/firmware/mcu_ws/install/lib/libaction_msgs__rosidl_generator_c.a
[3.015s] -- Up-to-date: /home/paolo/purple_whales_ws/firmware/mcu_ws/install/include/action_msgs/action_msgs
[3.015s] -- Up-to-date: /home/paolo/purple_whales_ws/firmware/mcu_ws/install/include/action_msgs/action_msgs/srv
[3.016s] -- Up-to-date: /home/paolo/purple_whales_ws/firmware/mcu_ws/install/include/action_msgs/action_msgs/srv/detail
[3.016s] -- Up-to-date: /home/paolo/purple_whales_ws/firmware/mcu_ws/install/include/action_msgs/action_msgs/srv/detail/cancel_goal__rosidl_typesupport_introspection_c.h
[3.016s] -- Up-to-date: /home/paolo/purple_whales_ws/firmware/mcu_ws/install/include/action_msgs/action_msgs/srv/detail/cancel_goal__type_support.c
[3.017s] -- Up-to-date: /home/paolo/purple_whales_ws/firmware/mcu_ws/install/include/action_msgs/action_msgs/msg
[3.017s] -- Up-to-date: /home/paolo/purple_whales_ws/firmware/mcu_ws/install/include/action_msgs/action_msgs/msg/detail
[3.017s] -- Up-to-date: /home/paolo/purple_whales_ws/firmware/mcu_ws/install/include/action_msgs/action_msgs/msg/detail/goal_status_array__type_support.c
[3.017s] -- Up-to-date: /home/paolo/purple_whales_ws/firmware/mcu_ws/install/include/action_msgs/action_msgs/msg/detail/goal_status__type_support.c
[3.017s] -- Up-to-date: /home/paolo/purple_whales_ws/firmware/mcu_ws/install/include/action_msgs/action_msgs/msg/detail/goal_status_array__rosidl_typesupport_introspection_c.h
[3.017s] -- Up-to-date: /home/paolo/purple_whales_ws/firmware/mcu_ws/install/include/action_msgs/action_msgs/msg/detail/goal_info__type_support.c
[3.017s] -- Up-to-date: /home/paolo/purple_whales_ws/firmware/mcu_ws/install/include/action_msgs/action_msgs/msg/detail/goal_status__rosidl_typesupport_introspection_c.h
[3.017s] -- Up-to-date: /home/paolo/purple_whales_ws/firmware/mcu_ws/install/include/action_msgs/action_msgs/msg/detail/goal_info__rosidl_typesupport_introspection_c.h
[3.018s] -- Up-to-date: /home/paolo/purple_whales_ws/firmware/mcu_ws/install/include/action_msgs/action_msgs/msg/rosidl_typesupport_introspection_c__visibility_control.h
[3.018s] -- Up-to-date: /home/paolo/purple_whales_ws/firmware/mcu_ws/install/lib/libaction_msgs__rosidl_typesupport_introspection_c.a
[3.018s] -- Up-to-date: /home/paolo/purple_whales_ws/firmware/mcu_ws/install/include/action_msgs
[3.018s] -- Up-to-date: /home/paolo/purple_whales_ws/firmware/mcu_ws/install/include/action_msgs/srv
[3.018s] -- Up-to-date: /home/paolo/purple_whales_ws/firmware/mcu_ws/install/include/action_msgs/srv/detail
[3.019s] -- Up-to-date: /home/paolo/purple_whales_ws/firmware/mcu_ws/install/include/action_msgs/srv/detail/microxrcedds
[3.019s] -- Up-to-date: /home/paolo/purple_whales_ws/firmware/mcu_ws/install/include/action_msgs/srv/detail/cancel_goal__rosidl_typesupport_microxrcedds_c.h
[3.019s] -- Up-to-date: /home/paolo/purple_whales_ws/firmware/mcu_ws/install/include/action_msgs/msg
[3.019s] -- Up-to-date: /home/paolo/purple_whales_ws/firmware/mcu_ws/install/include/action_msgs/msg/detail
[3.019s] -- Up-to-date: /home/paolo/purple_whales_ws/firmware/mcu_ws/install/include/action_msgs/msg/detail/microxrcedds
[3.021s] -- Up-to-date: /home/paolo/purple_whales_ws/firmware/mcu_ws/install/include/action_msgs/msg/detail/goal_info__rosidl_typesupport_microxrcedds_c.h
[3.022s] -- Up-to-date: /home/paolo/purple_whales_ws/firmware/mcu_ws/install/include/action_msgs/msg/detail/goal_status_array__rosidl_typesupport_microxrcedds_c.h
[3.022s] -- Up-to-date: /home/paolo/purple_whales_ws/firmware/mcu_ws/install/include/action_msgs/msg/detail/goal_status__rosidl_typesupport_microxrcedds_c.h
[3.022s] -- Up-to-date: /home/paolo/purple_whales_ws/firmware/mcu_ws/install/include/action_msgs/msg/rosidl_typesupport_microxrcedds_c__visibility_control.h
[3.022s] -- Up-to-date: /home/paolo/purple_whales_ws/firmware/mcu_ws/install/lib/libaction_msgs__rosidl_typesupport_microxrcedds_c.a
[3.022s] -- Up-to-date: /home/paolo/purple_whales_ws/firmware/mcu_ws/install/lib/libaction_msgs__rosidl_typesupport_c.a
[3.023s] -- Up-to-date: /home/paolo/purple_whales_ws/firmware/mcu_ws/install/share/action_msgs/msg/GoalInfo.idl
[3.023s] -- Up-to-date: /home/paolo/purple_whales_ws/firmware/mcu_ws/install/share/action_msgs/msg/GoalStatus.idl
[3.023s] -- Up-to-date: /home/paolo/purple_whales_ws/firmware/mcu_ws/install/share/action_msgs/msg/GoalStatusArray.idl
[3.023s] -- Up-to-date: /home/paolo/purple_whales_ws/firmware/mcu_ws/install/share/action_msgs/srv/CancelGoal.idl
[3.023s] -- Up-to-date: /home/paolo/purple_whales_ws/firmware/mcu_ws/install/share/action_msgs/msg/GoalInfo.msg
[3.024s] -- Up-to-date: /home/paolo/purple_whales_ws/firmware/mcu_ws/install/share/action_msgs/msg/GoalStatus.msg
[3.024s] -- Up-to-date: /home/paolo/purple_whales_ws/firmware/mcu_ws/install/share/action_msgs/msg/GoalStatusArray.msg
[3.024s] -- Up-to-date: /home/paolo/purple_whales_ws/firmware/mcu_ws/install/share/action_msgs/srv/CancelGoal.srv
[3.024s] -- Up-to-date: /home/paolo/purple_whales_ws/firmware/mcu_ws/install/share/action_msgs/srv/CancelGoal_Request.msg
[3.024s] -- Up-to-date: /home/paolo/purple_whales_ws/firmware/mcu_ws/install/share/action_msgs/srv/CancelGoal_Response.msg
[3.024s] -- Up-to-date: /home/paolo/purple_whales_ws/firmware/mcu_ws/install/share/ament_index/resource_index/package_run_dependencies/action_msgs
[3.024s] -- Up-to-date: /home/paolo/purple_whales_ws/firmware/mcu_ws/install/share/ament_index/resource_index/parent_prefix_path/action_msgs
[3.024s] -- Up-to-date: /home/paolo/purple_whales_ws/firmware/mcu_ws/install/share/action_msgs/environment/ament_prefix_path.sh
[3.024s] -- Installing: /home/paolo/purple_whales_ws/firmware/mcu_ws/install/share/action_msgs/environment/ament_prefix_path.dsv
[3.024s] -- Up-to-date: /home/paolo/purple_whales_ws/firmware/mcu_ws/install/share/action_msgs/environment/path.sh
[3.025s] -- Installing: /home/paolo/purple_whales_ws/firmware/mcu_ws/install/share/action_msgs/environment/path.dsv
[3.025s] -- Up-to-date: /home/paolo/purple_whales_ws/firmware/mcu_ws/install/share/action_msgs/local_setup.bash
[3.026s] -- Up-to-date: /home/paolo/purple_whales_ws/firmware/mcu_ws/install/share/action_msgs/local_setup.sh
[3.026s] -- Up-to-date: /home/paolo/purple_whales_ws/firmware/mcu_ws/install/share/action_msgs/local_setup.zsh
[3.026s] -- Installing: /home/paolo/purple_whales_ws/firmware/mcu_ws/install/share/action_msgs/local_setup.dsv
[3.026s] -- Installing: /home/paolo/purple_whales_ws/firmware/mcu_ws/install/share/action_msgs/package.dsv
[3.027s] -- Up-to-date: /home/paolo/purple_whales_ws/firmware/mcu_ws/install/share/ament_index/resource_index/packages/action_msgs
[3.027s] -- Up-to-date: /home/paolo/purple_whales_ws/firmware/mcu_ws/install/share/action_msgs/cmake/export_action_msgs__rosidl_generator_cExport.cmake
[3.027s] -- Up-to-date: /home/paolo/purple_whales_ws/firmware/mcu_ws/install/share/action_msgs/cmake/export_action_msgs__rosidl_generator_cExport-debug.cmake
[3.027s] -- Up-to-date: /home/paolo/purple_whales_ws/firmware/mcu_ws/install/share/action_msgs/cmake/action_msgs__rosidl_typesupport_introspection_cExport.cmake
[3.028s] -- Up-to-date: /home/paolo/purple_whales_ws/firmware/mcu_ws/install/share/action_msgs/cmake/action_msgs__rosidl_typesupport_introspection_cExport-debug.cmake
[3.028s] -- Up-to-date: /home/paolo/purple_whales_ws/firmware/mcu_ws/install/share/action_msgs/cmake/action_msgs__rosidl_typesupport_cExport.cmake
[3.028s] -- Up-to-date: /home/paolo/purple_whales_ws/firmware/mcu_ws/install/share/action_msgs/cmake/action_msgs__rosidl_typesupport_cExport-debug.cmake
[3.028s] -- Up-to-date: /home/paolo/purple_whales_ws/firmware/mcu_ws/install/share/action_msgs/cmake/rosidl_cmake-extras.cmake
[3.028s] -- Up-to-date: /home/paolo/purple_whales_ws/firmware/mcu_ws/install/share/action_msgs/cmake/ament_cmake_export_dependencies-extras.cmake
[3.028s] -- Up-to-date: /home/paolo/purple_whales_ws/firmware/mcu_ws/install/share/action_msgs/cmake/ament_cmake_export_include_directories-extras.cmake
[3.028s] -- Up-to-date: /home/paolo/purple_whales_ws/firmware/mcu_ws/install/share/action_msgs/cmake/ament_cmake_export_libraries-extras.cmake
[3.029s] -- Up-to-date: /home/paolo/purple_whales_ws/firmware/mcu_ws/install/share/action_msgs/cmake/ament_cmake_export_targets-extras.cmake
[3.029s] -- Up-to-date: /home/paolo/purple_whales_ws/firmware/mcu_ws/install/share/action_msgs/cmake/rosidl_cmake_export_typesupport_targets-extras.cmake
[3.029s] -- Up-to-date: /home/paolo/purple_whales_ws/firmware/mcu_ws/install/share/action_msgs/cmake/rosidl_cmake_export_typesupport_libraries-extras.cmake
[3.029s] -- Up-to-date: /home/paolo/purple_whales_ws/firmware/mcu_ws/install/share/action_msgs/cmake/action_msgsConfig.cmake
[3.029s] -- Up-to-date: /home/paolo/purple_whales_ws/firmware/mcu_ws/install/share/action_msgs/cmake/action_msgsConfig-version.cmake
[3.029s] -- Up-to-date: /home/paolo/purple_whales_ws/firmware/mcu_ws/install/share/action_msgs/package.xml
[3.049s] Invoked command in '/home/paolo/purple_whales_ws/firmware/mcu_ws/build/action_msgs' returned '0': AMENT_PREFIX_PATH=/home/paolo/purple_whales_ws/firmware/mcu_ws/install:${AMENT_PREFIX_PATH} CMAKE_PREFIX_PATH=/home/paolo/purple_whales_ws/firmware/mcu_ws/install:/home/paolo/purple_whales_ws/firmware/dev_ws/install/ament_lint_common:/home/paolo/purple_whales_ws/firmware/dev_ws/install/ament_cmake_uncrustify:/home/paolo/purple_whales_ws/firmware/dev_ws/install/uncrustify_vendor:/home/paolo/purple_whales_ws/firmware/dev_ws/install/ament_cmake_ros:/home/paolo/purple_whales_ws/firmware/dev_ws/install/ament_cmake_auto:/home/paolo/purple_whales_ws/firmware/dev_ws/install/ament_cmake_gmock:/home/paolo/purple_whales_ws/firmware/dev_ws/install/gmock_vendor:/home/paolo/purple_whales_ws/firmware/dev_ws/install/ament_cmake_gtest:/home/paolo/purple_whales_ws/firmware/dev_ws/install/gtest_vendor:/home/paolo/purple_whales_ws/firmware/dev_ws/install/ament_cmake_xmllint:/home/paolo/purple_whales_ws/firmware/dev_ws/install/ament_cmake_pyflakes:/home/paolo/purple_whales_ws/firmware/dev_ws/install/ament_cmake_pycodestyle:/home/paolo/purple_whales_ws/firmware/dev_ws/install/ament_cmake_pep257:/home/paolo/purple_whales_ws/firmware/dev_ws/install/ament_cmake_pclint:/home/paolo/purple_whales_ws/firmware/dev_ws/install/ament_lint_auto:/home/paolo/purple_whales_ws/firmware/dev_ws/install/ament_cmake:/home/paolo/purple_whales_ws/firmware/dev_ws/install/ament_cmake_version:/home/paolo/purple_whales_ws/firmware/dev_ws/install/ament_cmake_vendor_package:/home/paolo/purple_whales_ws/firmware/dev_ws/install/ament_cmake_pytest:/home/paolo/purple_whales_ws/firmware/dev_ws/install/ament_cmake_nose:/home/paolo/purple_whales_ws/firmware/dev_ws/install/ament_cmake_mypy:/home/paolo/purple_whales_ws/firmware/dev_ws/install/ament_cmake_lint_cmake:/home/paolo/purple_whales_ws/firmware/dev_ws/install/ament_cmake_google_benchmark:/home/paolo/purple_whales_ws/firmware/dev_ws/install/ament_cmake_flake8:/home/paolo/purple_whales_ws/firmware/dev_ws/install/ament_cmake_cpplint:/home/paolo/purple_whales_ws/firmware/dev_ws/install/ament_cmake_cppcheck:/home/paolo/purple_whales_ws/firmware/dev_ws/install/ament_cmake_copyright:/home/paolo/purple_whales_ws/firmware/dev_ws/install/ament_cmake_clang_tidy:/home/paolo/purple_whales_ws/firmware/dev_ws/install/ament_cmake_clang_format:/home/paolo/purple_whales_ws/firmware/dev_ws/install/ament_cmake_test:/home/paolo/purple_whales_ws/firmware/dev_ws/install/ament_cmake_target_dependencies:/home/paolo/purple_whales_ws/firmware/dev_ws/install/ament_cmake_python:/home/paolo/purple_whales_ws/firmware/dev_ws/install/ament_cmake_export_dependencies:/home/paolo/purple_whales_ws/firmware/dev_ws/install/ament_cmake_libraries:/home/paolo/purple_whales_ws/firmware/dev_ws/install/ament_cmake_include_directories:/home/paolo/purple_whales_ws/firmware/dev_ws/install/ament_cmake_gen_version_h:/home/paolo/purple_whales_ws/firmware/dev_ws/install/ament_cmake_export_targets:/home/paolo/purple_whales_ws/firmware/dev_ws/install/ament_cmake_export_link_flags:/home/paolo/purple_whales_ws/firmware/dev_ws/install/ament_cmake_export_interfaces:/home/paolo/purple_whales_ws/firmware/dev_ws/install/ament_cmake_export_libraries:/home/paolo/purple_whales_ws/firmware/dev_ws/install/ament_cmake_export_include_directories:/home/paolo/purple_whales_ws/firmware/dev_ws/install/ament_cmake_export_definitions:/home/paolo/purple_whales_ws/firmware/dev_ws/install/ament_cmake_core:/home/paolo/purple_whales_ws/firmware/dev_ws/install/ament_index_cpp:/home/paolo/purple_whales_ws/firmware/dev_ws/install/ament_uncrustify:/home/paolo/purple_whales_ws/firmware/dev_ws/install/domain_coordinator:/home/paolo/purple_whales_ws/firmware/dev_ws/install/ament_xmllint:/home/paolo/purple_whales_ws/firmware/dev_ws/install/ament_pyflakes:/home/paolo/purple_whales_ws/firmware/dev_ws/install/ament_pycodestyle:/home/paolo/purple_whales_ws/firmware/dev_ws/install/ament_pep257:/home/paolo/purple_whales_ws/firmware/dev_ws/install/ament_pclint:/home/paolo/purple_whales_ws/firmware/dev_ws/install/ament_package:/home/paolo/purple_whales_ws/firmware/dev_ws/install/ament_mypy:/home/paolo/purple_whales_ws/firmware/dev_ws/install/ament_lint_cmake:/home/paolo/purple_whales_ws/firmware/dev_ws/install/ament_flake8:/home/paolo/purple_whales_ws/firmware/dev_ws/install/ament_copyright:/home/paolo/purple_whales_ws/firmware/dev_ws/install/ament_lint:/home/paolo/purple_whales_ws/firmware/dev_ws/install/ament_index_python:/home/paolo/purple_whales_ws/firmware/dev_ws/install/ament_cpplint:/home/paolo/purple_whales_ws/firmware/dev_ws/install/ament_cppcheck:/home/paolo/purple_whales_ws/firmware/dev_ws/install/ament_clang_tidy:/home/paolo/purple_whales_ws/firmware/dev_ws/install/ament_clang_format LD_LIBRARY_PATH=/home/paolo/purple_whales_ws/firmware/mcu_ws/install/lib:${LD_LIBRARY_PATH} PATH=/home/paolo/purple_whales_ws/firmware/mcu_ws/install/bin:${PATH} PYTHONPATH=/home/paolo/purple_whales_ws/firmware/mcu_ws/install/lib/python3.10/site-packages:${PYTHONPATH} /usr/bin/cmake --install /home/paolo/purple_whales_ws/firmware/mcu_ws/build/action_msgs
