running egg_info
writing ../../../build/tracetools_launch/tracetools_launch.egg-info/PKG-INFO
writing dependency_links to ../../../build/tracetools_launch/tracetools_launch.egg-info/dependency_links.txt
writing entry points to ../../../build/tracetools_launch/tracetools_launch.egg-info/entry_points.txt
writing requirements to ../../../build/tracetools_launch/tracetools_launch.egg-info/requires.txt
writing top-level names to ../../../build/tracetools_launch/tracetools_launch.egg-info/top_level.txt
reading manifest file '../../../build/tracetools_launch/tracetools_launch.egg-info/SOURCES.txt'
writing manifest file '../../../build/tracetools_launch/tracetools_launch.egg-info/SOURCES.txt'
running build
running build_py
copying tracetools_launch/__init__.py -> /home/paolo/purple_whales_ws/firmware/mcu_ws/build/tracetools_launch/build/lib/tracetools_launch
copying tracetools_launch/action.py -> /home/paolo/purple_whales_ws/firmware/mcu_ws/build/tracetools_launch/build/lib/tracetools_launch
copying tracetools_launch/actions/ld_preload.py -> /home/paolo/purple_whales_ws/firmware/mcu_ws/build/tracetools_launch/build/lib/tracetools_launch/actions
copying tracetools_launch/actions/__init__.py -> /home/paolo/purple_whales_ws/firmware/mcu_ws/build/tracetools_launch/build/lib/tracetools_launch/actions
running install
running install_lib
running install_data
copying package.xml -> /home/paolo/purple_whales_ws/firmware/mcu_ws/install/share/tracetools_launch
copying launch/example.launch.yaml -> /home/paolo/purple_whales_ws/firmware/mcu_ws/install/share/tracetools_launch/launch
copying launch/example.launch.xml -> /home/paolo/purple_whales_ws/firmware/mcu_ws/install/share/tracetools_launch/launch
copying launch/example.launch.py -> /home/paolo/purple_whales_ws/firmware/mcu_ws/install/share/tracetools_launch/launch
copying resource/tracetools_launch -> /home/paolo/purple_whales_ws/firmware/mcu_ws/install/share/ament_index/resource_index/packages
running install_egg_info
removing '/home/paolo/purple_whales_ws/firmware/mcu_ws/install/lib/python3.10/site-packages/tracetools_launch-4.1.1-py3.10.egg-info' (and everything under it)
Copying ../../../build/tracetools_launch/tracetools_launch.egg-info to /home/paolo/purple_whales_ws/firmware/mcu_ws/install/lib/python3.10/site-packages/tracetools_launch-4.1.1-py3.10.egg-info
running install_scripts
writing list of installed files to '/home/paolo/purple_whales_ws/firmware/mcu_ws/build/tracetools_launch/install.log'
