running egg_info
writing ../../../build/sensor_msgs_py/sensor_msgs_py.egg-info/PKG-INFO
writing dependency_links to ../../../build/sensor_msgs_py/sensor_msgs_py.egg-info/dependency_links.txt
writing requirements to ../../../build/sensor_msgs_py/sensor_msgs_py.egg-info/requires.txt
writing top-level names to ../../../build/sensor_msgs_py/sensor_msgs_py.egg-info/top_level.txt
reading manifest file '../../../build/sensor_msgs_py/sensor_msgs_py.egg-info/SOURCES.txt'
adding license file 'LICENSE'
writing manifest file '../../../build/sensor_msgs_py/sensor_msgs_py.egg-info/SOURCES.txt'
running build
running build_py
copying sensor_msgs_py/numpy_compat.py -> /home/paolo/purple_whales_ws/firmware/mcu_ws/build/sensor_msgs_py/build/lib/sensor_msgs_py
copying sensor_msgs_py/__init__.py -> /home/paolo/purple_whales_ws/firmware/mcu_ws/build/sensor_msgs_py/build/lib/sensor_msgs_py
copying sensor_msgs_py/point_cloud2.py -> /home/paolo/purple_whales_ws/firmware/mcu_ws/build/sensor_msgs_py/build/lib/sensor_msgs_py
running install
running install_lib
running install_data
copying resource/sensor_msgs_py -> /home/paolo/purple_whales_ws/firmware/mcu_ws/install/share/ament_index/resource_index/packages
copying package.xml -> /home/paolo/purple_whales_ws/firmware/mcu_ws/install/share/sensor_msgs_py
running install_egg_info
removing '/home/paolo/purple_whales_ws/firmware/mcu_ws/install/lib/python3.10/site-packages/sensor_msgs_py-4.2.3-py3.10.egg-info' (and everything under it)
Copying ../../../build/sensor_msgs_py/sensor_msgs_py.egg-info to /home/paolo/purple_whales_ws/firmware/mcu_ws/install/lib/python3.10/site-packages/sensor_msgs_py-4.2.3-py3.10.egg-info
running install_scripts
writing list of installed files to '/home/paolo/purple_whales_ws/firmware/mcu_ws/build/sensor_msgs_py/install.log'
