[3.006s] Invoking command in '/home/paolo/purple_whales_ws/firmware/mcu_ws/ros2/rosidl/rosidl_cli': PYTHONPATH=/home/paolo/purple_whales_ws/firmware/mcu_ws/build/rosidl_cli/prefix_override:/home/paolo/purple_whales_ws/firmware/mcu_ws/install/lib/python3.10/site-packages:${PYTHONPATH} /home/paolo/purple_whales_ws/firmware/toolchain/espressif/python_env/idf4.1_py3.10_env/bin/python -W ignore:setup.py install is deprecated setup.py egg_info --egg-base ../../../build/rosidl_cli build --build-base /home/paolo/purple_whales_ws/firmware/mcu_ws/build/rosidl_cli/build install --record /home/paolo/purple_whales_ws/firmware/mcu_ws/build/rosidl_cli/install.log --single-version-externally-managed install_data
[3.428s] running egg_info
[3.444s] writing ../../../build/rosidl_cli/rosidl_cli.egg-info/PKG-INFO
[3.448s] writing dependency_links to ../../../build/rosidl_cli/rosidl_cli.egg-info/dependency_links.txt
[3.451s] writing entry points to ../../../build/rosidl_cli/rosidl_cli.egg-info/entry_points.txt
[3.453s] writing requirements to ../../../build/rosidl_cli/rosidl_cli.egg-info/requires.txt
[3.453s] writing top-level names to ../../../build/rosidl_cli/rosidl_cli.egg-info/top_level.txt
[3.495s] reading manifest file '../../../build/rosidl_cli/rosidl_cli.egg-info/SOURCES.txt'
[3.498s] writing manifest file '../../../build/rosidl_cli/rosidl_cli.egg-info/SOURCES.txt'
[3.498s] running build
[3.499s] running build_py
[3.499s] copying rosidl_cli/cli.py -> /home/paolo/purple_whales_ws/firmware/mcu_ws/build/rosidl_cli/build/lib/rosidl_cli
[3.499s] copying rosidl_cli/entry_points.py -> /home/paolo/purple_whales_ws/firmware/mcu_ws/build/rosidl_cli/build/lib/rosidl_cli
[3.500s] copying rosidl_cli/common.py -> /home/paolo/purple_whales_ws/firmware/mcu_ws/build/rosidl_cli/build/lib/rosidl_cli
[3.501s] copying rosidl_cli/__init__.py -> /home/paolo/purple_whales_ws/firmware/mcu_ws/build/rosidl_cli/build/lib/rosidl_cli
[3.501s] copying rosidl_cli/extensions.py -> /home/paolo/purple_whales_ws/firmware/mcu_ws/build/rosidl_cli/build/lib/rosidl_cli
[3.501s] copying rosidl_cli/command/__init__.py -> /home/paolo/purple_whales_ws/firmware/mcu_ws/build/rosidl_cli/build/lib/rosidl_cli/command
[3.502s] copying rosidl_cli/command/helpers.py -> /home/paolo/purple_whales_ws/firmware/mcu_ws/build/rosidl_cli/build/lib/rosidl_cli/command
[3.503s] copying rosidl_cli/command/translate/api.py -> /home/paolo/purple_whales_ws/firmware/mcu_ws/build/rosidl_cli/build/lib/rosidl_cli/command/translate
[3.503s] copying rosidl_cli/command/translate/__init__.py -> /home/paolo/purple_whales_ws/firmware/mcu_ws/build/rosidl_cli/build/lib/rosidl_cli/command/translate
[3.504s] copying rosidl_cli/command/translate/extensions.py -> /home/paolo/purple_whales_ws/firmware/mcu_ws/build/rosidl_cli/build/lib/rosidl_cli/command/translate
[3.505s] copying rosidl_cli/command/generate/api.py -> /home/paolo/purple_whales_ws/firmware/mcu_ws/build/rosidl_cli/build/lib/rosidl_cli/command/generate
[3.506s] copying rosidl_cli/command/generate/__init__.py -> /home/paolo/purple_whales_ws/firmware/mcu_ws/build/rosidl_cli/build/lib/rosidl_cli/command/generate
[3.506s] copying rosidl_cli/command/generate/extensions.py -> /home/paolo/purple_whales_ws/firmware/mcu_ws/build/rosidl_cli/build/lib/rosidl_cli/command/generate
[3.507s] running install
[3.514s] running install_lib
[3.525s] running install_data
[3.525s] copying resource/rosidl_cli -> /home/paolo/purple_whales_ws/firmware/mcu_ws/install/share/ament_index/resource_index/packages
[3.526s] copying package.xml -> /home/paolo/purple_whales_ws/firmware/mcu_ws/install/share/rosidl_cli
[3.526s] copying completion/rosidl-argcomplete.bash -> /home/paolo/purple_whales_ws/firmware/mcu_ws/install/share/rosidl_cli/environment
[3.526s] copying completion/rosidl-argcomplete.zsh -> /home/paolo/purple_whales_ws/firmware/mcu_ws/install/share/rosidl_cli/environment
[3.527s] running install_egg_info
[3.535s] removing '/home/paolo/purple_whales_ws/firmware/mcu_ws/install/lib/python3.10/site-packages/rosidl_cli-3.1.5-py3.10.egg-info' (and everything under it)
[3.535s] Copying ../../../build/rosidl_cli/rosidl_cli.egg-info to /home/paolo/purple_whales_ws/firmware/mcu_ws/install/lib/python3.10/site-packages/rosidl_cli-3.1.5-py3.10.egg-info
[3.539s] running install_scripts
[3.612s] Installing rosidl script to /home/paolo/purple_whales_ws/firmware/mcu_ws/install/bin
[3.613s] writing list of installed files to '/home/paolo/purple_whales_ws/firmware/mcu_ws/build/rosidl_cli/install.log'
[4.017s] Invoked command in '/home/paolo/purple_whales_ws/firmware/mcu_ws/ros2/rosidl/rosidl_cli' returned '0': PYTHONPATH=/home/paolo/purple_whales_ws/firmware/mcu_ws/build/rosidl_cli/prefix_override:/home/paolo/purple_whales_ws/firmware/mcu_ws/install/lib/python3.10/site-packages:${PYTHONPATH} /home/paolo/purple_whales_ws/firmware/toolchain/espressif/python_env/idf4.1_py3.10_env/bin/python -W ignore:setup.py install is deprecated setup.py egg_info --egg-base ../../../build/rosidl_cli build --build-base /home/paolo/purple_whales_ws/firmware/mcu_ws/build/rosidl_cli/build install --record /home/paolo/purple_whales_ws/firmware/mcu_ws/build/rosidl_cli/install.log --single-version-externally-managed install_data
