/home/lpm/Purple_Whales/install/robot_vision/lib/python3.10/site-packages/robot_vision/__init__.py
/home/lpm/Purple_Whales/install/robot_vision/lib/python3.10/site-packages/robot_vision/line_follower.py
/home/lpm/Purple_Whales/install/robot_vision/lib/python3.10/site-packages/robot_vision/submodules/__init__.py
/home/lpm/Purple_Whales/install/robot_vision/lib/python3.10/site-packages/robot_vision/submodules/functions.py
/home/lpm/Purple_Whales/install/robot_vision/lib/python3.10/site-packages/robot_vision/submodules/line_class.py
/home/lpm/Purple_Whales/install/robot_vision/lib/python3.10/site-packages/robot_vision/__pycache__/__init__.cpython-310.pyc
/home/lpm/Purple_Whales/install/robot_vision/lib/python3.10/site-packages/robot_vision/__pycache__/line_follower.cpython-310.pyc
/home/lpm/Purple_Whales/install/robot_vision/lib/python3.10/site-packages/robot_vision/submodules/__pycache__/__init__.cpython-310.pyc
/home/lpm/Purple_Whales/install/robot_vision/lib/python3.10/site-packages/robot_vision/submodules/__pycache__/functions.cpython-310.pyc
/home/lpm/Purple_Whales/install/robot_vision/lib/python3.10/site-packages/robot_vision/submodules/__pycache__/line_class.cpython-310.pyc
/home/lpm/Purple_Whales/install/robot_vision/share/ament_index/resource_index/packages/robot_vision
/home/lpm/Purple_Whales/install/robot_vision/share/robot_vision/package.xml
/home/lpm/Purple_Whales/install/robot_vision/lib/python3.10/site-packages/robot_vision-0.0.0-py3.10.egg-info/SOURCES.txt
/home/lpm/Purple_Whales/install/robot_vision/lib/python3.10/site-packages/robot_vision-0.0.0-py3.10.egg-info/dependency_links.txt
/home/lpm/Purple_Whales/install/robot_vision/lib/python3.10/site-packages/robot_vision-0.0.0-py3.10.egg-info/zip-safe
/home/lpm/Purple_Whales/install/robot_vision/lib/python3.10/site-packages/robot_vision-0.0.0-py3.10.egg-info/requires.txt
/home/lpm/Purple_Whales/install/robot_vision/lib/python3.10/site-packages/robot_vision-0.0.0-py3.10.egg-info/top_level.txt
/home/lpm/Purple_Whales/install/robot_vision/lib/python3.10/site-packages/robot_vision-0.0.0-py3.10.egg-info/PKG-INFO
/home/lpm/Purple_Whales/install/robot_vision/lib/python3.10/site-packages/robot_vision-0.0.0-py3.10.egg-info/entry_points.txt
/home/lpm/Purple_Whales/install/robot_vision/lib/robot_vision/line_follower
