[0.140s] Invoking command in '/home/paolo/purple_whales_ws/firmware/mcu_ws/build/tracetools': CMAKE_PREFIX_PATH=${CMAKE_PREFIX_PATH}:/home/paolo/purple_whales_ws/firmware/dev_ws/install/ament_uncrustify:/home/paolo/purple_whales_ws/firmware/dev_ws/install/domain_coordinator:/home/paolo/purple_whales_ws/firmware/dev_ws/install/ament_xmllint:/home/paolo/purple_whales_ws/firmware/dev_ws/install/ament_pyflakes:/home/paolo/purple_whales_ws/firmware/dev_ws/install/ament_pycodestyle:/home/paolo/purple_whales_ws/firmware/dev_ws/install/ament_pep257:/home/paolo/purple_whales_ws/firmware/dev_ws/install/ament_pclint:/home/paolo/purple_whales_ws/firmware/dev_ws/install/ament_package:/home/paolo/purple_whales_ws/firmware/dev_ws/install/ament_mypy:/home/paolo/purple_whales_ws/firmware/dev_ws/install/ament_lint_cmake:/home/paolo/purple_whales_ws/firmware/dev_ws/install/ament_flake8:/home/paolo/purple_whales_ws/firmware/dev_ws/install/ament_copyright:/home/paolo/purple_whales_ws/firmware/dev_ws/install/ament_lint:/home/paolo/purple_whales_ws/firmware/dev_ws/install/ament_index_python:/home/paolo/purple_whales_ws/firmware/dev_ws/install/ament_cpplint:/home/paolo/purple_whales_ws/firmware/dev_ws/install/ament_cppcheck:/home/paolo/purple_whales_ws/firmware/dev_ws/install/ament_clang_tidy:/home/paolo/purple_whales_ws/firmware/dev_ws/install/ament_clang_format /usr/bin/cmake --build /home/paolo/purple_whales_ws/firmware/mcu_ws/build/tracetools -- -j20 -l20
[0.565s] gmake[4]: Entering directory '/home/paolo/purple_whales_ws/firmware/mcu_ws/build/tracetools'
[0.565s] /usr/bin/cmake -S/home/paolo/purple_whales_ws/firmware/mcu_ws/uros/tracetools/tracetools -B/home/paolo/purple_whales_ws/firmware/mcu_ws/build/tracetools --check-build-system CMakeFiles/Makefile.cmake 0
[0.565s] Re-run cmake file: Makefile older than: /home/paolo/purple_whales_ws/firmware/freertos_apps/microros_esp32_extensions/esp32_toolchain.cmake
[0.570s] -- Found ament_cmake_ros: 0.10.0 (/home/paolo/purple_whales_ws/firmware/dev_ws/install/ament_cmake_ros/share/ament_cmake_ros/cmake)
[0.570s] -- Configuring done
[0.571s] -- Generating done
[0.572s] -- Build files have been written to: /home/paolo/purple_whales_ws/firmware/mcu_ws/build/tracetools
[0.577s] /usr/bin/cmake -E cmake_progress_start /home/paolo/purple_whales_ws/firmware/mcu_ws/build/tracetools/CMakeFiles /home/paolo/purple_whales_ws/firmware/mcu_ws/build/tracetools//CMakeFiles/progress.marks
[0.578s] /usr/bin/gmake  -f CMakeFiles/Makefile2 all
[0.578s] gmake[5]: Entering directory '/home/paolo/purple_whales_ws/firmware/mcu_ws/build/tracetools'
[0.579s] gmake[5]: Nothing to be done for 'all'.
[0.580s] gmake[5]: Leaving directory '/home/paolo/purple_whales_ws/firmware/mcu_ws/build/tracetools'
[0.580s] /usr/bin/cmake -E cmake_progress_start /home/paolo/purple_whales_ws/firmware/mcu_ws/build/tracetools/CMakeFiles 0
[0.580s] gmake[4]: Leaving directory '/home/paolo/purple_whales_ws/firmware/mcu_ws/build/tracetools'
[0.620s] Invoked command in '/home/paolo/purple_whales_ws/firmware/mcu_ws/build/tracetools' returned '0': CMAKE_PREFIX_PATH=${CMAKE_PREFIX_PATH}:/home/paolo/purple_whales_ws/firmware/dev_ws/install/ament_uncrustify:/home/paolo/purple_whales_ws/firmware/dev_ws/install/domain_coordinator:/home/paolo/purple_whales_ws/firmware/dev_ws/install/ament_xmllint:/home/paolo/purple_whales_ws/firmware/dev_ws/install/ament_pyflakes:/home/paolo/purple_whales_ws/firmware/dev_ws/install/ament_pycodestyle:/home/paolo/purple_whales_ws/firmware/dev_ws/install/ament_pep257:/home/paolo/purple_whales_ws/firmware/dev_ws/install/ament_pclint:/home/paolo/purple_whales_ws/firmware/dev_ws/install/ament_package:/home/paolo/purple_whales_ws/firmware/dev_ws/install/ament_mypy:/home/paolo/purple_whales_ws/firmware/dev_ws/install/ament_lint_cmake:/home/paolo/purple_whales_ws/firmware/dev_ws/install/ament_flake8:/home/paolo/purple_whales_ws/firmware/dev_ws/install/ament_copyright:/home/paolo/purple_whales_ws/firmware/dev_ws/install/ament_lint:/home/paolo/purple_whales_ws/firmware/dev_ws/install/ament_index_python:/home/paolo/purple_whales_ws/firmware/dev_ws/install/ament_cpplint:/home/paolo/purple_whales_ws/firmware/dev_ws/install/ament_cppcheck:/home/paolo/purple_whales_ws/firmware/dev_ws/install/ament_clang_tidy:/home/paolo/purple_whales_ws/firmware/dev_ws/install/ament_clang_format /usr/bin/cmake --build /home/paolo/purple_whales_ws/firmware/mcu_ws/build/tracetools -- -j20 -l20
[0.661s] Invoking command in '/home/paolo/purple_whales_ws/firmware/mcu_ws/build/tracetools': CMAKE_PREFIX_PATH=${CMAKE_PREFIX_PATH}:/home/paolo/purple_whales_ws/firmware/dev_ws/install/ament_uncrustify:/home/paolo/purple_whales_ws/firmware/dev_ws/install/domain_coordinator:/home/paolo/purple_whales_ws/firmware/dev_ws/install/ament_xmllint:/home/paolo/purple_whales_ws/firmware/dev_ws/install/ament_pyflakes:/home/paolo/purple_whales_ws/firmware/dev_ws/install/ament_pycodestyle:/home/paolo/purple_whales_ws/firmware/dev_ws/install/ament_pep257:/home/paolo/purple_whales_ws/firmware/dev_ws/install/ament_pclint:/home/paolo/purple_whales_ws/firmware/dev_ws/install/ament_package:/home/paolo/purple_whales_ws/firmware/dev_ws/install/ament_mypy:/home/paolo/purple_whales_ws/firmware/dev_ws/install/ament_lint_cmake:/home/paolo/purple_whales_ws/firmware/dev_ws/install/ament_flake8:/home/paolo/purple_whales_ws/firmware/dev_ws/install/ament_copyright:/home/paolo/purple_whales_ws/firmware/dev_ws/install/ament_lint:/home/paolo/purple_whales_ws/firmware/dev_ws/install/ament_index_python:/home/paolo/purple_whales_ws/firmware/dev_ws/install/ament_cpplint:/home/paolo/purple_whales_ws/firmware/dev_ws/install/ament_cppcheck:/home/paolo/purple_whales_ws/firmware/dev_ws/install/ament_clang_tidy:/home/paolo/purple_whales_ws/firmware/dev_ws/install/ament_clang_format /usr/bin/cmake --install /home/paolo/purple_whales_ws/firmware/mcu_ws/build/tracetools
[0.668s] -- Install configuration: "Debug"
[0.668s] -- Up-to-date: /home/paolo/purple_whales_ws/firmware/mcu_ws/install/include/tracetools
[0.668s] -- Up-to-date: /home/paolo/purple_whales_ws/firmware/mcu_ws/install/include/tracetools/tracetools
[0.668s] -- Up-to-date: /home/paolo/purple_whales_ws/firmware/mcu_ws/install/include/tracetools/tracetools/utils.hpp
[0.669s] -- Up-to-date: /home/paolo/purple_whales_ws/firmware/mcu_ws/install/include/tracetools/tracetools/config.h
[0.669s] -- Up-to-date: /home/paolo/purple_whales_ws/firmware/mcu_ws/install/include/tracetools/tracetools/visibility_control.hpp
[0.669s] -- Up-to-date: /home/paolo/purple_whales_ws/firmware/mcu_ws/install/include/tracetools/tracetools/tracetools.h
[0.670s] -- Up-to-date: /home/paolo/purple_whales_ws/firmware/mcu_ws/install/share/ament_index/resource_index/package_run_dependencies/tracetools
[0.670s] -- Up-to-date: /home/paolo/purple_whales_ws/firmware/mcu_ws/install/share/ament_index/resource_index/parent_prefix_path/tracetools
[0.670s] -- Up-to-date: /home/paolo/purple_whales_ws/firmware/mcu_ws/install/share/tracetools/environment/ament_prefix_path.sh
[0.670s] -- Installing: /home/paolo/purple_whales_ws/firmware/mcu_ws/install/share/tracetools/environment/ament_prefix_path.dsv
[0.670s] -- Up-to-date: /home/paolo/purple_whales_ws/firmware/mcu_ws/install/share/tracetools/environment/path.sh
[0.670s] -- Installing: /home/paolo/purple_whales_ws/firmware/mcu_ws/install/share/tracetools/environment/path.dsv
[0.670s] -- Up-to-date: /home/paolo/purple_whales_ws/firmware/mcu_ws/install/share/tracetools/local_setup.bash
[0.670s] -- Up-to-date: /home/paolo/purple_whales_ws/firmware/mcu_ws/install/share/tracetools/local_setup.sh
[0.671s] -- Up-to-date: /home/paolo/purple_whales_ws/firmware/mcu_ws/install/share/tracetools/local_setup.zsh
[0.671s] -- Installing: /home/paolo/purple_whales_ws/firmware/mcu_ws/install/share/tracetools/local_setup.dsv
[0.671s] -- Installing: /home/paolo/purple_whales_ws/firmware/mcu_ws/install/share/tracetools/package.dsv
[0.671s] -- Up-to-date: /home/paolo/purple_whales_ws/firmware/mcu_ws/install/share/ament_index/resource_index/packages/tracetools
[0.671s] -- Up-to-date: /home/paolo/purple_whales_ws/firmware/mcu_ws/install/share/tracetools/cmake/tracetools_exportExport.cmake
[0.671s] -- Up-to-date: /home/paolo/purple_whales_ws/firmware/mcu_ws/install/share/tracetools/cmake/ament_cmake_export_targets-extras.cmake
[0.671s] -- Up-to-date: /home/paolo/purple_whales_ws/firmware/mcu_ws/install/share/tracetools/cmake/ament_cmake_export_include_directories-extras.cmake
[0.672s] -- Up-to-date: /home/paolo/purple_whales_ws/firmware/mcu_ws/install/share/tracetools/cmake/tracetoolsConfig.cmake
[0.672s] -- Up-to-date: /home/paolo/purple_whales_ws/firmware/mcu_ws/install/share/tracetools/cmake/tracetoolsConfig-version.cmake
[0.672s] -- Up-to-date: /home/paolo/purple_whales_ws/firmware/mcu_ws/install/share/tracetools/package.xml
[0.735s] Invoked command in '/home/paolo/purple_whales_ws/firmware/mcu_ws/build/tracetools' returned '0': CMAKE_PREFIX_PATH=${CMAKE_PREFIX_PATH}:/home/paolo/purple_whales_ws/firmware/dev_ws/install/ament_uncrustify:/home/paolo/purple_whales_ws/firmware/dev_ws/install/domain_coordinator:/home/paolo/purple_whales_ws/firmware/dev_ws/install/ament_xmllint:/home/paolo/purple_whales_ws/firmware/dev_ws/install/ament_pyflakes:/home/paolo/purple_whales_ws/firmware/dev_ws/install/ament_pycodestyle:/home/paolo/purple_whales_ws/firmware/dev_ws/install/ament_pep257:/home/paolo/purple_whales_ws/firmware/dev_ws/install/ament_pclint:/home/paolo/purple_whales_ws/firmware/dev_ws/install/ament_package:/home/paolo/purple_whales_ws/firmware/dev_ws/install/ament_mypy:/home/paolo/purple_whales_ws/firmware/dev_ws/install/ament_lint_cmake:/home/paolo/purple_whales_ws/firmware/dev_ws/install/ament_flake8:/home/paolo/purple_whales_ws/firmware/dev_ws/install/ament_copyright:/home/paolo/purple_whales_ws/firmware/dev_ws/install/ament_lint:/home/paolo/purple_whales_ws/firmware/dev_ws/install/ament_index_python:/home/paolo/purple_whales_ws/firmware/dev_ws/install/ament_cpplint:/home/paolo/purple_whales_ws/firmware/dev_ws/install/ament_cppcheck:/home/paolo/purple_whales_ws/firmware/dev_ws/install/ament_clang_tidy:/home/paolo/purple_whales_ws/firmware/dev_ws/install/ament_clang_format /usr/bin/cmake --install /home/paolo/purple_whales_ws/firmware/mcu_ws/build/tracetools
