[1.498s] Invoking command in '/home/paolo/purple_whales_ws/firmware/mcu_ws/build/libyaml_vendor': CMAKE_PREFIX_PATH=${CMAKE_PREFIX_PATH}:/home/paolo/purple_whales_ws/firmware/dev_ws/install/ament_uncrustify:/home/paolo/purple_whales_ws/firmware/dev_ws/install/domain_coordinator:/home/paolo/purple_whales_ws/firmware/dev_ws/install/ament_xmllint:/home/paolo/purple_whales_ws/firmware/dev_ws/install/ament_pyflakes:/home/paolo/purple_whales_ws/firmware/dev_ws/install/ament_pycodestyle:/home/paolo/purple_whales_ws/firmware/dev_ws/install/ament_pep257:/home/paolo/purple_whales_ws/firmware/dev_ws/install/ament_pclint:/home/paolo/purple_whales_ws/firmware/dev_ws/install/ament_package:/home/paolo/purple_whales_ws/firmware/dev_ws/install/ament_mypy:/home/paolo/purple_whales_ws/firmware/dev_ws/install/ament_lint_cmake:/home/paolo/purple_whales_ws/firmware/dev_ws/install/ament_flake8:/home/paolo/purple_whales_ws/firmware/dev_ws/install/ament_copyright:/home/paolo/purple_whales_ws/firmware/dev_ws/install/ament_lint:/home/paolo/purple_whales_ws/firmware/dev_ws/install/ament_index_python:/home/paolo/purple_whales_ws/firmware/dev_ws/install/ament_cpplint:/home/paolo/purple_whales_ws/firmware/dev_ws/install/ament_cppcheck:/home/paolo/purple_whales_ws/firmware/dev_ws/install/ament_clang_tidy:/home/paolo/purple_whales_ws/firmware/dev_ws/install/ament_clang_format /usr/bin/cmake --build /home/paolo/purple_whales_ws/firmware/mcu_ws/build/libyaml_vendor -- -j20 -l20
[1.754s] gmake[4]: Entering directory '/home/paolo/purple_whales_ws/firmware/mcu_ws/build/libyaml_vendor'
[1.754s] /usr/bin/cmake -S/home/paolo/purple_whales_ws/firmware/mcu_ws/ros2/libyaml_vendor -B/home/paolo/purple_whales_ws/firmware/mcu_ws/build/libyaml_vendor --check-build-system CMakeFiles/Makefile.cmake 0
[1.756s] Re-run cmake file: Makefile older than: /home/paolo/purple_whales_ws/firmware/freertos_apps/microros_esp32_extensions/esp32_toolchain.cmake
[1.757s] -- Found ament_cmake: 1.3.8 (/home/paolo/purple_whales_ws/firmware/dev_ws/install/ament_cmake/share/ament_cmake/cmake)
[2.273s] -- Configuring done
[2.290s] -- Generating done
[2.293s] -- Build files have been written to: /home/paolo/purple_whales_ws/firmware/mcu_ws/build/libyaml_vendor
[2.302s] /usr/bin/cmake -E cmake_progress_start /home/paolo/purple_whales_ws/firmware/mcu_ws/build/libyaml_vendor/CMakeFiles /home/paolo/purple_whales_ws/firmware/mcu_ws/build/libyaml_vendor//CMakeFiles/progress.marks
[2.327s] /usr/bin/gmake  -f CMakeFiles/Makefile2 all
[2.327s] gmake[5]: Entering directory '/home/paolo/purple_whales_ws/firmware/mcu_ws/build/libyaml_vendor'
[2.328s] /usr/bin/gmake  -f CMakeFiles/libyaml-0.2.5.dir/build.make CMakeFiles/libyaml-0.2.5.dir/depend
[2.328s] gmake[6]: Entering directory '/home/paolo/purple_whales_ws/firmware/mcu_ws/build/libyaml_vendor'
[2.328s] cd /home/paolo/purple_whales_ws/firmware/mcu_ws/build/libyaml_vendor && /usr/bin/cmake -E cmake_depends "Unix Makefiles" /home/paolo/purple_whales_ws/firmware/mcu_ws/ros2/libyaml_vendor /home/paolo/purple_whales_ws/firmware/mcu_ws/ros2/libyaml_vendor /home/paolo/purple_whales_ws/firmware/mcu_ws/build/libyaml_vendor /home/paolo/purple_whales_ws/firmware/mcu_ws/build/libyaml_vendor /home/paolo/purple_whales_ws/firmware/mcu_ws/build/libyaml_vendor/CMakeFiles/libyaml-0.2.5.dir/DependInfo.cmake --color=
[2.345s] gmake[6]: Leaving directory '/home/paolo/purple_whales_ws/firmware/mcu_ws/build/libyaml_vendor'
[2.345s] /usr/bin/gmake  -f CMakeFiles/libyaml-0.2.5.dir/build.make CMakeFiles/libyaml-0.2.5.dir/build
[2.348s] gmake[6]: Entering directory '/home/paolo/purple_whales_ws/firmware/mcu_ws/build/libyaml_vendor'
[2.348s] gmake[6]: Nothing to be done for 'CMakeFiles/libyaml-0.2.5.dir/build'.
[2.348s] gmake[6]: Leaving directory '/home/paolo/purple_whales_ws/firmware/mcu_ws/build/libyaml_vendor'
[2.363s] [100%] Built target libyaml-0.2.5
[2.368s] gmake[5]: Leaving directory '/home/paolo/purple_whales_ws/firmware/mcu_ws/build/libyaml_vendor'
[2.369s] /usr/bin/cmake -E cmake_progress_start /home/paolo/purple_whales_ws/firmware/mcu_ws/build/libyaml_vendor/CMakeFiles 0
[2.383s] gmake[4]: Leaving directory '/home/paolo/purple_whales_ws/firmware/mcu_ws/build/libyaml_vendor'
[2.397s] Invoked command in '/home/paolo/purple_whales_ws/firmware/mcu_ws/build/libyaml_vendor' returned '0': CMAKE_PREFIX_PATH=${CMAKE_PREFIX_PATH}:/home/paolo/purple_whales_ws/firmware/dev_ws/install/ament_uncrustify:/home/paolo/purple_whales_ws/firmware/dev_ws/install/domain_coordinator:/home/paolo/purple_whales_ws/firmware/dev_ws/install/ament_xmllint:/home/paolo/purple_whales_ws/firmware/dev_ws/install/ament_pyflakes:/home/paolo/purple_whales_ws/firmware/dev_ws/install/ament_pycodestyle:/home/paolo/purple_whales_ws/firmware/dev_ws/install/ament_pep257:/home/paolo/purple_whales_ws/firmware/dev_ws/install/ament_pclint:/home/paolo/purple_whales_ws/firmware/dev_ws/install/ament_package:/home/paolo/purple_whales_ws/firmware/dev_ws/install/ament_mypy:/home/paolo/purple_whales_ws/firmware/dev_ws/install/ament_lint_cmake:/home/paolo/purple_whales_ws/firmware/dev_ws/install/ament_flake8:/home/paolo/purple_whales_ws/firmware/dev_ws/install/ament_copyright:/home/paolo/purple_whales_ws/firmware/dev_ws/install/ament_lint:/home/paolo/purple_whales_ws/firmware/dev_ws/install/ament_index_python:/home/paolo/purple_whales_ws/firmware/dev_ws/install/ament_cpplint:/home/paolo/purple_whales_ws/firmware/dev_ws/install/ament_cppcheck:/home/paolo/purple_whales_ws/firmware/dev_ws/install/ament_clang_tidy:/home/paolo/purple_whales_ws/firmware/dev_ws/install/ament_clang_format /usr/bin/cmake --build /home/paolo/purple_whales_ws/firmware/mcu_ws/build/libyaml_vendor -- -j20 -l20
[2.501s] Invoking command in '/home/paolo/purple_whales_ws/firmware/mcu_ws/build/libyaml_vendor': CMAKE_PREFIX_PATH=${CMAKE_PREFIX_PATH}:/home/paolo/purple_whales_ws/firmware/dev_ws/install/ament_uncrustify:/home/paolo/purple_whales_ws/firmware/dev_ws/install/domain_coordinator:/home/paolo/purple_whales_ws/firmware/dev_ws/install/ament_xmllint:/home/paolo/purple_whales_ws/firmware/dev_ws/install/ament_pyflakes:/home/paolo/purple_whales_ws/firmware/dev_ws/install/ament_pycodestyle:/home/paolo/purple_whales_ws/firmware/dev_ws/install/ament_pep257:/home/paolo/purple_whales_ws/firmware/dev_ws/install/ament_pclint:/home/paolo/purple_whales_ws/firmware/dev_ws/install/ament_package:/home/paolo/purple_whales_ws/firmware/dev_ws/install/ament_mypy:/home/paolo/purple_whales_ws/firmware/dev_ws/install/ament_lint_cmake:/home/paolo/purple_whales_ws/firmware/dev_ws/install/ament_flake8:/home/paolo/purple_whales_ws/firmware/dev_ws/install/ament_copyright:/home/paolo/purple_whales_ws/firmware/dev_ws/install/ament_lint:/home/paolo/purple_whales_ws/firmware/dev_ws/install/ament_index_python:/home/paolo/purple_whales_ws/firmware/dev_ws/install/ament_cpplint:/home/paolo/purple_whales_ws/firmware/dev_ws/install/ament_cppcheck:/home/paolo/purple_whales_ws/firmware/dev_ws/install/ament_clang_tidy:/home/paolo/purple_whales_ws/firmware/dev_ws/install/ament_clang_format /usr/bin/cmake --install /home/paolo/purple_whales_ws/firmware/mcu_ws/build/libyaml_vendor
[2.520s] -- Install configuration: "Debug"
[2.520s] -- Up-to-date: /home/paolo/purple_whales_ws/firmware/mcu_ws/install
[2.520s] -- Up-to-date: /home/paolo/purple_whales_ws/firmware/mcu_ws/install/cmake
[2.521s] -- Up-to-date: /home/paolo/purple_whales_ws/firmware/mcu_ws/install/cmake/yamlTargets-debug.cmake
[2.524s] -- Up-to-date: /home/paolo/purple_whales_ws/firmware/mcu_ws/install/cmake/yamlTargets.cmake
[2.525s] -- Up-to-date: /home/paolo/purple_whales_ws/firmware/mcu_ws/install/cmake/yamlConfigVersion.cmake
[2.525s] -- Up-to-date: /home/paolo/purple_whales_ws/firmware/mcu_ws/install/cmake/yamlConfig.cmake
[2.525s] -- Up-to-date: /home/paolo/purple_whales_ws/firmware/mcu_ws/install/include
[2.526s] -- Up-to-date: /home/paolo/purple_whales_ws/firmware/mcu_ws/install/include/libyaml_vendor
[2.527s] -- Up-to-date: /home/paolo/purple_whales_ws/firmware/mcu_ws/install/include/libyaml_vendor/yaml.h
[2.528s] -- Up-to-date: /home/paolo/purple_whales_ws/firmware/mcu_ws/install/lib
[2.528s] -- Up-to-date: /home/paolo/purple_whales_ws/firmware/mcu_ws/install/lib/libyaml.a
[2.528s] -- Up-to-date: /home/paolo/purple_whales_ws/firmware/mcu_ws/install/share/libyaml_vendor/environment/library_path.sh
[2.529s] -- Installing: /home/paolo/purple_whales_ws/firmware/mcu_ws/install/share/libyaml_vendor/environment/library_path.dsv
[2.530s] -- Up-to-date: /home/paolo/purple_whales_ws/firmware/mcu_ws/install/share/ament_index/resource_index/package_run_dependencies/libyaml_vendor
[2.530s] -- Up-to-date: /home/paolo/purple_whales_ws/firmware/mcu_ws/install/share/ament_index/resource_index/parent_prefix_path/libyaml_vendor
[2.532s] -- Up-to-date: /home/paolo/purple_whales_ws/firmware/mcu_ws/install/share/libyaml_vendor/environment/ament_prefix_path.sh
[2.533s] -- Installing: /home/paolo/purple_whales_ws/firmware/mcu_ws/install/share/libyaml_vendor/environment/ament_prefix_path.dsv
[2.533s] -- Up-to-date: /home/paolo/purple_whales_ws/firmware/mcu_ws/install/share/libyaml_vendor/environment/path.sh
[2.533s] -- Installing: /home/paolo/purple_whales_ws/firmware/mcu_ws/install/share/libyaml_vendor/environment/path.dsv
[2.534s] -- Up-to-date: /home/paolo/purple_whales_ws/firmware/mcu_ws/install/share/libyaml_vendor/local_setup.bash
[2.534s] -- Up-to-date: /home/paolo/purple_whales_ws/firmware/mcu_ws/install/share/libyaml_vendor/local_setup.sh
[2.535s] -- Up-to-date: /home/paolo/purple_whales_ws/firmware/mcu_ws/install/share/libyaml_vendor/local_setup.zsh
[2.536s] -- Installing: /home/paolo/purple_whales_ws/firmware/mcu_ws/install/share/libyaml_vendor/local_setup.dsv
[2.537s] -- Installing: /home/paolo/purple_whales_ws/firmware/mcu_ws/install/share/libyaml_vendor/package.dsv
[2.539s] -- Up-to-date: /home/paolo/purple_whales_ws/firmware/mcu_ws/install/share/ament_index/resource_index/packages/libyaml_vendor
[2.540s] -- Up-to-date: /home/paolo/purple_whales_ws/firmware/mcu_ws/install/share/libyaml_vendor/cmake/libyaml_vendor-extras.cmake
[2.541s] -- Up-to-date: /home/paolo/purple_whales_ws/firmware/mcu_ws/install/share/libyaml_vendor/cmake/ament_cmake_export_libraries-extras.cmake
[2.542s] -- Up-to-date: /home/paolo/purple_whales_ws/firmware/mcu_ws/install/share/libyaml_vendor/cmake/ament_cmake_export_dependencies-extras.cmake
[2.542s] -- Up-to-date: /home/paolo/purple_whales_ws/firmware/mcu_ws/install/share/libyaml_vendor/cmake/libyaml_vendorConfig.cmake
[2.542s] -- Up-to-date: /home/paolo/purple_whales_ws/firmware/mcu_ws/install/share/libyaml_vendor/cmake/libyaml_vendorConfig-version.cmake
[2.542s] -- Up-to-date: /home/paolo/purple_whales_ws/firmware/mcu_ws/install/share/libyaml_vendor/package.xml
[2.572s] Invoked command in '/home/paolo/purple_whales_ws/firmware/mcu_ws/build/libyaml_vendor' returned '0': CMAKE_PREFIX_PATH=${CMAKE_PREFIX_PATH}:/home/paolo/purple_whales_ws/firmware/dev_ws/install/ament_uncrustify:/home/paolo/purple_whales_ws/firmware/dev_ws/install/domain_coordinator:/home/paolo/purple_whales_ws/firmware/dev_ws/install/ament_xmllint:/home/paolo/purple_whales_ws/firmware/dev_ws/install/ament_pyflakes:/home/paolo/purple_whales_ws/firmware/dev_ws/install/ament_pycodestyle:/home/paolo/purple_whales_ws/firmware/dev_ws/install/ament_pep257:/home/paolo/purple_whales_ws/firmware/dev_ws/install/ament_pclint:/home/paolo/purple_whales_ws/firmware/dev_ws/install/ament_package:/home/paolo/purple_whales_ws/firmware/dev_ws/install/ament_mypy:/home/paolo/purple_whales_ws/firmware/dev_ws/install/ament_lint_cmake:/home/paolo/purple_whales_ws/firmware/dev_ws/install/ament_flake8:/home/paolo/purple_whales_ws/firmware/dev_ws/install/ament_copyright:/home/paolo/purple_whales_ws/firmware/dev_ws/install/ament_lint:/home/paolo/purple_whales_ws/firmware/dev_ws/install/ament_index_python:/home/paolo/purple_whales_ws/firmware/dev_ws/install/ament_cpplint:/home/paolo/purple_whales_ws/firmware/dev_ws/install/ament_cppcheck:/home/paolo/purple_whales_ws/firmware/dev_ws/install/ament_clang_tidy:/home/paolo/purple_whales_ws/firmware/dev_ws/install/ament_clang_format /usr/bin/cmake --install /home/paolo/purple_whales_ws/firmware/mcu_ws/build/libyaml_vendor
