running egg_info
creating ../../build/signal_detection/signal_detection.egg-info
writing ../../build/signal_detection/signal_detection.egg-info/PKG-INFO
writing dependency_links to ../../build/signal_detection/signal_detection.egg-info/dependency_links.txt
writing entry points to ../../build/signal_detection/signal_detection.egg-info/entry_points.txt
writing requirements to ../../build/signal_detection/signal_detection.egg-info/requires.txt
writing top-level names to ../../build/signal_detection/signal_detection.egg-info/top_level.txt
writing manifest file '../../build/signal_detection/signal_detection.egg-info/SOURCES.txt'
reading manifest file '../../build/signal_detection/signal_detection.egg-info/SOURCES.txt'
adding license file 'LICENSE'
writing manifest file '../../build/signal_detection/signal_detection.egg-info/SOURCES.txt'
running build
running build_py
creating /home/lpm/Purple_Whales/build/signal_detection/build
creating /home/lpm/Purple_Whales/build/signal_detection/build/lib
creating /home/lpm/Purple_Whales/build/signal_detection/build/lib/signal_detection
copying signal_detection/__init__.py -> /home/lpm/Purple_Whales/build/signal_detection/build/lib/signal_detection
copying signal_detection/aruco.py -> /home/lpm/Purple_Whales/build/signal_detection/build/lib/signal_detection
running install
running install_lib
creating /home/lpm/Purple_Whales/install/signal_detection/lib/python3.10/site-packages/signal_detection
copying /home/lpm/Purple_Whales/build/signal_detection/build/lib/signal_detection/__init__.py -> /home/lpm/Purple_Whales/install/signal_detection/lib/python3.10/site-packages/signal_detection
copying /home/lpm/Purple_Whales/build/signal_detection/build/lib/signal_detection/aruco.py -> /home/lpm/Purple_Whales/install/signal_detection/lib/python3.10/site-packages/signal_detection
byte-compiling /home/lpm/Purple_Whales/install/signal_detection/lib/python3.10/site-packages/signal_detection/__init__.py to __init__.cpython-310.pyc
byte-compiling /home/lpm/Purple_Whales/install/signal_detection/lib/python3.10/site-packages/signal_detection/aruco.py to aruco.cpython-310.pyc
running install_data
creating /home/lpm/Purple_Whales/install/signal_detection/share/ament_index
creating /home/lpm/Purple_Whales/install/signal_detection/share/ament_index/resource_index
creating /home/lpm/Purple_Whales/install/signal_detection/share/ament_index/resource_index/packages
copying resource/signal_detection -> /home/lpm/Purple_Whales/install/signal_detection/share/ament_index/resource_index/packages
copying package.xml -> /home/lpm/Purple_Whales/install/signal_detection/share/signal_detection
running install_egg_info
Copying ../../build/signal_detection/signal_detection.egg-info to /home/lpm/Purple_Whales/install/signal_detection/lib/python3.10/site-packages/signal_detection-0.0.0-py3.10.egg-info
running install_scripts
Installing aruco script to /home/lpm/Purple_Whales/install/signal_detection/lib/signal_detection
writing list of installed files to '/home/lpm/Purple_Whales/build/signal_detection/install.log'
