[1.802s] Invoking command in '/home/lpm/Purple_Whales/src/signal_detection': PYTHONPATH=/home/lpm/Purple_Whales/build/signal_detection/prefix_override:/home/lpm/Purple_Whales/install/signal_detection/lib/python3.10/site-packages:${PYTHONPATH} /usr/bin/python3 -W ignore:setup.py install is deprecated setup.py egg_info --egg-base ../../build/signal_detection build --build-base /home/lpm/Purple_Whales/build/signal_detection/build install --record /home/lpm/Purple_Whales/build/signal_detection/install.log --single-version-externally-managed install_data
[2.456s] running egg_info
[2.457s] creating ../../build/signal_detection/signal_detection.egg-info
[2.458s] writing ../../build/signal_detection/signal_detection.egg-info/PKG-INFO
[2.458s] writing dependency_links to ../../build/signal_detection/signal_detection.egg-info/dependency_links.txt
[2.459s] writing entry points to ../../build/signal_detection/signal_detection.egg-info/entry_points.txt
[2.459s] writing requirements to ../../build/signal_detection/signal_detection.egg-info/requires.txt
[2.459s] writing top-level names to ../../build/signal_detection/signal_detection.egg-info/top_level.txt
[2.460s] writing manifest file '../../build/signal_detection/signal_detection.egg-info/SOURCES.txt'
[2.463s] reading manifest file '../../build/signal_detection/signal_detection.egg-info/SOURCES.txt'
[2.464s] adding license file 'LICENSE'
[2.465s] writing manifest file '../../build/signal_detection/signal_detection.egg-info/SOURCES.txt'
[2.465s] running build
[2.466s] running build_py
[2.466s] creating /home/lpm/Purple_Whales/build/signal_detection/build
[2.466s] creating /home/lpm/Purple_Whales/build/signal_detection/build/lib
[2.466s] creating /home/lpm/Purple_Whales/build/signal_detection/build/lib/signal_detection
[2.467s] copying signal_detection/__init__.py -> /home/lpm/Purple_Whales/build/signal_detection/build/lib/signal_detection
[2.467s] copying signal_detection/aruco.py -> /home/lpm/Purple_Whales/build/signal_detection/build/lib/signal_detection
[2.467s] running install
[2.467s] running install_lib
[2.469s] creating /home/lpm/Purple_Whales/install/signal_detection/lib/python3.10/site-packages/signal_detection
[2.469s] copying /home/lpm/Purple_Whales/build/signal_detection/build/lib/signal_detection/__init__.py -> /home/lpm/Purple_Whales/install/signal_detection/lib/python3.10/site-packages/signal_detection
[2.470s] copying /home/lpm/Purple_Whales/build/signal_detection/build/lib/signal_detection/aruco.py -> /home/lpm/Purple_Whales/install/signal_detection/lib/python3.10/site-packages/signal_detection
[2.471s] byte-compiling /home/lpm/Purple_Whales/install/signal_detection/lib/python3.10/site-packages/signal_detection/__init__.py to __init__.cpython-310.pyc
[2.472s] byte-compiling /home/lpm/Purple_Whales/install/signal_detection/lib/python3.10/site-packages/signal_detection/aruco.py to aruco.cpython-310.pyc
[2.473s] running install_data
[2.474s] creating /home/lpm/Purple_Whales/install/signal_detection/share/ament_index
[2.474s] creating /home/lpm/Purple_Whales/install/signal_detection/share/ament_index/resource_index
[2.474s] creating /home/lpm/Purple_Whales/install/signal_detection/share/ament_index/resource_index/packages
[2.474s] copying resource/signal_detection -> /home/lpm/Purple_Whales/install/signal_detection/share/ament_index/resource_index/packages
[2.474s] copying package.xml -> /home/lpm/Purple_Whales/install/signal_detection/share/signal_detection
[2.475s] running install_egg_info
[2.479s] Copying ../../build/signal_detection/signal_detection.egg-info to /home/lpm/Purple_Whales/install/signal_detection/lib/python3.10/site-packages/signal_detection-0.0.0-py3.10.egg-info
[2.481s] running install_scripts
[2.524s] Installing aruco script to /home/lpm/Purple_Whales/install/signal_detection/lib/signal_detection
[2.525s] writing list of installed files to '/home/lpm/Purple_Whales/build/signal_detection/install.log'
[2.576s] Invoked command in '/home/lpm/Purple_Whales/src/signal_detection' returned '0': PYTHONPATH=/home/lpm/Purple_Whales/build/signal_detection/prefix_override:/home/lpm/Purple_Whales/install/signal_detection/lib/python3.10/site-packages:${PYTHONPATH} /usr/bin/python3 -W ignore:setup.py install is deprecated setup.py egg_info --egg-base ../../build/signal_detection build --build-base /home/lpm/Purple_Whales/build/signal_detection/build install --record /home/lpm/Purple_Whales/build/signal_detection/install.log --single-version-externally-managed install_data
