gmake[4]: Entering directory '/home/paolo/purple_whales_ws/firmware/mcu_ws/build/actionlib_msgs'
/usr/bin/cmake -S/home/paolo/purple_whales_ws/firmware/mcu_ws/ros2/common_interfaces/actionlib_msgs -B/home/paolo/purple_whales_ws/firmware/mcu_ws/build/actionlib_msgs --check-build-system CMakeFiles/Makefile.cmake 0
Re-run cmake file: Makefile older than: /home/paolo/purple_whales_ws/firmware/freertos_apps/microros_esp32_extensions/esp32_toolchain.cmake
-- Found ament_cmake: 1.3.8 (/home/paolo/purple_whales_ws/firmware/dev_ws/install/ament_cmake/share/ament_cmake/cmake)
-- Found builtin_interfaces: 1.2.1 (/home/paolo/purple_whales_ws/firmware/mcu_ws/install/share/builtin_interfaces/cmake)
-- Using all available rosidl_typesupport_c: rosidl_typesupport_introspection_c;rosidl_typesupport_microxrcedds_c
-- Found rosidl_adapter: 3.1.5 (/home/paolo/purple_whales_ws/firmware/mcu_ws/install/share/rosidl_adapter/cmake)
-- Found rosidl_default_generators: 1.2.0 (/home/paolo/purple_whales_ws/firmware/mcu_ws/install/share/rosidl_default_generators/cmake)
-- Found std_msgs: 4.2.3 (/home/paolo/purple_whales_ws/firmware/mcu_ws/install/share/std_msgs/cmake)
-- Found ament_cmake_ros: 0.10.0 (/home/paolo/purple_whales_ws/firmware/dev_ws/install/ament_cmake_ros/share/ament_cmake_ros/cmake)
-- Using all available rosidl_typesupport_c: rosidl_typesupport_introspection_c;rosidl_typesupport_microxrcedds_c
-- Configuring done
-- Generating done
-- Build files have been written to: /home/paolo/purple_whales_ws/firmware/mcu_ws/build/actionlib_msgs
/usr/bin/cmake -E cmake_progress_start /home/paolo/purple_whales_ws/firmware/mcu_ws/build/actionlib_msgs/CMakeFiles /home/paolo/purple_whales_ws/firmware/mcu_ws/build/actionlib_msgs//CMakeFiles/progress.marks
/usr/bin/gmake  -f CMakeFiles/Makefile2 all
gmake[5]: Entering directory '/home/paolo/purple_whales_ws/firmware/mcu_ws/build/actionlib_msgs'
/usr/bin/gmake  -f CMakeFiles/actionlib_msgs__rosidl_generator_c.dir/build.make CMakeFiles/actionlib_msgs__rosidl_generator_c.dir/depend
gmake[6]: Entering directory '/home/paolo/purple_whales_ws/firmware/mcu_ws/build/actionlib_msgs'
cd /home/paolo/purple_whales_ws/firmware/mcu_ws/build/actionlib_msgs && /usr/bin/cmake -E cmake_depends "Unix Makefiles" /home/paolo/purple_whales_ws/firmware/mcu_ws/ros2/common_interfaces/actionlib_msgs /home/paolo/purple_whales_ws/firmware/mcu_ws/ros2/common_interfaces/actionlib_msgs /home/paolo/purple_whales_ws/firmware/mcu_ws/build/actionlib_msgs /home/paolo/purple_whales_ws/firmware/mcu_ws/build/actionlib_msgs /home/paolo/purple_whales_ws/firmware/mcu_ws/build/actionlib_msgs/CMakeFiles/actionlib_msgs__rosidl_generator_c.dir/DependInfo.cmake --color=
Dependencies file "CMakeFiles/actionlib_msgs__rosidl_generator_c.dir/rosidl_generator_c/actionlib_msgs/msg/detail/goal_id__functions.c.obj.d" is newer than depends file "/home/paolo/purple_whales_ws/firmware/mcu_ws/build/actionlib_msgs/CMakeFiles/actionlib_msgs__rosidl_generator_c.dir/compiler_depend.internal".
Dependencies file "CMakeFiles/actionlib_msgs__rosidl_generator_c.dir/rosidl_generator_c/actionlib_msgs/msg/detail/goal_status__functions.c.obj.d" is newer than depends file "/home/paolo/purple_whales_ws/firmware/mcu_ws/build/actionlib_msgs/CMakeFiles/actionlib_msgs__rosidl_generator_c.dir/compiler_depend.internal".
Dependencies file "CMakeFiles/actionlib_msgs__rosidl_generator_c.dir/rosidl_generator_c/actionlib_msgs/msg/detail/goal_status_array__functions.c.obj.d" is newer than depends file "/home/paolo/purple_whales_ws/firmware/mcu_ws/build/actionlib_msgs/CMakeFiles/actionlib_msgs__rosidl_generator_c.dir/compiler_depend.internal".
[35m[1mConsolidate compiler generated dependencies of target actionlib_msgs__rosidl_generator_c[0m
gmake[6]: Leaving directory '/home/paolo/purple_whales_ws/firmware/mcu_ws/build/actionlib_msgs'
/usr/bin/gmake  -f CMakeFiles/actionlib_msgs__rosidl_generator_c.dir/build.make CMakeFiles/actionlib_msgs__rosidl_generator_c.dir/build
gmake[6]: Entering directory '/home/paolo/purple_whales_ws/firmware/mcu_ws/build/actionlib_msgs'
[ 15%] [32mBuilding C object CMakeFiles/actionlib_msgs__rosidl_generator_c.dir/rosidl_generator_c/actionlib_msgs/msg/detail/goal_id__functions.c.obj[0m
[ 15%] [32mBuilding C object CMakeFiles/actionlib_msgs__rosidl_generator_c.dir/rosidl_generator_c/actionlib_msgs/msg/detail/goal_status_array__functions.c.obj[0m
[ 15%] [32mBuilding C object CMakeFiles/actionlib_msgs__rosidl_generator_c.dir/rosidl_generator_c/actionlib_msgs/msg/detail/goal_status__functions.c.obj[0m
/home/paolo/purple_whales_ws/firmware/toolchain/espressif/tools/xtensa-esp32-elf/esp-2020r2-8.2.0/xtensa-esp32-elf/bin/xtensa-esp32-elf-gcc -DLWIP_IPV4 -DLWIP_IPV6 -DROS_PACKAGE_NAME=\"actionlib_msgs\" -I/home/paolo/purple_whales_ws/firmware/freertos_apps/microros_esp32_extensions/build/config -I/home/paolo/purple_whales_ws/firmware/toolchain/esp-idf/components/newlib/platform_include -I/home/paolo/purple_whales_ws/firmware/toolchain/esp-idf/components/protocomm/include -I/home/paolo/purple_whales_ws/firmware/toolchain/esp-idf/components/esp_rom/include -I/home/paolo/purple_whales_ws/firmware/toolchain/esp-idf/components/driver/include -I/home/paolo/purple_whales_ws/firmware/toolchain/esp-idf/components/wear_levelling/include -I/home/paolo/purple_whales_ws/firmware/toolchain/esp-idf/components/vfs/include -I/home/paolo/purple_whales_ws/firmware/toolchain/esp-idf/components/log/include -I/home/paolo/purple_whales_ws/firmware/toolchain/esp-idf/components/freertos/include -I/home/paolo/purple_whales_ws/firmware/toolchain/esp-idf/components/wifi_provisioning/include -I/home/paolo/purple_whales_ws/firmware/toolchain/esp-idf/components/pthread/include -I/home/paolo/purple_whales_ws/firmware/toolchain/esp-idf/components/libsodium/libsodium/src/libsodium/include -I/home/paolo/purple_whales_ws/firmware/toolchain/esp-idf/components/coap/port/include -I/home/paolo/purple_whales_ws/firmware/toolchain/esp-idf/components/coap/libcoap/include -I/home/paolo/purple_whales_ws/firmware/toolchain/esp-idf/components/tcp_transport/include -I/home/paolo/purple_whales_ws/firmware/toolchain/esp-idf/components/unity/include -I/home/paolo/purple_whales_ws/firmware/toolchain/esp-idf/components/esp32/include -I/home/paolo/purple_whales_ws/firmware/toolchain/esp-idf/components/asio/port/include -I/home/paolo/purple_whales_ws/firmware/toolchain/esp-idf/components/asio/asio/asio/include -I/home/paolo/purple_whales_ws/firmware/toolchain/esp-idf/components/app_update/include -I/home/paolo/purple_whales_ws/firmware/toolchain/esp-idf/components/esp_ringbuf/include -I/home/paolo/purple_whales_ws/firmware/toolchain/esp-idf/components/soc/esp32/include -I/home/paolo/purple_whales_ws/firmware/toolchain/esp-idf/components/soc/include -I/home/paolo/purple_whales_ws/firmware/toolchain/esp-idf/components/efuse/test/include -I/home/paolo/purple_whales_ws/firmware/toolchain/esp-idf/components/efuse/esp32/include -I/home/paolo/purple_whales_ws/firmware/toolchain/esp-idf/components/efuse/include -I/home/paolo/purple_whales_ws/firmware/toolchain/esp-idf/components/mbedtls/port/include -I/home/paolo/purple_whales_ws/firmware/toolchain/esp-idf/components/mbedtls/mbedtls/include -I/home/paolo/purple_whales_ws/firmware/toolchain/esp-idf/components/xtensa/esp32/include -I/home/paolo/purple_whales_ws/firmware/toolchain/esp-idf/components/xtensa/include -I/home/paolo/purple_whales_ws/firmware/toolchain/esp-idf/components/app_trace/include -I/home/paolo/purple_whales_ws/firmware/toolchain/esp-idf/components/nvs_flash/include -I/home/paolo/purple_whales_ws/firmware/toolchain/esp-idf/components/jsmn/include -I/home/paolo/purple_whales_ws/firmware/toolchain/esp-idf/components/esp_eth/include -I/home/paolo/purple_whales_ws/firmware/toolchain/esp-idf/components/spiffs/include -I/home/paolo/purple_whales_ws/firmware/toolchain/esp-idf/components/ulp/include -I/home/paolo/purple_whales_ws/firmware/toolchain/esp-idf/components/mdns/include -I/home/paolo/purple_whales_ws/firmware/toolchain/esp-idf/components/freemodbus/modbus/include -I/home/paolo/purple_whales_ws/firmware/toolchain/esp-idf/components/freemodbus/common/include -I/home/paolo/purple_whales_ws/firmware/toolchain/esp-idf/components/esp_event/include -I/home/paolo/purple_whales_ws/firmware/toolchain/esp-idf/components/expat/port/include -I/home/paolo/purple_whales_ws/firmware/toolchain/esp-idf/components/bootloader_support/include -I/home/paolo/purple_whales_ws/firmware/toolchain/esp-idf/components/heap/include -I/home/paolo/purple_whales_ws/firmware/toolchain/esp-idf/components/wpa_supplicant/port/include -I/home/paolo/purple_whales_ws/firmware/toolchain/esp-idf/components/wpa_supplicant/include -I/home/paolo/purple_whales_ws/firmware/toolchain/esp-idf/components/tcpip_adapter/include -I/home/paolo/purple_whales_ws/firmware/toolchain/esp-idf/components/openssl/include -I/home/paolo/purple_whales_ws/firmware/toolchain/esp-idf/components/sdmmc/include -I/home/paolo/purple_whales_ws/firmware/toolchain/esp-idf/components/esp_local_ctrl/include -I/home/paolo/purple_whales_ws/firmware/toolchain/esp-idf/components/esp_common/include -I/home/paolo/purple_whales_ws/firmware/toolchain/esp-idf/components/lwip/lwip/src/include/lwip/apps -I/home/paolo/purple_whales_ws/firmware/toolchain/esp-idf/components/lwip/lwip/src/include/compat/posix -I/home/paolo/purple_whales_ws/firmware/toolchain/esp-idf/components/lwip/lwip/src/include -I/home/paolo/purple_whales_ws/firmware/toolchain/esp-idf/components/lwip/port/esp32/include -I/home/paolo/purple_whales_ws/firmware/mcu_ws/build/actionlib_msgs/rosidl_generator_c -isystem /home/paolo/purple_whales_ws/firmware/mcu_ws/install/include/builtin_interfaces -isystem /home/paolo/purple_whales_ws/firmware/mcu_ws/install/include/rosidl_runtime_c -isystem /home/paolo/purple_whales_ws/firmware/mcu_ws/install/include/rcutils -isystem /home/paolo/purple_whales_ws/firmware/mcu_ws/install/include/rosidl_typesupport_interface -isystem /home/paolo/purple_whales_ws/firmware/mcu_ws/install/include/std_msgs -mlongcalls -Wno-frame-address -mlongcalls -Wno-frame-address -g -Wall -std=gnu11 -MD -MT CMakeFiles/actionlib_msgs__rosidl_generator_c.dir/rosidl_generator_c/actionlib_msgs/msg/detail/goal_id__functions.c.obj -MF CMakeFiles/actionlib_msgs__rosidl_generator_c.dir/rosidl_generator_c/actionlib_msgs/msg/detail/goal_id__functions.c.obj.d -o CMakeFiles/actionlib_msgs__rosidl_generator_c.dir/rosidl_generator_c/actionlib_msgs/msg/detail/goal_id__functions.c.obj -c /home/paolo/purple_whales_ws/firmware/mcu_ws/build/actionlib_msgs/rosidl_generator_c/actionlib_msgs/msg/detail/goal_id__functions.c
/home/paolo/purple_whales_ws/firmware/toolchain/espressif/tools/xtensa-esp32-elf/esp-2020r2-8.2.0/xtensa-esp32-elf/bin/xtensa-esp32-elf-gcc -DLWIP_IPV4 -DLWIP_IPV6 -DROS_PACKAGE_NAME=\"actionlib_msgs\" -I/home/paolo/purple_whales_ws/firmware/freertos_apps/microros_esp32_extensions/build/config -I/home/paolo/purple_whales_ws/firmware/toolchain/esp-idf/components/newlib/platform_include -I/home/paolo/purple_whales_ws/firmware/toolchain/esp-idf/components/protocomm/include -I/home/paolo/purple_whales_ws/firmware/toolchain/esp-idf/components/esp_rom/include -I/home/paolo/purple_whales_ws/firmware/toolchain/esp-idf/components/driver/include -I/home/paolo/purple_whales_ws/firmware/toolchain/esp-idf/components/wear_levelling/include -I/home/paolo/purple_whales_ws/firmware/toolchain/esp-idf/components/vfs/include -I/home/paolo/purple_whales_ws/firmware/toolchain/esp-idf/components/log/include -I/home/paolo/purple_whales_ws/firmware/toolchain/esp-idf/components/freertos/include -I/home/paolo/purple_whales_ws/firmware/toolchain/esp-idf/components/wifi_provisioning/include -I/home/paolo/purple_whales_ws/firmware/toolchain/esp-idf/components/pthread/include -I/home/paolo/purple_whales_ws/firmware/toolchain/esp-idf/components/libsodium/libsodium/src/libsodium/include -I/home/paolo/purple_whales_ws/firmware/toolchain/esp-idf/components/coap/port/include -I/home/paolo/purple_whales_ws/firmware/toolchain/esp-idf/components/coap/libcoap/include -I/home/paolo/purple_whales_ws/firmware/toolchain/esp-idf/components/tcp_transport/include -I/home/paolo/purple_whales_ws/firmware/toolchain/esp-idf/components/unity/include -I/home/paolo/purple_whales_ws/firmware/toolchain/esp-idf/components/esp32/include -I/home/paolo/purple_whales_ws/firmware/toolchain/esp-idf/components/asio/port/include -I/home/paolo/purple_whales_ws/firmware/toolchain/esp-idf/components/asio/asio/asio/include -I/home/paolo/purple_whales_ws/firmware/toolchain/esp-idf/components/app_update/include -I/home/paolo/purple_whales_ws/firmware/toolchain/esp-idf/components/esp_ringbuf/include -I/home/paolo/purple_whales_ws/firmware/toolchain/esp-idf/components/soc/esp32/include -I/home/paolo/purple_whales_ws/firmware/toolchain/esp-idf/components/soc/include -I/home/paolo/purple_whales_ws/firmware/toolchain/esp-idf/components/efuse/test/include -I/home/paolo/purple_whales_ws/firmware/toolchain/esp-idf/components/efuse/esp32/include -I/home/paolo/purple_whales_ws/firmware/toolchain/esp-idf/components/efuse/include -I/home/paolo/purple_whales_ws/firmware/toolchain/esp-idf/components/mbedtls/port/include -I/home/paolo/purple_whales_ws/firmware/toolchain/esp-idf/components/mbedtls/mbedtls/include -I/home/paolo/purple_whales_ws/firmware/toolchain/esp-idf/components/xtensa/esp32/include -I/home/paolo/purple_whales_ws/firmware/toolchain/esp-idf/components/xtensa/include -I/home/paolo/purple_whales_ws/firmware/toolchain/esp-idf/components/app_trace/include -I/home/paolo/purple_whales_ws/firmware/toolchain/esp-idf/components/nvs_flash/include -I/home/paolo/purple_whales_ws/firmware/toolchain/esp-idf/components/jsmn/include -I/home/paolo/purple_whales_ws/firmware/toolchain/esp-idf/components/esp_eth/include -I/home/paolo/purple_whales_ws/firmware/toolchain/esp-idf/components/spiffs/include -I/home/paolo/purple_whales_ws/firmware/toolchain/esp-idf/components/ulp/include -I/home/paolo/purple_whales_ws/firmware/toolchain/esp-idf/components/mdns/include -I/home/paolo/purple_whales_ws/firmware/toolchain/esp-idf/components/freemodbus/modbus/include -I/home/paolo/purple_whales_ws/firmware/toolchain/esp-idf/components/freemodbus/common/include -I/home/paolo/purple_whales_ws/firmware/toolchain/esp-idf/components/esp_event/include -I/home/paolo/purple_whales_ws/firmware/toolchain/esp-idf/components/expat/port/include -I/home/paolo/purple_whales_ws/firmware/toolchain/esp-idf/components/bootloader_support/include -I/home/paolo/purple_whales_ws/firmware/toolchain/esp-idf/components/heap/include -I/home/paolo/purple_whales_ws/firmware/toolchain/esp-idf/components/wpa_supplicant/port/include -I/home/paolo/purple_whales_ws/firmware/toolchain/esp-idf/components/wpa_supplicant/include -I/home/paolo/purple_whales_ws/firmware/toolchain/esp-idf/components/tcpip_adapter/include -I/home/paolo/purple_whales_ws/firmware/toolchain/esp-idf/components/openssl/include -I/home/paolo/purple_whales_ws/firmware/toolchain/esp-idf/components/sdmmc/include -I/home/paolo/purple_whales_ws/firmware/toolchain/esp-idf/components/esp_local_ctrl/include -I/home/paolo/purple_whales_ws/firmware/toolchain/esp-idf/components/esp_common/include -I/home/paolo/purple_whales_ws/firmware/toolchain/esp-idf/components/lwip/lwip/src/include/lwip/apps -I/home/paolo/purple_whales_ws/firmware/toolchain/esp-idf/components/lwip/lwip/src/include/compat/posix -I/home/paolo/purple_whales_ws/firmware/toolchain/esp-idf/components/lwip/lwip/src/include -I/home/paolo/purple_whales_ws/firmware/toolchain/esp-idf/components/lwip/port/esp32/include -I/home/paolo/purple_whales_ws/firmware/mcu_ws/build/actionlib_msgs/rosidl_generator_c -isystem /home/paolo/purple_whales_ws/firmware/mcu_ws/install/include/builtin_interfaces -isystem /home/paolo/purple_whales_ws/firmware/mcu_ws/install/include/rosidl_runtime_c -isystem /home/paolo/purple_whales_ws/firmware/mcu_ws/install/include/rcutils -isystem /home/paolo/purple_whales_ws/firmware/mcu_ws/install/include/rosidl_typesupport_interface -isystem /home/paolo/purple_whales_ws/firmware/mcu_ws/install/include/std_msgs -mlongcalls -Wno-frame-address -mlongcalls -Wno-frame-address -g -Wall -std=gnu11 -MD -MT CMakeFiles/actionlib_msgs__rosidl_generator_c.dir/rosidl_generator_c/actionlib_msgs/msg/detail/goal_status__functions.c.obj -MF CMakeFiles/actionlib_msgs__rosidl_generator_c.dir/rosidl_generator_c/actionlib_msgs/msg/detail/goal_status__functions.c.obj.d -o CMakeFiles/actionlib_msgs__rosidl_generator_c.dir/rosidl_generator_c/actionlib_msgs/msg/detail/goal_status__functions.c.obj -c /home/paolo/purple_whales_ws/firmware/mcu_ws/build/actionlib_msgs/rosidl_generator_c/actionlib_msgs/msg/detail/goal_status__functions.c
/home/paolo/purple_whales_ws/firmware/toolchain/espressif/tools/xtensa-esp32-elf/esp-2020r2-8.2.0/xtensa-esp32-elf/bin/xtensa-esp32-elf-gcc -DLWIP_IPV4 -DLWIP_IPV6 -DROS_PACKAGE_NAME=\"actionlib_msgs\" -I/home/paolo/purple_whales_ws/firmware/freertos_apps/microros_esp32_extensions/build/config -I/home/paolo/purple_whales_ws/firmware/toolchain/esp-idf/components/newlib/platform_include -I/home/paolo/purple_whales_ws/firmware/toolchain/esp-idf/components/protocomm/include -I/home/paolo/purple_whales_ws/firmware/toolchain/esp-idf/components/esp_rom/include -I/home/paolo/purple_whales_ws/firmware/toolchain/esp-idf/components/driver/include -I/home/paolo/purple_whales_ws/firmware/toolchain/esp-idf/components/wear_levelling/include -I/home/paolo/purple_whales_ws/firmware/toolchain/esp-idf/components/vfs/include -I/home/paolo/purple_whales_ws/firmware/toolchain/esp-idf/components/log/include -I/home/paolo/purple_whales_ws/firmware/toolchain/esp-idf/components/freertos/include -I/home/paolo/purple_whales_ws/firmware/toolchain/esp-idf/components/wifi_provisioning/include -I/home/paolo/purple_whales_ws/firmware/toolchain/esp-idf/components/pthread/include -I/home/paolo/purple_whales_ws/firmware/toolchain/esp-idf/components/libsodium/libsodium/src/libsodium/include -I/home/paolo/purple_whales_ws/firmware/toolchain/esp-idf/components/coap/port/include -I/home/paolo/purple_whales_ws/firmware/toolchain/esp-idf/components/coap/libcoap/include -I/home/paolo/purple_whales_ws/firmware/toolchain/esp-idf/components/tcp_transport/include -I/home/paolo/purple_whales_ws/firmware/toolchain/esp-idf/components/unity/include -I/home/paolo/purple_whales_ws/firmware/toolchain/esp-idf/components/esp32/include -I/home/paolo/purple_whales_ws/firmware/toolchain/esp-idf/components/asio/port/include -I/home/paolo/purple_whales_ws/firmware/toolchain/esp-idf/components/asio/asio/asio/include -I/home/paolo/purple_whales_ws/firmware/toolchain/esp-idf/components/app_update/include -I/home/paolo/purple_whales_ws/firmware/toolchain/esp-idf/components/esp_ringbuf/include -I/home/paolo/purple_whales_ws/firmware/toolchain/esp-idf/components/soc/esp32/include -I/home/paolo/purple_whales_ws/firmware/toolchain/esp-idf/components/soc/include -I/home/paolo/purple_whales_ws/firmware/toolchain/esp-idf/components/efuse/test/include -I/home/paolo/purple_whales_ws/firmware/toolchain/esp-idf/components/efuse/esp32/include -I/home/paolo/purple_whales_ws/firmware/toolchain/esp-idf/components/efuse/include -I/home/paolo/purple_whales_ws/firmware/toolchain/esp-idf/components/mbedtls/port/include -I/home/paolo/purple_whales_ws/firmware/toolchain/esp-idf/components/mbedtls/mbedtls/include -I/home/paolo/purple_whales_ws/firmware/toolchain/esp-idf/components/xtensa/esp32/include -I/home/paolo/purple_whales_ws/firmware/toolchain/esp-idf/components/xtensa/include -I/home/paolo/purple_whales_ws/firmware/toolchain/esp-idf/components/app_trace/include -I/home/paolo/purple_whales_ws/firmware/toolchain/esp-idf/components/nvs_flash/include -I/home/paolo/purple_whales_ws/firmware/toolchain/esp-idf/components/jsmn/include -I/home/paolo/purple_whales_ws/firmware/toolchain/esp-idf/components/esp_eth/include -I/home/paolo/purple_whales_ws/firmware/toolchain/esp-idf/components/spiffs/include -I/home/paolo/purple_whales_ws/firmware/toolchain/esp-idf/components/ulp/include -I/home/paolo/purple_whales_ws/firmware/toolchain/esp-idf/components/mdns/include -I/home/paolo/purple_whales_ws/firmware/toolchain/esp-idf/components/freemodbus/modbus/include -I/home/paolo/purple_whales_ws/firmware/toolchain/esp-idf/components/freemodbus/common/include -I/home/paolo/purple_whales_ws/firmware/toolchain/esp-idf/components/esp_event/include -I/home/paolo/purple_whales_ws/firmware/toolchain/esp-idf/components/expat/port/include -I/home/paolo/purple_whales_ws/firmware/toolchain/esp-idf/components/bootloader_support/include -I/home/paolo/purple_whales_ws/firmware/toolchain/esp-idf/components/heap/include -I/home/paolo/purple_whales_ws/firmware/toolchain/esp-idf/components/wpa_supplicant/port/include -I/home/paolo/purple_whales_ws/firmware/toolchain/esp-idf/components/wpa_supplicant/include -I/home/paolo/purple_whales_ws/firmware/toolchain/esp-idf/components/tcpip_adapter/include -I/home/paolo/purple_whales_ws/firmware/toolchain/esp-idf/components/openssl/include -I/home/paolo/purple_whales_ws/firmware/toolchain/esp-idf/components/sdmmc/include -I/home/paolo/purple_whales_ws/firmware/toolchain/esp-idf/components/esp_local_ctrl/include -I/home/paolo/purple_whales_ws/firmware/toolchain/esp-idf/components/esp_common/include -I/home/paolo/purple_whales_ws/firmware/toolchain/esp-idf/components/lwip/lwip/src/include/lwip/apps -I/home/paolo/purple_whales_ws/firmware/toolchain/esp-idf/components/lwip/lwip/src/include/compat/posix -I/home/paolo/purple_whales_ws/firmware/toolchain/esp-idf/components/lwip/lwip/src/include -I/home/paolo/purple_whales_ws/firmware/toolchain/esp-idf/components/lwip/port/esp32/include -I/home/paolo/purple_whales_ws/firmware/mcu_ws/build/actionlib_msgs/rosidl_generator_c -isystem /home/paolo/purple_whales_ws/firmware/mcu_ws/install/include/builtin_interfaces -isystem /home/paolo/purple_whales_ws/firmware/mcu_ws/install/include/rosidl_runtime_c -isystem /home/paolo/purple_whales_ws/firmware/mcu_ws/install/include/rcutils -isystem /home/paolo/purple_whales_ws/firmware/mcu_ws/install/include/rosidl_typesupport_interface -isystem /home/paolo/purple_whales_ws/firmware/mcu_ws/install/include/std_msgs -mlongcalls -Wno-frame-address -mlongcalls -Wno-frame-address -g -Wall -std=gnu11 -MD -MT CMakeFiles/actionlib_msgs__rosidl_generator_c.dir/rosidl_generator_c/actionlib_msgs/msg/detail/goal_status_array__functions.c.obj -MF CMakeFiles/actionlib_msgs__rosidl_generator_c.dir/rosidl_generator_c/actionlib_msgs/msg/detail/goal_status_array__functions.c.obj.d -o CMakeFiles/actionlib_msgs__rosidl_generator_c.dir/rosidl_generator_c/actionlib_msgs/msg/detail/goal_status_array__functions.c.obj -c /home/paolo/purple_whales_ws/firmware/mcu_ws/build/actionlib_msgs/rosidl_generator_c/actionlib_msgs/msg/detail/goal_status_array__functions.c
[ 20%] [32m[1mLinking C static library libactionlib_msgs__rosidl_generator_c.a[0m
/usr/bin/cmake -P CMakeFiles/actionlib_msgs__rosidl_generator_c.dir/cmake_clean_target.cmake
/usr/bin/cmake -E cmake_link_script CMakeFiles/actionlib_msgs__rosidl_generator_c.dir/link.txt --verbose=1
/home/paolo/purple_whales_ws/firmware/toolchain/espressif/tools/xtensa-esp32-elf/esp-2020r2-8.2.0/xtensa-esp32-elf/bin/xtensa-esp32-elf-ar qc libactionlib_msgs__rosidl_generator_c.a CMakeFiles/actionlib_msgs__rosidl_generator_c.dir/rosidl_generator_c/actionlib_msgs/msg/detail/goal_id__functions.c.obj CMakeFiles/actionlib_msgs__rosidl_generator_c.dir/rosidl_generator_c/actionlib_msgs/msg/detail/goal_status__functions.c.obj CMakeFiles/actionlib_msgs__rosidl_generator_c.dir/rosidl_generator_c/actionlib_msgs/msg/detail/goal_status_array__functions.c.obj
/home/paolo/purple_whales_ws/firmware/toolchain/espressif/tools/xtensa-esp32-elf/esp-2020r2-8.2.0/xtensa-esp32-elf/bin/xtensa-esp32-elf-ranlib libactionlib_msgs__rosidl_generator_c.a
gmake[6]: Leaving directory '/home/paolo/purple_whales_ws/firmware/mcu_ws/build/actionlib_msgs'
[ 25%] Built target actionlib_msgs__rosidl_generator_c
/usr/bin/gmake  -f CMakeFiles/actionlib_msgs__rosidl_typesupport_introspection_c.dir/build.make CMakeFiles/actionlib_msgs__rosidl_typesupport_introspection_c.dir/depend
/usr/bin/gmake  -f CMakeFiles/actionlib_msgs__rosidl_typesupport_c.dir/build.make CMakeFiles/actionlib_msgs__rosidl_typesupport_c.dir/depend
/usr/bin/gmake  -f CMakeFiles/actionlib_msgs__rosidl_typesupport_microxrcedds_c.dir/build.make CMakeFiles/actionlib_msgs__rosidl_typesupport_microxrcedds_c.dir/depend
gmake[6]: Entering directory '/home/paolo/purple_whales_ws/firmware/mcu_ws/build/actionlib_msgs'
gmake[6]: Entering directory '/home/paolo/purple_whales_ws/firmware/mcu_ws/build/actionlib_msgs'
cd /home/paolo/purple_whales_ws/firmware/mcu_ws/build/actionlib_msgs && /usr/bin/cmake -E cmake_depends "Unix Makefiles" /home/paolo/purple_whales_ws/firmware/mcu_ws/ros2/common_interfaces/actionlib_msgs /home/paolo/purple_whales_ws/firmware/mcu_ws/ros2/common_interfaces/actionlib_msgs /home/paolo/purple_whales_ws/firmware/mcu_ws/build/actionlib_msgs /home/paolo/purple_whales_ws/firmware/mcu_ws/build/actionlib_msgs /home/paolo/purple_whales_ws/firmware/mcu_ws/build/actionlib_msgs/CMakeFiles/actionlib_msgs__rosidl_typesupport_introspection_c.dir/DependInfo.cmake --color=
cd /home/paolo/purple_whales_ws/firmware/mcu_ws/build/actionlib_msgs && /usr/bin/cmake -E cmake_depends "Unix Makefiles" /home/paolo/purple_whales_ws/firmware/mcu_ws/ros2/common_interfaces/actionlib_msgs /home/paolo/purple_whales_ws/firmware/mcu_ws/ros2/common_interfaces/actionlib_msgs /home/paolo/purple_whales_ws/firmware/mcu_ws/build/actionlib_msgs /home/paolo/purple_whales_ws/firmware/mcu_ws/build/actionlib_msgs /home/paolo/purple_whales_ws/firmware/mcu_ws/build/actionlib_msgs/CMakeFiles/actionlib_msgs__rosidl_typesupport_microxrcedds_c.dir/DependInfo.cmake --color=
gmake[6]: Entering directory '/home/paolo/purple_whales_ws/firmware/mcu_ws/build/actionlib_msgs'
cd /home/paolo/purple_whales_ws/firmware/mcu_ws/build/actionlib_msgs && /usr/bin/cmake -E cmake_depends "Unix Makefiles" /home/paolo/purple_whales_ws/firmware/mcu_ws/ros2/common_interfaces/actionlib_msgs /home/paolo/purple_whales_ws/firmware/mcu_ws/ros2/common_interfaces/actionlib_msgs /home/paolo/purple_whales_ws/firmware/mcu_ws/build/actionlib_msgs /home/paolo/purple_whales_ws/firmware/mcu_ws/build/actionlib_msgs /home/paolo/purple_whales_ws/firmware/mcu_ws/build/actionlib_msgs/CMakeFiles/actionlib_msgs__rosidl_typesupport_c.dir/DependInfo.cmake --color=
Dependencies file "CMakeFiles/actionlib_msgs__rosidl_typesupport_c.dir/rosidl_typesupport_c/actionlib_msgs/msg/goal_id__type_support.cpp.obj.d" is newer than depends file "/home/paolo/purple_whales_ws/firmware/mcu_ws/build/actionlib_msgs/CMakeFiles/actionlib_msgs__rosidl_typesupport_c.dir/compiler_depend.internal".
Dependencies file "CMakeFiles/actionlib_msgs__rosidl_typesupport_microxrcedds_c.dir/rosidl_typesupport_microxrcedds_c/actionlib_msgs/msg/detail/microxrcedds/goal_id__type_support_c.c.obj.d" is newer than depends file "/home/paolo/purple_whales_ws/firmware/mcu_ws/build/actionlib_msgs/CMakeFiles/actionlib_msgs__rosidl_typesupport_microxrcedds_c.dir/compiler_depend.internal".
Dependencies file "CMakeFiles/actionlib_msgs__rosidl_typesupport_introspection_c.dir/rosidl_typesupport_introspection_c/actionlib_msgs/msg/detail/goal_id__type_support.c.obj.d" is newer than depends file "/home/paolo/purple_whales_ws/firmware/mcu_ws/build/actionlib_msgs/CMakeFiles/actionlib_msgs__rosidl_typesupport_introspection_c.dir/compiler_depend.internal".
Dependencies file "CMakeFiles/actionlib_msgs__rosidl_typesupport_microxrcedds_c.dir/rosidl_typesupport_microxrcedds_c/actionlib_msgs/msg/detail/microxrcedds/goal_status__type_support_c.c.obj.d" is newer than depends file "/home/paolo/purple_whales_ws/firmware/mcu_ws/build/actionlib_msgs/CMakeFiles/actionlib_msgs__rosidl_typesupport_microxrcedds_c.dir/compiler_depend.internal".
Dependencies file "CMakeFiles/actionlib_msgs__rosidl_typesupport_c.dir/rosidl_typesupport_c/actionlib_msgs/msg/goal_status__type_support.cpp.obj.d" is newer than depends file "/home/paolo/purple_whales_ws/firmware/mcu_ws/build/actionlib_msgs/CMakeFiles/actionlib_msgs__rosidl_typesupport_c.dir/compiler_depend.internal".
Dependencies file "CMakeFiles/actionlib_msgs__rosidl_typesupport_introspection_c.dir/rosidl_typesupport_introspection_c/actionlib_msgs/msg/detail/goal_status__type_support.c.obj.d" is newer than depends file "/home/paolo/purple_whales_ws/firmware/mcu_ws/build/actionlib_msgs/CMakeFiles/actionlib_msgs__rosidl_typesupport_introspection_c.dir/compiler_depend.internal".
Dependencies file "CMakeFiles/actionlib_msgs__rosidl_typesupport_c.dir/rosidl_typesupport_c/actionlib_msgs/msg/goal_status_array__type_support.cpp.obj.d" is newer than depends file "/home/paolo/purple_whales_ws/firmware/mcu_ws/build/actionlib_msgs/CMakeFiles/actionlib_msgs__rosidl_typesupport_c.dir/compiler_depend.internal".
Dependencies file "CMakeFiles/actionlib_msgs__rosidl_typesupport_microxrcedds_c.dir/rosidl_typesupport_microxrcedds_c/actionlib_msgs/msg/detail/microxrcedds/goal_status_array__type_support_c.c.obj.d" is newer than depends file "/home/paolo/purple_whales_ws/firmware/mcu_ws/build/actionlib_msgs/CMakeFiles/actionlib_msgs__rosidl_typesupport_microxrcedds_c.dir/compiler_depend.internal".
Dependencies file "CMakeFiles/actionlib_msgs__rosidl_typesupport_introspection_c.dir/rosidl_typesupport_introspection_c/actionlib_msgs/msg/detail/goal_status_array__type_support.c.obj.d" is newer than depends file "/home/paolo/purple_whales_ws/firmware/mcu_ws/build/actionlib_msgs/CMakeFiles/actionlib_msgs__rosidl_typesupport_introspection_c.dir/compiler_depend.internal".
[35m[1mConsolidate compiler generated dependencies of target actionlib_msgs__rosidl_typesupport_microxrcedds_c[0m
[35m[1mConsolidate compiler generated dependencies of target actionlib_msgs__rosidl_typesupport_c[0m
[35m[1mConsolidate compiler generated dependencies of target actionlib_msgs__rosidl_typesupport_introspection_c[0m
gmake[6]: Leaving directory '/home/paolo/purple_whales_ws/firmware/mcu_ws/build/actionlib_msgs'
gmake[6]: Leaving directory '/home/paolo/purple_whales_ws/firmware/mcu_ws/build/actionlib_msgs'
gmake[6]: Leaving directory '/home/paolo/purple_whales_ws/firmware/mcu_ws/build/actionlib_msgs'
/usr/bin/gmake  -f CMakeFiles/actionlib_msgs__rosidl_typesupport_introspection_c.dir/build.make CMakeFiles/actionlib_msgs__rosidl_typesupport_introspection_c.dir/build
/usr/bin/gmake  -f CMakeFiles/actionlib_msgs__rosidl_typesupport_c.dir/build.make CMakeFiles/actionlib_msgs__rosidl_typesupport_c.dir/build
/usr/bin/gmake  -f CMakeFiles/actionlib_msgs__rosidl_typesupport_microxrcedds_c.dir/build.make CMakeFiles/actionlib_msgs__rosidl_typesupport_microxrcedds_c.dir/build
gmake[6]: Entering directory '/home/paolo/purple_whales_ws/firmware/mcu_ws/build/actionlib_msgs'
gmake[6]: Entering directory '/home/paolo/purple_whales_ws/firmware/mcu_ws/build/actionlib_msgs'
gmake[6]: Nothing to be done for 'CMakeFiles/actionlib_msgs__rosidl_typesupport_c.dir/build'.
gmake[6]: Nothing to be done for 'CMakeFiles/actionlib_msgs__rosidl_typesupport_introspection_c.dir/build'.
gmake[6]: Leaving directory '/home/paolo/purple_whales_ws/firmware/mcu_ws/build/actionlib_msgs'
gmake[6]: Leaving directory '/home/paolo/purple_whales_ws/firmware/mcu_ws/build/actionlib_msgs'
gmake[6]: Entering directory '/home/paolo/purple_whales_ws/firmware/mcu_ws/build/actionlib_msgs'
gmake[6]: Nothing to be done for 'CMakeFiles/actionlib_msgs__rosidl_typesupport_microxrcedds_c.dir/build'.
gmake[6]: Leaving directory '/home/paolo/purple_whales_ws/firmware/mcu_ws/build/actionlib_msgs'
[ 85%] Built target actionlib_msgs__rosidl_typesupport_microxrcedds_c
[100%] Built target actionlib_msgs__rosidl_typesupport_c
[100%] Built target actionlib_msgs__rosidl_typesupport_introspection_c
/usr/bin/gmake  -f CMakeFiles/actionlib_msgs.dir/build.make CMakeFiles/actionlib_msgs.dir/depend
gmake[6]: Entering directory '/home/paolo/purple_whales_ws/firmware/mcu_ws/build/actionlib_msgs'
cd /home/paolo/purple_whales_ws/firmware/mcu_ws/build/actionlib_msgs && /usr/bin/cmake -E cmake_depends "Unix Makefiles" /home/paolo/purple_whales_ws/firmware/mcu_ws/ros2/common_interfaces/actionlib_msgs /home/paolo/purple_whales_ws/firmware/mcu_ws/ros2/common_interfaces/actionlib_msgs /home/paolo/purple_whales_ws/firmware/mcu_ws/build/actionlib_msgs /home/paolo/purple_whales_ws/firmware/mcu_ws/build/actionlib_msgs /home/paolo/purple_whales_ws/firmware/mcu_ws/build/actionlib_msgs/CMakeFiles/actionlib_msgs.dir/DependInfo.cmake --color=
gmake[6]: Leaving directory '/home/paolo/purple_whales_ws/firmware/mcu_ws/build/actionlib_msgs'
/usr/bin/gmake  -f CMakeFiles/actionlib_msgs.dir/build.make CMakeFiles/actionlib_msgs.dir/build
gmake[6]: Entering directory '/home/paolo/purple_whales_ws/firmware/mcu_ws/build/actionlib_msgs'
gmake[6]: Nothing to be done for 'CMakeFiles/actionlib_msgs.dir/build'.
gmake[6]: Leaving directory '/home/paolo/purple_whales_ws/firmware/mcu_ws/build/actionlib_msgs'
[100%] Built target actionlib_msgs
gmake[5]: Leaving directory '/home/paolo/purple_whales_ws/firmware/mcu_ws/build/actionlib_msgs'
/usr/bin/cmake -E cmake_progress_start /home/paolo/purple_whales_ws/firmware/mcu_ws/build/actionlib_msgs/CMakeFiles 0
gmake[4]: Leaving directory '/home/paolo/purple_whales_ws/firmware/mcu_ws/build/actionlib_msgs'
-- Install configuration: "Debug"
-- Up-to-date: /home/paolo/purple_whales_ws/firmware/mcu_ws/install/share/ament_index/resource_index/rosidl_interfaces/actionlib_msgs
-- Up-to-date: /home/paolo/purple_whales_ws/firmware/mcu_ws/install/include/actionlib_msgs/actionlib_msgs
-- Up-to-date: /home/paolo/purple_whales_ws/firmware/mcu_ws/install/include/actionlib_msgs/actionlib_msgs/msg
-- Up-to-date: /home/paolo/purple_whales_ws/firmware/mcu_ws/install/include/actionlib_msgs/actionlib_msgs/msg/goal_id.h
-- Up-to-date: /home/paolo/purple_whales_ws/firmware/mcu_ws/install/include/actionlib_msgs/actionlib_msgs/msg/detail
-- Up-to-date: /home/paolo/purple_whales_ws/firmware/mcu_ws/install/include/actionlib_msgs/actionlib_msgs/msg/detail/goal_status__type_support.h
-- Up-to-date: /home/paolo/purple_whales_ws/firmware/mcu_ws/install/include/actionlib_msgs/actionlib_msgs/msg/detail/goal_status__functions.h
-- Up-to-date: /home/paolo/purple_whales_ws/firmware/mcu_ws/install/include/actionlib_msgs/actionlib_msgs/msg/detail/goal_status_array__functions.h
-- Up-to-date: /home/paolo/purple_whales_ws/firmware/mcu_ws/install/include/actionlib_msgs/actionlib_msgs/msg/detail/goal_status_array__functions.c
-- Up-to-date: /home/paolo/purple_whales_ws/firmware/mcu_ws/install/include/actionlib_msgs/actionlib_msgs/msg/detail/goal_status_array__type_support.h
-- Up-to-date: /home/paolo/purple_whales_ws/firmware/mcu_ws/install/include/actionlib_msgs/actionlib_msgs/msg/detail/goal_status__struct.h
-- Up-to-date: /home/paolo/purple_whales_ws/firmware/mcu_ws/install/include/actionlib_msgs/actionlib_msgs/msg/detail/goal_id__struct.h
-- Up-to-date: /home/paolo/purple_whales_ws/firmware/mcu_ws/install/include/actionlib_msgs/actionlib_msgs/msg/detail/goal_id__functions.h
-- Up-to-date: /home/paolo/purple_whales_ws/firmware/mcu_ws/install/include/actionlib_msgs/actionlib_msgs/msg/detail/goal_status__functions.c
-- Up-to-date: /home/paolo/purple_whales_ws/firmware/mcu_ws/install/include/actionlib_msgs/actionlib_msgs/msg/detail/goal_id__type_support.h
-- Up-to-date: /home/paolo/purple_whales_ws/firmware/mcu_ws/install/include/actionlib_msgs/actionlib_msgs/msg/detail/goal_id__functions.c
-- Up-to-date: /home/paolo/purple_whales_ws/firmware/mcu_ws/install/include/actionlib_msgs/actionlib_msgs/msg/detail/goal_status_array__struct.h
-- Up-to-date: /home/paolo/purple_whales_ws/firmware/mcu_ws/install/include/actionlib_msgs/actionlib_msgs/msg/rosidl_generator_c__visibility_control.h
-- Up-to-date: /home/paolo/purple_whales_ws/firmware/mcu_ws/install/include/actionlib_msgs/actionlib_msgs/msg/goal_status_array.h
-- Up-to-date: /home/paolo/purple_whales_ws/firmware/mcu_ws/install/include/actionlib_msgs/actionlib_msgs/msg/goal_status.h
-- Up-to-date: /home/paolo/purple_whales_ws/firmware/mcu_ws/install/share/actionlib_msgs/environment/library_path.sh
-- Installing: /home/paolo/purple_whales_ws/firmware/mcu_ws/install/share/actionlib_msgs/environment/library_path.dsv
-- Installing: /home/paolo/purple_whales_ws/firmware/mcu_ws/install/lib/libactionlib_msgs__rosidl_generator_c.a
-- Up-to-date: /home/paolo/purple_whales_ws/firmware/mcu_ws/install/include/actionlib_msgs/actionlib_msgs
-- Up-to-date: /home/paolo/purple_whales_ws/firmware/mcu_ws/install/include/actionlib_msgs/actionlib_msgs/msg
-- Up-to-date: /home/paolo/purple_whales_ws/firmware/mcu_ws/install/include/actionlib_msgs/actionlib_msgs/msg/detail
-- Up-to-date: /home/paolo/purple_whales_ws/firmware/mcu_ws/install/include/actionlib_msgs/actionlib_msgs/msg/detail/goal_id__rosidl_typesupport_introspection_c.h
-- Up-to-date: /home/paolo/purple_whales_ws/firmware/mcu_ws/install/include/actionlib_msgs/actionlib_msgs/msg/detail/goal_status_array__type_support.c
-- Up-to-date: /home/paolo/purple_whales_ws/firmware/mcu_ws/install/include/actionlib_msgs/actionlib_msgs/msg/detail/goal_status__type_support.c
-- Up-to-date: /home/paolo/purple_whales_ws/firmware/mcu_ws/install/include/actionlib_msgs/actionlib_msgs/msg/detail/goal_status_array__rosidl_typesupport_introspection_c.h
-- Up-to-date: /home/paolo/purple_whales_ws/firmware/mcu_ws/install/include/actionlib_msgs/actionlib_msgs/msg/detail/goal_id__type_support.c
-- Up-to-date: /home/paolo/purple_whales_ws/firmware/mcu_ws/install/include/actionlib_msgs/actionlib_msgs/msg/detail/goal_status__rosidl_typesupport_introspection_c.h
-- Up-to-date: /home/paolo/purple_whales_ws/firmware/mcu_ws/install/include/actionlib_msgs/actionlib_msgs/msg/rosidl_typesupport_introspection_c__visibility_control.h
-- Up-to-date: /home/paolo/purple_whales_ws/firmware/mcu_ws/install/lib/libactionlib_msgs__rosidl_typesupport_introspection_c.a
-- Up-to-date: /home/paolo/purple_whales_ws/firmware/mcu_ws/install/include/actionlib_msgs
-- Up-to-date: /home/paolo/purple_whales_ws/firmware/mcu_ws/install/include/actionlib_msgs/msg
-- Up-to-date: /home/paolo/purple_whales_ws/firmware/mcu_ws/install/include/actionlib_msgs/msg/detail
-- Up-to-date: /home/paolo/purple_whales_ws/firmware/mcu_ws/install/include/actionlib_msgs/msg/detail/microxrcedds
-- Up-to-date: /home/paolo/purple_whales_ws/firmware/mcu_ws/install/include/actionlib_msgs/msg/detail/goal_id__rosidl_typesupport_microxrcedds_c.h
-- Up-to-date: /home/paolo/purple_whales_ws/firmware/mcu_ws/install/include/actionlib_msgs/msg/detail/goal_status_array__rosidl_typesupport_microxrcedds_c.h
-- Up-to-date: /home/paolo/purple_whales_ws/firmware/mcu_ws/install/include/actionlib_msgs/msg/detail/goal_status__rosidl_typesupport_microxrcedds_c.h
-- Up-to-date: /home/paolo/purple_whales_ws/firmware/mcu_ws/install/include/actionlib_msgs/msg/rosidl_typesupport_microxrcedds_c__visibility_control.h
-- Up-to-date: /home/paolo/purple_whales_ws/firmware/mcu_ws/install/lib/libactionlib_msgs__rosidl_typesupport_microxrcedds_c.a
-- Up-to-date: /home/paolo/purple_whales_ws/firmware/mcu_ws/install/lib/libactionlib_msgs__rosidl_typesupport_c.a
-- Up-to-date: /home/paolo/purple_whales_ws/firmware/mcu_ws/install/share/actionlib_msgs/msg/GoalID.idl
-- Up-to-date: /home/paolo/purple_whales_ws/firmware/mcu_ws/install/share/actionlib_msgs/msg/GoalStatus.idl
-- Up-to-date: /home/paolo/purple_whales_ws/firmware/mcu_ws/install/share/actionlib_msgs/msg/GoalStatusArray.idl
-- Up-to-date: /home/paolo/purple_whales_ws/firmware/mcu_ws/install/share/actionlib_msgs/msg/GoalID.msg
-- Up-to-date: /home/paolo/purple_whales_ws/firmware/mcu_ws/install/share/actionlib_msgs/msg/GoalStatus.msg
-- Up-to-date: /home/paolo/purple_whales_ws/firmware/mcu_ws/install/share/actionlib_msgs/msg/GoalStatusArray.msg
-- Up-to-date: /home/paolo/purple_whales_ws/firmware/mcu_ws/install/share/ament_index/resource_index/package_run_dependencies/actionlib_msgs
-- Up-to-date: /home/paolo/purple_whales_ws/firmware/mcu_ws/install/share/ament_index/resource_index/parent_prefix_path/actionlib_msgs
-- Up-to-date: /home/paolo/purple_whales_ws/firmware/mcu_ws/install/share/actionlib_msgs/environment/ament_prefix_path.sh
-- Installing: /home/paolo/purple_whales_ws/firmware/mcu_ws/install/share/actionlib_msgs/environment/ament_prefix_path.dsv
-- Up-to-date: /home/paolo/purple_whales_ws/firmware/mcu_ws/install/share/actionlib_msgs/environment/path.sh
-- Installing: /home/paolo/purple_whales_ws/firmware/mcu_ws/install/share/actionlib_msgs/environment/path.dsv
-- Up-to-date: /home/paolo/purple_whales_ws/firmware/mcu_ws/install/share/actionlib_msgs/local_setup.bash
-- Up-to-date: /home/paolo/purple_whales_ws/firmware/mcu_ws/install/share/actionlib_msgs/local_setup.sh
-- Up-to-date: /home/paolo/purple_whales_ws/firmware/mcu_ws/install/share/actionlib_msgs/local_setup.zsh
-- Installing: /home/paolo/purple_whales_ws/firmware/mcu_ws/install/share/actionlib_msgs/local_setup.dsv
-- Installing: /home/paolo/purple_whales_ws/firmware/mcu_ws/install/share/actionlib_msgs/package.dsv
-- Up-to-date: /home/paolo/purple_whales_ws/firmware/mcu_ws/install/share/ament_index/resource_index/packages/actionlib_msgs
-- Up-to-date: /home/paolo/purple_whales_ws/firmware/mcu_ws/install/share/actionlib_msgs/cmake/export_actionlib_msgs__rosidl_generator_cExport.cmake
-- Up-to-date: /home/paolo/purple_whales_ws/firmware/mcu_ws/install/share/actionlib_msgs/cmake/export_actionlib_msgs__rosidl_generator_cExport-debug.cmake
-- Up-to-date: /home/paolo/purple_whales_ws/firmware/mcu_ws/install/share/actionlib_msgs/cmake/actionlib_msgs__rosidl_typesupport_introspection_cExport.cmake
-- Up-to-date: /home/paolo/purple_whales_ws/firmware/mcu_ws/install/share/actionlib_msgs/cmake/actionlib_msgs__rosidl_typesupport_introspection_cExport-debug.cmake
-- Up-to-date: /home/paolo/purple_whales_ws/firmware/mcu_ws/install/share/actionlib_msgs/cmake/actionlib_msgs__rosidl_typesupport_cExport.cmake
-- Up-to-date: /home/paolo/purple_whales_ws/firmware/mcu_ws/install/share/actionlib_msgs/cmake/actionlib_msgs__rosidl_typesupport_cExport-debug.cmake
-- Up-to-date: /home/paolo/purple_whales_ws/firmware/mcu_ws/install/share/actionlib_msgs/cmake/rosidl_cmake-extras.cmake
-- Up-to-date: /home/paolo/purple_whales_ws/firmware/mcu_ws/install/share/actionlib_msgs/cmake/ament_cmake_export_dependencies-extras.cmake
-- Up-to-date: /home/paolo/purple_whales_ws/firmware/mcu_ws/install/share/actionlib_msgs/cmake/ament_cmake_export_include_directories-extras.cmake
-- Up-to-date: /home/paolo/purple_whales_ws/firmware/mcu_ws/install/share/actionlib_msgs/cmake/ament_cmake_export_libraries-extras.cmake
-- Up-to-date: /home/paolo/purple_whales_ws/firmware/mcu_ws/install/share/actionlib_msgs/cmake/ament_cmake_export_targets-extras.cmake
-- Up-to-date: /home/paolo/purple_whales_ws/firmware/mcu_ws/install/share/actionlib_msgs/cmake/rosidl_cmake_export_typesupport_targets-extras.cmake
-- Up-to-date: /home/paolo/purple_whales_ws/firmware/mcu_ws/install/share/actionlib_msgs/cmake/rosidl_cmake_export_typesupport_libraries-extras.cmake
-- Up-to-date: /home/paolo/purple_whales_ws/firmware/mcu_ws/install/share/actionlib_msgs/cmake/actionlib_msgsConfig.cmake
-- Up-to-date: /home/paolo/purple_whales_ws/firmware/mcu_ws/install/share/actionlib_msgs/cmake/actionlib_msgsConfig-version.cmake
-- Up-to-date: /home/paolo/purple_whales_ws/firmware/mcu_ws/install/share/actionlib_msgs/package.xml
