running egg_info
writing ../../build/uaq_robot/uaq_robot.egg-info/PKG-INFO
writing dependency_links to ../../build/uaq_robot/uaq_robot.egg-info/dependency_links.txt
writing entry points to ../../build/uaq_robot/uaq_robot.egg-info/entry_points.txt
writing requirements to ../../build/uaq_robot/uaq_robot.egg-info/requires.txt
writing top-level names to ../../build/uaq_robot/uaq_robot.egg-info/top_level.txt
reading manifest file '../../build/uaq_robot/uaq_robot.egg-info/SOURCES.txt'
adding license file 'LICENSE'
writing manifest file '../../build/uaq_robot/uaq_robot.egg-info/SOURCES.txt'
running build
running build_py
running install
running install_lib
running install_data
running install_egg_info
removing '/home/paolo/purple_whales_ws/install/uaq_robot/lib/python3.10/site-packages/uaq_robot-0.0.0-py3.10.egg-info' (and everything under it)
Copying ../../build/uaq_robot/uaq_robot.egg-info to /home/paolo/purple_whales_ws/install/uaq_robot/lib/python3.10/site-packages/uaq_robot-0.0.0-py3.10.egg-info
running install_scripts
Installing simple_publisher script to /home/paolo/purple_whales_ws/install/uaq_robot/lib/uaq_robot
writing list of installed files to '/home/paolo/purple_whales_ws/build/uaq_robot/install.log'
