[0.399s] DEBUG:colcon:Command line arguments: ['/usr/bin/colcon', 'build', '--packages-select', 'signal_detection']
[0.400s] DEBUG:colcon:Parsed command line arguments: Namespace(log_base=None, log_level=None, verb_name='build', build_base='build', install_base='install', merge_install=False, symlink_install=False, test_result_base=None, continue_on_error=False, executor='parallel', parallel_workers=4, event_handlers=None, ignore_user_meta=False, metas=['./colcon.meta'], base_paths=['.'], packages_ignore=None, packages_ignore_regex=None, paths=None, packages_up_to=None, packages_up_to_regex=None, packages_above=None, packages_above_and_dependencies=None, packages_above_depth=None, packages_select_by_dep=None, packages_skip_by_dep=None, packages_skip_up_to=None, packages_select_build_failed=False, packages_skip_build_finished=False, packages_select_test_failures=False, packages_skip_test_passed=False, packages_select=['signal_detection'], packages_skip=None, packages_select_regex=None, packages_skip_regex=None, packages_start=None, packages_end=None, allow_overriding=[], cmake_args=None, cmake_target=None, cmake_target_skip_unavailable=False, cmake_clean_cache=False, cmake_clean_first=False, cmake_force_configure=False, ament_cmake_args=None, catkin_cmake_args=None, catkin_skip_building_tests=False, mixin_files=None, mixin=None, verb_parser=<colcon_mixin.mixin.mixin_argument.MixinArgumentDecorator object at 0x788dee454b20>, verb_extension=<colcon_core.verb.build.BuildVerb object at 0x788dee4546a0>, main=<bound method BuildVerb.main of <colcon_core.verb.build.BuildVerb object at 0x788dee4546a0>>, mixin_verb=('build',))
[0.824s] Level 1:colcon.colcon_core.package_discovery:discover_packages(colcon_meta) check parameters
[0.824s] Level 1:colcon.colcon_core.package_discovery:discover_packages(recursive) check parameters
[0.824s] Level 1:colcon.colcon_core.package_discovery:discover_packages(ignore) check parameters
[0.824s] Level 1:colcon.colcon_core.package_discovery:discover_packages(path) check parameters
[0.824s] Level 1:colcon.colcon_core.package_discovery:discover_packages(colcon_meta) discover
[0.824s] Level 1:colcon.colcon_core.package_discovery:discover_packages(recursive) discover
[0.824s] INFO:colcon.colcon_core.package_discovery:Crawling recursively for packages in '/home/lpm/Purple_Whales'
[0.824s] Level 1:colcon.colcon_core.package_identification:_identify(.) by extensions ['ignore', 'ignore_ament_install']
[0.825s] Level 1:colcon.colcon_core.package_identification:_identify(.) by extension 'ignore'
[0.825s] Level 1:colcon.colcon_core.package_identification:_identify(.) by extension 'ignore_ament_install'
[0.825s] Level 1:colcon.colcon_core.package_identification:_identify(.) by extensions ['colcon_pkg']
[0.825s] Level 1:colcon.colcon_core.package_identification:_identify(.) by extension 'colcon_pkg'
[0.825s] Level 1:colcon.colcon_core.package_identification:_identify(.) by extensions ['colcon_meta']
[0.825s] Level 1:colcon.colcon_core.package_identification:_identify(.) by extension 'colcon_meta'
[0.825s] Level 1:colcon.colcon_core.package_identification:_identify(.) by extensions ['ros']
[0.825s] Level 1:colcon.colcon_core.package_identification:_identify(.) by extension 'ros'
[0.851s] Level 1:colcon.colcon_core.package_identification:_identify(.) by extensions ['cmake', 'python']
[0.851s] Level 1:colcon.colcon_core.package_identification:_identify(.) by extension 'cmake'
[0.851s] Level 1:colcon.colcon_core.package_identification:_identify(.) by extension 'python'
[0.851s] Level 1:colcon.colcon_core.package_identification:_identify(.) by extensions ['python_setup_py']
[0.851s] Level 1:colcon.colcon_core.package_identification:_identify(.) by extension 'python_setup_py'
[0.852s] Level 1:colcon.colcon_core.package_identification:_identify(CNN) by extensions ['ignore', 'ignore_ament_install']
[0.852s] Level 1:colcon.colcon_core.package_identification:_identify(CNN) by extension 'ignore'
[0.852s] Level 1:colcon.colcon_core.package_identification:_identify(CNN) by extension 'ignore_ament_install'
[0.852s] Level 1:colcon.colcon_core.package_identification:_identify(CNN) by extensions ['colcon_pkg']
[0.852s] Level 1:colcon.colcon_core.package_identification:_identify(CNN) by extension 'colcon_pkg'
[0.852s] Level 1:colcon.colcon_core.package_identification:_identify(CNN) by extensions ['colcon_meta']
[0.852s] Level 1:colcon.colcon_core.package_identification:_identify(CNN) by extension 'colcon_meta'
[0.852s] Level 1:colcon.colcon_core.package_identification:_identify(CNN) by extensions ['ros']
[0.853s] Level 1:colcon.colcon_core.package_identification:_identify(CNN) by extension 'ros'
[0.853s] Level 1:colcon.colcon_core.package_identification:_identify(CNN) by extensions ['cmake', 'python']
[0.853s] Level 1:colcon.colcon_core.package_identification:_identify(CNN) by extension 'cmake'
[0.853s] Level 1:colcon.colcon_core.package_identification:_identify(CNN) by extension 'python'
[0.853s] Level 1:colcon.colcon_core.package_identification:_identify(CNN) by extensions ['python_setup_py']
[0.853s] Level 1:colcon.colcon_core.package_identification:_identify(CNN) by extension 'python_setup_py'
[0.853s] Level 1:colcon.colcon_core.package_identification:_identify(__assets) by extensions ['ignore', 'ignore_ament_install']
[0.853s] Level 1:colcon.colcon_core.package_identification:_identify(__assets) by extension 'ignore'
[0.853s] Level 1:colcon.colcon_core.package_identification:_identify(__assets) by extension 'ignore_ament_install'
[0.853s] Level 1:colcon.colcon_core.package_identification:_identify(__assets) by extensions ['colcon_pkg']
[0.853s] Level 1:colcon.colcon_core.package_identification:_identify(__assets) by extension 'colcon_pkg'
[0.854s] Level 1:colcon.colcon_core.package_identification:_identify(__assets) by extensions ['colcon_meta']
[0.854s] Level 1:colcon.colcon_core.package_identification:_identify(__assets) by extension 'colcon_meta'
[0.854s] Level 1:colcon.colcon_core.package_identification:_identify(__assets) by extensions ['ros']
[0.854s] Level 1:colcon.colcon_core.package_identification:_identify(__assets) by extension 'ros'
[0.854s] Level 1:colcon.colcon_core.package_identification:_identify(__assets) by extensions ['cmake', 'python']
[0.854s] Level 1:colcon.colcon_core.package_identification:_identify(__assets) by extension 'cmake'
[0.854s] Level 1:colcon.colcon_core.package_identification:_identify(__assets) by extension 'python'
[0.854s] Level 1:colcon.colcon_core.package_identification:_identify(__assets) by extensions ['python_setup_py']
[0.854s] Level 1:colcon.colcon_core.package_identification:_identify(__assets) by extension 'python_setup_py'
[0.854s] Level 1:colcon.colcon_core.package_identification:_identify(build) by extensions ['ignore', 'ignore_ament_install']
[0.854s] Level 1:colcon.colcon_core.package_identification:_identify(build) by extension 'ignore'
[0.854s] Level 1:colcon.colcon_core.package_identification:_identify(build) ignored
[0.855s] Level 1:colcon.colcon_core.package_identification:_identify(firmware) by extensions ['ignore', 'ignore_ament_install']
[0.855s] Level 1:colcon.colcon_core.package_identification:_identify(firmware) by extension 'ignore'
[0.855s] Level 1:colcon.colcon_core.package_identification:_identify(firmware) ignored
[0.855s] Level 1:colcon.colcon_core.package_identification:_identify(install) by extensions ['ignore', 'ignore_ament_install']
[0.855s] Level 1:colcon.colcon_core.package_identification:_identify(install) by extension 'ignore'
[0.855s] Level 1:colcon.colcon_core.package_identification:_identify(install) ignored
[0.856s] Level 1:colcon.colcon_core.package_identification:_identify(line_tracker) by extensions ['ignore', 'ignore_ament_install']
[0.856s] Level 1:colcon.colcon_core.package_identification:_identify(line_tracker) by extension 'ignore'
[0.856s] Level 1:colcon.colcon_core.package_identification:_identify(line_tracker) by extension 'ignore_ament_install'
[0.856s] Level 1:colcon.colcon_core.package_identification:_identify(line_tracker) by extensions ['colcon_pkg']
[0.856s] Level 1:colcon.colcon_core.package_identification:_identify(line_tracker) by extension 'colcon_pkg'
[0.856s] Level 1:colcon.colcon_core.package_identification:_identify(line_tracker) by extensions ['colcon_meta']
[0.856s] Level 1:colcon.colcon_core.package_identification:_identify(line_tracker) by extension 'colcon_meta'
[0.856s] Level 1:colcon.colcon_core.package_identification:_identify(line_tracker) by extensions ['ros']
[0.856s] Level 1:colcon.colcon_core.package_identification:_identify(line_tracker) by extension 'ros'
[0.856s] Level 1:colcon.colcon_core.package_identification:_identify(line_tracker) by extensions ['cmake', 'python']
[0.856s] Level 1:colcon.colcon_core.package_identification:_identify(line_tracker) by extension 'cmake'
[0.856s] Level 1:colcon.colcon_core.package_identification:_identify(line_tracker) by extension 'python'
[0.856s] Level 1:colcon.colcon_core.package_identification:_identify(line_tracker) by extensions ['python_setup_py']
[0.857s] Level 1:colcon.colcon_core.package_identification:_identify(line_tracker) by extension 'python_setup_py'
[0.857s] Level 1:colcon.colcon_core.package_identification:_identify(log) by extensions ['ignore', 'ignore_ament_install']
[0.857s] Level 1:colcon.colcon_core.package_identification:_identify(log) by extension 'ignore'
[0.857s] Level 1:colcon.colcon_core.package_identification:_identify(log) ignored
[0.857s] Level 1:colcon.colcon_core.package_identification:_identify(src) by extensions ['ignore', 'ignore_ament_install']
[0.857s] Level 1:colcon.colcon_core.package_identification:_identify(src) by extension 'ignore'
[0.857s] Level 1:colcon.colcon_core.package_identification:_identify(src) by extension 'ignore_ament_install'
[0.858s] Level 1:colcon.colcon_core.package_identification:_identify(src) by extensions ['colcon_pkg']
[0.858s] Level 1:colcon.colcon_core.package_identification:_identify(src) by extension 'colcon_pkg'
[0.858s] Level 1:colcon.colcon_core.package_identification:_identify(src) by extensions ['colcon_meta']
[0.858s] Level 1:colcon.colcon_core.package_identification:_identify(src) by extension 'colcon_meta'
[0.858s] Level 1:colcon.colcon_core.package_identification:_identify(src) by extensions ['ros']
[0.858s] Level 1:colcon.colcon_core.package_identification:_identify(src) by extension 'ros'
[0.858s] Level 1:colcon.colcon_core.package_identification:_identify(src) by extensions ['cmake', 'python']
[0.858s] Level 1:colcon.colcon_core.package_identification:_identify(src) by extension 'cmake'
[0.858s] Level 1:colcon.colcon_core.package_identification:_identify(src) by extension 'python'
[0.858s] Level 1:colcon.colcon_core.package_identification:_identify(src) by extensions ['python_setup_py']
[0.858s] Level 1:colcon.colcon_core.package_identification:_identify(src) by extension 'python_setup_py'
[0.858s] Level 1:colcon.colcon_core.package_identification:_identify(src/ackermann_msgs) by extensions ['ignore', 'ignore_ament_install']
[0.858s] Level 1:colcon.colcon_core.package_identification:_identify(src/ackermann_msgs) by extension 'ignore'
[0.859s] Level 1:colcon.colcon_core.package_identification:_identify(src/ackermann_msgs) by extension 'ignore_ament_install'
[0.859s] Level 1:colcon.colcon_core.package_identification:_identify(src/ackermann_msgs) by extensions ['colcon_pkg']
[0.859s] Level 1:colcon.colcon_core.package_identification:_identify(src/ackermann_msgs) by extension 'colcon_pkg'
[0.859s] Level 1:colcon.colcon_core.package_identification:_identify(src/ackermann_msgs) by extensions ['colcon_meta']
[0.859s] Level 1:colcon.colcon_core.package_identification:_identify(src/ackermann_msgs) by extension 'colcon_meta'
[0.859s] Level 1:colcon.colcon_core.package_identification:_identify(src/ackermann_msgs) by extensions ['ros']
[0.859s] Level 1:colcon.colcon_core.package_identification:_identify(src/ackermann_msgs) by extension 'ros'
[0.878s] DEBUG:colcon.colcon_core.package_identification:Package 'src/ackermann_msgs' with type 'ros.ament_cmake' and name 'ackermann_msgs'
[0.878s] Level 1:colcon.colcon_core.package_identification:_identify(src/micro_ros_setup) by extensions ['ignore', 'ignore_ament_install']
[0.878s] Level 1:colcon.colcon_core.package_identification:_identify(src/micro_ros_setup) by extension 'ignore'
[0.878s] Level 1:colcon.colcon_core.package_identification:_identify(src/micro_ros_setup) by extension 'ignore_ament_install'
[0.879s] Level 1:colcon.colcon_core.package_identification:_identify(src/micro_ros_setup) by extensions ['colcon_pkg']
[0.879s] Level 1:colcon.colcon_core.package_identification:_identify(src/micro_ros_setup) by extension 'colcon_pkg'
[0.879s] Level 1:colcon.colcon_core.package_identification:_identify(src/micro_ros_setup) by extensions ['colcon_meta']
[0.879s] Level 1:colcon.colcon_core.package_identification:_identify(src/micro_ros_setup) by extension 'colcon_meta'
[0.879s] Level 1:colcon.colcon_core.package_identification:_identify(src/micro_ros_setup) by extensions ['ros']
[0.879s] Level 1:colcon.colcon_core.package_identification:_identify(src/micro_ros_setup) by extension 'ros'
[0.880s] DEBUG:colcon.colcon_core.package_identification:Package 'src/micro_ros_setup' with type 'ros.ament_cmake' and name 'micro_ros_setup'
[0.881s] Level 1:colcon.colcon_core.package_identification:_identify(src/robot_vision) by extensions ['ignore', 'ignore_ament_install']
[0.881s] Level 1:colcon.colcon_core.package_identification:_identify(src/robot_vision) by extension 'ignore'
[0.881s] Level 1:colcon.colcon_core.package_identification:_identify(src/robot_vision) by extension 'ignore_ament_install'
[0.881s] Level 1:colcon.colcon_core.package_identification:_identify(src/robot_vision) by extensions ['colcon_pkg']
[0.881s] Level 1:colcon.colcon_core.package_identification:_identify(src/robot_vision) by extension 'colcon_pkg'
[0.881s] Level 1:colcon.colcon_core.package_identification:_identify(src/robot_vision) by extensions ['colcon_meta']
[0.881s] Level 1:colcon.colcon_core.package_identification:_identify(src/robot_vision) by extension 'colcon_meta'
[0.881s] Level 1:colcon.colcon_core.package_identification:_identify(src/robot_vision) by extensions ['ros']
[0.881s] Level 1:colcon.colcon_core.package_identification:_identify(src/robot_vision) by extension 'ros'
[0.883s] DEBUG:colcon.colcon_core.package_identification:Package 'src/robot_vision' with type 'ros.ament_python' and name 'robot_vision'
[0.883s] Level 1:colcon.colcon_core.package_identification:_identify(src/signal_detection) by extensions ['ignore', 'ignore_ament_install']
[0.883s] Level 1:colcon.colcon_core.package_identification:_identify(src/signal_detection) by extension 'ignore'
[0.883s] Level 1:colcon.colcon_core.package_identification:_identify(src/signal_detection) by extension 'ignore_ament_install'
[0.883s] Level 1:colcon.colcon_core.package_identification:_identify(src/signal_detection) by extensions ['colcon_pkg']
[0.883s] Level 1:colcon.colcon_core.package_identification:_identify(src/signal_detection) by extension 'colcon_pkg'
[0.884s] Level 1:colcon.colcon_core.package_identification:_identify(src/signal_detection) by extensions ['colcon_meta']
[0.884s] Level 1:colcon.colcon_core.package_identification:_identify(src/signal_detection) by extension 'colcon_meta'
[0.884s] Level 1:colcon.colcon_core.package_identification:_identify(src/signal_detection) by extensions ['ros']
[0.884s] Level 1:colcon.colcon_core.package_identification:_identify(src/signal_detection) by extension 'ros'
[0.885s] DEBUG:colcon.colcon_core.package_identification:Package 'src/signal_detection' with type 'ros.ament_python' and name 'signal_detection'
[0.885s] Level 1:colcon.colcon_core.package_identification:_identify(src/uaq_robot) by extensions ['ignore', 'ignore_ament_install']
[0.885s] Level 1:colcon.colcon_core.package_identification:_identify(src/uaq_robot) by extension 'ignore'
[0.885s] Level 1:colcon.colcon_core.package_identification:_identify(src/uaq_robot) by extension 'ignore_ament_install'
[0.885s] Level 1:colcon.colcon_core.package_identification:_identify(src/uaq_robot) by extensions ['colcon_pkg']
[0.885s] Level 1:colcon.colcon_core.package_identification:_identify(src/uaq_robot) by extension 'colcon_pkg'
[0.886s] Level 1:colcon.colcon_core.package_identification:_identify(src/uaq_robot) by extensions ['colcon_meta']
[0.886s] Level 1:colcon.colcon_core.package_identification:_identify(src/uaq_robot) by extension 'colcon_meta'
[0.886s] Level 1:colcon.colcon_core.package_identification:_identify(src/uaq_robot) by extensions ['ros']
[0.886s] Level 1:colcon.colcon_core.package_identification:_identify(src/uaq_robot) by extension 'ros'
[0.887s] DEBUG:colcon.colcon_core.package_identification:Package 'src/uaq_robot' with type 'ros.ament_python' and name 'uaq_robot'
[0.887s] Level 1:colcon.colcon_core.package_identification:_identify(src/uros) by extensions ['ignore', 'ignore_ament_install']
[0.887s] Level 1:colcon.colcon_core.package_identification:_identify(src/uros) by extension 'ignore'
[0.887s] Level 1:colcon.colcon_core.package_identification:_identify(src/uros) by extension 'ignore_ament_install'
[0.887s] Level 1:colcon.colcon_core.package_identification:_identify(src/uros) by extensions ['colcon_pkg']
[0.887s] Level 1:colcon.colcon_core.package_identification:_identify(src/uros) by extension 'colcon_pkg'
[0.887s] Level 1:colcon.colcon_core.package_identification:_identify(src/uros) by extensions ['colcon_meta']
[0.887s] Level 1:colcon.colcon_core.package_identification:_identify(src/uros) by extension 'colcon_meta'
[0.887s] Level 1:colcon.colcon_core.package_identification:_identify(src/uros) by extensions ['ros']
[0.888s] Level 1:colcon.colcon_core.package_identification:_identify(src/uros) by extension 'ros'
[0.888s] Level 1:colcon.colcon_core.package_identification:_identify(src/uros) by extensions ['cmake', 'python']
[0.888s] Level 1:colcon.colcon_core.package_identification:_identify(src/uros) by extension 'cmake'
[0.888s] Level 1:colcon.colcon_core.package_identification:_identify(src/uros) by extension 'python'
[0.888s] Level 1:colcon.colcon_core.package_identification:_identify(src/uros) by extensions ['python_setup_py']
[0.888s] Level 1:colcon.colcon_core.package_identification:_identify(src/uros) by extension 'python_setup_py'
[0.888s] Level 1:colcon.colcon_core.package_identification:_identify(src/uros/micro-ROS-Agent) by extensions ['ignore', 'ignore_ament_install']
[0.888s] Level 1:colcon.colcon_core.package_identification:_identify(src/uros/micro-ROS-Agent) by extension 'ignore'
[0.888s] Level 1:colcon.colcon_core.package_identification:_identify(src/uros/micro-ROS-Agent) by extension 'ignore_ament_install'
[0.888s] Level 1:colcon.colcon_core.package_identification:_identify(src/uros/micro-ROS-Agent) by extensions ['colcon_pkg']
[0.888s] Level 1:colcon.colcon_core.package_identification:_identify(src/uros/micro-ROS-Agent) by extension 'colcon_pkg'
[0.889s] Level 1:colcon.colcon_core.package_identification:_identify(src/uros/micro-ROS-Agent) by extensions ['colcon_meta']
[0.889s] Level 1:colcon.colcon_core.package_identification:_identify(src/uros/micro-ROS-Agent) by extension 'colcon_meta'
[0.889s] Level 1:colcon.colcon_core.package_identification:_identify(src/uros/micro-ROS-Agent) by extensions ['ros']
[0.889s] Level 1:colcon.colcon_core.package_identification:_identify(src/uros/micro-ROS-Agent) by extension 'ros'
[0.889s] Level 1:colcon.colcon_core.package_identification:_identify(src/uros/micro-ROS-Agent) by extensions ['cmake', 'python']
[0.889s] Level 1:colcon.colcon_core.package_identification:_identify(src/uros/micro-ROS-Agent) by extension 'cmake'
[0.889s] Level 1:colcon.colcon_core.package_identification:_identify(src/uros/micro-ROS-Agent) by extension 'python'
[0.889s] Level 1:colcon.colcon_core.package_identification:_identify(src/uros/micro-ROS-Agent) by extensions ['python_setup_py']
[0.889s] Level 1:colcon.colcon_core.package_identification:_identify(src/uros/micro-ROS-Agent) by extension 'python_setup_py'
[0.889s] Level 1:colcon.colcon_core.package_identification:_identify(src/uros/micro-ROS-Agent/micro_ros_agent) by extensions ['ignore', 'ignore_ament_install']
[0.890s] Level 1:colcon.colcon_core.package_identification:_identify(src/uros/micro-ROS-Agent/micro_ros_agent) by extension 'ignore'
[0.890s] Level 1:colcon.colcon_core.package_identification:_identify(src/uros/micro-ROS-Agent/micro_ros_agent) by extension 'ignore_ament_install'
[0.890s] Level 1:colcon.colcon_core.package_identification:_identify(src/uros/micro-ROS-Agent/micro_ros_agent) by extensions ['colcon_pkg']
[0.890s] Level 1:colcon.colcon_core.package_identification:_identify(src/uros/micro-ROS-Agent/micro_ros_agent) by extension 'colcon_pkg'
[0.890s] Level 1:colcon.colcon_core.package_identification:_identify(src/uros/micro-ROS-Agent/micro_ros_agent) by extensions ['colcon_meta']
[0.890s] Level 1:colcon.colcon_core.package_identification:_identify(src/uros/micro-ROS-Agent/micro_ros_agent) by extension 'colcon_meta'
[0.890s] Level 1:colcon.colcon_core.package_identification:_identify(src/uros/micro-ROS-Agent/micro_ros_agent) by extensions ['ros']
[0.890s] Level 1:colcon.colcon_core.package_identification:_identify(src/uros/micro-ROS-Agent/micro_ros_agent) by extension 'ros'
[0.892s] DEBUG:colcon.colcon_core.package_identification:Package 'src/uros/micro-ROS-Agent/micro_ros_agent' with type 'ros.ament_cmake' and name 'micro_ros_agent'
[0.892s] Level 1:colcon.colcon_core.package_identification:_identify(src/uros/micro-ROS-Agent/snap) by extensions ['ignore', 'ignore_ament_install']
[0.893s] Level 1:colcon.colcon_core.package_identification:_identify(src/uros/micro-ROS-Agent/snap) by extension 'ignore'
[0.893s] Level 1:colcon.colcon_core.package_identification:_identify(src/uros/micro-ROS-Agent/snap) by extension 'ignore_ament_install'
[0.893s] Level 1:colcon.colcon_core.package_identification:_identify(src/uros/micro-ROS-Agent/snap) by extensions ['colcon_pkg']
[0.893s] Level 1:colcon.colcon_core.package_identification:_identify(src/uros/micro-ROS-Agent/snap) by extension 'colcon_pkg'
[0.893s] Level 1:colcon.colcon_core.package_identification:_identify(src/uros/micro-ROS-Agent/snap) by extensions ['colcon_meta']
[0.893s] Level 1:colcon.colcon_core.package_identification:_identify(src/uros/micro-ROS-Agent/snap) by extension 'colcon_meta'
[0.893s] Level 1:colcon.colcon_core.package_identification:_identify(src/uros/micro-ROS-Agent/snap) by extensions ['ros']
[0.893s] Level 1:colcon.colcon_core.package_identification:_identify(src/uros/micro-ROS-Agent/snap) by extension 'ros'
[0.893s] Level 1:colcon.colcon_core.package_identification:_identify(src/uros/micro-ROS-Agent/snap) by extensions ['cmake', 'python']
[0.893s] Level 1:colcon.colcon_core.package_identification:_identify(src/uros/micro-ROS-Agent/snap) by extension 'cmake'
[0.893s] Level 1:colcon.colcon_core.package_identification:_identify(src/uros/micro-ROS-Agent/snap) by extension 'python'
[0.893s] Level 1:colcon.colcon_core.package_identification:_identify(src/uros/micro-ROS-Agent/snap) by extensions ['python_setup_py']
[0.894s] Level 1:colcon.colcon_core.package_identification:_identify(src/uros/micro-ROS-Agent/snap) by extension 'python_setup_py'
[0.894s] Level 1:colcon.colcon_core.package_identification:_identify(src/uros/micro-ROS-Agent/snap/hooks) by extensions ['ignore', 'ignore_ament_install']
[0.894s] Level 1:colcon.colcon_core.package_identification:_identify(src/uros/micro-ROS-Agent/snap/hooks) by extension 'ignore'
[0.894s] Level 1:colcon.colcon_core.package_identification:_identify(src/uros/micro-ROS-Agent/snap/hooks) by extension 'ignore_ament_install'
[0.894s] Level 1:colcon.colcon_core.package_identification:_identify(src/uros/micro-ROS-Agent/snap/hooks) by extensions ['colcon_pkg']
[0.894s] Level 1:colcon.colcon_core.package_identification:_identify(src/uros/micro-ROS-Agent/snap/hooks) by extension 'colcon_pkg'
[0.894s] Level 1:colcon.colcon_core.package_identification:_identify(src/uros/micro-ROS-Agent/snap/hooks) by extensions ['colcon_meta']
[0.894s] Level 1:colcon.colcon_core.package_identification:_identify(src/uros/micro-ROS-Agent/snap/hooks) by extension 'colcon_meta'
[0.894s] Level 1:colcon.colcon_core.package_identification:_identify(src/uros/micro-ROS-Agent/snap/hooks) by extensions ['ros']
[0.894s] Level 1:colcon.colcon_core.package_identification:_identify(src/uros/micro-ROS-Agent/snap/hooks) by extension 'ros'
[0.895s] Level 1:colcon.colcon_core.package_identification:_identify(src/uros/micro-ROS-Agent/snap/hooks) by extensions ['cmake', 'python']
[0.895s] Level 1:colcon.colcon_core.package_identification:_identify(src/uros/micro-ROS-Agent/snap/hooks) by extension 'cmake'
[0.895s] Level 1:colcon.colcon_core.package_identification:_identify(src/uros/micro-ROS-Agent/snap/hooks) by extension 'python'
[0.895s] Level 1:colcon.colcon_core.package_identification:_identify(src/uros/micro-ROS-Agent/snap/hooks) by extensions ['python_setup_py']
[0.895s] Level 1:colcon.colcon_core.package_identification:_identify(src/uros/micro-ROS-Agent/snap/hooks) by extension 'python_setup_py'
[0.895s] Level 1:colcon.colcon_core.package_identification:_identify(src/uros/micro-ROS-Agent/snap/local) by extensions ['ignore', 'ignore_ament_install']
[0.895s] Level 1:colcon.colcon_core.package_identification:_identify(src/uros/micro-ROS-Agent/snap/local) by extension 'ignore'
[0.895s] Level 1:colcon.colcon_core.package_identification:_identify(src/uros/micro-ROS-Agent/snap/local) by extension 'ignore_ament_install'
[0.895s] Level 1:colcon.colcon_core.package_identification:_identify(src/uros/micro-ROS-Agent/snap/local) by extensions ['colcon_pkg']
[0.895s] Level 1:colcon.colcon_core.package_identification:_identify(src/uros/micro-ROS-Agent/snap/local) by extension 'colcon_pkg'
[0.895s] Level 1:colcon.colcon_core.package_identification:_identify(src/uros/micro-ROS-Agent/snap/local) by extensions ['colcon_meta']
[0.895s] Level 1:colcon.colcon_core.package_identification:_identify(src/uros/micro-ROS-Agent/snap/local) by extension 'colcon_meta'
[0.896s] Level 1:colcon.colcon_core.package_identification:_identify(src/uros/micro-ROS-Agent/snap/local) by extensions ['ros']
[0.896s] Level 1:colcon.colcon_core.package_identification:_identify(src/uros/micro-ROS-Agent/snap/local) by extension 'ros'
[0.896s] Level 1:colcon.colcon_core.package_identification:_identify(src/uros/micro-ROS-Agent/snap/local) by extensions ['cmake', 'python']
[0.896s] Level 1:colcon.colcon_core.package_identification:_identify(src/uros/micro-ROS-Agent/snap/local) by extension 'cmake'
[0.896s] Level 1:colcon.colcon_core.package_identification:_identify(src/uros/micro-ROS-Agent/snap/local) by extension 'python'
[0.896s] Level 1:colcon.colcon_core.package_identification:_identify(src/uros/micro-ROS-Agent/snap/local) by extensions ['python_setup_py']
[0.896s] Level 1:colcon.colcon_core.package_identification:_identify(src/uros/micro-ROS-Agent/snap/local) by extension 'python_setup_py'
[0.896s] Level 1:colcon.colcon_core.package_identification:_identify(src/uros/micro_ros_msgs) by extensions ['ignore', 'ignore_ament_install']
[0.896s] Level 1:colcon.colcon_core.package_identification:_identify(src/uros/micro_ros_msgs) by extension 'ignore'
[0.896s] Level 1:colcon.colcon_core.package_identification:_identify(src/uros/micro_ros_msgs) by extension 'ignore_ament_install'
[0.897s] Level 1:colcon.colcon_core.package_identification:_identify(src/uros/micro_ros_msgs) by extensions ['colcon_pkg']
[0.897s] Level 1:colcon.colcon_core.package_identification:_identify(src/uros/micro_ros_msgs) by extension 'colcon_pkg'
[0.897s] Level 1:colcon.colcon_core.package_identification:_identify(src/uros/micro_ros_msgs) by extensions ['colcon_meta']
[0.897s] Level 1:colcon.colcon_core.package_identification:_identify(src/uros/micro_ros_msgs) by extension 'colcon_meta'
[0.897s] Level 1:colcon.colcon_core.package_identification:_identify(src/uros/micro_ros_msgs) by extensions ['ros']
[0.897s] Level 1:colcon.colcon_core.package_identification:_identify(src/uros/micro_ros_msgs) by extension 'ros'
[0.898s] DEBUG:colcon.colcon_core.package_identification:Package 'src/uros/micro_ros_msgs' with type 'ros.ament_cmake' and name 'micro_ros_msgs'
[0.898s] Level 1:colcon.colcon_core.package_discovery:discover_packages(recursive) using defaults
[0.898s] Level 1:colcon.colcon_core.package_discovery:discover_packages(ignore) discover
[0.898s] Level 1:colcon.colcon_core.package_discovery:discover_packages(ignore) using defaults
[0.898s] Level 1:colcon.colcon_core.package_discovery:discover_packages(path) discover
[0.898s] Level 1:colcon.colcon_core.package_discovery:discover_packages(path) using defaults
[0.945s] INFO:colcon.colcon_core.package_selection:Skipping not selected package 'ackermann_msgs' in 'src/ackermann_msgs'
[0.945s] INFO:colcon.colcon_core.package_selection:Skipping not selected package 'micro_ros_msgs' in 'src/uros/micro_ros_msgs'
[0.945s] INFO:colcon.colcon_core.package_selection:Skipping not selected package 'micro_ros_setup' in 'src/micro_ros_setup'
[0.945s] INFO:colcon.colcon_core.package_selection:Skipping not selected package 'robot_vision' in 'src/robot_vision'
[0.945s] INFO:colcon.colcon_core.package_selection:Skipping not selected package 'uaq_robot' in 'src/uaq_robot'
[0.945s] INFO:colcon.colcon_core.package_selection:Skipping not selected package 'micro_ros_agent' in 'src/uros/micro-ROS-Agent/micro_ros_agent'
[0.946s] Level 1:colcon.colcon_core.package_discovery:discover_packages(prefix_path) check parameters
[0.946s] Level 1:colcon.colcon_core.package_discovery:discover_packages(prefix_path) discover
[0.958s] DEBUG:colcon.colcon_installed_package_information.package_discovery:Found 39 installed packages in /home/lpm/ros2_utilities_ws/install
[0.961s] DEBUG:colcon.colcon_installed_package_information.package_discovery:Found 291 installed packages in /opt/ros/humble
[0.967s] Level 1:colcon.colcon_core.package_discovery:discover_packages(prefix_path) using defaults
[1.113s] Level 5:colcon.colcon_core.verb:set package 'signal_detection' build argument 'cmake_args' from command line to 'None'
[1.113s] Level 5:colcon.colcon_core.verb:set package 'signal_detection' build argument 'cmake_target' from command line to 'None'
[1.113s] Level 5:colcon.colcon_core.verb:set package 'signal_detection' build argument 'cmake_target_skip_unavailable' from command line to 'False'
[1.113s] Level 5:colcon.colcon_core.verb:set package 'signal_detection' build argument 'cmake_clean_cache' from command line to 'False'
[1.113s] Level 5:colcon.colcon_core.verb:set package 'signal_detection' build argument 'cmake_clean_first' from command line to 'False'
[1.113s] Level 5:colcon.colcon_core.verb:set package 'signal_detection' build argument 'cmake_force_configure' from command line to 'False'
[1.113s] Level 5:colcon.colcon_core.verb:set package 'signal_detection' build argument 'ament_cmake_args' from command line to 'None'
[1.113s] Level 5:colcon.colcon_core.verb:set package 'signal_detection' build argument 'catkin_cmake_args' from command line to 'None'
[1.113s] Level 5:colcon.colcon_core.verb:set package 'signal_detection' build argument 'catkin_skip_building_tests' from command line to 'False'
[1.113s] DEBUG:colcon.colcon_core.verb:Building package 'signal_detection' with the following arguments: {'ament_cmake_args': None, 'build_base': '/home/lpm/Purple_Whales/build/signal_detection', 'catkin_cmake_args': None, 'catkin_skip_building_tests': False, 'cmake_args': None, 'cmake_clean_cache': False, 'cmake_clean_first': False, 'cmake_force_configure': False, 'cmake_target': None, 'cmake_target_skip_unavailable': False, 'install_base': '/home/lpm/Purple_Whales/install/signal_detection', 'merge_install': False, 'path': '/home/lpm/Purple_Whales/src/signal_detection', 'symlink_install': False, 'test_result_base': None}
[1.114s] INFO:colcon.colcon_core.executor:Executing jobs using 'parallel' executor
[1.115s] DEBUG:colcon.colcon_parallel_executor.executor.parallel:run_until_complete
[1.116s] INFO:colcon.colcon_ros.task.ament_python.build:Building ROS package in '/home/lpm/Purple_Whales/src/signal_detection' with build type 'ament_python'
[1.116s] Level 1:colcon.colcon_core.shell:create_environment_hook('signal_detection', 'ament_prefix_path')
[1.125s] INFO:colcon.colcon_core.plugin_system:Skipping extension 'colcon_core.shell.bat': Not used on non-Windows systems
[1.126s] INFO:colcon.colcon_core.shell:Creating environment hook '/home/lpm/Purple_Whales/install/signal_detection/share/signal_detection/hook/ament_prefix_path.ps1'
[1.128s] INFO:colcon.colcon_core.shell:Creating environment descriptor '/home/lpm/Purple_Whales/install/signal_detection/share/signal_detection/hook/ament_prefix_path.dsv'
[1.129s] INFO:colcon.colcon_core.shell:Creating environment hook '/home/lpm/Purple_Whales/install/signal_detection/share/signal_detection/hook/ament_prefix_path.sh'
[1.131s] INFO:colcon.colcon_core.shell:Skip shell extension 'powershell' for command environment: Not usable outside of PowerShell
[1.131s] DEBUG:colcon.colcon_core.shell:Skip shell extension 'dsv' for command environment
[1.787s] INFO:colcon.colcon_core.task.python.build:Building Python package in '/home/lpm/Purple_Whales/src/signal_detection'
[1.788s] INFO:colcon.colcon_core.shell:Skip shell extension 'powershell' for command environment: Not usable outside of PowerShell
[1.788s] DEBUG:colcon.colcon_core.shell:Skip shell extension 'dsv' for command environment
[2.658s] DEBUG:colcon.colcon_core.event_handler.log_command:Invoking command in '/home/lpm/Purple_Whales/src/signal_detection': PYTHONPATH=/home/lpm/Purple_Whales/build/signal_detection/prefix_override:/home/lpm/Purple_Whales/install/signal_detection/lib/python3.10/site-packages:${PYTHONPATH} /usr/bin/python3 -W ignore:setup.py install is deprecated setup.py egg_info --egg-base ../../build/signal_detection build --build-base /home/lpm/Purple_Whales/build/signal_detection/build install --record /home/lpm/Purple_Whales/build/signal_detection/install.log --single-version-externally-managed install_data
[3.357s] DEBUG:colcon.colcon_core.event_handler.log_command:Invoked command in '/home/lpm/Purple_Whales/src/signal_detection' returned '0': PYTHONPATH=/home/lpm/Purple_Whales/build/signal_detection/prefix_override:/home/lpm/Purple_Whales/install/signal_detection/lib/python3.10/site-packages:${PYTHONPATH} /usr/bin/python3 -W ignore:setup.py install is deprecated setup.py egg_info --egg-base ../../build/signal_detection build --build-base /home/lpm/Purple_Whales/build/signal_detection/build install --record /home/lpm/Purple_Whales/build/signal_detection/install.log --single-version-externally-managed install_data
[3.372s] Level 1:colcon.colcon_core.environment:checking '/home/lpm/Purple_Whales/install/signal_detection' for CMake module files
[3.375s] Level 1:colcon.colcon_core.environment:checking '/home/lpm/Purple_Whales/install/signal_detection' for CMake config files
[3.378s] Level 1:colcon.colcon_core.environment:checking '/home/lpm/Purple_Whales/install/signal_detection/lib'
[3.379s] Level 1:colcon.colcon_core.environment:checking '/home/lpm/Purple_Whales/install/signal_detection/bin'
[3.379s] Level 1:colcon.colcon_core.environment:checking '/home/lpm/Purple_Whales/install/signal_detection/lib/pkgconfig/signal_detection.pc'
[3.380s] Level 1:colcon.colcon_core.environment:checking '/home/lpm/Purple_Whales/install/signal_detection/lib/python3.10/site-packages'
[3.380s] Level 1:colcon.colcon_core.shell:create_environment_hook('signal_detection', 'pythonpath')
[3.382s] INFO:colcon.colcon_core.shell:Creating environment hook '/home/lpm/Purple_Whales/install/signal_detection/share/signal_detection/hook/pythonpath.ps1'
[3.383s] INFO:colcon.colcon_core.shell:Creating environment descriptor '/home/lpm/Purple_Whales/install/signal_detection/share/signal_detection/hook/pythonpath.dsv'
[3.385s] INFO:colcon.colcon_core.shell:Creating environment hook '/home/lpm/Purple_Whales/install/signal_detection/share/signal_detection/hook/pythonpath.sh'
[3.388s] Level 1:colcon.colcon_core.environment:checking '/home/lpm/Purple_Whales/install/signal_detection/bin'
[3.388s] Level 1:colcon.colcon_core.environment:create_environment_scripts_only(signal_detection)
[3.390s] INFO:colcon.colcon_core.shell:Creating package script '/home/lpm/Purple_Whales/install/signal_detection/share/signal_detection/package.ps1'
[3.394s] INFO:colcon.colcon_core.shell:Creating package descriptor '/home/lpm/Purple_Whales/install/signal_detection/share/signal_detection/package.dsv'
[3.397s] INFO:colcon.colcon_core.shell:Creating package script '/home/lpm/Purple_Whales/install/signal_detection/share/signal_detection/package.sh'
[3.402s] INFO:colcon.colcon_core.shell:Creating package script '/home/lpm/Purple_Whales/install/signal_detection/share/signal_detection/package.bash'
[3.405s] INFO:colcon.colcon_core.shell:Creating package script '/home/lpm/Purple_Whales/install/signal_detection/share/signal_detection/package.zsh'
[3.408s] Level 1:colcon.colcon_core.environment:create_file_with_runtime_dependencies(/home/lpm/Purple_Whales/install/signal_detection/share/colcon-core/packages/signal_detection)
[3.409s] DEBUG:colcon.colcon_parallel_executor.executor.parallel:closing loop
[3.410s] DEBUG:colcon.colcon_parallel_executor.executor.parallel:loop closed
[3.410s] DEBUG:colcon.colcon_parallel_executor.executor.parallel:run_until_complete finished with '0'
[3.411s] DEBUG:colcon.colcon_core.event_reactor:joining thread
[3.446s] INFO:colcon.colcon_core.plugin_system:Skipping extension 'colcon_notification.desktop_notification.terminal_notifier': Not used on non-Darwin systems
[3.447s] INFO:colcon.colcon_core.plugin_system:Skipping extension 'colcon_notification.desktop_notification.win32': Not used on non-Windows systems
[3.447s] INFO:colcon.colcon_notification.desktop_notification:Sending desktop notification using 'notify2'
[3.483s] DEBUG:colcon.colcon_core.event_reactor:joined thread
[3.484s] INFO:colcon.colcon_core.shell:Creating prefix script '/home/lpm/Purple_Whales/install/local_setup.ps1'
[3.488s] INFO:colcon.colcon_core.shell:Creating prefix util module '/home/lpm/Purple_Whales/install/_local_setup_util_ps1.py'
[3.491s] INFO:colcon.colcon_core.shell:Creating prefix chain script '/home/lpm/Purple_Whales/install/setup.ps1'
[3.497s] INFO:colcon.colcon_core.shell:Creating prefix script '/home/lpm/Purple_Whales/install/local_setup.sh'
[3.498s] INFO:colcon.colcon_core.shell:Creating prefix util module '/home/lpm/Purple_Whales/install/_local_setup_util_sh.py'
[3.500s] INFO:colcon.colcon_core.shell:Creating prefix chain script '/home/lpm/Purple_Whales/install/setup.sh'
[3.507s] INFO:colcon.colcon_core.shell:Creating prefix script '/home/lpm/Purple_Whales/install/local_setup.bash'
[3.508s] INFO:colcon.colcon_core.shell:Creating prefix chain script '/home/lpm/Purple_Whales/install/setup.bash'
[3.519s] INFO:colcon.colcon_core.shell:Creating prefix script '/home/lpm/Purple_Whales/install/local_setup.zsh'
[3.521s] INFO:colcon.colcon_core.shell:Creating prefix chain script '/home/lpm/Purple_Whales/install/setup.zsh'
