-- Found ament_cmake: 1.3.8 (/opt/ros/humble/share/ament_cmake/cmake)
-- Found ament_lint_auto: 0.12.10 (/opt/ros/humble/share/ament_lint_auto/cmake)
-- Found rosidl_default_generators: 1.2.0 (/opt/ros/humble/share/rosidl_default_generators/cmake)
-- Using all available rosidl_typesupport_c: rosidl_typesupport_fastrtps_c;rosidl_typesupport_introspection_c
-- Found rosidl_adapter: 3.1.5 (/opt/ros/humble/share/rosidl_adapter/cmake)
-- Using all available rosidl_typesupport_cpp: rosidl_typesupport_fastrtps_cpp;rosidl_typesupport_introspection_cpp
-- Found ament_cmake_ros: 0.10.0 (/opt/ros/humble/share/ament_cmake_ros/cmake)
-- Using all available rosidl_typesupport_c: rosidl_typesupport_fastrtps_c;rosidl_typesupport_introspection_c
-- Using all available rosidl_typesupport_cpp: rosidl_typesupport_fastrtps_cpp;rosidl_typesupport_introspection_cpp
-- Found PythonInterp: /usr/bin/python3 (found suitable version "3.10.12", minimum required is "3.6") 
-- Found python_cmake_module: 0.10.0 (/opt/ros/humble/share/python_cmake_module/cmake)
-- Found PythonLibs: /usr/lib/x86_64-linux-gnu/libpython3.10.so (found suitable version "3.10.12", minimum required is "3.5") 
-- Using PYTHON_EXECUTABLE: /usr/bin/python3
-- Using PYTHON_INCLUDE_DIRS: /usr/include/python3.10
-- Using PYTHON_LIBRARIES: /usr/lib/x86_64-linux-gnu/libpython3.10.so
-- Found PythonExtra: .so  
-- Added test 'lint_cmake' to check CMake code style
-- Added test 'xmllint' to check XML markup files
-- Configuring done
-- Generating done
-- Build files have been written to: /home/paolo/purple_whales_ws/build/ackermann_msgs
[  3%] [34m[1mGenerating C code for ROS interfaces[0m
[  6%] [34m[1mGenerating C++ code for ROS interfaces[0m
[  6%] Built target ament_cmake_python_copy_ackermann_msgs
running egg_info
creating ackermann_msgs.egg-info
writing ackermann_msgs.egg-info/PKG-INFO
writing dependency_links to ackermann_msgs.egg-info/dependency_links.txt
writing top-level names to ackermann_msgs.egg-info/top_level.txt
writing manifest file 'ackermann_msgs.egg-info/SOURCES.txt'
reading manifest file 'ackermann_msgs.egg-info/SOURCES.txt'
writing manifest file 'ackermann_msgs.egg-info/SOURCES.txt'
[  6%] Built target ackermann_msgs__cpp
[ 12%] [32mBuilding C object CMakeFiles/ackermann_msgs__rosidl_generator_c.dir/rosidl_generator_c/ackermann_msgs/msg/detail/ackermann_message__functions.c.o[0m
[ 12%] [34m[1mGenerating C++ type support for eProsima Fast-RTPS[0m
[ 19%] [34m[1mGenerating C++ type support dispatch for ROS interfaces[0m
[ 19%] [34m[1mGenerating C++ introspection for ROS interfaces[0m
[ 19%] Built target ament_cmake_python_build_ackermann_msgs_egg
[ 22%] [32m[1mLinking C shared library libackermann_msgs__rosidl_generator_c.so[0m
[ 25%] [32mBuilding CXX object CMakeFiles/ackermann_msgs__rosidl_typesupport_cpp.dir/rosidl_typesupport_cpp/ackermann_msgs/msg/ackermann_message__type_support.cpp.o[0m
[ 29%] [32mBuilding CXX object CMakeFiles/ackermann_msgs__rosidl_typesupport_fastrtps_cpp.dir/rosidl_typesupport_fastrtps_cpp/ackermann_msgs/msg/detail/dds_fastrtps/ackermann_message__type_support.cpp.o[0m
[ 29%] Built target ackermann_msgs__rosidl_generator_c
[ 32%] [34m[1mGenerating C introspection for ROS interfaces[0m
[ 35%] [34m[1mGenerating C type support dispatch for ROS interfaces[0m
[ 38%] [34m[1mGenerating C type support for eProsima Fast-RTPS[0m
[ 41%] [32mBuilding CXX object CMakeFiles/ackermann_msgs__rosidl_typesupport_introspection_cpp.dir/rosidl_typesupport_introspection_cpp/ackermann_msgs/msg/detail/ackermann_message__type_support.cpp.o[0m
[ 45%] [32mBuilding CXX object CMakeFiles/ackermann_msgs__rosidl_typesupport_c.dir/rosidl_typesupport_c/ackermann_msgs/msg/ackermann_message__type_support.cpp.o[0m
[ 51%] [32mBuilding CXX object CMakeFiles/ackermann_msgs__rosidl_typesupport_fastrtps_c.dir/rosidl_typesupport_fastrtps_c/ackermann_msgs/msg/detail/ackermann_message__type_support_c.cpp.o[0m
[ 51%] [32m[1mLinking CXX shared library libackermann_msgs__rosidl_typesupport_c.so[0m
[ 54%] [32mBuilding C object CMakeFiles/ackermann_msgs__rosidl_typesupport_introspection_c.dir/rosidl_typesupport_introspection_c/ackermann_msgs/msg/detail/ackermann_message__type_support.c.o[0m
[ 58%] [32m[1mLinking CXX shared library libackermann_msgs__rosidl_typesupport_cpp.so[0m
[ 61%] [32m[1mLinking C shared library libackermann_msgs__rosidl_typesupport_introspection_c.so[0m
[ 64%] [32m[1mLinking CXX shared library libackermann_msgs__rosidl_typesupport_introspection_cpp.so[0m
[ 67%] [32m[1mLinking CXX shared library libackermann_msgs__rosidl_typesupport_fastrtps_cpp.so[0m
[ 67%] Built target ackermann_msgs__rosidl_typesupport_c
[ 67%] Built target ackermann_msgs__rosidl_typesupport_cpp
[ 67%] Built target ackermann_msgs__rosidl_typesupport_introspection_c
[ 70%] [32m[1mLinking CXX shared library libackermann_msgs__rosidl_typesupport_fastrtps_c.so[0m
[ 70%] Built target ackermann_msgs__rosidl_typesupport_introspection_cpp
[ 70%] Built target ackermann_msgs__rosidl_typesupport_fastrtps_cpp
[ 70%] Built target ackermann_msgs__rosidl_typesupport_fastrtps_c
[ 70%] Built target ackermann_msgs
[ 74%] [34m[1mGenerating Python code for ROS interfaces[0m
[ 74%] Built target ackermann_msgs__py
[ 77%] [32mBuilding C object CMakeFiles/ackermann_msgs__rosidl_generator_py.dir/rosidl_generator_py/ackermann_msgs/msg/_ackermann_message_s.c.o[0m
[ 80%] [32m[1mLinking C shared library rosidl_generator_py/ackermann_msgs/libackermann_msgs__rosidl_generator_py.so[0m
[ 80%] Built target ackermann_msgs__rosidl_generator_py
[ 90%] [32mBuilding C object CMakeFiles/ackermann_msgs__rosidl_typesupport_introspection_c__pyext.dir/rosidl_generator_py/ackermann_msgs/_ackermann_msgs_s.ep.rosidl_typesupport_introspection_c.c.o[0m
[ 90%] [32mBuilding C object CMakeFiles/ackermann_msgs__rosidl_typesupport_fastrtps_c__pyext.dir/rosidl_generator_py/ackermann_msgs/_ackermann_msgs_s.ep.rosidl_typesupport_fastrtps_c.c.o[0m
[ 90%] [32mBuilding C object CMakeFiles/ackermann_msgs__rosidl_typesupport_c__pyext.dir/rosidl_generator_py/ackermann_msgs/_ackermann_msgs_s.ep.rosidl_typesupport_c.c.o[0m
[100%] [32m[1mLinking C shared library rosidl_generator_py/ackermann_msgs/ackermann_msgs_s__rosidl_typesupport_c.cpython-310-x86_64-linux-gnu.so[0m
[100%] [32m[1mLinking C shared library rosidl_generator_py/ackermann_msgs/ackermann_msgs_s__rosidl_typesupport_introspection_c.cpython-310-x86_64-linux-gnu.so[0m
[100%] [32m[1mLinking C shared library rosidl_generator_py/ackermann_msgs/ackermann_msgs_s__rosidl_typesupport_fastrtps_c.cpython-310-x86_64-linux-gnu.so[0m
[100%] Built target ackermann_msgs__rosidl_typesupport_c__pyext
[100%] Built target ackermann_msgs__rosidl_typesupport_introspection_c__pyext
[100%] Built target ackermann_msgs__rosidl_typesupport_fastrtps_c__pyext
-- Install configuration: ""
-- Installing: /home/paolo/purple_whales_ws/install/ackermann_msgs/share/ament_index/resource_index/rosidl_interfaces/ackermann_msgs
-- Installing: /home/paolo/purple_whales_ws/install/ackermann_msgs/include/ackermann_msgs/ackermann_msgs
-- Installing: /home/paolo/purple_whales_ws/install/ackermann_msgs/include/ackermann_msgs/ackermann_msgs/msg
-- Installing: /home/paolo/purple_whales_ws/install/ackermann_msgs/include/ackermann_msgs/ackermann_msgs/msg/detail
-- Installing: /home/paolo/purple_whales_ws/install/ackermann_msgs/include/ackermann_msgs/ackermann_msgs/msg/detail/ackermann_message__struct.h
-- Installing: /home/paolo/purple_whales_ws/install/ackermann_msgs/include/ackermann_msgs/ackermann_msgs/msg/detail/ackermann_message__type_support.h
-- Installing: /home/paolo/purple_whales_ws/install/ackermann_msgs/include/ackermann_msgs/ackermann_msgs/msg/detail/ackermann_message__functions.h
-- Installing: /home/paolo/purple_whales_ws/install/ackermann_msgs/include/ackermann_msgs/ackermann_msgs/msg/detail/ackermann_message__functions.c
-- Installing: /home/paolo/purple_whales_ws/install/ackermann_msgs/include/ackermann_msgs/ackermann_msgs/msg/ackermann_message.h
-- Installing: /home/paolo/purple_whales_ws/install/ackermann_msgs/include/ackermann_msgs/ackermann_msgs/msg/rosidl_generator_c__visibility_control.h
-- Installing: /home/paolo/purple_whales_ws/install/ackermann_msgs/share/ackermann_msgs/environment/library_path.sh
-- Installing: /home/paolo/purple_whales_ws/install/ackermann_msgs/share/ackermann_msgs/environment/library_path.dsv
-- Installing: /home/paolo/purple_whales_ws/install/ackermann_msgs/lib/libackermann_msgs__rosidl_generator_c.so
-- Set runtime path of "/home/paolo/purple_whales_ws/install/ackermann_msgs/lib/libackermann_msgs__rosidl_generator_c.so" to ""
-- Up-to-date: /home/paolo/purple_whales_ws/install/ackermann_msgs/include/ackermann_msgs/ackermann_msgs
-- Up-to-date: /home/paolo/purple_whales_ws/install/ackermann_msgs/include/ackermann_msgs/ackermann_msgs/msg
-- Up-to-date: /home/paolo/purple_whales_ws/install/ackermann_msgs/include/ackermann_msgs/ackermann_msgs/msg/detail
-- Installing: /home/paolo/purple_whales_ws/install/ackermann_msgs/include/ackermann_msgs/ackermann_msgs/msg/detail/ackermann_message__rosidl_typesupport_fastrtps_c.h
-- Installing: /home/paolo/purple_whales_ws/install/ackermann_msgs/include/ackermann_msgs/ackermann_msgs/msg/rosidl_typesupport_fastrtps_c__visibility_control.h
-- Installing: /home/paolo/purple_whales_ws/install/ackermann_msgs/lib/libackermann_msgs__rosidl_typesupport_fastrtps_c.so
-- Set runtime path of "/home/paolo/purple_whales_ws/install/ackermann_msgs/lib/libackermann_msgs__rosidl_typesupport_fastrtps_c.so" to ""
-- Up-to-date: /home/paolo/purple_whales_ws/install/ackermann_msgs/include/ackermann_msgs/ackermann_msgs
-- Up-to-date: /home/paolo/purple_whales_ws/install/ackermann_msgs/include/ackermann_msgs/ackermann_msgs/msg
-- Up-to-date: /home/paolo/purple_whales_ws/install/ackermann_msgs/include/ackermann_msgs/ackermann_msgs/msg/detail
-- Installing: /home/paolo/purple_whales_ws/install/ackermann_msgs/include/ackermann_msgs/ackermann_msgs/msg/detail/ackermann_message__type_support.c
-- Installing: /home/paolo/purple_whales_ws/install/ackermann_msgs/include/ackermann_msgs/ackermann_msgs/msg/detail/ackermann_message__rosidl_typesupport_introspection_c.h
-- Installing: /home/paolo/purple_whales_ws/install/ackermann_msgs/include/ackermann_msgs/ackermann_msgs/msg/rosidl_typesupport_introspection_c__visibility_control.h
-- Installing: /home/paolo/purple_whales_ws/install/ackermann_msgs/lib/libackermann_msgs__rosidl_typesupport_introspection_c.so
-- Set runtime path of "/home/paolo/purple_whales_ws/install/ackermann_msgs/lib/libackermann_msgs__rosidl_typesupport_introspection_c.so" to ""
-- Installing: /home/paolo/purple_whales_ws/install/ackermann_msgs/lib/libackermann_msgs__rosidl_typesupport_c.so
-- Set runtime path of "/home/paolo/purple_whales_ws/install/ackermann_msgs/lib/libackermann_msgs__rosidl_typesupport_c.so" to ""
-- Up-to-date: /home/paolo/purple_whales_ws/install/ackermann_msgs/include/ackermann_msgs/ackermann_msgs
-- Up-to-date: /home/paolo/purple_whales_ws/install/ackermann_msgs/include/ackermann_msgs/ackermann_msgs/msg
-- Up-to-date: /home/paolo/purple_whales_ws/install/ackermann_msgs/include/ackermann_msgs/ackermann_msgs/msg/detail
-- Installing: /home/paolo/purple_whales_ws/install/ackermann_msgs/include/ackermann_msgs/ackermann_msgs/msg/detail/ackermann_message__traits.hpp
-- Installing: /home/paolo/purple_whales_ws/install/ackermann_msgs/include/ackermann_msgs/ackermann_msgs/msg/detail/ackermann_message__builder.hpp
-- Installing: /home/paolo/purple_whales_ws/install/ackermann_msgs/include/ackermann_msgs/ackermann_msgs/msg/detail/ackermann_message__struct.hpp
-- Installing: /home/paolo/purple_whales_ws/install/ackermann_msgs/include/ackermann_msgs/ackermann_msgs/msg/ackermann_message.hpp
-- Up-to-date: /home/paolo/purple_whales_ws/install/ackermann_msgs/include/ackermann_msgs/ackermann_msgs
-- Up-to-date: /home/paolo/purple_whales_ws/install/ackermann_msgs/include/ackermann_msgs/ackermann_msgs/msg
-- Up-to-date: /home/paolo/purple_whales_ws/install/ackermann_msgs/include/ackermann_msgs/ackermann_msgs/msg/detail
-- Installing: /home/paolo/purple_whales_ws/install/ackermann_msgs/include/ackermann_msgs/ackermann_msgs/msg/detail/ackermann_message__rosidl_typesupport_fastrtps_cpp.hpp
-- Installing: /home/paolo/purple_whales_ws/install/ackermann_msgs/include/ackermann_msgs/ackermann_msgs/msg/detail/dds_fastrtps
-- Installing: /home/paolo/purple_whales_ws/install/ackermann_msgs/include/ackermann_msgs/ackermann_msgs/msg/rosidl_typesupport_fastrtps_cpp__visibility_control.h
-- Installing: /home/paolo/purple_whales_ws/install/ackermann_msgs/lib/libackermann_msgs__rosidl_typesupport_fastrtps_cpp.so
-- Set runtime path of "/home/paolo/purple_whales_ws/install/ackermann_msgs/lib/libackermann_msgs__rosidl_typesupport_fastrtps_cpp.so" to ""
-- Up-to-date: /home/paolo/purple_whales_ws/install/ackermann_msgs/include/ackermann_msgs/ackermann_msgs
-- Up-to-date: /home/paolo/purple_whales_ws/install/ackermann_msgs/include/ackermann_msgs/ackermann_msgs/msg
-- Up-to-date: /home/paolo/purple_whales_ws/install/ackermann_msgs/include/ackermann_msgs/ackermann_msgs/msg/detail
-- Installing: /home/paolo/purple_whales_ws/install/ackermann_msgs/include/ackermann_msgs/ackermann_msgs/msg/detail/ackermann_message__rosidl_typesupport_introspection_cpp.hpp
-- Installing: /home/paolo/purple_whales_ws/install/ackermann_msgs/include/ackermann_msgs/ackermann_msgs/msg/detail/ackermann_message__type_support.cpp
-- Installing: /home/paolo/purple_whales_ws/install/ackermann_msgs/lib/libackermann_msgs__rosidl_typesupport_introspection_cpp.so
-- Set runtime path of "/home/paolo/purple_whales_ws/install/ackermann_msgs/lib/libackermann_msgs__rosidl_typesupport_introspection_cpp.so" to ""
-- Installing: /home/paolo/purple_whales_ws/install/ackermann_msgs/lib/libackermann_msgs__rosidl_typesupport_cpp.so
-- Set runtime path of "/home/paolo/purple_whales_ws/install/ackermann_msgs/lib/libackermann_msgs__rosidl_typesupport_cpp.so" to ""
-- Installing: /home/paolo/purple_whales_ws/install/ackermann_msgs/share/ackermann_msgs/environment/pythonpath.sh
-- Installing: /home/paolo/purple_whales_ws/install/ackermann_msgs/share/ackermann_msgs/environment/pythonpath.dsv
-- Installing: /home/paolo/purple_whales_ws/install/ackermann_msgs/local/lib/python3.10/dist-packages/ackermann_msgs-0.0.0-py3.10.egg-info
-- Installing: /home/paolo/purple_whales_ws/install/ackermann_msgs/local/lib/python3.10/dist-packages/ackermann_msgs-0.0.0-py3.10.egg-info/dependency_links.txt
-- Installing: /home/paolo/purple_whales_ws/install/ackermann_msgs/local/lib/python3.10/dist-packages/ackermann_msgs-0.0.0-py3.10.egg-info/top_level.txt
-- Installing: /home/paolo/purple_whales_ws/install/ackermann_msgs/local/lib/python3.10/dist-packages/ackermann_msgs-0.0.0-py3.10.egg-info/PKG-INFO
-- Installing: /home/paolo/purple_whales_ws/install/ackermann_msgs/local/lib/python3.10/dist-packages/ackermann_msgs-0.0.0-py3.10.egg-info/SOURCES.txt
-- Installing: /home/paolo/purple_whales_ws/install/ackermann_msgs/local/lib/python3.10/dist-packages/ackermann_msgs
-- Installing: /home/paolo/purple_whales_ws/install/ackermann_msgs/local/lib/python3.10/dist-packages/ackermann_msgs/ackermann_msgs_s__rosidl_typesupport_c.cpython-310-x86_64-linux-gnu.so
-- Installing: /home/paolo/purple_whales_ws/install/ackermann_msgs/local/lib/python3.10/dist-packages/ackermann_msgs/libackermann_msgs__rosidl_generator_py.so
-- Installing: /home/paolo/purple_whales_ws/install/ackermann_msgs/local/lib/python3.10/dist-packages/ackermann_msgs/msg
-- Installing: /home/paolo/purple_whales_ws/install/ackermann_msgs/local/lib/python3.10/dist-packages/ackermann_msgs/msg/__init__.py
-- Installing: /home/paolo/purple_whales_ws/install/ackermann_msgs/local/lib/python3.10/dist-packages/ackermann_msgs/msg/_ackermann_message_s.c
-- Installing: /home/paolo/purple_whales_ws/install/ackermann_msgs/local/lib/python3.10/dist-packages/ackermann_msgs/msg/_ackermann_message.py
-- Installing: /home/paolo/purple_whales_ws/install/ackermann_msgs/local/lib/python3.10/dist-packages/ackermann_msgs/__init__.py
-- Installing: /home/paolo/purple_whales_ws/install/ackermann_msgs/local/lib/python3.10/dist-packages/ackermann_msgs/_ackermann_msgs_s.ep.rosidl_typesupport_fastrtps_c.c
-- Installing: /home/paolo/purple_whales_ws/install/ackermann_msgs/local/lib/python3.10/dist-packages/ackermann_msgs/ackermann_msgs_s__rosidl_typesupport_introspection_c.cpython-310-x86_64-linux-gnu.so
-- Installing: /home/paolo/purple_whales_ws/install/ackermann_msgs/local/lib/python3.10/dist-packages/ackermann_msgs/_ackermann_msgs_s.ep.rosidl_typesupport_c.c
-- Installing: /home/paolo/purple_whales_ws/install/ackermann_msgs/local/lib/python3.10/dist-packages/ackermann_msgs/ackermann_msgs_s__rosidl_typesupport_fastrtps_c.cpython-310-x86_64-linux-gnu.so
-- Installing: /home/paolo/purple_whales_ws/install/ackermann_msgs/local/lib/python3.10/dist-packages/ackermann_msgs/_ackermann_msgs_s.ep.rosidl_typesupport_introspection_c.c
Listing '/home/paolo/purple_whales_ws/install/ackermann_msgs/local/lib/python3.10/dist-packages/ackermann_msgs'...
Compiling '/home/paolo/purple_whales_ws/install/ackermann_msgs/local/lib/python3.10/dist-packages/ackermann_msgs/__init__.py'...
Listing '/home/paolo/purple_whales_ws/install/ackermann_msgs/local/lib/python3.10/dist-packages/ackermann_msgs/msg'...
Compiling '/home/paolo/purple_whales_ws/install/ackermann_msgs/local/lib/python3.10/dist-packages/ackermann_msgs/msg/__init__.py'...
Compiling '/home/paolo/purple_whales_ws/install/ackermann_msgs/local/lib/python3.10/dist-packages/ackermann_msgs/msg/_ackermann_message.py'...
-- Installing: /home/paolo/purple_whales_ws/install/ackermann_msgs/local/lib/python3.10/dist-packages/ackermann_msgs/ackermann_msgs_s__rosidl_typesupport_fastrtps_c.cpython-310-x86_64-linux-gnu.so
-- Set runtime path of "/home/paolo/purple_whales_ws/install/ackermann_msgs/local/lib/python3.10/dist-packages/ackermann_msgs/ackermann_msgs_s__rosidl_typesupport_fastrtps_c.cpython-310-x86_64-linux-gnu.so" to ""
-- Installing: /home/paolo/purple_whales_ws/install/ackermann_msgs/local/lib/python3.10/dist-packages/ackermann_msgs/ackermann_msgs_s__rosidl_typesupport_introspection_c.cpython-310-x86_64-linux-gnu.so
-- Set runtime path of "/home/paolo/purple_whales_ws/install/ackermann_msgs/local/lib/python3.10/dist-packages/ackermann_msgs/ackermann_msgs_s__rosidl_typesupport_introspection_c.cpython-310-x86_64-linux-gnu.so" to ""
-- Installing: /home/paolo/purple_whales_ws/install/ackermann_msgs/local/lib/python3.10/dist-packages/ackermann_msgs/ackermann_msgs_s__rosidl_typesupport_c.cpython-310-x86_64-linux-gnu.so
-- Set runtime path of "/home/paolo/purple_whales_ws/install/ackermann_msgs/local/lib/python3.10/dist-packages/ackermann_msgs/ackermann_msgs_s__rosidl_typesupport_c.cpython-310-x86_64-linux-gnu.so" to ""
-- Installing: /home/paolo/purple_whales_ws/install/ackermann_msgs/lib/libackermann_msgs__rosidl_generator_py.so
-- Set runtime path of "/home/paolo/purple_whales_ws/install/ackermann_msgs/lib/libackermann_msgs__rosidl_generator_py.so" to ""
-- Installing: /home/paolo/purple_whales_ws/install/ackermann_msgs/share/ackermann_msgs/msg/AckermannMessage.idl
-- Installing: /home/paolo/purple_whales_ws/install/ackermann_msgs/share/ackermann_msgs/msg/AckermannMessage.msg
-- Installing: /home/paolo/purple_whales_ws/install/ackermann_msgs/share/ament_index/resource_index/package_run_dependencies/ackermann_msgs
-- Installing: /home/paolo/purple_whales_ws/install/ackermann_msgs/share/ament_index/resource_index/parent_prefix_path/ackermann_msgs
-- Installing: /home/paolo/purple_whales_ws/install/ackermann_msgs/share/ackermann_msgs/environment/ament_prefix_path.sh
-- Installing: /home/paolo/purple_whales_ws/install/ackermann_msgs/share/ackermann_msgs/environment/ament_prefix_path.dsv
-- Installing: /home/paolo/purple_whales_ws/install/ackermann_msgs/share/ackermann_msgs/environment/path.sh
-- Installing: /home/paolo/purple_whales_ws/install/ackermann_msgs/share/ackermann_msgs/environment/path.dsv
-- Installing: /home/paolo/purple_whales_ws/install/ackermann_msgs/share/ackermann_msgs/local_setup.bash
-- Installing: /home/paolo/purple_whales_ws/install/ackermann_msgs/share/ackermann_msgs/local_setup.sh
-- Installing: /home/paolo/purple_whales_ws/install/ackermann_msgs/share/ackermann_msgs/local_setup.zsh
-- Installing: /home/paolo/purple_whales_ws/install/ackermann_msgs/share/ackermann_msgs/local_setup.dsv
-- Installing: /home/paolo/purple_whales_ws/install/ackermann_msgs/share/ackermann_msgs/package.dsv
-- Installing: /home/paolo/purple_whales_ws/install/ackermann_msgs/share/ament_index/resource_index/packages/ackermann_msgs
-- Installing: /home/paolo/purple_whales_ws/install/ackermann_msgs/share/ackermann_msgs/cmake/export_ackermann_msgs__rosidl_generator_cExport.cmake
-- Installing: /home/paolo/purple_whales_ws/install/ackermann_msgs/share/ackermann_msgs/cmake/export_ackermann_msgs__rosidl_generator_cExport-noconfig.cmake
-- Installing: /home/paolo/purple_whales_ws/install/ackermann_msgs/share/ackermann_msgs/cmake/export_ackermann_msgs__rosidl_typesupport_fastrtps_cExport.cmake
-- Installing: /home/paolo/purple_whales_ws/install/ackermann_msgs/share/ackermann_msgs/cmake/export_ackermann_msgs__rosidl_typesupport_fastrtps_cExport-noconfig.cmake
-- Installing: /home/paolo/purple_whales_ws/install/ackermann_msgs/share/ackermann_msgs/cmake/ackermann_msgs__rosidl_typesupport_introspection_cExport.cmake
-- Installing: /home/paolo/purple_whales_ws/install/ackermann_msgs/share/ackermann_msgs/cmake/ackermann_msgs__rosidl_typesupport_introspection_cExport-noconfig.cmake
-- Installing: /home/paolo/purple_whales_ws/install/ackermann_msgs/share/ackermann_msgs/cmake/ackermann_msgs__rosidl_typesupport_cExport.cmake
-- Installing: /home/paolo/purple_whales_ws/install/ackermann_msgs/share/ackermann_msgs/cmake/ackermann_msgs__rosidl_typesupport_cExport-noconfig.cmake
-- Installing: /home/paolo/purple_whales_ws/install/ackermann_msgs/share/ackermann_msgs/cmake/export_ackermann_msgs__rosidl_generator_cppExport.cmake
-- Installing: /home/paolo/purple_whales_ws/install/ackermann_msgs/share/ackermann_msgs/cmake/export_ackermann_msgs__rosidl_typesupport_fastrtps_cppExport.cmake
-- Installing: /home/paolo/purple_whales_ws/install/ackermann_msgs/share/ackermann_msgs/cmake/export_ackermann_msgs__rosidl_typesupport_fastrtps_cppExport-noconfig.cmake
-- Installing: /home/paolo/purple_whales_ws/install/ackermann_msgs/share/ackermann_msgs/cmake/ackermann_msgs__rosidl_typesupport_introspection_cppExport.cmake
-- Installing: /home/paolo/purple_whales_ws/install/ackermann_msgs/share/ackermann_msgs/cmake/ackermann_msgs__rosidl_typesupport_introspection_cppExport-noconfig.cmake
-- Installing: /home/paolo/purple_whales_ws/install/ackermann_msgs/share/ackermann_msgs/cmake/ackermann_msgs__rosidl_typesupport_cppExport.cmake
-- Installing: /home/paolo/purple_whales_ws/install/ackermann_msgs/share/ackermann_msgs/cmake/ackermann_msgs__rosidl_typesupport_cppExport-noconfig.cmake
-- Installing: /home/paolo/purple_whales_ws/install/ackermann_msgs/share/ackermann_msgs/cmake/export_ackermann_msgs__rosidl_generator_pyExport.cmake
-- Installing: /home/paolo/purple_whales_ws/install/ackermann_msgs/share/ackermann_msgs/cmake/export_ackermann_msgs__rosidl_generator_pyExport-noconfig.cmake
-- Installing: /home/paolo/purple_whales_ws/install/ackermann_msgs/share/ackermann_msgs/cmake/rosidl_cmake-extras.cmake
-- Installing: /home/paolo/purple_whales_ws/install/ackermann_msgs/share/ackermann_msgs/cmake/ament_cmake_export_include_directories-extras.cmake
-- Installing: /home/paolo/purple_whales_ws/install/ackermann_msgs/share/ackermann_msgs/cmake/ament_cmake_export_libraries-extras.cmake
-- Installing: /home/paolo/purple_whales_ws/install/ackermann_msgs/share/ackermann_msgs/cmake/ament_cmake_export_targets-extras.cmake
-- Installing: /home/paolo/purple_whales_ws/install/ackermann_msgs/share/ackermann_msgs/cmake/rosidl_cmake_export_typesupport_targets-extras.cmake
-- Installing: /home/paolo/purple_whales_ws/install/ackermann_msgs/share/ackermann_msgs/cmake/ament_cmake_export_dependencies-extras.cmake
-- Installing: /home/paolo/purple_whales_ws/install/ackermann_msgs/share/ackermann_msgs/cmake/rosidl_cmake_export_typesupport_libraries-extras.cmake
-- Installing: /home/paolo/purple_whales_ws/install/ackermann_msgs/share/ackermann_msgs/cmake/ackermann_msgsConfig.cmake
-- Installing: /home/paolo/purple_whales_ws/install/ackermann_msgs/share/ackermann_msgs/cmake/ackermann_msgsConfig-version.cmake
-- Installing: /home/paolo/purple_whales_ws/install/ackermann_msgs/share/ackermann_msgs/package.xml
