gmake[4]: Entering directory '/home/paolo/purple_whales_ws/firmware/mcu_ws/build/micro_ros_utilities'
/usr/bin/cmake -S/home/paolo/purple_whales_ws/firmware/mcu_ws/uros/micro_ros_utilities -B/home/paolo/purple_whales_ws/firmware/mcu_ws/build/micro_ros_utilities --check-build-system CMakeFiles/Makefile.cmake 0
Re-run cmake file: Makefile older than: /home/paolo/purple_whales_ws/firmware/freertos_apps/microros_esp32_extensions/esp32_toolchain.cmake
-- Found ament_cmake: 1.3.8 (/home/paolo/purple_whales_ws/firmware/dev_ws/install/ament_cmake/share/ament_cmake/cmake)
-- Found rosidl_typesupport_introspection_c: 3.1.5 (/home/paolo/purple_whales_ws/firmware/mcu_ws/install/share/rosidl_typesupport_introspection_c/cmake)
-- Found rosidl_adapter: 3.1.5 (/home/paolo/purple_whales_ws/firmware/mcu_ws/install/share/rosidl_adapter/cmake)
[33mCMake Warning at /home/paolo/purple_whales_ws/firmware/mcu_ws/install/share/rcutils/cmake/ament_cmake_export_libraries-extras.cmake:116 (message):
  Package 'rcutils' exports library 'dl' which couldn't be found
Call Stack (most recent call first):
  /home/paolo/purple_whales_ws/firmware/mcu_ws/install/share/rcutils/cmake/rcutilsConfig.cmake:41 (include)
  /home/paolo/purple_whales_ws/firmware/mcu_ws/install/share/rosidl_runtime_c/cmake/ament_cmake_export_dependencies-extras.cmake:21 (find_package)
  /home/paolo/purple_whales_ws/firmware/mcu_ws/install/share/rosidl_runtime_c/cmake/rosidl_runtime_cConfig.cmake:41 (include)
  /home/paolo/purple_whales_ws/firmware/mcu_ws/install/share/rosidl_typesupport_introspection_c/cmake/ament_cmake_export_dependencies-extras.cmake:21 (find_package)
  /home/paolo/purple_whales_ws/firmware/mcu_ws/install/share/rosidl_typesupport_introspection_c/cmake/rosidl_typesupport_introspection_cConfig.cmake:41 (include)
  CMakeLists.txt:18 (find_package)

[0m
-- Configuring done
-- Generating done
-- Build files have been written to: /home/paolo/purple_whales_ws/firmware/mcu_ws/build/micro_ros_utilities
/usr/bin/cmake -E cmake_progress_start /home/paolo/purple_whales_ws/firmware/mcu_ws/build/micro_ros_utilities/CMakeFiles /home/paolo/purple_whales_ws/firmware/mcu_ws/build/micro_ros_utilities//CMakeFiles/progress.marks
/usr/bin/gmake  -f CMakeFiles/Makefile2 all
gmake[5]: Entering directory '/home/paolo/purple_whales_ws/firmware/mcu_ws/build/micro_ros_utilities'
/usr/bin/gmake  -f CMakeFiles/micro_ros_utilities.dir/build.make CMakeFiles/micro_ros_utilities.dir/depend
gmake[6]: Entering directory '/home/paolo/purple_whales_ws/firmware/mcu_ws/build/micro_ros_utilities'
cd /home/paolo/purple_whales_ws/firmware/mcu_ws/build/micro_ros_utilities && /usr/bin/cmake -E cmake_depends "Unix Makefiles" /home/paolo/purple_whales_ws/firmware/mcu_ws/uros/micro_ros_utilities /home/paolo/purple_whales_ws/firmware/mcu_ws/uros/micro_ros_utilities /home/paolo/purple_whales_ws/firmware/mcu_ws/build/micro_ros_utilities /home/paolo/purple_whales_ws/firmware/mcu_ws/build/micro_ros_utilities /home/paolo/purple_whales_ws/firmware/mcu_ws/build/micro_ros_utilities/CMakeFiles/micro_ros_utilities.dir/DependInfo.cmake --color=
Dependencies file "CMakeFiles/micro_ros_utilities.dir/src/string_utilities.c.obj.d" is newer than depends file "/home/paolo/purple_whales_ws/firmware/mcu_ws/build/micro_ros_utilities/CMakeFiles/micro_ros_utilities.dir/compiler_depend.internal".
Dependencies file "CMakeFiles/micro_ros_utilities.dir/src/type_utilities.c.obj.d" is newer than depends file "/home/paolo/purple_whales_ws/firmware/mcu_ws/build/micro_ros_utilities/CMakeFiles/micro_ros_utilities.dir/compiler_depend.internal".
[35m[1mConsolidate compiler generated dependencies of target micro_ros_utilities[0m
gmake[6]: Leaving directory '/home/paolo/purple_whales_ws/firmware/mcu_ws/build/micro_ros_utilities'
/usr/bin/gmake  -f CMakeFiles/micro_ros_utilities.dir/build.make CMakeFiles/micro_ros_utilities.dir/build
gmake[6]: Entering directory '/home/paolo/purple_whales_ws/firmware/mcu_ws/build/micro_ros_utilities'
gmake[6]: Nothing to be done for 'CMakeFiles/micro_ros_utilities.dir/build'.
gmake[6]: Leaving directory '/home/paolo/purple_whales_ws/firmware/mcu_ws/build/micro_ros_utilities'
[100%] Built target micro_ros_utilities
gmake[5]: Leaving directory '/home/paolo/purple_whales_ws/firmware/mcu_ws/build/micro_ros_utilities'
/usr/bin/cmake -E cmake_progress_start /home/paolo/purple_whales_ws/firmware/mcu_ws/build/micro_ros_utilities/CMakeFiles 0
gmake[4]: Leaving directory '/home/paolo/purple_whales_ws/firmware/mcu_ws/build/micro_ros_utilities'
-- Install configuration: "Debug"
-- Up-to-date: /home/paolo/purple_whales_ws/firmware/mcu_ws/install/include
-- Up-to-date: /home/paolo/purple_whales_ws/firmware/mcu_ws/install/include/micro_ros_utilities
-- Up-to-date: /home/paolo/purple_whales_ws/firmware/mcu_ws/install/include/micro_ros_utilities/type_utilities.h
-- Up-to-date: /home/paolo/purple_whales_ws/firmware/mcu_ws/install/include/micro_ros_utilities/visibility_control.h
-- Up-to-date: /home/paolo/purple_whales_ws/firmware/mcu_ws/install/include/micro_ros_utilities/string_utilities.h
-- Up-to-date: /home/paolo/purple_whales_ws/firmware/mcu_ws/install/lib/libmicro_ros_utilities.a
-- Up-to-date: /home/paolo/purple_whales_ws/firmware/mcu_ws/install/share/micro_ros_utilities/environment/library_path.sh
-- Installing: /home/paolo/purple_whales_ws/firmware/mcu_ws/install/share/micro_ros_utilities/environment/library_path.dsv
-- Up-to-date: /home/paolo/purple_whales_ws/firmware/mcu_ws/install/share/ament_index/resource_index/package_run_dependencies/micro_ros_utilities
-- Up-to-date: /home/paolo/purple_whales_ws/firmware/mcu_ws/install/share/ament_index/resource_index/parent_prefix_path/micro_ros_utilities
-- Up-to-date: /home/paolo/purple_whales_ws/firmware/mcu_ws/install/share/micro_ros_utilities/environment/ament_prefix_path.sh
-- Installing: /home/paolo/purple_whales_ws/firmware/mcu_ws/install/share/micro_ros_utilities/environment/ament_prefix_path.dsv
-- Up-to-date: /home/paolo/purple_whales_ws/firmware/mcu_ws/install/share/micro_ros_utilities/environment/path.sh
-- Installing: /home/paolo/purple_whales_ws/firmware/mcu_ws/install/share/micro_ros_utilities/environment/path.dsv
-- Up-to-date: /home/paolo/purple_whales_ws/firmware/mcu_ws/install/share/micro_ros_utilities/local_setup.bash
-- Up-to-date: /home/paolo/purple_whales_ws/firmware/mcu_ws/install/share/micro_ros_utilities/local_setup.sh
-- Up-to-date: /home/paolo/purple_whales_ws/firmware/mcu_ws/install/share/micro_ros_utilities/local_setup.zsh
-- Installing: /home/paolo/purple_whales_ws/firmware/mcu_ws/install/share/micro_ros_utilities/local_setup.dsv
-- Installing: /home/paolo/purple_whales_ws/firmware/mcu_ws/install/share/micro_ros_utilities/package.dsv
-- Up-to-date: /home/paolo/purple_whales_ws/firmware/mcu_ws/install/share/ament_index/resource_index/packages/micro_ros_utilities
-- Up-to-date: /home/paolo/purple_whales_ws/firmware/mcu_ws/install/share/micro_ros_utilities/cmake/ament_cmake_export_include_directories-extras.cmake
-- Up-to-date: /home/paolo/purple_whales_ws/firmware/mcu_ws/install/share/micro_ros_utilities/cmake/ament_cmake_export_libraries-extras.cmake
-- Up-to-date: /home/paolo/purple_whales_ws/firmware/mcu_ws/install/share/micro_ros_utilities/cmake/ament_cmake_export_dependencies-extras.cmake
-- Up-to-date: /home/paolo/purple_whales_ws/firmware/mcu_ws/install/share/micro_ros_utilities/cmake/micro_ros_utilitiesConfig.cmake
-- Up-to-date: /home/paolo/purple_whales_ws/firmware/mcu_ws/install/share/micro_ros_utilities/cmake/micro_ros_utilitiesConfig-version.cmake
-- Up-to-date: /home/paolo/purple_whales_ws/firmware/mcu_ws/install/share/micro_ros_utilities/package.xml
