[0.038s] Invoking command in '/home/paolo/purple_whales_ws/build/micro_ros_msgs': CMAKE_PREFIX_PATH=/opt/ros/humble /usr/bin/cmake /home/paolo/purple_whales_ws/src/uros/micro_ros_msgs -DCMAKE_INSTALL_PREFIX=/home/paolo/purple_whales_ws/install/micro_ros_msgs
[0.386s] -- Found ament_cmake: 1.3.8 (/opt/ros/humble/share/ament_cmake/cmake)
[0.386s] -- Found rosidl_default_generators: 1.2.0 (/opt/ros/humble/share/rosidl_default_generators/cmake)
[0.387s] -- Using all available rosidl_typesupport_c: rosidl_typesupport_fastrtps_c;rosidl_typesupport_introspection_c
[0.387s] -- Found rosidl_adapter: 3.1.5 (/opt/ros/humble/share/rosidl_adapter/cmake)
[0.698s] -- Using all available rosidl_typesupport_cpp: rosidl_typesupport_fastrtps_cpp;rosidl_typesupport_introspection_cpp
[0.757s] -- Found ament_lint_auto: 0.12.10 (/opt/ros/humble/share/ament_lint_auto/cmake)
[1.146s] -- Found ament_cmake_ros: 0.10.0 (/opt/ros/humble/share/ament_cmake_ros/cmake)
[1.399s] -- Using all available rosidl_typesupport_c: rosidl_typesupport_fastrtps_c;rosidl_typesupport_introspection_c
[1.689s] -- Using all available rosidl_typesupport_cpp: rosidl_typesupport_fastrtps_cpp;rosidl_typesupport_introspection_cpp
[1.721s] -- Found python_cmake_module: 0.10.0 (/opt/ros/humble/share/python_cmake_module/cmake)
[1.756s] -- Using PYTHON_EXECUTABLE: /usr/bin/python3
[1.756s] -- Using PYTHON_INCLUDE_DIRS: /usr/include/python3.10
[1.756s] -- Using PYTHON_LIBRARIES: /usr/lib/x86_64-linux-gnu/libpython3.10.so
[1.780s] -- Added test 'copyright' to check source files copyright and LICENSE
[1.791s] -- Added test 'lint_cmake' to check CMake code style
[1.793s] -- Added test 'xmllint' to check XML markup files
[1.805s] -- Configuring done
[1.873s] -- Generating done
[1.877s] -- Build files have been written to: /home/paolo/purple_whales_ws/build/micro_ros_msgs
[1.907s] Invoked command in '/home/paolo/purple_whales_ws/build/micro_ros_msgs' returned '0': CMAKE_PREFIX_PATH=/opt/ros/humble /usr/bin/cmake /home/paolo/purple_whales_ws/src/uros/micro_ros_msgs -DCMAKE_INSTALL_PREFIX=/home/paolo/purple_whales_ws/install/micro_ros_msgs
[1.909s] Invoking command in '/home/paolo/purple_whales_ws/build/micro_ros_msgs': CMAKE_PREFIX_PATH=/opt/ros/humble /usr/bin/cmake --build /home/paolo/purple_whales_ws/build/micro_ros_msgs -- -j20 -l20
[1.958s] [35m[1mConsolidate compiler generated dependencies of target micro_ros_msgs__rosidl_generator_c[0m
[1.967s] [  2%] Built target micro_ros_msgs__cpp
[1.978s] [ 12%] Built target micro_ros_msgs__rosidl_generator_c
[1.981s] [35m[1mConsolidate compiler generated dependencies of target micro_ros_msgs__rosidl_typesupport_fastrtps_cpp[0m
[1.981s] [35m[1mConsolidate compiler generated dependencies of target micro_ros_msgs__rosidl_typesupport_cpp[0m
[1.981s] [35m[1mConsolidate compiler generated dependencies of target micro_ros_msgs__rosidl_typesupport_introspection_cpp[0m
[1.987s] [ 12%] Built target ament_cmake_python_copy_micro_ros_msgs
[1.993s] [35m[1mConsolidate compiler generated dependencies of target micro_ros_msgs__rosidl_typesupport_c[0m
[1.993s] [35m[1mConsolidate compiler generated dependencies of target micro_ros_msgs__rosidl_typesupport_introspection_c[0m
[1.993s] [35m[1mConsolidate compiler generated dependencies of target micro_ros_msgs__rosidl_typesupport_fastrtps_c[0m
[2.008s] [ 53%] Built target micro_ros_msgs__rosidl_typesupport_introspection_c
[2.009s] [ 59%] Built target micro_ros_msgs__rosidl_typesupport_cpp
[2.009s] [ 63%] Built target micro_ros_msgs__rosidl_typesupport_fastrtps_cpp
[2.009s] [ 65%] Built target micro_ros_msgs__rosidl_typesupport_introspection_cpp
[2.009s] [ 65%] Built target micro_ros_msgs__rosidl_typesupport_c
[2.014s] [ 76%] Built target micro_ros_msgs__rosidl_typesupport_fastrtps_c
[2.041s] [ 76%] Built target micro_ros_msgs
[2.066s] [ 78%] Built target micro_ros_msgs__py
[2.080s] [35m[1mConsolidate compiler generated dependencies of target micro_ros_msgs__rosidl_generator_py[0m
[2.098s] [ 87%] Built target micro_ros_msgs__rosidl_generator_py
[2.112s] [35m[1mConsolidate compiler generated dependencies of target micro_ros_msgs__rosidl_typesupport_c__pyext[0m
[2.113s] [35m[1mConsolidate compiler generated dependencies of target micro_ros_msgs__rosidl_typesupport_fastrtps_c__pyext[0m
[2.113s] [35m[1mConsolidate compiler generated dependencies of target micro_ros_msgs__rosidl_typesupport_introspection_c__pyext[0m
[2.124s] [ 95%] Built target micro_ros_msgs__rosidl_typesupport_c__pyext
[2.124s] [100%] Built target micro_ros_msgs__rosidl_typesupport_fastrtps_c__pyext
[2.124s] [100%] Built target micro_ros_msgs__rosidl_typesupport_introspection_c__pyext
[2.239s] running egg_info
[2.240s] writing micro_ros_msgs.egg-info/PKG-INFO
[2.241s] writing dependency_links to micro_ros_msgs.egg-info/dependency_links.txt
[2.241s] writing top-level names to micro_ros_msgs.egg-info/top_level.txt
[2.249s] reading manifest file 'micro_ros_msgs.egg-info/SOURCES.txt'
[2.251s] writing manifest file 'micro_ros_msgs.egg-info/SOURCES.txt'
[2.312s] [100%] Built target ament_cmake_python_build_micro_ros_msgs_egg
[2.328s] Invoked command in '/home/paolo/purple_whales_ws/build/micro_ros_msgs' returned '0': CMAKE_PREFIX_PATH=/opt/ros/humble /usr/bin/cmake --build /home/paolo/purple_whales_ws/build/micro_ros_msgs -- -j20 -l20
[2.404s] Invoking command in '/home/paolo/purple_whales_ws/build/micro_ros_msgs': CMAKE_PREFIX_PATH=/opt/ros/humble /usr/bin/cmake --install /home/paolo/purple_whales_ws/build/micro_ros_msgs
[2.413s] -- Install configuration: ""
[2.414s] -- Up-to-date: /home/paolo/purple_whales_ws/install/micro_ros_msgs/share/ament_index/resource_index/rosidl_interfaces/micro_ros_msgs
[2.414s] -- Up-to-date: /home/paolo/purple_whales_ws/install/micro_ros_msgs/include/micro_ros_msgs/micro_ros_msgs
[2.414s] -- Up-to-date: /home/paolo/purple_whales_ws/install/micro_ros_msgs/include/micro_ros_msgs/micro_ros_msgs/msg
[2.414s] -- Up-to-date: /home/paolo/purple_whales_ws/install/micro_ros_msgs/include/micro_ros_msgs/micro_ros_msgs/msg/entity.h
[2.414s] -- Up-to-date: /home/paolo/purple_whales_ws/install/micro_ros_msgs/include/micro_ros_msgs/micro_ros_msgs/msg/node.h
[2.414s] -- Up-to-date: /home/paolo/purple_whales_ws/install/micro_ros_msgs/include/micro_ros_msgs/micro_ros_msgs/msg/graph.h
[2.414s] -- Up-to-date: /home/paolo/purple_whales_ws/install/micro_ros_msgs/include/micro_ros_msgs/micro_ros_msgs/msg/detail
[2.414s] -- Up-to-date: /home/paolo/purple_whales_ws/install/micro_ros_msgs/include/micro_ros_msgs/micro_ros_msgs/msg/detail/entity__struct.h
[2.414s] -- Up-to-date: /home/paolo/purple_whales_ws/install/micro_ros_msgs/include/micro_ros_msgs/micro_ros_msgs/msg/detail/graph__struct.h
[2.415s] -- Up-to-date: /home/paolo/purple_whales_ws/install/micro_ros_msgs/include/micro_ros_msgs/micro_ros_msgs/msg/detail/node__type_support.h
[2.415s] -- Up-to-date: /home/paolo/purple_whales_ws/install/micro_ros_msgs/include/micro_ros_msgs/micro_ros_msgs/msg/detail/graph__functions.c
[2.415s] -- Up-to-date: /home/paolo/purple_whales_ws/install/micro_ros_msgs/include/micro_ros_msgs/micro_ros_msgs/msg/detail/node__functions.h
[2.415s] -- Up-to-date: /home/paolo/purple_whales_ws/install/micro_ros_msgs/include/micro_ros_msgs/micro_ros_msgs/msg/detail/graph__functions.h
[2.415s] -- Up-to-date: /home/paolo/purple_whales_ws/install/micro_ros_msgs/include/micro_ros_msgs/micro_ros_msgs/msg/detail/node__functions.c
[2.415s] -- Up-to-date: /home/paolo/purple_whales_ws/install/micro_ros_msgs/include/micro_ros_msgs/micro_ros_msgs/msg/detail/entity__type_support.h
[2.415s] -- Up-to-date: /home/paolo/purple_whales_ws/install/micro_ros_msgs/include/micro_ros_msgs/micro_ros_msgs/msg/detail/node__struct.h
[2.415s] -- Up-to-date: /home/paolo/purple_whales_ws/install/micro_ros_msgs/include/micro_ros_msgs/micro_ros_msgs/msg/detail/graph__type_support.h
[2.415s] -- Up-to-date: /home/paolo/purple_whales_ws/install/micro_ros_msgs/include/micro_ros_msgs/micro_ros_msgs/msg/detail/entity__functions.c
[2.415s] -- Up-to-date: /home/paolo/purple_whales_ws/install/micro_ros_msgs/include/micro_ros_msgs/micro_ros_msgs/msg/detail/entity__functions.h
[2.415s] -- Up-to-date: /home/paolo/purple_whales_ws/install/micro_ros_msgs/include/micro_ros_msgs/micro_ros_msgs/msg/rosidl_generator_c__visibility_control.h
[2.415s] -- Up-to-date: /home/paolo/purple_whales_ws/install/micro_ros_msgs/share/micro_ros_msgs/environment/library_path.sh
[2.415s] -- Installing: /home/paolo/purple_whales_ws/install/micro_ros_msgs/share/micro_ros_msgs/environment/library_path.dsv
[2.416s] -- Up-to-date: /home/paolo/purple_whales_ws/install/micro_ros_msgs/lib/libmicro_ros_msgs__rosidl_generator_c.so
[2.416s] -- Up-to-date: /home/paolo/purple_whales_ws/install/micro_ros_msgs/include/micro_ros_msgs/micro_ros_msgs
[2.416s] -- Up-to-date: /home/paolo/purple_whales_ws/install/micro_ros_msgs/include/micro_ros_msgs/micro_ros_msgs/msg
[2.416s] -- Up-to-date: /home/paolo/purple_whales_ws/install/micro_ros_msgs/include/micro_ros_msgs/micro_ros_msgs/msg/detail
[2.416s] -- Up-to-date: /home/paolo/purple_whales_ws/install/micro_ros_msgs/include/micro_ros_msgs/micro_ros_msgs/msg/detail/entity__rosidl_typesupport_fastrtps_c.h
[2.417s] -- Up-to-date: /home/paolo/purple_whales_ws/install/micro_ros_msgs/include/micro_ros_msgs/micro_ros_msgs/msg/detail/graph__rosidl_typesupport_fastrtps_c.h
[2.417s] -- Up-to-date: /home/paolo/purple_whales_ws/install/micro_ros_msgs/include/micro_ros_msgs/micro_ros_msgs/msg/detail/node__rosidl_typesupport_fastrtps_c.h
[2.417s] -- Up-to-date: /home/paolo/purple_whales_ws/install/micro_ros_msgs/include/micro_ros_msgs/micro_ros_msgs/msg/rosidl_typesupport_fastrtps_c__visibility_control.h
[2.417s] -- Up-to-date: /home/paolo/purple_whales_ws/install/micro_ros_msgs/lib/libmicro_ros_msgs__rosidl_typesupport_fastrtps_c.so
[2.417s] -- Up-to-date: /home/paolo/purple_whales_ws/install/micro_ros_msgs/include/micro_ros_msgs/micro_ros_msgs
[2.418s] -- Up-to-date: /home/paolo/purple_whales_ws/install/micro_ros_msgs/include/micro_ros_msgs/micro_ros_msgs/msg
[2.418s] -- Up-to-date: /home/paolo/purple_whales_ws/install/micro_ros_msgs/include/micro_ros_msgs/micro_ros_msgs/msg/detail
[2.418s] -- Up-to-date: /home/paolo/purple_whales_ws/install/micro_ros_msgs/include/micro_ros_msgs/micro_ros_msgs/msg/detail/entity__type_support.c
[2.418s] -- Up-to-date: /home/paolo/purple_whales_ws/install/micro_ros_msgs/include/micro_ros_msgs/micro_ros_msgs/msg/detail/graph__rosidl_typesupport_introspection_c.h
[2.418s] -- Up-to-date: /home/paolo/purple_whales_ws/install/micro_ros_msgs/include/micro_ros_msgs/micro_ros_msgs/msg/detail/node__type_support.c
[2.418s] -- Up-to-date: /home/paolo/purple_whales_ws/install/micro_ros_msgs/include/micro_ros_msgs/micro_ros_msgs/msg/detail/entity__rosidl_typesupport_introspection_c.h
[2.418s] -- Up-to-date: /home/paolo/purple_whales_ws/install/micro_ros_msgs/include/micro_ros_msgs/micro_ros_msgs/msg/detail/node__rosidl_typesupport_introspection_c.h
[2.418s] -- Up-to-date: /home/paolo/purple_whales_ws/install/micro_ros_msgs/include/micro_ros_msgs/micro_ros_msgs/msg/detail/graph__type_support.c
[2.418s] -- Up-to-date: /home/paolo/purple_whales_ws/install/micro_ros_msgs/include/micro_ros_msgs/micro_ros_msgs/msg/rosidl_typesupport_introspection_c__visibility_control.h
[2.419s] -- Up-to-date: /home/paolo/purple_whales_ws/install/micro_ros_msgs/lib/libmicro_ros_msgs__rosidl_typesupport_introspection_c.so
[2.420s] -- Up-to-date: /home/paolo/purple_whales_ws/install/micro_ros_msgs/lib/libmicro_ros_msgs__rosidl_typesupport_c.so
[2.420s] -- Up-to-date: /home/paolo/purple_whales_ws/install/micro_ros_msgs/include/micro_ros_msgs/micro_ros_msgs
[2.420s] -- Up-to-date: /home/paolo/purple_whales_ws/install/micro_ros_msgs/include/micro_ros_msgs/micro_ros_msgs/msg
[2.420s] -- Up-to-date: /home/paolo/purple_whales_ws/install/micro_ros_msgs/include/micro_ros_msgs/micro_ros_msgs/msg/graph.hpp
[2.420s] -- Up-to-date: /home/paolo/purple_whales_ws/install/micro_ros_msgs/include/micro_ros_msgs/micro_ros_msgs/msg/detail
[2.421s] -- Up-to-date: /home/paolo/purple_whales_ws/install/micro_ros_msgs/include/micro_ros_msgs/micro_ros_msgs/msg/detail/entity__traits.hpp
[2.421s] -- Up-to-date: /home/paolo/purple_whales_ws/install/micro_ros_msgs/include/micro_ros_msgs/micro_ros_msgs/msg/detail/entity__builder.hpp
[2.422s] -- Up-to-date: /home/paolo/purple_whales_ws/install/micro_ros_msgs/include/micro_ros_msgs/micro_ros_msgs/msg/detail/graph__struct.hpp
[2.422s] -- Up-to-date: /home/paolo/purple_whales_ws/install/micro_ros_msgs/include/micro_ros_msgs/micro_ros_msgs/msg/detail/graph__traits.hpp
[2.422s] -- Up-to-date: /home/paolo/purple_whales_ws/install/micro_ros_msgs/include/micro_ros_msgs/micro_ros_msgs/msg/detail/entity__struct.hpp
[2.422s] -- Up-to-date: /home/paolo/purple_whales_ws/install/micro_ros_msgs/include/micro_ros_msgs/micro_ros_msgs/msg/detail/node__struct.hpp
[2.422s] -- Up-to-date: /home/paolo/purple_whales_ws/install/micro_ros_msgs/include/micro_ros_msgs/micro_ros_msgs/msg/detail/graph__builder.hpp
[2.422s] -- Up-to-date: /home/paolo/purple_whales_ws/install/micro_ros_msgs/include/micro_ros_msgs/micro_ros_msgs/msg/detail/node__traits.hpp
[2.422s] -- Up-to-date: /home/paolo/purple_whales_ws/install/micro_ros_msgs/include/micro_ros_msgs/micro_ros_msgs/msg/detail/node__builder.hpp
[2.422s] -- Up-to-date: /home/paolo/purple_whales_ws/install/micro_ros_msgs/include/micro_ros_msgs/micro_ros_msgs/msg/node.hpp
[2.422s] -- Up-to-date: /home/paolo/purple_whales_ws/install/micro_ros_msgs/include/micro_ros_msgs/micro_ros_msgs/msg/entity.hpp
[2.423s] -- Up-to-date: /home/paolo/purple_whales_ws/install/micro_ros_msgs/include/micro_ros_msgs/micro_ros_msgs
[2.424s] -- Up-to-date: /home/paolo/purple_whales_ws/install/micro_ros_msgs/include/micro_ros_msgs/micro_ros_msgs/msg
[2.424s] -- Up-to-date: /home/paolo/purple_whales_ws/install/micro_ros_msgs/include/micro_ros_msgs/micro_ros_msgs/msg/detail
[2.424s] -- Up-to-date: /home/paolo/purple_whales_ws/install/micro_ros_msgs/include/micro_ros_msgs/micro_ros_msgs/msg/detail/graph__rosidl_typesupport_fastrtps_cpp.hpp
[2.424s] -- Up-to-date: /home/paolo/purple_whales_ws/install/micro_ros_msgs/include/micro_ros_msgs/micro_ros_msgs/msg/detail/node__rosidl_typesupport_fastrtps_cpp.hpp
[2.424s] -- Up-to-date: /home/paolo/purple_whales_ws/install/micro_ros_msgs/include/micro_ros_msgs/micro_ros_msgs/msg/detail/dds_fastrtps
[2.424s] -- Up-to-date: /home/paolo/purple_whales_ws/install/micro_ros_msgs/include/micro_ros_msgs/micro_ros_msgs/msg/detail/entity__rosidl_typesupport_fastrtps_cpp.hpp
[2.425s] -- Up-to-date: /home/paolo/purple_whales_ws/install/micro_ros_msgs/include/micro_ros_msgs/micro_ros_msgs/msg/rosidl_typesupport_fastrtps_cpp__visibility_control.h
[2.425s] -- Up-to-date: /home/paolo/purple_whales_ws/install/micro_ros_msgs/lib/libmicro_ros_msgs__rosidl_typesupport_fastrtps_cpp.so
[2.425s] -- Up-to-date: /home/paolo/purple_whales_ws/install/micro_ros_msgs/include/micro_ros_msgs/micro_ros_msgs
[2.425s] -- Up-to-date: /home/paolo/purple_whales_ws/install/micro_ros_msgs/include/micro_ros_msgs/micro_ros_msgs/msg
[2.426s] -- Up-to-date: /home/paolo/purple_whales_ws/install/micro_ros_msgs/include/micro_ros_msgs/micro_ros_msgs/msg/detail
[2.426s] -- Up-to-date: /home/paolo/purple_whales_ws/install/micro_ros_msgs/include/micro_ros_msgs/micro_ros_msgs/msg/detail/entity__rosidl_typesupport_introspection_cpp.hpp
[2.427s] -- Up-to-date: /home/paolo/purple_whales_ws/install/micro_ros_msgs/include/micro_ros_msgs/micro_ros_msgs/msg/detail/graph__type_support.cpp
[2.427s] -- Up-to-date: /home/paolo/purple_whales_ws/install/micro_ros_msgs/include/micro_ros_msgs/micro_ros_msgs/msg/detail/node__type_support.cpp
[2.427s] -- Up-to-date: /home/paolo/purple_whales_ws/install/micro_ros_msgs/include/micro_ros_msgs/micro_ros_msgs/msg/detail/entity__type_support.cpp
[2.427s] -- Up-to-date: /home/paolo/purple_whales_ws/install/micro_ros_msgs/include/micro_ros_msgs/micro_ros_msgs/msg/detail/node__rosidl_typesupport_introspection_cpp.hpp
[2.427s] -- Up-to-date: /home/paolo/purple_whales_ws/install/micro_ros_msgs/include/micro_ros_msgs/micro_ros_msgs/msg/detail/graph__rosidl_typesupport_introspection_cpp.hpp
[2.427s] -- Up-to-date: /home/paolo/purple_whales_ws/install/micro_ros_msgs/lib/libmicro_ros_msgs__rosidl_typesupport_introspection_cpp.so
[2.427s] -- Up-to-date: /home/paolo/purple_whales_ws/install/micro_ros_msgs/lib/libmicro_ros_msgs__rosidl_typesupport_cpp.so
[2.427s] -- Up-to-date: /home/paolo/purple_whales_ws/install/micro_ros_msgs/share/micro_ros_msgs/environment/pythonpath.sh
[2.428s] -- Installing: /home/paolo/purple_whales_ws/install/micro_ros_msgs/share/micro_ros_msgs/environment/pythonpath.dsv
[2.428s] -- Up-to-date: /home/paolo/purple_whales_ws/install/micro_ros_msgs/local/lib/python3.10/dist-packages/micro_ros_msgs-3.0.1-py3.10.egg-info
[2.428s] -- Installing: /home/paolo/purple_whales_ws/install/micro_ros_msgs/local/lib/python3.10/dist-packages/micro_ros_msgs-3.0.1-py3.10.egg-info/dependency_links.txt
[2.428s] -- Installing: /home/paolo/purple_whales_ws/install/micro_ros_msgs/local/lib/python3.10/dist-packages/micro_ros_msgs-3.0.1-py3.10.egg-info/top_level.txt
[2.428s] -- Installing: /home/paolo/purple_whales_ws/install/micro_ros_msgs/local/lib/python3.10/dist-packages/micro_ros_msgs-3.0.1-py3.10.egg-info/PKG-INFO
[2.428s] -- Installing: /home/paolo/purple_whales_ws/install/micro_ros_msgs/local/lib/python3.10/dist-packages/micro_ros_msgs-3.0.1-py3.10.egg-info/SOURCES.txt
[2.428s] -- Up-to-date: /home/paolo/purple_whales_ws/install/micro_ros_msgs/local/lib/python3.10/dist-packages/micro_ros_msgs
[2.428s] -- Up-to-date: /home/paolo/purple_whales_ws/install/micro_ros_msgs/local/lib/python3.10/dist-packages/micro_ros_msgs/_micro_ros_msgs_s.ep.rosidl_typesupport_c.c
[2.429s] -- Up-to-date: /home/paolo/purple_whales_ws/install/micro_ros_msgs/local/lib/python3.10/dist-packages/micro_ros_msgs/micro_ros_msgs_s__rosidl_typesupport_introspection_c.cpython-310-x86_64-linux-gnu.so
[2.429s] -- Up-to-date: /home/paolo/purple_whales_ws/install/micro_ros_msgs/local/lib/python3.10/dist-packages/micro_ros_msgs/msg
[2.429s] -- Up-to-date: /home/paolo/purple_whales_ws/install/micro_ros_msgs/local/lib/python3.10/dist-packages/micro_ros_msgs/msg/_entity.py
[2.429s] -- Up-to-date: /home/paolo/purple_whales_ws/install/micro_ros_msgs/local/lib/python3.10/dist-packages/micro_ros_msgs/msg/_entity_s.c
[2.429s] -- Up-to-date: /home/paolo/purple_whales_ws/install/micro_ros_msgs/local/lib/python3.10/dist-packages/micro_ros_msgs/msg/__init__.py
[2.429s] -- Up-to-date: /home/paolo/purple_whales_ws/install/micro_ros_msgs/local/lib/python3.10/dist-packages/micro_ros_msgs/msg/_node_s.c
[2.429s] -- Up-to-date: /home/paolo/purple_whales_ws/install/micro_ros_msgs/local/lib/python3.10/dist-packages/micro_ros_msgs/msg/_graph.py
[2.429s] -- Up-to-date: /home/paolo/purple_whales_ws/install/micro_ros_msgs/local/lib/python3.10/dist-packages/micro_ros_msgs/msg/_node.py
[2.429s] -- Up-to-date: /home/paolo/purple_whales_ws/install/micro_ros_msgs/local/lib/python3.10/dist-packages/micro_ros_msgs/msg/_graph_s.c
[2.429s] -- Installing: /home/paolo/purple_whales_ws/install/micro_ros_msgs/local/lib/python3.10/dist-packages/micro_ros_msgs/__init__.py
[2.429s] -- Up-to-date: /home/paolo/purple_whales_ws/install/micro_ros_msgs/local/lib/python3.10/dist-packages/micro_ros_msgs/libmicro_ros_msgs__rosidl_generator_py.so
[2.429s] -- Up-to-date: /home/paolo/purple_whales_ws/install/micro_ros_msgs/local/lib/python3.10/dist-packages/micro_ros_msgs/micro_ros_msgs_s__rosidl_typesupport_c.cpython-310-x86_64-linux-gnu.so
[2.429s] -- Up-to-date: /home/paolo/purple_whales_ws/install/micro_ros_msgs/local/lib/python3.10/dist-packages/micro_ros_msgs/micro_ros_msgs_s__rosidl_typesupport_fastrtps_c.cpython-310-x86_64-linux-gnu.so
[2.429s] -- Up-to-date: /home/paolo/purple_whales_ws/install/micro_ros_msgs/local/lib/python3.10/dist-packages/micro_ros_msgs/_micro_ros_msgs_s.ep.rosidl_typesupport_fastrtps_c.c
[2.429s] -- Up-to-date: /home/paolo/purple_whales_ws/install/micro_ros_msgs/local/lib/python3.10/dist-packages/micro_ros_msgs/_micro_ros_msgs_s.ep.rosidl_typesupport_introspection_c.c
[2.468s] Listing '/home/paolo/purple_whales_ws/install/micro_ros_msgs/local/lib/python3.10/dist-packages/micro_ros_msgs'...
[2.469s] Compiling '/home/paolo/purple_whales_ws/install/micro_ros_msgs/local/lib/python3.10/dist-packages/micro_ros_msgs/__init__.py'...
[2.469s] Listing '/home/paolo/purple_whales_ws/install/micro_ros_msgs/local/lib/python3.10/dist-packages/micro_ros_msgs/msg'...
[2.481s] -- Up-to-date: /home/paolo/purple_whales_ws/install/micro_ros_msgs/local/lib/python3.10/dist-packages/micro_ros_msgs/micro_ros_msgs_s__rosidl_typesupport_fastrtps_c.cpython-310-x86_64-linux-gnu.so
[2.481s] -- Up-to-date: /home/paolo/purple_whales_ws/install/micro_ros_msgs/local/lib/python3.10/dist-packages/micro_ros_msgs/micro_ros_msgs_s__rosidl_typesupport_introspection_c.cpython-310-x86_64-linux-gnu.so
[2.482s] -- Up-to-date: /home/paolo/purple_whales_ws/install/micro_ros_msgs/local/lib/python3.10/dist-packages/micro_ros_msgs/micro_ros_msgs_s__rosidl_typesupport_c.cpython-310-x86_64-linux-gnu.so
[2.483s] -- Up-to-date: /home/paolo/purple_whales_ws/install/micro_ros_msgs/lib/libmicro_ros_msgs__rosidl_generator_py.so
[2.483s] -- Up-to-date: /home/paolo/purple_whales_ws/install/micro_ros_msgs/share/micro_ros_msgs/msg/Graph.idl
[2.483s] -- Up-to-date: /home/paolo/purple_whales_ws/install/micro_ros_msgs/share/micro_ros_msgs/msg/Node.idl
[2.483s] -- Up-to-date: /home/paolo/purple_whales_ws/install/micro_ros_msgs/share/micro_ros_msgs/msg/Entity.idl
[2.483s] -- Up-to-date: /home/paolo/purple_whales_ws/install/micro_ros_msgs/share/micro_ros_msgs/msg/Graph.msg
[2.484s] -- Up-to-date: /home/paolo/purple_whales_ws/install/micro_ros_msgs/share/micro_ros_msgs/msg/Node.msg
[2.484s] -- Up-to-date: /home/paolo/purple_whales_ws/install/micro_ros_msgs/share/micro_ros_msgs/msg/Entity.msg
[2.485s] -- Up-to-date: /home/paolo/purple_whales_ws/install/micro_ros_msgs/share/ament_index/resource_index/package_run_dependencies/micro_ros_msgs
[2.485s] -- Installing: /home/paolo/purple_whales_ws/install/micro_ros_msgs/share/ament_index/resource_index/parent_prefix_path/micro_ros_msgs
[2.485s] -- Up-to-date: /home/paolo/purple_whales_ws/install/micro_ros_msgs/share/micro_ros_msgs/environment/ament_prefix_path.sh
[2.485s] -- Installing: /home/paolo/purple_whales_ws/install/micro_ros_msgs/share/micro_ros_msgs/environment/ament_prefix_path.dsv
[2.485s] -- Up-to-date: /home/paolo/purple_whales_ws/install/micro_ros_msgs/share/micro_ros_msgs/environment/path.sh
[2.485s] -- Installing: /home/paolo/purple_whales_ws/install/micro_ros_msgs/share/micro_ros_msgs/environment/path.dsv
[2.485s] -- Up-to-date: /home/paolo/purple_whales_ws/install/micro_ros_msgs/share/micro_ros_msgs/local_setup.bash
[2.485s] -- Up-to-date: /home/paolo/purple_whales_ws/install/micro_ros_msgs/share/micro_ros_msgs/local_setup.sh
[2.485s] -- Up-to-date: /home/paolo/purple_whales_ws/install/micro_ros_msgs/share/micro_ros_msgs/local_setup.zsh
[2.485s] -- Installing: /home/paolo/purple_whales_ws/install/micro_ros_msgs/share/micro_ros_msgs/local_setup.dsv
[2.485s] -- Installing: /home/paolo/purple_whales_ws/install/micro_ros_msgs/share/micro_ros_msgs/package.dsv
[2.485s] -- Up-to-date: /home/paolo/purple_whales_ws/install/micro_ros_msgs/share/ament_index/resource_index/packages/micro_ros_msgs
[2.485s] -- Up-to-date: /home/paolo/purple_whales_ws/install/micro_ros_msgs/share/micro_ros_msgs/cmake/export_micro_ros_msgs__rosidl_generator_cExport.cmake
[2.486s] -- Up-to-date: /home/paolo/purple_whales_ws/install/micro_ros_msgs/share/micro_ros_msgs/cmake/export_micro_ros_msgs__rosidl_generator_cExport-noconfig.cmake
[2.486s] -- Up-to-date: /home/paolo/purple_whales_ws/install/micro_ros_msgs/share/micro_ros_msgs/cmake/export_micro_ros_msgs__rosidl_typesupport_fastrtps_cExport.cmake
[2.486s] -- Up-to-date: /home/paolo/purple_whales_ws/install/micro_ros_msgs/share/micro_ros_msgs/cmake/export_micro_ros_msgs__rosidl_typesupport_fastrtps_cExport-noconfig.cmake
[2.487s] -- Up-to-date: /home/paolo/purple_whales_ws/install/micro_ros_msgs/share/micro_ros_msgs/cmake/micro_ros_msgs__rosidl_typesupport_introspection_cExport.cmake
[2.487s] -- Up-to-date: /home/paolo/purple_whales_ws/install/micro_ros_msgs/share/micro_ros_msgs/cmake/micro_ros_msgs__rosidl_typesupport_introspection_cExport-noconfig.cmake
[2.487s] -- Up-to-date: /home/paolo/purple_whales_ws/install/micro_ros_msgs/share/micro_ros_msgs/cmake/micro_ros_msgs__rosidl_typesupport_cExport.cmake
[2.487s] -- Up-to-date: /home/paolo/purple_whales_ws/install/micro_ros_msgs/share/micro_ros_msgs/cmake/micro_ros_msgs__rosidl_typesupport_cExport-noconfig.cmake
[2.487s] -- Up-to-date: /home/paolo/purple_whales_ws/install/micro_ros_msgs/share/micro_ros_msgs/cmake/export_micro_ros_msgs__rosidl_generator_cppExport.cmake
[2.487s] -- Up-to-date: /home/paolo/purple_whales_ws/install/micro_ros_msgs/share/micro_ros_msgs/cmake/export_micro_ros_msgs__rosidl_typesupport_fastrtps_cppExport.cmake
[2.487s] -- Up-to-date: /home/paolo/purple_whales_ws/install/micro_ros_msgs/share/micro_ros_msgs/cmake/export_micro_ros_msgs__rosidl_typesupport_fastrtps_cppExport-noconfig.cmake
[2.487s] -- Up-to-date: /home/paolo/purple_whales_ws/install/micro_ros_msgs/share/micro_ros_msgs/cmake/micro_ros_msgs__rosidl_typesupport_introspection_cppExport.cmake
[2.487s] -- Up-to-date: /home/paolo/purple_whales_ws/install/micro_ros_msgs/share/micro_ros_msgs/cmake/micro_ros_msgs__rosidl_typesupport_introspection_cppExport-noconfig.cmake
[2.488s] -- Up-to-date: /home/paolo/purple_whales_ws/install/micro_ros_msgs/share/micro_ros_msgs/cmake/micro_ros_msgs__rosidl_typesupport_cppExport.cmake
[2.488s] -- Up-to-date: /home/paolo/purple_whales_ws/install/micro_ros_msgs/share/micro_ros_msgs/cmake/micro_ros_msgs__rosidl_typesupport_cppExport-noconfig.cmake
[2.488s] -- Up-to-date: /home/paolo/purple_whales_ws/install/micro_ros_msgs/share/micro_ros_msgs/cmake/export_micro_ros_msgs__rosidl_generator_pyExport.cmake
[2.488s] -- Up-to-date: /home/paolo/purple_whales_ws/install/micro_ros_msgs/share/micro_ros_msgs/cmake/export_micro_ros_msgs__rosidl_generator_pyExport-noconfig.cmake
[2.489s] -- Up-to-date: /home/paolo/purple_whales_ws/install/micro_ros_msgs/share/micro_ros_msgs/cmake/rosidl_cmake-extras.cmake
[2.489s] -- Up-to-date: /home/paolo/purple_whales_ws/install/micro_ros_msgs/share/micro_ros_msgs/cmake/ament_cmake_export_include_directories-extras.cmake
[2.489s] -- Up-to-date: /home/paolo/purple_whales_ws/install/micro_ros_msgs/share/micro_ros_msgs/cmake/ament_cmake_export_libraries-extras.cmake
[2.489s] -- Up-to-date: /home/paolo/purple_whales_ws/install/micro_ros_msgs/share/micro_ros_msgs/cmake/ament_cmake_export_targets-extras.cmake
[2.489s] -- Up-to-date: /home/paolo/purple_whales_ws/install/micro_ros_msgs/share/micro_ros_msgs/cmake/rosidl_cmake_export_typesupport_targets-extras.cmake
[2.489s] -- Up-to-date: /home/paolo/purple_whales_ws/install/micro_ros_msgs/share/micro_ros_msgs/cmake/ament_cmake_export_dependencies-extras.cmake
[2.489s] -- Up-to-date: /home/paolo/purple_whales_ws/install/micro_ros_msgs/share/micro_ros_msgs/cmake/rosidl_cmake_export_typesupport_libraries-extras.cmake
[2.489s] -- Up-to-date: /home/paolo/purple_whales_ws/install/micro_ros_msgs/share/micro_ros_msgs/cmake/micro_ros_msgsConfig.cmake
[2.489s] -- Up-to-date: /home/paolo/purple_whales_ws/install/micro_ros_msgs/share/micro_ros_msgs/cmake/micro_ros_msgsConfig-version.cmake
[2.489s] -- Up-to-date: /home/paolo/purple_whales_ws/install/micro_ros_msgs/share/micro_ros_msgs/package.xml
[2.492s] Invoked command in '/home/paolo/purple_whales_ws/build/micro_ros_msgs' returned '0': CMAKE_PREFIX_PATH=/opt/ros/humble /usr/bin/cmake --install /home/paolo/purple_whales_ws/build/micro_ros_msgs
