[0.270s] Invoking command in '/home/paolo/purple_whales_ws/firmware/mcu_ws/build/rcl_interfaces': AMENT_PREFIX_PATH=/home/paolo/purple_whales_ws/firmware/mcu_ws/install:${AMENT_PREFIX_PATH} CMAKE_PREFIX_PATH=/home/paolo/purple_whales_ws/firmware/mcu_ws/install:/home/paolo/purple_whales_ws/firmware/dev_ws/install/ament_lint_common:/home/paolo/purple_whales_ws/firmware/dev_ws/install/ament_cmake_uncrustify:/home/paolo/purple_whales_ws/firmware/dev_ws/install/uncrustify_vendor:/home/paolo/purple_whales_ws/firmware/dev_ws/install/ament_cmake_ros:/home/paolo/purple_whales_ws/firmware/dev_ws/install/ament_cmake_auto:/home/paolo/purple_whales_ws/firmware/dev_ws/install/ament_cmake_gmock:/home/paolo/purple_whales_ws/firmware/dev_ws/install/gmock_vendor:/home/paolo/purple_whales_ws/firmware/dev_ws/install/ament_cmake_gtest:/home/paolo/purple_whales_ws/firmware/dev_ws/install/gtest_vendor:/home/paolo/purple_whales_ws/firmware/dev_ws/install/ament_cmake_xmllint:/home/paolo/purple_whales_ws/firmware/dev_ws/install/ament_cmake_pyflakes:/home/paolo/purple_whales_ws/firmware/dev_ws/install/ament_cmake_pycodestyle:/home/paolo/purple_whales_ws/firmware/dev_ws/install/ament_cmake_pep257:/home/paolo/purple_whales_ws/firmware/dev_ws/install/ament_cmake_pclint:/home/paolo/purple_whales_ws/firmware/dev_ws/install/ament_lint_auto:/home/paolo/purple_whales_ws/firmware/dev_ws/install/ament_cmake:/home/paolo/purple_whales_ws/firmware/dev_ws/install/ament_cmake_version:/home/paolo/purple_whales_ws/firmware/dev_ws/install/ament_cmake_vendor_package:/home/paolo/purple_whales_ws/firmware/dev_ws/install/ament_cmake_pytest:/home/paolo/purple_whales_ws/firmware/dev_ws/install/ament_cmake_nose:/home/paolo/purple_whales_ws/firmware/dev_ws/install/ament_cmake_mypy:/home/paolo/purple_whales_ws/firmware/dev_ws/install/ament_cmake_lint_cmake:/home/paolo/purple_whales_ws/firmware/dev_ws/install/ament_cmake_google_benchmark:/home/paolo/purple_whales_ws/firmware/dev_ws/install/ament_cmake_flake8:/home/paolo/purple_whales_ws/firmware/dev_ws/install/ament_cmake_cpplint:/home/paolo/purple_whales_ws/firmware/dev_ws/install/ament_cmake_cppcheck:/home/paolo/purple_whales_ws/firmware/dev_ws/install/ament_cmake_copyright:/home/paolo/purple_whales_ws/firmware/dev_ws/install/ament_cmake_clang_tidy:/home/paolo/purple_whales_ws/firmware/dev_ws/install/ament_cmake_clang_format:/home/paolo/purple_whales_ws/firmware/dev_ws/install/ament_cmake_test:/home/paolo/purple_whales_ws/firmware/dev_ws/install/ament_cmake_target_dependencies:/home/paolo/purple_whales_ws/firmware/dev_ws/install/ament_cmake_python:/home/paolo/purple_whales_ws/firmware/dev_ws/install/ament_cmake_export_dependencies:/home/paolo/purple_whales_ws/firmware/dev_ws/install/ament_cmake_libraries:/home/paolo/purple_whales_ws/firmware/dev_ws/install/ament_cmake_include_directories:/home/paolo/purple_whales_ws/firmware/dev_ws/install/ament_cmake_gen_version_h:/home/paolo/purple_whales_ws/firmware/dev_ws/install/ament_cmake_export_targets:/home/paolo/purple_whales_ws/firmware/dev_ws/install/ament_cmake_export_link_flags:/home/paolo/purple_whales_ws/firmware/dev_ws/install/ament_cmake_export_interfaces:/home/paolo/purple_whales_ws/firmware/dev_ws/install/ament_cmake_export_libraries:/home/paolo/purple_whales_ws/firmware/dev_ws/install/ament_cmake_export_include_directories:/home/paolo/purple_whales_ws/firmware/dev_ws/install/ament_cmake_export_definitions:/home/paolo/purple_whales_ws/firmware/dev_ws/install/ament_cmake_core:/home/paolo/purple_whales_ws/firmware/dev_ws/install/ament_index_cpp:/home/paolo/purple_whales_ws/firmware/dev_ws/install/ament_uncrustify:/home/paolo/purple_whales_ws/firmware/dev_ws/install/domain_coordinator:/home/paolo/purple_whales_ws/firmware/dev_ws/install/ament_xmllint:/home/paolo/purple_whales_ws/firmware/dev_ws/install/ament_pyflakes:/home/paolo/purple_whales_ws/firmware/dev_ws/install/ament_pycodestyle:/home/paolo/purple_whales_ws/firmware/dev_ws/install/ament_pep257:/home/paolo/purple_whales_ws/firmware/dev_ws/install/ament_pclint:/home/paolo/purple_whales_ws/firmware/dev_ws/install/ament_package:/home/paolo/purple_whales_ws/firmware/dev_ws/install/ament_mypy:/home/paolo/purple_whales_ws/firmware/dev_ws/install/ament_lint_cmake:/home/paolo/purple_whales_ws/firmware/dev_ws/install/ament_flake8:/home/paolo/purple_whales_ws/firmware/dev_ws/install/ament_copyright:/home/paolo/purple_whales_ws/firmware/dev_ws/install/ament_lint:/home/paolo/purple_whales_ws/firmware/dev_ws/install/ament_index_python:/home/paolo/purple_whales_ws/firmware/dev_ws/install/ament_cpplint:/home/paolo/purple_whales_ws/firmware/dev_ws/install/ament_cppcheck:/home/paolo/purple_whales_ws/firmware/dev_ws/install/ament_clang_tidy:/home/paolo/purple_whales_ws/firmware/dev_ws/install/ament_clang_format LD_LIBRARY_PATH=/home/paolo/purple_whales_ws/firmware/mcu_ws/install/lib:${LD_LIBRARY_PATH} PATH=/home/paolo/purple_whales_ws/firmware/mcu_ws/install/bin:${PATH} PYTHONPATH=/home/paolo/purple_whales_ws/firmware/mcu_ws/install/lib/python3.10/site-packages:${PYTHONPATH} /usr/bin/cmake --build /home/paolo/purple_whales_ws/firmware/mcu_ws/build/rcl_interfaces -- -j20 -l20
[0.297s] gmake[4]: Entering directory '/home/paolo/purple_whales_ws/firmware/mcu_ws/build/rcl_interfaces'
[0.298s] /usr/bin/cmake -S/home/paolo/purple_whales_ws/firmware/mcu_ws/ros2/rcl_interfaces/rcl_interfaces -B/home/paolo/purple_whales_ws/firmware/mcu_ws/build/rcl_interfaces --check-build-system CMakeFiles/Makefile.cmake 0
[0.309s] Re-run cmake file: Makefile older than: /home/paolo/purple_whales_ws/firmware/freertos_apps/microros_esp32_extensions/esp32_toolchain.cmake
[0.316s] -- Found ament_cmake: 1.3.8 (/home/paolo/purple_whales_ws/firmware/dev_ws/install/ament_cmake/share/ament_cmake/cmake)
[0.609s] -- Found rosidl_default_generators: 1.2.0 (/home/paolo/purple_whales_ws/firmware/mcu_ws/install/share/rosidl_default_generators/cmake)
[0.625s] -- Using all available rosidl_typesupport_c: rosidl_typesupport_introspection_c;rosidl_typesupport_microxrcedds_c
[0.629s] -- Found rosidl_adapter: 3.1.5 (/home/paolo/purple_whales_ws/firmware/mcu_ws/install/share/rosidl_adapter/cmake)
[0.669s] [33mCMake Warning at /home/paolo/purple_whales_ws/firmware/mcu_ws/install/share/rcutils/cmake/ament_cmake_export_libraries-extras.cmake:116 (message):
[0.669s]   Package 'rcutils' exports library 'dl' which couldn't be found
[0.669s] Call Stack (most recent call first):
[0.669s]   /home/paolo/purple_whales_ws/firmware/mcu_ws/install/share/rcutils/cmake/rcutilsConfig.cmake:41 (include)
[0.669s]   /home/paolo/purple_whales_ws/firmware/mcu_ws/install/share/rosidl_runtime_c/cmake/ament_cmake_export_dependencies-extras.cmake:21 (find_package)
[0.669s]   /home/paolo/purple_whales_ws/firmware/mcu_ws/install/share/rosidl_runtime_c/cmake/rosidl_runtime_cConfig.cmake:41 (include)
[0.670s]   /home/paolo/purple_whales_ws/firmware/mcu_ws/install/share/rosidl_typesupport_introspection_c/cmake/ament_cmake_export_dependencies-extras.cmake:21 (find_package)
[0.670s]   /home/paolo/purple_whales_ws/firmware/mcu_ws/install/share/rosidl_typesupport_introspection_c/cmake/rosidl_typesupport_introspection_cConfig.cmake:41 (include)
[0.670s]   /home/paolo/purple_whales_ws/firmware/mcu_ws/install/share/rosidl_typesupport_c/cmake/rosidl_typesupport_c-extras.cmake:13 (find_package)
[0.670s]   /home/paolo/purple_whales_ws/firmware/mcu_ws/install/share/rosidl_typesupport_c/cmake/rosidl_typesupport_cConfig.cmake:41 (include)
[0.670s]   /home/paolo/purple_whales_ws/firmware/mcu_ws/install/share/rosidl_default_generators/cmake/rosidl_default_generators-extras.cmake:21 (find_package)
[0.670s]   /home/paolo/purple_whales_ws/firmware/mcu_ws/install/share/rosidl_default_generators/cmake/rosidl_default_generatorsConfig.cmake:41 (include)
[0.670s]   CMakeLists.txt:14 (find_package)
[0.670s] 
[0.670s] [0m
[0.760s] -- Found builtin_interfaces: 1.2.1 (/home/paolo/purple_whales_ws/firmware/mcu_ws/install/share/builtin_interfaces/cmake)
[1.938s] -- Found ament_cmake_ros: 0.10.0 (/home/paolo/purple_whales_ws/firmware/dev_ws/install/ament_cmake_ros/share/ament_cmake_ros/cmake)
[2.378s] -- Using all available rosidl_typesupport_c: rosidl_typesupport_introspection_c;rosidl_typesupport_microxrcedds_c
[2.393s] -- Configuring done
[2.466s] -- Generating done
[2.471s] -- Build files have been written to: /home/paolo/purple_whales_ws/firmware/mcu_ws/build/rcl_interfaces
[2.490s] /usr/bin/cmake -E cmake_progress_start /home/paolo/purple_whales_ws/firmware/mcu_ws/build/rcl_interfaces/CMakeFiles /home/paolo/purple_whales_ws/firmware/mcu_ws/build/rcl_interfaces//CMakeFiles/progress.marks
[2.511s] /usr/bin/gmake  -f CMakeFiles/Makefile2 all
[2.511s] gmake[5]: Entering directory '/home/paolo/purple_whales_ws/firmware/mcu_ws/build/rcl_interfaces'
[2.511s] /usr/bin/gmake  -f CMakeFiles/rcl_interfaces__rosidl_generator_c.dir/build.make CMakeFiles/rcl_interfaces__rosidl_generator_c.dir/depend
[2.513s] gmake[6]: Entering directory '/home/paolo/purple_whales_ws/firmware/mcu_ws/build/rcl_interfaces'
[2.513s] cd /home/paolo/purple_whales_ws/firmware/mcu_ws/build/rcl_interfaces && /usr/bin/cmake -E cmake_depends "Unix Makefiles" /home/paolo/purple_whales_ws/firmware/mcu_ws/ros2/rcl_interfaces/rcl_interfaces /home/paolo/purple_whales_ws/firmware/mcu_ws/ros2/rcl_interfaces/rcl_interfaces /home/paolo/purple_whales_ws/firmware/mcu_ws/build/rcl_interfaces /home/paolo/purple_whales_ws/firmware/mcu_ws/build/rcl_interfaces /home/paolo/purple_whales_ws/firmware/mcu_ws/build/rcl_interfaces/CMakeFiles/rcl_interfaces__rosidl_generator_c.dir/DependInfo.cmake --color=
[2.573s] Dependencies file "CMakeFiles/rcl_interfaces__rosidl_generator_c.dir/rosidl_generator_c/rcl_interfaces/msg/detail/floating_point_range__functions.c.obj.d" is newer than depends file "/home/paolo/purple_whales_ws/firmware/mcu_ws/build/rcl_interfaces/CMakeFiles/rcl_interfaces__rosidl_generator_c.dir/compiler_depend.internal".
[2.573s] Dependencies file "CMakeFiles/rcl_interfaces__rosidl_generator_c.dir/rosidl_generator_c/rcl_interfaces/msg/detail/integer_range__functions.c.obj.d" is newer than depends file "/home/paolo/purple_whales_ws/firmware/mcu_ws/build/rcl_interfaces/CMakeFiles/rcl_interfaces__rosidl_generator_c.dir/compiler_depend.internal".
[2.575s] Dependencies file "CMakeFiles/rcl_interfaces__rosidl_generator_c.dir/rosidl_generator_c/rcl_interfaces/msg/detail/list_parameters_result__functions.c.obj.d" is newer than depends file "/home/paolo/purple_whales_ws/firmware/mcu_ws/build/rcl_interfaces/CMakeFiles/rcl_interfaces__rosidl_generator_c.dir/compiler_depend.internal".
[2.575s] Dependencies file "CMakeFiles/rcl_interfaces__rosidl_generator_c.dir/rosidl_generator_c/rcl_interfaces/msg/detail/log__functions.c.obj.d" is newer than depends file "/home/paolo/purple_whales_ws/firmware/mcu_ws/build/rcl_interfaces/CMakeFiles/rcl_interfaces__rosidl_generator_c.dir/compiler_depend.internal".
[2.575s] Dependencies file "CMakeFiles/rcl_interfaces__rosidl_generator_c.dir/rosidl_generator_c/rcl_interfaces/msg/detail/parameter__functions.c.obj.d" is newer than depends file "/home/paolo/purple_whales_ws/firmware/mcu_ws/build/rcl_interfaces/CMakeFiles/rcl_interfaces__rosidl_generator_c.dir/compiler_depend.internal".
[2.577s] Dependencies file "CMakeFiles/rcl_interfaces__rosidl_generator_c.dir/rosidl_generator_c/rcl_interfaces/msg/detail/parameter_descriptor__functions.c.obj.d" is newer than depends file "/home/paolo/purple_whales_ws/firmware/mcu_ws/build/rcl_interfaces/CMakeFiles/rcl_interfaces__rosidl_generator_c.dir/compiler_depend.internal".
[2.577s] Dependencies file "CMakeFiles/rcl_interfaces__rosidl_generator_c.dir/rosidl_generator_c/rcl_interfaces/msg/detail/parameter_event__functions.c.obj.d" is newer than depends file "/home/paolo/purple_whales_ws/firmware/mcu_ws/build/rcl_interfaces/CMakeFiles/rcl_interfaces__rosidl_generator_c.dir/compiler_depend.internal".
[2.579s] Dependencies file "CMakeFiles/rcl_interfaces__rosidl_generator_c.dir/rosidl_generator_c/rcl_interfaces/msg/detail/parameter_event_descriptors__functions.c.obj.d" is newer than depends file "/home/paolo/purple_whales_ws/firmware/mcu_ws/build/rcl_interfaces/CMakeFiles/rcl_interfaces__rosidl_generator_c.dir/compiler_depend.internal".
[2.580s] Dependencies file "CMakeFiles/rcl_interfaces__rosidl_generator_c.dir/rosidl_generator_c/rcl_interfaces/msg/detail/parameter_type__functions.c.obj.d" is newer than depends file "/home/paolo/purple_whales_ws/firmware/mcu_ws/build/rcl_interfaces/CMakeFiles/rcl_interfaces__rosidl_generator_c.dir/compiler_depend.internal".
[2.582s] Dependencies file "CMakeFiles/rcl_interfaces__rosidl_generator_c.dir/rosidl_generator_c/rcl_interfaces/msg/detail/parameter_value__functions.c.obj.d" is newer than depends file "/home/paolo/purple_whales_ws/firmware/mcu_ws/build/rcl_interfaces/CMakeFiles/rcl_interfaces__rosidl_generator_c.dir/compiler_depend.internal".
[2.583s] Dependencies file "CMakeFiles/rcl_interfaces__rosidl_generator_c.dir/rosidl_generator_c/rcl_interfaces/msg/detail/set_parameters_result__functions.c.obj.d" is newer than depends file "/home/paolo/purple_whales_ws/firmware/mcu_ws/build/rcl_interfaces/CMakeFiles/rcl_interfaces__rosidl_generator_c.dir/compiler_depend.internal".
[2.583s] Dependencies file "CMakeFiles/rcl_interfaces__rosidl_generator_c.dir/rosidl_generator_c/rcl_interfaces/srv/detail/describe_parameters__functions.c.obj.d" is newer than depends file "/home/paolo/purple_whales_ws/firmware/mcu_ws/build/rcl_interfaces/CMakeFiles/rcl_interfaces__rosidl_generator_c.dir/compiler_depend.internal".
[2.583s] Dependencies file "CMakeFiles/rcl_interfaces__rosidl_generator_c.dir/rosidl_generator_c/rcl_interfaces/srv/detail/get_parameter_types__functions.c.obj.d" is newer than depends file "/home/paolo/purple_whales_ws/firmware/mcu_ws/build/rcl_interfaces/CMakeFiles/rcl_interfaces__rosidl_generator_c.dir/compiler_depend.internal".
[2.584s] Dependencies file "CMakeFiles/rcl_interfaces__rosidl_generator_c.dir/rosidl_generator_c/rcl_interfaces/srv/detail/get_parameters__functions.c.obj.d" is newer than depends file "/home/paolo/purple_whales_ws/firmware/mcu_ws/build/rcl_interfaces/CMakeFiles/rcl_interfaces__rosidl_generator_c.dir/compiler_depend.internal".
[2.584s] Dependencies file "CMakeFiles/rcl_interfaces__rosidl_generator_c.dir/rosidl_generator_c/rcl_interfaces/srv/detail/list_parameters__functions.c.obj.d" is newer than depends file "/home/paolo/purple_whales_ws/firmware/mcu_ws/build/rcl_interfaces/CMakeFiles/rcl_interfaces__rosidl_generator_c.dir/compiler_depend.internal".
[2.586s] Dependencies file "CMakeFiles/rcl_interfaces__rosidl_generator_c.dir/rosidl_generator_c/rcl_interfaces/srv/detail/set_parameters__functions.c.obj.d" is newer than depends file "/home/paolo/purple_whales_ws/firmware/mcu_ws/build/rcl_interfaces/CMakeFiles/rcl_interfaces__rosidl_generator_c.dir/compiler_depend.internal".
[2.587s] Dependencies file "CMakeFiles/rcl_interfaces__rosidl_generator_c.dir/rosidl_generator_c/rcl_interfaces/srv/detail/set_parameters_atomically__functions.c.obj.d" is newer than depends file "/home/paolo/purple_whales_ws/firmware/mcu_ws/build/rcl_interfaces/CMakeFiles/rcl_interfaces__rosidl_generator_c.dir/compiler_depend.internal".
[2.587s] [35m[1mConsolidate compiler generated dependencies of target rcl_interfaces__rosidl_generator_c[0m
[2.590s] gmake[6]: Leaving directory '/home/paolo/purple_whales_ws/firmware/mcu_ws/build/rcl_interfaces'
[2.590s] /usr/bin/gmake  -f CMakeFiles/rcl_interfaces__rosidl_generator_c.dir/build.make CMakeFiles/rcl_interfaces__rosidl_generator_c.dir/build
[2.591s] gmake[6]: Entering directory '/home/paolo/purple_whales_ws/firmware/mcu_ws/build/rcl_interfaces'
[2.591s] gmake[6]: Nothing to be done for 'CMakeFiles/rcl_interfaces__rosidl_generator_c.dir/build'.
[2.592s] gmake[6]: Leaving directory '/home/paolo/purple_whales_ws/firmware/mcu_ws/build/rcl_interfaces'
[2.598s] [ 25%] Built target rcl_interfaces__rosidl_generator_c
[2.600s] /usr/bin/gmake  -f CMakeFiles/rcl_interfaces__rosidl_typesupport_microxrcedds_c.dir/build.make CMakeFiles/rcl_interfaces__rosidl_typesupport_microxrcedds_c.dir/depend
[2.601s] /usr/bin/gmake  -f CMakeFiles/rcl_interfaces__rosidl_typesupport_c.dir/build.make CMakeFiles/rcl_interfaces__rosidl_typesupport_c.dir/depend
[2.601s] /usr/bin/gmake  -f CMakeFiles/rcl_interfaces__rosidl_typesupport_introspection_c.dir/build.make CMakeFiles/rcl_interfaces__rosidl_typesupport_introspection_c.dir/depend
[2.603s] gmake[6]: Entering directory '/home/paolo/purple_whales_ws/firmware/mcu_ws/build/rcl_interfaces'
[2.603s] gmake[6]: Entering directory '/home/paolo/purple_whales_ws/firmware/mcu_ws/build/rcl_interfaces'
[2.604s] cd /home/paolo/purple_whales_ws/firmware/mcu_ws/build/rcl_interfaces && /usr/bin/cmake -E cmake_depends "Unix Makefiles" /home/paolo/purple_whales_ws/firmware/mcu_ws/ros2/rcl_interfaces/rcl_interfaces /home/paolo/purple_whales_ws/firmware/mcu_ws/ros2/rcl_interfaces/rcl_interfaces /home/paolo/purple_whales_ws/firmware/mcu_ws/build/rcl_interfaces /home/paolo/purple_whales_ws/firmware/mcu_ws/build/rcl_interfaces /home/paolo/purple_whales_ws/firmware/mcu_ws/build/rcl_interfaces/CMakeFiles/rcl_interfaces__rosidl_typesupport_introspection_c.dir/DependInfo.cmake --color=
[2.605s] cd /home/paolo/purple_whales_ws/firmware/mcu_ws/build/rcl_interfaces && /usr/bin/cmake -E cmake_depends "Unix Makefiles" /home/paolo/purple_whales_ws/firmware/mcu_ws/ros2/rcl_interfaces/rcl_interfaces /home/paolo/purple_whales_ws/firmware/mcu_ws/ros2/rcl_interfaces/rcl_interfaces /home/paolo/purple_whales_ws/firmware/mcu_ws/build/rcl_interfaces /home/paolo/purple_whales_ws/firmware/mcu_ws/build/rcl_interfaces /home/paolo/purple_whales_ws/firmware/mcu_ws/build/rcl_interfaces/CMakeFiles/rcl_interfaces__rosidl_typesupport_microxrcedds_c.dir/DependInfo.cmake --color=
[2.605s] gmake[6]: Entering directory '/home/paolo/purple_whales_ws/firmware/mcu_ws/build/rcl_interfaces'
[2.605s] cd /home/paolo/purple_whales_ws/firmware/mcu_ws/build/rcl_interfaces && /usr/bin/cmake -E cmake_depends "Unix Makefiles" /home/paolo/purple_whales_ws/firmware/mcu_ws/ros2/rcl_interfaces/rcl_interfaces /home/paolo/purple_whales_ws/firmware/mcu_ws/ros2/rcl_interfaces/rcl_interfaces /home/paolo/purple_whales_ws/firmware/mcu_ws/build/rcl_interfaces /home/paolo/purple_whales_ws/firmware/mcu_ws/build/rcl_interfaces /home/paolo/purple_whales_ws/firmware/mcu_ws/build/rcl_interfaces/CMakeFiles/rcl_interfaces__rosidl_typesupport_c.dir/DependInfo.cmake --color=
[2.607s] Dependencies file "CMakeFiles/rcl_interfaces__rosidl_typesupport_c.dir/rosidl_typesupport_c/rcl_interfaces/msg/floating_point_range__type_support.cpp.obj.d" is newer than depends file "/home/paolo/purple_whales_ws/firmware/mcu_ws/build/rcl_interfaces/CMakeFiles/rcl_interfaces__rosidl_typesupport_c.dir/compiler_depend.internal".
[2.607s] Dependencies file "CMakeFiles/rcl_interfaces__rosidl_typesupport_c.dir/rosidl_typesupport_c/rcl_interfaces/msg/integer_range__type_support.cpp.obj.d" is newer than depends file "/home/paolo/purple_whales_ws/firmware/mcu_ws/build/rcl_interfaces/CMakeFiles/rcl_interfaces__rosidl_typesupport_c.dir/compiler_depend.internal".
[2.608s] Dependencies file "CMakeFiles/rcl_interfaces__rosidl_typesupport_c.dir/rosidl_typesupport_c/rcl_interfaces/msg/list_parameters_result__type_support.cpp.obj.d" is newer than depends file "/home/paolo/purple_whales_ws/firmware/mcu_ws/build/rcl_interfaces/CMakeFiles/rcl_interfaces__rosidl_typesupport_c.dir/compiler_depend.internal".
[2.609s] Dependencies file "CMakeFiles/rcl_interfaces__rosidl_typesupport_introspection_c.dir/rosidl_typesupport_introspection_c/rcl_interfaces/msg/detail/floating_point_range__type_support.c.obj.d" is newer than depends file "/home/paolo/purple_whales_ws/firmware/mcu_ws/build/rcl_interfaces/CMakeFiles/rcl_interfaces__rosidl_typesupport_introspection_c.dir/compiler_depend.internal".
[2.609s] Dependencies file "CMakeFiles/rcl_interfaces__rosidl_typesupport_c.dir/rosidl_typesupport_c/rcl_interfaces/msg/log__type_support.cpp.obj.d" is newer than depends file "/home/paolo/purple_whales_ws/firmware/mcu_ws/build/rcl_interfaces/CMakeFiles/rcl_interfaces__rosidl_typesupport_c.dir/compiler_depend.internal".
[2.610s] Dependencies file "CMakeFiles/rcl_interfaces__rosidl_typesupport_c.dir/rosidl_typesupport_c/rcl_interfaces/msg/parameter__type_support.cpp.obj.d" is newer than depends file "/home/paolo/purple_whales_ws/firmware/mcu_ws/build/rcl_interfaces/CMakeFiles/rcl_interfaces__rosidl_typesupport_c.dir/compiler_depend.internal".
[2.612s] Dependencies file "CMakeFiles/rcl_interfaces__rosidl_typesupport_microxrcedds_c.dir/rosidl_typesupport_microxrcedds_c/rcl_interfaces/msg/detail/microxrcedds/floating_point_range__type_support_c.c.obj.d" is newer than depends file "/home/paolo/purple_whales_ws/firmware/mcu_ws/build/rcl_interfaces/CMakeFiles/rcl_interfaces__rosidl_typesupport_microxrcedds_c.dir/compiler_depend.internal".
[2.612s] Dependencies file "CMakeFiles/rcl_interfaces__rosidl_typesupport_introspection_c.dir/rosidl_typesupport_introspection_c/rcl_interfaces/msg/detail/integer_range__type_support.c.obj.d" is newer than depends file "/home/paolo/purple_whales_ws/firmware/mcu_ws/build/rcl_interfaces/CMakeFiles/rcl_interfaces__rosidl_typesupport_introspection_c.dir/compiler_depend.internal".
[2.613s] Dependencies file "CMakeFiles/rcl_interfaces__rosidl_typesupport_c.dir/rosidl_typesupport_c/rcl_interfaces/msg/parameter_descriptor__type_support.cpp.obj.d" is newer than depends file "/home/paolo/purple_whales_ws/firmware/mcu_ws/build/rcl_interfaces/CMakeFiles/rcl_interfaces__rosidl_typesupport_c.dir/compiler_depend.internal".
[2.613s] Dependencies file "CMakeFiles/rcl_interfaces__rosidl_typesupport_c.dir/rosidl_typesupport_c/rcl_interfaces/msg/parameter_event__type_support.cpp.obj.d" is newer than depends file "/home/paolo/purple_whales_ws/firmware/mcu_ws/build/rcl_interfaces/CMakeFiles/rcl_interfaces__rosidl_typesupport_c.dir/compiler_depend.internal".
[2.613s] Dependencies file "CMakeFiles/rcl_interfaces__rosidl_typesupport_introspection_c.dir/rosidl_typesupport_introspection_c/rcl_interfaces/msg/detail/list_parameters_result__type_support.c.obj.d" is newer than depends file "/home/paolo/purple_whales_ws/firmware/mcu_ws/build/rcl_interfaces/CMakeFiles/rcl_interfaces__rosidl_typesupport_introspection_c.dir/compiler_depend.internal".
[2.613s] Dependencies file "CMakeFiles/rcl_interfaces__rosidl_typesupport_microxrcedds_c.dir/rosidl_typesupport_microxrcedds_c/rcl_interfaces/msg/detail/microxrcedds/integer_range__type_support_c.c.obj.d" is newer than depends file "/home/paolo/purple_whales_ws/firmware/mcu_ws/build/rcl_interfaces/CMakeFiles/rcl_interfaces__rosidl_typesupport_microxrcedds_c.dir/compiler_depend.internal".
[2.614s] Dependencies file "CMakeFiles/rcl_interfaces__rosidl_typesupport_c.dir/rosidl_typesupport_c/rcl_interfaces/msg/parameter_event_descriptors__type_support.cpp.obj.d" is newer than depends file "/home/paolo/purple_whales_ws/firmware/mcu_ws/build/rcl_interfaces/CMakeFiles/rcl_interfaces__rosidl_typesupport_c.dir/compiler_depend.internal".
[2.615s] Dependencies file "CMakeFiles/rcl_interfaces__rosidl_typesupport_introspection_c.dir/rosidl_typesupport_introspection_c/rcl_interfaces/msg/detail/log__type_support.c.obj.d" is newer than depends file "/home/paolo/purple_whales_ws/firmware/mcu_ws/build/rcl_interfaces/CMakeFiles/rcl_interfaces__rosidl_typesupport_introspection_c.dir/compiler_depend.internal".
[2.615s] Dependencies file "CMakeFiles/rcl_interfaces__rosidl_typesupport_c.dir/rosidl_typesupport_c/rcl_interfaces/msg/parameter_type__type_support.cpp.obj.d" is newer than depends file "/home/paolo/purple_whales_ws/firmware/mcu_ws/build/rcl_interfaces/CMakeFiles/rcl_interfaces__rosidl_typesupport_c.dir/compiler_depend.internal".
[2.615s] Dependencies file "CMakeFiles/rcl_interfaces__rosidl_typesupport_microxrcedds_c.dir/rosidl_typesupport_microxrcedds_c/rcl_interfaces/msg/detail/microxrcedds/list_parameters_result__type_support_c.c.obj.d" is newer than depends file "/home/paolo/purple_whales_ws/firmware/mcu_ws/build/rcl_interfaces/CMakeFiles/rcl_interfaces__rosidl_typesupport_microxrcedds_c.dir/compiler_depend.internal".
[2.615s] Dependencies file "CMakeFiles/rcl_interfaces__rosidl_typesupport_introspection_c.dir/rosidl_typesupport_introspection_c/rcl_interfaces/msg/detail/parameter__type_support.c.obj.d" is newer than depends file "/home/paolo/purple_whales_ws/firmware/mcu_ws/build/rcl_interfaces/CMakeFiles/rcl_interfaces__rosidl_typesupport_introspection_c.dir/compiler_depend.internal".
[2.615s] Dependencies file "CMakeFiles/rcl_interfaces__rosidl_typesupport_c.dir/rosidl_typesupport_c/rcl_interfaces/msg/parameter_value__type_support.cpp.obj.d" is newer than depends file "/home/paolo/purple_whales_ws/firmware/mcu_ws/build/rcl_interfaces/CMakeFiles/rcl_interfaces__rosidl_typesupport_c.dir/compiler_depend.internal".
[2.615s] Dependencies file "CMakeFiles/rcl_interfaces__rosidl_typesupport_c.dir/rosidl_typesupport_c/rcl_interfaces/msg/set_parameters_result__type_support.cpp.obj.d" is newer than depends file "/home/paolo/purple_whales_ws/firmware/mcu_ws/build/rcl_interfaces/CMakeFiles/rcl_interfaces__rosidl_typesupport_c.dir/compiler_depend.internal".
[2.616s] Dependencies file "CMakeFiles/rcl_interfaces__rosidl_typesupport_introspection_c.dir/rosidl_typesupport_introspection_c/rcl_interfaces/msg/detail/parameter_descriptor__type_support.c.obj.d" is newer than depends file "/home/paolo/purple_whales_ws/firmware/mcu_ws/build/rcl_interfaces/CMakeFiles/rcl_interfaces__rosidl_typesupport_introspection_c.dir/compiler_depend.internal".
[2.616s] Dependencies file "CMakeFiles/rcl_interfaces__rosidl_typesupport_microxrcedds_c.dir/rosidl_typesupport_microxrcedds_c/rcl_interfaces/msg/detail/microxrcedds/log__type_support_c.c.obj.d" is newer than depends file "/home/paolo/purple_whales_ws/firmware/mcu_ws/build/rcl_interfaces/CMakeFiles/rcl_interfaces__rosidl_typesupport_microxrcedds_c.dir/compiler_depend.internal".
[2.617s] Dependencies file "CMakeFiles/rcl_interfaces__rosidl_typesupport_c.dir/rosidl_typesupport_c/rcl_interfaces/srv/describe_parameters__type_support.cpp.obj.d" is newer than depends file "/home/paolo/purple_whales_ws/firmware/mcu_ws/build/rcl_interfaces/CMakeFiles/rcl_interfaces__rosidl_typesupport_c.dir/compiler_depend.internal".
[2.617s] Dependencies file "CMakeFiles/rcl_interfaces__rosidl_typesupport_introspection_c.dir/rosidl_typesupport_introspection_c/rcl_interfaces/msg/detail/parameter_event__type_support.c.obj.d" is newer than depends file "/home/paolo/purple_whales_ws/firmware/mcu_ws/build/rcl_interfaces/CMakeFiles/rcl_interfaces__rosidl_typesupport_introspection_c.dir/compiler_depend.internal".
[2.618s] Dependencies file "CMakeFiles/rcl_interfaces__rosidl_typesupport_c.dir/rosidl_typesupport_c/rcl_interfaces/srv/get_parameter_types__type_support.cpp.obj.d" is newer than depends file "/home/paolo/purple_whales_ws/firmware/mcu_ws/build/rcl_interfaces/CMakeFiles/rcl_interfaces__rosidl_typesupport_c.dir/compiler_depend.internal".
[2.619s] Dependencies file "CMakeFiles/rcl_interfaces__rosidl_typesupport_microxrcedds_c.dir/rosidl_typesupport_microxrcedds_c/rcl_interfaces/msg/detail/microxrcedds/parameter__type_support_c.c.obj.d" is newer than depends file "/home/paolo/purple_whales_ws/firmware/mcu_ws/build/rcl_interfaces/CMakeFiles/rcl_interfaces__rosidl_typesupport_microxrcedds_c.dir/compiler_depend.internal".
[2.619s] Dependencies file "CMakeFiles/rcl_interfaces__rosidl_typesupport_c.dir/rosidl_typesupport_c/rcl_interfaces/srv/get_parameters__type_support.cpp.obj.d" is newer than depends file "/home/paolo/purple_whales_ws/firmware/mcu_ws/build/rcl_interfaces/CMakeFiles/rcl_interfaces__rosidl_typesupport_c.dir/compiler_depend.internal".
[2.619s] Dependencies file "CMakeFiles/rcl_interfaces__rosidl_typesupport_c.dir/rosidl_typesupport_c/rcl_interfaces/srv/list_parameters__type_support.cpp.obj.d" is newer than depends file "/home/paolo/purple_whales_ws/firmware/mcu_ws/build/rcl_interfaces/CMakeFiles/rcl_interfaces__rosidl_typesupport_c.dir/compiler_depend.internal".
[2.619s] Dependencies file "CMakeFiles/rcl_interfaces__rosidl_typesupport_introspection_c.dir/rosidl_typesupport_introspection_c/rcl_interfaces/msg/detail/parameter_event_descriptors__type_support.c.obj.d" is newer than depends file "/home/paolo/purple_whales_ws/firmware/mcu_ws/build/rcl_interfaces/CMakeFiles/rcl_interfaces__rosidl_typesupport_introspection_c.dir/compiler_depend.internal".
[2.620s] Dependencies file "CMakeFiles/rcl_interfaces__rosidl_typesupport_c.dir/rosidl_typesupport_c/rcl_interfaces/srv/set_parameters__type_support.cpp.obj.d" is newer than depends file "/home/paolo/purple_whales_ws/firmware/mcu_ws/build/rcl_interfaces/CMakeFiles/rcl_interfaces__rosidl_typesupport_c.dir/compiler_depend.internal".
[2.620s] Dependencies file "CMakeFiles/rcl_interfaces__rosidl_typesupport_microxrcedds_c.dir/rosidl_typesupport_microxrcedds_c/rcl_interfaces/msg/detail/microxrcedds/parameter_descriptor__type_support_c.c.obj.d" is newer than depends file "/home/paolo/purple_whales_ws/firmware/mcu_ws/build/rcl_interfaces/CMakeFiles/rcl_interfaces__rosidl_typesupport_microxrcedds_c.dir/compiler_depend.internal".
[2.620s] Dependencies file "CMakeFiles/rcl_interfaces__rosidl_typesupport_introspection_c.dir/rosidl_typesupport_introspection_c/rcl_interfaces/msg/detail/parameter_type__type_support.c.obj.d" is newer than depends file "/home/paolo/purple_whales_ws/firmware/mcu_ws/build/rcl_interfaces/CMakeFiles/rcl_interfaces__rosidl_typesupport_introspection_c.dir/compiler_depend.internal".
[2.621s] Dependencies file "CMakeFiles/rcl_interfaces__rosidl_typesupport_c.dir/rosidl_typesupport_c/rcl_interfaces/srv/set_parameters_atomically__type_support.cpp.obj.d" is newer than depends file "/home/paolo/purple_whales_ws/firmware/mcu_ws/build/rcl_interfaces/CMakeFiles/rcl_interfaces__rosidl_typesupport_c.dir/compiler_depend.internal".
[2.621s] Dependencies file "CMakeFiles/rcl_interfaces__rosidl_typesupport_introspection_c.dir/rosidl_typesupport_introspection_c/rcl_interfaces/msg/detail/parameter_value__type_support.c.obj.d" is newer than depends file "/home/paolo/purple_whales_ws/firmware/mcu_ws/build/rcl_interfaces/CMakeFiles/rcl_interfaces__rosidl_typesupport_introspection_c.dir/compiler_depend.internal".
[2.622s] Dependencies file "CMakeFiles/rcl_interfaces__rosidl_typesupport_microxrcedds_c.dir/rosidl_typesupport_microxrcedds_c/rcl_interfaces/msg/detail/microxrcedds/parameter_event__type_support_c.c.obj.d" is newer than depends file "/home/paolo/purple_whales_ws/firmware/mcu_ws/build/rcl_interfaces/CMakeFiles/rcl_interfaces__rosidl_typesupport_microxrcedds_c.dir/compiler_depend.internal".
[2.622s] [35m[1mConsolidate compiler generated dependencies of target rcl_interfaces__rosidl_typesupport_c[0m
[2.622s] Dependencies file "CMakeFiles/rcl_interfaces__rosidl_typesupport_introspection_c.dir/rosidl_typesupport_introspection_c/rcl_interfaces/msg/detail/set_parameters_result__type_support.c.obj.d" is newer than depends file "/home/paolo/purple_whales_ws/firmware/mcu_ws/build/rcl_interfaces/CMakeFiles/rcl_interfaces__rosidl_typesupport_introspection_c.dir/compiler_depend.internal".
[2.623s] Dependencies file "CMakeFiles/rcl_interfaces__rosidl_typesupport_microxrcedds_c.dir/rosidl_typesupport_microxrcedds_c/rcl_interfaces/msg/detail/microxrcedds/parameter_event_descriptors__type_support_c.c.obj.d" is newer than depends file "/home/paolo/purple_whales_ws/firmware/mcu_ws/build/rcl_interfaces/CMakeFiles/rcl_interfaces__rosidl_typesupport_microxrcedds_c.dir/compiler_depend.internal".
[2.623s] Dependencies file "CMakeFiles/rcl_interfaces__rosidl_typesupport_introspection_c.dir/rosidl_typesupport_introspection_c/rcl_interfaces/srv/detail/describe_parameters__type_support.c.obj.d" is newer than depends file "/home/paolo/purple_whales_ws/firmware/mcu_ws/build/rcl_interfaces/CMakeFiles/rcl_interfaces__rosidl_typesupport_introspection_c.dir/compiler_depend.internal".
[2.623s] Dependencies file "CMakeFiles/rcl_interfaces__rosidl_typesupport_introspection_c.dir/rosidl_typesupport_introspection_c/rcl_interfaces/srv/detail/get_parameter_types__type_support.c.obj.d" is newer than depends file "/home/paolo/purple_whales_ws/firmware/mcu_ws/build/rcl_interfaces/CMakeFiles/rcl_interfaces__rosidl_typesupport_introspection_c.dir/compiler_depend.internal".
[2.623s] Dependencies file "CMakeFiles/rcl_interfaces__rosidl_typesupport_microxrcedds_c.dir/rosidl_typesupport_microxrcedds_c/rcl_interfaces/msg/detail/microxrcedds/parameter_type__type_support_c.c.obj.d" is newer than depends file "/home/paolo/purple_whales_ws/firmware/mcu_ws/build/rcl_interfaces/CMakeFiles/rcl_interfaces__rosidl_typesupport_microxrcedds_c.dir/compiler_depend.internal".
[2.625s] Dependencies file "CMakeFiles/rcl_interfaces__rosidl_typesupport_introspection_c.dir/rosidl_typesupport_introspection_c/rcl_interfaces/srv/detail/get_parameters__type_support.c.obj.d" is newer than depends file "/home/paolo/purple_whales_ws/firmware/mcu_ws/build/rcl_interfaces/CMakeFiles/rcl_interfaces__rosidl_typesupport_introspection_c.dir/compiler_depend.internal".
[2.626s] Dependencies file "CMakeFiles/rcl_interfaces__rosidl_typesupport_microxrcedds_c.dir/rosidl_typesupport_microxrcedds_c/rcl_interfaces/msg/detail/microxrcedds/parameter_value__type_support_c.c.obj.d" is newer than depends file "/home/paolo/purple_whales_ws/firmware/mcu_ws/build/rcl_interfaces/CMakeFiles/rcl_interfaces__rosidl_typesupport_microxrcedds_c.dir/compiler_depend.internal".
[2.626s] Dependencies file "CMakeFiles/rcl_interfaces__rosidl_typesupport_introspection_c.dir/rosidl_typesupport_introspection_c/rcl_interfaces/srv/detail/list_parameters__type_support.c.obj.d" is newer than depends file "/home/paolo/purple_whales_ws/firmware/mcu_ws/build/rcl_interfaces/CMakeFiles/rcl_interfaces__rosidl_typesupport_introspection_c.dir/compiler_depend.internal".
[2.626s] Dependencies file "CMakeFiles/rcl_interfaces__rosidl_typesupport_microxrcedds_c.dir/rosidl_typesupport_microxrcedds_c/rcl_interfaces/msg/detail/microxrcedds/set_parameters_result__type_support_c.c.obj.d" is newer than depends file "/home/paolo/purple_whales_ws/firmware/mcu_ws/build/rcl_interfaces/CMakeFiles/rcl_interfaces__rosidl_typesupport_microxrcedds_c.dir/compiler_depend.internal".
[2.627s] Dependencies file "CMakeFiles/rcl_interfaces__rosidl_typesupport_introspection_c.dir/rosidl_typesupport_introspection_c/rcl_interfaces/srv/detail/set_parameters__type_support.c.obj.d" is newer than depends file "/home/paolo/purple_whales_ws/firmware/mcu_ws/build/rcl_interfaces/CMakeFiles/rcl_interfaces__rosidl_typesupport_introspection_c.dir/compiler_depend.internal".
[2.631s] Dependencies file "CMakeFiles/rcl_interfaces__rosidl_typesupport_introspection_c.dir/rosidl_typesupport_introspection_c/rcl_interfaces/srv/detail/set_parameters_atomically__type_support.c.obj.d" is newer than depends file "/home/paolo/purple_whales_ws/firmware/mcu_ws/build/rcl_interfaces/CMakeFiles/rcl_interfaces__rosidl_typesupport_introspection_c.dir/compiler_depend.internal".
[2.631s] Dependencies file "CMakeFiles/rcl_interfaces__rosidl_typesupport_microxrcedds_c.dir/rosidl_typesupport_microxrcedds_c/rcl_interfaces/srv/detail/microxrcedds/describe_parameters__type_support_c.c.obj.d" is newer than depends file "/home/paolo/purple_whales_ws/firmware/mcu_ws/build/rcl_interfaces/CMakeFiles/rcl_interfaces__rosidl_typesupport_microxrcedds_c.dir/compiler_depend.internal".
[2.632s] Dependencies file "CMakeFiles/rcl_interfaces__rosidl_typesupport_microxrcedds_c.dir/rosidl_typesupport_microxrcedds_c/rcl_interfaces/srv/detail/microxrcedds/get_parameter_types__type_support_c.c.obj.d" is newer than depends file "/home/paolo/purple_whales_ws/firmware/mcu_ws/build/rcl_interfaces/CMakeFiles/rcl_interfaces__rosidl_typesupport_microxrcedds_c.dir/compiler_depend.internal".
[2.633s] [35m[1mConsolidate compiler generated dependencies of target rcl_interfaces__rosidl_typesupport_introspection_c[0m
[2.633s] Dependencies file "CMakeFiles/rcl_interfaces__rosidl_typesupport_microxrcedds_c.dir/rosidl_typesupport_microxrcedds_c/rcl_interfaces/srv/detail/microxrcedds/get_parameters__type_support_c.c.obj.d" is newer than depends file "/home/paolo/purple_whales_ws/firmware/mcu_ws/build/rcl_interfaces/CMakeFiles/rcl_interfaces__rosidl_typesupport_microxrcedds_c.dir/compiler_depend.internal".
[2.634s] Dependencies file "CMakeFiles/rcl_interfaces__rosidl_typesupport_microxrcedds_c.dir/rosidl_typesupport_microxrcedds_c/rcl_interfaces/srv/detail/microxrcedds/list_parameters__type_support_c.c.obj.d" is newer than depends file "/home/paolo/purple_whales_ws/firmware/mcu_ws/build/rcl_interfaces/CMakeFiles/rcl_interfaces__rosidl_typesupport_microxrcedds_c.dir/compiler_depend.internal".
[2.634s] Dependencies file "CMakeFiles/rcl_interfaces__rosidl_typesupport_microxrcedds_c.dir/rosidl_typesupport_microxrcedds_c/rcl_interfaces/srv/detail/microxrcedds/set_parameters__type_support_c.c.obj.d" is newer than depends file "/home/paolo/purple_whales_ws/firmware/mcu_ws/build/rcl_interfaces/CMakeFiles/rcl_interfaces__rosidl_typesupport_microxrcedds_c.dir/compiler_depend.internal".
[2.637s] Dependencies file "CMakeFiles/rcl_interfaces__rosidl_typesupport_microxrcedds_c.dir/rosidl_typesupport_microxrcedds_c/rcl_interfaces/srv/detail/microxrcedds/set_parameters_atomically__type_support_c.c.obj.d" is newer than depends file "/home/paolo/purple_whales_ws/firmware/mcu_ws/build/rcl_interfaces/CMakeFiles/rcl_interfaces__rosidl_typesupport_microxrcedds_c.dir/compiler_depend.internal".
[2.637s] [35m[1mConsolidate compiler generated dependencies of target rcl_interfaces__rosidl_typesupport_microxrcedds_c[0m
[2.637s] gmake[6]: Leaving directory '/home/paolo/purple_whales_ws/firmware/mcu_ws/build/rcl_interfaces'
[2.637s] /usr/bin/gmake  -f CMakeFiles/rcl_interfaces__rosidl_typesupport_c.dir/build.make CMakeFiles/rcl_interfaces__rosidl_typesupport_c.dir/build
[2.639s] gmake[6]: Leaving directory '/home/paolo/purple_whales_ws/firmware/mcu_ws/build/rcl_interfaces'
[2.639s] /usr/bin/gmake  -f CMakeFiles/rcl_interfaces__rosidl_typesupport_introspection_c.dir/build.make CMakeFiles/rcl_interfaces__rosidl_typesupport_introspection_c.dir/build
[2.639s] gmake[6]: Leaving directory '/home/paolo/purple_whales_ws/firmware/mcu_ws/build/rcl_interfaces'
[2.639s] /usr/bin/gmake  -f CMakeFiles/rcl_interfaces__rosidl_typesupport_microxrcedds_c.dir/build.make CMakeFiles/rcl_interfaces__rosidl_typesupport_microxrcedds_c.dir/build
[2.639s] gmake[6]: Entering directory '/home/paolo/purple_whales_ws/firmware/mcu_ws/build/rcl_interfaces'
[2.639s] gmake[6]: Nothing to be done for 'CMakeFiles/rcl_interfaces__rosidl_typesupport_c.dir/build'.
[2.639s] gmake[6]: Leaving directory '/home/paolo/purple_whales_ws/firmware/mcu_ws/build/rcl_interfaces'
[2.642s] gmake[6]: Entering directory '/home/paolo/purple_whales_ws/firmware/mcu_ws/build/rcl_interfaces'
[2.644s] gmake[6]: Nothing to be done for 'CMakeFiles/rcl_interfaces__rosidl_typesupport_introspection_c.dir/build'.
[2.646s] gmake[6]: Leaving directory '/home/paolo/purple_whales_ws/firmware/mcu_ws/build/rcl_interfaces'
[2.646s] gmake[6]: Entering directory '/home/paolo/purple_whales_ws/firmware/mcu_ws/build/rcl_interfaces'
[2.646s] gmake[6]: Nothing to be done for 'CMakeFiles/rcl_interfaces__rosidl_typesupport_microxrcedds_c.dir/build'.
[2.647s] gmake[6]: Leaving directory '/home/paolo/purple_whales_ws/firmware/mcu_ws/build/rcl_interfaces'
[2.648s] [ 50%] Built target rcl_interfaces__rosidl_typesupport_c
[2.648s] [ 97%] Built target rcl_interfaces__rosidl_typesupport_introspection_c
[2.649s] [100%] Built target rcl_interfaces__rosidl_typesupport_microxrcedds_c
[2.650s] /usr/bin/gmake  -f CMakeFiles/rcl_interfaces.dir/build.make CMakeFiles/rcl_interfaces.dir/depend
[2.651s] gmake[6]: Entering directory '/home/paolo/purple_whales_ws/firmware/mcu_ws/build/rcl_interfaces'
[2.651s] cd /home/paolo/purple_whales_ws/firmware/mcu_ws/build/rcl_interfaces && /usr/bin/cmake -E cmake_depends "Unix Makefiles" /home/paolo/purple_whales_ws/firmware/mcu_ws/ros2/rcl_interfaces/rcl_interfaces /home/paolo/purple_whales_ws/firmware/mcu_ws/ros2/rcl_interfaces/rcl_interfaces /home/paolo/purple_whales_ws/firmware/mcu_ws/build/rcl_interfaces /home/paolo/purple_whales_ws/firmware/mcu_ws/build/rcl_interfaces /home/paolo/purple_whales_ws/firmware/mcu_ws/build/rcl_interfaces/CMakeFiles/rcl_interfaces.dir/DependInfo.cmake --color=
[2.652s] gmake[6]: Leaving directory '/home/paolo/purple_whales_ws/firmware/mcu_ws/build/rcl_interfaces'
[2.653s] /usr/bin/gmake  -f CMakeFiles/rcl_interfaces.dir/build.make CMakeFiles/rcl_interfaces.dir/build
[2.653s] gmake[6]: Entering directory '/home/paolo/purple_whales_ws/firmware/mcu_ws/build/rcl_interfaces'
[2.653s] gmake[6]: Nothing to be done for 'CMakeFiles/rcl_interfaces.dir/build'.
[2.653s] gmake[6]: Leaving directory '/home/paolo/purple_whales_ws/firmware/mcu_ws/build/rcl_interfaces'
[2.654s] [100%] Built target rcl_interfaces
[2.654s] gmake[5]: Leaving directory '/home/paolo/purple_whales_ws/firmware/mcu_ws/build/rcl_interfaces'
[2.654s] /usr/bin/cmake -E cmake_progress_start /home/paolo/purple_whales_ws/firmware/mcu_ws/build/rcl_interfaces/CMakeFiles 0
[2.656s] gmake[4]: Leaving directory '/home/paolo/purple_whales_ws/firmware/mcu_ws/build/rcl_interfaces'
[2.689s] Invoked command in '/home/paolo/purple_whales_ws/firmware/mcu_ws/build/rcl_interfaces' returned '0': AMENT_PREFIX_PATH=/home/paolo/purple_whales_ws/firmware/mcu_ws/install:${AMENT_PREFIX_PATH} CMAKE_PREFIX_PATH=/home/paolo/purple_whales_ws/firmware/mcu_ws/install:/home/paolo/purple_whales_ws/firmware/dev_ws/install/ament_lint_common:/home/paolo/purple_whales_ws/firmware/dev_ws/install/ament_cmake_uncrustify:/home/paolo/purple_whales_ws/firmware/dev_ws/install/uncrustify_vendor:/home/paolo/purple_whales_ws/firmware/dev_ws/install/ament_cmake_ros:/home/paolo/purple_whales_ws/firmware/dev_ws/install/ament_cmake_auto:/home/paolo/purple_whales_ws/firmware/dev_ws/install/ament_cmake_gmock:/home/paolo/purple_whales_ws/firmware/dev_ws/install/gmock_vendor:/home/paolo/purple_whales_ws/firmware/dev_ws/install/ament_cmake_gtest:/home/paolo/purple_whales_ws/firmware/dev_ws/install/gtest_vendor:/home/paolo/purple_whales_ws/firmware/dev_ws/install/ament_cmake_xmllint:/home/paolo/purple_whales_ws/firmware/dev_ws/install/ament_cmake_pyflakes:/home/paolo/purple_whales_ws/firmware/dev_ws/install/ament_cmake_pycodestyle:/home/paolo/purple_whales_ws/firmware/dev_ws/install/ament_cmake_pep257:/home/paolo/purple_whales_ws/firmware/dev_ws/install/ament_cmake_pclint:/home/paolo/purple_whales_ws/firmware/dev_ws/install/ament_lint_auto:/home/paolo/purple_whales_ws/firmware/dev_ws/install/ament_cmake:/home/paolo/purple_whales_ws/firmware/dev_ws/install/ament_cmake_version:/home/paolo/purple_whales_ws/firmware/dev_ws/install/ament_cmake_vendor_package:/home/paolo/purple_whales_ws/firmware/dev_ws/install/ament_cmake_pytest:/home/paolo/purple_whales_ws/firmware/dev_ws/install/ament_cmake_nose:/home/paolo/purple_whales_ws/firmware/dev_ws/install/ament_cmake_mypy:/home/paolo/purple_whales_ws/firmware/dev_ws/install/ament_cmake_lint_cmake:/home/paolo/purple_whales_ws/firmware/dev_ws/install/ament_cmake_google_benchmark:/home/paolo/purple_whales_ws/firmware/dev_ws/install/ament_cmake_flake8:/home/paolo/purple_whales_ws/firmware/dev_ws/install/ament_cmake_cpplint:/home/paolo/purple_whales_ws/firmware/dev_ws/install/ament_cmake_cppcheck:/home/paolo/purple_whales_ws/firmware/dev_ws/install/ament_cmake_copyright:/home/paolo/purple_whales_ws/firmware/dev_ws/install/ament_cmake_clang_tidy:/home/paolo/purple_whales_ws/firmware/dev_ws/install/ament_cmake_clang_format:/home/paolo/purple_whales_ws/firmware/dev_ws/install/ament_cmake_test:/home/paolo/purple_whales_ws/firmware/dev_ws/install/ament_cmake_target_dependencies:/home/paolo/purple_whales_ws/firmware/dev_ws/install/ament_cmake_python:/home/paolo/purple_whales_ws/firmware/dev_ws/install/ament_cmake_export_dependencies:/home/paolo/purple_whales_ws/firmware/dev_ws/install/ament_cmake_libraries:/home/paolo/purple_whales_ws/firmware/dev_ws/install/ament_cmake_include_directories:/home/paolo/purple_whales_ws/firmware/dev_ws/install/ament_cmake_gen_version_h:/home/paolo/purple_whales_ws/firmware/dev_ws/install/ament_cmake_export_targets:/home/paolo/purple_whales_ws/firmware/dev_ws/install/ament_cmake_export_link_flags:/home/paolo/purple_whales_ws/firmware/dev_ws/install/ament_cmake_export_interfaces:/home/paolo/purple_whales_ws/firmware/dev_ws/install/ament_cmake_export_libraries:/home/paolo/purple_whales_ws/firmware/dev_ws/install/ament_cmake_export_include_directories:/home/paolo/purple_whales_ws/firmware/dev_ws/install/ament_cmake_export_definitions:/home/paolo/purple_whales_ws/firmware/dev_ws/install/ament_cmake_core:/home/paolo/purple_whales_ws/firmware/dev_ws/install/ament_index_cpp:/home/paolo/purple_whales_ws/firmware/dev_ws/install/ament_uncrustify:/home/paolo/purple_whales_ws/firmware/dev_ws/install/domain_coordinator:/home/paolo/purple_whales_ws/firmware/dev_ws/install/ament_xmllint:/home/paolo/purple_whales_ws/firmware/dev_ws/install/ament_pyflakes:/home/paolo/purple_whales_ws/firmware/dev_ws/install/ament_pycodestyle:/home/paolo/purple_whales_ws/firmware/dev_ws/install/ament_pep257:/home/paolo/purple_whales_ws/firmware/dev_ws/install/ament_pclint:/home/paolo/purple_whales_ws/firmware/dev_ws/install/ament_package:/home/paolo/purple_whales_ws/firmware/dev_ws/install/ament_mypy:/home/paolo/purple_whales_ws/firmware/dev_ws/install/ament_lint_cmake:/home/paolo/purple_whales_ws/firmware/dev_ws/install/ament_flake8:/home/paolo/purple_whales_ws/firmware/dev_ws/install/ament_copyright:/home/paolo/purple_whales_ws/firmware/dev_ws/install/ament_lint:/home/paolo/purple_whales_ws/firmware/dev_ws/install/ament_index_python:/home/paolo/purple_whales_ws/firmware/dev_ws/install/ament_cpplint:/home/paolo/purple_whales_ws/firmware/dev_ws/install/ament_cppcheck:/home/paolo/purple_whales_ws/firmware/dev_ws/install/ament_clang_tidy:/home/paolo/purple_whales_ws/firmware/dev_ws/install/ament_clang_format LD_LIBRARY_PATH=/home/paolo/purple_whales_ws/firmware/mcu_ws/install/lib:${LD_LIBRARY_PATH} PATH=/home/paolo/purple_whales_ws/firmware/mcu_ws/install/bin:${PATH} PYTHONPATH=/home/paolo/purple_whales_ws/firmware/mcu_ws/install/lib/python3.10/site-packages:${PYTHONPATH} /usr/bin/cmake --build /home/paolo/purple_whales_ws/firmware/mcu_ws/build/rcl_interfaces -- -j20 -l20
[2.959s] Invoking command in '/home/paolo/purple_whales_ws/firmware/mcu_ws/build/rcl_interfaces': AMENT_PREFIX_PATH=/home/paolo/purple_whales_ws/firmware/mcu_ws/install:${AMENT_PREFIX_PATH} CMAKE_PREFIX_PATH=/home/paolo/purple_whales_ws/firmware/mcu_ws/install:/home/paolo/purple_whales_ws/firmware/dev_ws/install/ament_lint_common:/home/paolo/purple_whales_ws/firmware/dev_ws/install/ament_cmake_uncrustify:/home/paolo/purple_whales_ws/firmware/dev_ws/install/uncrustify_vendor:/home/paolo/purple_whales_ws/firmware/dev_ws/install/ament_cmake_ros:/home/paolo/purple_whales_ws/firmware/dev_ws/install/ament_cmake_auto:/home/paolo/purple_whales_ws/firmware/dev_ws/install/ament_cmake_gmock:/home/paolo/purple_whales_ws/firmware/dev_ws/install/gmock_vendor:/home/paolo/purple_whales_ws/firmware/dev_ws/install/ament_cmake_gtest:/home/paolo/purple_whales_ws/firmware/dev_ws/install/gtest_vendor:/home/paolo/purple_whales_ws/firmware/dev_ws/install/ament_cmake_xmllint:/home/paolo/purple_whales_ws/firmware/dev_ws/install/ament_cmake_pyflakes:/home/paolo/purple_whales_ws/firmware/dev_ws/install/ament_cmake_pycodestyle:/home/paolo/purple_whales_ws/firmware/dev_ws/install/ament_cmake_pep257:/home/paolo/purple_whales_ws/firmware/dev_ws/install/ament_cmake_pclint:/home/paolo/purple_whales_ws/firmware/dev_ws/install/ament_lint_auto:/home/paolo/purple_whales_ws/firmware/dev_ws/install/ament_cmake:/home/paolo/purple_whales_ws/firmware/dev_ws/install/ament_cmake_version:/home/paolo/purple_whales_ws/firmware/dev_ws/install/ament_cmake_vendor_package:/home/paolo/purple_whales_ws/firmware/dev_ws/install/ament_cmake_pytest:/home/paolo/purple_whales_ws/firmware/dev_ws/install/ament_cmake_nose:/home/paolo/purple_whales_ws/firmware/dev_ws/install/ament_cmake_mypy:/home/paolo/purple_whales_ws/firmware/dev_ws/install/ament_cmake_lint_cmake:/home/paolo/purple_whales_ws/firmware/dev_ws/install/ament_cmake_google_benchmark:/home/paolo/purple_whales_ws/firmware/dev_ws/install/ament_cmake_flake8:/home/paolo/purple_whales_ws/firmware/dev_ws/install/ament_cmake_cpplint:/home/paolo/purple_whales_ws/firmware/dev_ws/install/ament_cmake_cppcheck:/home/paolo/purple_whales_ws/firmware/dev_ws/install/ament_cmake_copyright:/home/paolo/purple_whales_ws/firmware/dev_ws/install/ament_cmake_clang_tidy:/home/paolo/purple_whales_ws/firmware/dev_ws/install/ament_cmake_clang_format:/home/paolo/purple_whales_ws/firmware/dev_ws/install/ament_cmake_test:/home/paolo/purple_whales_ws/firmware/dev_ws/install/ament_cmake_target_dependencies:/home/paolo/purple_whales_ws/firmware/dev_ws/install/ament_cmake_python:/home/paolo/purple_whales_ws/firmware/dev_ws/install/ament_cmake_export_dependencies:/home/paolo/purple_whales_ws/firmware/dev_ws/install/ament_cmake_libraries:/home/paolo/purple_whales_ws/firmware/dev_ws/install/ament_cmake_include_directories:/home/paolo/purple_whales_ws/firmware/dev_ws/install/ament_cmake_gen_version_h:/home/paolo/purple_whales_ws/firmware/dev_ws/install/ament_cmake_export_targets:/home/paolo/purple_whales_ws/firmware/dev_ws/install/ament_cmake_export_link_flags:/home/paolo/purple_whales_ws/firmware/dev_ws/install/ament_cmake_export_interfaces:/home/paolo/purple_whales_ws/firmware/dev_ws/install/ament_cmake_export_libraries:/home/paolo/purple_whales_ws/firmware/dev_ws/install/ament_cmake_export_include_directories:/home/paolo/purple_whales_ws/firmware/dev_ws/install/ament_cmake_export_definitions:/home/paolo/purple_whales_ws/firmware/dev_ws/install/ament_cmake_core:/home/paolo/purple_whales_ws/firmware/dev_ws/install/ament_index_cpp:/home/paolo/purple_whales_ws/firmware/dev_ws/install/ament_uncrustify:/home/paolo/purple_whales_ws/firmware/dev_ws/install/domain_coordinator:/home/paolo/purple_whales_ws/firmware/dev_ws/install/ament_xmllint:/home/paolo/purple_whales_ws/firmware/dev_ws/install/ament_pyflakes:/home/paolo/purple_whales_ws/firmware/dev_ws/install/ament_pycodestyle:/home/paolo/purple_whales_ws/firmware/dev_ws/install/ament_pep257:/home/paolo/purple_whales_ws/firmware/dev_ws/install/ament_pclint:/home/paolo/purple_whales_ws/firmware/dev_ws/install/ament_package:/home/paolo/purple_whales_ws/firmware/dev_ws/install/ament_mypy:/home/paolo/purple_whales_ws/firmware/dev_ws/install/ament_lint_cmake:/home/paolo/purple_whales_ws/firmware/dev_ws/install/ament_flake8:/home/paolo/purple_whales_ws/firmware/dev_ws/install/ament_copyright:/home/paolo/purple_whales_ws/firmware/dev_ws/install/ament_lint:/home/paolo/purple_whales_ws/firmware/dev_ws/install/ament_index_python:/home/paolo/purple_whales_ws/firmware/dev_ws/install/ament_cpplint:/home/paolo/purple_whales_ws/firmware/dev_ws/install/ament_cppcheck:/home/paolo/purple_whales_ws/firmware/dev_ws/install/ament_clang_tidy:/home/paolo/purple_whales_ws/firmware/dev_ws/install/ament_clang_format LD_LIBRARY_PATH=/home/paolo/purple_whales_ws/firmware/mcu_ws/install/lib:${LD_LIBRARY_PATH} PATH=/home/paolo/purple_whales_ws/firmware/mcu_ws/install/bin:${PATH} PYTHONPATH=/home/paolo/purple_whales_ws/firmware/mcu_ws/install/lib/python3.10/site-packages:${PYTHONPATH} /usr/bin/cmake --install /home/paolo/purple_whales_ws/firmware/mcu_ws/build/rcl_interfaces
[2.964s] -- Install configuration: "Debug"
[2.964s] -- Up-to-date: /home/paolo/purple_whales_ws/firmware/mcu_ws/install/share/ament_index/resource_index/rosidl_interfaces/rcl_interfaces
[2.964s] -- Up-to-date: /home/paolo/purple_whales_ws/firmware/mcu_ws/install/include/rcl_interfaces/rcl_interfaces
[2.964s] -- Up-to-date: /home/paolo/purple_whales_ws/firmware/mcu_ws/install/include/rcl_interfaces/rcl_interfaces/srv
[2.964s] -- Up-to-date: /home/paolo/purple_whales_ws/firmware/mcu_ws/install/include/rcl_interfaces/rcl_interfaces/srv/set_parameters.h
[2.965s] -- Up-to-date: /home/paolo/purple_whales_ws/firmware/mcu_ws/install/include/rcl_interfaces/rcl_interfaces/srv/detail
[2.965s] -- Up-to-date: /home/paolo/purple_whales_ws/firmware/mcu_ws/install/include/rcl_interfaces/rcl_interfaces/srv/detail/get_parameters__type_support.h
[2.965s] -- Up-to-date: /home/paolo/purple_whales_ws/firmware/mcu_ws/install/include/rcl_interfaces/rcl_interfaces/srv/detail/set_parameters__struct.h
[2.965s] -- Up-to-date: /home/paolo/purple_whales_ws/firmware/mcu_ws/install/include/rcl_interfaces/rcl_interfaces/srv/detail/get_parameter_types__functions.h
[2.965s] -- Up-to-date: /home/paolo/purple_whales_ws/firmware/mcu_ws/install/include/rcl_interfaces/rcl_interfaces/srv/detail/set_parameters__functions.h
[2.965s] -- Up-to-date: /home/paolo/purple_whales_ws/firmware/mcu_ws/install/include/rcl_interfaces/rcl_interfaces/srv/detail/describe_parameters__functions.c
[2.965s] -- Up-to-date: /home/paolo/purple_whales_ws/firmware/mcu_ws/install/include/rcl_interfaces/rcl_interfaces/srv/detail/list_parameters__struct.h
[2.966s] -- Up-to-date: /home/paolo/purple_whales_ws/firmware/mcu_ws/install/include/rcl_interfaces/rcl_interfaces/srv/detail/set_parameters_atomically__struct.h
[2.966s] -- Up-to-date: /home/paolo/purple_whales_ws/firmware/mcu_ws/install/include/rcl_interfaces/rcl_interfaces/srv/detail/get_parameter_types__type_support.h
[2.967s] -- Up-to-date: /home/paolo/purple_whales_ws/firmware/mcu_ws/install/include/rcl_interfaces/rcl_interfaces/srv/detail/set_parameters__functions.c
[2.967s] -- Up-to-date: /home/paolo/purple_whales_ws/firmware/mcu_ws/install/include/rcl_interfaces/rcl_interfaces/srv/detail/set_parameters_atomically__functions.c
[2.967s] -- Up-to-date: /home/paolo/purple_whales_ws/firmware/mcu_ws/install/include/rcl_interfaces/rcl_interfaces/srv/detail/get_parameter_types__functions.c
[2.967s] -- Up-to-date: /home/paolo/purple_whales_ws/firmware/mcu_ws/install/include/rcl_interfaces/rcl_interfaces/srv/detail/set_parameters_atomically__functions.h
[2.967s] -- Up-to-date: /home/paolo/purple_whales_ws/firmware/mcu_ws/install/include/rcl_interfaces/rcl_interfaces/srv/detail/describe_parameters__type_support.h
[2.967s] -- Up-to-date: /home/paolo/purple_whales_ws/firmware/mcu_ws/install/include/rcl_interfaces/rcl_interfaces/srv/detail/get_parameters__functions.h
[2.968s] -- Up-to-date: /home/paolo/purple_whales_ws/firmware/mcu_ws/install/include/rcl_interfaces/rcl_interfaces/srv/detail/set_parameters__type_support.h
[2.968s] -- Up-to-date: /home/paolo/purple_whales_ws/firmware/mcu_ws/install/include/rcl_interfaces/rcl_interfaces/srv/detail/list_parameters__type_support.h
[2.968s] -- Up-to-date: /home/paolo/purple_whales_ws/firmware/mcu_ws/install/include/rcl_interfaces/rcl_interfaces/srv/detail/set_parameters_atomically__type_support.h
[2.968s] -- Up-to-date: /home/paolo/purple_whales_ws/firmware/mcu_ws/install/include/rcl_interfaces/rcl_interfaces/srv/detail/list_parameters__functions.h
[2.968s] -- Up-to-date: /home/paolo/purple_whales_ws/firmware/mcu_ws/install/include/rcl_interfaces/rcl_interfaces/srv/detail/describe_parameters__functions.h
[2.969s] -- Up-to-date: /home/paolo/purple_whales_ws/firmware/mcu_ws/install/include/rcl_interfaces/rcl_interfaces/srv/detail/list_parameters__functions.c
[2.969s] -- Up-to-date: /home/paolo/purple_whales_ws/firmware/mcu_ws/install/include/rcl_interfaces/rcl_interfaces/srv/detail/describe_parameters__struct.h
[2.969s] -- Up-to-date: /home/paolo/purple_whales_ws/firmware/mcu_ws/install/include/rcl_interfaces/rcl_interfaces/srv/detail/get_parameter_types__struct.h
[2.969s] -- Up-to-date: /home/paolo/purple_whales_ws/firmware/mcu_ws/install/include/rcl_interfaces/rcl_interfaces/srv/detail/get_parameters__functions.c
[2.970s] -- Up-to-date: /home/paolo/purple_whales_ws/firmware/mcu_ws/install/include/rcl_interfaces/rcl_interfaces/srv/detail/get_parameters__struct.h
[2.970s] -- Up-to-date: /home/paolo/purple_whales_ws/firmware/mcu_ws/install/include/rcl_interfaces/rcl_interfaces/srv/get_parameters.h
[2.970s] -- Up-to-date: /home/paolo/purple_whales_ws/firmware/mcu_ws/install/include/rcl_interfaces/rcl_interfaces/srv/describe_parameters.h
[2.970s] -- Up-to-date: /home/paolo/purple_whales_ws/firmware/mcu_ws/install/include/rcl_interfaces/rcl_interfaces/srv/get_parameter_types.h
[2.970s] -- Up-to-date: /home/paolo/purple_whales_ws/firmware/mcu_ws/install/include/rcl_interfaces/rcl_interfaces/srv/list_parameters.h
[2.970s] -- Up-to-date: /home/paolo/purple_whales_ws/firmware/mcu_ws/install/include/rcl_interfaces/rcl_interfaces/srv/set_parameters_atomically.h
[2.970s] -- Up-to-date: /home/paolo/purple_whales_ws/firmware/mcu_ws/install/include/rcl_interfaces/rcl_interfaces/msg
[2.971s] -- Up-to-date: /home/paolo/purple_whales_ws/firmware/mcu_ws/install/include/rcl_interfaces/rcl_interfaces/msg/parameter_descriptor.h
[2.972s] -- Up-to-date: /home/paolo/purple_whales_ws/firmware/mcu_ws/install/include/rcl_interfaces/rcl_interfaces/msg/set_parameters_result.h
[2.972s] -- Up-to-date: /home/paolo/purple_whales_ws/firmware/mcu_ws/install/include/rcl_interfaces/rcl_interfaces/msg/parameter.h
[2.973s] -- Up-to-date: /home/paolo/purple_whales_ws/firmware/mcu_ws/install/include/rcl_interfaces/rcl_interfaces/msg/detail
[2.973s] -- Up-to-date: /home/paolo/purple_whales_ws/firmware/mcu_ws/install/include/rcl_interfaces/rcl_interfaces/msg/detail/parameter_event_descriptors__functions.h
[2.973s] -- Up-to-date: /home/paolo/purple_whales_ws/firmware/mcu_ws/install/include/rcl_interfaces/rcl_interfaces/msg/detail/parameter__type_support.h
[2.974s] -- Up-to-date: /home/paolo/purple_whales_ws/firmware/mcu_ws/install/include/rcl_interfaces/rcl_interfaces/msg/detail/parameter_type__functions.c
[2.974s] -- Up-to-date: /home/paolo/purple_whales_ws/firmware/mcu_ws/install/include/rcl_interfaces/rcl_interfaces/msg/detail/floating_point_range__functions.c
[2.974s] -- Up-to-date: /home/paolo/purple_whales_ws/firmware/mcu_ws/install/include/rcl_interfaces/rcl_interfaces/msg/detail/set_parameters_result__functions.h
[2.974s] -- Up-to-date: /home/paolo/purple_whales_ws/firmware/mcu_ws/install/include/rcl_interfaces/rcl_interfaces/msg/detail/parameter_descriptor__type_support.h
[2.974s] -- Up-to-date: /home/paolo/purple_whales_ws/firmware/mcu_ws/install/include/rcl_interfaces/rcl_interfaces/msg/detail/parameter_value__struct.h
[2.974s] -- Up-to-date: /home/paolo/purple_whales_ws/firmware/mcu_ws/install/include/rcl_interfaces/rcl_interfaces/msg/detail/parameter_event_descriptors__struct.h
[2.975s] -- Up-to-date: /home/paolo/purple_whales_ws/firmware/mcu_ws/install/include/rcl_interfaces/rcl_interfaces/msg/detail/floating_point_range__struct.h
[2.975s] -- Up-to-date: /home/paolo/purple_whales_ws/firmware/mcu_ws/install/include/rcl_interfaces/rcl_interfaces/msg/detail/set_parameters_result__functions.c
[2.975s] -- Up-to-date: /home/paolo/purple_whales_ws/firmware/mcu_ws/install/include/rcl_interfaces/rcl_interfaces/msg/detail/parameter_descriptor__functions.h
[2.975s] -- Up-to-date: /home/paolo/purple_whales_ws/firmware/mcu_ws/install/include/rcl_interfaces/rcl_interfaces/msg/detail/parameter_value__functions.c
[2.975s] -- Up-to-date: /home/paolo/purple_whales_ws/firmware/mcu_ws/install/include/rcl_interfaces/rcl_interfaces/msg/detail/parameter_descriptor__struct.h
[2.975s] -- Up-to-date: /home/paolo/purple_whales_ws/firmware/mcu_ws/install/include/rcl_interfaces/rcl_interfaces/msg/detail/log__functions.h
[2.975s] -- Up-to-date: /home/paolo/purple_whales_ws/firmware/mcu_ws/install/include/rcl_interfaces/rcl_interfaces/msg/detail/parameter_event__functions.h
[2.976s] -- Up-to-date: /home/paolo/purple_whales_ws/firmware/mcu_ws/install/include/rcl_interfaces/rcl_interfaces/msg/detail/list_parameters_result__functions.h
[2.976s] -- Up-to-date: /home/paolo/purple_whales_ws/firmware/mcu_ws/install/include/rcl_interfaces/rcl_interfaces/msg/detail/set_parameters_result__type_support.h
[2.977s] -- Up-to-date: /home/paolo/purple_whales_ws/firmware/mcu_ws/install/include/rcl_interfaces/rcl_interfaces/msg/detail/log__functions.c
[2.977s] -- Up-to-date: /home/paolo/purple_whales_ws/firmware/mcu_ws/install/include/rcl_interfaces/rcl_interfaces/msg/detail/parameter_event__type_support.h
[2.977s] -- Up-to-date: /home/paolo/purple_whales_ws/firmware/mcu_ws/install/include/rcl_interfaces/rcl_interfaces/msg/detail/parameter_event_descriptors__functions.c
[2.977s] -- Up-to-date: /home/paolo/purple_whales_ws/firmware/mcu_ws/install/include/rcl_interfaces/rcl_interfaces/msg/detail/parameter__struct.h
[2.978s] -- Up-to-date: /home/paolo/purple_whales_ws/firmware/mcu_ws/install/include/rcl_interfaces/rcl_interfaces/msg/detail/parameter__functions.c
[2.978s] -- Up-to-date: /home/paolo/purple_whales_ws/firmware/mcu_ws/install/include/rcl_interfaces/rcl_interfaces/msg/detail/floating_point_range__type_support.h
[2.978s] -- Up-to-date: /home/paolo/purple_whales_ws/firmware/mcu_ws/install/include/rcl_interfaces/rcl_interfaces/msg/detail/parameter_type__functions.h
[2.978s] -- Up-to-date: /home/paolo/purple_whales_ws/firmware/mcu_ws/install/include/rcl_interfaces/rcl_interfaces/msg/detail/parameter_event__functions.c
[2.980s] -- Up-to-date: /home/paolo/purple_whales_ws/firmware/mcu_ws/install/include/rcl_interfaces/rcl_interfaces/msg/detail/log__type_support.h
[2.983s] -- Up-to-date: /home/paolo/purple_whales_ws/firmware/mcu_ws/install/include/rcl_interfaces/rcl_interfaces/msg/detail/parameter_event__struct.h
[2.983s] -- Up-to-date: /home/paolo/purple_whales_ws/firmware/mcu_ws/install/include/rcl_interfaces/rcl_interfaces/msg/detail/set_parameters_result__struct.h
[2.983s] -- Up-to-date: /home/paolo/purple_whales_ws/firmware/mcu_ws/install/include/rcl_interfaces/rcl_interfaces/msg/detail/integer_range__struct.h
[2.984s] -- Up-to-date: /home/paolo/purple_whales_ws/firmware/mcu_ws/install/include/rcl_interfaces/rcl_interfaces/msg/detail/floating_point_range__functions.h
[2.984s] -- Up-to-date: /home/paolo/purple_whales_ws/firmware/mcu_ws/install/include/rcl_interfaces/rcl_interfaces/msg/detail/parameter_event_descriptors__type_support.h
[2.984s] -- Up-to-date: /home/paolo/purple_whales_ws/firmware/mcu_ws/install/include/rcl_interfaces/rcl_interfaces/msg/detail/log__struct.h
[2.985s] -- Up-to-date: /home/paolo/purple_whales_ws/firmware/mcu_ws/install/include/rcl_interfaces/rcl_interfaces/msg/detail/integer_range__type_support.h
[2.985s] -- Up-to-date: /home/paolo/purple_whales_ws/firmware/mcu_ws/install/include/rcl_interfaces/rcl_interfaces/msg/detail/list_parameters_result__functions.c
[2.986s] -- Up-to-date: /home/paolo/purple_whales_ws/firmware/mcu_ws/install/include/rcl_interfaces/rcl_interfaces/msg/detail/integer_range__functions.h
[2.986s] -- Up-to-date: /home/paolo/purple_whales_ws/firmware/mcu_ws/install/include/rcl_interfaces/rcl_interfaces/msg/detail/parameter_value__type_support.h
[2.986s] -- Up-to-date: /home/paolo/purple_whales_ws/firmware/mcu_ws/install/include/rcl_interfaces/rcl_interfaces/msg/detail/list_parameters_result__type_support.h
[2.986s] -- Up-to-date: /home/paolo/purple_whales_ws/firmware/mcu_ws/install/include/rcl_interfaces/rcl_interfaces/msg/detail/parameter_type__type_support.h
[2.987s] -- Up-to-date: /home/paolo/purple_whales_ws/firmware/mcu_ws/install/include/rcl_interfaces/rcl_interfaces/msg/detail/parameter_descriptor__functions.c
[2.987s] -- Up-to-date: /home/paolo/purple_whales_ws/firmware/mcu_ws/install/include/rcl_interfaces/rcl_interfaces/msg/detail/list_parameters_result__struct.h
[2.987s] -- Up-to-date: /home/paolo/purple_whales_ws/firmware/mcu_ws/install/include/rcl_interfaces/rcl_interfaces/msg/detail/parameter_type__struct.h
[2.987s] -- Up-to-date: /home/paolo/purple_whales_ws/firmware/mcu_ws/install/include/rcl_interfaces/rcl_interfaces/msg/detail/parameter_value__functions.h
[2.988s] -- Up-to-date: /home/paolo/purple_whales_ws/firmware/mcu_ws/install/include/rcl_interfaces/rcl_interfaces/msg/detail/integer_range__functions.c
[2.988s] -- Up-to-date: /home/paolo/purple_whales_ws/firmware/mcu_ws/install/include/rcl_interfaces/rcl_interfaces/msg/detail/parameter__functions.h
[2.988s] -- Up-to-date: /home/paolo/purple_whales_ws/firmware/mcu_ws/install/include/rcl_interfaces/rcl_interfaces/msg/floating_point_range.h
[2.988s] -- Up-to-date: /home/paolo/purple_whales_ws/firmware/mcu_ws/install/include/rcl_interfaces/rcl_interfaces/msg/integer_range.h
[2.989s] -- Up-to-date: /home/paolo/purple_whales_ws/firmware/mcu_ws/install/include/rcl_interfaces/rcl_interfaces/msg/parameter_value.h
[2.989s] -- Up-to-date: /home/paolo/purple_whales_ws/firmware/mcu_ws/install/include/rcl_interfaces/rcl_interfaces/msg/parameter_event_descriptors.h
[2.990s] -- Up-to-date: /home/paolo/purple_whales_ws/firmware/mcu_ws/install/include/rcl_interfaces/rcl_interfaces/msg/parameter_event.h
[2.991s] -- Up-to-date: /home/paolo/purple_whales_ws/firmware/mcu_ws/install/include/rcl_interfaces/rcl_interfaces/msg/rosidl_generator_c__visibility_control.h
[2.992s] -- Up-to-date: /home/paolo/purple_whales_ws/firmware/mcu_ws/install/include/rcl_interfaces/rcl_interfaces/msg/list_parameters_result.h
[2.992s] -- Up-to-date: /home/paolo/purple_whales_ws/firmware/mcu_ws/install/include/rcl_interfaces/rcl_interfaces/msg/parameter_type.h
[2.993s] -- Up-to-date: /home/paolo/purple_whales_ws/firmware/mcu_ws/install/include/rcl_interfaces/rcl_interfaces/msg/log.h
[2.993s] -- Up-to-date: /home/paolo/purple_whales_ws/firmware/mcu_ws/install/share/rcl_interfaces/environment/library_path.sh
[2.993s] -- Installing: /home/paolo/purple_whales_ws/firmware/mcu_ws/install/share/rcl_interfaces/environment/library_path.dsv
[2.994s] -- Installing: /home/paolo/purple_whales_ws/firmware/mcu_ws/install/lib/librcl_interfaces__rosidl_generator_c.a
[2.994s] -- Up-to-date: /home/paolo/purple_whales_ws/firmware/mcu_ws/install/include/rcl_interfaces/rcl_interfaces
[2.994s] -- Up-to-date: /home/paolo/purple_whales_ws/firmware/mcu_ws/install/include/rcl_interfaces/rcl_interfaces/srv
[2.994s] -- Up-to-date: /home/paolo/purple_whales_ws/firmware/mcu_ws/install/include/rcl_interfaces/rcl_interfaces/srv/detail
[2.994s] -- Up-to-date: /home/paolo/purple_whales_ws/firmware/mcu_ws/install/include/rcl_interfaces/rcl_interfaces/srv/detail/set_parameters_atomically__rosidl_typesupport_introspection_c.h
[2.994s] -- Up-to-date: /home/paolo/purple_whales_ws/firmware/mcu_ws/install/include/rcl_interfaces/rcl_interfaces/srv/detail/list_parameters__rosidl_typesupport_introspection_c.h
[2.995s] -- Up-to-date: /home/paolo/purple_whales_ws/firmware/mcu_ws/install/include/rcl_interfaces/rcl_interfaces/srv/detail/set_parameters__rosidl_typesupport_introspection_c.h
[2.995s] -- Up-to-date: /home/paolo/purple_whales_ws/firmware/mcu_ws/install/include/rcl_interfaces/rcl_interfaces/srv/detail/get_parameters__rosidl_typesupport_introspection_c.h
[2.995s] -- Up-to-date: /home/paolo/purple_whales_ws/firmware/mcu_ws/install/include/rcl_interfaces/rcl_interfaces/srv/detail/list_parameters__type_support.c
[2.995s] -- Up-to-date: /home/paolo/purple_whales_ws/firmware/mcu_ws/install/include/rcl_interfaces/rcl_interfaces/srv/detail/get_parameter_types__type_support.c
[2.998s] -- Up-to-date: /home/paolo/purple_whales_ws/firmware/mcu_ws/install/include/rcl_interfaces/rcl_interfaces/srv/detail/get_parameters__type_support.c
[2.999s] -- Up-to-date: /home/paolo/purple_whales_ws/firmware/mcu_ws/install/include/rcl_interfaces/rcl_interfaces/srv/detail/set_parameters__type_support.c
[3.000s] -- Up-to-date: /home/paolo/purple_whales_ws/firmware/mcu_ws/install/include/rcl_interfaces/rcl_interfaces/srv/detail/get_parameter_types__rosidl_typesupport_introspection_c.h
[3.001s] -- Up-to-date: /home/paolo/purple_whales_ws/firmware/mcu_ws/install/include/rcl_interfaces/rcl_interfaces/srv/detail/describe_parameters__rosidl_typesupport_introspection_c.h
[3.001s] -- Up-to-date: /home/paolo/purple_whales_ws/firmware/mcu_ws/install/include/rcl_interfaces/rcl_interfaces/srv/detail/describe_parameters__type_support.c
[3.001s] -- Up-to-date: /home/paolo/purple_whales_ws/firmware/mcu_ws/install/include/rcl_interfaces/rcl_interfaces/srv/detail/set_parameters_atomically__type_support.c
[3.002s] -- Up-to-date: /home/paolo/purple_whales_ws/firmware/mcu_ws/install/include/rcl_interfaces/rcl_interfaces/msg
[3.002s] -- Up-to-date: /home/paolo/purple_whales_ws/firmware/mcu_ws/install/include/rcl_interfaces/rcl_interfaces/msg/detail
[3.002s] -- Up-to-date: /home/paolo/purple_whales_ws/firmware/mcu_ws/install/include/rcl_interfaces/rcl_interfaces/msg/detail/parameter_type__rosidl_typesupport_introspection_c.h
[3.002s] -- Up-to-date: /home/paolo/purple_whales_ws/firmware/mcu_ws/install/include/rcl_interfaces/rcl_interfaces/msg/detail/parameter__rosidl_typesupport_introspection_c.h
[3.004s] -- Up-to-date: /home/paolo/purple_whales_ws/firmware/mcu_ws/install/include/rcl_interfaces/rcl_interfaces/msg/detail/list_parameters_result__rosidl_typesupport_introspection_c.h
[3.005s] -- Up-to-date: /home/paolo/purple_whales_ws/firmware/mcu_ws/install/include/rcl_interfaces/rcl_interfaces/msg/detail/parameter_descriptor__type_support.c
[3.005s] -- Up-to-date: /home/paolo/purple_whales_ws/firmware/mcu_ws/install/include/rcl_interfaces/rcl_interfaces/msg/detail/parameter_event_descriptors__rosidl_typesupport_introspection_c.h
[3.006s] -- Up-to-date: /home/paolo/purple_whales_ws/firmware/mcu_ws/install/include/rcl_interfaces/rcl_interfaces/msg/detail/parameter_event_descriptors__type_support.c
[3.006s] -- Up-to-date: /home/paolo/purple_whales_ws/firmware/mcu_ws/install/include/rcl_interfaces/rcl_interfaces/msg/detail/log__type_support.c
[3.007s] -- Up-to-date: /home/paolo/purple_whales_ws/firmware/mcu_ws/install/include/rcl_interfaces/rcl_interfaces/msg/detail/floating_point_range__rosidl_typesupport_introspection_c.h
[3.008s] -- Up-to-date: /home/paolo/purple_whales_ws/firmware/mcu_ws/install/include/rcl_interfaces/rcl_interfaces/msg/detail/parameter_value__rosidl_typesupport_introspection_c.h
[3.008s] -- Up-to-date: /home/paolo/purple_whales_ws/firmware/mcu_ws/install/include/rcl_interfaces/rcl_interfaces/msg/detail/parameter_value__type_support.c
[3.009s] -- Up-to-date: /home/paolo/purple_whales_ws/firmware/mcu_ws/install/include/rcl_interfaces/rcl_interfaces/msg/detail/parameter_descriptor__rosidl_typesupport_introspection_c.h
[3.010s] -- Up-to-date: /home/paolo/purple_whales_ws/firmware/mcu_ws/install/include/rcl_interfaces/rcl_interfaces/msg/detail/parameter__type_support.c
[3.010s] -- Up-to-date: /home/paolo/purple_whales_ws/firmware/mcu_ws/install/include/rcl_interfaces/rcl_interfaces/msg/detail/integer_range__rosidl_typesupport_introspection_c.h
[3.010s] -- Up-to-date: /home/paolo/purple_whales_ws/firmware/mcu_ws/install/include/rcl_interfaces/rcl_interfaces/msg/detail/set_parameters_result__type_support.c
[3.010s] -- Up-to-date: /home/paolo/purple_whales_ws/firmware/mcu_ws/install/include/rcl_interfaces/rcl_interfaces/msg/detail/parameter_event__rosidl_typesupport_introspection_c.h
[3.010s] -- Up-to-date: /home/paolo/purple_whales_ws/firmware/mcu_ws/install/include/rcl_interfaces/rcl_interfaces/msg/detail/parameter_event__type_support.c
[3.011s] -- Up-to-date: /home/paolo/purple_whales_ws/firmware/mcu_ws/install/include/rcl_interfaces/rcl_interfaces/msg/detail/list_parameters_result__type_support.c
[3.011s] -- Up-to-date: /home/paolo/purple_whales_ws/firmware/mcu_ws/install/include/rcl_interfaces/rcl_interfaces/msg/detail/log__rosidl_typesupport_introspection_c.h
[3.011s] -- Up-to-date: /home/paolo/purple_whales_ws/firmware/mcu_ws/install/include/rcl_interfaces/rcl_interfaces/msg/detail/integer_range__type_support.c
[3.011s] -- Up-to-date: /home/paolo/purple_whales_ws/firmware/mcu_ws/install/include/rcl_interfaces/rcl_interfaces/msg/detail/set_parameters_result__rosidl_typesupport_introspection_c.h
[3.012s] -- Up-to-date: /home/paolo/purple_whales_ws/firmware/mcu_ws/install/include/rcl_interfaces/rcl_interfaces/msg/detail/floating_point_range__type_support.c
[3.013s] -- Up-to-date: /home/paolo/purple_whales_ws/firmware/mcu_ws/install/include/rcl_interfaces/rcl_interfaces/msg/detail/parameter_type__type_support.c
[3.013s] -- Up-to-date: /home/paolo/purple_whales_ws/firmware/mcu_ws/install/include/rcl_interfaces/rcl_interfaces/msg/rosidl_typesupport_introspection_c__visibility_control.h
[3.013s] -- Up-to-date: /home/paolo/purple_whales_ws/firmware/mcu_ws/install/lib/librcl_interfaces__rosidl_typesupport_introspection_c.a
[3.014s] -- Up-to-date: /home/paolo/purple_whales_ws/firmware/mcu_ws/install/include/rcl_interfaces
[3.014s] -- Up-to-date: /home/paolo/purple_whales_ws/firmware/mcu_ws/install/include/rcl_interfaces/srv
[3.014s] -- Up-to-date: /home/paolo/purple_whales_ws/firmware/mcu_ws/install/include/rcl_interfaces/srv/detail
[3.014s] -- Up-to-date: /home/paolo/purple_whales_ws/firmware/mcu_ws/install/include/rcl_interfaces/srv/detail/describe_parameters__rosidl_typesupport_microxrcedds_c.h
[3.015s] -- Up-to-date: /home/paolo/purple_whales_ws/firmware/mcu_ws/install/include/rcl_interfaces/srv/detail/microxrcedds
[3.016s] -- Up-to-date: /home/paolo/purple_whales_ws/firmware/mcu_ws/install/include/rcl_interfaces/srv/detail/list_parameters__rosidl_typesupport_microxrcedds_c.h
[3.016s] -- Up-to-date: /home/paolo/purple_whales_ws/firmware/mcu_ws/install/include/rcl_interfaces/srv/detail/set_parameters_atomically__rosidl_typesupport_microxrcedds_c.h
[3.016s] -- Up-to-date: /home/paolo/purple_whales_ws/firmware/mcu_ws/install/include/rcl_interfaces/srv/detail/get_parameter_types__rosidl_typesupport_microxrcedds_c.h
[3.016s] -- Up-to-date: /home/paolo/purple_whales_ws/firmware/mcu_ws/install/include/rcl_interfaces/srv/detail/set_parameters__rosidl_typesupport_microxrcedds_c.h
[3.016s] -- Up-to-date: /home/paolo/purple_whales_ws/firmware/mcu_ws/install/include/rcl_interfaces/srv/detail/get_parameters__rosidl_typesupport_microxrcedds_c.h
[3.017s] -- Up-to-date: /home/paolo/purple_whales_ws/firmware/mcu_ws/install/include/rcl_interfaces/msg
[3.017s] -- Up-to-date: /home/paolo/purple_whales_ws/firmware/mcu_ws/install/include/rcl_interfaces/msg/detail
[3.017s] -- Up-to-date: /home/paolo/purple_whales_ws/firmware/mcu_ws/install/include/rcl_interfaces/msg/detail/parameter__rosidl_typesupport_microxrcedds_c.h
[3.017s] -- Up-to-date: /home/paolo/purple_whales_ws/firmware/mcu_ws/install/include/rcl_interfaces/msg/detail/microxrcedds
[3.017s] -- Up-to-date: /home/paolo/purple_whales_ws/firmware/mcu_ws/install/include/rcl_interfaces/msg/detail/integer_range__rosidl_typesupport_microxrcedds_c.h
[3.017s] -- Up-to-date: /home/paolo/purple_whales_ws/firmware/mcu_ws/install/include/rcl_interfaces/msg/detail/parameter_value__rosidl_typesupport_microxrcedds_c.h
[3.017s] -- Up-to-date: /home/paolo/purple_whales_ws/firmware/mcu_ws/install/include/rcl_interfaces/msg/detail/parameter_descriptor__rosidl_typesupport_microxrcedds_c.h
[3.018s] -- Up-to-date: /home/paolo/purple_whales_ws/firmware/mcu_ws/install/include/rcl_interfaces/msg/detail/parameter_type__rosidl_typesupport_microxrcedds_c.h
[3.020s] -- Up-to-date: /home/paolo/purple_whales_ws/firmware/mcu_ws/install/include/rcl_interfaces/msg/detail/log__rosidl_typesupport_microxrcedds_c.h
[3.020s] -- Up-to-date: /home/paolo/purple_whales_ws/firmware/mcu_ws/install/include/rcl_interfaces/msg/detail/list_parameters_result__rosidl_typesupport_microxrcedds_c.h
[3.020s] -- Up-to-date: /home/paolo/purple_whales_ws/firmware/mcu_ws/install/include/rcl_interfaces/msg/detail/floating_point_range__rosidl_typesupport_microxrcedds_c.h
[3.020s] -- Up-to-date: /home/paolo/purple_whales_ws/firmware/mcu_ws/install/include/rcl_interfaces/msg/detail/set_parameters_result__rosidl_typesupport_microxrcedds_c.h
[3.021s] -- Up-to-date: /home/paolo/purple_whales_ws/firmware/mcu_ws/install/include/rcl_interfaces/msg/detail/parameter_event_descriptors__rosidl_typesupport_microxrcedds_c.h
[3.021s] -- Up-to-date: /home/paolo/purple_whales_ws/firmware/mcu_ws/install/include/rcl_interfaces/msg/detail/parameter_event__rosidl_typesupport_microxrcedds_c.h
[3.021s] -- Up-to-date: /home/paolo/purple_whales_ws/firmware/mcu_ws/install/include/rcl_interfaces/msg/rosidl_typesupport_microxrcedds_c__visibility_control.h
[3.022s] -- Up-to-date: /home/paolo/purple_whales_ws/firmware/mcu_ws/install/lib/librcl_interfaces__rosidl_typesupport_microxrcedds_c.a
[3.022s] -- Up-to-date: /home/paolo/purple_whales_ws/firmware/mcu_ws/install/lib/librcl_interfaces__rosidl_typesupport_c.a
[3.023s] -- Up-to-date: /home/paolo/purple_whales_ws/firmware/mcu_ws/install/share/rcl_interfaces/msg/FloatingPointRange.idl
[3.024s] -- Up-to-date: /home/paolo/purple_whales_ws/firmware/mcu_ws/install/share/rcl_interfaces/msg/IntegerRange.idl
[3.025s] -- Up-to-date: /home/paolo/purple_whales_ws/firmware/mcu_ws/install/share/rcl_interfaces/msg/ListParametersResult.idl
[3.025s] -- Up-to-date: /home/paolo/purple_whales_ws/firmware/mcu_ws/install/share/rcl_interfaces/msg/Log.idl
[3.025s] -- Up-to-date: /home/paolo/purple_whales_ws/firmware/mcu_ws/install/share/rcl_interfaces/msg/ParameterDescriptor.idl
[3.026s] -- Up-to-date: /home/paolo/purple_whales_ws/firmware/mcu_ws/install/share/rcl_interfaces/msg/ParameterEventDescriptors.idl
[3.026s] -- Up-to-date: /home/paolo/purple_whales_ws/firmware/mcu_ws/install/share/rcl_interfaces/msg/ParameterEvent.idl
[3.026s] -- Up-to-date: /home/paolo/purple_whales_ws/firmware/mcu_ws/install/share/rcl_interfaces/msg/Parameter.idl
[3.028s] -- Up-to-date: /home/paolo/purple_whales_ws/firmware/mcu_ws/install/share/rcl_interfaces/msg/ParameterType.idl
[3.028s] -- Up-to-date: /home/paolo/purple_whales_ws/firmware/mcu_ws/install/share/rcl_interfaces/msg/ParameterValue.idl
[3.028s] -- Up-to-date: /home/paolo/purple_whales_ws/firmware/mcu_ws/install/share/rcl_interfaces/msg/SetParametersResult.idl
[3.028s] -- Up-to-date: /home/paolo/purple_whales_ws/firmware/mcu_ws/install/share/rcl_interfaces/srv/DescribeParameters.idl
[3.028s] -- Up-to-date: /home/paolo/purple_whales_ws/firmware/mcu_ws/install/share/rcl_interfaces/srv/GetParameters.idl
[3.028s] -- Up-to-date: /home/paolo/purple_whales_ws/firmware/mcu_ws/install/share/rcl_interfaces/srv/GetParameterTypes.idl
[3.028s] -- Up-to-date: /home/paolo/purple_whales_ws/firmware/mcu_ws/install/share/rcl_interfaces/srv/ListParameters.idl
[3.028s] -- Up-to-date: /home/paolo/purple_whales_ws/firmware/mcu_ws/install/share/rcl_interfaces/srv/SetParametersAtomically.idl
[3.028s] -- Up-to-date: /home/paolo/purple_whales_ws/firmware/mcu_ws/install/share/rcl_interfaces/srv/SetParameters.idl
[3.028s] -- Up-to-date: /home/paolo/purple_whales_ws/firmware/mcu_ws/install/share/rcl_interfaces/msg/FloatingPointRange.msg
[3.028s] -- Up-to-date: /home/paolo/purple_whales_ws/firmware/mcu_ws/install/share/rcl_interfaces/msg/IntegerRange.msg
[3.028s] -- Up-to-date: /home/paolo/purple_whales_ws/firmware/mcu_ws/install/share/rcl_interfaces/msg/ListParametersResult.msg
[3.029s] -- Up-to-date: /home/paolo/purple_whales_ws/firmware/mcu_ws/install/share/rcl_interfaces/msg/Log.msg
[3.029s] -- Up-to-date: /home/paolo/purple_whales_ws/firmware/mcu_ws/install/share/rcl_interfaces/msg/ParameterDescriptor.msg
[3.029s] -- Up-to-date: /home/paolo/purple_whales_ws/firmware/mcu_ws/install/share/rcl_interfaces/msg/ParameterEventDescriptors.msg
[3.029s] -- Up-to-date: /home/paolo/purple_whales_ws/firmware/mcu_ws/install/share/rcl_interfaces/msg/ParameterEvent.msg
[3.029s] -- Up-to-date: /home/paolo/purple_whales_ws/firmware/mcu_ws/install/share/rcl_interfaces/msg/Parameter.msg
[3.029s] -- Up-to-date: /home/paolo/purple_whales_ws/firmware/mcu_ws/install/share/rcl_interfaces/msg/ParameterType.msg
[3.030s] -- Up-to-date: /home/paolo/purple_whales_ws/firmware/mcu_ws/install/share/rcl_interfaces/msg/ParameterValue.msg
[3.031s] -- Up-to-date: /home/paolo/purple_whales_ws/firmware/mcu_ws/install/share/rcl_interfaces/msg/SetParametersResult.msg
[3.033s] -- Up-to-date: /home/paolo/purple_whales_ws/firmware/mcu_ws/install/share/rcl_interfaces/srv/DescribeParameters.srv
[3.033s] -- Up-to-date: /home/paolo/purple_whales_ws/firmware/mcu_ws/install/share/rcl_interfaces/srv/DescribeParameters_Request.msg
[3.033s] -- Up-to-date: /home/paolo/purple_whales_ws/firmware/mcu_ws/install/share/rcl_interfaces/srv/DescribeParameters_Response.msg
[3.033s] -- Up-to-date: /home/paolo/purple_whales_ws/firmware/mcu_ws/install/share/rcl_interfaces/srv/GetParameters.srv
[3.034s] -- Up-to-date: /home/paolo/purple_whales_ws/firmware/mcu_ws/install/share/rcl_interfaces/srv/GetParameters_Request.msg
[3.034s] -- Up-to-date: /home/paolo/purple_whales_ws/firmware/mcu_ws/install/share/rcl_interfaces/srv/GetParameters_Response.msg
[3.035s] -- Up-to-date: /home/paolo/purple_whales_ws/firmware/mcu_ws/install/share/rcl_interfaces/srv/GetParameterTypes.srv
[3.035s] -- Up-to-date: /home/paolo/purple_whales_ws/firmware/mcu_ws/install/share/rcl_interfaces/srv/GetParameterTypes_Request.msg
[3.036s] -- Up-to-date: /home/paolo/purple_whales_ws/firmware/mcu_ws/install/share/rcl_interfaces/srv/GetParameterTypes_Response.msg
[3.036s] -- Up-to-date: /home/paolo/purple_whales_ws/firmware/mcu_ws/install/share/rcl_interfaces/srv/ListParameters.srv
[3.036s] -- Up-to-date: /home/paolo/purple_whales_ws/firmware/mcu_ws/install/share/rcl_interfaces/srv/ListParameters_Request.msg
[3.037s] -- Up-to-date: /home/paolo/purple_whales_ws/firmware/mcu_ws/install/share/rcl_interfaces/srv/ListParameters_Response.msg
[3.037s] -- Up-to-date: /home/paolo/purple_whales_ws/firmware/mcu_ws/install/share/rcl_interfaces/srv/SetParametersAtomically.srv
[3.038s] -- Up-to-date: /home/paolo/purple_whales_ws/firmware/mcu_ws/install/share/rcl_interfaces/srv/SetParametersAtomically_Request.msg
[3.039s] -- Up-to-date: /home/paolo/purple_whales_ws/firmware/mcu_ws/install/share/rcl_interfaces/srv/SetParametersAtomically_Response.msg
[3.039s] -- Up-to-date: /home/paolo/purple_whales_ws/firmware/mcu_ws/install/share/rcl_interfaces/srv/SetParameters.srv
[3.039s] -- Up-to-date: /home/paolo/purple_whales_ws/firmware/mcu_ws/install/share/rcl_interfaces/srv/SetParameters_Request.msg
[3.040s] -- Up-to-date: /home/paolo/purple_whales_ws/firmware/mcu_ws/install/share/rcl_interfaces/srv/SetParameters_Response.msg
[3.041s] -- Up-to-date: /home/paolo/purple_whales_ws/firmware/mcu_ws/install/share/rcl_interfaces/mapping_rules.yaml
[3.041s] -- Up-to-date: /home/paolo/purple_whales_ws/firmware/mcu_ws/install/share/ament_index/resource_index/package_run_dependencies/rcl_interfaces
[3.041s] -- Up-to-date: /home/paolo/purple_whales_ws/firmware/mcu_ws/install/share/ament_index/resource_index/parent_prefix_path/rcl_interfaces
[3.041s] -- Up-to-date: /home/paolo/purple_whales_ws/firmware/mcu_ws/install/share/rcl_interfaces/environment/ament_prefix_path.sh
[3.042s] -- Installing: /home/paolo/purple_whales_ws/firmware/mcu_ws/install/share/rcl_interfaces/environment/ament_prefix_path.dsv
[3.042s] -- Up-to-date: /home/paolo/purple_whales_ws/firmware/mcu_ws/install/share/rcl_interfaces/environment/path.sh
[3.042s] -- Installing: /home/paolo/purple_whales_ws/firmware/mcu_ws/install/share/rcl_interfaces/environment/path.dsv
[3.043s] -- Up-to-date: /home/paolo/purple_whales_ws/firmware/mcu_ws/install/share/rcl_interfaces/local_setup.bash
[3.043s] -- Up-to-date: /home/paolo/purple_whales_ws/firmware/mcu_ws/install/share/rcl_interfaces/local_setup.sh
[3.043s] -- Up-to-date: /home/paolo/purple_whales_ws/firmware/mcu_ws/install/share/rcl_interfaces/local_setup.zsh
[3.044s] -- Installing: /home/paolo/purple_whales_ws/firmware/mcu_ws/install/share/rcl_interfaces/local_setup.dsv
[3.044s] -- Installing: /home/paolo/purple_whales_ws/firmware/mcu_ws/install/share/rcl_interfaces/package.dsv
[3.044s] -- Up-to-date: /home/paolo/purple_whales_ws/firmware/mcu_ws/install/share/ament_index/resource_index/packages/rcl_interfaces
[3.045s] -- Up-to-date: /home/paolo/purple_whales_ws/firmware/mcu_ws/install/share/rcl_interfaces/cmake/export_rcl_interfaces__rosidl_generator_cExport.cmake
[3.046s] -- Up-to-date: /home/paolo/purple_whales_ws/firmware/mcu_ws/install/share/rcl_interfaces/cmake/export_rcl_interfaces__rosidl_generator_cExport-debug.cmake
[3.046s] -- Up-to-date: /home/paolo/purple_whales_ws/firmware/mcu_ws/install/share/rcl_interfaces/cmake/rcl_interfaces__rosidl_typesupport_introspection_cExport.cmake
[3.046s] -- Up-to-date: /home/paolo/purple_whales_ws/firmware/mcu_ws/install/share/rcl_interfaces/cmake/rcl_interfaces__rosidl_typesupport_introspection_cExport-debug.cmake
[3.047s] -- Up-to-date: /home/paolo/purple_whales_ws/firmware/mcu_ws/install/share/rcl_interfaces/cmake/rcl_interfaces__rosidl_typesupport_cExport.cmake
[3.047s] -- Up-to-date: /home/paolo/purple_whales_ws/firmware/mcu_ws/install/share/rcl_interfaces/cmake/rcl_interfaces__rosidl_typesupport_cExport-debug.cmake
[3.047s] -- Up-to-date: /home/paolo/purple_whales_ws/firmware/mcu_ws/install/share/rcl_interfaces/cmake/rosidl_cmake-extras.cmake
[3.047s] -- Up-to-date: /home/paolo/purple_whales_ws/firmware/mcu_ws/install/share/rcl_interfaces/cmake/ament_cmake_export_dependencies-extras.cmake
[3.048s] -- Up-to-date: /home/paolo/purple_whales_ws/firmware/mcu_ws/install/share/rcl_interfaces/cmake/ament_cmake_export_include_directories-extras.cmake
[3.049s] -- Up-to-date: /home/paolo/purple_whales_ws/firmware/mcu_ws/install/share/rcl_interfaces/cmake/ament_cmake_export_libraries-extras.cmake
[3.049s] -- Up-to-date: /home/paolo/purple_whales_ws/firmware/mcu_ws/install/share/rcl_interfaces/cmake/ament_cmake_export_targets-extras.cmake
[3.052s] -- Up-to-date: /home/paolo/purple_whales_ws/firmware/mcu_ws/install/share/rcl_interfaces/cmake/rosidl_cmake_export_typesupport_targets-extras.cmake
[3.053s] -- Up-to-date: /home/paolo/purple_whales_ws/firmware/mcu_ws/install/share/rcl_interfaces/cmake/rosidl_cmake_export_typesupport_libraries-extras.cmake
[3.053s] -- Up-to-date: /home/paolo/purple_whales_ws/firmware/mcu_ws/install/share/rcl_interfaces/cmake/rcl_interfacesConfig.cmake
[3.056s] -- Up-to-date: /home/paolo/purple_whales_ws/firmware/mcu_ws/install/share/rcl_interfaces/cmake/rcl_interfacesConfig-version.cmake
[3.056s] -- Up-to-date: /home/paolo/purple_whales_ws/firmware/mcu_ws/install/share/rcl_interfaces/package.xml
[3.112s] Invoked command in '/home/paolo/purple_whales_ws/firmware/mcu_ws/build/rcl_interfaces' returned '0': AMENT_PREFIX_PATH=/home/paolo/purple_whales_ws/firmware/mcu_ws/install:${AMENT_PREFIX_PATH} CMAKE_PREFIX_PATH=/home/paolo/purple_whales_ws/firmware/mcu_ws/install:/home/paolo/purple_whales_ws/firmware/dev_ws/install/ament_lint_common:/home/paolo/purple_whales_ws/firmware/dev_ws/install/ament_cmake_uncrustify:/home/paolo/purple_whales_ws/firmware/dev_ws/install/uncrustify_vendor:/home/paolo/purple_whales_ws/firmware/dev_ws/install/ament_cmake_ros:/home/paolo/purple_whales_ws/firmware/dev_ws/install/ament_cmake_auto:/home/paolo/purple_whales_ws/firmware/dev_ws/install/ament_cmake_gmock:/home/paolo/purple_whales_ws/firmware/dev_ws/install/gmock_vendor:/home/paolo/purple_whales_ws/firmware/dev_ws/install/ament_cmake_gtest:/home/paolo/purple_whales_ws/firmware/dev_ws/install/gtest_vendor:/home/paolo/purple_whales_ws/firmware/dev_ws/install/ament_cmake_xmllint:/home/paolo/purple_whales_ws/firmware/dev_ws/install/ament_cmake_pyflakes:/home/paolo/purple_whales_ws/firmware/dev_ws/install/ament_cmake_pycodestyle:/home/paolo/purple_whales_ws/firmware/dev_ws/install/ament_cmake_pep257:/home/paolo/purple_whales_ws/firmware/dev_ws/install/ament_cmake_pclint:/home/paolo/purple_whales_ws/firmware/dev_ws/install/ament_lint_auto:/home/paolo/purple_whales_ws/firmware/dev_ws/install/ament_cmake:/home/paolo/purple_whales_ws/firmware/dev_ws/install/ament_cmake_version:/home/paolo/purple_whales_ws/firmware/dev_ws/install/ament_cmake_vendor_package:/home/paolo/purple_whales_ws/firmware/dev_ws/install/ament_cmake_pytest:/home/paolo/purple_whales_ws/firmware/dev_ws/install/ament_cmake_nose:/home/paolo/purple_whales_ws/firmware/dev_ws/install/ament_cmake_mypy:/home/paolo/purple_whales_ws/firmware/dev_ws/install/ament_cmake_lint_cmake:/home/paolo/purple_whales_ws/firmware/dev_ws/install/ament_cmake_google_benchmark:/home/paolo/purple_whales_ws/firmware/dev_ws/install/ament_cmake_flake8:/home/paolo/purple_whales_ws/firmware/dev_ws/install/ament_cmake_cpplint:/home/paolo/purple_whales_ws/firmware/dev_ws/install/ament_cmake_cppcheck:/home/paolo/purple_whales_ws/firmware/dev_ws/install/ament_cmake_copyright:/home/paolo/purple_whales_ws/firmware/dev_ws/install/ament_cmake_clang_tidy:/home/paolo/purple_whales_ws/firmware/dev_ws/install/ament_cmake_clang_format:/home/paolo/purple_whales_ws/firmware/dev_ws/install/ament_cmake_test:/home/paolo/purple_whales_ws/firmware/dev_ws/install/ament_cmake_target_dependencies:/home/paolo/purple_whales_ws/firmware/dev_ws/install/ament_cmake_python:/home/paolo/purple_whales_ws/firmware/dev_ws/install/ament_cmake_export_dependencies:/home/paolo/purple_whales_ws/firmware/dev_ws/install/ament_cmake_libraries:/home/paolo/purple_whales_ws/firmware/dev_ws/install/ament_cmake_include_directories:/home/paolo/purple_whales_ws/firmware/dev_ws/install/ament_cmake_gen_version_h:/home/paolo/purple_whales_ws/firmware/dev_ws/install/ament_cmake_export_targets:/home/paolo/purple_whales_ws/firmware/dev_ws/install/ament_cmake_export_link_flags:/home/paolo/purple_whales_ws/firmware/dev_ws/install/ament_cmake_export_interfaces:/home/paolo/purple_whales_ws/firmware/dev_ws/install/ament_cmake_export_libraries:/home/paolo/purple_whales_ws/firmware/dev_ws/install/ament_cmake_export_include_directories:/home/paolo/purple_whales_ws/firmware/dev_ws/install/ament_cmake_export_definitions:/home/paolo/purple_whales_ws/firmware/dev_ws/install/ament_cmake_core:/home/paolo/purple_whales_ws/firmware/dev_ws/install/ament_index_cpp:/home/paolo/purple_whales_ws/firmware/dev_ws/install/ament_uncrustify:/home/paolo/purple_whales_ws/firmware/dev_ws/install/domain_coordinator:/home/paolo/purple_whales_ws/firmware/dev_ws/install/ament_xmllint:/home/paolo/purple_whales_ws/firmware/dev_ws/install/ament_pyflakes:/home/paolo/purple_whales_ws/firmware/dev_ws/install/ament_pycodestyle:/home/paolo/purple_whales_ws/firmware/dev_ws/install/ament_pep257:/home/paolo/purple_whales_ws/firmware/dev_ws/install/ament_pclint:/home/paolo/purple_whales_ws/firmware/dev_ws/install/ament_package:/home/paolo/purple_whales_ws/firmware/dev_ws/install/ament_mypy:/home/paolo/purple_whales_ws/firmware/dev_ws/install/ament_lint_cmake:/home/paolo/purple_whales_ws/firmware/dev_ws/install/ament_flake8:/home/paolo/purple_whales_ws/firmware/dev_ws/install/ament_copyright:/home/paolo/purple_whales_ws/firmware/dev_ws/install/ament_lint:/home/paolo/purple_whales_ws/firmware/dev_ws/install/ament_index_python:/home/paolo/purple_whales_ws/firmware/dev_ws/install/ament_cpplint:/home/paolo/purple_whales_ws/firmware/dev_ws/install/ament_cppcheck:/home/paolo/purple_whales_ws/firmware/dev_ws/install/ament_clang_tidy:/home/paolo/purple_whales_ws/firmware/dev_ws/install/ament_clang_format LD_LIBRARY_PATH=/home/paolo/purple_whales_ws/firmware/mcu_ws/install/lib:${LD_LIBRARY_PATH} PATH=/home/paolo/purple_whales_ws/firmware/mcu_ws/install/bin:${PATH} PYTHONPATH=/home/paolo/purple_whales_ws/firmware/mcu_ws/install/lib/python3.10/site-packages:${PYTHONPATH} /usr/bin/cmake --install /home/paolo/purple_whales_ws/firmware/mcu_ws/build/rcl_interfaces
