[0.244s] Invoking command in '/home/paolo/purple_whales_ws/firmware/mcu_ws/build/std_srvs': AMENT_PREFIX_PATH=/home/paolo/purple_whales_ws/firmware/mcu_ws/install:${AMENT_PREFIX_PATH} CMAKE_PREFIX_PATH=/home/paolo/purple_whales_ws/firmware/mcu_ws/install:/home/paolo/purple_whales_ws/firmware/dev_ws/install/ament_lint_common:/home/paolo/purple_whales_ws/firmware/dev_ws/install/ament_cmake_uncrustify:/home/paolo/purple_whales_ws/firmware/dev_ws/install/uncrustify_vendor:/home/paolo/purple_whales_ws/firmware/dev_ws/install/ament_cmake_ros:/home/paolo/purple_whales_ws/firmware/dev_ws/install/ament_cmake_auto:/home/paolo/purple_whales_ws/firmware/dev_ws/install/ament_cmake_gmock:/home/paolo/purple_whales_ws/firmware/dev_ws/install/gmock_vendor:/home/paolo/purple_whales_ws/firmware/dev_ws/install/ament_cmake_gtest:/home/paolo/purple_whales_ws/firmware/dev_ws/install/gtest_vendor:/home/paolo/purple_whales_ws/firmware/dev_ws/install/ament_cmake_xmllint:/home/paolo/purple_whales_ws/firmware/dev_ws/install/ament_cmake_pyflakes:/home/paolo/purple_whales_ws/firmware/dev_ws/install/ament_cmake_pycodestyle:/home/paolo/purple_whales_ws/firmware/dev_ws/install/ament_cmake_pep257:/home/paolo/purple_whales_ws/firmware/dev_ws/install/ament_cmake_pclint:/home/paolo/purple_whales_ws/firmware/dev_ws/install/ament_lint_auto:/home/paolo/purple_whales_ws/firmware/dev_ws/install/ament_cmake:/home/paolo/purple_whales_ws/firmware/dev_ws/install/ament_cmake_version:/home/paolo/purple_whales_ws/firmware/dev_ws/install/ament_cmake_vendor_package:/home/paolo/purple_whales_ws/firmware/dev_ws/install/ament_cmake_pytest:/home/paolo/purple_whales_ws/firmware/dev_ws/install/ament_cmake_nose:/home/paolo/purple_whales_ws/firmware/dev_ws/install/ament_cmake_mypy:/home/paolo/purple_whales_ws/firmware/dev_ws/install/ament_cmake_lint_cmake:/home/paolo/purple_whales_ws/firmware/dev_ws/install/ament_cmake_google_benchmark:/home/paolo/purple_whales_ws/firmware/dev_ws/install/ament_cmake_flake8:/home/paolo/purple_whales_ws/firmware/dev_ws/install/ament_cmake_cpplint:/home/paolo/purple_whales_ws/firmware/dev_ws/install/ament_cmake_cppcheck:/home/paolo/purple_whales_ws/firmware/dev_ws/install/ament_cmake_copyright:/home/paolo/purple_whales_ws/firmware/dev_ws/install/ament_cmake_clang_tidy:/home/paolo/purple_whales_ws/firmware/dev_ws/install/ament_cmake_clang_format:/home/paolo/purple_whales_ws/firmware/dev_ws/install/ament_cmake_test:/home/paolo/purple_whales_ws/firmware/dev_ws/install/ament_cmake_target_dependencies:/home/paolo/purple_whales_ws/firmware/dev_ws/install/ament_cmake_python:/home/paolo/purple_whales_ws/firmware/dev_ws/install/ament_cmake_export_dependencies:/home/paolo/purple_whales_ws/firmware/dev_ws/install/ament_cmake_libraries:/home/paolo/purple_whales_ws/firmware/dev_ws/install/ament_cmake_include_directories:/home/paolo/purple_whales_ws/firmware/dev_ws/install/ament_cmake_gen_version_h:/home/paolo/purple_whales_ws/firmware/dev_ws/install/ament_cmake_export_targets:/home/paolo/purple_whales_ws/firmware/dev_ws/install/ament_cmake_export_link_flags:/home/paolo/purple_whales_ws/firmware/dev_ws/install/ament_cmake_export_interfaces:/home/paolo/purple_whales_ws/firmware/dev_ws/install/ament_cmake_export_libraries:/home/paolo/purple_whales_ws/firmware/dev_ws/install/ament_cmake_export_include_directories:/home/paolo/purple_whales_ws/firmware/dev_ws/install/ament_cmake_export_definitions:/home/paolo/purple_whales_ws/firmware/dev_ws/install/ament_cmake_core:/home/paolo/purple_whales_ws/firmware/dev_ws/install/ament_index_cpp:/home/paolo/purple_whales_ws/firmware/dev_ws/install/ament_uncrustify:/home/paolo/purple_whales_ws/firmware/dev_ws/install/domain_coordinator:/home/paolo/purple_whales_ws/firmware/dev_ws/install/ament_xmllint:/home/paolo/purple_whales_ws/firmware/dev_ws/install/ament_pyflakes:/home/paolo/purple_whales_ws/firmware/dev_ws/install/ament_pycodestyle:/home/paolo/purple_whales_ws/firmware/dev_ws/install/ament_pep257:/home/paolo/purple_whales_ws/firmware/dev_ws/install/ament_pclint:/home/paolo/purple_whales_ws/firmware/dev_ws/install/ament_package:/home/paolo/purple_whales_ws/firmware/dev_ws/install/ament_mypy:/home/paolo/purple_whales_ws/firmware/dev_ws/install/ament_lint_cmake:/home/paolo/purple_whales_ws/firmware/dev_ws/install/ament_flake8:/home/paolo/purple_whales_ws/firmware/dev_ws/install/ament_copyright:/home/paolo/purple_whales_ws/firmware/dev_ws/install/ament_lint:/home/paolo/purple_whales_ws/firmware/dev_ws/install/ament_index_python:/home/paolo/purple_whales_ws/firmware/dev_ws/install/ament_cpplint:/home/paolo/purple_whales_ws/firmware/dev_ws/install/ament_cppcheck:/home/paolo/purple_whales_ws/firmware/dev_ws/install/ament_clang_tidy:/home/paolo/purple_whales_ws/firmware/dev_ws/install/ament_clang_format LD_LIBRARY_PATH=/home/paolo/purple_whales_ws/firmware/mcu_ws/install/lib:${LD_LIBRARY_PATH} PATH=/home/paolo/purple_whales_ws/firmware/mcu_ws/install/bin:${PATH} PYTHONPATH=/home/paolo/purple_whales_ws/firmware/mcu_ws/install/lib/python3.10/site-packages:${PYTHONPATH} /usr/bin/cmake --build /home/paolo/purple_whales_ws/firmware/mcu_ws/build/std_srvs -- -j20 -l20
[0.267s] gmake[4]: Entering directory '/home/paolo/purple_whales_ws/firmware/mcu_ws/build/std_srvs'
[0.267s] /usr/bin/cmake -S/home/paolo/purple_whales_ws/firmware/mcu_ws/ros2/common_interfaces/std_srvs -B/home/paolo/purple_whales_ws/firmware/mcu_ws/build/std_srvs --check-build-system CMakeFiles/Makefile.cmake 0
[0.283s] Re-run cmake file: Makefile older than: /home/paolo/purple_whales_ws/firmware/freertos_apps/microros_esp32_extensions/esp32_toolchain.cmake
[0.288s] -- Found ament_cmake: 1.3.8 (/home/paolo/purple_whales_ws/firmware/dev_ws/install/ament_cmake/share/ament_cmake/cmake)
[0.552s] -- Found rosidl_default_generators: 1.2.0 (/home/paolo/purple_whales_ws/firmware/mcu_ws/install/share/rosidl_default_generators/cmake)
[0.565s] -- Using all available rosidl_typesupport_c: rosidl_typesupport_introspection_c;rosidl_typesupport_microxrcedds_c
[0.568s] -- Found rosidl_adapter: 3.1.5 (/home/paolo/purple_whales_ws/firmware/mcu_ws/install/share/rosidl_adapter/cmake)
[0.600s] [33mCMake Warning at /home/paolo/purple_whales_ws/firmware/mcu_ws/install/share/rcutils/cmake/ament_cmake_export_libraries-extras.cmake:116 (message):
[0.600s]   Package 'rcutils' exports library 'dl' which couldn't be found
[0.600s] Call Stack (most recent call first):
[0.600s]   /home/paolo/purple_whales_ws/firmware/mcu_ws/install/share/rcutils/cmake/rcutilsConfig.cmake:41 (include)
[0.600s]   /home/paolo/purple_whales_ws/firmware/mcu_ws/install/share/rosidl_runtime_c/cmake/ament_cmake_export_dependencies-extras.cmake:21 (find_package)
[0.600s]   /home/paolo/purple_whales_ws/firmware/mcu_ws/install/share/rosidl_runtime_c/cmake/rosidl_runtime_cConfig.cmake:41 (include)
[0.600s]   /home/paolo/purple_whales_ws/firmware/mcu_ws/install/share/rosidl_typesupport_introspection_c/cmake/ament_cmake_export_dependencies-extras.cmake:21 (find_package)
[0.600s]   /home/paolo/purple_whales_ws/firmware/mcu_ws/install/share/rosidl_typesupport_introspection_c/cmake/rosidl_typesupport_introspection_cConfig.cmake:41 (include)
[0.601s]   /home/paolo/purple_whales_ws/firmware/mcu_ws/install/share/rosidl_typesupport_c/cmake/rosidl_typesupport_c-extras.cmake:13 (find_package)
[0.601s]   /home/paolo/purple_whales_ws/firmware/mcu_ws/install/share/rosidl_typesupport_c/cmake/rosidl_typesupport_cConfig.cmake:41 (include)
[0.601s]   /home/paolo/purple_whales_ws/firmware/mcu_ws/install/share/rosidl_default_generators/cmake/rosidl_default_generators-extras.cmake:21 (find_package)
[0.601s]   /home/paolo/purple_whales_ws/firmware/mcu_ws/install/share/rosidl_default_generators/cmake/rosidl_default_generatorsConfig.cmake:41 (include)
[0.601s]   CMakeLists.txt:14 (find_package)
[0.601s] 
[0.601s] [0m
[1.336s] -- Found ament_cmake_ros: 0.10.0 (/home/paolo/purple_whales_ws/firmware/dev_ws/install/ament_cmake_ros/share/ament_cmake_ros/cmake)
[1.583s] -- Using all available rosidl_typesupport_c: rosidl_typesupport_introspection_c;rosidl_typesupport_microxrcedds_c
[1.592s] -- Configuring done
[1.614s] -- Generating done
[1.616s] -- Build files have been written to: /home/paolo/purple_whales_ws/firmware/mcu_ws/build/std_srvs
[1.632s] /usr/bin/cmake -E cmake_progress_start /home/paolo/purple_whales_ws/firmware/mcu_ws/build/std_srvs/CMakeFiles /home/paolo/purple_whales_ws/firmware/mcu_ws/build/std_srvs//CMakeFiles/progress.marks
[1.664s] /usr/bin/gmake  -f CMakeFiles/Makefile2 all
[1.666s] gmake[5]: Entering directory '/home/paolo/purple_whales_ws/firmware/mcu_ws/build/std_srvs'
[1.666s] /usr/bin/gmake  -f CMakeFiles/std_srvs__rosidl_generator_c.dir/build.make CMakeFiles/std_srvs__rosidl_generator_c.dir/depend
[1.669s] gmake[6]: Entering directory '/home/paolo/purple_whales_ws/firmware/mcu_ws/build/std_srvs'
[1.669s] cd /home/paolo/purple_whales_ws/firmware/mcu_ws/build/std_srvs && /usr/bin/cmake -E cmake_depends "Unix Makefiles" /home/paolo/purple_whales_ws/firmware/mcu_ws/ros2/common_interfaces/std_srvs /home/paolo/purple_whales_ws/firmware/mcu_ws/ros2/common_interfaces/std_srvs /home/paolo/purple_whales_ws/firmware/mcu_ws/build/std_srvs /home/paolo/purple_whales_ws/firmware/mcu_ws/build/std_srvs /home/paolo/purple_whales_ws/firmware/mcu_ws/build/std_srvs/CMakeFiles/std_srvs__rosidl_generator_c.dir/DependInfo.cmake --color=
[1.672s] Dependencies file "CMakeFiles/std_srvs__rosidl_generator_c.dir/rosidl_generator_c/std_srvs/srv/detail/empty__functions.c.obj.d" is newer than depends file "/home/paolo/purple_whales_ws/firmware/mcu_ws/build/std_srvs/CMakeFiles/std_srvs__rosidl_generator_c.dir/compiler_depend.internal".
[1.673s] Dependencies file "CMakeFiles/std_srvs__rosidl_generator_c.dir/rosidl_generator_c/std_srvs/srv/detail/set_bool__functions.c.obj.d" is newer than depends file "/home/paolo/purple_whales_ws/firmware/mcu_ws/build/std_srvs/CMakeFiles/std_srvs__rosidl_generator_c.dir/compiler_depend.internal".
[1.674s] Dependencies file "CMakeFiles/std_srvs__rosidl_generator_c.dir/rosidl_generator_c/std_srvs/srv/detail/trigger__functions.c.obj.d" is newer than depends file "/home/paolo/purple_whales_ws/firmware/mcu_ws/build/std_srvs/CMakeFiles/std_srvs__rosidl_generator_c.dir/compiler_depend.internal".
[1.674s] [35m[1mConsolidate compiler generated dependencies of target std_srvs__rosidl_generator_c[0m
[1.685s] gmake[6]: Leaving directory '/home/paolo/purple_whales_ws/firmware/mcu_ws/build/std_srvs'
[1.685s] /usr/bin/gmake  -f CMakeFiles/std_srvs__rosidl_generator_c.dir/build.make CMakeFiles/std_srvs__rosidl_generator_c.dir/build
[1.689s] gmake[6]: Entering directory '/home/paolo/purple_whales_ws/firmware/mcu_ws/build/std_srvs'
[1.690s] gmake[6]: Nothing to be done for 'CMakeFiles/std_srvs__rosidl_generator_c.dir/build'.
[1.690s] gmake[6]: Leaving directory '/home/paolo/purple_whales_ws/firmware/mcu_ws/build/std_srvs'
[1.695s] [ 25%] Built target std_srvs__rosidl_generator_c
[1.696s] /usr/bin/gmake  -f CMakeFiles/std_srvs__rosidl_typesupport_microxrcedds_c.dir/build.make CMakeFiles/std_srvs__rosidl_typesupport_microxrcedds_c.dir/depend
[1.696s] /usr/bin/gmake  -f CMakeFiles/std_srvs__rosidl_typesupport_c.dir/build.make CMakeFiles/std_srvs__rosidl_typesupport_c.dir/depend
[1.696s] /usr/bin/gmake  -f CMakeFiles/std_srvs__rosidl_typesupport_introspection_c.dir/build.make CMakeFiles/std_srvs__rosidl_typesupport_introspection_c.dir/depend
[1.696s] gmake[6]: Entering directory '/home/paolo/purple_whales_ws/firmware/mcu_ws/build/std_srvs'
[1.697s] cd /home/paolo/purple_whales_ws/firmware/mcu_ws/build/std_srvs && /usr/bin/cmake -E cmake_depends "Unix Makefiles" /home/paolo/purple_whales_ws/firmware/mcu_ws/ros2/common_interfaces/std_srvs /home/paolo/purple_whales_ws/firmware/mcu_ws/ros2/common_interfaces/std_srvs /home/paolo/purple_whales_ws/firmware/mcu_ws/build/std_srvs /home/paolo/purple_whales_ws/firmware/mcu_ws/build/std_srvs /home/paolo/purple_whales_ws/firmware/mcu_ws/build/std_srvs/CMakeFiles/std_srvs__rosidl_typesupport_microxrcedds_c.dir/DependInfo.cmake --color=
[1.698s] gmake[6]: Entering directory '/home/paolo/purple_whales_ws/firmware/mcu_ws/build/std_srvs'
[1.700s] cd /home/paolo/purple_whales_ws/firmware/mcu_ws/build/std_srvs && /usr/bin/cmake -E cmake_depends "Unix Makefiles" /home/paolo/purple_whales_ws/firmware/mcu_ws/ros2/common_interfaces/std_srvs /home/paolo/purple_whales_ws/firmware/mcu_ws/ros2/common_interfaces/std_srvs /home/paolo/purple_whales_ws/firmware/mcu_ws/build/std_srvs /home/paolo/purple_whales_ws/firmware/mcu_ws/build/std_srvs /home/paolo/purple_whales_ws/firmware/mcu_ws/build/std_srvs/CMakeFiles/std_srvs__rosidl_typesupport_c.dir/DependInfo.cmake --color=
[1.700s] gmake[6]: Entering directory '/home/paolo/purple_whales_ws/firmware/mcu_ws/build/std_srvs'
[1.702s] cd /home/paolo/purple_whales_ws/firmware/mcu_ws/build/std_srvs && /usr/bin/cmake -E cmake_depends "Unix Makefiles" /home/paolo/purple_whales_ws/firmware/mcu_ws/ros2/common_interfaces/std_srvs /home/paolo/purple_whales_ws/firmware/mcu_ws/ros2/common_interfaces/std_srvs /home/paolo/purple_whales_ws/firmware/mcu_ws/build/std_srvs /home/paolo/purple_whales_ws/firmware/mcu_ws/build/std_srvs /home/paolo/purple_whales_ws/firmware/mcu_ws/build/std_srvs/CMakeFiles/std_srvs__rosidl_typesupport_introspection_c.dir/DependInfo.cmake --color=
[1.705s] Dependencies file "CMakeFiles/std_srvs__rosidl_typesupport_c.dir/rosidl_typesupport_c/std_srvs/srv/empty__type_support.cpp.obj.d" is newer than depends file "/home/paolo/purple_whales_ws/firmware/mcu_ws/build/std_srvs/CMakeFiles/std_srvs__rosidl_typesupport_c.dir/compiler_depend.internal".
[1.705s] Dependencies file "CMakeFiles/std_srvs__rosidl_typesupport_introspection_c.dir/rosidl_typesupport_introspection_c/std_srvs/srv/detail/empty__type_support.c.obj.d" is newer than depends file "/home/paolo/purple_whales_ws/firmware/mcu_ws/build/std_srvs/CMakeFiles/std_srvs__rosidl_typesupport_introspection_c.dir/compiler_depend.internal".
[1.705s] Dependencies file "CMakeFiles/std_srvs__rosidl_typesupport_c.dir/rosidl_typesupport_c/std_srvs/srv/set_bool__type_support.cpp.obj.d" is newer than depends file "/home/paolo/purple_whales_ws/firmware/mcu_ws/build/std_srvs/CMakeFiles/std_srvs__rosidl_typesupport_c.dir/compiler_depend.internal".
[1.705s] Dependencies file "CMakeFiles/std_srvs__rosidl_typesupport_c.dir/rosidl_typesupport_c/std_srvs/srv/trigger__type_support.cpp.obj.d" is newer than depends file "/home/paolo/purple_whales_ws/firmware/mcu_ws/build/std_srvs/CMakeFiles/std_srvs__rosidl_typesupport_c.dir/compiler_depend.internal".
[1.705s] Dependencies file "CMakeFiles/std_srvs__rosidl_typesupport_introspection_c.dir/rosidl_typesupport_introspection_c/std_srvs/srv/detail/set_bool__type_support.c.obj.d" is newer than depends file "/home/paolo/purple_whales_ws/firmware/mcu_ws/build/std_srvs/CMakeFiles/std_srvs__rosidl_typesupport_introspection_c.dir/compiler_depend.internal".
[1.705s] [35m[1mConsolidate compiler generated dependencies of target std_srvs__rosidl_typesupport_c[0m
[1.706s] Dependencies file "CMakeFiles/std_srvs__rosidl_typesupport_introspection_c.dir/rosidl_typesupport_introspection_c/std_srvs/srv/detail/trigger__type_support.c.obj.d" is newer than depends file "/home/paolo/purple_whales_ws/firmware/mcu_ws/build/std_srvs/CMakeFiles/std_srvs__rosidl_typesupport_introspection_c.dir/compiler_depend.internal".
[1.710s] [35m[1mConsolidate compiler generated dependencies of target std_srvs__rosidl_typesupport_introspection_c[0m
[1.714s] Dependencies file "CMakeFiles/std_srvs__rosidl_typesupport_microxrcedds_c.dir/rosidl_typesupport_microxrcedds_c/std_srvs/srv/detail/microxrcedds/empty__type_support_c.c.obj.d" is newer than depends file "/home/paolo/purple_whales_ws/firmware/mcu_ws/build/std_srvs/CMakeFiles/std_srvs__rosidl_typesupport_microxrcedds_c.dir/compiler_depend.internal".
[1.715s] Dependencies file "CMakeFiles/std_srvs__rosidl_typesupport_microxrcedds_c.dir/rosidl_typesupport_microxrcedds_c/std_srvs/srv/detail/microxrcedds/set_bool__type_support_c.c.obj.d" is newer than depends file "/home/paolo/purple_whales_ws/firmware/mcu_ws/build/std_srvs/CMakeFiles/std_srvs__rosidl_typesupport_microxrcedds_c.dir/compiler_depend.internal".
[1.715s] Dependencies file "CMakeFiles/std_srvs__rosidl_typesupport_microxrcedds_c.dir/rosidl_typesupport_microxrcedds_c/std_srvs/srv/detail/microxrcedds/trigger__type_support_c.c.obj.d" is newer than depends file "/home/paolo/purple_whales_ws/firmware/mcu_ws/build/std_srvs/CMakeFiles/std_srvs__rosidl_typesupport_microxrcedds_c.dir/compiler_depend.internal".
[1.715s] gmake[6]: Leaving directory '/home/paolo/purple_whales_ws/firmware/mcu_ws/build/std_srvs'
[1.716s] gmake[6]: Leaving directory '/home/paolo/purple_whales_ws/firmware/mcu_ws/build/std_srvs'
[1.716s] [35m[1mConsolidate compiler generated dependencies of target std_srvs__rosidl_typesupport_microxrcedds_c[0m
[1.717s] /usr/bin/gmake  -f CMakeFiles/std_srvs__rosidl_typesupport_c.dir/build.make CMakeFiles/std_srvs__rosidl_typesupport_c.dir/build
[1.718s] /usr/bin/gmake  -f CMakeFiles/std_srvs__rosidl_typesupport_introspection_c.dir/build.make CMakeFiles/std_srvs__rosidl_typesupport_introspection_c.dir/build
[1.718s] gmake[6]: Entering directory '/home/paolo/purple_whales_ws/firmware/mcu_ws/build/std_srvs'
[1.719s] gmake[6]: Nothing to be done for 'CMakeFiles/std_srvs__rosidl_typesupport_c.dir/build'.
[1.722s] gmake[6]: Leaving directory '/home/paolo/purple_whales_ws/firmware/mcu_ws/build/std_srvs'
[1.725s] gmake[6]: Entering directory '/home/paolo/purple_whales_ws/firmware/mcu_ws/build/std_srvs'
[1.726s] gmake[6]: Nothing to be done for 'CMakeFiles/std_srvs__rosidl_typesupport_introspection_c.dir/build'.
[1.726s] gmake[6]: Leaving directory '/home/paolo/purple_whales_ws/firmware/mcu_ws/build/std_srvs'
[1.726s] gmake[6]: Leaving directory '/home/paolo/purple_whales_ws/firmware/mcu_ws/build/std_srvs'
[1.727s] /usr/bin/gmake  -f CMakeFiles/std_srvs__rosidl_typesupport_microxrcedds_c.dir/build.make CMakeFiles/std_srvs__rosidl_typesupport_microxrcedds_c.dir/build
[1.732s] gmake[6]: Entering directory '/home/paolo/purple_whales_ws/firmware/mcu_ws/build/std_srvs'
[1.732s] gmake[6]: Nothing to be done for 'CMakeFiles/std_srvs__rosidl_typesupport_microxrcedds_c.dir/build'.
[1.732s] gmake[6]: Leaving directory '/home/paolo/purple_whales_ws/firmware/mcu_ws/build/std_srvs'
[1.733s] [ 75%] Built target std_srvs__rosidl_typesupport_introspection_c
[1.738s] [ 75%] Built target std_srvs__rosidl_typesupport_c
[1.742s] [100%] Built target std_srvs__rosidl_typesupport_microxrcedds_c
[1.742s] /usr/bin/gmake  -f CMakeFiles/std_srvs.dir/build.make CMakeFiles/std_srvs.dir/depend
[1.742s] gmake[6]: Entering directory '/home/paolo/purple_whales_ws/firmware/mcu_ws/build/std_srvs'
[1.742s] cd /home/paolo/purple_whales_ws/firmware/mcu_ws/build/std_srvs && /usr/bin/cmake -E cmake_depends "Unix Makefiles" /home/paolo/purple_whales_ws/firmware/mcu_ws/ros2/common_interfaces/std_srvs /home/paolo/purple_whales_ws/firmware/mcu_ws/ros2/common_interfaces/std_srvs /home/paolo/purple_whales_ws/firmware/mcu_ws/build/std_srvs /home/paolo/purple_whales_ws/firmware/mcu_ws/build/std_srvs /home/paolo/purple_whales_ws/firmware/mcu_ws/build/std_srvs/CMakeFiles/std_srvs.dir/DependInfo.cmake --color=
[1.769s] gmake[6]: Leaving directory '/home/paolo/purple_whales_ws/firmware/mcu_ws/build/std_srvs'
[1.769s] /usr/bin/gmake  -f CMakeFiles/std_srvs.dir/build.make CMakeFiles/std_srvs.dir/build
[1.770s] gmake[6]: Entering directory '/home/paolo/purple_whales_ws/firmware/mcu_ws/build/std_srvs'
[1.770s] gmake[6]: Nothing to be done for 'CMakeFiles/std_srvs.dir/build'.
[1.770s] gmake[6]: Leaving directory '/home/paolo/purple_whales_ws/firmware/mcu_ws/build/std_srvs'
[1.771s] [100%] Built target std_srvs
[1.771s] gmake[5]: Leaving directory '/home/paolo/purple_whales_ws/firmware/mcu_ws/build/std_srvs'
[1.772s] /usr/bin/cmake -E cmake_progress_start /home/paolo/purple_whales_ws/firmware/mcu_ws/build/std_srvs/CMakeFiles 0
[1.774s] gmake[4]: Leaving directory '/home/paolo/purple_whales_ws/firmware/mcu_ws/build/std_srvs'
[1.846s] Invoked command in '/home/paolo/purple_whales_ws/firmware/mcu_ws/build/std_srvs' returned '0': AMENT_PREFIX_PATH=/home/paolo/purple_whales_ws/firmware/mcu_ws/install:${AMENT_PREFIX_PATH} CMAKE_PREFIX_PATH=/home/paolo/purple_whales_ws/firmware/mcu_ws/install:/home/paolo/purple_whales_ws/firmware/dev_ws/install/ament_lint_common:/home/paolo/purple_whales_ws/firmware/dev_ws/install/ament_cmake_uncrustify:/home/paolo/purple_whales_ws/firmware/dev_ws/install/uncrustify_vendor:/home/paolo/purple_whales_ws/firmware/dev_ws/install/ament_cmake_ros:/home/paolo/purple_whales_ws/firmware/dev_ws/install/ament_cmake_auto:/home/paolo/purple_whales_ws/firmware/dev_ws/install/ament_cmake_gmock:/home/paolo/purple_whales_ws/firmware/dev_ws/install/gmock_vendor:/home/paolo/purple_whales_ws/firmware/dev_ws/install/ament_cmake_gtest:/home/paolo/purple_whales_ws/firmware/dev_ws/install/gtest_vendor:/home/paolo/purple_whales_ws/firmware/dev_ws/install/ament_cmake_xmllint:/home/paolo/purple_whales_ws/firmware/dev_ws/install/ament_cmake_pyflakes:/home/paolo/purple_whales_ws/firmware/dev_ws/install/ament_cmake_pycodestyle:/home/paolo/purple_whales_ws/firmware/dev_ws/install/ament_cmake_pep257:/home/paolo/purple_whales_ws/firmware/dev_ws/install/ament_cmake_pclint:/home/paolo/purple_whales_ws/firmware/dev_ws/install/ament_lint_auto:/home/paolo/purple_whales_ws/firmware/dev_ws/install/ament_cmake:/home/paolo/purple_whales_ws/firmware/dev_ws/install/ament_cmake_version:/home/paolo/purple_whales_ws/firmware/dev_ws/install/ament_cmake_vendor_package:/home/paolo/purple_whales_ws/firmware/dev_ws/install/ament_cmake_pytest:/home/paolo/purple_whales_ws/firmware/dev_ws/install/ament_cmake_nose:/home/paolo/purple_whales_ws/firmware/dev_ws/install/ament_cmake_mypy:/home/paolo/purple_whales_ws/firmware/dev_ws/install/ament_cmake_lint_cmake:/home/paolo/purple_whales_ws/firmware/dev_ws/install/ament_cmake_google_benchmark:/home/paolo/purple_whales_ws/firmware/dev_ws/install/ament_cmake_flake8:/home/paolo/purple_whales_ws/firmware/dev_ws/install/ament_cmake_cpplint:/home/paolo/purple_whales_ws/firmware/dev_ws/install/ament_cmake_cppcheck:/home/paolo/purple_whales_ws/firmware/dev_ws/install/ament_cmake_copyright:/home/paolo/purple_whales_ws/firmware/dev_ws/install/ament_cmake_clang_tidy:/home/paolo/purple_whales_ws/firmware/dev_ws/install/ament_cmake_clang_format:/home/paolo/purple_whales_ws/firmware/dev_ws/install/ament_cmake_test:/home/paolo/purple_whales_ws/firmware/dev_ws/install/ament_cmake_target_dependencies:/home/paolo/purple_whales_ws/firmware/dev_ws/install/ament_cmake_python:/home/paolo/purple_whales_ws/firmware/dev_ws/install/ament_cmake_export_dependencies:/home/paolo/purple_whales_ws/firmware/dev_ws/install/ament_cmake_libraries:/home/paolo/purple_whales_ws/firmware/dev_ws/install/ament_cmake_include_directories:/home/paolo/purple_whales_ws/firmware/dev_ws/install/ament_cmake_gen_version_h:/home/paolo/purple_whales_ws/firmware/dev_ws/install/ament_cmake_export_targets:/home/paolo/purple_whales_ws/firmware/dev_ws/install/ament_cmake_export_link_flags:/home/paolo/purple_whales_ws/firmware/dev_ws/install/ament_cmake_export_interfaces:/home/paolo/purple_whales_ws/firmware/dev_ws/install/ament_cmake_export_libraries:/home/paolo/purple_whales_ws/firmware/dev_ws/install/ament_cmake_export_include_directories:/home/paolo/purple_whales_ws/firmware/dev_ws/install/ament_cmake_export_definitions:/home/paolo/purple_whales_ws/firmware/dev_ws/install/ament_cmake_core:/home/paolo/purple_whales_ws/firmware/dev_ws/install/ament_index_cpp:/home/paolo/purple_whales_ws/firmware/dev_ws/install/ament_uncrustify:/home/paolo/purple_whales_ws/firmware/dev_ws/install/domain_coordinator:/home/paolo/purple_whales_ws/firmware/dev_ws/install/ament_xmllint:/home/paolo/purple_whales_ws/firmware/dev_ws/install/ament_pyflakes:/home/paolo/purple_whales_ws/firmware/dev_ws/install/ament_pycodestyle:/home/paolo/purple_whales_ws/firmware/dev_ws/install/ament_pep257:/home/paolo/purple_whales_ws/firmware/dev_ws/install/ament_pclint:/home/paolo/purple_whales_ws/firmware/dev_ws/install/ament_package:/home/paolo/purple_whales_ws/firmware/dev_ws/install/ament_mypy:/home/paolo/purple_whales_ws/firmware/dev_ws/install/ament_lint_cmake:/home/paolo/purple_whales_ws/firmware/dev_ws/install/ament_flake8:/home/paolo/purple_whales_ws/firmware/dev_ws/install/ament_copyright:/home/paolo/purple_whales_ws/firmware/dev_ws/install/ament_lint:/home/paolo/purple_whales_ws/firmware/dev_ws/install/ament_index_python:/home/paolo/purple_whales_ws/firmware/dev_ws/install/ament_cpplint:/home/paolo/purple_whales_ws/firmware/dev_ws/install/ament_cppcheck:/home/paolo/purple_whales_ws/firmware/dev_ws/install/ament_clang_tidy:/home/paolo/purple_whales_ws/firmware/dev_ws/install/ament_clang_format LD_LIBRARY_PATH=/home/paolo/purple_whales_ws/firmware/mcu_ws/install/lib:${LD_LIBRARY_PATH} PATH=/home/paolo/purple_whales_ws/firmware/mcu_ws/install/bin:${PATH} PYTHONPATH=/home/paolo/purple_whales_ws/firmware/mcu_ws/install/lib/python3.10/site-packages:${PYTHONPATH} /usr/bin/cmake --build /home/paolo/purple_whales_ws/firmware/mcu_ws/build/std_srvs -- -j20 -l20
[2.028s] Invoking command in '/home/paolo/purple_whales_ws/firmware/mcu_ws/build/std_srvs': AMENT_PREFIX_PATH=/home/paolo/purple_whales_ws/firmware/mcu_ws/install:${AMENT_PREFIX_PATH} CMAKE_PREFIX_PATH=/home/paolo/purple_whales_ws/firmware/mcu_ws/install:/home/paolo/purple_whales_ws/firmware/dev_ws/install/ament_lint_common:/home/paolo/purple_whales_ws/firmware/dev_ws/install/ament_cmake_uncrustify:/home/paolo/purple_whales_ws/firmware/dev_ws/install/uncrustify_vendor:/home/paolo/purple_whales_ws/firmware/dev_ws/install/ament_cmake_ros:/home/paolo/purple_whales_ws/firmware/dev_ws/install/ament_cmake_auto:/home/paolo/purple_whales_ws/firmware/dev_ws/install/ament_cmake_gmock:/home/paolo/purple_whales_ws/firmware/dev_ws/install/gmock_vendor:/home/paolo/purple_whales_ws/firmware/dev_ws/install/ament_cmake_gtest:/home/paolo/purple_whales_ws/firmware/dev_ws/install/gtest_vendor:/home/paolo/purple_whales_ws/firmware/dev_ws/install/ament_cmake_xmllint:/home/paolo/purple_whales_ws/firmware/dev_ws/install/ament_cmake_pyflakes:/home/paolo/purple_whales_ws/firmware/dev_ws/install/ament_cmake_pycodestyle:/home/paolo/purple_whales_ws/firmware/dev_ws/install/ament_cmake_pep257:/home/paolo/purple_whales_ws/firmware/dev_ws/install/ament_cmake_pclint:/home/paolo/purple_whales_ws/firmware/dev_ws/install/ament_lint_auto:/home/paolo/purple_whales_ws/firmware/dev_ws/install/ament_cmake:/home/paolo/purple_whales_ws/firmware/dev_ws/install/ament_cmake_version:/home/paolo/purple_whales_ws/firmware/dev_ws/install/ament_cmake_vendor_package:/home/paolo/purple_whales_ws/firmware/dev_ws/install/ament_cmake_pytest:/home/paolo/purple_whales_ws/firmware/dev_ws/install/ament_cmake_nose:/home/paolo/purple_whales_ws/firmware/dev_ws/install/ament_cmake_mypy:/home/paolo/purple_whales_ws/firmware/dev_ws/install/ament_cmake_lint_cmake:/home/paolo/purple_whales_ws/firmware/dev_ws/install/ament_cmake_google_benchmark:/home/paolo/purple_whales_ws/firmware/dev_ws/install/ament_cmake_flake8:/home/paolo/purple_whales_ws/firmware/dev_ws/install/ament_cmake_cpplint:/home/paolo/purple_whales_ws/firmware/dev_ws/install/ament_cmake_cppcheck:/home/paolo/purple_whales_ws/firmware/dev_ws/install/ament_cmake_copyright:/home/paolo/purple_whales_ws/firmware/dev_ws/install/ament_cmake_clang_tidy:/home/paolo/purple_whales_ws/firmware/dev_ws/install/ament_cmake_clang_format:/home/paolo/purple_whales_ws/firmware/dev_ws/install/ament_cmake_test:/home/paolo/purple_whales_ws/firmware/dev_ws/install/ament_cmake_target_dependencies:/home/paolo/purple_whales_ws/firmware/dev_ws/install/ament_cmake_python:/home/paolo/purple_whales_ws/firmware/dev_ws/install/ament_cmake_export_dependencies:/home/paolo/purple_whales_ws/firmware/dev_ws/install/ament_cmake_libraries:/home/paolo/purple_whales_ws/firmware/dev_ws/install/ament_cmake_include_directories:/home/paolo/purple_whales_ws/firmware/dev_ws/install/ament_cmake_gen_version_h:/home/paolo/purple_whales_ws/firmware/dev_ws/install/ament_cmake_export_targets:/home/paolo/purple_whales_ws/firmware/dev_ws/install/ament_cmake_export_link_flags:/home/paolo/purple_whales_ws/firmware/dev_ws/install/ament_cmake_export_interfaces:/home/paolo/purple_whales_ws/firmware/dev_ws/install/ament_cmake_export_libraries:/home/paolo/purple_whales_ws/firmware/dev_ws/install/ament_cmake_export_include_directories:/home/paolo/purple_whales_ws/firmware/dev_ws/install/ament_cmake_export_definitions:/home/paolo/purple_whales_ws/firmware/dev_ws/install/ament_cmake_core:/home/paolo/purple_whales_ws/firmware/dev_ws/install/ament_index_cpp:/home/paolo/purple_whales_ws/firmware/dev_ws/install/ament_uncrustify:/home/paolo/purple_whales_ws/firmware/dev_ws/install/domain_coordinator:/home/paolo/purple_whales_ws/firmware/dev_ws/install/ament_xmllint:/home/paolo/purple_whales_ws/firmware/dev_ws/install/ament_pyflakes:/home/paolo/purple_whales_ws/firmware/dev_ws/install/ament_pycodestyle:/home/paolo/purple_whales_ws/firmware/dev_ws/install/ament_pep257:/home/paolo/purple_whales_ws/firmware/dev_ws/install/ament_pclint:/home/paolo/purple_whales_ws/firmware/dev_ws/install/ament_package:/home/paolo/purple_whales_ws/firmware/dev_ws/install/ament_mypy:/home/paolo/purple_whales_ws/firmware/dev_ws/install/ament_lint_cmake:/home/paolo/purple_whales_ws/firmware/dev_ws/install/ament_flake8:/home/paolo/purple_whales_ws/firmware/dev_ws/install/ament_copyright:/home/paolo/purple_whales_ws/firmware/dev_ws/install/ament_lint:/home/paolo/purple_whales_ws/firmware/dev_ws/install/ament_index_python:/home/paolo/purple_whales_ws/firmware/dev_ws/install/ament_cpplint:/home/paolo/purple_whales_ws/firmware/dev_ws/install/ament_cppcheck:/home/paolo/purple_whales_ws/firmware/dev_ws/install/ament_clang_tidy:/home/paolo/purple_whales_ws/firmware/dev_ws/install/ament_clang_format LD_LIBRARY_PATH=/home/paolo/purple_whales_ws/firmware/mcu_ws/install/lib:${LD_LIBRARY_PATH} PATH=/home/paolo/purple_whales_ws/firmware/mcu_ws/install/bin:${PATH} PYTHONPATH=/home/paolo/purple_whales_ws/firmware/mcu_ws/install/lib/python3.10/site-packages:${PYTHONPATH} /usr/bin/cmake --install /home/paolo/purple_whales_ws/firmware/mcu_ws/build/std_srvs
[2.062s] -- Install configuration: "Debug"
[2.063s] -- Up-to-date: /home/paolo/purple_whales_ws/firmware/mcu_ws/install/share/ament_index/resource_index/rosidl_interfaces/std_srvs
[2.063s] -- Up-to-date: /home/paolo/purple_whales_ws/firmware/mcu_ws/install/include/std_srvs/std_srvs
[2.064s] -- Up-to-date: /home/paolo/purple_whales_ws/firmware/mcu_ws/install/include/std_srvs/std_srvs/srv
[2.077s] -- Up-to-date: /home/paolo/purple_whales_ws/firmware/mcu_ws/install/include/std_srvs/std_srvs/srv/set_bool.h
[2.077s] -- Up-to-date: /home/paolo/purple_whales_ws/firmware/mcu_ws/install/include/std_srvs/std_srvs/srv/detail
[2.077s] -- Up-to-date: /home/paolo/purple_whales_ws/firmware/mcu_ws/install/include/std_srvs/std_srvs/srv/detail/trigger__struct.h
[2.078s] -- Up-to-date: /home/paolo/purple_whales_ws/firmware/mcu_ws/install/include/std_srvs/std_srvs/srv/detail/trigger__type_support.h
[2.078s] -- Up-to-date: /home/paolo/purple_whales_ws/firmware/mcu_ws/install/include/std_srvs/std_srvs/srv/detail/empty__functions.c
[2.078s] -- Up-to-date: /home/paolo/purple_whales_ws/firmware/mcu_ws/install/include/std_srvs/std_srvs/srv/detail/trigger__functions.h
[2.079s] -- Up-to-date: /home/paolo/purple_whales_ws/firmware/mcu_ws/install/include/std_srvs/std_srvs/srv/detail/set_bool__functions.c
[2.079s] -- Up-to-date: /home/paolo/purple_whales_ws/firmware/mcu_ws/install/include/std_srvs/std_srvs/srv/detail/empty__type_support.h
[2.079s] -- Up-to-date: /home/paolo/purple_whales_ws/firmware/mcu_ws/install/include/std_srvs/std_srvs/srv/detail/empty__functions.h
[2.079s] -- Up-to-date: /home/paolo/purple_whales_ws/firmware/mcu_ws/install/include/std_srvs/std_srvs/srv/detail/empty__struct.h
[2.079s] -- Up-to-date: /home/paolo/purple_whales_ws/firmware/mcu_ws/install/include/std_srvs/std_srvs/srv/detail/set_bool__type_support.h
[2.079s] -- Up-to-date: /home/paolo/purple_whales_ws/firmware/mcu_ws/install/include/std_srvs/std_srvs/srv/detail/trigger__functions.c
[2.080s] -- Up-to-date: /home/paolo/purple_whales_ws/firmware/mcu_ws/install/include/std_srvs/std_srvs/srv/detail/set_bool__functions.h
[2.080s] -- Up-to-date: /home/paolo/purple_whales_ws/firmware/mcu_ws/install/include/std_srvs/std_srvs/srv/detail/set_bool__struct.h
[2.080s] -- Up-to-date: /home/paolo/purple_whales_ws/firmware/mcu_ws/install/include/std_srvs/std_srvs/srv/empty.h
[2.081s] -- Up-to-date: /home/paolo/purple_whales_ws/firmware/mcu_ws/install/include/std_srvs/std_srvs/srv/trigger.h
[2.082s] -- Up-to-date: /home/paolo/purple_whales_ws/firmware/mcu_ws/install/include/std_srvs/std_srvs/msg
[2.082s] -- Up-to-date: /home/paolo/purple_whales_ws/firmware/mcu_ws/install/include/std_srvs/std_srvs/msg/rosidl_generator_c__visibility_control.h
[2.083s] -- Up-to-date: /home/paolo/purple_whales_ws/firmware/mcu_ws/install/share/std_srvs/environment/library_path.sh
[2.083s] -- Installing: /home/paolo/purple_whales_ws/firmware/mcu_ws/install/share/std_srvs/environment/library_path.dsv
[2.100s] -- Installing: /home/paolo/purple_whales_ws/firmware/mcu_ws/install/lib/libstd_srvs__rosidl_generator_c.a
[2.102s] -- Up-to-date: /home/paolo/purple_whales_ws/firmware/mcu_ws/install/include/std_srvs/std_srvs
[2.102s] -- Up-to-date: /home/paolo/purple_whales_ws/firmware/mcu_ws/install/include/std_srvs/std_srvs/srv
[2.103s] -- Up-to-date: /home/paolo/purple_whales_ws/firmware/mcu_ws/install/include/std_srvs/std_srvs/srv/detail
[2.103s] -- Up-to-date: /home/paolo/purple_whales_ws/firmware/mcu_ws/install/include/std_srvs/std_srvs/srv/detail/set_bool__type_support.c
[2.103s] -- Up-to-date: /home/paolo/purple_whales_ws/firmware/mcu_ws/install/include/std_srvs/std_srvs/srv/detail/trigger__rosidl_typesupport_introspection_c.h
[2.103s] -- Up-to-date: /home/paolo/purple_whales_ws/firmware/mcu_ws/install/include/std_srvs/std_srvs/srv/detail/set_bool__rosidl_typesupport_introspection_c.h
[2.103s] -- Up-to-date: /home/paolo/purple_whales_ws/firmware/mcu_ws/install/include/std_srvs/std_srvs/srv/detail/empty__type_support.c
[2.104s] -- Up-to-date: /home/paolo/purple_whales_ws/firmware/mcu_ws/install/include/std_srvs/std_srvs/srv/detail/trigger__type_support.c
[2.104s] -- Up-to-date: /home/paolo/purple_whales_ws/firmware/mcu_ws/install/include/std_srvs/std_srvs/srv/detail/empty__rosidl_typesupport_introspection_c.h
[2.106s] -- Up-to-date: /home/paolo/purple_whales_ws/firmware/mcu_ws/install/include/std_srvs/std_srvs/msg
[2.106s] -- Up-to-date: /home/paolo/purple_whales_ws/firmware/mcu_ws/install/include/std_srvs/std_srvs/msg/rosidl_typesupport_introspection_c__visibility_control.h
[2.108s] -- Up-to-date: /home/paolo/purple_whales_ws/firmware/mcu_ws/install/lib/libstd_srvs__rosidl_typesupport_introspection_c.a
[2.109s] -- Up-to-date: /home/paolo/purple_whales_ws/firmware/mcu_ws/install/include/std_srvs
[2.111s] -- Up-to-date: /home/paolo/purple_whales_ws/firmware/mcu_ws/install/include/std_srvs/srv
[2.111s] -- Up-to-date: /home/paolo/purple_whales_ws/firmware/mcu_ws/install/include/std_srvs/srv/detail
[2.113s] -- Up-to-date: /home/paolo/purple_whales_ws/firmware/mcu_ws/install/include/std_srvs/srv/detail/trigger__rosidl_typesupport_microxrcedds_c.h
[2.114s] -- Up-to-date: /home/paolo/purple_whales_ws/firmware/mcu_ws/install/include/std_srvs/srv/detail/microxrcedds
[2.114s] -- Up-to-date: /home/paolo/purple_whales_ws/firmware/mcu_ws/install/include/std_srvs/srv/detail/set_bool__rosidl_typesupport_microxrcedds_c.h
[2.115s] -- Up-to-date: /home/paolo/purple_whales_ws/firmware/mcu_ws/install/include/std_srvs/srv/detail/empty__rosidl_typesupport_microxrcedds_c.h
[2.115s] -- Up-to-date: /home/paolo/purple_whales_ws/firmware/mcu_ws/install/include/std_srvs/msg
[2.116s] -- Up-to-date: /home/paolo/purple_whales_ws/firmware/mcu_ws/install/include/std_srvs/msg/rosidl_typesupport_microxrcedds_c__visibility_control.h
[2.116s] -- Up-to-date: /home/paolo/purple_whales_ws/firmware/mcu_ws/install/lib/libstd_srvs__rosidl_typesupport_microxrcedds_c.a
[2.116s] -- Up-to-date: /home/paolo/purple_whales_ws/firmware/mcu_ws/install/lib/libstd_srvs__rosidl_typesupport_c.a
[2.118s] -- Up-to-date: /home/paolo/purple_whales_ws/firmware/mcu_ws/install/share/std_srvs/srv/Empty.idl
[2.119s] -- Up-to-date: /home/paolo/purple_whales_ws/firmware/mcu_ws/install/share/std_srvs/srv/SetBool.idl
[2.127s] -- Up-to-date: /home/paolo/purple_whales_ws/firmware/mcu_ws/install/share/std_srvs/srv/Trigger.idl
[2.127s] -- Up-to-date: /home/paolo/purple_whales_ws/firmware/mcu_ws/install/share/std_srvs/srv/Empty.srv
[2.128s] -- Up-to-date: /home/paolo/purple_whales_ws/firmware/mcu_ws/install/share/std_srvs/srv/Empty_Request.msg
[2.129s] -- Up-to-date: /home/paolo/purple_whales_ws/firmware/mcu_ws/install/share/std_srvs/srv/Empty_Response.msg
[2.129s] -- Up-to-date: /home/paolo/purple_whales_ws/firmware/mcu_ws/install/share/std_srvs/srv/SetBool.srv
[2.129s] -- Up-to-date: /home/paolo/purple_whales_ws/firmware/mcu_ws/install/share/std_srvs/srv/SetBool_Request.msg
[2.129s] -- Up-to-date: /home/paolo/purple_whales_ws/firmware/mcu_ws/install/share/std_srvs/srv/SetBool_Response.msg
[2.129s] -- Up-to-date: /home/paolo/purple_whales_ws/firmware/mcu_ws/install/share/std_srvs/srv/Trigger.srv
[2.129s] -- Up-to-date: /home/paolo/purple_whales_ws/firmware/mcu_ws/install/share/std_srvs/srv/Trigger_Request.msg
[2.130s] -- Up-to-date: /home/paolo/purple_whales_ws/firmware/mcu_ws/install/share/std_srvs/srv/Trigger_Response.msg
[2.130s] -- Up-to-date: /home/paolo/purple_whales_ws/firmware/mcu_ws/install/share/ament_index/resource_index/package_run_dependencies/std_srvs
[2.132s] -- Up-to-date: /home/paolo/purple_whales_ws/firmware/mcu_ws/install/share/ament_index/resource_index/parent_prefix_path/std_srvs
[2.132s] -- Up-to-date: /home/paolo/purple_whales_ws/firmware/mcu_ws/install/share/std_srvs/environment/ament_prefix_path.sh
[2.134s] -- Installing: /home/paolo/purple_whales_ws/firmware/mcu_ws/install/share/std_srvs/environment/ament_prefix_path.dsv
[2.134s] -- Up-to-date: /home/paolo/purple_whales_ws/firmware/mcu_ws/install/share/std_srvs/environment/path.sh
[2.134s] -- Installing: /home/paolo/purple_whales_ws/firmware/mcu_ws/install/share/std_srvs/environment/path.dsv
[2.134s] -- Up-to-date: /home/paolo/purple_whales_ws/firmware/mcu_ws/install/share/std_srvs/local_setup.bash
[2.135s] -- Up-to-date: /home/paolo/purple_whales_ws/firmware/mcu_ws/install/share/std_srvs/local_setup.sh
[2.138s] -- Up-to-date: /home/paolo/purple_whales_ws/firmware/mcu_ws/install/share/std_srvs/local_setup.zsh
[2.138s] -- Installing: /home/paolo/purple_whales_ws/firmware/mcu_ws/install/share/std_srvs/local_setup.dsv
[2.143s] -- Installing: /home/paolo/purple_whales_ws/firmware/mcu_ws/install/share/std_srvs/package.dsv
[2.144s] -- Up-to-date: /home/paolo/purple_whales_ws/firmware/mcu_ws/install/share/ament_index/resource_index/packages/std_srvs
[2.144s] -- Up-to-date: /home/paolo/purple_whales_ws/firmware/mcu_ws/install/share/std_srvs/cmake/export_std_srvs__rosidl_generator_cExport.cmake
[2.144s] -- Up-to-date: /home/paolo/purple_whales_ws/firmware/mcu_ws/install/share/std_srvs/cmake/export_std_srvs__rosidl_generator_cExport-debug.cmake
[2.145s] -- Up-to-date: /home/paolo/purple_whales_ws/firmware/mcu_ws/install/share/std_srvs/cmake/std_srvs__rosidl_typesupport_introspection_cExport.cmake
[2.145s] -- Up-to-date: /home/paolo/purple_whales_ws/firmware/mcu_ws/install/share/std_srvs/cmake/std_srvs__rosidl_typesupport_introspection_cExport-debug.cmake
[2.145s] -- Up-to-date: /home/paolo/purple_whales_ws/firmware/mcu_ws/install/share/std_srvs/cmake/std_srvs__rosidl_typesupport_cExport.cmake
[2.145s] -- Up-to-date: /home/paolo/purple_whales_ws/firmware/mcu_ws/install/share/std_srvs/cmake/std_srvs__rosidl_typesupport_cExport-debug.cmake
[2.145s] -- Up-to-date: /home/paolo/purple_whales_ws/firmware/mcu_ws/install/share/std_srvs/cmake/rosidl_cmake-extras.cmake
[2.145s] -- Up-to-date: /home/paolo/purple_whales_ws/firmware/mcu_ws/install/share/std_srvs/cmake/ament_cmake_export_include_directories-extras.cmake
[2.145s] -- Up-to-date: /home/paolo/purple_whales_ws/firmware/mcu_ws/install/share/std_srvs/cmake/ament_cmake_export_libraries-extras.cmake
[2.146s] -- Up-to-date: /home/paolo/purple_whales_ws/firmware/mcu_ws/install/share/std_srvs/cmake/ament_cmake_export_targets-extras.cmake
[2.146s] -- Up-to-date: /home/paolo/purple_whales_ws/firmware/mcu_ws/install/share/std_srvs/cmake/rosidl_cmake_export_typesupport_targets-extras.cmake
[2.146s] -- Up-to-date: /home/paolo/purple_whales_ws/firmware/mcu_ws/install/share/std_srvs/cmake/ament_cmake_export_dependencies-extras.cmake
[2.147s] -- Up-to-date: /home/paolo/purple_whales_ws/firmware/mcu_ws/install/share/std_srvs/cmake/rosidl_cmake_export_typesupport_libraries-extras.cmake
[2.147s] -- Up-to-date: /home/paolo/purple_whales_ws/firmware/mcu_ws/install/share/std_srvs/cmake/std_srvsConfig.cmake
[2.147s] -- Up-to-date: /home/paolo/purple_whales_ws/firmware/mcu_ws/install/share/std_srvs/cmake/std_srvsConfig-version.cmake
[2.149s] -- Up-to-date: /home/paolo/purple_whales_ws/firmware/mcu_ws/install/share/std_srvs/package.xml
[2.149s] Invoked command in '/home/paolo/purple_whales_ws/firmware/mcu_ws/build/std_srvs' returned '0': AMENT_PREFIX_PATH=/home/paolo/purple_whales_ws/firmware/mcu_ws/install:${AMENT_PREFIX_PATH} CMAKE_PREFIX_PATH=/home/paolo/purple_whales_ws/firmware/mcu_ws/install:/home/paolo/purple_whales_ws/firmware/dev_ws/install/ament_lint_common:/home/paolo/purple_whales_ws/firmware/dev_ws/install/ament_cmake_uncrustify:/home/paolo/purple_whales_ws/firmware/dev_ws/install/uncrustify_vendor:/home/paolo/purple_whales_ws/firmware/dev_ws/install/ament_cmake_ros:/home/paolo/purple_whales_ws/firmware/dev_ws/install/ament_cmake_auto:/home/paolo/purple_whales_ws/firmware/dev_ws/install/ament_cmake_gmock:/home/paolo/purple_whales_ws/firmware/dev_ws/install/gmock_vendor:/home/paolo/purple_whales_ws/firmware/dev_ws/install/ament_cmake_gtest:/home/paolo/purple_whales_ws/firmware/dev_ws/install/gtest_vendor:/home/paolo/purple_whales_ws/firmware/dev_ws/install/ament_cmake_xmllint:/home/paolo/purple_whales_ws/firmware/dev_ws/install/ament_cmake_pyflakes:/home/paolo/purple_whales_ws/firmware/dev_ws/install/ament_cmake_pycodestyle:/home/paolo/purple_whales_ws/firmware/dev_ws/install/ament_cmake_pep257:/home/paolo/purple_whales_ws/firmware/dev_ws/install/ament_cmake_pclint:/home/paolo/purple_whales_ws/firmware/dev_ws/install/ament_lint_auto:/home/paolo/purple_whales_ws/firmware/dev_ws/install/ament_cmake:/home/paolo/purple_whales_ws/firmware/dev_ws/install/ament_cmake_version:/home/paolo/purple_whales_ws/firmware/dev_ws/install/ament_cmake_vendor_package:/home/paolo/purple_whales_ws/firmware/dev_ws/install/ament_cmake_pytest:/home/paolo/purple_whales_ws/firmware/dev_ws/install/ament_cmake_nose:/home/paolo/purple_whales_ws/firmware/dev_ws/install/ament_cmake_mypy:/home/paolo/purple_whales_ws/firmware/dev_ws/install/ament_cmake_lint_cmake:/home/paolo/purple_whales_ws/firmware/dev_ws/install/ament_cmake_google_benchmark:/home/paolo/purple_whales_ws/firmware/dev_ws/install/ament_cmake_flake8:/home/paolo/purple_whales_ws/firmware/dev_ws/install/ament_cmake_cpplint:/home/paolo/purple_whales_ws/firmware/dev_ws/install/ament_cmake_cppcheck:/home/paolo/purple_whales_ws/firmware/dev_ws/install/ament_cmake_copyright:/home/paolo/purple_whales_ws/firmware/dev_ws/install/ament_cmake_clang_tidy:/home/paolo/purple_whales_ws/firmware/dev_ws/install/ament_cmake_clang_format:/home/paolo/purple_whales_ws/firmware/dev_ws/install/ament_cmake_test:/home/paolo/purple_whales_ws/firmware/dev_ws/install/ament_cmake_target_dependencies:/home/paolo/purple_whales_ws/firmware/dev_ws/install/ament_cmake_python:/home/paolo/purple_whales_ws/firmware/dev_ws/install/ament_cmake_export_dependencies:/home/paolo/purple_whales_ws/firmware/dev_ws/install/ament_cmake_libraries:/home/paolo/purple_whales_ws/firmware/dev_ws/install/ament_cmake_include_directories:/home/paolo/purple_whales_ws/firmware/dev_ws/install/ament_cmake_gen_version_h:/home/paolo/purple_whales_ws/firmware/dev_ws/install/ament_cmake_export_targets:/home/paolo/purple_whales_ws/firmware/dev_ws/install/ament_cmake_export_link_flags:/home/paolo/purple_whales_ws/firmware/dev_ws/install/ament_cmake_export_interfaces:/home/paolo/purple_whales_ws/firmware/dev_ws/install/ament_cmake_export_libraries:/home/paolo/purple_whales_ws/firmware/dev_ws/install/ament_cmake_export_include_directories:/home/paolo/purple_whales_ws/firmware/dev_ws/install/ament_cmake_export_definitions:/home/paolo/purple_whales_ws/firmware/dev_ws/install/ament_cmake_core:/home/paolo/purple_whales_ws/firmware/dev_ws/install/ament_index_cpp:/home/paolo/purple_whales_ws/firmware/dev_ws/install/ament_uncrustify:/home/paolo/purple_whales_ws/firmware/dev_ws/install/domain_coordinator:/home/paolo/purple_whales_ws/firmware/dev_ws/install/ament_xmllint:/home/paolo/purple_whales_ws/firmware/dev_ws/install/ament_pyflakes:/home/paolo/purple_whales_ws/firmware/dev_ws/install/ament_pycodestyle:/home/paolo/purple_whales_ws/firmware/dev_ws/install/ament_pep257:/home/paolo/purple_whales_ws/firmware/dev_ws/install/ament_pclint:/home/paolo/purple_whales_ws/firmware/dev_ws/install/ament_package:/home/paolo/purple_whales_ws/firmware/dev_ws/install/ament_mypy:/home/paolo/purple_whales_ws/firmware/dev_ws/install/ament_lint_cmake:/home/paolo/purple_whales_ws/firmware/dev_ws/install/ament_flake8:/home/paolo/purple_whales_ws/firmware/dev_ws/install/ament_copyright:/home/paolo/purple_whales_ws/firmware/dev_ws/install/ament_lint:/home/paolo/purple_whales_ws/firmware/dev_ws/install/ament_index_python:/home/paolo/purple_whales_ws/firmware/dev_ws/install/ament_cpplint:/home/paolo/purple_whales_ws/firmware/dev_ws/install/ament_cppcheck:/home/paolo/purple_whales_ws/firmware/dev_ws/install/ament_clang_tidy:/home/paolo/purple_whales_ws/firmware/dev_ws/install/ament_clang_format LD_LIBRARY_PATH=/home/paolo/purple_whales_ws/firmware/mcu_ws/install/lib:${LD_LIBRARY_PATH} PATH=/home/paolo/purple_whales_ws/firmware/mcu_ws/install/bin:${PATH} PYTHONPATH=/home/paolo/purple_whales_ws/firmware/mcu_ws/install/lib/python3.10/site-packages:${PYTHONPATH} /usr/bin/cmake --install /home/paolo/purple_whales_ws/firmware/mcu_ws/build/std_srvs
