[1.517s] Invoking command in '/home/paolo/purple_whales_ws/firmware/mcu_ws/uros/tracetools/tracetools_launch': AMENT_PREFIX_PATH=/home/paolo/purple_whales_ws/firmware/mcu_ws/install:${AMENT_PREFIX_PATH} CMAKE_PREFIX_PATH=/home/paolo/purple_whales_ws/firmware/mcu_ws/install:${CMAKE_PREFIX_PATH} PATH=/home/paolo/purple_whales_ws/firmware/mcu_ws/install/bin:${PATH} PYTHONPATH=/home/paolo/purple_whales_ws/firmware/mcu_ws/build/tracetools_launch/prefix_override:/home/paolo/purple_whales_ws/firmware/mcu_ws/install/lib/python3.10/site-packages:/home/paolo/purple_whales_ws/firmware/mcu_ws/install/lib/python3.10/site-packages:${PYTHONPATH} /home/paolo/purple_whales_ws/firmware/toolchain/espressif/python_env/idf4.1_py3.10_env/bin/python -W ignore:setup.py install is deprecated setup.py egg_info --egg-base ../../../build/tracetools_launch build --build-base /home/paolo/purple_whales_ws/firmware/mcu_ws/build/tracetools_launch/build install --record /home/paolo/purple_whales_ws/firmware/mcu_ws/build/tracetools_launch/install.log --single-version-externally-managed install_data
[1.981s] running egg_info
[1.992s] writing ../../../build/tracetools_launch/tracetools_launch.egg-info/PKG-INFO
[1.994s] writing dependency_links to ../../../build/tracetools_launch/tracetools_launch.egg-info/dependency_links.txt
[1.994s] writing entry points to ../../../build/tracetools_launch/tracetools_launch.egg-info/entry_points.txt
[1.995s] writing requirements to ../../../build/tracetools_launch/tracetools_launch.egg-info/requires.txt
[1.995s] writing top-level names to ../../../build/tracetools_launch/tracetools_launch.egg-info/top_level.txt
[2.011s] reading manifest file '../../../build/tracetools_launch/tracetools_launch.egg-info/SOURCES.txt'
[2.012s] writing manifest file '../../../build/tracetools_launch/tracetools_launch.egg-info/SOURCES.txt'
[2.012s] running build
[2.013s] running build_py
[2.013s] copying tracetools_launch/__init__.py -> /home/paolo/purple_whales_ws/firmware/mcu_ws/build/tracetools_launch/build/lib/tracetools_launch
[2.013s] copying tracetools_launch/action.py -> /home/paolo/purple_whales_ws/firmware/mcu_ws/build/tracetools_launch/build/lib/tracetools_launch
[2.013s] copying tracetools_launch/actions/ld_preload.py -> /home/paolo/purple_whales_ws/firmware/mcu_ws/build/tracetools_launch/build/lib/tracetools_launch/actions
[2.013s] copying tracetools_launch/actions/__init__.py -> /home/paolo/purple_whales_ws/firmware/mcu_ws/build/tracetools_launch/build/lib/tracetools_launch/actions
[2.013s] running install
[2.019s] running install_lib
[2.028s] running install_data
[2.028s] copying package.xml -> /home/paolo/purple_whales_ws/firmware/mcu_ws/install/share/tracetools_launch
[2.028s] copying launch/example.launch.yaml -> /home/paolo/purple_whales_ws/firmware/mcu_ws/install/share/tracetools_launch/launch
[2.029s] copying launch/example.launch.xml -> /home/paolo/purple_whales_ws/firmware/mcu_ws/install/share/tracetools_launch/launch
[2.029s] copying launch/example.launch.py -> /home/paolo/purple_whales_ws/firmware/mcu_ws/install/share/tracetools_launch/launch
[2.029s] copying resource/tracetools_launch -> /home/paolo/purple_whales_ws/firmware/mcu_ws/install/share/ament_index/resource_index/packages
[2.029s] running install_egg_info
[2.041s] removing '/home/paolo/purple_whales_ws/firmware/mcu_ws/install/lib/python3.10/site-packages/tracetools_launch-4.1.1-py3.10.egg-info' (and everything under it)
[2.042s] Copying ../../../build/tracetools_launch/tracetools_launch.egg-info to /home/paolo/purple_whales_ws/firmware/mcu_ws/install/lib/python3.10/site-packages/tracetools_launch-4.1.1-py3.10.egg-info
[2.043s] running install_scripts
[2.154s] writing list of installed files to '/home/paolo/purple_whales_ws/firmware/mcu_ws/build/tracetools_launch/install.log'
[2.327s] Invoked command in '/home/paolo/purple_whales_ws/firmware/mcu_ws/uros/tracetools/tracetools_launch' returned '0': AMENT_PREFIX_PATH=/home/paolo/purple_whales_ws/firmware/mcu_ws/install:${AMENT_PREFIX_PATH} CMAKE_PREFIX_PATH=/home/paolo/purple_whales_ws/firmware/mcu_ws/install:${CMAKE_PREFIX_PATH} PATH=/home/paolo/purple_whales_ws/firmware/mcu_ws/install/bin:${PATH} PYTHONPATH=/home/paolo/purple_whales_ws/firmware/mcu_ws/build/tracetools_launch/prefix_override:/home/paolo/purple_whales_ws/firmware/mcu_ws/install/lib/python3.10/site-packages:/home/paolo/purple_whales_ws/firmware/mcu_ws/install/lib/python3.10/site-packages:${PYTHONPATH} /home/paolo/purple_whales_ws/firmware/toolchain/espressif/python_env/idf4.1_py3.10_env/bin/python -W ignore:setup.py install is deprecated setup.py egg_info --egg-base ../../../build/tracetools_launch build --build-base /home/paolo/purple_whales_ws/firmware/mcu_ws/build/tracetools_launch/build install --record /home/paolo/purple_whales_ws/firmware/mcu_ws/build/tracetools_launch/install.log --single-version-externally-managed install_data
