[1.536s] Invoking command in '/home/lpm/Purple_Whales/src/robot_vision': PYTHONPATH=/home/lpm/Purple_Whales/build/robot_vision/prefix_override:/home/lpm/Purple_Whales/install/robot_vision/lib/python3.10/site-packages:${PYTHONPATH} /usr/bin/python3 -W ignore:setup.py install is deprecated setup.py egg_info --egg-base ../../build/robot_vision build --build-base /home/lpm/Purple_Whales/build/robot_vision/build install --record /home/lpm/Purple_Whales/build/robot_vision/install.log --single-version-externally-managed install_data
[2.132s] running egg_info
[2.134s] writing ../../build/robot_vision/robot_vision.egg-info/PKG-INFO
[2.138s] writing dependency_links to ../../build/robot_vision/robot_vision.egg-info/dependency_links.txt
[2.138s] writing entry points to ../../build/robot_vision/robot_vision.egg-info/entry_points.txt
[2.139s] writing requirements to ../../build/robot_vision/robot_vision.egg-info/requires.txt
[2.139s] writing top-level names to ../../build/robot_vision/robot_vision.egg-info/top_level.txt
[2.145s] reading manifest file '../../build/robot_vision/robot_vision.egg-info/SOURCES.txt'
[2.147s] writing manifest file '../../build/robot_vision/robot_vision.egg-info/SOURCES.txt'
[2.147s] running build
[2.147s] running build_py
[2.148s] copying robot_vision/line_follower.py -> /home/lpm/Purple_Whales/build/robot_vision/build/lib/robot_vision
[2.149s] running install
[2.150s] running install_lib
[2.152s] copying /home/lpm/Purple_Whales/build/robot_vision/build/lib/robot_vision/line_follower.py -> /home/lpm/Purple_Whales/install/robot_vision/lib/python3.10/site-packages/robot_vision
[2.155s] byte-compiling /home/lpm/Purple_Whales/install/robot_vision/lib/python3.10/site-packages/robot_vision/line_follower.py to line_follower.cpython-310.pyc
[2.157s] running install_data
[2.158s] running install_egg_info
[2.162s] removing '/home/lpm/Purple_Whales/install/robot_vision/lib/python3.10/site-packages/robot_vision-0.0.0-py3.10.egg-info' (and everything under it)
[2.163s] Copying ../../build/robot_vision/robot_vision.egg-info to /home/lpm/Purple_Whales/install/robot_vision/lib/python3.10/site-packages/robot_vision-0.0.0-py3.10.egg-info
[2.165s] running install_scripts
[2.203s] Installing line_follower script to /home/lpm/Purple_Whales/install/robot_vision/lib/robot_vision
[2.204s] writing list of installed files to '/home/lpm/Purple_Whales/build/robot_vision/install.log'
[2.250s] Invoked command in '/home/lpm/Purple_Whales/src/robot_vision' returned '0': PYTHONPATH=/home/lpm/Purple_Whales/build/robot_vision/prefix_override:/home/lpm/Purple_Whales/install/robot_vision/lib/python3.10/site-packages:${PYTHONPATH} /usr/bin/python3 -W ignore:setup.py install is deprecated setup.py egg_info --egg-base ../../build/robot_vision build --build-base /home/lpm/Purple_Whales/build/robot_vision/build install --record /home/lpm/Purple_Whales/build/robot_vision/install.log --single-version-externally-managed install_data
