[0.192s] Invoking command in '/home/paolo/purple_whales_ws/firmware/mcu_ws/build/ackermann_message': AMENT_PREFIX_PATH=/home/paolo/purple_whales_ws/firmware/mcu_ws/install:${AMENT_PREFIX_PATH} CMAKE_PREFIX_PATH=/home/paolo/purple_whales_ws/firmware/mcu_ws/install:/home/paolo/purple_whales_ws/firmware/dev_ws/install/ament_lint_common:/home/paolo/purple_whales_ws/firmware/dev_ws/install/ament_cmake_uncrustify:/home/paolo/purple_whales_ws/firmware/dev_ws/install/uncrustify_vendor:/home/paolo/purple_whales_ws/firmware/dev_ws/install/ament_cmake_ros:/home/paolo/purple_whales_ws/firmware/dev_ws/install/ament_cmake_auto:/home/paolo/purple_whales_ws/firmware/dev_ws/install/ament_cmake_gmock:/home/paolo/purple_whales_ws/firmware/dev_ws/install/gmock_vendor:/home/paolo/purple_whales_ws/firmware/dev_ws/install/ament_cmake_gtest:/home/paolo/purple_whales_ws/firmware/dev_ws/install/gtest_vendor:/home/paolo/purple_whales_ws/firmware/dev_ws/install/ament_cmake_xmllint:/home/paolo/purple_whales_ws/firmware/dev_ws/install/ament_cmake_pyflakes:/home/paolo/purple_whales_ws/firmware/dev_ws/install/ament_cmake_pycodestyle:/home/paolo/purple_whales_ws/firmware/dev_ws/install/ament_cmake_pep257:/home/paolo/purple_whales_ws/firmware/dev_ws/install/ament_cmake_pclint:/home/paolo/purple_whales_ws/firmware/dev_ws/install/ament_lint_auto:/home/paolo/purple_whales_ws/firmware/dev_ws/install/ament_cmake:/home/paolo/purple_whales_ws/firmware/dev_ws/install/ament_cmake_version:/home/paolo/purple_whales_ws/firmware/dev_ws/install/ament_cmake_vendor_package:/home/paolo/purple_whales_ws/firmware/dev_ws/install/ament_cmake_pytest:/home/paolo/purple_whales_ws/firmware/dev_ws/install/ament_cmake_nose:/home/paolo/purple_whales_ws/firmware/dev_ws/install/ament_cmake_mypy:/home/paolo/purple_whales_ws/firmware/dev_ws/install/ament_cmake_lint_cmake:/home/paolo/purple_whales_ws/firmware/dev_ws/install/ament_cmake_google_benchmark:/home/paolo/purple_whales_ws/firmware/dev_ws/install/ament_cmake_flake8:/home/paolo/purple_whales_ws/firmware/dev_ws/install/ament_cmake_cpplint:/home/paolo/purple_whales_ws/firmware/dev_ws/install/ament_cmake_cppcheck:/home/paolo/purple_whales_ws/firmware/dev_ws/install/ament_cmake_copyright:/home/paolo/purple_whales_ws/firmware/dev_ws/install/ament_cmake_clang_tidy:/home/paolo/purple_whales_ws/firmware/dev_ws/install/ament_cmake_clang_format:/home/paolo/purple_whales_ws/firmware/dev_ws/install/ament_cmake_test:/home/paolo/purple_whales_ws/firmware/dev_ws/install/ament_cmake_target_dependencies:/home/paolo/purple_whales_ws/firmware/dev_ws/install/ament_cmake_python:/home/paolo/purple_whales_ws/firmware/dev_ws/install/ament_cmake_export_dependencies:/home/paolo/purple_whales_ws/firmware/dev_ws/install/ament_cmake_libraries:/home/paolo/purple_whales_ws/firmware/dev_ws/install/ament_cmake_include_directories:/home/paolo/purple_whales_ws/firmware/dev_ws/install/ament_cmake_gen_version_h:/home/paolo/purple_whales_ws/firmware/dev_ws/install/ament_cmake_export_targets:/home/paolo/purple_whales_ws/firmware/dev_ws/install/ament_cmake_export_link_flags:/home/paolo/purple_whales_ws/firmware/dev_ws/install/ament_cmake_export_interfaces:/home/paolo/purple_whales_ws/firmware/dev_ws/install/ament_cmake_export_libraries:/home/paolo/purple_whales_ws/firmware/dev_ws/install/ament_cmake_export_include_directories:/home/paolo/purple_whales_ws/firmware/dev_ws/install/ament_cmake_export_definitions:/home/paolo/purple_whales_ws/firmware/dev_ws/install/ament_cmake_core:/home/paolo/purple_whales_ws/firmware/dev_ws/install/ament_index_cpp:/home/paolo/purple_whales_ws/firmware/dev_ws/install/ament_uncrustify:/home/paolo/purple_whales_ws/firmware/dev_ws/install/domain_coordinator:/home/paolo/purple_whales_ws/firmware/dev_ws/install/ament_xmllint:/home/paolo/purple_whales_ws/firmware/dev_ws/install/ament_pyflakes:/home/paolo/purple_whales_ws/firmware/dev_ws/install/ament_pycodestyle:/home/paolo/purple_whales_ws/firmware/dev_ws/install/ament_pep257:/home/paolo/purple_whales_ws/firmware/dev_ws/install/ament_pclint:/home/paolo/purple_whales_ws/firmware/dev_ws/install/ament_package:/home/paolo/purple_whales_ws/firmware/dev_ws/install/ament_mypy:/home/paolo/purple_whales_ws/firmware/dev_ws/install/ament_lint_cmake:/home/paolo/purple_whales_ws/firmware/dev_ws/install/ament_flake8:/home/paolo/purple_whales_ws/firmware/dev_ws/install/ament_copyright:/home/paolo/purple_whales_ws/firmware/dev_ws/install/ament_lint:/home/paolo/purple_whales_ws/firmware/dev_ws/install/ament_index_python:/home/paolo/purple_whales_ws/firmware/dev_ws/install/ament_cpplint:/home/paolo/purple_whales_ws/firmware/dev_ws/install/ament_cppcheck:/home/paolo/purple_whales_ws/firmware/dev_ws/install/ament_clang_tidy:/home/paolo/purple_whales_ws/firmware/dev_ws/install/ament_clang_format LD_LIBRARY_PATH=/home/paolo/purple_whales_ws/firmware/mcu_ws/install/lib:${LD_LIBRARY_PATH} PATH=/home/paolo/purple_whales_ws/firmware/mcu_ws/install/bin:${PATH} PYTHONPATH=/home/paolo/purple_whales_ws/firmware/mcu_ws/install/lib/python3.10/site-packages:${PYTHONPATH} /usr/bin/cmake /home/paolo/purple_whales_ws/firmware/mcu_ws/ackermann_message --no-warn-unused-cli -DCMAKE_POSITION_INDEPENDENT_CODE:BOOL=OFF -DTHIRDPARTY=ON -DBUILD_SHARED_LIBS=OFF -DBUILD_TESTING=OFF -DCMAKE_BUILD_TYPE=Debug -DCMAKE_TOOLCHAIN_FILE=/home/paolo/purple_whales_ws/firmware/freertos_apps/microros_esp32_extensions/esp32_toolchain.cmake -DCMAKE_VERBOSE_MAKEFILE=ON -DCMAKE_INSTALL_PREFIX=/home/paolo/purple_whales_ws/firmware/mcu_ws/install
[0.199s] Not searching for unused variables given on the command line.
[0.263s] -- The C compiler identification is GNU 8.2.0
[0.385s] -- The CXX compiler identification is GNU 8.2.0
[0.465s] -- Detecting C compiler ABI info
[0.548s] -- Detecting C compiler ABI info - done
[0.553s] -- Check for working C compiler: /home/paolo/purple_whales_ws/firmware/toolchain/espressif/tools/xtensa-esp32-elf/esp-2020r2-8.2.0/xtensa-esp32-elf/bin/xtensa-esp32-elf-gcc - skipped
[0.553s] -- Detecting C compile features
[0.554s] -- Detecting C compile features - done
[0.557s] -- Detecting CXX compiler ABI info
[0.643s] -- Detecting CXX compiler ABI info - done
[0.650s] -- Check for working CXX compiler: /home/paolo/purple_whales_ws/firmware/toolchain/espressif/tools/xtensa-esp32-elf/esp-2020r2-8.2.0/xtensa-esp32-elf/bin/xtensa-esp32-elf-g++ - skipped
[0.650s] -- Detecting CXX compile features
[0.650s] -- Detecting CXX compile features - done
[0.653s] -- Found ament_cmake: 1.3.8 (/home/paolo/purple_whales_ws/firmware/dev_ws/install/ament_cmake/share/ament_cmake/cmake)
[1.131s] -- Found Python3: /home/paolo/purple_whales_ws/firmware/toolchain/espressif/python_env/idf4.1_py3.10_env/bin/python3 (found version "3.10.12") found components: Interpreter 
[1.302s] -- Found rosidl_default_generators: 1.2.0 (/home/paolo/purple_whales_ws/firmware/mcu_ws/install/share/rosidl_default_generators/cmake)
[1.315s] -- Using all available rosidl_typesupport_c: rosidl_typesupport_introspection_c;rosidl_typesupport_microxrcedds_c
[1.323s] -- Found rosidl_adapter: 3.1.5 (/home/paolo/purple_whales_ws/firmware/mcu_ws/install/share/rosidl_adapter/cmake)
[1.371s] [33mCMake Warning at /home/paolo/purple_whales_ws/firmware/mcu_ws/install/share/rcutils/cmake/ament_cmake_export_libraries-extras.cmake:116 (message):
[1.371s]   Package 'rcutils' exports library 'dl' which couldn't be found
[1.371s] Call Stack (most recent call first):
[1.371s]   /home/paolo/purple_whales_ws/firmware/mcu_ws/install/share/rcutils/cmake/rcutilsConfig.cmake:41 (include)
[1.371s]   /home/paolo/purple_whales_ws/firmware/mcu_ws/install/share/rosidl_runtime_c/cmake/ament_cmake_export_dependencies-extras.cmake:21 (find_package)
[1.371s]   /home/paolo/purple_whales_ws/firmware/mcu_ws/install/share/rosidl_runtime_c/cmake/rosidl_runtime_cConfig.cmake:41 (include)
[1.371s]   /home/paolo/purple_whales_ws/firmware/mcu_ws/install/share/rosidl_typesupport_introspection_c/cmake/ament_cmake_export_dependencies-extras.cmake:21 (find_package)
[1.371s]   /home/paolo/purple_whales_ws/firmware/mcu_ws/install/share/rosidl_typesupport_introspection_c/cmake/rosidl_typesupport_introspection_cConfig.cmake:41 (include)
[1.371s]   /home/paolo/purple_whales_ws/firmware/mcu_ws/install/share/rosidl_typesupport_c/cmake/rosidl_typesupport_c-extras.cmake:13 (find_package)
[1.371s]   /home/paolo/purple_whales_ws/firmware/mcu_ws/install/share/rosidl_typesupport_c/cmake/rosidl_typesupport_cConfig.cmake:41 (include)
[1.371s]   /home/paolo/purple_whales_ws/firmware/mcu_ws/install/share/rosidl_default_generators/cmake/rosidl_default_generators-extras.cmake:21 (find_package)
[1.371s]   /home/paolo/purple_whales_ws/firmware/mcu_ws/install/share/rosidl_default_generators/cmake/rosidl_default_generatorsConfig.cmake:41 (include)
[1.371s]   CMakeLists.txt:26 (find_package)
[1.371s] 
[1.371s] [0m
[1.800s] [31mCMake Error at /home/paolo/purple_whales_ws/firmware/mcu_ws/install/share/rosidl_adapter/cmake/rosidl_adapt_interfaces.cmake:59 (message):
[1.800s]   
[1.800s]   execute_process(/home/paolo/purple_whales_ws/firmware/toolchain/espressif/python_env/idf4.1_py3.10_env/bin/python3
[1.801s]   -m rosidl_adapter --package-name ackermann_message --arguments-file
[1.801s]   /home/paolo/purple_whales_ws/firmware/mcu_ws/build/ackermann_message/rosidl_adapter__arguments__ackermann_message.json
[1.801s]   --output-dir
[1.802s]   /home/paolo/purple_whales_ws/firmware/mcu_ws/build/ackermann_message/rosidl_adapter/ackermann_message
[1.804s]   --output-file
[1.804s]   /home/paolo/purple_whales_ws/firmware/mcu_ws/build/ackermann_message/rosidl_adapter/ackermann_message.idls)
[1.804s]   returned error code 1:
[1.804s] 
[1.805s]   Traceback (most recent call last):
[1.805s] 
[1.810s]     File "/usr/lib/python3.10/runpy.py", line 196, in _run_module_as_main
[1.811s]       return _run_code(code, main_globals, None,
[1.811s]     File "/usr/lib/python3.10/runpy.py", line 86, in _run_code
[1.811s]       exec(code, run_globals)
[1.811s]     File "/home/paolo/purple_whales_ws/firmware/mcu_ws/install/lib/python3.10/site-packages/rosidl_adapter/__main__.py", line 19, in <module>
[1.812s]       sys.exit(main())
[1.812s]     File "/home/paolo/purple_whales_ws/firmware/mcu_ws/install/lib/python3.10/site-packages/rosidl_adapter/main.py", line 53, in main
[1.812s]       abs_idl_file = convert_to_idl(
[1.812s]     File "/home/paolo/purple_whales_ws/firmware/mcu_ws/install/lib/python3.10/site-packages/rosidl_adapter/__init__.py", line 19, in convert_to_idl
[1.812s]       return convert_msg_to_idl(
[1.813s]     File "/home/paolo/purple_whales_ws/firmware/mcu_ws/install/lib/python3.10/site-packages/rosidl_adapter/msg/__init__.py", line 28, in convert_msg_to_idl
[1.813s]       msg = parse_message_string(package_name, input_file.stem, content)
[1.813s]     File "/home/paolo/purple_whales_ws/firmware/mcu_ws/install/lib/python3.10/site-packages/rosidl_adapter/parser.py", line 544, in parse_message_string
[1.813s]       msg = MessageSpecification(pkg_name, msg_name, fields, constants)
[1.814s]     File "/home/paolo/purple_whales_ws/firmware/mcu_ws/install/lib/python3.10/site-packages/rosidl_adapter/parser.py", line 388, in __init__
[1.814s]       self.base_type = BaseType(
[1.814s]     File "/home/paolo/purple_whales_ws/firmware/mcu_ws/install/lib/python3.10/site-packages/rosidl_adapter/parser.py", line 205, in __init__
[1.814s]       raise InvalidResourceName(
[1.814s] 
[1.814s]   rosidl_adapter.parser.InvalidResourceName: 'ackermann_message' is an
[1.814s]   invalid message name.  It should have the pattern '^[A-Z][A-Za-z0-9]*$'
[1.815s] 
[1.815s] Call Stack (most recent call first):
[1.815s]   /home/paolo/purple_whales_ws/firmware/mcu_ws/install/share/rosidl_cmake/cmake/rosidl_generate_interfaces.cmake:130 (rosidl_adapt_interfaces)
[1.816s]   CMakeLists.txt:28 (rosidl_generate_interfaces)
[1.816s] 
[1.816s] [0m
[1.816s] -- Configuring incomplete, errors occurred!
[1.817s] See also "/home/paolo/purple_whales_ws/firmware/mcu_ws/build/ackermann_message/CMakeFiles/CMakeOutput.log".
[1.849s] Invoked command in '/home/paolo/purple_whales_ws/firmware/mcu_ws/build/ackermann_message' returned '1': AMENT_PREFIX_PATH=/home/paolo/purple_whales_ws/firmware/mcu_ws/install:${AMENT_PREFIX_PATH} CMAKE_PREFIX_PATH=/home/paolo/purple_whales_ws/firmware/mcu_ws/install:/home/paolo/purple_whales_ws/firmware/dev_ws/install/ament_lint_common:/home/paolo/purple_whales_ws/firmware/dev_ws/install/ament_cmake_uncrustify:/home/paolo/purple_whales_ws/firmware/dev_ws/install/uncrustify_vendor:/home/paolo/purple_whales_ws/firmware/dev_ws/install/ament_cmake_ros:/home/paolo/purple_whales_ws/firmware/dev_ws/install/ament_cmake_auto:/home/paolo/purple_whales_ws/firmware/dev_ws/install/ament_cmake_gmock:/home/paolo/purple_whales_ws/firmware/dev_ws/install/gmock_vendor:/home/paolo/purple_whales_ws/firmware/dev_ws/install/ament_cmake_gtest:/home/paolo/purple_whales_ws/firmware/dev_ws/install/gtest_vendor:/home/paolo/purple_whales_ws/firmware/dev_ws/install/ament_cmake_xmllint:/home/paolo/purple_whales_ws/firmware/dev_ws/install/ament_cmake_pyflakes:/home/paolo/purple_whales_ws/firmware/dev_ws/install/ament_cmake_pycodestyle:/home/paolo/purple_whales_ws/firmware/dev_ws/install/ament_cmake_pep257:/home/paolo/purple_whales_ws/firmware/dev_ws/install/ament_cmake_pclint:/home/paolo/purple_whales_ws/firmware/dev_ws/install/ament_lint_auto:/home/paolo/purple_whales_ws/firmware/dev_ws/install/ament_cmake:/home/paolo/purple_whales_ws/firmware/dev_ws/install/ament_cmake_version:/home/paolo/purple_whales_ws/firmware/dev_ws/install/ament_cmake_vendor_package:/home/paolo/purple_whales_ws/firmware/dev_ws/install/ament_cmake_pytest:/home/paolo/purple_whales_ws/firmware/dev_ws/install/ament_cmake_nose:/home/paolo/purple_whales_ws/firmware/dev_ws/install/ament_cmake_mypy:/home/paolo/purple_whales_ws/firmware/dev_ws/install/ament_cmake_lint_cmake:/home/paolo/purple_whales_ws/firmware/dev_ws/install/ament_cmake_google_benchmark:/home/paolo/purple_whales_ws/firmware/dev_ws/install/ament_cmake_flake8:/home/paolo/purple_whales_ws/firmware/dev_ws/install/ament_cmake_cpplint:/home/paolo/purple_whales_ws/firmware/dev_ws/install/ament_cmake_cppcheck:/home/paolo/purple_whales_ws/firmware/dev_ws/install/ament_cmake_copyright:/home/paolo/purple_whales_ws/firmware/dev_ws/install/ament_cmake_clang_tidy:/home/paolo/purple_whales_ws/firmware/dev_ws/install/ament_cmake_clang_format:/home/paolo/purple_whales_ws/firmware/dev_ws/install/ament_cmake_test:/home/paolo/purple_whales_ws/firmware/dev_ws/install/ament_cmake_target_dependencies:/home/paolo/purple_whales_ws/firmware/dev_ws/install/ament_cmake_python:/home/paolo/purple_whales_ws/firmware/dev_ws/install/ament_cmake_export_dependencies:/home/paolo/purple_whales_ws/firmware/dev_ws/install/ament_cmake_libraries:/home/paolo/purple_whales_ws/firmware/dev_ws/install/ament_cmake_include_directories:/home/paolo/purple_whales_ws/firmware/dev_ws/install/ament_cmake_gen_version_h:/home/paolo/purple_whales_ws/firmware/dev_ws/install/ament_cmake_export_targets:/home/paolo/purple_whales_ws/firmware/dev_ws/install/ament_cmake_export_link_flags:/home/paolo/purple_whales_ws/firmware/dev_ws/install/ament_cmake_export_interfaces:/home/paolo/purple_whales_ws/firmware/dev_ws/install/ament_cmake_export_libraries:/home/paolo/purple_whales_ws/firmware/dev_ws/install/ament_cmake_export_include_directories:/home/paolo/purple_whales_ws/firmware/dev_ws/install/ament_cmake_export_definitions:/home/paolo/purple_whales_ws/firmware/dev_ws/install/ament_cmake_core:/home/paolo/purple_whales_ws/firmware/dev_ws/install/ament_index_cpp:/home/paolo/purple_whales_ws/firmware/dev_ws/install/ament_uncrustify:/home/paolo/purple_whales_ws/firmware/dev_ws/install/domain_coordinator:/home/paolo/purple_whales_ws/firmware/dev_ws/install/ament_xmllint:/home/paolo/purple_whales_ws/firmware/dev_ws/install/ament_pyflakes:/home/paolo/purple_whales_ws/firmware/dev_ws/install/ament_pycodestyle:/home/paolo/purple_whales_ws/firmware/dev_ws/install/ament_pep257:/home/paolo/purple_whales_ws/firmware/dev_ws/install/ament_pclint:/home/paolo/purple_whales_ws/firmware/dev_ws/install/ament_package:/home/paolo/purple_whales_ws/firmware/dev_ws/install/ament_mypy:/home/paolo/purple_whales_ws/firmware/dev_ws/install/ament_lint_cmake:/home/paolo/purple_whales_ws/firmware/dev_ws/install/ament_flake8:/home/paolo/purple_whales_ws/firmware/dev_ws/install/ament_copyright:/home/paolo/purple_whales_ws/firmware/dev_ws/install/ament_lint:/home/paolo/purple_whales_ws/firmware/dev_ws/install/ament_index_python:/home/paolo/purple_whales_ws/firmware/dev_ws/install/ament_cpplint:/home/paolo/purple_whales_ws/firmware/dev_ws/install/ament_cppcheck:/home/paolo/purple_whales_ws/firmware/dev_ws/install/ament_clang_tidy:/home/paolo/purple_whales_ws/firmware/dev_ws/install/ament_clang_format LD_LIBRARY_PATH=/home/paolo/purple_whales_ws/firmware/mcu_ws/install/lib:${LD_LIBRARY_PATH} PATH=/home/paolo/purple_whales_ws/firmware/mcu_ws/install/bin:${PATH} PYTHONPATH=/home/paolo/purple_whales_ws/firmware/mcu_ws/install/lib/python3.10/site-packages:${PYTHONPATH} /usr/bin/cmake /home/paolo/purple_whales_ws/firmware/mcu_ws/ackermann_message --no-warn-unused-cli -DCMAKE_POSITION_INDEPENDENT_CODE:BOOL=OFF -DTHIRDPARTY=ON -DBUILD_SHARED_LIBS=OFF -DBUILD_TESTING=OFF -DCMAKE_BUILD_TYPE=Debug -DCMAKE_TOOLCHAIN_FILE=/home/paolo/purple_whales_ws/firmware/freertos_apps/microros_esp32_extensions/esp32_toolchain.cmake -DCMAKE_VERBOSE_MAKEFILE=ON -DCMAKE_INSTALL_PREFIX=/home/paolo/purple_whales_ws/firmware/mcu_ws/install
