[0.296s] DEBUG:colcon:Command line arguments: ['/usr/bin/colcon', 'build']
[0.296s] DEBUG:colcon:Parsed command line arguments: Namespace(log_base=None, log_level=None, verb_name='build', build_base='build', install_base='install', merge_install=False, symlink_install=False, test_result_base=None, continue_on_error=False, executor='parallel', parallel_workers=20, event_handlers=None, ignore_user_meta=False, metas=['./colcon.meta'], base_paths=['.'], packages_ignore=None, packages_ignore_regex=None, paths=None, packages_up_to=None, packages_up_to_regex=None, packages_above=None, packages_above_and_dependencies=None, packages_above_depth=None, packages_select_by_dep=None, packages_skip_by_dep=None, packages_skip_up_to=None, packages_select_build_failed=False, packages_skip_build_finished=False, packages_select_test_failures=False, packages_skip_test_passed=False, packages_select=None, packages_skip=None, packages_select_regex=None, packages_skip_regex=None, packages_start=None, packages_end=None, allow_overriding=[], cmake_args=None, cmake_target=None, cmake_target_skip_unavailable=False, cmake_clean_cache=False, cmake_clean_first=False, cmake_force_configure=False, ament_cmake_args=None, catkin_cmake_args=None, catkin_skip_building_tests=False, verb_parser=<colcon_defaults.argument_parser.defaults.DefaultArgumentsDecorator object at 0x7f55266d7b50>, verb_extension=<colcon_core.verb.build.BuildVerb object at 0x7f5526880af0>, main=<bound method BuildVerb.main of <colcon_core.verb.build.BuildVerb object at 0x7f5526880af0>>)
[0.438s] Level 1:colcon.colcon_core.package_discovery:discover_packages(colcon_meta) check parameters
[0.439s] Level 1:colcon.colcon_core.package_discovery:discover_packages(recursive) check parameters
[0.439s] Level 1:colcon.colcon_core.package_discovery:discover_packages(ignore) check parameters
[0.439s] Level 1:colcon.colcon_core.package_discovery:discover_packages(path) check parameters
[0.439s] Level 1:colcon.colcon_core.package_discovery:discover_packages(colcon_meta) discover
[0.439s] Level 1:colcon.colcon_core.package_discovery:discover_packages(recursive) discover
[0.439s] INFO:colcon.colcon_core.package_discovery:Crawling recursively for packages in '/home/paolo/purple_whales_ws'
[0.439s] Level 1:colcon.colcon_core.package_identification:_identify(.) by extensions ['ignore', 'ignore_ament_install']
[0.439s] Level 1:colcon.colcon_core.package_identification:_identify(.) by extension 'ignore'
[0.439s] Level 1:colcon.colcon_core.package_identification:_identify(.) by extension 'ignore_ament_install'
[0.439s] Level 1:colcon.colcon_core.package_identification:_identify(.) by extensions ['colcon_pkg']
[0.439s] Level 1:colcon.colcon_core.package_identification:_identify(.) by extension 'colcon_pkg'
[0.439s] Level 1:colcon.colcon_core.package_identification:_identify(.) by extensions ['colcon_meta']
[0.439s] Level 1:colcon.colcon_core.package_identification:_identify(.) by extension 'colcon_meta'
[0.439s] Level 1:colcon.colcon_core.package_identification:_identify(.) by extensions ['ros']
[0.439s] Level 1:colcon.colcon_core.package_identification:_identify(.) by extension 'ros'
[0.457s] Level 1:colcon.colcon_core.package_identification:_identify(.) by extensions ['cmake', 'python']
[0.457s] Level 1:colcon.colcon_core.package_identification:_identify(.) by extension 'cmake'
[0.457s] Level 1:colcon.colcon_core.package_identification:_identify(.) by extension 'python'
[0.457s] Level 1:colcon.colcon_core.package_identification:_identify(.) by extensions ['python_setup_py']
[0.457s] Level 1:colcon.colcon_core.package_identification:_identify(.) by extension 'python_setup_py'
[0.458s] Level 1:colcon.colcon_core.package_identification:_identify(build) by extensions ['ignore', 'ignore_ament_install']
[0.458s] Level 1:colcon.colcon_core.package_identification:_identify(build) by extension 'ignore'
[0.458s] Level 1:colcon.colcon_core.package_identification:_identify(build) ignored
[0.458s] Level 1:colcon.colcon_core.package_identification:_identify(firmware) by extensions ['ignore', 'ignore_ament_install']
[0.458s] Level 1:colcon.colcon_core.package_identification:_identify(firmware) by extension 'ignore'
[0.458s] Level 1:colcon.colcon_core.package_identification:_identify(firmware) ignored
[0.458s] Level 1:colcon.colcon_core.package_identification:_identify(install) by extensions ['ignore', 'ignore_ament_install']
[0.458s] Level 1:colcon.colcon_core.package_identification:_identify(install) by extension 'ignore'
[0.458s] Level 1:colcon.colcon_core.package_identification:_identify(install) ignored
[0.458s] Level 1:colcon.colcon_core.package_identification:_identify(log) by extensions ['ignore', 'ignore_ament_install']
[0.458s] Level 1:colcon.colcon_core.package_identification:_identify(log) by extension 'ignore'
[0.459s] Level 1:colcon.colcon_core.package_identification:_identify(log) ignored
[0.459s] Level 1:colcon.colcon_core.package_identification:_identify(src) by extensions ['ignore', 'ignore_ament_install']
[0.459s] Level 1:colcon.colcon_core.package_identification:_identify(src) by extension 'ignore'
[0.459s] Level 1:colcon.colcon_core.package_identification:_identify(src) by extension 'ignore_ament_install'
[0.459s] Level 1:colcon.colcon_core.package_identification:_identify(src) by extensions ['colcon_pkg']
[0.459s] Level 1:colcon.colcon_core.package_identification:_identify(src) by extension 'colcon_pkg'
[0.459s] Level 1:colcon.colcon_core.package_identification:_identify(src) by extensions ['colcon_meta']
[0.459s] Level 1:colcon.colcon_core.package_identification:_identify(src) by extension 'colcon_meta'
[0.459s] Level 1:colcon.colcon_core.package_identification:_identify(src) by extensions ['ros']
[0.459s] Level 1:colcon.colcon_core.package_identification:_identify(src) by extension 'ros'
[0.459s] Level 1:colcon.colcon_core.package_identification:_identify(src) by extensions ['cmake', 'python']
[0.459s] Level 1:colcon.colcon_core.package_identification:_identify(src) by extension 'cmake'
[0.459s] Level 1:colcon.colcon_core.package_identification:_identify(src) by extension 'python'
[0.459s] Level 1:colcon.colcon_core.package_identification:_identify(src) by extensions ['python_setup_py']
[0.459s] Level 1:colcon.colcon_core.package_identification:_identify(src) by extension 'python_setup_py'
[0.459s] Level 1:colcon.colcon_core.package_identification:_identify(src/ackermann_msgs) by extensions ['ignore', 'ignore_ament_install']
[0.459s] Level 1:colcon.colcon_core.package_identification:_identify(src/ackermann_msgs) by extension 'ignore'
[0.459s] Level 1:colcon.colcon_core.package_identification:_identify(src/ackermann_msgs) by extension 'ignore_ament_install'
[0.459s] Level 1:colcon.colcon_core.package_identification:_identify(src/ackermann_msgs) by extensions ['colcon_pkg']
[0.459s] Level 1:colcon.colcon_core.package_identification:_identify(src/ackermann_msgs) by extension 'colcon_pkg'
[0.459s] Level 1:colcon.colcon_core.package_identification:_identify(src/ackermann_msgs) by extensions ['colcon_meta']
[0.459s] Level 1:colcon.colcon_core.package_identification:_identify(src/ackermann_msgs) by extension 'colcon_meta'
[0.459s] Level 1:colcon.colcon_core.package_identification:_identify(src/ackermann_msgs) by extensions ['ros']
[0.459s] Level 1:colcon.colcon_core.package_identification:_identify(src/ackermann_msgs) by extension 'ros'
[0.461s] DEBUG:colcon.colcon_core.package_identification:Package 'src/ackermann_msgs' with type 'ros.ament_cmake' and name 'ackermann_msgs'
[0.461s] Level 1:colcon.colcon_core.package_identification:_identify(src/micro_ros_setup) by extensions ['ignore', 'ignore_ament_install']
[0.461s] Level 1:colcon.colcon_core.package_identification:_identify(src/micro_ros_setup) by extension 'ignore'
[0.461s] Level 1:colcon.colcon_core.package_identification:_identify(src/micro_ros_setup) by extension 'ignore_ament_install'
[0.461s] Level 1:colcon.colcon_core.package_identification:_identify(src/micro_ros_setup) by extensions ['colcon_pkg']
[0.461s] Level 1:colcon.colcon_core.package_identification:_identify(src/micro_ros_setup) by extension 'colcon_pkg'
[0.461s] Level 1:colcon.colcon_core.package_identification:_identify(src/micro_ros_setup) by extensions ['colcon_meta']
[0.461s] Level 1:colcon.colcon_core.package_identification:_identify(src/micro_ros_setup) by extension 'colcon_meta'
[0.461s] Level 1:colcon.colcon_core.package_identification:_identify(src/micro_ros_setup) by extensions ['ros']
[0.461s] Level 1:colcon.colcon_core.package_identification:_identify(src/micro_ros_setup) by extension 'ros'
[0.462s] DEBUG:colcon.colcon_core.package_identification:Package 'src/micro_ros_setup' with type 'ros.ament_cmake' and name 'micro_ros_setup'
[0.462s] Level 1:colcon.colcon_core.package_identification:_identify(src/uaq_robot) by extensions ['ignore', 'ignore_ament_install']
[0.462s] Level 1:colcon.colcon_core.package_identification:_identify(src/uaq_robot) by extension 'ignore'
[0.462s] Level 1:colcon.colcon_core.package_identification:_identify(src/uaq_robot) by extension 'ignore_ament_install'
[0.462s] Level 1:colcon.colcon_core.package_identification:_identify(src/uaq_robot) by extensions ['colcon_pkg']
[0.462s] Level 1:colcon.colcon_core.package_identification:_identify(src/uaq_robot) by extension 'colcon_pkg'
[0.462s] Level 1:colcon.colcon_core.package_identification:_identify(src/uaq_robot) by extensions ['colcon_meta']
[0.462s] Level 1:colcon.colcon_core.package_identification:_identify(src/uaq_robot) by extension 'colcon_meta'
[0.462s] Level 1:colcon.colcon_core.package_identification:_identify(src/uaq_robot) by extensions ['ros']
[0.462s] Level 1:colcon.colcon_core.package_identification:_identify(src/uaq_robot) by extension 'ros'
[0.462s] DEBUG:colcon.colcon_core.package_identification:Package 'src/uaq_robot' with type 'ros.ament_python' and name 'uaq_robot'
[0.462s] Level 1:colcon.colcon_core.package_identification:_identify(src/uros) by extensions ['ignore', 'ignore_ament_install']
[0.462s] Level 1:colcon.colcon_core.package_identification:_identify(src/uros) by extension 'ignore'
[0.462s] Level 1:colcon.colcon_core.package_identification:_identify(src/uros) by extension 'ignore_ament_install'
[0.463s] Level 1:colcon.colcon_core.package_identification:_identify(src/uros) by extensions ['colcon_pkg']
[0.463s] Level 1:colcon.colcon_core.package_identification:_identify(src/uros) by extension 'colcon_pkg'
[0.463s] Level 1:colcon.colcon_core.package_identification:_identify(src/uros) by extensions ['colcon_meta']
[0.463s] Level 1:colcon.colcon_core.package_identification:_identify(src/uros) by extension 'colcon_meta'
[0.463s] Level 1:colcon.colcon_core.package_identification:_identify(src/uros) by extensions ['ros']
[0.463s] Level 1:colcon.colcon_core.package_identification:_identify(src/uros) by extension 'ros'
[0.463s] Level 1:colcon.colcon_core.package_identification:_identify(src/uros) by extensions ['cmake', 'python']
[0.463s] Level 1:colcon.colcon_core.package_identification:_identify(src/uros) by extension 'cmake'
[0.463s] Level 1:colcon.colcon_core.package_identification:_identify(src/uros) by extension 'python'
[0.463s] Level 1:colcon.colcon_core.package_identification:_identify(src/uros) by extensions ['python_setup_py']
[0.463s] Level 1:colcon.colcon_core.package_identification:_identify(src/uros) by extension 'python_setup_py'
[0.463s] Level 1:colcon.colcon_core.package_identification:_identify(src/uros/micro-ROS-Agent) by extensions ['ignore', 'ignore_ament_install']
[0.463s] Level 1:colcon.colcon_core.package_identification:_identify(src/uros/micro-ROS-Agent) by extension 'ignore'
[0.463s] Level 1:colcon.colcon_core.package_identification:_identify(src/uros/micro-ROS-Agent) by extension 'ignore_ament_install'
[0.463s] Level 1:colcon.colcon_core.package_identification:_identify(src/uros/micro-ROS-Agent) by extensions ['colcon_pkg']
[0.463s] Level 1:colcon.colcon_core.package_identification:_identify(src/uros/micro-ROS-Agent) by extension 'colcon_pkg'
[0.463s] Level 1:colcon.colcon_core.package_identification:_identify(src/uros/micro-ROS-Agent) by extensions ['colcon_meta']
[0.463s] Level 1:colcon.colcon_core.package_identification:_identify(src/uros/micro-ROS-Agent) by extension 'colcon_meta'
[0.463s] Level 1:colcon.colcon_core.package_identification:_identify(src/uros/micro-ROS-Agent) by extensions ['ros']
[0.463s] Level 1:colcon.colcon_core.package_identification:_identify(src/uros/micro-ROS-Agent) by extension 'ros'
[0.463s] Level 1:colcon.colcon_core.package_identification:_identify(src/uros/micro-ROS-Agent) by extensions ['cmake', 'python']
[0.463s] Level 1:colcon.colcon_core.package_identification:_identify(src/uros/micro-ROS-Agent) by extension 'cmake'
[0.463s] Level 1:colcon.colcon_core.package_identification:_identify(src/uros/micro-ROS-Agent) by extension 'python'
[0.463s] Level 1:colcon.colcon_core.package_identification:_identify(src/uros/micro-ROS-Agent) by extensions ['python_setup_py']
[0.463s] Level 1:colcon.colcon_core.package_identification:_identify(src/uros/micro-ROS-Agent) by extension 'python_setup_py'
[0.463s] Level 1:colcon.colcon_core.package_identification:_identify(src/uros/micro-ROS-Agent/micro_ros_agent) by extensions ['ignore', 'ignore_ament_install']
[0.463s] Level 1:colcon.colcon_core.package_identification:_identify(src/uros/micro-ROS-Agent/micro_ros_agent) by extension 'ignore'
[0.463s] Level 1:colcon.colcon_core.package_identification:_identify(src/uros/micro-ROS-Agent/micro_ros_agent) by extension 'ignore_ament_install'
[0.463s] Level 1:colcon.colcon_core.package_identification:_identify(src/uros/micro-ROS-Agent/micro_ros_agent) by extensions ['colcon_pkg']
[0.463s] Level 1:colcon.colcon_core.package_identification:_identify(src/uros/micro-ROS-Agent/micro_ros_agent) by extension 'colcon_pkg'
[0.463s] Level 1:colcon.colcon_core.package_identification:_identify(src/uros/micro-ROS-Agent/micro_ros_agent) by extensions ['colcon_meta']
[0.463s] Level 1:colcon.colcon_core.package_identification:_identify(src/uros/micro-ROS-Agent/micro_ros_agent) by extension 'colcon_meta'
[0.463s] Level 1:colcon.colcon_core.package_identification:_identify(src/uros/micro-ROS-Agent/micro_ros_agent) by extensions ['ros']
[0.463s] Level 1:colcon.colcon_core.package_identification:_identify(src/uros/micro-ROS-Agent/micro_ros_agent) by extension 'ros'
[0.464s] DEBUG:colcon.colcon_core.package_identification:Package 'src/uros/micro-ROS-Agent/micro_ros_agent' with type 'ros.ament_cmake' and name 'micro_ros_agent'
[0.464s] Level 1:colcon.colcon_core.package_identification:_identify(src/uros/micro-ROS-Agent/snap) by extensions ['ignore', 'ignore_ament_install']
[0.464s] Level 1:colcon.colcon_core.package_identification:_identify(src/uros/micro-ROS-Agent/snap) by extension 'ignore'
[0.464s] Level 1:colcon.colcon_core.package_identification:_identify(src/uros/micro-ROS-Agent/snap) by extension 'ignore_ament_install'
[0.464s] Level 1:colcon.colcon_core.package_identification:_identify(src/uros/micro-ROS-Agent/snap) by extensions ['colcon_pkg']
[0.464s] Level 1:colcon.colcon_core.package_identification:_identify(src/uros/micro-ROS-Agent/snap) by extension 'colcon_pkg'
[0.464s] Level 1:colcon.colcon_core.package_identification:_identify(src/uros/micro-ROS-Agent/snap) by extensions ['colcon_meta']
[0.464s] Level 1:colcon.colcon_core.package_identification:_identify(src/uros/micro-ROS-Agent/snap) by extension 'colcon_meta'
[0.464s] Level 1:colcon.colcon_core.package_identification:_identify(src/uros/micro-ROS-Agent/snap) by extensions ['ros']
[0.464s] Level 1:colcon.colcon_core.package_identification:_identify(src/uros/micro-ROS-Agent/snap) by extension 'ros'
[0.464s] Level 1:colcon.colcon_core.package_identification:_identify(src/uros/micro-ROS-Agent/snap) by extensions ['cmake', 'python']
[0.464s] Level 1:colcon.colcon_core.package_identification:_identify(src/uros/micro-ROS-Agent/snap) by extension 'cmake'
[0.464s] Level 1:colcon.colcon_core.package_identification:_identify(src/uros/micro-ROS-Agent/snap) by extension 'python'
[0.464s] Level 1:colcon.colcon_core.package_identification:_identify(src/uros/micro-ROS-Agent/snap) by extensions ['python_setup_py']
[0.464s] Level 1:colcon.colcon_core.package_identification:_identify(src/uros/micro-ROS-Agent/snap) by extension 'python_setup_py'
[0.464s] Level 1:colcon.colcon_core.package_identification:_identify(src/uros/micro-ROS-Agent/snap/hooks) by extensions ['ignore', 'ignore_ament_install']
[0.464s] Level 1:colcon.colcon_core.package_identification:_identify(src/uros/micro-ROS-Agent/snap/hooks) by extension 'ignore'
[0.464s] Level 1:colcon.colcon_core.package_identification:_identify(src/uros/micro-ROS-Agent/snap/hooks) by extension 'ignore_ament_install'
[0.465s] Level 1:colcon.colcon_core.package_identification:_identify(src/uros/micro-ROS-Agent/snap/hooks) by extensions ['colcon_pkg']
[0.465s] Level 1:colcon.colcon_core.package_identification:_identify(src/uros/micro-ROS-Agent/snap/hooks) by extension 'colcon_pkg'
[0.465s] Level 1:colcon.colcon_core.package_identification:_identify(src/uros/micro-ROS-Agent/snap/hooks) by extensions ['colcon_meta']
[0.465s] Level 1:colcon.colcon_core.package_identification:_identify(src/uros/micro-ROS-Agent/snap/hooks) by extension 'colcon_meta'
[0.465s] Level 1:colcon.colcon_core.package_identification:_identify(src/uros/micro-ROS-Agent/snap/hooks) by extensions ['ros']
[0.465s] Level 1:colcon.colcon_core.package_identification:_identify(src/uros/micro-ROS-Agent/snap/hooks) by extension 'ros'
[0.465s] Level 1:colcon.colcon_core.package_identification:_identify(src/uros/micro-ROS-Agent/snap/hooks) by extensions ['cmake', 'python']
[0.465s] Level 1:colcon.colcon_core.package_identification:_identify(src/uros/micro-ROS-Agent/snap/hooks) by extension 'cmake'
[0.465s] Level 1:colcon.colcon_core.package_identification:_identify(src/uros/micro-ROS-Agent/snap/hooks) by extension 'python'
[0.465s] Level 1:colcon.colcon_core.package_identification:_identify(src/uros/micro-ROS-Agent/snap/hooks) by extensions ['python_setup_py']
[0.465s] Level 1:colcon.colcon_core.package_identification:_identify(src/uros/micro-ROS-Agent/snap/hooks) by extension 'python_setup_py'
[0.465s] Level 1:colcon.colcon_core.package_identification:_identify(src/uros/micro-ROS-Agent/snap/local) by extensions ['ignore', 'ignore_ament_install']
[0.465s] Level 1:colcon.colcon_core.package_identification:_identify(src/uros/micro-ROS-Agent/snap/local) by extension 'ignore'
[0.465s] Level 1:colcon.colcon_core.package_identification:_identify(src/uros/micro-ROS-Agent/snap/local) by extension 'ignore_ament_install'
[0.465s] Level 1:colcon.colcon_core.package_identification:_identify(src/uros/micro-ROS-Agent/snap/local) by extensions ['colcon_pkg']
[0.465s] Level 1:colcon.colcon_core.package_identification:_identify(src/uros/micro-ROS-Agent/snap/local) by extension 'colcon_pkg'
[0.465s] Level 1:colcon.colcon_core.package_identification:_identify(src/uros/micro-ROS-Agent/snap/local) by extensions ['colcon_meta']
[0.465s] Level 1:colcon.colcon_core.package_identification:_identify(src/uros/micro-ROS-Agent/snap/local) by extension 'colcon_meta'
[0.465s] Level 1:colcon.colcon_core.package_identification:_identify(src/uros/micro-ROS-Agent/snap/local) by extensions ['ros']
[0.465s] Level 1:colcon.colcon_core.package_identification:_identify(src/uros/micro-ROS-Agent/snap/local) by extension 'ros'
[0.465s] Level 1:colcon.colcon_core.package_identification:_identify(src/uros/micro-ROS-Agent/snap/local) by extensions ['cmake', 'python']
[0.465s] Level 1:colcon.colcon_core.package_identification:_identify(src/uros/micro-ROS-Agent/snap/local) by extension 'cmake'
[0.465s] Level 1:colcon.colcon_core.package_identification:_identify(src/uros/micro-ROS-Agent/snap/local) by extension 'python'
[0.465s] Level 1:colcon.colcon_core.package_identification:_identify(src/uros/micro-ROS-Agent/snap/local) by extensions ['python_setup_py']
[0.465s] Level 1:colcon.colcon_core.package_identification:_identify(src/uros/micro-ROS-Agent/snap/local) by extension 'python_setup_py'
[0.465s] Level 1:colcon.colcon_core.package_identification:_identify(src/uros/micro_ros_msgs) by extensions ['ignore', 'ignore_ament_install']
[0.465s] Level 1:colcon.colcon_core.package_identification:_identify(src/uros/micro_ros_msgs) by extension 'ignore'
[0.465s] Level 1:colcon.colcon_core.package_identification:_identify(src/uros/micro_ros_msgs) by extension 'ignore_ament_install'
[0.465s] Level 1:colcon.colcon_core.package_identification:_identify(src/uros/micro_ros_msgs) by extensions ['colcon_pkg']
[0.465s] Level 1:colcon.colcon_core.package_identification:_identify(src/uros/micro_ros_msgs) by extension 'colcon_pkg'
[0.465s] Level 1:colcon.colcon_core.package_identification:_identify(src/uros/micro_ros_msgs) by extensions ['colcon_meta']
[0.465s] Level 1:colcon.colcon_core.package_identification:_identify(src/uros/micro_ros_msgs) by extension 'colcon_meta'
[0.465s] Level 1:colcon.colcon_core.package_identification:_identify(src/uros/micro_ros_msgs) by extensions ['ros']
[0.465s] Level 1:colcon.colcon_core.package_identification:_identify(src/uros/micro_ros_msgs) by extension 'ros'
[0.466s] DEBUG:colcon.colcon_core.package_identification:Package 'src/uros/micro_ros_msgs' with type 'ros.ament_cmake' and name 'micro_ros_msgs'
[0.466s] Level 1:colcon.colcon_core.package_discovery:discover_packages(recursive) using defaults
[0.466s] Level 1:colcon.colcon_core.package_discovery:discover_packages(ignore) discover
[0.466s] Level 1:colcon.colcon_core.package_discovery:discover_packages(ignore) using defaults
[0.466s] Level 1:colcon.colcon_core.package_discovery:discover_packages(path) discover
[0.466s] Level 1:colcon.colcon_core.package_discovery:discover_packages(path) using defaults
[0.494s] Level 1:colcon.colcon_core.package_discovery:discover_packages(prefix_path) check parameters
[0.494s] Level 1:colcon.colcon_core.package_discovery:discover_packages(prefix_path) discover
[0.497s] DEBUG:colcon.colcon_installed_package_information.package_discovery:Found 5 installed packages in /home/paolo/purple_whales_ws/install
[0.498s] DEBUG:colcon.colcon_installed_package_information.package_discovery:Found 288 installed packages in /opt/ros/humble
[0.532s] Level 1:colcon.colcon_core.package_discovery:discover_packages(prefix_path) using defaults
[0.566s] Level 5:colcon.colcon_core.verb:set package 'ackermann_msgs' build argument 'cmake_args' from command line to 'None'
[0.566s] Level 5:colcon.colcon_core.verb:set package 'ackermann_msgs' build argument 'cmake_target' from command line to 'None'
[0.566s] Level 5:colcon.colcon_core.verb:set package 'ackermann_msgs' build argument 'cmake_target_skip_unavailable' from command line to 'False'
[0.566s] Level 5:colcon.colcon_core.verb:set package 'ackermann_msgs' build argument 'cmake_clean_cache' from command line to 'False'
[0.566s] Level 5:colcon.colcon_core.verb:set package 'ackermann_msgs' build argument 'cmake_clean_first' from command line to 'False'
[0.566s] Level 5:colcon.colcon_core.verb:set package 'ackermann_msgs' build argument 'cmake_force_configure' from command line to 'False'
[0.566s] Level 5:colcon.colcon_core.verb:set package 'ackermann_msgs' build argument 'ament_cmake_args' from command line to 'None'
[0.566s] Level 5:colcon.colcon_core.verb:set package 'ackermann_msgs' build argument 'catkin_cmake_args' from command line to 'None'
[0.566s] Level 5:colcon.colcon_core.verb:set package 'ackermann_msgs' build argument 'catkin_skip_building_tests' from command line to 'False'
[0.566s] DEBUG:colcon.colcon_core.verb:Building package 'ackermann_msgs' with the following arguments: {'ament_cmake_args': None, 'build_base': '/home/paolo/purple_whales_ws/build/ackermann_msgs', 'catkin_cmake_args': None, 'catkin_skip_building_tests': False, 'cmake_args': None, 'cmake_clean_cache': False, 'cmake_clean_first': False, 'cmake_force_configure': False, 'cmake_target': None, 'cmake_target_skip_unavailable': False, 'install_base': '/home/paolo/purple_whales_ws/install/ackermann_msgs', 'merge_install': False, 'path': '/home/paolo/purple_whales_ws/src/ackermann_msgs', 'symlink_install': False, 'test_result_base': None}
[0.567s] Level 5:colcon.colcon_core.verb:set package 'micro_ros_msgs' build argument 'cmake_args' from command line to 'None'
[0.567s] Level 5:colcon.colcon_core.verb:set package 'micro_ros_msgs' build argument 'cmake_target' from command line to 'None'
[0.567s] Level 5:colcon.colcon_core.verb:set package 'micro_ros_msgs' build argument 'cmake_target_skip_unavailable' from command line to 'False'
[0.567s] Level 5:colcon.colcon_core.verb:set package 'micro_ros_msgs' build argument 'cmake_clean_cache' from command line to 'False'
[0.567s] Level 5:colcon.colcon_core.verb:set package 'micro_ros_msgs' build argument 'cmake_clean_first' from command line to 'False'
[0.567s] Level 5:colcon.colcon_core.verb:set package 'micro_ros_msgs' build argument 'cmake_force_configure' from command line to 'False'
[0.567s] Level 5:colcon.colcon_core.verb:set package 'micro_ros_msgs' build argument 'ament_cmake_args' from command line to 'None'
[0.567s] Level 5:colcon.colcon_core.verb:set package 'micro_ros_msgs' build argument 'catkin_cmake_args' from command line to 'None'
[0.567s] Level 5:colcon.colcon_core.verb:set package 'micro_ros_msgs' build argument 'catkin_skip_building_tests' from command line to 'False'
[0.567s] DEBUG:colcon.colcon_core.verb:Building package 'micro_ros_msgs' with the following arguments: {'ament_cmake_args': None, 'build_base': '/home/paolo/purple_whales_ws/build/micro_ros_msgs', 'catkin_cmake_args': None, 'catkin_skip_building_tests': False, 'cmake_args': None, 'cmake_clean_cache': False, 'cmake_clean_first': False, 'cmake_force_configure': False, 'cmake_target': None, 'cmake_target_skip_unavailable': False, 'install_base': '/home/paolo/purple_whales_ws/install/micro_ros_msgs', 'merge_install': False, 'path': '/home/paolo/purple_whales_ws/src/uros/micro_ros_msgs', 'symlink_install': False, 'test_result_base': None}
[0.567s] Level 5:colcon.colcon_core.verb:set package 'micro_ros_setup' build argument 'cmake_args' from command line to 'None'
[0.567s] Level 5:colcon.colcon_core.verb:set package 'micro_ros_setup' build argument 'cmake_target' from command line to 'None'
[0.567s] Level 5:colcon.colcon_core.verb:set package 'micro_ros_setup' build argument 'cmake_target_skip_unavailable' from command line to 'False'
[0.567s] Level 5:colcon.colcon_core.verb:set package 'micro_ros_setup' build argument 'cmake_clean_cache' from command line to 'False'
[0.567s] Level 5:colcon.colcon_core.verb:set package 'micro_ros_setup' build argument 'cmake_clean_first' from command line to 'False'
[0.567s] Level 5:colcon.colcon_core.verb:set package 'micro_ros_setup' build argument 'cmake_force_configure' from command line to 'False'
[0.567s] Level 5:colcon.colcon_core.verb:set package 'micro_ros_setup' build argument 'ament_cmake_args' from command line to 'None'
[0.567s] Level 5:colcon.colcon_core.verb:set package 'micro_ros_setup' build argument 'catkin_cmake_args' from command line to 'None'
[0.567s] Level 5:colcon.colcon_core.verb:set package 'micro_ros_setup' build argument 'catkin_skip_building_tests' from command line to 'False'
[0.567s] DEBUG:colcon.colcon_core.verb:Building package 'micro_ros_setup' with the following arguments: {'ament_cmake_args': None, 'build_base': '/home/paolo/purple_whales_ws/build/micro_ros_setup', 'catkin_cmake_args': None, 'catkin_skip_building_tests': False, 'cmake_args': None, 'cmake_clean_cache': False, 'cmake_clean_first': False, 'cmake_force_configure': False, 'cmake_target': None, 'cmake_target_skip_unavailable': False, 'install_base': '/home/paolo/purple_whales_ws/install/micro_ros_setup', 'merge_install': False, 'path': '/home/paolo/purple_whales_ws/src/micro_ros_setup', 'symlink_install': False, 'test_result_base': None}
[0.568s] Level 5:colcon.colcon_core.verb:set package 'uaq_robot' build argument 'cmake_args' from command line to 'None'
[0.568s] Level 5:colcon.colcon_core.verb:set package 'uaq_robot' build argument 'cmake_target' from command line to 'None'
[0.568s] Level 5:colcon.colcon_core.verb:set package 'uaq_robot' build argument 'cmake_target_skip_unavailable' from command line to 'False'
[0.568s] Level 5:colcon.colcon_core.verb:set package 'uaq_robot' build argument 'cmake_clean_cache' from command line to 'False'
[0.568s] Level 5:colcon.colcon_core.verb:set package 'uaq_robot' build argument 'cmake_clean_first' from command line to 'False'
[0.568s] Level 5:colcon.colcon_core.verb:set package 'uaq_robot' build argument 'cmake_force_configure' from command line to 'False'
[0.568s] Level 5:colcon.colcon_core.verb:set package 'uaq_robot' build argument 'ament_cmake_args' from command line to 'None'
[0.568s] Level 5:colcon.colcon_core.verb:set package 'uaq_robot' build argument 'catkin_cmake_args' from command line to 'None'
[0.568s] Level 5:colcon.colcon_core.verb:set package 'uaq_robot' build argument 'catkin_skip_building_tests' from command line to 'False'
[0.568s] DEBUG:colcon.colcon_core.verb:Building package 'uaq_robot' with the following arguments: {'ament_cmake_args': None, 'build_base': '/home/paolo/purple_whales_ws/build/uaq_robot', 'catkin_cmake_args': None, 'catkin_skip_building_tests': False, 'cmake_args': None, 'cmake_clean_cache': False, 'cmake_clean_first': False, 'cmake_force_configure': False, 'cmake_target': None, 'cmake_target_skip_unavailable': False, 'install_base': '/home/paolo/purple_whales_ws/install/uaq_robot', 'merge_install': False, 'path': '/home/paolo/purple_whales_ws/src/uaq_robot', 'symlink_install': False, 'test_result_base': None}
[0.568s] Level 5:colcon.colcon_core.verb:set package 'micro_ros_agent' build argument 'cmake_args' from command line to 'None'
[0.568s] Level 5:colcon.colcon_core.verb:set package 'micro_ros_agent' build argument 'cmake_target' from command line to 'None'
[0.568s] Level 5:colcon.colcon_core.verb:set package 'micro_ros_agent' build argument 'cmake_target_skip_unavailable' from command line to 'False'
[0.568s] Level 5:colcon.colcon_core.verb:set package 'micro_ros_agent' build argument 'cmake_clean_cache' from command line to 'False'
[0.568s] Level 5:colcon.colcon_core.verb:set package 'micro_ros_agent' build argument 'cmake_clean_first' from command line to 'False'
[0.568s] Level 5:colcon.colcon_core.verb:set package 'micro_ros_agent' build argument 'cmake_force_configure' from command line to 'False'
[0.568s] Level 5:colcon.colcon_core.verb:set package 'micro_ros_agent' build argument 'ament_cmake_args' from command line to 'None'
[0.568s] Level 5:colcon.colcon_core.verb:set package 'micro_ros_agent' build argument 'catkin_cmake_args' from command line to 'None'
[0.568s] Level 5:colcon.colcon_core.verb:set package 'micro_ros_agent' build argument 'catkin_skip_building_tests' from command line to 'False'
[0.568s] DEBUG:colcon.colcon_core.verb:Building package 'micro_ros_agent' with the following arguments: {'ament_cmake_args': None, 'build_base': '/home/paolo/purple_whales_ws/build/micro_ros_agent', 'catkin_cmake_args': None, 'catkin_skip_building_tests': False, 'cmake_args': None, 'cmake_clean_cache': False, 'cmake_clean_first': False, 'cmake_force_configure': False, 'cmake_target': None, 'cmake_target_skip_unavailable': False, 'install_base': '/home/paolo/purple_whales_ws/install/micro_ros_agent', 'merge_install': False, 'path': '/home/paolo/purple_whales_ws/src/uros/micro-ROS-Agent/micro_ros_agent', 'symlink_install': False, 'test_result_base': None}
[0.568s] INFO:colcon.colcon_core.executor:Executing jobs using 'parallel' executor
[0.571s] DEBUG:colcon.colcon_parallel_executor.executor.parallel:run_until_complete
[0.572s] INFO:colcon.colcon_ros.task.ament_cmake.build:Building ROS package in '/home/paolo/purple_whales_ws/src/uros/micro_ros_msgs' with build type 'ament_cmake'
[0.573s] INFO:colcon.colcon_cmake.task.cmake.build:Building CMake package in '/home/paolo/purple_whales_ws/src/uros/micro_ros_msgs'
[0.576s] INFO:colcon.colcon_core.plugin_system:Skipping extension 'colcon_core.shell.bat': Not used on non-Windows systems
[0.577s] INFO:colcon.colcon_core.shell:Skip shell extension 'powershell' for command environment: Not usable outside of PowerShell
[0.577s] DEBUG:colcon.colcon_core.shell:Skip shell extension 'dsv' for command environment
[0.580s] INFO:colcon.colcon_ros.task.ament_cmake.build:Building ROS package in '/home/paolo/purple_whales_ws/src/ackermann_msgs' with build type 'ament_cmake'
[0.580s] INFO:colcon.colcon_cmake.task.cmake.build:Building CMake package in '/home/paolo/purple_whales_ws/src/ackermann_msgs'
[0.581s] INFO:colcon.colcon_core.shell:Skip shell extension 'powershell' for command environment: Not usable outside of PowerShell
[0.581s] DEBUG:colcon.colcon_core.shell:Skip shell extension 'dsv' for command environment
[0.584s] INFO:colcon.colcon_ros.task.ament_cmake.build:Building ROS package in '/home/paolo/purple_whales_ws/src/micro_ros_setup' with build type 'ament_cmake'
[0.585s] INFO:colcon.colcon_cmake.task.cmake.build:Building CMake package in '/home/paolo/purple_whales_ws/src/micro_ros_setup'
[0.585s] INFO:colcon.colcon_core.shell:Skip shell extension 'powershell' for command environment: Not usable outside of PowerShell
[0.585s] DEBUG:colcon.colcon_core.shell:Skip shell extension 'dsv' for command environment
[0.590s] INFO:colcon.colcon_ros.task.ament_python.build:Building ROS package in '/home/paolo/purple_whales_ws/src/uaq_robot' with build type 'ament_python'
[0.590s] Level 1:colcon.colcon_core.shell:create_environment_hook('uaq_robot', 'ament_prefix_path')
[0.591s] INFO:colcon.colcon_core.shell:Creating environment hook '/home/paolo/purple_whales_ws/install/uaq_robot/share/uaq_robot/hook/ament_prefix_path.ps1'
[0.592s] INFO:colcon.colcon_core.shell:Creating environment descriptor '/home/paolo/purple_whales_ws/install/uaq_robot/share/uaq_robot/hook/ament_prefix_path.dsv'
[0.593s] INFO:colcon.colcon_core.shell:Creating environment hook '/home/paolo/purple_whales_ws/install/uaq_robot/share/uaq_robot/hook/ament_prefix_path.sh'
[0.594s] INFO:colcon.colcon_core.shell:Skip shell extension 'powershell' for command environment: Not usable outside of PowerShell
[0.594s] DEBUG:colcon.colcon_core.shell:Skip shell extension 'dsv' for command environment
[0.607s] DEBUG:colcon.colcon_core.event_handler.log_command:Invoking command in '/home/paolo/purple_whales_ws/build/micro_ros_msgs': CMAKE_PREFIX_PATH=${CMAKE_PREFIX_PATH}:/home/paolo/purple_whales_ws/install/uaq_robot:/opt/ros/humble /usr/bin/cmake --build /home/paolo/purple_whales_ws/build/micro_ros_msgs -- -j20 -l20
[0.611s] DEBUG:colcon.colcon_core.event_handler.log_command:Invoking command in '/home/paolo/purple_whales_ws/build/ackermann_msgs': CMAKE_PREFIX_PATH=${CMAKE_PREFIX_PATH}:/home/paolo/purple_whales_ws/install/uaq_robot:/opt/ros/humble /usr/bin/cmake --build /home/paolo/purple_whales_ws/build/ackermann_msgs -- -j20 -l20
[0.620s] DEBUG:colcon.colcon_core.event_handler.log_command:Invoking command in '/home/paolo/purple_whales_ws/build/micro_ros_setup': CMAKE_PREFIX_PATH=${CMAKE_PREFIX_PATH}:/home/paolo/purple_whales_ws/install/uaq_robot:/opt/ros/humble /usr/bin/cmake --build /home/paolo/purple_whales_ws/build/micro_ros_setup -- -j20 -l20
[0.975s] INFO:colcon.colcon_core.task.python.build:Building Python package in '/home/paolo/purple_whales_ws/src/uaq_robot'
[0.975s] INFO:colcon.colcon_core.shell:Skip shell extension 'powershell' for command environment: Not usable outside of PowerShell
[0.976s] DEBUG:colcon.colcon_core.shell:Skip shell extension 'dsv' for command environment
[0.987s] DEBUG:colcon.colcon_core.event_handler.log_command:Invoked command in '/home/paolo/purple_whales_ws/build/micro_ros_setup' returned '0': CMAKE_PREFIX_PATH=${CMAKE_PREFIX_PATH}:/home/paolo/purple_whales_ws/install/uaq_robot:/opt/ros/humble /usr/bin/cmake --build /home/paolo/purple_whales_ws/build/micro_ros_setup -- -j20 -l20
[1.024s] DEBUG:colcon.colcon_core.event_handler.log_command:Invoking command in '/home/paolo/purple_whales_ws/build/micro_ros_setup': CMAKE_PREFIX_PATH=${CMAKE_PREFIX_PATH}:/home/paolo/purple_whales_ws/install/uaq_robot:/opt/ros/humble /usr/bin/cmake --install /home/paolo/purple_whales_ws/build/micro_ros_setup
[1.050s] Level 1:colcon.colcon_core.environment:create_environment_scripts_only(micro_ros_setup)
[1.065s] DEBUG:colcon.colcon_core.event_handler.log_command:Invoked command in '/home/paolo/purple_whales_ws/build/micro_ros_setup' returned '0': CMAKE_PREFIX_PATH=${CMAKE_PREFIX_PATH}:/home/paolo/purple_whales_ws/install/uaq_robot:/opt/ros/humble /usr/bin/cmake --install /home/paolo/purple_whales_ws/build/micro_ros_setup
[1.069s] Level 1:colcon.colcon_core.environment:checking '/home/paolo/purple_whales_ws/install/micro_ros_setup' for CMake module files
[1.069s] Level 1:colcon.colcon_core.environment:checking '/home/paolo/purple_whales_ws/install/micro_ros_setup' for CMake config files
[1.070s] Level 1:colcon.colcon_core.shell:create_environment_hook('micro_ros_setup', 'cmake_prefix_path')
[1.070s] INFO:colcon.colcon_core.shell:Creating environment hook '/home/paolo/purple_whales_ws/install/micro_ros_setup/share/micro_ros_setup/hook/cmake_prefix_path.ps1'
[1.072s] INFO:colcon.colcon_core.shell:Creating environment descriptor '/home/paolo/purple_whales_ws/install/micro_ros_setup/share/micro_ros_setup/hook/cmake_prefix_path.dsv'
[1.073s] INFO:colcon.colcon_core.shell:Creating environment hook '/home/paolo/purple_whales_ws/install/micro_ros_setup/share/micro_ros_setup/hook/cmake_prefix_path.sh'
[1.074s] Level 1:colcon.colcon_core.environment:checking '/home/paolo/purple_whales_ws/install/micro_ros_setup/lib'
[1.076s] Level 1:colcon.colcon_core.environment:checking '/home/paolo/purple_whales_ws/install/micro_ros_setup/bin'
[1.077s] Level 1:colcon.colcon_core.environment:checking '/home/paolo/purple_whales_ws/install/micro_ros_setup/lib/pkgconfig/micro_ros_setup.pc'
[1.077s] Level 1:colcon.colcon_core.environment:checking '/home/paolo/purple_whales_ws/install/micro_ros_setup/lib/python3.10/site-packages'
[1.077s] Level 1:colcon.colcon_core.environment:checking '/home/paolo/purple_whales_ws/install/micro_ros_setup/bin'
[1.078s] INFO:colcon.colcon_core.shell:Creating package script '/home/paolo/purple_whales_ws/install/micro_ros_setup/share/micro_ros_setup/package.ps1'
[1.080s] INFO:colcon.colcon_core.shell:Creating package descriptor '/home/paolo/purple_whales_ws/install/micro_ros_setup/share/micro_ros_setup/package.dsv'
[1.081s] INFO:colcon.colcon_core.shell:Creating package script '/home/paolo/purple_whales_ws/install/micro_ros_setup/share/micro_ros_setup/package.sh'
[1.082s] INFO:colcon.colcon_core.shell:Creating package script '/home/paolo/purple_whales_ws/install/micro_ros_setup/share/micro_ros_setup/package.bash'
[1.083s] INFO:colcon.colcon_core.shell:Creating package script '/home/paolo/purple_whales_ws/install/micro_ros_setup/share/micro_ros_setup/package.zsh'
[1.085s] Level 1:colcon.colcon_core.environment:create_file_with_runtime_dependencies(/home/paolo/purple_whales_ws/install/micro_ros_setup/share/colcon-core/packages/micro_ros_setup)
[1.090s] DEBUG:colcon.colcon_core.event_handler.log_command:Invoked command in '/home/paolo/purple_whales_ws/build/micro_ros_msgs' returned '0': CMAKE_PREFIX_PATH=${CMAKE_PREFIX_PATH}:/home/paolo/purple_whales_ws/install/uaq_robot:/opt/ros/humble /usr/bin/cmake --build /home/paolo/purple_whales_ws/build/micro_ros_msgs -- -j20 -l20
[1.092s] DEBUG:colcon.colcon_core.event_handler.log_command:Invoked command in '/home/paolo/purple_whales_ws/build/ackermann_msgs' returned '0': CMAKE_PREFIX_PATH=${CMAKE_PREFIX_PATH}:/home/paolo/purple_whales_ws/install/uaq_robot:/opt/ros/humble /usr/bin/cmake --build /home/paolo/purple_whales_ws/build/ackermann_msgs -- -j20 -l20
[1.109s] Level 1:colcon.colcon_core.environment:create_environment_scripts_only(micro_ros_setup)
[1.110s] Level 1:colcon.colcon_core.environment:checking '/home/paolo/purple_whales_ws/install/micro_ros_setup' for CMake module files
[1.111s] Level 1:colcon.colcon_core.environment:checking '/home/paolo/purple_whales_ws/install/micro_ros_setup' for CMake config files
[1.111s] Level 1:colcon.colcon_core.shell:create_environment_hook('micro_ros_setup', 'cmake_prefix_path')
[1.112s] INFO:colcon.colcon_core.shell:Creating environment hook '/home/paolo/purple_whales_ws/install/micro_ros_setup/share/micro_ros_setup/hook/cmake_prefix_path.ps1'
[1.113s] INFO:colcon.colcon_core.shell:Creating environment descriptor '/home/paolo/purple_whales_ws/install/micro_ros_setup/share/micro_ros_setup/hook/cmake_prefix_path.dsv'
[1.113s] INFO:colcon.colcon_core.shell:Creating environment hook '/home/paolo/purple_whales_ws/install/micro_ros_setup/share/micro_ros_setup/hook/cmake_prefix_path.sh'
[1.114s] Level 1:colcon.colcon_core.environment:checking '/home/paolo/purple_whales_ws/install/micro_ros_setup/lib'
[1.114s] Level 1:colcon.colcon_core.environment:checking '/home/paolo/purple_whales_ws/install/micro_ros_setup/bin'
[1.114s] Level 1:colcon.colcon_core.environment:checking '/home/paolo/purple_whales_ws/install/micro_ros_setup/lib/pkgconfig/micro_ros_setup.pc'
[1.114s] Level 1:colcon.colcon_core.environment:checking '/home/paolo/purple_whales_ws/install/micro_ros_setup/lib/python3.10/site-packages'
[1.115s] Level 1:colcon.colcon_core.environment:checking '/home/paolo/purple_whales_ws/install/micro_ros_setup/bin'
[1.115s] INFO:colcon.colcon_core.shell:Creating package script '/home/paolo/purple_whales_ws/install/micro_ros_setup/share/micro_ros_setup/package.ps1'
[1.115s] INFO:colcon.colcon_core.shell:Creating package descriptor '/home/paolo/purple_whales_ws/install/micro_ros_setup/share/micro_ros_setup/package.dsv'
[1.115s] INFO:colcon.colcon_core.shell:Creating package script '/home/paolo/purple_whales_ws/install/micro_ros_setup/share/micro_ros_setup/package.sh'
[1.116s] INFO:colcon.colcon_core.shell:Creating package script '/home/paolo/purple_whales_ws/install/micro_ros_setup/share/micro_ros_setup/package.bash'
[1.116s] INFO:colcon.colcon_core.shell:Creating package script '/home/paolo/purple_whales_ws/install/micro_ros_setup/share/micro_ros_setup/package.zsh'
[1.116s] Level 1:colcon.colcon_core.environment:create_file_with_runtime_dependencies(/home/paolo/purple_whales_ws/install/micro_ros_setup/share/colcon-core/packages/micro_ros_setup)
[1.148s] DEBUG:colcon.colcon_core.event_handler.log_command:Invoking command in '/home/paolo/purple_whales_ws/build/ackermann_msgs': CMAKE_PREFIX_PATH=${CMAKE_PREFIX_PATH}:/home/paolo/purple_whales_ws/install/uaq_robot:/opt/ros/humble /usr/bin/cmake --install /home/paolo/purple_whales_ws/build/ackermann_msgs
[1.182s] DEBUG:colcon.colcon_core.event_handler.log_command:Invoking command in '/home/paolo/purple_whales_ws/build/micro_ros_msgs': CMAKE_PREFIX_PATH=${CMAKE_PREFIX_PATH}:/home/paolo/purple_whales_ws/install/uaq_robot:/opt/ros/humble /usr/bin/cmake --install /home/paolo/purple_whales_ws/build/micro_ros_msgs
[1.224s] Level 1:colcon.colcon_core.environment:create_environment_scripts_only(ackermann_msgs)
[1.225s] Level 1:colcon.colcon_core.environment:checking '/home/paolo/purple_whales_ws/install/ackermann_msgs' for CMake module files
[1.226s] DEBUG:colcon.colcon_core.event_handler.log_command:Invoked command in '/home/paolo/purple_whales_ws/build/ackermann_msgs' returned '0': CMAKE_PREFIX_PATH=${CMAKE_PREFIX_PATH}:/home/paolo/purple_whales_ws/install/uaq_robot:/opt/ros/humble /usr/bin/cmake --install /home/paolo/purple_whales_ws/build/ackermann_msgs
[1.226s] Level 1:colcon.colcon_core.environment:checking '/home/paolo/purple_whales_ws/install/ackermann_msgs' for CMake config files
[1.226s] Level 1:colcon.colcon_core.shell:create_environment_hook('ackermann_msgs', 'cmake_prefix_path')
[1.227s] INFO:colcon.colcon_core.shell:Creating environment hook '/home/paolo/purple_whales_ws/install/ackermann_msgs/share/ackermann_msgs/hook/cmake_prefix_path.ps1'
[1.227s] INFO:colcon.colcon_core.shell:Creating environment descriptor '/home/paolo/purple_whales_ws/install/ackermann_msgs/share/ackermann_msgs/hook/cmake_prefix_path.dsv'
[1.228s] INFO:colcon.colcon_core.shell:Creating environment hook '/home/paolo/purple_whales_ws/install/ackermann_msgs/share/ackermann_msgs/hook/cmake_prefix_path.sh'
[1.228s] Level 1:colcon.colcon_core.environment:checking '/home/paolo/purple_whales_ws/install/ackermann_msgs/lib'
[1.228s] Level 1:colcon.colcon_core.shell:create_environment_hook('ackermann_msgs', 'ld_library_path_lib')
[1.229s] INFO:colcon.colcon_core.shell:Creating environment hook '/home/paolo/purple_whales_ws/install/ackermann_msgs/share/ackermann_msgs/hook/ld_library_path_lib.ps1'
[1.230s] INFO:colcon.colcon_core.shell:Creating environment descriptor '/home/paolo/purple_whales_ws/install/ackermann_msgs/share/ackermann_msgs/hook/ld_library_path_lib.dsv'
[1.230s] INFO:colcon.colcon_core.shell:Creating environment hook '/home/paolo/purple_whales_ws/install/ackermann_msgs/share/ackermann_msgs/hook/ld_library_path_lib.sh'
[1.231s] Level 1:colcon.colcon_core.environment:checking '/home/paolo/purple_whales_ws/install/ackermann_msgs/bin'
[1.231s] Level 1:colcon.colcon_core.environment:checking '/home/paolo/purple_whales_ws/install/ackermann_msgs/lib/pkgconfig/ackermann_msgs.pc'
[1.231s] Level 1:colcon.colcon_core.environment:checking '/home/paolo/purple_whales_ws/install/ackermann_msgs/lib/python3.10/site-packages'
[1.231s] Level 1:colcon.colcon_core.environment:checking '/home/paolo/purple_whales_ws/install/ackermann_msgs/bin'
[1.232s] INFO:colcon.colcon_core.shell:Creating package script '/home/paolo/purple_whales_ws/install/ackermann_msgs/share/ackermann_msgs/package.ps1'
[1.233s] INFO:colcon.colcon_core.shell:Creating package descriptor '/home/paolo/purple_whales_ws/install/ackermann_msgs/share/ackermann_msgs/package.dsv'
[1.233s] INFO:colcon.colcon_core.shell:Creating package script '/home/paolo/purple_whales_ws/install/ackermann_msgs/share/ackermann_msgs/package.sh'
[1.233s] INFO:colcon.colcon_core.shell:Creating package script '/home/paolo/purple_whales_ws/install/ackermann_msgs/share/ackermann_msgs/package.bash'
[1.234s] INFO:colcon.colcon_core.shell:Creating package script '/home/paolo/purple_whales_ws/install/ackermann_msgs/share/ackermann_msgs/package.zsh'
[1.234s] Level 1:colcon.colcon_core.environment:create_file_with_runtime_dependencies(/home/paolo/purple_whales_ws/install/ackermann_msgs/share/colcon-core/packages/ackermann_msgs)
[1.256s] Level 1:colcon.colcon_core.environment:create_environment_scripts_only(micro_ros_msgs)
[1.257s] Level 1:colcon.colcon_core.environment:checking '/home/paolo/purple_whales_ws/install/micro_ros_msgs' for CMake module files
[1.259s] DEBUG:colcon.colcon_core.event_handler.log_command:Invoked command in '/home/paolo/purple_whales_ws/build/micro_ros_msgs' returned '0': CMAKE_PREFIX_PATH=${CMAKE_PREFIX_PATH}:/home/paolo/purple_whales_ws/install/uaq_robot:/opt/ros/humble /usr/bin/cmake --install /home/paolo/purple_whales_ws/build/micro_ros_msgs
[1.259s] Level 1:colcon.colcon_core.environment:checking '/home/paolo/purple_whales_ws/install/micro_ros_msgs' for CMake config files
[1.260s] Level 1:colcon.colcon_core.shell:create_environment_hook('micro_ros_msgs', 'cmake_prefix_path')
[1.260s] INFO:colcon.colcon_core.shell:Creating environment hook '/home/paolo/purple_whales_ws/install/micro_ros_msgs/share/micro_ros_msgs/hook/cmake_prefix_path.ps1'
[1.262s] INFO:colcon.colcon_core.shell:Creating environment descriptor '/home/paolo/purple_whales_ws/install/micro_ros_msgs/share/micro_ros_msgs/hook/cmake_prefix_path.dsv'
[1.262s] INFO:colcon.colcon_core.shell:Creating environment hook '/home/paolo/purple_whales_ws/install/micro_ros_msgs/share/micro_ros_msgs/hook/cmake_prefix_path.sh'
[1.263s] Level 1:colcon.colcon_core.environment:checking '/home/paolo/purple_whales_ws/install/micro_ros_msgs/lib'
[1.263s] Level 1:colcon.colcon_core.shell:create_environment_hook('micro_ros_msgs', 'ld_library_path_lib')
[1.264s] INFO:colcon.colcon_core.shell:Creating environment hook '/home/paolo/purple_whales_ws/install/micro_ros_msgs/share/micro_ros_msgs/hook/ld_library_path_lib.ps1'
[1.264s] INFO:colcon.colcon_core.shell:Creating environment descriptor '/home/paolo/purple_whales_ws/install/micro_ros_msgs/share/micro_ros_msgs/hook/ld_library_path_lib.dsv'
[1.265s] INFO:colcon.colcon_core.shell:Creating environment hook '/home/paolo/purple_whales_ws/install/micro_ros_msgs/share/micro_ros_msgs/hook/ld_library_path_lib.sh'
[1.265s] Level 1:colcon.colcon_core.environment:checking '/home/paolo/purple_whales_ws/install/micro_ros_msgs/bin'
[1.265s] Level 1:colcon.colcon_core.environment:checking '/home/paolo/purple_whales_ws/install/micro_ros_msgs/lib/pkgconfig/micro_ros_msgs.pc'
[1.265s] Level 1:colcon.colcon_core.environment:checking '/home/paolo/purple_whales_ws/install/micro_ros_msgs/lib/python3.10/site-packages'
[1.266s] Level 1:colcon.colcon_core.environment:checking '/home/paolo/purple_whales_ws/install/micro_ros_msgs/bin'
[1.266s] INFO:colcon.colcon_core.shell:Creating package script '/home/paolo/purple_whales_ws/install/micro_ros_msgs/share/micro_ros_msgs/package.ps1'
[1.267s] INFO:colcon.colcon_core.shell:Creating package descriptor '/home/paolo/purple_whales_ws/install/micro_ros_msgs/share/micro_ros_msgs/package.dsv'
[1.268s] INFO:colcon.colcon_core.shell:Creating package script '/home/paolo/purple_whales_ws/install/micro_ros_msgs/share/micro_ros_msgs/package.sh'
[1.268s] INFO:colcon.colcon_core.shell:Creating package script '/home/paolo/purple_whales_ws/install/micro_ros_msgs/share/micro_ros_msgs/package.bash'
[1.269s] INFO:colcon.colcon_core.shell:Creating package script '/home/paolo/purple_whales_ws/install/micro_ros_msgs/share/micro_ros_msgs/package.zsh'
[1.269s] Level 1:colcon.colcon_core.environment:create_file_with_runtime_dependencies(/home/paolo/purple_whales_ws/install/micro_ros_msgs/share/colcon-core/packages/micro_ros_msgs)
[1.291s] Level 1:colcon.colcon_core.environment:create_environment_scripts_only(ackermann_msgs)
[1.291s] Level 1:colcon.colcon_core.environment:checking '/home/paolo/purple_whales_ws/install/ackermann_msgs' for CMake module files
[1.292s] Level 1:colcon.colcon_core.environment:checking '/home/paolo/purple_whales_ws/install/ackermann_msgs' for CMake config files
[1.292s] Level 1:colcon.colcon_core.shell:create_environment_hook('ackermann_msgs', 'cmake_prefix_path')
[1.292s] INFO:colcon.colcon_core.shell:Creating environment hook '/home/paolo/purple_whales_ws/install/ackermann_msgs/share/ackermann_msgs/hook/cmake_prefix_path.ps1'
[1.293s] INFO:colcon.colcon_core.shell:Creating environment descriptor '/home/paolo/purple_whales_ws/install/ackermann_msgs/share/ackermann_msgs/hook/cmake_prefix_path.dsv'
[1.293s] INFO:colcon.colcon_core.shell:Creating environment hook '/home/paolo/purple_whales_ws/install/ackermann_msgs/share/ackermann_msgs/hook/cmake_prefix_path.sh'
[1.295s] Level 1:colcon.colcon_core.environment:checking '/home/paolo/purple_whales_ws/install/ackermann_msgs/lib'
[1.295s] Level 1:colcon.colcon_core.shell:create_environment_hook('ackermann_msgs', 'ld_library_path_lib')
[1.295s] INFO:colcon.colcon_core.shell:Creating environment hook '/home/paolo/purple_whales_ws/install/ackermann_msgs/share/ackermann_msgs/hook/ld_library_path_lib.ps1'
[1.296s] INFO:colcon.colcon_core.shell:Creating environment descriptor '/home/paolo/purple_whales_ws/install/ackermann_msgs/share/ackermann_msgs/hook/ld_library_path_lib.dsv'
[1.296s] INFO:colcon.colcon_core.shell:Creating environment hook '/home/paolo/purple_whales_ws/install/ackermann_msgs/share/ackermann_msgs/hook/ld_library_path_lib.sh'
[1.297s] Level 1:colcon.colcon_core.environment:checking '/home/paolo/purple_whales_ws/install/ackermann_msgs/bin'
[1.297s] Level 1:colcon.colcon_core.environment:checking '/home/paolo/purple_whales_ws/install/ackermann_msgs/lib/pkgconfig/ackermann_msgs.pc'
[1.297s] Level 1:colcon.colcon_core.environment:checking '/home/paolo/purple_whales_ws/install/ackermann_msgs/lib/python3.10/site-packages'
[1.297s] Level 1:colcon.colcon_core.environment:checking '/home/paolo/purple_whales_ws/install/ackermann_msgs/bin'
[1.298s] INFO:colcon.colcon_core.shell:Creating package script '/home/paolo/purple_whales_ws/install/ackermann_msgs/share/ackermann_msgs/package.ps1'
[1.299s] INFO:colcon.colcon_core.shell:Creating package descriptor '/home/paolo/purple_whales_ws/install/ackermann_msgs/share/ackermann_msgs/package.dsv'
[1.300s] INFO:colcon.colcon_core.shell:Creating package script '/home/paolo/purple_whales_ws/install/ackermann_msgs/share/ackermann_msgs/package.sh'
[1.300s] INFO:colcon.colcon_core.shell:Creating package script '/home/paolo/purple_whales_ws/install/ackermann_msgs/share/ackermann_msgs/package.bash'
[1.300s] INFO:colcon.colcon_core.shell:Creating package script '/home/paolo/purple_whales_ws/install/ackermann_msgs/share/ackermann_msgs/package.zsh'
[1.301s] Level 1:colcon.colcon_core.environment:create_file_with_runtime_dependencies(/home/paolo/purple_whales_ws/install/ackermann_msgs/share/colcon-core/packages/ackermann_msgs)
[1.356s] Level 1:colcon.colcon_core.environment:create_environment_scripts_only(micro_ros_msgs)
[1.357s] Level 1:colcon.colcon_core.environment:checking '/home/paolo/purple_whales_ws/install/micro_ros_msgs' for CMake module files
[1.357s] Level 1:colcon.colcon_core.environment:checking '/home/paolo/purple_whales_ws/install/micro_ros_msgs' for CMake config files
[1.357s] Level 1:colcon.colcon_core.shell:create_environment_hook('micro_ros_msgs', 'cmake_prefix_path')
[1.358s] INFO:colcon.colcon_core.shell:Creating environment hook '/home/paolo/purple_whales_ws/install/micro_ros_msgs/share/micro_ros_msgs/hook/cmake_prefix_path.ps1'
[1.358s] INFO:colcon.colcon_core.shell:Creating environment descriptor '/home/paolo/purple_whales_ws/install/micro_ros_msgs/share/micro_ros_msgs/hook/cmake_prefix_path.dsv'
[1.358s] INFO:colcon.colcon_core.shell:Creating environment hook '/home/paolo/purple_whales_ws/install/micro_ros_msgs/share/micro_ros_msgs/hook/cmake_prefix_path.sh'
[1.359s] Level 1:colcon.colcon_core.environment:checking '/home/paolo/purple_whales_ws/install/micro_ros_msgs/lib'
[1.359s] Level 1:colcon.colcon_core.shell:create_environment_hook('micro_ros_msgs', 'ld_library_path_lib')
[1.359s] INFO:colcon.colcon_core.shell:Creating environment hook '/home/paolo/purple_whales_ws/install/micro_ros_msgs/share/micro_ros_msgs/hook/ld_library_path_lib.ps1'
[1.359s] INFO:colcon.colcon_core.shell:Creating environment descriptor '/home/paolo/purple_whales_ws/install/micro_ros_msgs/share/micro_ros_msgs/hook/ld_library_path_lib.dsv'
[1.360s] INFO:colcon.colcon_core.shell:Creating environment hook '/home/paolo/purple_whales_ws/install/micro_ros_msgs/share/micro_ros_msgs/hook/ld_library_path_lib.sh'
[1.360s] Level 1:colcon.colcon_core.environment:checking '/home/paolo/purple_whales_ws/install/micro_ros_msgs/bin'
[1.360s] Level 1:colcon.colcon_core.environment:checking '/home/paolo/purple_whales_ws/install/micro_ros_msgs/lib/pkgconfig/micro_ros_msgs.pc'
[1.361s] Level 1:colcon.colcon_core.environment:checking '/home/paolo/purple_whales_ws/install/micro_ros_msgs/lib/python3.10/site-packages'
[1.361s] Level 1:colcon.colcon_core.environment:checking '/home/paolo/purple_whales_ws/install/micro_ros_msgs/bin'
[1.361s] INFO:colcon.colcon_core.shell:Creating package script '/home/paolo/purple_whales_ws/install/micro_ros_msgs/share/micro_ros_msgs/package.ps1'
[1.362s] INFO:colcon.colcon_core.shell:Creating package descriptor '/home/paolo/purple_whales_ws/install/micro_ros_msgs/share/micro_ros_msgs/package.dsv'
[1.362s] INFO:colcon.colcon_core.shell:Creating package script '/home/paolo/purple_whales_ws/install/micro_ros_msgs/share/micro_ros_msgs/package.sh'
[1.363s] INFO:colcon.colcon_core.shell:Creating package script '/home/paolo/purple_whales_ws/install/micro_ros_msgs/share/micro_ros_msgs/package.bash'
[1.363s] INFO:colcon.colcon_core.shell:Creating package script '/home/paolo/purple_whales_ws/install/micro_ros_msgs/share/micro_ros_msgs/package.zsh'
[1.363s] Level 1:colcon.colcon_core.environment:create_file_with_runtime_dependencies(/home/paolo/purple_whales_ws/install/micro_ros_msgs/share/colcon-core/packages/micro_ros_msgs)
[1.365s] INFO:colcon.colcon_ros.task.ament_cmake.build:Building ROS package in '/home/paolo/purple_whales_ws/src/uros/micro-ROS-Agent/micro_ros_agent' with build type 'ament_cmake'
[1.365s] INFO:colcon.colcon_cmake.task.cmake.build:Building CMake package in '/home/paolo/purple_whales_ws/src/uros/micro-ROS-Agent/micro_ros_agent'
[1.366s] INFO:colcon.colcon_core.shell:Skip shell extension 'powershell' for command environment: Not usable outside of PowerShell
[1.366s] DEBUG:colcon.colcon_core.shell:Skip shell extension 'dsv' for command environment
[1.496s] DEBUG:colcon.colcon_core.event_handler.log_command:Invoking command in '/home/paolo/purple_whales_ws/src/uaq_robot': PYTHONPATH=/home/paolo/purple_whales_ws/build/uaq_robot/prefix_override:/home/paolo/purple_whales_ws/install/uaq_robot/lib/python3.10/site-packages:${PYTHONPATH} /usr/bin/python3 -W ignore:setup.py install is deprecated setup.py egg_info --egg-base ../../build/uaq_robot build --build-base /home/paolo/purple_whales_ws/build/uaq_robot/build install --record /home/paolo/purple_whales_ws/build/uaq_robot/install.log --single-version-externally-managed install_data
[1.581s] DEBUG:colcon.colcon_core.event_handler.log_command:Invoking command in '/home/paolo/purple_whales_ws/build/micro_ros_agent': CMAKE_PREFIX_PATH=/home/paolo/purple_whales_ws/install/micro_ros_msgs:/home/paolo/purple_whales_ws/install/micro_ros_setup:/home/paolo/purple_whales_ws/install/micro_ros_agent:/home/paolo/purple_whales_ws/install/ackermann_msgs:/home/paolo/purple_whales_ws/install/uaq_robot:/opt/ros/humble LD_LIBRARY_PATH=/home/paolo/purple_whales_ws/install/micro_ros_msgs/lib:/home/paolo/purple_whales_ws/install/micro_ros_agent/lib:/home/paolo/purple_whales_ws/install/ackermann_msgs/lib:/opt/ros/humble/opt/rviz_ogre_vendor/lib:/opt/ros/humble/lib/x86_64-linux-gnu:/opt/ros/humble/lib /usr/bin/cmake --build /home/paolo/purple_whales_ws/build/micro_ros_agent -- -j20 -l20
[1.655s] DEBUG:colcon.colcon_core.event_handler.log_command:Invoked command in '/home/paolo/purple_whales_ws/build/micro_ros_agent' returned '0': CMAKE_PREFIX_PATH=/home/paolo/purple_whales_ws/install/micro_ros_msgs:/home/paolo/purple_whales_ws/install/micro_ros_setup:/home/paolo/purple_whales_ws/install/micro_ros_agent:/home/paolo/purple_whales_ws/install/ackermann_msgs:/home/paolo/purple_whales_ws/install/uaq_robot:/opt/ros/humble LD_LIBRARY_PATH=/home/paolo/purple_whales_ws/install/micro_ros_msgs/lib:/home/paolo/purple_whales_ws/install/micro_ros_agent/lib:/home/paolo/purple_whales_ws/install/ackermann_msgs/lib:/opt/ros/humble/opt/rviz_ogre_vendor/lib:/opt/ros/humble/lib/x86_64-linux-gnu:/opt/ros/humble/lib /usr/bin/cmake --build /home/paolo/purple_whales_ws/build/micro_ros_agent -- -j20 -l20
[1.691s] DEBUG:colcon.colcon_core.event_handler.log_command:Invoking command in '/home/paolo/purple_whales_ws/build/micro_ros_agent': CMAKE_PREFIX_PATH=/home/paolo/purple_whales_ws/install/micro_ros_msgs:/home/paolo/purple_whales_ws/install/micro_ros_setup:/home/paolo/purple_whales_ws/install/micro_ros_agent:/home/paolo/purple_whales_ws/install/ackermann_msgs:/home/paolo/purple_whales_ws/install/uaq_robot:/opt/ros/humble LD_LIBRARY_PATH=/home/paolo/purple_whales_ws/install/micro_ros_msgs/lib:/home/paolo/purple_whales_ws/install/micro_ros_agent/lib:/home/paolo/purple_whales_ws/install/ackermann_msgs/lib:/opt/ros/humble/opt/rviz_ogre_vendor/lib:/opt/ros/humble/lib/x86_64-linux-gnu:/opt/ros/humble/lib /usr/bin/cmake --install /home/paolo/purple_whales_ws/build/micro_ros_agent
[1.711s] Level 1:colcon.colcon_core.environment:create_environment_scripts_only(micro_ros_agent)
[1.712s] DEBUG:colcon.colcon_core.event_handler.log_command:Invoked command in '/home/paolo/purple_whales_ws/build/micro_ros_agent' returned '0': CMAKE_PREFIX_PATH=/home/paolo/purple_whales_ws/install/micro_ros_msgs:/home/paolo/purple_whales_ws/install/micro_ros_setup:/home/paolo/purple_whales_ws/install/micro_ros_agent:/home/paolo/purple_whales_ws/install/ackermann_msgs:/home/paolo/purple_whales_ws/install/uaq_robot:/opt/ros/humble LD_LIBRARY_PATH=/home/paolo/purple_whales_ws/install/micro_ros_msgs/lib:/home/paolo/purple_whales_ws/install/micro_ros_agent/lib:/home/paolo/purple_whales_ws/install/ackermann_msgs/lib:/opt/ros/humble/opt/rviz_ogre_vendor/lib:/opt/ros/humble/lib/x86_64-linux-gnu:/opt/ros/humble/lib /usr/bin/cmake --install /home/paolo/purple_whales_ws/build/micro_ros_agent
[1.713s] Level 1:colcon.colcon_core.environment:checking '/home/paolo/purple_whales_ws/install/micro_ros_agent' for CMake module files
[1.714s] Level 1:colcon.colcon_core.environment:checking '/home/paolo/purple_whales_ws/install/micro_ros_agent' for CMake config files
[1.714s] Level 1:colcon.colcon_core.shell:create_environment_hook('micro_ros_agent', 'cmake_prefix_path')
[1.714s] INFO:colcon.colcon_core.shell:Creating environment hook '/home/paolo/purple_whales_ws/install/micro_ros_agent/share/micro_ros_agent/hook/cmake_prefix_path.ps1'
[1.715s] INFO:colcon.colcon_core.shell:Creating environment descriptor '/home/paolo/purple_whales_ws/install/micro_ros_agent/share/micro_ros_agent/hook/cmake_prefix_path.dsv'
[1.716s] INFO:colcon.colcon_core.shell:Creating environment hook '/home/paolo/purple_whales_ws/install/micro_ros_agent/share/micro_ros_agent/hook/cmake_prefix_path.sh'
[1.716s] Level 1:colcon.colcon_core.environment:checking '/home/paolo/purple_whales_ws/install/micro_ros_agent/lib'
[1.716s] Level 1:colcon.colcon_core.shell:create_environment_hook('micro_ros_agent', 'ld_library_path_lib')
[1.717s] INFO:colcon.colcon_core.shell:Creating environment hook '/home/paolo/purple_whales_ws/install/micro_ros_agent/share/micro_ros_agent/hook/ld_library_path_lib.ps1'
[1.717s] INFO:colcon.colcon_core.shell:Creating environment descriptor '/home/paolo/purple_whales_ws/install/micro_ros_agent/share/micro_ros_agent/hook/ld_library_path_lib.dsv'
[1.717s] INFO:colcon.colcon_core.shell:Creating environment hook '/home/paolo/purple_whales_ws/install/micro_ros_agent/share/micro_ros_agent/hook/ld_library_path_lib.sh'
[1.717s] Level 1:colcon.colcon_core.environment:checking '/home/paolo/purple_whales_ws/install/micro_ros_agent/bin'
[1.717s] Level 1:colcon.colcon_core.environment:checking '/home/paolo/purple_whales_ws/install/micro_ros_agent/lib/pkgconfig/micro_ros_agent.pc'
[1.718s] Level 1:colcon.colcon_core.environment:checking '/home/paolo/purple_whales_ws/install/micro_ros_agent/lib/python3.10/site-packages'
[1.718s] Level 1:colcon.colcon_core.environment:checking '/home/paolo/purple_whales_ws/install/micro_ros_agent/bin'
[1.718s] INFO:colcon.colcon_core.shell:Creating package script '/home/paolo/purple_whales_ws/install/micro_ros_agent/share/micro_ros_agent/package.ps1'
[1.719s] INFO:colcon.colcon_core.shell:Creating package descriptor '/home/paolo/purple_whales_ws/install/micro_ros_agent/share/micro_ros_agent/package.dsv'
[1.719s] INFO:colcon.colcon_core.shell:Creating package script '/home/paolo/purple_whales_ws/install/micro_ros_agent/share/micro_ros_agent/package.sh'
[1.719s] INFO:colcon.colcon_core.shell:Creating package script '/home/paolo/purple_whales_ws/install/micro_ros_agent/share/micro_ros_agent/package.bash'
[1.720s] INFO:colcon.colcon_core.shell:Creating package script '/home/paolo/purple_whales_ws/install/micro_ros_agent/share/micro_ros_agent/package.zsh'
[1.720s] Level 1:colcon.colcon_core.environment:create_file_with_runtime_dependencies(/home/paolo/purple_whales_ws/install/micro_ros_agent/share/colcon-core/packages/micro_ros_agent)
[1.759s] Level 1:colcon.colcon_core.environment:create_environment_scripts_only(micro_ros_agent)
[1.760s] Level 1:colcon.colcon_core.environment:checking '/home/paolo/purple_whales_ws/install/micro_ros_agent' for CMake module files
[1.761s] Level 1:colcon.colcon_core.environment:checking '/home/paolo/purple_whales_ws/install/micro_ros_agent' for CMake config files
[1.761s] Level 1:colcon.colcon_core.shell:create_environment_hook('micro_ros_agent', 'cmake_prefix_path')
[1.762s] INFO:colcon.colcon_core.shell:Creating environment hook '/home/paolo/purple_whales_ws/install/micro_ros_agent/share/micro_ros_agent/hook/cmake_prefix_path.ps1'
[1.763s] INFO:colcon.colcon_core.shell:Creating environment descriptor '/home/paolo/purple_whales_ws/install/micro_ros_agent/share/micro_ros_agent/hook/cmake_prefix_path.dsv'
[1.763s] INFO:colcon.colcon_core.shell:Creating environment hook '/home/paolo/purple_whales_ws/install/micro_ros_agent/share/micro_ros_agent/hook/cmake_prefix_path.sh'
[1.764s] Level 1:colcon.colcon_core.environment:checking '/home/paolo/purple_whales_ws/install/micro_ros_agent/lib'
[1.764s] Level 1:colcon.colcon_core.shell:create_environment_hook('micro_ros_agent', 'ld_library_path_lib')
[1.764s] INFO:colcon.colcon_core.shell:Creating environment hook '/home/paolo/purple_whales_ws/install/micro_ros_agent/share/micro_ros_agent/hook/ld_library_path_lib.ps1'
[1.765s] INFO:colcon.colcon_core.shell:Creating environment descriptor '/home/paolo/purple_whales_ws/install/micro_ros_agent/share/micro_ros_agent/hook/ld_library_path_lib.dsv'
[1.765s] INFO:colcon.colcon_core.shell:Creating environment hook '/home/paolo/purple_whales_ws/install/micro_ros_agent/share/micro_ros_agent/hook/ld_library_path_lib.sh'
[1.765s] Level 1:colcon.colcon_core.environment:checking '/home/paolo/purple_whales_ws/install/micro_ros_agent/bin'
[1.766s] Level 1:colcon.colcon_core.environment:checking '/home/paolo/purple_whales_ws/install/micro_ros_agent/lib/pkgconfig/micro_ros_agent.pc'
[1.766s] Level 1:colcon.colcon_core.environment:checking '/home/paolo/purple_whales_ws/install/micro_ros_agent/lib/python3.10/site-packages'
[1.766s] Level 1:colcon.colcon_core.environment:checking '/home/paolo/purple_whales_ws/install/micro_ros_agent/bin'
[1.767s] INFO:colcon.colcon_core.shell:Creating package script '/home/paolo/purple_whales_ws/install/micro_ros_agent/share/micro_ros_agent/package.ps1'
[1.769s] INFO:colcon.colcon_core.shell:Creating package descriptor '/home/paolo/purple_whales_ws/install/micro_ros_agent/share/micro_ros_agent/package.dsv'
[1.770s] INFO:colcon.colcon_core.shell:Creating package script '/home/paolo/purple_whales_ws/install/micro_ros_agent/share/micro_ros_agent/package.sh'
[1.771s] INFO:colcon.colcon_core.shell:Creating package script '/home/paolo/purple_whales_ws/install/micro_ros_agent/share/micro_ros_agent/package.bash'
[1.771s] INFO:colcon.colcon_core.shell:Creating package script '/home/paolo/purple_whales_ws/install/micro_ros_agent/share/micro_ros_agent/package.zsh'
[1.771s] Level 1:colcon.colcon_core.environment:create_file_with_runtime_dependencies(/home/paolo/purple_whales_ws/install/micro_ros_agent/share/colcon-core/packages/micro_ros_agent)
[1.854s] Level 1:colcon.colcon_core.environment:checking '/home/paolo/purple_whales_ws/install/uaq_robot' for CMake module files
[1.854s] DEBUG:colcon.colcon_core.event_handler.log_command:Invoked command in '/home/paolo/purple_whales_ws/src/uaq_robot' returned '0': PYTHONPATH=/home/paolo/purple_whales_ws/build/uaq_robot/prefix_override:/home/paolo/purple_whales_ws/install/uaq_robot/lib/python3.10/site-packages:${PYTHONPATH} /usr/bin/python3 -W ignore:setup.py install is deprecated setup.py egg_info --egg-base ../../build/uaq_robot build --build-base /home/paolo/purple_whales_ws/build/uaq_robot/build install --record /home/paolo/purple_whales_ws/build/uaq_robot/install.log --single-version-externally-managed install_data
[1.855s] Level 1:colcon.colcon_core.environment:checking '/home/paolo/purple_whales_ws/install/uaq_robot' for CMake config files
[1.855s] Level 1:colcon.colcon_core.environment:checking '/home/paolo/purple_whales_ws/install/uaq_robot/lib'
[1.855s] Level 1:colcon.colcon_core.environment:checking '/home/paolo/purple_whales_ws/install/uaq_robot/bin'
[1.855s] Level 1:colcon.colcon_core.environment:checking '/home/paolo/purple_whales_ws/install/uaq_robot/lib/pkgconfig/uaq_robot.pc'
[1.855s] Level 1:colcon.colcon_core.environment:checking '/home/paolo/purple_whales_ws/install/uaq_robot/lib/python3.10/site-packages'
[1.855s] Level 1:colcon.colcon_core.shell:create_environment_hook('uaq_robot', 'pythonpath')
[1.855s] INFO:colcon.colcon_core.shell:Creating environment hook '/home/paolo/purple_whales_ws/install/uaq_robot/share/uaq_robot/hook/pythonpath.ps1'
[1.856s] INFO:colcon.colcon_core.shell:Creating environment descriptor '/home/paolo/purple_whales_ws/install/uaq_robot/share/uaq_robot/hook/pythonpath.dsv'
[1.856s] INFO:colcon.colcon_core.shell:Creating environment hook '/home/paolo/purple_whales_ws/install/uaq_robot/share/uaq_robot/hook/pythonpath.sh'
[1.857s] Level 1:colcon.colcon_core.environment:checking '/home/paolo/purple_whales_ws/install/uaq_robot/bin'
[1.857s] Level 1:colcon.colcon_core.environment:create_environment_scripts_only(uaq_robot)
[1.857s] INFO:colcon.colcon_core.shell:Creating package script '/home/paolo/purple_whales_ws/install/uaq_robot/share/uaq_robot/package.ps1'
[1.857s] INFO:colcon.colcon_core.shell:Creating package descriptor '/home/paolo/purple_whales_ws/install/uaq_robot/share/uaq_robot/package.dsv'
[1.858s] INFO:colcon.colcon_core.shell:Creating package script '/home/paolo/purple_whales_ws/install/uaq_robot/share/uaq_robot/package.sh'
[1.858s] INFO:colcon.colcon_core.shell:Creating package script '/home/paolo/purple_whales_ws/install/uaq_robot/share/uaq_robot/package.bash'
[1.858s] INFO:colcon.colcon_core.shell:Creating package script '/home/paolo/purple_whales_ws/install/uaq_robot/share/uaq_robot/package.zsh'
[1.858s] Level 1:colcon.colcon_core.environment:create_file_with_runtime_dependencies(/home/paolo/purple_whales_ws/install/uaq_robot/share/colcon-core/packages/uaq_robot)
[1.859s] DEBUG:colcon.colcon_parallel_executor.executor.parallel:closing loop
[1.860s] DEBUG:colcon.colcon_parallel_executor.executor.parallel:loop closed
[1.860s] DEBUG:colcon.colcon_parallel_executor.executor.parallel:run_until_complete finished with '0'
[1.861s] DEBUG:colcon.colcon_core.event_reactor:joining thread
[1.972s] INFO:colcon.colcon_core.plugin_system:Skipping extension 'colcon_notification.desktop_notification.notify_send': Could not find 'notify-send'
[1.972s] INFO:colcon.colcon_core.plugin_system:Skipping extension 'colcon_notification.desktop_notification.terminal_notifier': Not used on non-Darwin systems
[1.972s] INFO:colcon.colcon_core.plugin_system:Skipping extension 'colcon_notification.desktop_notification.win32': Not used on non-Windows systems
[1.972s] INFO:colcon.colcon_notification.desktop_notification:Sending desktop notification using 'notify2'
[1.973s] DEBUG:colcon.colcon_notification.desktop_notification.notify2:Failed to initialize notify2: org.freedesktop.DBus.Error.FileNotFound: Failed to connect to socket /run/user/1000/bus: No such file or directory
[1.973s] DEBUG:colcon.colcon_core.event_reactor:joined thread
[1.973s] INFO:colcon.colcon_core.shell:Creating prefix script '/home/paolo/purple_whales_ws/install/local_setup.ps1'
[1.975s] INFO:colcon.colcon_core.shell:Creating prefix util module '/home/paolo/purple_whales_ws/install/_local_setup_util_ps1.py'
[1.977s] INFO:colcon.colcon_core.shell:Creating prefix chain script '/home/paolo/purple_whales_ws/install/setup.ps1'
[1.979s] INFO:colcon.colcon_core.shell:Creating prefix script '/home/paolo/purple_whales_ws/install/local_setup.sh'
[1.979s] INFO:colcon.colcon_core.shell:Creating prefix util module '/home/paolo/purple_whales_ws/install/_local_setup_util_sh.py'
[1.979s] INFO:colcon.colcon_core.shell:Creating prefix chain script '/home/paolo/purple_whales_ws/install/setup.sh'
[1.980s] INFO:colcon.colcon_core.shell:Creating prefix script '/home/paolo/purple_whales_ws/install/local_setup.bash'
[1.981s] INFO:colcon.colcon_core.shell:Creating prefix chain script '/home/paolo/purple_whales_ws/install/setup.bash'
[1.983s] INFO:colcon.colcon_core.shell:Creating prefix script '/home/paolo/purple_whales_ws/install/local_setup.zsh'
[1.983s] INFO:colcon.colcon_core.shell:Creating prefix chain script '/home/paolo/purple_whales_ws/install/setup.zsh'
