[35m[1mConsolidate compiler generated dependencies of target ackermann_msgs__rosidl_generator_c[0m
[  3%] Built target ackermann_msgs__cpp
[ 12%] Built target ackermann_msgs__rosidl_generator_c
[ 12%] Built target ament_cmake_python_copy_ackermann_msgs
[35m[1mConsolidate compiler generated dependencies of target ackermann_msgs__rosidl_typesupport_cpp[0m
[35m[1mConsolidate compiler generated dependencies of target ackermann_msgs__rosidl_typesupport_introspection_cpp[0m
[35m[1mConsolidate compiler generated dependencies of target ackermann_msgs__rosidl_typesupport_fastrtps_cpp[0m
[35m[1mConsolidate compiler generated dependencies of target ackermann_msgs__rosidl_typesupport_introspection_c[0m
[35m[1mConsolidate compiler generated dependencies of target ackermann_msgs__rosidl_typesupport_c[0m
[35m[1mConsolidate compiler generated dependencies of target ackermann_msgs__rosidl_typesupport_fastrtps_c[0m
[ 41%] Built target ackermann_msgs__rosidl_typesupport_cpp
[ 41%] Built target ackermann_msgs__rosidl_typesupport_fastrtps_cpp
[ 41%] Built target ackermann_msgs__rosidl_typesupport_introspection_cpp
[ 70%] Built target ackermann_msgs__rosidl_typesupport_c
[ 70%] Built target ackermann_msgs__rosidl_typesupport_fastrtps_c
[ 70%] Built target ackermann_msgs__rosidl_typesupport_introspection_c
[ 70%] Built target ackermann_msgs
[ 74%] Built target ackermann_msgs__py
[35m[1mConsolidate compiler generated dependencies of target ackermann_msgs__rosidl_generator_py[0m
[ 80%] Built target ackermann_msgs__rosidl_generator_py
[35m[1mConsolidate compiler generated dependencies of target ackermann_msgs__rosidl_typesupport_introspection_c__pyext[0m
[35m[1mConsolidate compiler generated dependencies of target ackermann_msgs__rosidl_typesupport_fastrtps_c__pyext[0m
[35m[1mConsolidate compiler generated dependencies of target ackermann_msgs__rosidl_typesupport_c__pyext[0m
[100%] Built target ackermann_msgs__rosidl_typesupport_c__pyext
[100%] Built target ackermann_msgs__rosidl_typesupport_fastrtps_c__pyext
[100%] Built target ackermann_msgs__rosidl_typesupport_introspection_c__pyext
running egg_info
writing ackermann_msgs.egg-info/PKG-INFO
writing dependency_links to ackermann_msgs.egg-info/dependency_links.txt
writing top-level names to ackermann_msgs.egg-info/top_level.txt
reading manifest file 'ackermann_msgs.egg-info/SOURCES.txt'
writing manifest file 'ackermann_msgs.egg-info/SOURCES.txt'
[100%] Built target ament_cmake_python_build_ackermann_msgs_egg
-- Install configuration: ""
-- Up-to-date: /home/paolo/purple_whales_ws/install/ackermann_msgs/share/ament_index/resource_index/rosidl_interfaces/ackermann_msgs
-- Up-to-date: /home/paolo/purple_whales_ws/install/ackermann_msgs/include/ackermann_msgs/ackermann_msgs
-- Up-to-date: /home/paolo/purple_whales_ws/install/ackermann_msgs/include/ackermann_msgs/ackermann_msgs/msg
-- Up-to-date: /home/paolo/purple_whales_ws/install/ackermann_msgs/include/ackermann_msgs/ackermann_msgs/msg/detail
-- Up-to-date: /home/paolo/purple_whales_ws/install/ackermann_msgs/include/ackermann_msgs/ackermann_msgs/msg/detail/ackermann_message__struct.h
-- Up-to-date: /home/paolo/purple_whales_ws/install/ackermann_msgs/include/ackermann_msgs/ackermann_msgs/msg/detail/ackermann_message__type_support.h
-- Up-to-date: /home/paolo/purple_whales_ws/install/ackermann_msgs/include/ackermann_msgs/ackermann_msgs/msg/detail/ackermann_message__functions.h
-- Up-to-date: /home/paolo/purple_whales_ws/install/ackermann_msgs/include/ackermann_msgs/ackermann_msgs/msg/detail/ackermann_message__functions.c
-- Up-to-date: /home/paolo/purple_whales_ws/install/ackermann_msgs/include/ackermann_msgs/ackermann_msgs/msg/ackermann_message.h
-- Up-to-date: /home/paolo/purple_whales_ws/install/ackermann_msgs/include/ackermann_msgs/ackermann_msgs/msg/rosidl_generator_c__visibility_control.h
-- Up-to-date: /home/paolo/purple_whales_ws/install/ackermann_msgs/share/ackermann_msgs/environment/library_path.sh
-- Up-to-date: /home/paolo/purple_whales_ws/install/ackermann_msgs/share/ackermann_msgs/environment/library_path.dsv
-- Up-to-date: /home/paolo/purple_whales_ws/install/ackermann_msgs/lib/libackermann_msgs__rosidl_generator_c.so
-- Up-to-date: /home/paolo/purple_whales_ws/install/ackermann_msgs/include/ackermann_msgs/ackermann_msgs
-- Up-to-date: /home/paolo/purple_whales_ws/install/ackermann_msgs/include/ackermann_msgs/ackermann_msgs/msg
-- Up-to-date: /home/paolo/purple_whales_ws/install/ackermann_msgs/include/ackermann_msgs/ackermann_msgs/msg/detail
-- Up-to-date: /home/paolo/purple_whales_ws/install/ackermann_msgs/include/ackermann_msgs/ackermann_msgs/msg/detail/ackermann_message__rosidl_typesupport_fastrtps_c.h
-- Up-to-date: /home/paolo/purple_whales_ws/install/ackermann_msgs/include/ackermann_msgs/ackermann_msgs/msg/rosidl_typesupport_fastrtps_c__visibility_control.h
-- Up-to-date: /home/paolo/purple_whales_ws/install/ackermann_msgs/lib/libackermann_msgs__rosidl_typesupport_fastrtps_c.so
-- Up-to-date: /home/paolo/purple_whales_ws/install/ackermann_msgs/include/ackermann_msgs/ackermann_msgs
-- Up-to-date: /home/paolo/purple_whales_ws/install/ackermann_msgs/include/ackermann_msgs/ackermann_msgs/msg
-- Up-to-date: /home/paolo/purple_whales_ws/install/ackermann_msgs/include/ackermann_msgs/ackermann_msgs/msg/detail
-- Up-to-date: /home/paolo/purple_whales_ws/install/ackermann_msgs/include/ackermann_msgs/ackermann_msgs/msg/detail/ackermann_message__type_support.c
-- Up-to-date: /home/paolo/purple_whales_ws/install/ackermann_msgs/include/ackermann_msgs/ackermann_msgs/msg/detail/ackermann_message__rosidl_typesupport_introspection_c.h
-- Up-to-date: /home/paolo/purple_whales_ws/install/ackermann_msgs/include/ackermann_msgs/ackermann_msgs/msg/rosidl_typesupport_introspection_c__visibility_control.h
-- Up-to-date: /home/paolo/purple_whales_ws/install/ackermann_msgs/lib/libackermann_msgs__rosidl_typesupport_introspection_c.so
-- Up-to-date: /home/paolo/purple_whales_ws/install/ackermann_msgs/lib/libackermann_msgs__rosidl_typesupport_c.so
-- Up-to-date: /home/paolo/purple_whales_ws/install/ackermann_msgs/include/ackermann_msgs/ackermann_msgs
-- Up-to-date: /home/paolo/purple_whales_ws/install/ackermann_msgs/include/ackermann_msgs/ackermann_msgs/msg
-- Up-to-date: /home/paolo/purple_whales_ws/install/ackermann_msgs/include/ackermann_msgs/ackermann_msgs/msg/detail
-- Up-to-date: /home/paolo/purple_whales_ws/install/ackermann_msgs/include/ackermann_msgs/ackermann_msgs/msg/detail/ackermann_message__traits.hpp
-- Up-to-date: /home/paolo/purple_whales_ws/install/ackermann_msgs/include/ackermann_msgs/ackermann_msgs/msg/detail/ackermann_message__builder.hpp
-- Up-to-date: /home/paolo/purple_whales_ws/install/ackermann_msgs/include/ackermann_msgs/ackermann_msgs/msg/detail/ackermann_message__struct.hpp
-- Up-to-date: /home/paolo/purple_whales_ws/install/ackermann_msgs/include/ackermann_msgs/ackermann_msgs/msg/ackermann_message.hpp
-- Up-to-date: /home/paolo/purple_whales_ws/install/ackermann_msgs/include/ackermann_msgs/ackermann_msgs
-- Up-to-date: /home/paolo/purple_whales_ws/install/ackermann_msgs/include/ackermann_msgs/ackermann_msgs/msg
-- Up-to-date: /home/paolo/purple_whales_ws/install/ackermann_msgs/include/ackermann_msgs/ackermann_msgs/msg/detail
-- Up-to-date: /home/paolo/purple_whales_ws/install/ackermann_msgs/include/ackermann_msgs/ackermann_msgs/msg/detail/ackermann_message__rosidl_typesupport_fastrtps_cpp.hpp
-- Up-to-date: /home/paolo/purple_whales_ws/install/ackermann_msgs/include/ackermann_msgs/ackermann_msgs/msg/detail/dds_fastrtps
-- Up-to-date: /home/paolo/purple_whales_ws/install/ackermann_msgs/include/ackermann_msgs/ackermann_msgs/msg/rosidl_typesupport_fastrtps_cpp__visibility_control.h
-- Up-to-date: /home/paolo/purple_whales_ws/install/ackermann_msgs/lib/libackermann_msgs__rosidl_typesupport_fastrtps_cpp.so
-- Up-to-date: /home/paolo/purple_whales_ws/install/ackermann_msgs/include/ackermann_msgs/ackermann_msgs
-- Up-to-date: /home/paolo/purple_whales_ws/install/ackermann_msgs/include/ackermann_msgs/ackermann_msgs/msg
-- Up-to-date: /home/paolo/purple_whales_ws/install/ackermann_msgs/include/ackermann_msgs/ackermann_msgs/msg/detail
-- Up-to-date: /home/paolo/purple_whales_ws/install/ackermann_msgs/include/ackermann_msgs/ackermann_msgs/msg/detail/ackermann_message__rosidl_typesupport_introspection_cpp.hpp
-- Up-to-date: /home/paolo/purple_whales_ws/install/ackermann_msgs/include/ackermann_msgs/ackermann_msgs/msg/detail/ackermann_message__type_support.cpp
-- Up-to-date: /home/paolo/purple_whales_ws/install/ackermann_msgs/lib/libackermann_msgs__rosidl_typesupport_introspection_cpp.so
-- Up-to-date: /home/paolo/purple_whales_ws/install/ackermann_msgs/lib/libackermann_msgs__rosidl_typesupport_cpp.so
-- Up-to-date: /home/paolo/purple_whales_ws/install/ackermann_msgs/share/ackermann_msgs/environment/pythonpath.sh
-- Up-to-date: /home/paolo/purple_whales_ws/install/ackermann_msgs/share/ackermann_msgs/environment/pythonpath.dsv
-- Up-to-date: /home/paolo/purple_whales_ws/install/ackermann_msgs/local/lib/python3.10/dist-packages/ackermann_msgs-0.0.0-py3.10.egg-info
-- Installing: /home/paolo/purple_whales_ws/install/ackermann_msgs/local/lib/python3.10/dist-packages/ackermann_msgs-0.0.0-py3.10.egg-info/dependency_links.txt
-- Installing: /home/paolo/purple_whales_ws/install/ackermann_msgs/local/lib/python3.10/dist-packages/ackermann_msgs-0.0.0-py3.10.egg-info/top_level.txt
-- Installing: /home/paolo/purple_whales_ws/install/ackermann_msgs/local/lib/python3.10/dist-packages/ackermann_msgs-0.0.0-py3.10.egg-info/PKG-INFO
-- Installing: /home/paolo/purple_whales_ws/install/ackermann_msgs/local/lib/python3.10/dist-packages/ackermann_msgs-0.0.0-py3.10.egg-info/SOURCES.txt
-- Up-to-date: /home/paolo/purple_whales_ws/install/ackermann_msgs/local/lib/python3.10/dist-packages/ackermann_msgs
-- Up-to-date: /home/paolo/purple_whales_ws/install/ackermann_msgs/local/lib/python3.10/dist-packages/ackermann_msgs/ackermann_msgs_s__rosidl_typesupport_c.cpython-310-x86_64-linux-gnu.so
-- Up-to-date: /home/paolo/purple_whales_ws/install/ackermann_msgs/local/lib/python3.10/dist-packages/ackermann_msgs/libackermann_msgs__rosidl_generator_py.so
-- Up-to-date: /home/paolo/purple_whales_ws/install/ackermann_msgs/local/lib/python3.10/dist-packages/ackermann_msgs/msg
-- Up-to-date: /home/paolo/purple_whales_ws/install/ackermann_msgs/local/lib/python3.10/dist-packages/ackermann_msgs/msg/__init__.py
-- Up-to-date: /home/paolo/purple_whales_ws/install/ackermann_msgs/local/lib/python3.10/dist-packages/ackermann_msgs/msg/_ackermann_message_s.c
-- Up-to-date: /home/paolo/purple_whales_ws/install/ackermann_msgs/local/lib/python3.10/dist-packages/ackermann_msgs/msg/_ackermann_message.py
-- Up-to-date: /home/paolo/purple_whales_ws/install/ackermann_msgs/local/lib/python3.10/dist-packages/ackermann_msgs/__init__.py
-- Up-to-date: /home/paolo/purple_whales_ws/install/ackermann_msgs/local/lib/python3.10/dist-packages/ackermann_msgs/_ackermann_msgs_s.ep.rosidl_typesupport_fastrtps_c.c
-- Up-to-date: /home/paolo/purple_whales_ws/install/ackermann_msgs/local/lib/python3.10/dist-packages/ackermann_msgs/ackermann_msgs_s__rosidl_typesupport_introspection_c.cpython-310-x86_64-linux-gnu.so
-- Up-to-date: /home/paolo/purple_whales_ws/install/ackermann_msgs/local/lib/python3.10/dist-packages/ackermann_msgs/_ackermann_msgs_s.ep.rosidl_typesupport_c.c
-- Up-to-date: /home/paolo/purple_whales_ws/install/ackermann_msgs/local/lib/python3.10/dist-packages/ackermann_msgs/ackermann_msgs_s__rosidl_typesupport_fastrtps_c.cpython-310-x86_64-linux-gnu.so
-- Up-to-date: /home/paolo/purple_whales_ws/install/ackermann_msgs/local/lib/python3.10/dist-packages/ackermann_msgs/_ackermann_msgs_s.ep.rosidl_typesupport_introspection_c.c
Listing '/home/paolo/purple_whales_ws/install/ackermann_msgs/local/lib/python3.10/dist-packages/ackermann_msgs'...
Listing '/home/paolo/purple_whales_ws/install/ackermann_msgs/local/lib/python3.10/dist-packages/ackermann_msgs/msg'...
-- Up-to-date: /home/paolo/purple_whales_ws/install/ackermann_msgs/local/lib/python3.10/dist-packages/ackermann_msgs/ackermann_msgs_s__rosidl_typesupport_fastrtps_c.cpython-310-x86_64-linux-gnu.so
-- Up-to-date: /home/paolo/purple_whales_ws/install/ackermann_msgs/local/lib/python3.10/dist-packages/ackermann_msgs/ackermann_msgs_s__rosidl_typesupport_introspection_c.cpython-310-x86_64-linux-gnu.so
-- Up-to-date: /home/paolo/purple_whales_ws/install/ackermann_msgs/local/lib/python3.10/dist-packages/ackermann_msgs/ackermann_msgs_s__rosidl_typesupport_c.cpython-310-x86_64-linux-gnu.so
-- Up-to-date: /home/paolo/purple_whales_ws/install/ackermann_msgs/lib/libackermann_msgs__rosidl_generator_py.so
-- Up-to-date: /home/paolo/purple_whales_ws/install/ackermann_msgs/share/ackermann_msgs/msg/AckermannMessage.idl
-- Up-to-date: /home/paolo/purple_whales_ws/install/ackermann_msgs/share/ackermann_msgs/msg/AckermannMessage.msg
-- Up-to-date: /home/paolo/purple_whales_ws/install/ackermann_msgs/share/ament_index/resource_index/package_run_dependencies/ackermann_msgs
-- Up-to-date: /home/paolo/purple_whales_ws/install/ackermann_msgs/share/ament_index/resource_index/parent_prefix_path/ackermann_msgs
-- Up-to-date: /home/paolo/purple_whales_ws/install/ackermann_msgs/share/ackermann_msgs/environment/ament_prefix_path.sh
-- Up-to-date: /home/paolo/purple_whales_ws/install/ackermann_msgs/share/ackermann_msgs/environment/ament_prefix_path.dsv
-- Up-to-date: /home/paolo/purple_whales_ws/install/ackermann_msgs/share/ackermann_msgs/environment/path.sh
-- Up-to-date: /home/paolo/purple_whales_ws/install/ackermann_msgs/share/ackermann_msgs/environment/path.dsv
-- Up-to-date: /home/paolo/purple_whales_ws/install/ackermann_msgs/share/ackermann_msgs/local_setup.bash
-- Up-to-date: /home/paolo/purple_whales_ws/install/ackermann_msgs/share/ackermann_msgs/local_setup.sh
-- Up-to-date: /home/paolo/purple_whales_ws/install/ackermann_msgs/share/ackermann_msgs/local_setup.zsh
-- Up-to-date: /home/paolo/purple_whales_ws/install/ackermann_msgs/share/ackermann_msgs/local_setup.dsv
-- Installing: /home/paolo/purple_whales_ws/install/ackermann_msgs/share/ackermann_msgs/package.dsv
-- Up-to-date: /home/paolo/purple_whales_ws/install/ackermann_msgs/share/ament_index/resource_index/packages/ackermann_msgs
-- Up-to-date: /home/paolo/purple_whales_ws/install/ackermann_msgs/share/ackermann_msgs/cmake/export_ackermann_msgs__rosidl_generator_cExport.cmake
-- Up-to-date: /home/paolo/purple_whales_ws/install/ackermann_msgs/share/ackermann_msgs/cmake/export_ackermann_msgs__rosidl_generator_cExport-noconfig.cmake
-- Up-to-date: /home/paolo/purple_whales_ws/install/ackermann_msgs/share/ackermann_msgs/cmake/export_ackermann_msgs__rosidl_typesupport_fastrtps_cExport.cmake
-- Up-to-date: /home/paolo/purple_whales_ws/install/ackermann_msgs/share/ackermann_msgs/cmake/export_ackermann_msgs__rosidl_typesupport_fastrtps_cExport-noconfig.cmake
-- Up-to-date: /home/paolo/purple_whales_ws/install/ackermann_msgs/share/ackermann_msgs/cmake/ackermann_msgs__rosidl_typesupport_introspection_cExport.cmake
-- Up-to-date: /home/paolo/purple_whales_ws/install/ackermann_msgs/share/ackermann_msgs/cmake/ackermann_msgs__rosidl_typesupport_introspection_cExport-noconfig.cmake
-- Up-to-date: /home/paolo/purple_whales_ws/install/ackermann_msgs/share/ackermann_msgs/cmake/ackermann_msgs__rosidl_typesupport_cExport.cmake
-- Up-to-date: /home/paolo/purple_whales_ws/install/ackermann_msgs/share/ackermann_msgs/cmake/ackermann_msgs__rosidl_typesupport_cExport-noconfig.cmake
-- Up-to-date: /home/paolo/purple_whales_ws/install/ackermann_msgs/share/ackermann_msgs/cmake/export_ackermann_msgs__rosidl_generator_cppExport.cmake
-- Up-to-date: /home/paolo/purple_whales_ws/install/ackermann_msgs/share/ackermann_msgs/cmake/export_ackermann_msgs__rosidl_typesupport_fastrtps_cppExport.cmake
-- Up-to-date: /home/paolo/purple_whales_ws/install/ackermann_msgs/share/ackermann_msgs/cmake/export_ackermann_msgs__rosidl_typesupport_fastrtps_cppExport-noconfig.cmake
-- Up-to-date: /home/paolo/purple_whales_ws/install/ackermann_msgs/share/ackermann_msgs/cmake/ackermann_msgs__rosidl_typesupport_introspection_cppExport.cmake
-- Up-to-date: /home/paolo/purple_whales_ws/install/ackermann_msgs/share/ackermann_msgs/cmake/ackermann_msgs__rosidl_typesupport_introspection_cppExport-noconfig.cmake
-- Up-to-date: /home/paolo/purple_whales_ws/install/ackermann_msgs/share/ackermann_msgs/cmake/ackermann_msgs__rosidl_typesupport_cppExport.cmake
-- Up-to-date: /home/paolo/purple_whales_ws/install/ackermann_msgs/share/ackermann_msgs/cmake/ackermann_msgs__rosidl_typesupport_cppExport-noconfig.cmake
-- Up-to-date: /home/paolo/purple_whales_ws/install/ackermann_msgs/share/ackermann_msgs/cmake/export_ackermann_msgs__rosidl_generator_pyExport.cmake
-- Up-to-date: /home/paolo/purple_whales_ws/install/ackermann_msgs/share/ackermann_msgs/cmake/export_ackermann_msgs__rosidl_generator_pyExport-noconfig.cmake
-- Up-to-date: /home/paolo/purple_whales_ws/install/ackermann_msgs/share/ackermann_msgs/cmake/rosidl_cmake-extras.cmake
-- Up-to-date: /home/paolo/purple_whales_ws/install/ackermann_msgs/share/ackermann_msgs/cmake/ament_cmake_export_include_directories-extras.cmake
-- Up-to-date: /home/paolo/purple_whales_ws/install/ackermann_msgs/share/ackermann_msgs/cmake/ament_cmake_export_libraries-extras.cmake
-- Up-to-date: /home/paolo/purple_whales_ws/install/ackermann_msgs/share/ackermann_msgs/cmake/ament_cmake_export_targets-extras.cmake
-- Up-to-date: /home/paolo/purple_whales_ws/install/ackermann_msgs/share/ackermann_msgs/cmake/rosidl_cmake_export_typesupport_targets-extras.cmake
-- Up-to-date: /home/paolo/purple_whales_ws/install/ackermann_msgs/share/ackermann_msgs/cmake/ament_cmake_export_dependencies-extras.cmake
-- Up-to-date: /home/paolo/purple_whales_ws/install/ackermann_msgs/share/ackermann_msgs/cmake/rosidl_cmake_export_typesupport_libraries-extras.cmake
-- Up-to-date: /home/paolo/purple_whales_ws/install/ackermann_msgs/share/ackermann_msgs/cmake/ackermann_msgsConfig.cmake
-- Up-to-date: /home/paolo/purple_whales_ws/install/ackermann_msgs/share/ackermann_msgs/cmake/ackermann_msgsConfig-version.cmake
-- Up-to-date: /home/paolo/purple_whales_ws/install/ackermann_msgs/share/ackermann_msgs/package.xml
