[0.031s] Invoking command in '/home/paolo/purple_whales_ws/build/ackermann_msgs': CMAKE_PREFIX_PATH=/opt/ros/humble /usr/bin/cmake --build /home/paolo/purple_whales_ws/build/ackermann_msgs -- -j20 -l20
[0.075s] [35m[1mConsolidate compiler generated dependencies of target ackermann_msgs__rosidl_generator_c[0m
[0.090s] [  3%] Built target ackermann_msgs__cpp
[0.097s] [ 12%] Built target ackermann_msgs__rosidl_generator_c
[0.104s] [ 12%] Built target ament_cmake_python_copy_ackermann_msgs
[0.104s] [35m[1mConsolidate compiler generated dependencies of target ackermann_msgs__rosidl_typesupport_cpp[0m
[0.104s] [35m[1mConsolidate compiler generated dependencies of target ackermann_msgs__rosidl_typesupport_introspection_cpp[0m
[0.105s] [35m[1mConsolidate compiler generated dependencies of target ackermann_msgs__rosidl_typesupport_fastrtps_cpp[0m
[0.112s] [35m[1mConsolidate compiler generated dependencies of target ackermann_msgs__rosidl_typesupport_introspection_c[0m
[0.113s] [35m[1mConsolidate compiler generated dependencies of target ackermann_msgs__rosidl_typesupport_c[0m
[0.113s] [35m[1mConsolidate compiler generated dependencies of target ackermann_msgs__rosidl_typesupport_fastrtps_c[0m
[0.126s] [ 41%] Built target ackermann_msgs__rosidl_typesupport_cpp
[0.126s] [ 41%] Built target ackermann_msgs__rosidl_typesupport_fastrtps_cpp
[0.126s] [ 41%] Built target ackermann_msgs__rosidl_typesupport_introspection_cpp
[0.133s] [ 70%] Built target ackermann_msgs__rosidl_typesupport_c
[0.134s] [ 70%] Built target ackermann_msgs__rosidl_typesupport_fastrtps_c
[0.134s] [ 70%] Built target ackermann_msgs__rosidl_typesupport_introspection_c
[0.163s] [ 70%] Built target ackermann_msgs
[0.191s] [ 74%] Built target ackermann_msgs__py
[0.202s] [35m[1mConsolidate compiler generated dependencies of target ackermann_msgs__rosidl_generator_py[0m
[0.217s] [ 80%] Built target ackermann_msgs__rosidl_generator_py
[0.235s] [35m[1mConsolidate compiler generated dependencies of target ackermann_msgs__rosidl_typesupport_introspection_c__pyext[0m
[0.235s] [35m[1mConsolidate compiler generated dependencies of target ackermann_msgs__rosidl_typesupport_fastrtps_c__pyext[0m
[0.235s] [35m[1mConsolidate compiler generated dependencies of target ackermann_msgs__rosidl_typesupport_c__pyext[0m
[0.259s] [100%] Built target ackermann_msgs__rosidl_typesupport_c__pyext
[0.259s] [100%] Built target ackermann_msgs__rosidl_typesupport_fastrtps_c__pyext
[0.259s] [100%] Built target ackermann_msgs__rosidl_typesupport_introspection_c__pyext
[0.411s] running egg_info
[0.412s] writing ackermann_msgs.egg-info/PKG-INFO
[0.413s] writing dependency_links to ackermann_msgs.egg-info/dependency_links.txt
[0.414s] writing top-level names to ackermann_msgs.egg-info/top_level.txt
[0.421s] reading manifest file 'ackermann_msgs.egg-info/SOURCES.txt'
[0.421s] writing manifest file 'ackermann_msgs.egg-info/SOURCES.txt'
[0.558s] [100%] Built target ament_cmake_python_build_ackermann_msgs_egg
[0.575s] Invoked command in '/home/paolo/purple_whales_ws/build/ackermann_msgs' returned '0': CMAKE_PREFIX_PATH=/opt/ros/humble /usr/bin/cmake --build /home/paolo/purple_whales_ws/build/ackermann_msgs -- -j20 -l20
[0.630s] Invoking command in '/home/paolo/purple_whales_ws/build/ackermann_msgs': CMAKE_PREFIX_PATH=/opt/ros/humble /usr/bin/cmake --install /home/paolo/purple_whales_ws/build/ackermann_msgs
[0.638s] -- Install configuration: ""
[0.638s] -- Up-to-date: /home/paolo/purple_whales_ws/install/ackermann_msgs/share/ament_index/resource_index/rosidl_interfaces/ackermann_msgs
[0.639s] -- Up-to-date: /home/paolo/purple_whales_ws/install/ackermann_msgs/include/ackermann_msgs/ackermann_msgs
[0.639s] -- Up-to-date: /home/paolo/purple_whales_ws/install/ackermann_msgs/include/ackermann_msgs/ackermann_msgs/msg
[0.640s] -- Up-to-date: /home/paolo/purple_whales_ws/install/ackermann_msgs/include/ackermann_msgs/ackermann_msgs/msg/detail
[0.641s] -- Up-to-date: /home/paolo/purple_whales_ws/install/ackermann_msgs/include/ackermann_msgs/ackermann_msgs/msg/detail/ackermann_message__struct.h
[0.641s] -- Up-to-date: /home/paolo/purple_whales_ws/install/ackermann_msgs/include/ackermann_msgs/ackermann_msgs/msg/detail/ackermann_message__type_support.h
[0.641s] -- Up-to-date: /home/paolo/purple_whales_ws/install/ackermann_msgs/include/ackermann_msgs/ackermann_msgs/msg/detail/ackermann_message__functions.h
[0.642s] -- Up-to-date: /home/paolo/purple_whales_ws/install/ackermann_msgs/include/ackermann_msgs/ackermann_msgs/msg/detail/ackermann_message__functions.c
[0.642s] -- Up-to-date: /home/paolo/purple_whales_ws/install/ackermann_msgs/include/ackermann_msgs/ackermann_msgs/msg/ackermann_message.h
[0.642s] -- Up-to-date: /home/paolo/purple_whales_ws/install/ackermann_msgs/include/ackermann_msgs/ackermann_msgs/msg/rosidl_generator_c__visibility_control.h
[0.642s] -- Up-to-date: /home/paolo/purple_whales_ws/install/ackermann_msgs/share/ackermann_msgs/environment/library_path.sh
[0.643s] -- Up-to-date: /home/paolo/purple_whales_ws/install/ackermann_msgs/share/ackermann_msgs/environment/library_path.dsv
[0.644s] -- Up-to-date: /home/paolo/purple_whales_ws/install/ackermann_msgs/lib/libackermann_msgs__rosidl_generator_c.so
[0.644s] -- Up-to-date: /home/paolo/purple_whales_ws/install/ackermann_msgs/include/ackermann_msgs/ackermann_msgs
[0.644s] -- Up-to-date: /home/paolo/purple_whales_ws/install/ackermann_msgs/include/ackermann_msgs/ackermann_msgs/msg
[0.644s] -- Up-to-date: /home/paolo/purple_whales_ws/install/ackermann_msgs/include/ackermann_msgs/ackermann_msgs/msg/detail
[0.645s] -- Up-to-date: /home/paolo/purple_whales_ws/install/ackermann_msgs/include/ackermann_msgs/ackermann_msgs/msg/detail/ackermann_message__rosidl_typesupport_fastrtps_c.h
[0.646s] -- Up-to-date: /home/paolo/purple_whales_ws/install/ackermann_msgs/include/ackermann_msgs/ackermann_msgs/msg/rosidl_typesupport_fastrtps_c__visibility_control.h
[0.646s] -- Up-to-date: /home/paolo/purple_whales_ws/install/ackermann_msgs/lib/libackermann_msgs__rosidl_typesupport_fastrtps_c.so
[0.646s] -- Up-to-date: /home/paolo/purple_whales_ws/install/ackermann_msgs/include/ackermann_msgs/ackermann_msgs
[0.646s] -- Up-to-date: /home/paolo/purple_whales_ws/install/ackermann_msgs/include/ackermann_msgs/ackermann_msgs/msg
[0.646s] -- Up-to-date: /home/paolo/purple_whales_ws/install/ackermann_msgs/include/ackermann_msgs/ackermann_msgs/msg/detail
[0.646s] -- Up-to-date: /home/paolo/purple_whales_ws/install/ackermann_msgs/include/ackermann_msgs/ackermann_msgs/msg/detail/ackermann_message__type_support.c
[0.646s] -- Up-to-date: /home/paolo/purple_whales_ws/install/ackermann_msgs/include/ackermann_msgs/ackermann_msgs/msg/detail/ackermann_message__rosidl_typesupport_introspection_c.h
[0.646s] -- Up-to-date: /home/paolo/purple_whales_ws/install/ackermann_msgs/include/ackermann_msgs/ackermann_msgs/msg/rosidl_typesupport_introspection_c__visibility_control.h
[0.646s] -- Up-to-date: /home/paolo/purple_whales_ws/install/ackermann_msgs/lib/libackermann_msgs__rosidl_typesupport_introspection_c.so
[0.646s] -- Up-to-date: /home/paolo/purple_whales_ws/install/ackermann_msgs/lib/libackermann_msgs__rosidl_typesupport_c.so
[0.646s] -- Up-to-date: /home/paolo/purple_whales_ws/install/ackermann_msgs/include/ackermann_msgs/ackermann_msgs
[0.647s] -- Up-to-date: /home/paolo/purple_whales_ws/install/ackermann_msgs/include/ackermann_msgs/ackermann_msgs/msg
[0.647s] -- Up-to-date: /home/paolo/purple_whales_ws/install/ackermann_msgs/include/ackermann_msgs/ackermann_msgs/msg/detail
[0.647s] -- Up-to-date: /home/paolo/purple_whales_ws/install/ackermann_msgs/include/ackermann_msgs/ackermann_msgs/msg/detail/ackermann_message__traits.hpp
[0.647s] -- Up-to-date: /home/paolo/purple_whales_ws/install/ackermann_msgs/include/ackermann_msgs/ackermann_msgs/msg/detail/ackermann_message__builder.hpp
[0.647s] -- Up-to-date: /home/paolo/purple_whales_ws/install/ackermann_msgs/include/ackermann_msgs/ackermann_msgs/msg/detail/ackermann_message__struct.hpp
[0.647s] -- Up-to-date: /home/paolo/purple_whales_ws/install/ackermann_msgs/include/ackermann_msgs/ackermann_msgs/msg/ackermann_message.hpp
[0.647s] -- Up-to-date: /home/paolo/purple_whales_ws/install/ackermann_msgs/include/ackermann_msgs/ackermann_msgs
[0.647s] -- Up-to-date: /home/paolo/purple_whales_ws/install/ackermann_msgs/include/ackermann_msgs/ackermann_msgs/msg
[0.647s] -- Up-to-date: /home/paolo/purple_whales_ws/install/ackermann_msgs/include/ackermann_msgs/ackermann_msgs/msg/detail
[0.648s] -- Up-to-date: /home/paolo/purple_whales_ws/install/ackermann_msgs/include/ackermann_msgs/ackermann_msgs/msg/detail/ackermann_message__rosidl_typesupport_fastrtps_cpp.hpp
[0.648s] -- Up-to-date: /home/paolo/purple_whales_ws/install/ackermann_msgs/include/ackermann_msgs/ackermann_msgs/msg/detail/dds_fastrtps
[0.648s] -- Up-to-date: /home/paolo/purple_whales_ws/install/ackermann_msgs/include/ackermann_msgs/ackermann_msgs/msg/rosidl_typesupport_fastrtps_cpp__visibility_control.h
[0.648s] -- Up-to-date: /home/paolo/purple_whales_ws/install/ackermann_msgs/lib/libackermann_msgs__rosidl_typesupport_fastrtps_cpp.so
[0.648s] -- Up-to-date: /home/paolo/purple_whales_ws/install/ackermann_msgs/include/ackermann_msgs/ackermann_msgs
[0.648s] -- Up-to-date: /home/paolo/purple_whales_ws/install/ackermann_msgs/include/ackermann_msgs/ackermann_msgs/msg
[0.648s] -- Up-to-date: /home/paolo/purple_whales_ws/install/ackermann_msgs/include/ackermann_msgs/ackermann_msgs/msg/detail
[0.648s] -- Up-to-date: /home/paolo/purple_whales_ws/install/ackermann_msgs/include/ackermann_msgs/ackermann_msgs/msg/detail/ackermann_message__rosidl_typesupport_introspection_cpp.hpp
[0.648s] -- Up-to-date: /home/paolo/purple_whales_ws/install/ackermann_msgs/include/ackermann_msgs/ackermann_msgs/msg/detail/ackermann_message__type_support.cpp
[0.648s] -- Up-to-date: /home/paolo/purple_whales_ws/install/ackermann_msgs/lib/libackermann_msgs__rosidl_typesupport_introspection_cpp.so
[0.649s] -- Up-to-date: /home/paolo/purple_whales_ws/install/ackermann_msgs/lib/libackermann_msgs__rosidl_typesupport_cpp.so
[0.649s] -- Up-to-date: /home/paolo/purple_whales_ws/install/ackermann_msgs/share/ackermann_msgs/environment/pythonpath.sh
[0.649s] -- Up-to-date: /home/paolo/purple_whales_ws/install/ackermann_msgs/share/ackermann_msgs/environment/pythonpath.dsv
[0.649s] -- Up-to-date: /home/paolo/purple_whales_ws/install/ackermann_msgs/local/lib/python3.10/dist-packages/ackermann_msgs-0.0.0-py3.10.egg-info
[0.649s] -- Installing: /home/paolo/purple_whales_ws/install/ackermann_msgs/local/lib/python3.10/dist-packages/ackermann_msgs-0.0.0-py3.10.egg-info/dependency_links.txt
[0.650s] -- Installing: /home/paolo/purple_whales_ws/install/ackermann_msgs/local/lib/python3.10/dist-packages/ackermann_msgs-0.0.0-py3.10.egg-info/top_level.txt
[0.650s] -- Installing: /home/paolo/purple_whales_ws/install/ackermann_msgs/local/lib/python3.10/dist-packages/ackermann_msgs-0.0.0-py3.10.egg-info/PKG-INFO
[0.650s] -- Installing: /home/paolo/purple_whales_ws/install/ackermann_msgs/local/lib/python3.10/dist-packages/ackermann_msgs-0.0.0-py3.10.egg-info/SOURCES.txt
[0.650s] -- Up-to-date: /home/paolo/purple_whales_ws/install/ackermann_msgs/local/lib/python3.10/dist-packages/ackermann_msgs
[0.651s] -- Up-to-date: /home/paolo/purple_whales_ws/install/ackermann_msgs/local/lib/python3.10/dist-packages/ackermann_msgs/ackermann_msgs_s__rosidl_typesupport_c.cpython-310-x86_64-linux-gnu.so
[0.651s] -- Up-to-date: /home/paolo/purple_whales_ws/install/ackermann_msgs/local/lib/python3.10/dist-packages/ackermann_msgs/libackermann_msgs__rosidl_generator_py.so
[0.651s] -- Up-to-date: /home/paolo/purple_whales_ws/install/ackermann_msgs/local/lib/python3.10/dist-packages/ackermann_msgs/msg
[0.651s] -- Up-to-date: /home/paolo/purple_whales_ws/install/ackermann_msgs/local/lib/python3.10/dist-packages/ackermann_msgs/msg/__init__.py
[0.651s] -- Up-to-date: /home/paolo/purple_whales_ws/install/ackermann_msgs/local/lib/python3.10/dist-packages/ackermann_msgs/msg/_ackermann_message_s.c
[0.651s] -- Up-to-date: /home/paolo/purple_whales_ws/install/ackermann_msgs/local/lib/python3.10/dist-packages/ackermann_msgs/msg/_ackermann_message.py
[0.651s] -- Up-to-date: /home/paolo/purple_whales_ws/install/ackermann_msgs/local/lib/python3.10/dist-packages/ackermann_msgs/__init__.py
[0.652s] -- Up-to-date: /home/paolo/purple_whales_ws/install/ackermann_msgs/local/lib/python3.10/dist-packages/ackermann_msgs/_ackermann_msgs_s.ep.rosidl_typesupport_fastrtps_c.c
[0.652s] -- Up-to-date: /home/paolo/purple_whales_ws/install/ackermann_msgs/local/lib/python3.10/dist-packages/ackermann_msgs/ackermann_msgs_s__rosidl_typesupport_introspection_c.cpython-310-x86_64-linux-gnu.so
[0.653s] -- Up-to-date: /home/paolo/purple_whales_ws/install/ackermann_msgs/local/lib/python3.10/dist-packages/ackermann_msgs/_ackermann_msgs_s.ep.rosidl_typesupport_c.c
[0.653s] -- Up-to-date: /home/paolo/purple_whales_ws/install/ackermann_msgs/local/lib/python3.10/dist-packages/ackermann_msgs/ackermann_msgs_s__rosidl_typesupport_fastrtps_c.cpython-310-x86_64-linux-gnu.so
[0.653s] -- Up-to-date: /home/paolo/purple_whales_ws/install/ackermann_msgs/local/lib/python3.10/dist-packages/ackermann_msgs/_ackermann_msgs_s.ep.rosidl_typesupport_introspection_c.c
[0.683s] Listing '/home/paolo/purple_whales_ws/install/ackermann_msgs/local/lib/python3.10/dist-packages/ackermann_msgs'...
[0.683s] Listing '/home/paolo/purple_whales_ws/install/ackermann_msgs/local/lib/python3.10/dist-packages/ackermann_msgs/msg'...
[0.689s] -- Up-to-date: /home/paolo/purple_whales_ws/install/ackermann_msgs/local/lib/python3.10/dist-packages/ackermann_msgs/ackermann_msgs_s__rosidl_typesupport_fastrtps_c.cpython-310-x86_64-linux-gnu.so
[0.689s] -- Up-to-date: /home/paolo/purple_whales_ws/install/ackermann_msgs/local/lib/python3.10/dist-packages/ackermann_msgs/ackermann_msgs_s__rosidl_typesupport_introspection_c.cpython-310-x86_64-linux-gnu.so
[0.690s] -- Up-to-date: /home/paolo/purple_whales_ws/install/ackermann_msgs/local/lib/python3.10/dist-packages/ackermann_msgs/ackermann_msgs_s__rosidl_typesupport_c.cpython-310-x86_64-linux-gnu.so
[0.690s] -- Up-to-date: /home/paolo/purple_whales_ws/install/ackermann_msgs/lib/libackermann_msgs__rosidl_generator_py.so
[0.690s] -- Up-to-date: /home/paolo/purple_whales_ws/install/ackermann_msgs/share/ackermann_msgs/msg/AckermannMessage.idl
[0.690s] -- Up-to-date: /home/paolo/purple_whales_ws/install/ackermann_msgs/share/ackermann_msgs/msg/AckermannMessage.msg
[0.690s] -- Up-to-date: /home/paolo/purple_whales_ws/install/ackermann_msgs/share/ament_index/resource_index/package_run_dependencies/ackermann_msgs
[0.690s] -- Up-to-date: /home/paolo/purple_whales_ws/install/ackermann_msgs/share/ament_index/resource_index/parent_prefix_path/ackermann_msgs
[0.691s] -- Up-to-date: /home/paolo/purple_whales_ws/install/ackermann_msgs/share/ackermann_msgs/environment/ament_prefix_path.sh
[0.691s] -- Up-to-date: /home/paolo/purple_whales_ws/install/ackermann_msgs/share/ackermann_msgs/environment/ament_prefix_path.dsv
[0.691s] -- Up-to-date: /home/paolo/purple_whales_ws/install/ackermann_msgs/share/ackermann_msgs/environment/path.sh
[0.691s] -- Up-to-date: /home/paolo/purple_whales_ws/install/ackermann_msgs/share/ackermann_msgs/environment/path.dsv
[0.691s] -- Up-to-date: /home/paolo/purple_whales_ws/install/ackermann_msgs/share/ackermann_msgs/local_setup.bash
[0.691s] -- Up-to-date: /home/paolo/purple_whales_ws/install/ackermann_msgs/share/ackermann_msgs/local_setup.sh
[0.691s] -- Up-to-date: /home/paolo/purple_whales_ws/install/ackermann_msgs/share/ackermann_msgs/local_setup.zsh
[0.691s] -- Up-to-date: /home/paolo/purple_whales_ws/install/ackermann_msgs/share/ackermann_msgs/local_setup.dsv
[0.691s] -- Installing: /home/paolo/purple_whales_ws/install/ackermann_msgs/share/ackermann_msgs/package.dsv
[0.691s] -- Up-to-date: /home/paolo/purple_whales_ws/install/ackermann_msgs/share/ament_index/resource_index/packages/ackermann_msgs
[0.692s] -- Up-to-date: /home/paolo/purple_whales_ws/install/ackermann_msgs/share/ackermann_msgs/cmake/export_ackermann_msgs__rosidl_generator_cExport.cmake
[0.692s] -- Up-to-date: /home/paolo/purple_whales_ws/install/ackermann_msgs/share/ackermann_msgs/cmake/export_ackermann_msgs__rosidl_generator_cExport-noconfig.cmake
[0.692s] -- Up-to-date: /home/paolo/purple_whales_ws/install/ackermann_msgs/share/ackermann_msgs/cmake/export_ackermann_msgs__rosidl_typesupport_fastrtps_cExport.cmake
[0.692s] -- Up-to-date: /home/paolo/purple_whales_ws/install/ackermann_msgs/share/ackermann_msgs/cmake/export_ackermann_msgs__rosidl_typesupport_fastrtps_cExport-noconfig.cmake
[0.692s] -- Up-to-date: /home/paolo/purple_whales_ws/install/ackermann_msgs/share/ackermann_msgs/cmake/ackermann_msgs__rosidl_typesupport_introspection_cExport.cmake
[0.692s] -- Up-to-date: /home/paolo/purple_whales_ws/install/ackermann_msgs/share/ackermann_msgs/cmake/ackermann_msgs__rosidl_typesupport_introspection_cExport-noconfig.cmake
[0.692s] -- Up-to-date: /home/paolo/purple_whales_ws/install/ackermann_msgs/share/ackermann_msgs/cmake/ackermann_msgs__rosidl_typesupport_cExport.cmake
[0.692s] -- Up-to-date: /home/paolo/purple_whales_ws/install/ackermann_msgs/share/ackermann_msgs/cmake/ackermann_msgs__rosidl_typesupport_cExport-noconfig.cmake
[0.692s] -- Up-to-date: /home/paolo/purple_whales_ws/install/ackermann_msgs/share/ackermann_msgs/cmake/export_ackermann_msgs__rosidl_generator_cppExport.cmake
[0.692s] -- Up-to-date: /home/paolo/purple_whales_ws/install/ackermann_msgs/share/ackermann_msgs/cmake/export_ackermann_msgs__rosidl_typesupport_fastrtps_cppExport.cmake
[0.692s] -- Up-to-date: /home/paolo/purple_whales_ws/install/ackermann_msgs/share/ackermann_msgs/cmake/export_ackermann_msgs__rosidl_typesupport_fastrtps_cppExport-noconfig.cmake
[0.692s] -- Up-to-date: /home/paolo/purple_whales_ws/install/ackermann_msgs/share/ackermann_msgs/cmake/ackermann_msgs__rosidl_typesupport_introspection_cppExport.cmake
[0.693s] -- Up-to-date: /home/paolo/purple_whales_ws/install/ackermann_msgs/share/ackermann_msgs/cmake/ackermann_msgs__rosidl_typesupport_introspection_cppExport-noconfig.cmake
[0.693s] -- Up-to-date: /home/paolo/purple_whales_ws/install/ackermann_msgs/share/ackermann_msgs/cmake/ackermann_msgs__rosidl_typesupport_cppExport.cmake
[0.693s] -- Up-to-date: /home/paolo/purple_whales_ws/install/ackermann_msgs/share/ackermann_msgs/cmake/ackermann_msgs__rosidl_typesupport_cppExport-noconfig.cmake
[0.693s] -- Up-to-date: /home/paolo/purple_whales_ws/install/ackermann_msgs/share/ackermann_msgs/cmake/export_ackermann_msgs__rosidl_generator_pyExport.cmake
[0.693s] -- Up-to-date: /home/paolo/purple_whales_ws/install/ackermann_msgs/share/ackermann_msgs/cmake/export_ackermann_msgs__rosidl_generator_pyExport-noconfig.cmake
[0.693s] -- Up-to-date: /home/paolo/purple_whales_ws/install/ackermann_msgs/share/ackermann_msgs/cmake/rosidl_cmake-extras.cmake
[0.693s] -- Up-to-date: /home/paolo/purple_whales_ws/install/ackermann_msgs/share/ackermann_msgs/cmake/ament_cmake_export_include_directories-extras.cmake
[0.693s] -- Up-to-date: /home/paolo/purple_whales_ws/install/ackermann_msgs/share/ackermann_msgs/cmake/ament_cmake_export_libraries-extras.cmake
[0.693s] -- Up-to-date: /home/paolo/purple_whales_ws/install/ackermann_msgs/share/ackermann_msgs/cmake/ament_cmake_export_targets-extras.cmake
[0.693s] -- Up-to-date: /home/paolo/purple_whales_ws/install/ackermann_msgs/share/ackermann_msgs/cmake/rosidl_cmake_export_typesupport_targets-extras.cmake
[0.693s] -- Up-to-date: /home/paolo/purple_whales_ws/install/ackermann_msgs/share/ackermann_msgs/cmake/ament_cmake_export_dependencies-extras.cmake
[0.693s] -- Up-to-date: /home/paolo/purple_whales_ws/install/ackermann_msgs/share/ackermann_msgs/cmake/rosidl_cmake_export_typesupport_libraries-extras.cmake
[0.693s] -- Up-to-date: /home/paolo/purple_whales_ws/install/ackermann_msgs/share/ackermann_msgs/cmake/ackermann_msgsConfig.cmake
[0.693s] -- Up-to-date: /home/paolo/purple_whales_ws/install/ackermann_msgs/share/ackermann_msgs/cmake/ackermann_msgsConfig-version.cmake
[0.693s] -- Up-to-date: /home/paolo/purple_whales_ws/install/ackermann_msgs/share/ackermann_msgs/package.xml
[0.698s] Invoked command in '/home/paolo/purple_whales_ws/build/ackermann_msgs' returned '0': CMAKE_PREFIX_PATH=/opt/ros/humble /usr/bin/cmake --install /home/paolo/purple_whales_ws/build/ackermann_msgs
