[0.334s] Invoking command in '/home/paolo/purple_whales_ws/firmware/mcu_ws/build/rosgraph_msgs': AMENT_PREFIX_PATH=/home/paolo/purple_whales_ws/firmware/mcu_ws/install:${AMENT_PREFIX_PATH} CMAKE_PREFIX_PATH=/home/paolo/purple_whales_ws/firmware/mcu_ws/install:/home/paolo/purple_whales_ws/firmware/dev_ws/install/ament_lint_common:/home/paolo/purple_whales_ws/firmware/dev_ws/install/ament_cmake_uncrustify:/home/paolo/purple_whales_ws/firmware/dev_ws/install/uncrustify_vendor:/home/paolo/purple_whales_ws/firmware/dev_ws/install/ament_cmake_ros:/home/paolo/purple_whales_ws/firmware/dev_ws/install/ament_cmake_auto:/home/paolo/purple_whales_ws/firmware/dev_ws/install/ament_cmake_gmock:/home/paolo/purple_whales_ws/firmware/dev_ws/install/gmock_vendor:/home/paolo/purple_whales_ws/firmware/dev_ws/install/ament_cmake_gtest:/home/paolo/purple_whales_ws/firmware/dev_ws/install/gtest_vendor:/home/paolo/purple_whales_ws/firmware/dev_ws/install/ament_cmake_xmllint:/home/paolo/purple_whales_ws/firmware/dev_ws/install/ament_cmake_pyflakes:/home/paolo/purple_whales_ws/firmware/dev_ws/install/ament_cmake_pycodestyle:/home/paolo/purple_whales_ws/firmware/dev_ws/install/ament_cmake_pep257:/home/paolo/purple_whales_ws/firmware/dev_ws/install/ament_cmake_pclint:/home/paolo/purple_whales_ws/firmware/dev_ws/install/ament_lint_auto:/home/paolo/purple_whales_ws/firmware/dev_ws/install/ament_cmake:/home/paolo/purple_whales_ws/firmware/dev_ws/install/ament_cmake_version:/home/paolo/purple_whales_ws/firmware/dev_ws/install/ament_cmake_vendor_package:/home/paolo/purple_whales_ws/firmware/dev_ws/install/ament_cmake_pytest:/home/paolo/purple_whales_ws/firmware/dev_ws/install/ament_cmake_nose:/home/paolo/purple_whales_ws/firmware/dev_ws/install/ament_cmake_mypy:/home/paolo/purple_whales_ws/firmware/dev_ws/install/ament_cmake_lint_cmake:/home/paolo/purple_whales_ws/firmware/dev_ws/install/ament_cmake_google_benchmark:/home/paolo/purple_whales_ws/firmware/dev_ws/install/ament_cmake_flake8:/home/paolo/purple_whales_ws/firmware/dev_ws/install/ament_cmake_cpplint:/home/paolo/purple_whales_ws/firmware/dev_ws/install/ament_cmake_cppcheck:/home/paolo/purple_whales_ws/firmware/dev_ws/install/ament_cmake_copyright:/home/paolo/purple_whales_ws/firmware/dev_ws/install/ament_cmake_clang_tidy:/home/paolo/purple_whales_ws/firmware/dev_ws/install/ament_cmake_clang_format:/home/paolo/purple_whales_ws/firmware/dev_ws/install/ament_cmake_test:/home/paolo/purple_whales_ws/firmware/dev_ws/install/ament_cmake_target_dependencies:/home/paolo/purple_whales_ws/firmware/dev_ws/install/ament_cmake_python:/home/paolo/purple_whales_ws/firmware/dev_ws/install/ament_cmake_export_dependencies:/home/paolo/purple_whales_ws/firmware/dev_ws/install/ament_cmake_libraries:/home/paolo/purple_whales_ws/firmware/dev_ws/install/ament_cmake_include_directories:/home/paolo/purple_whales_ws/firmware/dev_ws/install/ament_cmake_gen_version_h:/home/paolo/purple_whales_ws/firmware/dev_ws/install/ament_cmake_export_targets:/home/paolo/purple_whales_ws/firmware/dev_ws/install/ament_cmake_export_link_flags:/home/paolo/purple_whales_ws/firmware/dev_ws/install/ament_cmake_export_interfaces:/home/paolo/purple_whales_ws/firmware/dev_ws/install/ament_cmake_export_libraries:/home/paolo/purple_whales_ws/firmware/dev_ws/install/ament_cmake_export_include_directories:/home/paolo/purple_whales_ws/firmware/dev_ws/install/ament_cmake_export_definitions:/home/paolo/purple_whales_ws/firmware/dev_ws/install/ament_cmake_core:/home/paolo/purple_whales_ws/firmware/dev_ws/install/ament_index_cpp:/home/paolo/purple_whales_ws/firmware/dev_ws/install/ament_uncrustify:/home/paolo/purple_whales_ws/firmware/dev_ws/install/domain_coordinator:/home/paolo/purple_whales_ws/firmware/dev_ws/install/ament_xmllint:/home/paolo/purple_whales_ws/firmware/dev_ws/install/ament_pyflakes:/home/paolo/purple_whales_ws/firmware/dev_ws/install/ament_pycodestyle:/home/paolo/purple_whales_ws/firmware/dev_ws/install/ament_pep257:/home/paolo/purple_whales_ws/firmware/dev_ws/install/ament_pclint:/home/paolo/purple_whales_ws/firmware/dev_ws/install/ament_package:/home/paolo/purple_whales_ws/firmware/dev_ws/install/ament_mypy:/home/paolo/purple_whales_ws/firmware/dev_ws/install/ament_lint_cmake:/home/paolo/purple_whales_ws/firmware/dev_ws/install/ament_flake8:/home/paolo/purple_whales_ws/firmware/dev_ws/install/ament_copyright:/home/paolo/purple_whales_ws/firmware/dev_ws/install/ament_lint:/home/paolo/purple_whales_ws/firmware/dev_ws/install/ament_index_python:/home/paolo/purple_whales_ws/firmware/dev_ws/install/ament_cpplint:/home/paolo/purple_whales_ws/firmware/dev_ws/install/ament_cppcheck:/home/paolo/purple_whales_ws/firmware/dev_ws/install/ament_clang_tidy:/home/paolo/purple_whales_ws/firmware/dev_ws/install/ament_clang_format LD_LIBRARY_PATH=/home/paolo/purple_whales_ws/firmware/mcu_ws/install/lib:${LD_LIBRARY_PATH} PATH=/home/paolo/purple_whales_ws/firmware/mcu_ws/install/bin:${PATH} PYTHONPATH=/home/paolo/purple_whales_ws/firmware/mcu_ws/install/lib/python3.10/site-packages:${PYTHONPATH} /usr/bin/cmake --build /home/paolo/purple_whales_ws/firmware/mcu_ws/build/rosgraph_msgs -- -j20 -l20
[0.362s] gmake[4]: Entering directory '/home/paolo/purple_whales_ws/firmware/mcu_ws/build/rosgraph_msgs'
[0.364s] /usr/bin/cmake -S/home/paolo/purple_whales_ws/firmware/mcu_ws/ros2/rcl_interfaces/rosgraph_msgs -B/home/paolo/purple_whales_ws/firmware/mcu_ws/build/rosgraph_msgs --check-build-system CMakeFiles/Makefile.cmake 0
[0.370s] Re-run cmake file: Makefile older than: /home/paolo/purple_whales_ws/firmware/freertos_apps/microros_esp32_extensions/esp32_toolchain.cmake
[0.375s] -- Found ament_cmake: 1.3.8 (/home/paolo/purple_whales_ws/firmware/dev_ws/install/ament_cmake/share/ament_cmake/cmake)
[0.643s] -- Found builtin_interfaces: 1.2.1 (/home/paolo/purple_whales_ws/firmware/mcu_ws/install/share/builtin_interfaces/cmake)
[0.665s] [33mCMake Warning at /home/paolo/purple_whales_ws/firmware/mcu_ws/install/share/rcutils/cmake/ament_cmake_export_libraries-extras.cmake:116 (message):
[0.665s]   Package 'rcutils' exports library 'dl' which couldn't be found
[0.665s] Call Stack (most recent call first):
[0.665s]   /home/paolo/purple_whales_ws/firmware/mcu_ws/install/share/rcutils/cmake/rcutilsConfig.cmake:41 (include)
[0.666s]   /home/paolo/purple_whales_ws/firmware/mcu_ws/install/share/rosidl_runtime_c/cmake/ament_cmake_export_dependencies-extras.cmake:21 (find_package)
[0.666s]   /home/paolo/purple_whales_ws/firmware/mcu_ws/install/share/rosidl_runtime_c/cmake/rosidl_runtime_cConfig.cmake:41 (include)
[0.666s]   /home/paolo/purple_whales_ws/firmware/mcu_ws/install/share/builtin_interfaces/cmake/ament_cmake_export_dependencies-extras.cmake:21 (find_package)
[0.666s]   /home/paolo/purple_whales_ws/firmware/mcu_ws/install/share/builtin_interfaces/cmake/builtin_interfacesConfig.cmake:41 (include)
[0.666s]   CMakeLists.txt:14 (find_package)
[0.666s] 
[0.666s] [0m
[0.673s] -- Using all available rosidl_typesupport_c: rosidl_typesupport_introspection_c;rosidl_typesupport_microxrcedds_c
[0.676s] -- Found rosidl_adapter: 3.1.5 (/home/paolo/purple_whales_ws/firmware/mcu_ws/install/share/rosidl_adapter/cmake)
[0.706s] -- Found rosidl_default_generators: 1.2.0 (/home/paolo/purple_whales_ws/firmware/mcu_ws/install/share/rosidl_default_generators/cmake)
[1.364s] -- Found ament_cmake_ros: 0.10.0 (/home/paolo/purple_whales_ws/firmware/dev_ws/install/ament_cmake_ros/share/ament_cmake_ros/cmake)
[1.570s] -- Using all available rosidl_typesupport_c: rosidl_typesupport_introspection_c;rosidl_typesupport_microxrcedds_c
[1.579s] -- Configuring done
[1.597s] -- Generating done
[1.600s] -- Build files have been written to: /home/paolo/purple_whales_ws/firmware/mcu_ws/build/rosgraph_msgs
[1.607s] /usr/bin/cmake -E cmake_progress_start /home/paolo/purple_whales_ws/firmware/mcu_ws/build/rosgraph_msgs/CMakeFiles /home/paolo/purple_whales_ws/firmware/mcu_ws/build/rosgraph_msgs//CMakeFiles/progress.marks
[1.624s] /usr/bin/gmake  -f CMakeFiles/Makefile2 all
[1.626s] gmake[5]: Entering directory '/home/paolo/purple_whales_ws/firmware/mcu_ws/build/rosgraph_msgs'
[1.627s] /usr/bin/gmake  -f CMakeFiles/rosgraph_msgs__rosidl_generator_c.dir/build.make CMakeFiles/rosgraph_msgs__rosidl_generator_c.dir/depend
[1.628s] gmake[6]: Entering directory '/home/paolo/purple_whales_ws/firmware/mcu_ws/build/rosgraph_msgs'
[1.629s] cd /home/paolo/purple_whales_ws/firmware/mcu_ws/build/rosgraph_msgs && /usr/bin/cmake -E cmake_depends "Unix Makefiles" /home/paolo/purple_whales_ws/firmware/mcu_ws/ros2/rcl_interfaces/rosgraph_msgs /home/paolo/purple_whales_ws/firmware/mcu_ws/ros2/rcl_interfaces/rosgraph_msgs /home/paolo/purple_whales_ws/firmware/mcu_ws/build/rosgraph_msgs /home/paolo/purple_whales_ws/firmware/mcu_ws/build/rosgraph_msgs /home/paolo/purple_whales_ws/firmware/mcu_ws/build/rosgraph_msgs/CMakeFiles/rosgraph_msgs__rosidl_generator_c.dir/DependInfo.cmake --color=
[1.644s] Dependencies file "CMakeFiles/rosgraph_msgs__rosidl_generator_c.dir/rosidl_generator_c/rosgraph_msgs/msg/detail/clock__functions.c.obj.d" is newer than depends file "/home/paolo/purple_whales_ws/firmware/mcu_ws/build/rosgraph_msgs/CMakeFiles/rosgraph_msgs__rosidl_generator_c.dir/compiler_depend.internal".
[1.645s] [35m[1mConsolidate compiler generated dependencies of target rosgraph_msgs__rosidl_generator_c[0m
[1.647s] gmake[6]: Leaving directory '/home/paolo/purple_whales_ws/firmware/mcu_ws/build/rosgraph_msgs'
[1.647s] /usr/bin/gmake  -f CMakeFiles/rosgraph_msgs__rosidl_generator_c.dir/build.make CMakeFiles/rosgraph_msgs__rosidl_generator_c.dir/build
[1.651s] gmake[6]: Entering directory '/home/paolo/purple_whales_ws/firmware/mcu_ws/build/rosgraph_msgs'
[1.664s] [  8%] [32mBuilding C object CMakeFiles/rosgraph_msgs__rosidl_generator_c.dir/rosidl_generator_c/rosgraph_msgs/msg/detail/clock__functions.c.obj[0m
[1.665s] /home/paolo/purple_whales_ws/firmware/toolchain/espressif/tools/xtensa-esp32-elf/esp-2020r2-8.2.0/xtensa-esp32-elf/bin/xtensa-esp32-elf-gcc -DLWIP_IPV4 -DLWIP_IPV6 -DROS_PACKAGE_NAME=\"rosgraph_msgs\" -I/home/paolo/purple_whales_ws/firmware/freertos_apps/microros_esp32_extensions/build/config -I/home/paolo/purple_whales_ws/firmware/toolchain/esp-idf/components/newlib/platform_include -I/home/paolo/purple_whales_ws/firmware/toolchain/esp-idf/components/protocomm/include -I/home/paolo/purple_whales_ws/firmware/toolchain/esp-idf/components/esp_rom/include -I/home/paolo/purple_whales_ws/firmware/toolchain/esp-idf/components/driver/include -I/home/paolo/purple_whales_ws/firmware/toolchain/esp-idf/components/wear_levelling/include -I/home/paolo/purple_whales_ws/firmware/toolchain/esp-idf/components/vfs/include -I/home/paolo/purple_whales_ws/firmware/toolchain/esp-idf/components/log/include -I/home/paolo/purple_whales_ws/firmware/toolchain/esp-idf/components/freertos/include -I/home/paolo/purple_whales_ws/firmware/toolchain/esp-idf/components/wifi_provisioning/include -I/home/paolo/purple_whales_ws/firmware/toolchain/esp-idf/components/pthread/include -I/home/paolo/purple_whales_ws/firmware/toolchain/esp-idf/components/libsodium/libsodium/src/libsodium/include -I/home/paolo/purple_whales_ws/firmware/toolchain/esp-idf/components/coap/port/include -I/home/paolo/purple_whales_ws/firmware/toolchain/esp-idf/components/coap/libcoap/include -I/home/paolo/purple_whales_ws/firmware/toolchain/esp-idf/components/tcp_transport/include -I/home/paolo/purple_whales_ws/firmware/toolchain/esp-idf/components/unity/include -I/home/paolo/purple_whales_ws/firmware/toolchain/esp-idf/components/esp32/include -I/home/paolo/purple_whales_ws/firmware/toolchain/esp-idf/components/asio/port/include -I/home/paolo/purple_whales_ws/firmware/toolchain/esp-idf/components/asio/asio/asio/include -I/home/paolo/purple_whales_ws/firmware/toolchain/esp-idf/components/app_update/include -I/home/paolo/purple_whales_ws/firmware/toolchain/esp-idf/components/esp_ringbuf/include -I/home/paolo/purple_whales_ws/firmware/toolchain/esp-idf/components/soc/esp32/include -I/home/paolo/purple_whales_ws/firmware/toolchain/esp-idf/components/soc/include -I/home/paolo/purple_whales_ws/firmware/toolchain/esp-idf/components/efuse/test/include -I/home/paolo/purple_whales_ws/firmware/toolchain/esp-idf/components/efuse/esp32/include -I/home/paolo/purple_whales_ws/firmware/toolchain/esp-idf/components/efuse/include -I/home/paolo/purple_whales_ws/firmware/toolchain/esp-idf/components/mbedtls/port/include -I/home/paolo/purple_whales_ws/firmware/toolchain/esp-idf/components/mbedtls/mbedtls/include -I/home/paolo/purple_whales_ws/firmware/toolchain/esp-idf/components/xtensa/esp32/include -I/home/paolo/purple_whales_ws/firmware/toolchain/esp-idf/components/xtensa/include -I/home/paolo/purple_whales_ws/firmware/toolchain/esp-idf/components/app_trace/include -I/home/paolo/purple_whales_ws/firmware/toolchain/esp-idf/components/nvs_flash/include -I/home/paolo/purple_whales_ws/firmware/toolchain/esp-idf/components/jsmn/include -I/home/paolo/purple_whales_ws/firmware/toolchain/esp-idf/components/esp_eth/include -I/home/paolo/purple_whales_ws/firmware/toolchain/esp-idf/components/spiffs/include -I/home/paolo/purple_whales_ws/firmware/toolchain/esp-idf/components/ulp/include -I/home/paolo/purple_whales_ws/firmware/toolchain/esp-idf/components/mdns/include -I/home/paolo/purple_whales_ws/firmware/toolchain/esp-idf/components/freemodbus/modbus/include -I/home/paolo/purple_whales_ws/firmware/toolchain/esp-idf/components/freemodbus/common/include -I/home/paolo/purple_whales_ws/firmware/toolchain/esp-idf/components/esp_event/include -I/home/paolo/purple_whales_ws/firmware/toolchain/esp-idf/components/expat/port/include -I/home/paolo/purple_whales_ws/firmware/toolchain/esp-idf/components/bootloader_support/include -I/home/paolo/purple_whales_ws/firmware/toolchain/esp-idf/components/heap/include -I/home/paolo/purple_whales_ws/firmware/toolchain/esp-idf/components/wpa_supplicant/port/include -I/home/paolo/purple_whales_ws/firmware/toolchain/esp-idf/components/wpa_supplicant/include -I/home/paolo/purple_whales_ws/firmware/toolchain/esp-idf/components/tcpip_adapter/include -I/home/paolo/purple_whales_ws/firmware/toolchain/esp-idf/components/openssl/include -I/home/paolo/purple_whales_ws/firmware/toolchain/esp-idf/components/sdmmc/include -I/home/paolo/purple_whales_ws/firmware/toolchain/esp-idf/components/esp_local_ctrl/include -I/home/paolo/purple_whales_ws/firmware/toolchain/esp-idf/components/esp_common/include -I/home/paolo/purple_whales_ws/firmware/toolchain/esp-idf/components/lwip/lwip/src/include/lwip/apps -I/home/paolo/purple_whales_ws/firmware/toolchain/esp-idf/components/lwip/lwip/src/include/compat/posix -I/home/paolo/purple_whales_ws/firmware/toolchain/esp-idf/components/lwip/lwip/src/include -I/home/paolo/purple_whales_ws/firmware/toolchain/esp-idf/components/lwip/port/esp32/include -I/home/paolo/purple_whales_ws/firmware/mcu_ws/build/rosgraph_msgs/rosidl_generator_c -isystem /home/paolo/purple_whales_ws/firmware/mcu_ws/install/include/builtin_interfaces -isystem /home/paolo/purple_whales_ws/firmware/mcu_ws/install/include/rosidl_runtime_c -isystem /home/paolo/purple_whales_ws/firmware/mcu_ws/install/include/rcutils -isystem /home/paolo/purple_whales_ws/firmware/mcu_ws/install/include/rosidl_typesupport_interface -mlongcalls -Wno-frame-address -mlongcalls -Wno-frame-address -g -Wall -std=gnu11 -MD -MT CMakeFiles/rosgraph_msgs__rosidl_generator_c.dir/rosidl_generator_c/rosgraph_msgs/msg/detail/clock__functions.c.obj -MF CMakeFiles/rosgraph_msgs__rosidl_generator_c.dir/rosidl_generator_c/rosgraph_msgs/msg/detail/clock__functions.c.obj.d -o CMakeFiles/rosgraph_msgs__rosidl_generator_c.dir/rosidl_generator_c/rosgraph_msgs/msg/detail/clock__functions.c.obj -c /home/paolo/purple_whales_ws/firmware/mcu_ws/build/rosgraph_msgs/rosidl_generator_c/rosgraph_msgs/msg/detail/clock__functions.c
[1.753s] [ 16%] [32m[1mLinking C static library librosgraph_msgs__rosidl_generator_c.a[0m
[1.755s] /usr/bin/cmake -P CMakeFiles/rosgraph_msgs__rosidl_generator_c.dir/cmake_clean_target.cmake
[1.773s] /usr/bin/cmake -E cmake_link_script CMakeFiles/rosgraph_msgs__rosidl_generator_c.dir/link.txt --verbose=1
[1.789s] /home/paolo/purple_whales_ws/firmware/toolchain/espressif/tools/xtensa-esp32-elf/esp-2020r2-8.2.0/xtensa-esp32-elf/bin/xtensa-esp32-elf-ar qc librosgraph_msgs__rosidl_generator_c.a CMakeFiles/rosgraph_msgs__rosidl_generator_c.dir/rosidl_generator_c/rosgraph_msgs/msg/detail/clock__functions.c.obj
[1.793s] /home/paolo/purple_whales_ws/firmware/toolchain/espressif/tools/xtensa-esp32-elf/esp-2020r2-8.2.0/xtensa-esp32-elf/bin/xtensa-esp32-elf-ranlib librosgraph_msgs__rosidl_generator_c.a
[1.801s] gmake[6]: Leaving directory '/home/paolo/purple_whales_ws/firmware/mcu_ws/build/rosgraph_msgs'
[1.827s] [ 25%] Built target rosgraph_msgs__rosidl_generator_c
[1.835s] /usr/bin/gmake  -f CMakeFiles/rosgraph_msgs__rosidl_typesupport_introspection_c.dir/build.make CMakeFiles/rosgraph_msgs__rosidl_typesupport_introspection_c.dir/depend
[1.844s] /usr/bin/gmake  -f CMakeFiles/rosgraph_msgs__rosidl_typesupport_microxrcedds_c.dir/build.make CMakeFiles/rosgraph_msgs__rosidl_typesupport_microxrcedds_c.dir/depend
[1.846s] gmake[6]: Entering directory '/home/paolo/purple_whales_ws/firmware/mcu_ws/build/rosgraph_msgs'
[1.846s] cd /home/paolo/purple_whales_ws/firmware/mcu_ws/build/rosgraph_msgs && /usr/bin/cmake -E cmake_depends "Unix Makefiles" /home/paolo/purple_whales_ws/firmware/mcu_ws/ros2/rcl_interfaces/rosgraph_msgs /home/paolo/purple_whales_ws/firmware/mcu_ws/ros2/rcl_interfaces/rosgraph_msgs /home/paolo/purple_whales_ws/firmware/mcu_ws/build/rosgraph_msgs /home/paolo/purple_whales_ws/firmware/mcu_ws/build/rosgraph_msgs /home/paolo/purple_whales_ws/firmware/mcu_ws/build/rosgraph_msgs/CMakeFiles/rosgraph_msgs__rosidl_typesupport_introspection_c.dir/DependInfo.cmake --color=
[1.846s] /usr/bin/gmake  -f CMakeFiles/rosgraph_msgs__rosidl_typesupport_c.dir/build.make CMakeFiles/rosgraph_msgs__rosidl_typesupport_c.dir/depend
[1.846s] gmake[6]: Entering directory '/home/paolo/purple_whales_ws/firmware/mcu_ws/build/rosgraph_msgs'
[1.846s] cd /home/paolo/purple_whales_ws/firmware/mcu_ws/build/rosgraph_msgs && /usr/bin/cmake -E cmake_depends "Unix Makefiles" /home/paolo/purple_whales_ws/firmware/mcu_ws/ros2/rcl_interfaces/rosgraph_msgs /home/paolo/purple_whales_ws/firmware/mcu_ws/ros2/rcl_interfaces/rosgraph_msgs /home/paolo/purple_whales_ws/firmware/mcu_ws/build/rosgraph_msgs /home/paolo/purple_whales_ws/firmware/mcu_ws/build/rosgraph_msgs /home/paolo/purple_whales_ws/firmware/mcu_ws/build/rosgraph_msgs/CMakeFiles/rosgraph_msgs__rosidl_typesupport_microxrcedds_c.dir/DependInfo.cmake --color=
[1.851s] gmake[6]: Entering directory '/home/paolo/purple_whales_ws/firmware/mcu_ws/build/rosgraph_msgs'
[1.851s] cd /home/paolo/purple_whales_ws/firmware/mcu_ws/build/rosgraph_msgs && /usr/bin/cmake -E cmake_depends "Unix Makefiles" /home/paolo/purple_whales_ws/firmware/mcu_ws/ros2/rcl_interfaces/rosgraph_msgs /home/paolo/purple_whales_ws/firmware/mcu_ws/ros2/rcl_interfaces/rosgraph_msgs /home/paolo/purple_whales_ws/firmware/mcu_ws/build/rosgraph_msgs /home/paolo/purple_whales_ws/firmware/mcu_ws/build/rosgraph_msgs /home/paolo/purple_whales_ws/firmware/mcu_ws/build/rosgraph_msgs/CMakeFiles/rosgraph_msgs__rosidl_typesupport_c.dir/DependInfo.cmake --color=
[1.859s] Dependencies file "CMakeFiles/rosgraph_msgs__rosidl_typesupport_introspection_c.dir/rosidl_typesupport_introspection_c/rosgraph_msgs/msg/detail/clock__type_support.c.obj.d" is newer than depends file "/home/paolo/purple_whales_ws/firmware/mcu_ws/build/rosgraph_msgs/CMakeFiles/rosgraph_msgs__rosidl_typesupport_introspection_c.dir/compiler_depend.internal".
[1.859s] [35m[1mConsolidate compiler generated dependencies of target rosgraph_msgs__rosidl_typesupport_introspection_c[0m
[1.865s] gmake[6]: Leaving directory '/home/paolo/purple_whales_ws/firmware/mcu_ws/build/rosgraph_msgs'
[1.865s] /usr/bin/gmake  -f CMakeFiles/rosgraph_msgs__rosidl_typesupport_introspection_c.dir/build.make CMakeFiles/rosgraph_msgs__rosidl_typesupport_introspection_c.dir/build
[1.867s] gmake[6]: Entering directory '/home/paolo/purple_whales_ws/firmware/mcu_ws/build/rosgraph_msgs'
[1.867s] gmake[6]: Nothing to be done for 'CMakeFiles/rosgraph_msgs__rosidl_typesupport_introspection_c.dir/build'.
[1.867s] gmake[6]: Leaving directory '/home/paolo/purple_whales_ws/firmware/mcu_ws/build/rosgraph_msgs'
[1.887s] Dependencies file "CMakeFiles/rosgraph_msgs__rosidl_typesupport_c.dir/rosidl_typesupport_c/rosgraph_msgs/msg/clock__type_support.cpp.obj.d" is newer than depends file "/home/paolo/purple_whales_ws/firmware/mcu_ws/build/rosgraph_msgs/CMakeFiles/rosgraph_msgs__rosidl_typesupport_c.dir/compiler_depend.internal".
[1.888s] [35m[1mConsolidate compiler generated dependencies of target rosgraph_msgs__rosidl_typesupport_c[0m
[1.903s] [ 50%] Built target rosgraph_msgs__rosidl_typesupport_introspection_c
[1.903s] Dependencies file "CMakeFiles/rosgraph_msgs__rosidl_typesupport_microxrcedds_c.dir/rosidl_typesupport_microxrcedds_c/rosgraph_msgs/msg/detail/microxrcedds/clock__type_support_c.c.obj.d" is newer than depends file "/home/paolo/purple_whales_ws/firmware/mcu_ws/build/rosgraph_msgs/CMakeFiles/rosgraph_msgs__rosidl_typesupport_microxrcedds_c.dir/compiler_depend.internal".
[1.903s] gmake[6]: Leaving directory '/home/paolo/purple_whales_ws/firmware/mcu_ws/build/rosgraph_msgs'
[1.903s] [35m[1mConsolidate compiler generated dependencies of target rosgraph_msgs__rosidl_typesupport_microxrcedds_c[0m
[1.903s] /usr/bin/gmake  -f CMakeFiles/rosgraph_msgs__rosidl_typesupport_c.dir/build.make CMakeFiles/rosgraph_msgs__rosidl_typesupport_c.dir/build
[1.910s] gmake[6]: Entering directory '/home/paolo/purple_whales_ws/firmware/mcu_ws/build/rosgraph_msgs'
[1.910s] gmake[6]: Nothing to be done for 'CMakeFiles/rosgraph_msgs__rosidl_typesupport_c.dir/build'.
[1.910s] gmake[6]: Leaving directory '/home/paolo/purple_whales_ws/firmware/mcu_ws/build/rosgraph_msgs'
[1.910s] gmake[6]: Leaving directory '/home/paolo/purple_whales_ws/firmware/mcu_ws/build/rosgraph_msgs'
[1.910s] /usr/bin/gmake  -f CMakeFiles/rosgraph_msgs__rosidl_typesupport_microxrcedds_c.dir/build.make CMakeFiles/rosgraph_msgs__rosidl_typesupport_microxrcedds_c.dir/build
[1.913s] gmake[6]: Entering directory '/home/paolo/purple_whales_ws/firmware/mcu_ws/build/rosgraph_msgs'
[1.914s] gmake[6]: Nothing to be done for 'CMakeFiles/rosgraph_msgs__rosidl_typesupport_microxrcedds_c.dir/build'.
[1.914s] gmake[6]: Leaving directory '/home/paolo/purple_whales_ws/firmware/mcu_ws/build/rosgraph_msgs'
[1.933s] [ 75%] Built target rosgraph_msgs__rosidl_typesupport_c
[1.952s] [100%] Built target rosgraph_msgs__rosidl_typesupport_microxrcedds_c
[1.954s] /usr/bin/gmake  -f CMakeFiles/rosgraph_msgs.dir/build.make CMakeFiles/rosgraph_msgs.dir/depend
[1.955s] gmake[6]: Entering directory '/home/paolo/purple_whales_ws/firmware/mcu_ws/build/rosgraph_msgs'
[1.955s] cd /home/paolo/purple_whales_ws/firmware/mcu_ws/build/rosgraph_msgs && /usr/bin/cmake -E cmake_depends "Unix Makefiles" /home/paolo/purple_whales_ws/firmware/mcu_ws/ros2/rcl_interfaces/rosgraph_msgs /home/paolo/purple_whales_ws/firmware/mcu_ws/ros2/rcl_interfaces/rosgraph_msgs /home/paolo/purple_whales_ws/firmware/mcu_ws/build/rosgraph_msgs /home/paolo/purple_whales_ws/firmware/mcu_ws/build/rosgraph_msgs /home/paolo/purple_whales_ws/firmware/mcu_ws/build/rosgraph_msgs/CMakeFiles/rosgraph_msgs.dir/DependInfo.cmake --color=
[1.976s] gmake[6]: Leaving directory '/home/paolo/purple_whales_ws/firmware/mcu_ws/build/rosgraph_msgs'
[1.977s] /usr/bin/gmake  -f CMakeFiles/rosgraph_msgs.dir/build.make CMakeFiles/rosgraph_msgs.dir/build
[1.978s] gmake[6]: Entering directory '/home/paolo/purple_whales_ws/firmware/mcu_ws/build/rosgraph_msgs'
[1.978s] gmake[6]: Nothing to be done for 'CMakeFiles/rosgraph_msgs.dir/build'.
[1.978s] gmake[6]: Leaving directory '/home/paolo/purple_whales_ws/firmware/mcu_ws/build/rosgraph_msgs'
[2.000s] [100%] Built target rosgraph_msgs
[2.005s] gmake[5]: Leaving directory '/home/paolo/purple_whales_ws/firmware/mcu_ws/build/rosgraph_msgs'
[2.005s] /usr/bin/cmake -E cmake_progress_start /home/paolo/purple_whales_ws/firmware/mcu_ws/build/rosgraph_msgs/CMakeFiles 0
[2.037s] gmake[4]: Leaving directory '/home/paolo/purple_whales_ws/firmware/mcu_ws/build/rosgraph_msgs'
