[0.039s] Invoking command in '/home/paolo/purple_whales_ws/build/micro_ros_msgs': CMAKE_PREFIX_PATH=${CMAKE_PREFIX_PATH}:/home/paolo/purple_whales_ws/install/uaq_robot:/opt/ros/humble /usr/bin/cmake /home/paolo/purple_whales_ws/src/uros/micro_ros_msgs -DCMAKE_INSTALL_PREFIX=/home/paolo/purple_whales_ws/install/micro_ros_msgs
[0.378s] -- Found ament_cmake: 1.3.8 (/opt/ros/humble/share/ament_cmake/cmake)
[0.378s] -- Found rosidl_default_generators: 1.2.0 (/opt/ros/humble/share/rosidl_default_generators/cmake)
[0.378s] -- Using all available rosidl_typesupport_c: rosidl_typesupport_fastrtps_c;rosidl_typesupport_introspection_c
[0.378s] -- Found rosidl_adapter: 3.1.5 (/opt/ros/humble/share/rosidl_adapter/cmake)
[0.664s] -- Using all available rosidl_typesupport_cpp: rosidl_typesupport_fastrtps_cpp;rosidl_typesupport_introspection_cpp
[0.694s] -- Found ament_lint_auto: 0.12.10 (/opt/ros/humble/share/ament_lint_auto/cmake)
[1.084s] -- Found ament_cmake_ros: 0.10.0 (/opt/ros/humble/share/ament_cmake_ros/cmake)
[1.351s] -- Using all available rosidl_typesupport_c: rosidl_typesupport_fastrtps_c;rosidl_typesupport_introspection_c
[1.681s] -- Using all available rosidl_typesupport_cpp: rosidl_typesupport_fastrtps_cpp;rosidl_typesupport_introspection_cpp
[1.716s] -- Found python_cmake_module: 0.10.0 (/opt/ros/humble/share/python_cmake_module/cmake)
[1.752s] -- Using PYTHON_EXECUTABLE: /usr/bin/python3
[1.752s] -- Using PYTHON_INCLUDE_DIRS: /usr/include/python3.10
[1.752s] -- Using PYTHON_LIBRARIES: /usr/lib/x86_64-linux-gnu/libpython3.10.so
[1.770s] -- Added test 'copyright' to check source files copyright and LICENSE
[1.776s] -- Added test 'lint_cmake' to check CMake code style
[1.777s] -- Added test 'xmllint' to check XML markup files
[1.785s] -- Configuring done
[1.850s] -- Generating done
[1.857s] -- Build files have been written to: /home/paolo/purple_whales_ws/build/micro_ros_msgs
[1.883s] Invoked command in '/home/paolo/purple_whales_ws/build/micro_ros_msgs' returned '0': CMAKE_PREFIX_PATH=${CMAKE_PREFIX_PATH}:/home/paolo/purple_whales_ws/install/uaq_robot:/opt/ros/humble /usr/bin/cmake /home/paolo/purple_whales_ws/src/uros/micro_ros_msgs -DCMAKE_INSTALL_PREFIX=/home/paolo/purple_whales_ws/install/micro_ros_msgs
[1.887s] Invoking command in '/home/paolo/purple_whales_ws/build/micro_ros_msgs': CMAKE_PREFIX_PATH=${CMAKE_PREFIX_PATH}:/home/paolo/purple_whales_ws/install/uaq_robot:/opt/ros/humble /usr/bin/cmake --build /home/paolo/purple_whales_ws/build/micro_ros_msgs -- -j20 -l20
[1.942s] [35m[1mConsolidate compiler generated dependencies of target micro_ros_msgs__rosidl_generator_c[0m
[1.955s] [  2%] Built target micro_ros_msgs__cpp
[1.958s] [ 12%] Built target micro_ros_msgs__rosidl_generator_c
[1.968s] [35m[1mConsolidate compiler generated dependencies of target micro_ros_msgs__rosidl_typesupport_cpp[0m
[1.968s] [35m[1mConsolidate compiler generated dependencies of target micro_ros_msgs__rosidl_typesupport_fastrtps_cpp[0m
[1.968s] [35m[1mConsolidate compiler generated dependencies of target micro_ros_msgs__rosidl_typesupport_introspection_cpp[0m
[1.969s] [ 12%] Built target ament_cmake_python_copy_micro_ros_msgs
[1.969s] [35m[1mConsolidate compiler generated dependencies of target micro_ros_msgs__rosidl_typesupport_introspection_c[0m
[1.969s] [35m[1mConsolidate compiler generated dependencies of target micro_ros_msgs__rosidl_typesupport_c[0m
[1.970s] [35m[1mConsolidate compiler generated dependencies of target micro_ros_msgs__rosidl_typesupport_fastrtps_c[0m
[1.984s] [ 76%] Built target micro_ros_msgs__rosidl_typesupport_introspection_cpp
[1.984s] [ 76%] Built target micro_ros_msgs__rosidl_typesupport_fastrtps_c
[1.984s] [ 76%] Built target micro_ros_msgs__rosidl_typesupport_cpp
[1.984s] [ 76%] Built target micro_ros_msgs__rosidl_typesupport_introspection_c
[1.984s] [ 76%] Built target micro_ros_msgs__rosidl_typesupport_fastrtps_cpp
[1.985s] [ 76%] Built target micro_ros_msgs__rosidl_typesupport_c
[2.013s] [ 76%] Built target micro_ros_msgs
[2.047s] [ 78%] Built target micro_ros_msgs__py
[2.062s] [35m[1mConsolidate compiler generated dependencies of target micro_ros_msgs__rosidl_generator_py[0m
[2.081s] [ 87%] Built target micro_ros_msgs__rosidl_generator_py
[2.093s] [35m[1mConsolidate compiler generated dependencies of target micro_ros_msgs__rosidl_typesupport_introspection_c__pyext[0m
[2.093s] [35m[1mConsolidate compiler generated dependencies of target micro_ros_msgs__rosidl_typesupport_fastrtps_c__pyext[0m
[2.093s] [35m[1mConsolidate compiler generated dependencies of target micro_ros_msgs__rosidl_typesupport_c__pyext[0m
[2.110s] [100%] Built target micro_ros_msgs__rosidl_typesupport_c__pyext
[2.111s] [100%] Built target micro_ros_msgs__rosidl_typesupport_introspection_c__pyext
[2.111s] [100%] Built target micro_ros_msgs__rosidl_typesupport_fastrtps_c__pyext
[2.245s] running egg_info
[2.246s] writing micro_ros_msgs.egg-info/PKG-INFO
[2.247s] writing dependency_links to micro_ros_msgs.egg-info/dependency_links.txt
[2.247s] writing top-level names to micro_ros_msgs.egg-info/top_level.txt
[2.251s] reading manifest file 'micro_ros_msgs.egg-info/SOURCES.txt'
[2.251s] writing manifest file 'micro_ros_msgs.egg-info/SOURCES.txt'
[2.338s] [100%] Built target ament_cmake_python_build_micro_ros_msgs_egg
[2.356s] Invoked command in '/home/paolo/purple_whales_ws/build/micro_ros_msgs' returned '0': CMAKE_PREFIX_PATH=${CMAKE_PREFIX_PATH}:/home/paolo/purple_whales_ws/install/uaq_robot:/opt/ros/humble /usr/bin/cmake --build /home/paolo/purple_whales_ws/build/micro_ros_msgs -- -j20 -l20
[2.448s] Invoking command in '/home/paolo/purple_whales_ws/build/micro_ros_msgs': CMAKE_PREFIX_PATH=${CMAKE_PREFIX_PATH}:/home/paolo/purple_whales_ws/install/uaq_robot:/opt/ros/humble /usr/bin/cmake --install /home/paolo/purple_whales_ws/build/micro_ros_msgs
[2.460s] -- Install configuration: ""
[2.460s] -- Up-to-date: /home/paolo/purple_whales_ws/install/micro_ros_msgs/share/ament_index/resource_index/rosidl_interfaces/micro_ros_msgs
[2.460s] -- Up-to-date: /home/paolo/purple_whales_ws/install/micro_ros_msgs/include/micro_ros_msgs/micro_ros_msgs
[2.460s] -- Up-to-date: /home/paolo/purple_whales_ws/install/micro_ros_msgs/include/micro_ros_msgs/micro_ros_msgs/msg
[2.460s] -- Up-to-date: /home/paolo/purple_whales_ws/install/micro_ros_msgs/include/micro_ros_msgs/micro_ros_msgs/msg/entity.h
[2.461s] -- Up-to-date: /home/paolo/purple_whales_ws/install/micro_ros_msgs/include/micro_ros_msgs/micro_ros_msgs/msg/node.h
[2.461s] -- Up-to-date: /home/paolo/purple_whales_ws/install/micro_ros_msgs/include/micro_ros_msgs/micro_ros_msgs/msg/graph.h
[2.461s] -- Up-to-date: /home/paolo/purple_whales_ws/install/micro_ros_msgs/include/micro_ros_msgs/micro_ros_msgs/msg/detail
[2.461s] -- Up-to-date: /home/paolo/purple_whales_ws/install/micro_ros_msgs/include/micro_ros_msgs/micro_ros_msgs/msg/detail/entity__struct.h
[2.461s] -- Up-to-date: /home/paolo/purple_whales_ws/install/micro_ros_msgs/include/micro_ros_msgs/micro_ros_msgs/msg/detail/graph__struct.h
[2.461s] -- Up-to-date: /home/paolo/purple_whales_ws/install/micro_ros_msgs/include/micro_ros_msgs/micro_ros_msgs/msg/detail/node__type_support.h
[2.461s] -- Up-to-date: /home/paolo/purple_whales_ws/install/micro_ros_msgs/include/micro_ros_msgs/micro_ros_msgs/msg/detail/graph__functions.c
[2.461s] -- Up-to-date: /home/paolo/purple_whales_ws/install/micro_ros_msgs/include/micro_ros_msgs/micro_ros_msgs/msg/detail/node__functions.h
[2.461s] -- Up-to-date: /home/paolo/purple_whales_ws/install/micro_ros_msgs/include/micro_ros_msgs/micro_ros_msgs/msg/detail/graph__functions.h
[2.461s] -- Up-to-date: /home/paolo/purple_whales_ws/install/micro_ros_msgs/include/micro_ros_msgs/micro_ros_msgs/msg/detail/node__functions.c
[2.461s] -- Up-to-date: /home/paolo/purple_whales_ws/install/micro_ros_msgs/include/micro_ros_msgs/micro_ros_msgs/msg/detail/entity__type_support.h
[2.461s] -- Up-to-date: /home/paolo/purple_whales_ws/install/micro_ros_msgs/include/micro_ros_msgs/micro_ros_msgs/msg/detail/node__struct.h
[2.461s] -- Up-to-date: /home/paolo/purple_whales_ws/install/micro_ros_msgs/include/micro_ros_msgs/micro_ros_msgs/msg/detail/graph__type_support.h
[2.461s] -- Up-to-date: /home/paolo/purple_whales_ws/install/micro_ros_msgs/include/micro_ros_msgs/micro_ros_msgs/msg/detail/entity__functions.c
[2.461s] -- Up-to-date: /home/paolo/purple_whales_ws/install/micro_ros_msgs/include/micro_ros_msgs/micro_ros_msgs/msg/detail/entity__functions.h
[2.461s] -- Up-to-date: /home/paolo/purple_whales_ws/install/micro_ros_msgs/include/micro_ros_msgs/micro_ros_msgs/msg/rosidl_generator_c__visibility_control.h
[2.461s] -- Up-to-date: /home/paolo/purple_whales_ws/install/micro_ros_msgs/share/micro_ros_msgs/environment/library_path.sh
[2.462s] -- Installing: /home/paolo/purple_whales_ws/install/micro_ros_msgs/share/micro_ros_msgs/environment/library_path.dsv
[2.462s] -- Up-to-date: /home/paolo/purple_whales_ws/install/micro_ros_msgs/lib/libmicro_ros_msgs__rosidl_generator_c.so
[2.462s] -- Up-to-date: /home/paolo/purple_whales_ws/install/micro_ros_msgs/include/micro_ros_msgs/micro_ros_msgs
[2.462s] -- Up-to-date: /home/paolo/purple_whales_ws/install/micro_ros_msgs/include/micro_ros_msgs/micro_ros_msgs/msg
[2.462s] -- Up-to-date: /home/paolo/purple_whales_ws/install/micro_ros_msgs/include/micro_ros_msgs/micro_ros_msgs/msg/detail
[2.463s] -- Up-to-date: /home/paolo/purple_whales_ws/install/micro_ros_msgs/include/micro_ros_msgs/micro_ros_msgs/msg/detail/entity__rosidl_typesupport_fastrtps_c.h
[2.463s] -- Up-to-date: /home/paolo/purple_whales_ws/install/micro_ros_msgs/include/micro_ros_msgs/micro_ros_msgs/msg/detail/graph__rosidl_typesupport_fastrtps_c.h
[2.463s] -- Up-to-date: /home/paolo/purple_whales_ws/install/micro_ros_msgs/include/micro_ros_msgs/micro_ros_msgs/msg/detail/node__rosidl_typesupport_fastrtps_c.h
[2.463s] -- Up-to-date: /home/paolo/purple_whales_ws/install/micro_ros_msgs/include/micro_ros_msgs/micro_ros_msgs/msg/rosidl_typesupport_fastrtps_c__visibility_control.h
[2.463s] -- Up-to-date: /home/paolo/purple_whales_ws/install/micro_ros_msgs/lib/libmicro_ros_msgs__rosidl_typesupport_fastrtps_c.so
[2.463s] -- Up-to-date: /home/paolo/purple_whales_ws/install/micro_ros_msgs/include/micro_ros_msgs/micro_ros_msgs
[2.464s] -- Up-to-date: /home/paolo/purple_whales_ws/install/micro_ros_msgs/include/micro_ros_msgs/micro_ros_msgs/msg
[2.464s] -- Up-to-date: /home/paolo/purple_whales_ws/install/micro_ros_msgs/include/micro_ros_msgs/micro_ros_msgs/msg/detail
[2.464s] -- Up-to-date: /home/paolo/purple_whales_ws/install/micro_ros_msgs/include/micro_ros_msgs/micro_ros_msgs/msg/detail/entity__type_support.c
[2.464s] -- Up-to-date: /home/paolo/purple_whales_ws/install/micro_ros_msgs/include/micro_ros_msgs/micro_ros_msgs/msg/detail/graph__rosidl_typesupport_introspection_c.h
[2.464s] -- Up-to-date: /home/paolo/purple_whales_ws/install/micro_ros_msgs/include/micro_ros_msgs/micro_ros_msgs/msg/detail/node__type_support.c
[2.464s] -- Up-to-date: /home/paolo/purple_whales_ws/install/micro_ros_msgs/include/micro_ros_msgs/micro_ros_msgs/msg/detail/entity__rosidl_typesupport_introspection_c.h
[2.464s] -- Up-to-date: /home/paolo/purple_whales_ws/install/micro_ros_msgs/include/micro_ros_msgs/micro_ros_msgs/msg/detail/node__rosidl_typesupport_introspection_c.h
[2.464s] -- Up-to-date: /home/paolo/purple_whales_ws/install/micro_ros_msgs/include/micro_ros_msgs/micro_ros_msgs/msg/detail/graph__type_support.c
[2.464s] -- Up-to-date: /home/paolo/purple_whales_ws/install/micro_ros_msgs/include/micro_ros_msgs/micro_ros_msgs/msg/rosidl_typesupport_introspection_c__visibility_control.h
[2.465s] -- Up-to-date: /home/paolo/purple_whales_ws/install/micro_ros_msgs/lib/libmicro_ros_msgs__rosidl_typesupport_introspection_c.so
[2.465s] -- Up-to-date: /home/paolo/purple_whales_ws/install/micro_ros_msgs/lib/libmicro_ros_msgs__rosidl_typesupport_c.so
[2.465s] -- Up-to-date: /home/paolo/purple_whales_ws/install/micro_ros_msgs/include/micro_ros_msgs/micro_ros_msgs
[2.465s] -- Up-to-date: /home/paolo/purple_whales_ws/install/micro_ros_msgs/include/micro_ros_msgs/micro_ros_msgs/msg
[2.465s] -- Up-to-date: /home/paolo/purple_whales_ws/install/micro_ros_msgs/include/micro_ros_msgs/micro_ros_msgs/msg/graph.hpp
[2.465s] -- Up-to-date: /home/paolo/purple_whales_ws/install/micro_ros_msgs/include/micro_ros_msgs/micro_ros_msgs/msg/detail
[2.465s] -- Up-to-date: /home/paolo/purple_whales_ws/install/micro_ros_msgs/include/micro_ros_msgs/micro_ros_msgs/msg/detail/entity__traits.hpp
[2.465s] -- Up-to-date: /home/paolo/purple_whales_ws/install/micro_ros_msgs/include/micro_ros_msgs/micro_ros_msgs/msg/detail/entity__builder.hpp
[2.466s] -- Up-to-date: /home/paolo/purple_whales_ws/install/micro_ros_msgs/include/micro_ros_msgs/micro_ros_msgs/msg/detail/graph__struct.hpp
[2.466s] -- Up-to-date: /home/paolo/purple_whales_ws/install/micro_ros_msgs/include/micro_ros_msgs/micro_ros_msgs/msg/detail/graph__traits.hpp
[2.466s] -- Up-to-date: /home/paolo/purple_whales_ws/install/micro_ros_msgs/include/micro_ros_msgs/micro_ros_msgs/msg/detail/entity__struct.hpp
[2.466s] -- Up-to-date: /home/paolo/purple_whales_ws/install/micro_ros_msgs/include/micro_ros_msgs/micro_ros_msgs/msg/detail/node__struct.hpp
[2.466s] -- Up-to-date: /home/paolo/purple_whales_ws/install/micro_ros_msgs/include/micro_ros_msgs/micro_ros_msgs/msg/detail/graph__builder.hpp
[2.466s] -- Up-to-date: /home/paolo/purple_whales_ws/install/micro_ros_msgs/include/micro_ros_msgs/micro_ros_msgs/msg/detail/node__traits.hpp
[2.466s] -- Up-to-date: /home/paolo/purple_whales_ws/install/micro_ros_msgs/include/micro_ros_msgs/micro_ros_msgs/msg/detail/node__builder.hpp
[2.466s] -- Up-to-date: /home/paolo/purple_whales_ws/install/micro_ros_msgs/include/micro_ros_msgs/micro_ros_msgs/msg/node.hpp
[2.466s] -- Up-to-date: /home/paolo/purple_whales_ws/install/micro_ros_msgs/include/micro_ros_msgs/micro_ros_msgs/msg/entity.hpp
[2.466s] -- Up-to-date: /home/paolo/purple_whales_ws/install/micro_ros_msgs/include/micro_ros_msgs/micro_ros_msgs
[2.466s] -- Up-to-date: /home/paolo/purple_whales_ws/install/micro_ros_msgs/include/micro_ros_msgs/micro_ros_msgs/msg
[2.466s] -- Up-to-date: /home/paolo/purple_whales_ws/install/micro_ros_msgs/include/micro_ros_msgs/micro_ros_msgs/msg/detail
[2.466s] -- Up-to-date: /home/paolo/purple_whales_ws/install/micro_ros_msgs/include/micro_ros_msgs/micro_ros_msgs/msg/detail/graph__rosidl_typesupport_fastrtps_cpp.hpp
[2.466s] -- Up-to-date: /home/paolo/purple_whales_ws/install/micro_ros_msgs/include/micro_ros_msgs/micro_ros_msgs/msg/detail/node__rosidl_typesupport_fastrtps_cpp.hpp
[2.467s] -- Up-to-date: /home/paolo/purple_whales_ws/install/micro_ros_msgs/include/micro_ros_msgs/micro_ros_msgs/msg/detail/dds_fastrtps
[2.467s] -- Up-to-date: /home/paolo/purple_whales_ws/install/micro_ros_msgs/include/micro_ros_msgs/micro_ros_msgs/msg/detail/entity__rosidl_typesupport_fastrtps_cpp.hpp
[2.467s] -- Up-to-date: /home/paolo/purple_whales_ws/install/micro_ros_msgs/include/micro_ros_msgs/micro_ros_msgs/msg/rosidl_typesupport_fastrtps_cpp__visibility_control.h
[2.467s] -- Up-to-date: /home/paolo/purple_whales_ws/install/micro_ros_msgs/lib/libmicro_ros_msgs__rosidl_typesupport_fastrtps_cpp.so
[2.467s] -- Up-to-date: /home/paolo/purple_whales_ws/install/micro_ros_msgs/include/micro_ros_msgs/micro_ros_msgs
[2.467s] -- Up-to-date: /home/paolo/purple_whales_ws/install/micro_ros_msgs/include/micro_ros_msgs/micro_ros_msgs/msg
[2.467s] -- Up-to-date: /home/paolo/purple_whales_ws/install/micro_ros_msgs/include/micro_ros_msgs/micro_ros_msgs/msg/detail
[2.468s] -- Up-to-date: /home/paolo/purple_whales_ws/install/micro_ros_msgs/include/micro_ros_msgs/micro_ros_msgs/msg/detail/entity__rosidl_typesupport_introspection_cpp.hpp
[2.468s] -- Up-to-date: /home/paolo/purple_whales_ws/install/micro_ros_msgs/include/micro_ros_msgs/micro_ros_msgs/msg/detail/graph__type_support.cpp
[2.468s] -- Up-to-date: /home/paolo/purple_whales_ws/install/micro_ros_msgs/include/micro_ros_msgs/micro_ros_msgs/msg/detail/node__type_support.cpp
[2.468s] -- Up-to-date: /home/paolo/purple_whales_ws/install/micro_ros_msgs/include/micro_ros_msgs/micro_ros_msgs/msg/detail/entity__type_support.cpp
[2.468s] -- Up-to-date: /home/paolo/purple_whales_ws/install/micro_ros_msgs/include/micro_ros_msgs/micro_ros_msgs/msg/detail/node__rosidl_typesupport_introspection_cpp.hpp
[2.468s] -- Up-to-date: /home/paolo/purple_whales_ws/install/micro_ros_msgs/include/micro_ros_msgs/micro_ros_msgs/msg/detail/graph__rosidl_typesupport_introspection_cpp.hpp
[2.468s] -- Up-to-date: /home/paolo/purple_whales_ws/install/micro_ros_msgs/lib/libmicro_ros_msgs__rosidl_typesupport_introspection_cpp.so
[2.468s] -- Up-to-date: /home/paolo/purple_whales_ws/install/micro_ros_msgs/lib/libmicro_ros_msgs__rosidl_typesupport_cpp.so
[2.469s] -- Up-to-date: /home/paolo/purple_whales_ws/install/micro_ros_msgs/share/micro_ros_msgs/environment/pythonpath.sh
[2.469s] -- Installing: /home/paolo/purple_whales_ws/install/micro_ros_msgs/share/micro_ros_msgs/environment/pythonpath.dsv
[2.469s] -- Up-to-date: /home/paolo/purple_whales_ws/install/micro_ros_msgs/local/lib/python3.10/dist-packages/micro_ros_msgs-3.0.1-py3.10.egg-info
[2.469s] -- Installing: /home/paolo/purple_whales_ws/install/micro_ros_msgs/local/lib/python3.10/dist-packages/micro_ros_msgs-3.0.1-py3.10.egg-info/dependency_links.txt
[2.469s] -- Installing: /home/paolo/purple_whales_ws/install/micro_ros_msgs/local/lib/python3.10/dist-packages/micro_ros_msgs-3.0.1-py3.10.egg-info/top_level.txt
[2.469s] -- Installing: /home/paolo/purple_whales_ws/install/micro_ros_msgs/local/lib/python3.10/dist-packages/micro_ros_msgs-3.0.1-py3.10.egg-info/PKG-INFO
[2.469s] -- Installing: /home/paolo/purple_whales_ws/install/micro_ros_msgs/local/lib/python3.10/dist-packages/micro_ros_msgs-3.0.1-py3.10.egg-info/SOURCES.txt
[2.470s] -- Up-to-date: /home/paolo/purple_whales_ws/install/micro_ros_msgs/local/lib/python3.10/dist-packages/micro_ros_msgs
[2.470s] -- Up-to-date: /home/paolo/purple_whales_ws/install/micro_ros_msgs/local/lib/python3.10/dist-packages/micro_ros_msgs/_micro_ros_msgs_s.ep.rosidl_typesupport_c.c
[2.470s] -- Up-to-date: /home/paolo/purple_whales_ws/install/micro_ros_msgs/local/lib/python3.10/dist-packages/micro_ros_msgs/micro_ros_msgs_s__rosidl_typesupport_introspection_c.cpython-310-x86_64-linux-gnu.so
[2.470s] -- Up-to-date: /home/paolo/purple_whales_ws/install/micro_ros_msgs/local/lib/python3.10/dist-packages/micro_ros_msgs/msg
[2.470s] -- Up-to-date: /home/paolo/purple_whales_ws/install/micro_ros_msgs/local/lib/python3.10/dist-packages/micro_ros_msgs/msg/_entity.py
[2.470s] -- Up-to-date: /home/paolo/purple_whales_ws/install/micro_ros_msgs/local/lib/python3.10/dist-packages/micro_ros_msgs/msg/_entity_s.c
[2.470s] -- Up-to-date: /home/paolo/purple_whales_ws/install/micro_ros_msgs/local/lib/python3.10/dist-packages/micro_ros_msgs/msg/__init__.py
[2.471s] -- Up-to-date: /home/paolo/purple_whales_ws/install/micro_ros_msgs/local/lib/python3.10/dist-packages/micro_ros_msgs/msg/_node_s.c
[2.471s] -- Up-to-date: /home/paolo/purple_whales_ws/install/micro_ros_msgs/local/lib/python3.10/dist-packages/micro_ros_msgs/msg/_graph.py
[2.471s] -- Up-to-date: /home/paolo/purple_whales_ws/install/micro_ros_msgs/local/lib/python3.10/dist-packages/micro_ros_msgs/msg/_node.py
[2.471s] -- Up-to-date: /home/paolo/purple_whales_ws/install/micro_ros_msgs/local/lib/python3.10/dist-packages/micro_ros_msgs/msg/_graph_s.c
[2.471s] -- Installing: /home/paolo/purple_whales_ws/install/micro_ros_msgs/local/lib/python3.10/dist-packages/micro_ros_msgs/__init__.py
[2.471s] -- Up-to-date: /home/paolo/purple_whales_ws/install/micro_ros_msgs/local/lib/python3.10/dist-packages/micro_ros_msgs/libmicro_ros_msgs__rosidl_generator_py.so
[2.471s] -- Up-to-date: /home/paolo/purple_whales_ws/install/micro_ros_msgs/local/lib/python3.10/dist-packages/micro_ros_msgs/micro_ros_msgs_s__rosidl_typesupport_c.cpython-310-x86_64-linux-gnu.so
[2.471s] -- Up-to-date: /home/paolo/purple_whales_ws/install/micro_ros_msgs/local/lib/python3.10/dist-packages/micro_ros_msgs/micro_ros_msgs_s__rosidl_typesupport_fastrtps_c.cpython-310-x86_64-linux-gnu.so
[2.471s] -- Up-to-date: /home/paolo/purple_whales_ws/install/micro_ros_msgs/local/lib/python3.10/dist-packages/micro_ros_msgs/_micro_ros_msgs_s.ep.rosidl_typesupport_fastrtps_c.c
[2.471s] -- Up-to-date: /home/paolo/purple_whales_ws/install/micro_ros_msgs/local/lib/python3.10/dist-packages/micro_ros_msgs/_micro_ros_msgs_s.ep.rosidl_typesupport_introspection_c.c
[2.509s] Listing '/home/paolo/purple_whales_ws/install/micro_ros_msgs/local/lib/python3.10/dist-packages/micro_ros_msgs'...
[2.510s] Compiling '/home/paolo/purple_whales_ws/install/micro_ros_msgs/local/lib/python3.10/dist-packages/micro_ros_msgs/__init__.py'...
[2.510s] Listing '/home/paolo/purple_whales_ws/install/micro_ros_msgs/local/lib/python3.10/dist-packages/micro_ros_msgs/msg'...
[2.516s] -- Up-to-date: /home/paolo/purple_whales_ws/install/micro_ros_msgs/local/lib/python3.10/dist-packages/micro_ros_msgs/micro_ros_msgs_s__rosidl_typesupport_fastrtps_c.cpython-310-x86_64-linux-gnu.so
[2.516s] -- Up-to-date: /home/paolo/purple_whales_ws/install/micro_ros_msgs/local/lib/python3.10/dist-packages/micro_ros_msgs/micro_ros_msgs_s__rosidl_typesupport_introspection_c.cpython-310-x86_64-linux-gnu.so
[2.516s] -- Up-to-date: /home/paolo/purple_whales_ws/install/micro_ros_msgs/local/lib/python3.10/dist-packages/micro_ros_msgs/micro_ros_msgs_s__rosidl_typesupport_c.cpython-310-x86_64-linux-gnu.so
[2.516s] -- Up-to-date: /home/paolo/purple_whales_ws/install/micro_ros_msgs/lib/libmicro_ros_msgs__rosidl_generator_py.so
[2.516s] -- Up-to-date: /home/paolo/purple_whales_ws/install/micro_ros_msgs/share/micro_ros_msgs/msg/Graph.idl
[2.517s] -- Up-to-date: /home/paolo/purple_whales_ws/install/micro_ros_msgs/share/micro_ros_msgs/msg/Node.idl
[2.517s] -- Up-to-date: /home/paolo/purple_whales_ws/install/micro_ros_msgs/share/micro_ros_msgs/msg/Entity.idl
[2.517s] -- Up-to-date: /home/paolo/purple_whales_ws/install/micro_ros_msgs/share/micro_ros_msgs/msg/Graph.msg
[2.517s] -- Up-to-date: /home/paolo/purple_whales_ws/install/micro_ros_msgs/share/micro_ros_msgs/msg/Node.msg
[2.517s] -- Up-to-date: /home/paolo/purple_whales_ws/install/micro_ros_msgs/share/micro_ros_msgs/msg/Entity.msg
[2.517s] -- Up-to-date: /home/paolo/purple_whales_ws/install/micro_ros_msgs/share/ament_index/resource_index/package_run_dependencies/micro_ros_msgs
[2.517s] -- Installing: /home/paolo/purple_whales_ws/install/micro_ros_msgs/share/ament_index/resource_index/parent_prefix_path/micro_ros_msgs
[2.518s] -- Up-to-date: /home/paolo/purple_whales_ws/install/micro_ros_msgs/share/micro_ros_msgs/environment/ament_prefix_path.sh
[2.519s] -- Installing: /home/paolo/purple_whales_ws/install/micro_ros_msgs/share/micro_ros_msgs/environment/ament_prefix_path.dsv
[2.519s] -- Up-to-date: /home/paolo/purple_whales_ws/install/micro_ros_msgs/share/micro_ros_msgs/environment/path.sh
[2.519s] -- Installing: /home/paolo/purple_whales_ws/install/micro_ros_msgs/share/micro_ros_msgs/environment/path.dsv
[2.519s] -- Up-to-date: /home/paolo/purple_whales_ws/install/micro_ros_msgs/share/micro_ros_msgs/local_setup.bash
[2.519s] -- Up-to-date: /home/paolo/purple_whales_ws/install/micro_ros_msgs/share/micro_ros_msgs/local_setup.sh
[2.519s] -- Up-to-date: /home/paolo/purple_whales_ws/install/micro_ros_msgs/share/micro_ros_msgs/local_setup.zsh
[2.519s] -- Installing: /home/paolo/purple_whales_ws/install/micro_ros_msgs/share/micro_ros_msgs/local_setup.dsv
[2.520s] -- Installing: /home/paolo/purple_whales_ws/install/micro_ros_msgs/share/micro_ros_msgs/package.dsv
[2.520s] -- Up-to-date: /home/paolo/purple_whales_ws/install/micro_ros_msgs/share/ament_index/resource_index/packages/micro_ros_msgs
[2.520s] -- Up-to-date: /home/paolo/purple_whales_ws/install/micro_ros_msgs/share/micro_ros_msgs/cmake/export_micro_ros_msgs__rosidl_generator_cExport.cmake
[2.521s] -- Up-to-date: /home/paolo/purple_whales_ws/install/micro_ros_msgs/share/micro_ros_msgs/cmake/export_micro_ros_msgs__rosidl_generator_cExport-noconfig.cmake
[2.521s] -- Up-to-date: /home/paolo/purple_whales_ws/install/micro_ros_msgs/share/micro_ros_msgs/cmake/export_micro_ros_msgs__rosidl_typesupport_fastrtps_cExport.cmake
[2.521s] -- Up-to-date: /home/paolo/purple_whales_ws/install/micro_ros_msgs/share/micro_ros_msgs/cmake/export_micro_ros_msgs__rosidl_typesupport_fastrtps_cExport-noconfig.cmake
[2.521s] -- Up-to-date: /home/paolo/purple_whales_ws/install/micro_ros_msgs/share/micro_ros_msgs/cmake/micro_ros_msgs__rosidl_typesupport_introspection_cExport.cmake
[2.521s] -- Up-to-date: /home/paolo/purple_whales_ws/install/micro_ros_msgs/share/micro_ros_msgs/cmake/micro_ros_msgs__rosidl_typesupport_introspection_cExport-noconfig.cmake
[2.522s] -- Up-to-date: /home/paolo/purple_whales_ws/install/micro_ros_msgs/share/micro_ros_msgs/cmake/micro_ros_msgs__rosidl_typesupport_cExport.cmake
[2.522s] -- Up-to-date: /home/paolo/purple_whales_ws/install/micro_ros_msgs/share/micro_ros_msgs/cmake/micro_ros_msgs__rosidl_typesupport_cExport-noconfig.cmake
[2.522s] -- Up-to-date: /home/paolo/purple_whales_ws/install/micro_ros_msgs/share/micro_ros_msgs/cmake/export_micro_ros_msgs__rosidl_generator_cppExport.cmake
[2.522s] -- Up-to-date: /home/paolo/purple_whales_ws/install/micro_ros_msgs/share/micro_ros_msgs/cmake/export_micro_ros_msgs__rosidl_typesupport_fastrtps_cppExport.cmake
[2.522s] -- Up-to-date: /home/paolo/purple_whales_ws/install/micro_ros_msgs/share/micro_ros_msgs/cmake/export_micro_ros_msgs__rosidl_typesupport_fastrtps_cppExport-noconfig.cmake
[2.522s] -- Up-to-date: /home/paolo/purple_whales_ws/install/micro_ros_msgs/share/micro_ros_msgs/cmake/micro_ros_msgs__rosidl_typesupport_introspection_cppExport.cmake
[2.522s] -- Up-to-date: /home/paolo/purple_whales_ws/install/micro_ros_msgs/share/micro_ros_msgs/cmake/micro_ros_msgs__rosidl_typesupport_introspection_cppExport-noconfig.cmake
[2.522s] -- Up-to-date: /home/paolo/purple_whales_ws/install/micro_ros_msgs/share/micro_ros_msgs/cmake/micro_ros_msgs__rosidl_typesupport_cppExport.cmake
[2.523s] -- Up-to-date: /home/paolo/purple_whales_ws/install/micro_ros_msgs/share/micro_ros_msgs/cmake/micro_ros_msgs__rosidl_typesupport_cppExport-noconfig.cmake
[2.523s] -- Up-to-date: /home/paolo/purple_whales_ws/install/micro_ros_msgs/share/micro_ros_msgs/cmake/export_micro_ros_msgs__rosidl_generator_pyExport.cmake
[2.523s] -- Up-to-date: /home/paolo/purple_whales_ws/install/micro_ros_msgs/share/micro_ros_msgs/cmake/export_micro_ros_msgs__rosidl_generator_pyExport-noconfig.cmake
[2.523s] -- Up-to-date: /home/paolo/purple_whales_ws/install/micro_ros_msgs/share/micro_ros_msgs/cmake/rosidl_cmake-extras.cmake
[2.523s] -- Up-to-date: /home/paolo/purple_whales_ws/install/micro_ros_msgs/share/micro_ros_msgs/cmake/ament_cmake_export_include_directories-extras.cmake
[2.523s] -- Up-to-date: /home/paolo/purple_whales_ws/install/micro_ros_msgs/share/micro_ros_msgs/cmake/ament_cmake_export_libraries-extras.cmake
[2.523s] -- Up-to-date: /home/paolo/purple_whales_ws/install/micro_ros_msgs/share/micro_ros_msgs/cmake/ament_cmake_export_targets-extras.cmake
[2.523s] -- Up-to-date: /home/paolo/purple_whales_ws/install/micro_ros_msgs/share/micro_ros_msgs/cmake/rosidl_cmake_export_typesupport_targets-extras.cmake
[2.523s] -- Up-to-date: /home/paolo/purple_whales_ws/install/micro_ros_msgs/share/micro_ros_msgs/cmake/ament_cmake_export_dependencies-extras.cmake
[2.523s] -- Up-to-date: /home/paolo/purple_whales_ws/install/micro_ros_msgs/share/micro_ros_msgs/cmake/rosidl_cmake_export_typesupport_libraries-extras.cmake
[2.523s] -- Up-to-date: /home/paolo/purple_whales_ws/install/micro_ros_msgs/share/micro_ros_msgs/cmake/micro_ros_msgsConfig.cmake
[2.524s] -- Up-to-date: /home/paolo/purple_whales_ws/install/micro_ros_msgs/share/micro_ros_msgs/cmake/micro_ros_msgsConfig-version.cmake
[2.524s] -- Up-to-date: /home/paolo/purple_whales_ws/install/micro_ros_msgs/share/micro_ros_msgs/package.xml
[2.528s] Invoked command in '/home/paolo/purple_whales_ws/build/micro_ros_msgs' returned '0': CMAKE_PREFIX_PATH=${CMAKE_PREFIX_PATH}:/home/paolo/purple_whales_ws/install/uaq_robot:/opt/ros/humble /usr/bin/cmake --install /home/paolo/purple_whales_ws/build/micro_ros_msgs
