[2.119s] Invoking command in '/home/lpm/Purple_Whales/src/robot_vision': PYTHONPATH=/home/lpm/Purple_Whales/build/robot_vision/prefix_override:/home/lpm/Purple_Whales/install/robot_vision/lib/python3.10/site-packages:${PYTHONPATH} /usr/bin/python3 -W ignore:setup.py install is deprecated setup.py egg_info --egg-base ../../build/robot_vision build --build-base /home/lpm/Purple_Whales/build/robot_vision/build install --record /home/lpm/Purple_Whales/build/robot_vision/install.log --single-version-externally-managed install_data
[2.753s] running egg_info
[2.755s] writing ../../build/robot_vision/robot_vision.egg-info/PKG-INFO
[2.760s] writing dependency_links to ../../build/robot_vision/robot_vision.egg-info/dependency_links.txt
[2.761s] writing entry points to ../../build/robot_vision/robot_vision.egg-info/entry_points.txt
[2.761s] writing requirements to ../../build/robot_vision/robot_vision.egg-info/requires.txt
[2.761s] writing top-level names to ../../build/robot_vision/robot_vision.egg-info/top_level.txt
[2.765s] reading manifest file '../../build/robot_vision/robot_vision.egg-info/SOURCES.txt'
[2.768s] writing manifest file '../../build/robot_vision/robot_vision.egg-info/SOURCES.txt'
[2.768s] running build
[2.768s] running build_py
[2.769s] copying robot_vision/line_follower.py -> /home/lpm/Purple_Whales/build/robot_vision/build/lib/robot_vision
[2.770s] running install
[2.771s] running install_lib
[2.773s] copying /home/lpm/Purple_Whales/build/robot_vision/build/lib/robot_vision/line_follower.py -> /home/lpm/Purple_Whales/install/robot_vision/lib/python3.10/site-packages/robot_vision
[2.775s] byte-compiling /home/lpm/Purple_Whales/install/robot_vision/lib/python3.10/site-packages/robot_vision/line_follower.py to line_follower.cpython-310.pyc
[2.779s] running install_data
[2.779s] running install_egg_info
[2.784s] removing '/home/lpm/Purple_Whales/install/robot_vision/lib/python3.10/site-packages/robot_vision-0.0.0-py3.10.egg-info' (and everything under it)
[2.785s] Copying ../../build/robot_vision/robot_vision.egg-info to /home/lpm/Purple_Whales/install/robot_vision/lib/python3.10/site-packages/robot_vision-0.0.0-py3.10.egg-info
[2.787s] running install_scripts
[2.850s] Installing line_follower script to /home/lpm/Purple_Whales/install/robot_vision/lib/robot_vision
[2.853s] writing list of installed files to '/home/lpm/Purple_Whales/build/robot_vision/install.log'
[2.958s] Invoked command in '/home/lpm/Purple_Whales/src/robot_vision' returned '0': PYTHONPATH=/home/lpm/Purple_Whales/build/robot_vision/prefix_override:/home/lpm/Purple_Whales/install/robot_vision/lib/python3.10/site-packages:${PYTHONPATH} /usr/bin/python3 -W ignore:setup.py install is deprecated setup.py egg_info --egg-base ../../build/robot_vision build --build-base /home/lpm/Purple_Whales/build/robot_vision/build install --record /home/lpm/Purple_Whales/build/robot_vision/install.log --single-version-externally-managed install_data
