[0.340s] DEBUG:colcon:Command line arguments: ['/usr/bin/colcon', 'build']
[0.340s] DEBUG:colcon:Parsed command line arguments: Namespace(log_base=None, log_level=None, verb_name='build', build_base='build', install_base='install', merge_install=False, symlink_install=False, test_result_base=None, continue_on_error=False, executor='parallel', parallel_workers=20, event_handlers=None, ignore_user_meta=False, metas=['./colcon.meta'], base_paths=['.'], packages_ignore=None, packages_ignore_regex=None, paths=None, packages_up_to=None, packages_up_to_regex=None, packages_above=None, packages_above_and_dependencies=None, packages_above_depth=None, packages_select_by_dep=None, packages_skip_by_dep=None, packages_skip_up_to=None, packages_select_build_failed=False, packages_skip_build_finished=False, packages_select_test_failures=False, packages_skip_test_passed=False, packages_select=None, packages_skip=None, packages_select_regex=None, packages_skip_regex=None, packages_start=None, packages_end=None, allow_overriding=[], cmake_args=None, cmake_target=None, cmake_target_skip_unavailable=False, cmake_clean_cache=False, cmake_clean_first=False, cmake_force_configure=False, ament_cmake_args=None, catkin_cmake_args=None, catkin_skip_building_tests=False, verb_parser=<colcon_defaults.argument_parser.defaults.DefaultArgumentsDecorator object at 0x7f4876dffe20>, verb_extension=<colcon_core.verb.build.BuildVerb object at 0x7f4876fa4dc0>, main=<bound method BuildVerb.main of <colcon_core.verb.build.BuildVerb object at 0x7f4876fa4dc0>>)
[0.482s] Level 1:colcon.colcon_core.package_discovery:discover_packages(colcon_meta) check parameters
[0.482s] Level 1:colcon.colcon_core.package_discovery:discover_packages(recursive) check parameters
[0.482s] Level 1:colcon.colcon_core.package_discovery:discover_packages(ignore) check parameters
[0.482s] Level 1:colcon.colcon_core.package_discovery:discover_packages(path) check parameters
[0.482s] Level 1:colcon.colcon_core.package_discovery:discover_packages(colcon_meta) discover
[0.482s] Level 1:colcon.colcon_core.package_discovery:discover_packages(recursive) discover
[0.482s] INFO:colcon.colcon_core.package_discovery:Crawling recursively for packages in '/home/paolo/purple_whales_ws'
[0.482s] Level 1:colcon.colcon_core.package_identification:_identify(.) by extensions ['ignore', 'ignore_ament_install']
[0.482s] Level 1:colcon.colcon_core.package_identification:_identify(.) by extension 'ignore'
[0.483s] Level 1:colcon.colcon_core.package_identification:_identify(.) by extension 'ignore_ament_install'
[0.483s] Level 1:colcon.colcon_core.package_identification:_identify(.) by extensions ['colcon_pkg']
[0.483s] Level 1:colcon.colcon_core.package_identification:_identify(.) by extension 'colcon_pkg'
[0.483s] Level 1:colcon.colcon_core.package_identification:_identify(.) by extensions ['colcon_meta']
[0.483s] Level 1:colcon.colcon_core.package_identification:_identify(.) by extension 'colcon_meta'
[0.483s] Level 1:colcon.colcon_core.package_identification:_identify(.) by extensions ['ros']
[0.483s] Level 1:colcon.colcon_core.package_identification:_identify(.) by extension 'ros'
[0.497s] Level 1:colcon.colcon_core.package_identification:_identify(.) by extensions ['cmake', 'python']
[0.497s] Level 1:colcon.colcon_core.package_identification:_identify(.) by extension 'cmake'
[0.497s] Level 1:colcon.colcon_core.package_identification:_identify(.) by extension 'python'
[0.497s] Level 1:colcon.colcon_core.package_identification:_identify(.) by extensions ['python_setup_py']
[0.497s] Level 1:colcon.colcon_core.package_identification:_identify(.) by extension 'python_setup_py'
[0.497s] Level 1:colcon.colcon_core.package_identification:_identify(build) by extensions ['ignore', 'ignore_ament_install']
[0.497s] Level 1:colcon.colcon_core.package_identification:_identify(build) by extension 'ignore'
[0.497s] Level 1:colcon.colcon_core.package_identification:_identify(build) ignored
[0.498s] Level 1:colcon.colcon_core.package_identification:_identify(firmware) by extensions ['ignore', 'ignore_ament_install']
[0.498s] Level 1:colcon.colcon_core.package_identification:_identify(firmware) by extension 'ignore'
[0.498s] Level 1:colcon.colcon_core.package_identification:_identify(firmware) ignored
[0.498s] Level 1:colcon.colcon_core.package_identification:_identify(install) by extensions ['ignore', 'ignore_ament_install']
[0.498s] Level 1:colcon.colcon_core.package_identification:_identify(install) by extension 'ignore'
[0.498s] Level 1:colcon.colcon_core.package_identification:_identify(install) ignored
[0.498s] Level 1:colcon.colcon_core.package_identification:_identify(log) by extensions ['ignore', 'ignore_ament_install']
[0.498s] Level 1:colcon.colcon_core.package_identification:_identify(log) by extension 'ignore'
[0.498s] Level 1:colcon.colcon_core.package_identification:_identify(log) ignored
[0.498s] Level 1:colcon.colcon_core.package_identification:_identify(src) by extensions ['ignore', 'ignore_ament_install']
[0.498s] Level 1:colcon.colcon_core.package_identification:_identify(src) by extension 'ignore'
[0.498s] Level 1:colcon.colcon_core.package_identification:_identify(src) by extension 'ignore_ament_install'
[0.498s] Level 1:colcon.colcon_core.package_identification:_identify(src) by extensions ['colcon_pkg']
[0.498s] Level 1:colcon.colcon_core.package_identification:_identify(src) by extension 'colcon_pkg'
[0.498s] Level 1:colcon.colcon_core.package_identification:_identify(src) by extensions ['colcon_meta']
[0.498s] Level 1:colcon.colcon_core.package_identification:_identify(src) by extension 'colcon_meta'
[0.498s] Level 1:colcon.colcon_core.package_identification:_identify(src) by extensions ['ros']
[0.498s] Level 1:colcon.colcon_core.package_identification:_identify(src) by extension 'ros'
[0.498s] Level 1:colcon.colcon_core.package_identification:_identify(src) by extensions ['cmake', 'python']
[0.498s] Level 1:colcon.colcon_core.package_identification:_identify(src) by extension 'cmake'
[0.498s] Level 1:colcon.colcon_core.package_identification:_identify(src) by extension 'python'
[0.499s] Level 1:colcon.colcon_core.package_identification:_identify(src) by extensions ['python_setup_py']
[0.499s] Level 1:colcon.colcon_core.package_identification:_identify(src) by extension 'python_setup_py'
[0.499s] Level 1:colcon.colcon_core.package_identification:_identify(src/ackermann_msgs) by extensions ['ignore', 'ignore_ament_install']
[0.499s] Level 1:colcon.colcon_core.package_identification:_identify(src/ackermann_msgs) by extension 'ignore'
[0.499s] Level 1:colcon.colcon_core.package_identification:_identify(src/ackermann_msgs) by extension 'ignore_ament_install'
[0.499s] Level 1:colcon.colcon_core.package_identification:_identify(src/ackermann_msgs) by extensions ['colcon_pkg']
[0.499s] Level 1:colcon.colcon_core.package_identification:_identify(src/ackermann_msgs) by extension 'colcon_pkg'
[0.499s] Level 1:colcon.colcon_core.package_identification:_identify(src/ackermann_msgs) by extensions ['colcon_meta']
[0.499s] Level 1:colcon.colcon_core.package_identification:_identify(src/ackermann_msgs) by extension 'colcon_meta'
[0.499s] Level 1:colcon.colcon_core.package_identification:_identify(src/ackermann_msgs) by extensions ['ros']
[0.499s] Level 1:colcon.colcon_core.package_identification:_identify(src/ackermann_msgs) by extension 'ros'
[0.502s] DEBUG:colcon.colcon_core.package_identification:Package 'src/ackermann_msgs' with type 'ros.ament_cmake' and name 'ackermann_msgs'
[0.503s] Level 1:colcon.colcon_core.package_identification:_identify(src/micro_ros_setup) by extensions ['ignore', 'ignore_ament_install']
[0.503s] Level 1:colcon.colcon_core.package_identification:_identify(src/micro_ros_setup) by extension 'ignore'
[0.504s] Level 1:colcon.colcon_core.package_identification:_identify(src/micro_ros_setup) by extension 'ignore_ament_install'
[0.504s] Level 1:colcon.colcon_core.package_identification:_identify(src/micro_ros_setup) by extensions ['colcon_pkg']
[0.504s] Level 1:colcon.colcon_core.package_identification:_identify(src/micro_ros_setup) by extension 'colcon_pkg'
[0.504s] Level 1:colcon.colcon_core.package_identification:_identify(src/micro_ros_setup) by extensions ['colcon_meta']
[0.504s] Level 1:colcon.colcon_core.package_identification:_identify(src/micro_ros_setup) by extension 'colcon_meta'
[0.504s] Level 1:colcon.colcon_core.package_identification:_identify(src/micro_ros_setup) by extensions ['ros']
[0.504s] Level 1:colcon.colcon_core.package_identification:_identify(src/micro_ros_setup) by extension 'ros'
[0.505s] DEBUG:colcon.colcon_core.package_identification:Package 'src/micro_ros_setup' with type 'ros.ament_cmake' and name 'micro_ros_setup'
[0.505s] Level 1:colcon.colcon_core.package_identification:_identify(src/uaq_robot) by extensions ['ignore', 'ignore_ament_install']
[0.505s] Level 1:colcon.colcon_core.package_identification:_identify(src/uaq_robot) by extension 'ignore'
[0.505s] Level 1:colcon.colcon_core.package_identification:_identify(src/uaq_robot) by extension 'ignore_ament_install'
[0.505s] Level 1:colcon.colcon_core.package_identification:_identify(src/uaq_robot) by extensions ['colcon_pkg']
[0.505s] Level 1:colcon.colcon_core.package_identification:_identify(src/uaq_robot) by extension 'colcon_pkg'
[0.505s] Level 1:colcon.colcon_core.package_identification:_identify(src/uaq_robot) by extensions ['colcon_meta']
[0.505s] Level 1:colcon.colcon_core.package_identification:_identify(src/uaq_robot) by extension 'colcon_meta'
[0.505s] Level 1:colcon.colcon_core.package_identification:_identify(src/uaq_robot) by extensions ['ros']
[0.505s] Level 1:colcon.colcon_core.package_identification:_identify(src/uaq_robot) by extension 'ros'
[0.506s] DEBUG:colcon.colcon_core.package_identification:Package 'src/uaq_robot' with type 'ros.ament_python' and name 'uaq_robot'
[0.506s] Level 1:colcon.colcon_core.package_identification:_identify(src/uros) by extensions ['ignore', 'ignore_ament_install']
[0.506s] Level 1:colcon.colcon_core.package_identification:_identify(src/uros) by extension 'ignore'
[0.506s] Level 1:colcon.colcon_core.package_identification:_identify(src/uros) by extension 'ignore_ament_install'
[0.506s] Level 1:colcon.colcon_core.package_identification:_identify(src/uros) by extensions ['colcon_pkg']
[0.506s] Level 1:colcon.colcon_core.package_identification:_identify(src/uros) by extension 'colcon_pkg'
[0.506s] Level 1:colcon.colcon_core.package_identification:_identify(src/uros) by extensions ['colcon_meta']
[0.506s] Level 1:colcon.colcon_core.package_identification:_identify(src/uros) by extension 'colcon_meta'
[0.506s] Level 1:colcon.colcon_core.package_identification:_identify(src/uros) by extensions ['ros']
[0.506s] Level 1:colcon.colcon_core.package_identification:_identify(src/uros) by extension 'ros'
[0.506s] Level 1:colcon.colcon_core.package_identification:_identify(src/uros) by extensions ['cmake', 'python']
[0.506s] Level 1:colcon.colcon_core.package_identification:_identify(src/uros) by extension 'cmake'
[0.506s] Level 1:colcon.colcon_core.package_identification:_identify(src/uros) by extension 'python'
[0.506s] Level 1:colcon.colcon_core.package_identification:_identify(src/uros) by extensions ['python_setup_py']
[0.506s] Level 1:colcon.colcon_core.package_identification:_identify(src/uros) by extension 'python_setup_py'
[0.506s] Level 1:colcon.colcon_core.package_identification:_identify(src/uros/micro-ROS-Agent) by extensions ['ignore', 'ignore_ament_install']
[0.506s] Level 1:colcon.colcon_core.package_identification:_identify(src/uros/micro-ROS-Agent) by extension 'ignore'
[0.506s] Level 1:colcon.colcon_core.package_identification:_identify(src/uros/micro-ROS-Agent) by extension 'ignore_ament_install'
[0.506s] Level 1:colcon.colcon_core.package_identification:_identify(src/uros/micro-ROS-Agent) by extensions ['colcon_pkg']
[0.506s] Level 1:colcon.colcon_core.package_identification:_identify(src/uros/micro-ROS-Agent) by extension 'colcon_pkg'
[0.506s] Level 1:colcon.colcon_core.package_identification:_identify(src/uros/micro-ROS-Agent) by extensions ['colcon_meta']
[0.506s] Level 1:colcon.colcon_core.package_identification:_identify(src/uros/micro-ROS-Agent) by extension 'colcon_meta'
[0.506s] Level 1:colcon.colcon_core.package_identification:_identify(src/uros/micro-ROS-Agent) by extensions ['ros']
[0.506s] Level 1:colcon.colcon_core.package_identification:_identify(src/uros/micro-ROS-Agent) by extension 'ros'
[0.506s] Level 1:colcon.colcon_core.package_identification:_identify(src/uros/micro-ROS-Agent) by extensions ['cmake', 'python']
[0.506s] Level 1:colcon.colcon_core.package_identification:_identify(src/uros/micro-ROS-Agent) by extension 'cmake'
[0.506s] Level 1:colcon.colcon_core.package_identification:_identify(src/uros/micro-ROS-Agent) by extension 'python'
[0.506s] Level 1:colcon.colcon_core.package_identification:_identify(src/uros/micro-ROS-Agent) by extensions ['python_setup_py']
[0.506s] Level 1:colcon.colcon_core.package_identification:_identify(src/uros/micro-ROS-Agent) by extension 'python_setup_py'
[0.506s] Level 1:colcon.colcon_core.package_identification:_identify(src/uros/micro-ROS-Agent/micro_ros_agent) by extensions ['ignore', 'ignore_ament_install']
[0.507s] Level 1:colcon.colcon_core.package_identification:_identify(src/uros/micro-ROS-Agent/micro_ros_agent) by extension 'ignore'
[0.507s] Level 1:colcon.colcon_core.package_identification:_identify(src/uros/micro-ROS-Agent/micro_ros_agent) by extension 'ignore_ament_install'
[0.507s] Level 1:colcon.colcon_core.package_identification:_identify(src/uros/micro-ROS-Agent/micro_ros_agent) by extensions ['colcon_pkg']
[0.507s] Level 1:colcon.colcon_core.package_identification:_identify(src/uros/micro-ROS-Agent/micro_ros_agent) by extension 'colcon_pkg'
[0.507s] Level 1:colcon.colcon_core.package_identification:_identify(src/uros/micro-ROS-Agent/micro_ros_agent) by extensions ['colcon_meta']
[0.507s] Level 1:colcon.colcon_core.package_identification:_identify(src/uros/micro-ROS-Agent/micro_ros_agent) by extension 'colcon_meta'
[0.507s] Level 1:colcon.colcon_core.package_identification:_identify(src/uros/micro-ROS-Agent/micro_ros_agent) by extensions ['ros']
[0.507s] Level 1:colcon.colcon_core.package_identification:_identify(src/uros/micro-ROS-Agent/micro_ros_agent) by extension 'ros'
[0.509s] DEBUG:colcon.colcon_core.package_identification:Package 'src/uros/micro-ROS-Agent/micro_ros_agent' with type 'ros.ament_cmake' and name 'micro_ros_agent'
[0.509s] Level 1:colcon.colcon_core.package_identification:_identify(src/uros/micro-ROS-Agent/snap) by extensions ['ignore', 'ignore_ament_install']
[0.509s] Level 1:colcon.colcon_core.package_identification:_identify(src/uros/micro-ROS-Agent/snap) by extension 'ignore'
[0.509s] Level 1:colcon.colcon_core.package_identification:_identify(src/uros/micro-ROS-Agent/snap) by extension 'ignore_ament_install'
[0.509s] Level 1:colcon.colcon_core.package_identification:_identify(src/uros/micro-ROS-Agent/snap) by extensions ['colcon_pkg']
[0.509s] Level 1:colcon.colcon_core.package_identification:_identify(src/uros/micro-ROS-Agent/snap) by extension 'colcon_pkg'
[0.509s] Level 1:colcon.colcon_core.package_identification:_identify(src/uros/micro-ROS-Agent/snap) by extensions ['colcon_meta']
[0.509s] Level 1:colcon.colcon_core.package_identification:_identify(src/uros/micro-ROS-Agent/snap) by extension 'colcon_meta'
[0.509s] Level 1:colcon.colcon_core.package_identification:_identify(src/uros/micro-ROS-Agent/snap) by extensions ['ros']
[0.509s] Level 1:colcon.colcon_core.package_identification:_identify(src/uros/micro-ROS-Agent/snap) by extension 'ros'
[0.509s] Level 1:colcon.colcon_core.package_identification:_identify(src/uros/micro-ROS-Agent/snap) by extensions ['cmake', 'python']
[0.509s] Level 1:colcon.colcon_core.package_identification:_identify(src/uros/micro-ROS-Agent/snap) by extension 'cmake'
[0.509s] Level 1:colcon.colcon_core.package_identification:_identify(src/uros/micro-ROS-Agent/snap) by extension 'python'
[0.509s] Level 1:colcon.colcon_core.package_identification:_identify(src/uros/micro-ROS-Agent/snap) by extensions ['python_setup_py']
[0.509s] Level 1:colcon.colcon_core.package_identification:_identify(src/uros/micro-ROS-Agent/snap) by extension 'python_setup_py'
[0.509s] Level 1:colcon.colcon_core.package_identification:_identify(src/uros/micro-ROS-Agent/snap/hooks) by extensions ['ignore', 'ignore_ament_install']
[0.510s] Level 1:colcon.colcon_core.package_identification:_identify(src/uros/micro-ROS-Agent/snap/hooks) by extension 'ignore'
[0.510s] Level 1:colcon.colcon_core.package_identification:_identify(src/uros/micro-ROS-Agent/snap/hooks) by extension 'ignore_ament_install'
[0.510s] Level 1:colcon.colcon_core.package_identification:_identify(src/uros/micro-ROS-Agent/snap/hooks) by extensions ['colcon_pkg']
[0.510s] Level 1:colcon.colcon_core.package_identification:_identify(src/uros/micro-ROS-Agent/snap/hooks) by extension 'colcon_pkg'
[0.510s] Level 1:colcon.colcon_core.package_identification:_identify(src/uros/micro-ROS-Agent/snap/hooks) by extensions ['colcon_meta']
[0.510s] Level 1:colcon.colcon_core.package_identification:_identify(src/uros/micro-ROS-Agent/snap/hooks) by extension 'colcon_meta'
[0.510s] Level 1:colcon.colcon_core.package_identification:_identify(src/uros/micro-ROS-Agent/snap/hooks) by extensions ['ros']
[0.510s] Level 1:colcon.colcon_core.package_identification:_identify(src/uros/micro-ROS-Agent/snap/hooks) by extension 'ros'
[0.510s] Level 1:colcon.colcon_core.package_identification:_identify(src/uros/micro-ROS-Agent/snap/hooks) by extensions ['cmake', 'python']
[0.510s] Level 1:colcon.colcon_core.package_identification:_identify(src/uros/micro-ROS-Agent/snap/hooks) by extension 'cmake'
[0.510s] Level 1:colcon.colcon_core.package_identification:_identify(src/uros/micro-ROS-Agent/snap/hooks) by extension 'python'
[0.510s] Level 1:colcon.colcon_core.package_identification:_identify(src/uros/micro-ROS-Agent/snap/hooks) by extensions ['python_setup_py']
[0.510s] Level 1:colcon.colcon_core.package_identification:_identify(src/uros/micro-ROS-Agent/snap/hooks) by extension 'python_setup_py'
[0.510s] Level 1:colcon.colcon_core.package_identification:_identify(src/uros/micro-ROS-Agent/snap/local) by extensions ['ignore', 'ignore_ament_install']
[0.510s] Level 1:colcon.colcon_core.package_identification:_identify(src/uros/micro-ROS-Agent/snap/local) by extension 'ignore'
[0.510s] Level 1:colcon.colcon_core.package_identification:_identify(src/uros/micro-ROS-Agent/snap/local) by extension 'ignore_ament_install'
[0.510s] Level 1:colcon.colcon_core.package_identification:_identify(src/uros/micro-ROS-Agent/snap/local) by extensions ['colcon_pkg']
[0.510s] Level 1:colcon.colcon_core.package_identification:_identify(src/uros/micro-ROS-Agent/snap/local) by extension 'colcon_pkg'
[0.510s] Level 1:colcon.colcon_core.package_identification:_identify(src/uros/micro-ROS-Agent/snap/local) by extensions ['colcon_meta']
[0.510s] Level 1:colcon.colcon_core.package_identification:_identify(src/uros/micro-ROS-Agent/snap/local) by extension 'colcon_meta'
[0.510s] Level 1:colcon.colcon_core.package_identification:_identify(src/uros/micro-ROS-Agent/snap/local) by extensions ['ros']
[0.510s] Level 1:colcon.colcon_core.package_identification:_identify(src/uros/micro-ROS-Agent/snap/local) by extension 'ros'
[0.510s] Level 1:colcon.colcon_core.package_identification:_identify(src/uros/micro-ROS-Agent/snap/local) by extensions ['cmake', 'python']
[0.510s] Level 1:colcon.colcon_core.package_identification:_identify(src/uros/micro-ROS-Agent/snap/local) by extension 'cmake'
[0.510s] Level 1:colcon.colcon_core.package_identification:_identify(src/uros/micro-ROS-Agent/snap/local) by extension 'python'
[0.510s] Level 1:colcon.colcon_core.package_identification:_identify(src/uros/micro-ROS-Agent/snap/local) by extensions ['python_setup_py']
[0.510s] Level 1:colcon.colcon_core.package_identification:_identify(src/uros/micro-ROS-Agent/snap/local) by extension 'python_setup_py'
[0.510s] Level 1:colcon.colcon_core.package_identification:_identify(src/uros/micro_ros_msgs) by extensions ['ignore', 'ignore_ament_install']
[0.510s] Level 1:colcon.colcon_core.package_identification:_identify(src/uros/micro_ros_msgs) by extension 'ignore'
[0.510s] Level 1:colcon.colcon_core.package_identification:_identify(src/uros/micro_ros_msgs) by extension 'ignore_ament_install'
[0.510s] Level 1:colcon.colcon_core.package_identification:_identify(src/uros/micro_ros_msgs) by extensions ['colcon_pkg']
[0.510s] Level 1:colcon.colcon_core.package_identification:_identify(src/uros/micro_ros_msgs) by extension 'colcon_pkg'
[0.510s] Level 1:colcon.colcon_core.package_identification:_identify(src/uros/micro_ros_msgs) by extensions ['colcon_meta']
[0.510s] Level 1:colcon.colcon_core.package_identification:_identify(src/uros/micro_ros_msgs) by extension 'colcon_meta'
[0.510s] Level 1:colcon.colcon_core.package_identification:_identify(src/uros/micro_ros_msgs) by extensions ['ros']
[0.510s] Level 1:colcon.colcon_core.package_identification:_identify(src/uros/micro_ros_msgs) by extension 'ros'
[0.512s] DEBUG:colcon.colcon_core.package_identification:Package 'src/uros/micro_ros_msgs' with type 'ros.ament_cmake' and name 'micro_ros_msgs'
[0.512s] Level 1:colcon.colcon_core.package_discovery:discover_packages(recursive) using defaults
[0.512s] Level 1:colcon.colcon_core.package_discovery:discover_packages(ignore) discover
[0.512s] Level 1:colcon.colcon_core.package_discovery:discover_packages(ignore) using defaults
[0.512s] Level 1:colcon.colcon_core.package_discovery:discover_packages(path) discover
[0.512s] Level 1:colcon.colcon_core.package_discovery:discover_packages(path) using defaults
[0.532s] Level 1:colcon.colcon_core.package_discovery:discover_packages(prefix_path) check parameters
[0.532s] Level 1:colcon.colcon_core.package_discovery:discover_packages(prefix_path) discover
[0.534s] DEBUG:colcon.colcon_installed_package_information.package_discovery:Found 288 installed packages in /opt/ros/humble
[0.571s] Level 1:colcon.colcon_core.package_discovery:discover_packages(prefix_path) using defaults
[0.609s] Level 5:colcon.colcon_core.verb:set package 'ackermann_msgs' build argument 'cmake_args' from command line to 'None'
[0.609s] Level 5:colcon.colcon_core.verb:set package 'ackermann_msgs' build argument 'cmake_target' from command line to 'None'
[0.609s] Level 5:colcon.colcon_core.verb:set package 'ackermann_msgs' build argument 'cmake_target_skip_unavailable' from command line to 'False'
[0.609s] Level 5:colcon.colcon_core.verb:set package 'ackermann_msgs' build argument 'cmake_clean_cache' from command line to 'False'
[0.609s] Level 5:colcon.colcon_core.verb:set package 'ackermann_msgs' build argument 'cmake_clean_first' from command line to 'False'
[0.609s] Level 5:colcon.colcon_core.verb:set package 'ackermann_msgs' build argument 'cmake_force_configure' from command line to 'False'
[0.609s] Level 5:colcon.colcon_core.verb:set package 'ackermann_msgs' build argument 'ament_cmake_args' from command line to 'None'
[0.609s] Level 5:colcon.colcon_core.verb:set package 'ackermann_msgs' build argument 'catkin_cmake_args' from command line to 'None'
[0.609s] Level 5:colcon.colcon_core.verb:set package 'ackermann_msgs' build argument 'catkin_skip_building_tests' from command line to 'False'
[0.609s] DEBUG:colcon.colcon_core.verb:Building package 'ackermann_msgs' with the following arguments: {'ament_cmake_args': None, 'build_base': '/home/paolo/purple_whales_ws/build/ackermann_msgs', 'catkin_cmake_args': None, 'catkin_skip_building_tests': False, 'cmake_args': None, 'cmake_clean_cache': False, 'cmake_clean_first': False, 'cmake_force_configure': False, 'cmake_target': None, 'cmake_target_skip_unavailable': False, 'install_base': '/home/paolo/purple_whales_ws/install/ackermann_msgs', 'merge_install': False, 'path': '/home/paolo/purple_whales_ws/src/ackermann_msgs', 'symlink_install': False, 'test_result_base': None}
[0.610s] Level 5:colcon.colcon_core.verb:set package 'micro_ros_msgs' build argument 'cmake_args' from command line to 'None'
[0.610s] Level 5:colcon.colcon_core.verb:set package 'micro_ros_msgs' build argument 'cmake_target' from command line to 'None'
[0.610s] Level 5:colcon.colcon_core.verb:set package 'micro_ros_msgs' build argument 'cmake_target_skip_unavailable' from command line to 'False'
[0.610s] Level 5:colcon.colcon_core.verb:set package 'micro_ros_msgs' build argument 'cmake_clean_cache' from command line to 'False'
[0.610s] Level 5:colcon.colcon_core.verb:set package 'micro_ros_msgs' build argument 'cmake_clean_first' from command line to 'False'
[0.610s] Level 5:colcon.colcon_core.verb:set package 'micro_ros_msgs' build argument 'cmake_force_configure' from command line to 'False'
[0.610s] Level 5:colcon.colcon_core.verb:set package 'micro_ros_msgs' build argument 'ament_cmake_args' from command line to 'None'
[0.610s] Level 5:colcon.colcon_core.verb:set package 'micro_ros_msgs' build argument 'catkin_cmake_args' from command line to 'None'
[0.610s] Level 5:colcon.colcon_core.verb:set package 'micro_ros_msgs' build argument 'catkin_skip_building_tests' from command line to 'False'
[0.610s] DEBUG:colcon.colcon_core.verb:Building package 'micro_ros_msgs' with the following arguments: {'ament_cmake_args': None, 'build_base': '/home/paolo/purple_whales_ws/build/micro_ros_msgs', 'catkin_cmake_args': None, 'catkin_skip_building_tests': False, 'cmake_args': None, 'cmake_clean_cache': False, 'cmake_clean_first': False, 'cmake_force_configure': False, 'cmake_target': None, 'cmake_target_skip_unavailable': False, 'install_base': '/home/paolo/purple_whales_ws/install/micro_ros_msgs', 'merge_install': False, 'path': '/home/paolo/purple_whales_ws/src/uros/micro_ros_msgs', 'symlink_install': False, 'test_result_base': None}
[0.610s] Level 5:colcon.colcon_core.verb:set package 'micro_ros_setup' build argument 'cmake_args' from command line to 'None'
[0.610s] Level 5:colcon.colcon_core.verb:set package 'micro_ros_setup' build argument 'cmake_target' from command line to 'None'
[0.610s] Level 5:colcon.colcon_core.verb:set package 'micro_ros_setup' build argument 'cmake_target_skip_unavailable' from command line to 'False'
[0.610s] Level 5:colcon.colcon_core.verb:set package 'micro_ros_setup' build argument 'cmake_clean_cache' from command line to 'False'
[0.610s] Level 5:colcon.colcon_core.verb:set package 'micro_ros_setup' build argument 'cmake_clean_first' from command line to 'False'
[0.610s] Level 5:colcon.colcon_core.verb:set package 'micro_ros_setup' build argument 'cmake_force_configure' from command line to 'False'
[0.610s] Level 5:colcon.colcon_core.verb:set package 'micro_ros_setup' build argument 'ament_cmake_args' from command line to 'None'
[0.610s] Level 5:colcon.colcon_core.verb:set package 'micro_ros_setup' build argument 'catkin_cmake_args' from command line to 'None'
[0.610s] Level 5:colcon.colcon_core.verb:set package 'micro_ros_setup' build argument 'catkin_skip_building_tests' from command line to 'False'
[0.610s] DEBUG:colcon.colcon_core.verb:Building package 'micro_ros_setup' with the following arguments: {'ament_cmake_args': None, 'build_base': '/home/paolo/purple_whales_ws/build/micro_ros_setup', 'catkin_cmake_args': None, 'catkin_skip_building_tests': False, 'cmake_args': None, 'cmake_clean_cache': False, 'cmake_clean_first': False, 'cmake_force_configure': False, 'cmake_target': None, 'cmake_target_skip_unavailable': False, 'install_base': '/home/paolo/purple_whales_ws/install/micro_ros_setup', 'merge_install': False, 'path': '/home/paolo/purple_whales_ws/src/micro_ros_setup', 'symlink_install': False, 'test_result_base': None}
[0.610s] Level 5:colcon.colcon_core.verb:set package 'uaq_robot' build argument 'cmake_args' from command line to 'None'
[0.610s] Level 5:colcon.colcon_core.verb:set package 'uaq_robot' build argument 'cmake_target' from command line to 'None'
[0.610s] Level 5:colcon.colcon_core.verb:set package 'uaq_robot' build argument 'cmake_target_skip_unavailable' from command line to 'False'
[0.611s] Level 5:colcon.colcon_core.verb:set package 'uaq_robot' build argument 'cmake_clean_cache' from command line to 'False'
[0.611s] Level 5:colcon.colcon_core.verb:set package 'uaq_robot' build argument 'cmake_clean_first' from command line to 'False'
[0.611s] Level 5:colcon.colcon_core.verb:set package 'uaq_robot' build argument 'cmake_force_configure' from command line to 'False'
[0.611s] Level 5:colcon.colcon_core.verb:set package 'uaq_robot' build argument 'ament_cmake_args' from command line to 'None'
[0.611s] Level 5:colcon.colcon_core.verb:set package 'uaq_robot' build argument 'catkin_cmake_args' from command line to 'None'
[0.611s] Level 5:colcon.colcon_core.verb:set package 'uaq_robot' build argument 'catkin_skip_building_tests' from command line to 'False'
[0.611s] DEBUG:colcon.colcon_core.verb:Building package 'uaq_robot' with the following arguments: {'ament_cmake_args': None, 'build_base': '/home/paolo/purple_whales_ws/build/uaq_robot', 'catkin_cmake_args': None, 'catkin_skip_building_tests': False, 'cmake_args': None, 'cmake_clean_cache': False, 'cmake_clean_first': False, 'cmake_force_configure': False, 'cmake_target': None, 'cmake_target_skip_unavailable': False, 'install_base': '/home/paolo/purple_whales_ws/install/uaq_robot', 'merge_install': False, 'path': '/home/paolo/purple_whales_ws/src/uaq_robot', 'symlink_install': False, 'test_result_base': None}
[0.611s] Level 5:colcon.colcon_core.verb:set package 'micro_ros_agent' build argument 'cmake_args' from command line to 'None'
[0.611s] Level 5:colcon.colcon_core.verb:set package 'micro_ros_agent' build argument 'cmake_target' from command line to 'None'
[0.611s] Level 5:colcon.colcon_core.verb:set package 'micro_ros_agent' build argument 'cmake_target_skip_unavailable' from command line to 'False'
[0.611s] Level 5:colcon.colcon_core.verb:set package 'micro_ros_agent' build argument 'cmake_clean_cache' from command line to 'False'
[0.611s] Level 5:colcon.colcon_core.verb:set package 'micro_ros_agent' build argument 'cmake_clean_first' from command line to 'False'
[0.611s] Level 5:colcon.colcon_core.verb:set package 'micro_ros_agent' build argument 'cmake_force_configure' from command line to 'False'
[0.611s] Level 5:colcon.colcon_core.verb:set package 'micro_ros_agent' build argument 'ament_cmake_args' from command line to 'None'
[0.611s] Level 5:colcon.colcon_core.verb:set package 'micro_ros_agent' build argument 'catkin_cmake_args' from command line to 'None'
[0.611s] Level 5:colcon.colcon_core.verb:set package 'micro_ros_agent' build argument 'catkin_skip_building_tests' from command line to 'False'
[0.611s] DEBUG:colcon.colcon_core.verb:Building package 'micro_ros_agent' with the following arguments: {'ament_cmake_args': None, 'build_base': '/home/paolo/purple_whales_ws/build/micro_ros_agent', 'catkin_cmake_args': None, 'catkin_skip_building_tests': False, 'cmake_args': None, 'cmake_clean_cache': False, 'cmake_clean_first': False, 'cmake_force_configure': False, 'cmake_target': None, 'cmake_target_skip_unavailable': False, 'install_base': '/home/paolo/purple_whales_ws/install/micro_ros_agent', 'merge_install': False, 'path': '/home/paolo/purple_whales_ws/src/uros/micro-ROS-Agent/micro_ros_agent', 'symlink_install': False, 'test_result_base': None}
[0.611s] INFO:colcon.colcon_core.executor:Executing jobs using 'parallel' executor
[0.614s] DEBUG:colcon.colcon_parallel_executor.executor.parallel:run_until_complete
[0.615s] INFO:colcon.colcon_ros.task.ament_cmake.build:Building ROS package in '/home/paolo/purple_whales_ws/src/uros/micro_ros_msgs' with build type 'ament_cmake'
[0.615s] INFO:colcon.colcon_cmake.task.cmake.build:Building CMake package in '/home/paolo/purple_whales_ws/src/uros/micro_ros_msgs'
[0.618s] INFO:colcon.colcon_core.plugin_system:Skipping extension 'colcon_core.shell.bat': Not used on non-Windows systems
[0.619s] INFO:colcon.colcon_core.shell:Skip shell extension 'powershell' for command environment: Not usable outside of PowerShell
[0.619s] DEBUG:colcon.colcon_core.shell:Skip shell extension 'dsv' for command environment
[0.621s] INFO:colcon.colcon_ros.task.ament_cmake.build:Building ROS package in '/home/paolo/purple_whales_ws/src/ackermann_msgs' with build type 'ament_cmake'
[0.622s] INFO:colcon.colcon_cmake.task.cmake.build:Building CMake package in '/home/paolo/purple_whales_ws/src/ackermann_msgs'
[0.622s] INFO:colcon.colcon_core.shell:Skip shell extension 'powershell' for command environment: Not usable outside of PowerShell
[0.623s] DEBUG:colcon.colcon_core.shell:Skip shell extension 'dsv' for command environment
[0.627s] INFO:colcon.colcon_ros.task.ament_cmake.build:Building ROS package in '/home/paolo/purple_whales_ws/src/micro_ros_setup' with build type 'ament_cmake'
[0.627s] INFO:colcon.colcon_cmake.task.cmake.build:Building CMake package in '/home/paolo/purple_whales_ws/src/micro_ros_setup'
[0.628s] INFO:colcon.colcon_core.shell:Skip shell extension 'powershell' for command environment: Not usable outside of PowerShell
[0.628s] DEBUG:colcon.colcon_core.shell:Skip shell extension 'dsv' for command environment
[0.632s] INFO:colcon.colcon_ros.task.ament_python.build:Building ROS package in '/home/paolo/purple_whales_ws/src/uaq_robot' with build type 'ament_python'
[0.632s] Level 1:colcon.colcon_core.shell:create_environment_hook('uaq_robot', 'ament_prefix_path')
[0.633s] INFO:colcon.colcon_core.shell:Creating environment hook '/home/paolo/purple_whales_ws/install/uaq_robot/share/uaq_robot/hook/ament_prefix_path.ps1'
[0.634s] INFO:colcon.colcon_core.shell:Creating environment descriptor '/home/paolo/purple_whales_ws/install/uaq_robot/share/uaq_robot/hook/ament_prefix_path.dsv'
[0.635s] INFO:colcon.colcon_core.shell:Creating environment hook '/home/paolo/purple_whales_ws/install/uaq_robot/share/uaq_robot/hook/ament_prefix_path.sh'
[0.636s] INFO:colcon.colcon_core.shell:Skip shell extension 'powershell' for command environment: Not usable outside of PowerShell
[0.636s] DEBUG:colcon.colcon_core.shell:Skip shell extension 'dsv' for command environment
[0.647s] DEBUG:colcon.colcon_core.event_handler.log_command:Invoking command in '/home/paolo/purple_whales_ws/build/micro_ros_msgs': CMAKE_PREFIX_PATH=/opt/ros/humble /usr/bin/cmake --build /home/paolo/purple_whales_ws/build/micro_ros_msgs -- -j20 -l20
[0.653s] DEBUG:colcon.colcon_core.event_handler.log_command:Invoking command in '/home/paolo/purple_whales_ws/build/ackermann_msgs': CMAKE_PREFIX_PATH=/opt/ros/humble /usr/bin/cmake --build /home/paolo/purple_whales_ws/build/ackermann_msgs -- -j20 -l20
[0.661s] DEBUG:colcon.colcon_core.event_handler.log_command:Invoking command in '/home/paolo/purple_whales_ws/build/micro_ros_setup': CMAKE_PREFIX_PATH=/opt/ros/humble /usr/bin/cmake --build /home/paolo/purple_whales_ws/build/micro_ros_setup -- -j20 -l20
[1.066s] INFO:colcon.colcon_core.task.python.build:Building Python package in '/home/paolo/purple_whales_ws/src/uaq_robot'
[1.067s] INFO:colcon.colcon_core.shell:Skip shell extension 'powershell' for command environment: Not usable outside of PowerShell
[1.067s] DEBUG:colcon.colcon_core.shell:Skip shell extension 'dsv' for command environment
[1.078s] DEBUG:colcon.colcon_core.event_handler.log_command:Invoked command in '/home/paolo/purple_whales_ws/build/micro_ros_setup' returned '0': CMAKE_PREFIX_PATH=/opt/ros/humble /usr/bin/cmake --build /home/paolo/purple_whales_ws/build/micro_ros_setup -- -j20 -l20
[1.121s] DEBUG:colcon.colcon_core.event_handler.log_command:Invoking command in '/home/paolo/purple_whales_ws/build/micro_ros_setup': CMAKE_PREFIX_PATH=/opt/ros/humble /usr/bin/cmake --install /home/paolo/purple_whales_ws/build/micro_ros_setup
[1.144s] Level 1:colcon.colcon_core.environment:create_environment_scripts_only(micro_ros_setup)
[1.173s] Level 1:colcon.colcon_core.environment:checking '/home/paolo/purple_whales_ws/install/micro_ros_setup' for CMake module files
[1.178s] Level 1:colcon.colcon_core.environment:checking '/home/paolo/purple_whales_ws/install/micro_ros_setup' for CMake config files
[1.180s] DEBUG:colcon.colcon_core.event_handler.log_command:Invoked command in '/home/paolo/purple_whales_ws/build/micro_ros_setup' returned '0': CMAKE_PREFIX_PATH=/opt/ros/humble /usr/bin/cmake --install /home/paolo/purple_whales_ws/build/micro_ros_setup
[1.181s] Level 1:colcon.colcon_core.shell:create_environment_hook('micro_ros_setup', 'cmake_prefix_path')
[1.181s] INFO:colcon.colcon_core.shell:Creating environment hook '/home/paolo/purple_whales_ws/install/micro_ros_setup/share/micro_ros_setup/hook/cmake_prefix_path.ps1'
[1.182s] INFO:colcon.colcon_core.shell:Creating environment descriptor '/home/paolo/purple_whales_ws/install/micro_ros_setup/share/micro_ros_setup/hook/cmake_prefix_path.dsv'
[1.183s] INFO:colcon.colcon_core.shell:Creating environment hook '/home/paolo/purple_whales_ws/install/micro_ros_setup/share/micro_ros_setup/hook/cmake_prefix_path.sh'
[1.184s] Level 1:colcon.colcon_core.environment:checking '/home/paolo/purple_whales_ws/install/micro_ros_setup/lib'
[1.184s] Level 1:colcon.colcon_core.environment:checking '/home/paolo/purple_whales_ws/install/micro_ros_setup/bin'
[1.184s] Level 1:colcon.colcon_core.environment:checking '/home/paolo/purple_whales_ws/install/micro_ros_setup/lib/pkgconfig/micro_ros_setup.pc'
[1.185s] Level 1:colcon.colcon_core.environment:checking '/home/paolo/purple_whales_ws/install/micro_ros_setup/lib/python3.10/site-packages'
[1.185s] Level 1:colcon.colcon_core.environment:checking '/home/paolo/purple_whales_ws/install/micro_ros_setup/bin'
[1.185s] INFO:colcon.colcon_core.shell:Creating package script '/home/paolo/purple_whales_ws/install/micro_ros_setup/share/micro_ros_setup/package.ps1'
[1.186s] INFO:colcon.colcon_core.shell:Creating package descriptor '/home/paolo/purple_whales_ws/install/micro_ros_setup/share/micro_ros_setup/package.dsv'
[1.186s] INFO:colcon.colcon_core.shell:Creating package script '/home/paolo/purple_whales_ws/install/micro_ros_setup/share/micro_ros_setup/package.sh'
[1.187s] INFO:colcon.colcon_core.shell:Creating package script '/home/paolo/purple_whales_ws/install/micro_ros_setup/share/micro_ros_setup/package.bash'
[1.187s] INFO:colcon.colcon_core.shell:Creating package script '/home/paolo/purple_whales_ws/install/micro_ros_setup/share/micro_ros_setup/package.zsh'
[1.188s] Level 1:colcon.colcon_core.environment:create_file_with_runtime_dependencies(/home/paolo/purple_whales_ws/install/micro_ros_setup/share/colcon-core/packages/micro_ros_setup)
[1.193s] DEBUG:colcon.colcon_core.event_handler.log_command:Invoked command in '/home/paolo/purple_whales_ws/build/micro_ros_msgs' returned '0': CMAKE_PREFIX_PATH=/opt/ros/humble /usr/bin/cmake --build /home/paolo/purple_whales_ws/build/micro_ros_msgs -- -j20 -l20
[1.198s] DEBUG:colcon.colcon_core.event_handler.log_command:Invoked command in '/home/paolo/purple_whales_ws/build/ackermann_msgs' returned '0': CMAKE_PREFIX_PATH=/opt/ros/humble /usr/bin/cmake --build /home/paolo/purple_whales_ws/build/ackermann_msgs -- -j20 -l20
[1.214s] Level 1:colcon.colcon_core.environment:create_environment_scripts_only(micro_ros_setup)
[1.215s] Level 1:colcon.colcon_core.environment:checking '/home/paolo/purple_whales_ws/install/micro_ros_setup' for CMake module files
[1.215s] Level 1:colcon.colcon_core.environment:checking '/home/paolo/purple_whales_ws/install/micro_ros_setup' for CMake config files
[1.215s] Level 1:colcon.colcon_core.shell:create_environment_hook('micro_ros_setup', 'cmake_prefix_path')
[1.215s] INFO:colcon.colcon_core.shell:Creating environment hook '/home/paolo/purple_whales_ws/install/micro_ros_setup/share/micro_ros_setup/hook/cmake_prefix_path.ps1'
[1.216s] INFO:colcon.colcon_core.shell:Creating environment descriptor '/home/paolo/purple_whales_ws/install/micro_ros_setup/share/micro_ros_setup/hook/cmake_prefix_path.dsv'
[1.216s] INFO:colcon.colcon_core.shell:Creating environment hook '/home/paolo/purple_whales_ws/install/micro_ros_setup/share/micro_ros_setup/hook/cmake_prefix_path.sh'
[1.216s] Level 1:colcon.colcon_core.environment:checking '/home/paolo/purple_whales_ws/install/micro_ros_setup/lib'
[1.217s] Level 1:colcon.colcon_core.environment:checking '/home/paolo/purple_whales_ws/install/micro_ros_setup/bin'
[1.217s] Level 1:colcon.colcon_core.environment:checking '/home/paolo/purple_whales_ws/install/micro_ros_setup/lib/pkgconfig/micro_ros_setup.pc'
[1.217s] Level 1:colcon.colcon_core.environment:checking '/home/paolo/purple_whales_ws/install/micro_ros_setup/lib/python3.10/site-packages'
[1.218s] Level 1:colcon.colcon_core.environment:checking '/home/paolo/purple_whales_ws/install/micro_ros_setup/bin'
[1.218s] INFO:colcon.colcon_core.shell:Creating package script '/home/paolo/purple_whales_ws/install/micro_ros_setup/share/micro_ros_setup/package.ps1'
[1.219s] INFO:colcon.colcon_core.shell:Creating package descriptor '/home/paolo/purple_whales_ws/install/micro_ros_setup/share/micro_ros_setup/package.dsv'
[1.219s] INFO:colcon.colcon_core.shell:Creating package script '/home/paolo/purple_whales_ws/install/micro_ros_setup/share/micro_ros_setup/package.sh'
[1.219s] INFO:colcon.colcon_core.shell:Creating package script '/home/paolo/purple_whales_ws/install/micro_ros_setup/share/micro_ros_setup/package.bash'
[1.220s] INFO:colcon.colcon_core.shell:Creating package script '/home/paolo/purple_whales_ws/install/micro_ros_setup/share/micro_ros_setup/package.zsh'
[1.220s] Level 1:colcon.colcon_core.environment:create_file_with_runtime_dependencies(/home/paolo/purple_whales_ws/install/micro_ros_setup/share/colcon-core/packages/micro_ros_setup)
[1.253s] DEBUG:colcon.colcon_core.event_handler.log_command:Invoking command in '/home/paolo/purple_whales_ws/build/ackermann_msgs': CMAKE_PREFIX_PATH=/opt/ros/humble /usr/bin/cmake --install /home/paolo/purple_whales_ws/build/ackermann_msgs
[1.279s] DEBUG:colcon.colcon_core.event_handler.log_command:Invoking command in '/home/paolo/purple_whales_ws/build/micro_ros_msgs': CMAKE_PREFIX_PATH=/opt/ros/humble /usr/bin/cmake --install /home/paolo/purple_whales_ws/build/micro_ros_msgs
[1.318s] Level 1:colcon.colcon_core.environment:create_environment_scripts_only(ackermann_msgs)
[1.319s] Level 1:colcon.colcon_core.environment:checking '/home/paolo/purple_whales_ws/install/ackermann_msgs' for CMake module files
[1.320s] DEBUG:colcon.colcon_core.event_handler.log_command:Invoked command in '/home/paolo/purple_whales_ws/build/ackermann_msgs' returned '0': CMAKE_PREFIX_PATH=/opt/ros/humble /usr/bin/cmake --install /home/paolo/purple_whales_ws/build/ackermann_msgs
[1.321s] Level 1:colcon.colcon_core.environment:checking '/home/paolo/purple_whales_ws/install/ackermann_msgs' for CMake config files
[1.321s] Level 1:colcon.colcon_core.shell:create_environment_hook('ackermann_msgs', 'cmake_prefix_path')
[1.322s] INFO:colcon.colcon_core.shell:Creating environment hook '/home/paolo/purple_whales_ws/install/ackermann_msgs/share/ackermann_msgs/hook/cmake_prefix_path.ps1'
[1.322s] INFO:colcon.colcon_core.shell:Creating environment descriptor '/home/paolo/purple_whales_ws/install/ackermann_msgs/share/ackermann_msgs/hook/cmake_prefix_path.dsv'
[1.323s] INFO:colcon.colcon_core.shell:Creating environment hook '/home/paolo/purple_whales_ws/install/ackermann_msgs/share/ackermann_msgs/hook/cmake_prefix_path.sh'
[1.324s] Level 1:colcon.colcon_core.environment:checking '/home/paolo/purple_whales_ws/install/ackermann_msgs/lib'
[1.324s] Level 1:colcon.colcon_core.shell:create_environment_hook('ackermann_msgs', 'ld_library_path_lib')
[1.324s] INFO:colcon.colcon_core.shell:Creating environment hook '/home/paolo/purple_whales_ws/install/ackermann_msgs/share/ackermann_msgs/hook/ld_library_path_lib.ps1'
[1.325s] INFO:colcon.colcon_core.shell:Creating environment descriptor '/home/paolo/purple_whales_ws/install/ackermann_msgs/share/ackermann_msgs/hook/ld_library_path_lib.dsv'
[1.325s] INFO:colcon.colcon_core.shell:Creating environment hook '/home/paolo/purple_whales_ws/install/ackermann_msgs/share/ackermann_msgs/hook/ld_library_path_lib.sh'
[1.326s] Level 1:colcon.colcon_core.environment:checking '/home/paolo/purple_whales_ws/install/ackermann_msgs/bin'
[1.326s] Level 1:colcon.colcon_core.environment:checking '/home/paolo/purple_whales_ws/install/ackermann_msgs/lib/pkgconfig/ackermann_msgs.pc'
[1.326s] Level 1:colcon.colcon_core.environment:checking '/home/paolo/purple_whales_ws/install/ackermann_msgs/lib/python3.10/site-packages'
[1.327s] Level 1:colcon.colcon_core.environment:checking '/home/paolo/purple_whales_ws/install/ackermann_msgs/bin'
[1.327s] INFO:colcon.colcon_core.shell:Creating package script '/home/paolo/purple_whales_ws/install/ackermann_msgs/share/ackermann_msgs/package.ps1'
[1.328s] INFO:colcon.colcon_core.shell:Creating package descriptor '/home/paolo/purple_whales_ws/install/ackermann_msgs/share/ackermann_msgs/package.dsv'
[1.329s] INFO:colcon.colcon_core.shell:Creating package script '/home/paolo/purple_whales_ws/install/ackermann_msgs/share/ackermann_msgs/package.sh'
[1.330s] INFO:colcon.colcon_core.shell:Creating package script '/home/paolo/purple_whales_ws/install/ackermann_msgs/share/ackermann_msgs/package.bash'
[1.332s] INFO:colcon.colcon_core.shell:Creating package script '/home/paolo/purple_whales_ws/install/ackermann_msgs/share/ackermann_msgs/package.zsh'
[1.332s] Level 1:colcon.colcon_core.environment:create_file_with_runtime_dependencies(/home/paolo/purple_whales_ws/install/ackermann_msgs/share/colcon-core/packages/ackermann_msgs)
[1.346s] Level 1:colcon.colcon_core.environment:create_environment_scripts_only(micro_ros_msgs)
[1.348s] Level 1:colcon.colcon_core.environment:checking '/home/paolo/purple_whales_ws/install/micro_ros_msgs' for CMake module files
[1.351s] DEBUG:colcon.colcon_core.event_handler.log_command:Invoked command in '/home/paolo/purple_whales_ws/build/micro_ros_msgs' returned '0': CMAKE_PREFIX_PATH=/opt/ros/humble /usr/bin/cmake --install /home/paolo/purple_whales_ws/build/micro_ros_msgs
[1.352s] Level 1:colcon.colcon_core.environment:checking '/home/paolo/purple_whales_ws/install/micro_ros_msgs' for CMake config files
[1.353s] Level 1:colcon.colcon_core.shell:create_environment_hook('micro_ros_msgs', 'cmake_prefix_path')
[1.354s] INFO:colcon.colcon_core.shell:Creating environment hook '/home/paolo/purple_whales_ws/install/micro_ros_msgs/share/micro_ros_msgs/hook/cmake_prefix_path.ps1'
[1.355s] INFO:colcon.colcon_core.shell:Creating environment descriptor '/home/paolo/purple_whales_ws/install/micro_ros_msgs/share/micro_ros_msgs/hook/cmake_prefix_path.dsv'
[1.355s] INFO:colcon.colcon_core.shell:Creating environment hook '/home/paolo/purple_whales_ws/install/micro_ros_msgs/share/micro_ros_msgs/hook/cmake_prefix_path.sh'
[1.356s] Level 1:colcon.colcon_core.environment:checking '/home/paolo/purple_whales_ws/install/micro_ros_msgs/lib'
[1.356s] Level 1:colcon.colcon_core.shell:create_environment_hook('micro_ros_msgs', 'ld_library_path_lib')
[1.356s] INFO:colcon.colcon_core.shell:Creating environment hook '/home/paolo/purple_whales_ws/install/micro_ros_msgs/share/micro_ros_msgs/hook/ld_library_path_lib.ps1'
[1.357s] INFO:colcon.colcon_core.shell:Creating environment descriptor '/home/paolo/purple_whales_ws/install/micro_ros_msgs/share/micro_ros_msgs/hook/ld_library_path_lib.dsv'
[1.357s] INFO:colcon.colcon_core.shell:Creating environment hook '/home/paolo/purple_whales_ws/install/micro_ros_msgs/share/micro_ros_msgs/hook/ld_library_path_lib.sh'
[1.357s] Level 1:colcon.colcon_core.environment:checking '/home/paolo/purple_whales_ws/install/micro_ros_msgs/bin'
[1.357s] Level 1:colcon.colcon_core.environment:checking '/home/paolo/purple_whales_ws/install/micro_ros_msgs/lib/pkgconfig/micro_ros_msgs.pc'
[1.358s] Level 1:colcon.colcon_core.environment:checking '/home/paolo/purple_whales_ws/install/micro_ros_msgs/lib/python3.10/site-packages'
[1.358s] Level 1:colcon.colcon_core.environment:checking '/home/paolo/purple_whales_ws/install/micro_ros_msgs/bin'
[1.359s] INFO:colcon.colcon_core.shell:Creating package script '/home/paolo/purple_whales_ws/install/micro_ros_msgs/share/micro_ros_msgs/package.ps1'
[1.359s] INFO:colcon.colcon_core.shell:Creating package descriptor '/home/paolo/purple_whales_ws/install/micro_ros_msgs/share/micro_ros_msgs/package.dsv'
[1.360s] INFO:colcon.colcon_core.shell:Creating package script '/home/paolo/purple_whales_ws/install/micro_ros_msgs/share/micro_ros_msgs/package.sh'
[1.360s] INFO:colcon.colcon_core.shell:Creating package script '/home/paolo/purple_whales_ws/install/micro_ros_msgs/share/micro_ros_msgs/package.bash'
[1.361s] INFO:colcon.colcon_core.shell:Creating package script '/home/paolo/purple_whales_ws/install/micro_ros_msgs/share/micro_ros_msgs/package.zsh'
[1.362s] Level 1:colcon.colcon_core.environment:create_file_with_runtime_dependencies(/home/paolo/purple_whales_ws/install/micro_ros_msgs/share/colcon-core/packages/micro_ros_msgs)
[1.391s] Level 1:colcon.colcon_core.environment:create_environment_scripts_only(ackermann_msgs)
[1.392s] Level 1:colcon.colcon_core.environment:checking '/home/paolo/purple_whales_ws/install/ackermann_msgs' for CMake module files
[1.392s] Level 1:colcon.colcon_core.environment:checking '/home/paolo/purple_whales_ws/install/ackermann_msgs' for CMake config files
[1.393s] Level 1:colcon.colcon_core.shell:create_environment_hook('ackermann_msgs', 'cmake_prefix_path')
[1.393s] INFO:colcon.colcon_core.shell:Creating environment hook '/home/paolo/purple_whales_ws/install/ackermann_msgs/share/ackermann_msgs/hook/cmake_prefix_path.ps1'
[1.394s] INFO:colcon.colcon_core.shell:Creating environment descriptor '/home/paolo/purple_whales_ws/install/ackermann_msgs/share/ackermann_msgs/hook/cmake_prefix_path.dsv'
[1.394s] INFO:colcon.colcon_core.shell:Creating environment hook '/home/paolo/purple_whales_ws/install/ackermann_msgs/share/ackermann_msgs/hook/cmake_prefix_path.sh'
[1.395s] Level 1:colcon.colcon_core.environment:checking '/home/paolo/purple_whales_ws/install/ackermann_msgs/lib'
[1.395s] Level 1:colcon.colcon_core.shell:create_environment_hook('ackermann_msgs', 'ld_library_path_lib')
[1.396s] INFO:colcon.colcon_core.shell:Creating environment hook '/home/paolo/purple_whales_ws/install/ackermann_msgs/share/ackermann_msgs/hook/ld_library_path_lib.ps1'
[1.396s] INFO:colcon.colcon_core.shell:Creating environment descriptor '/home/paolo/purple_whales_ws/install/ackermann_msgs/share/ackermann_msgs/hook/ld_library_path_lib.dsv'
[1.396s] INFO:colcon.colcon_core.shell:Creating environment hook '/home/paolo/purple_whales_ws/install/ackermann_msgs/share/ackermann_msgs/hook/ld_library_path_lib.sh'
[1.397s] Level 1:colcon.colcon_core.environment:checking '/home/paolo/purple_whales_ws/install/ackermann_msgs/bin'
[1.397s] Level 1:colcon.colcon_core.environment:checking '/home/paolo/purple_whales_ws/install/ackermann_msgs/lib/pkgconfig/ackermann_msgs.pc'
[1.397s] Level 1:colcon.colcon_core.environment:checking '/home/paolo/purple_whales_ws/install/ackermann_msgs/lib/python3.10/site-packages'
[1.398s] Level 1:colcon.colcon_core.environment:checking '/home/paolo/purple_whales_ws/install/ackermann_msgs/bin'
[1.399s] INFO:colcon.colcon_core.shell:Creating package script '/home/paolo/purple_whales_ws/install/ackermann_msgs/share/ackermann_msgs/package.ps1'
[1.400s] INFO:colcon.colcon_core.shell:Creating package descriptor '/home/paolo/purple_whales_ws/install/ackermann_msgs/share/ackermann_msgs/package.dsv'
[1.400s] INFO:colcon.colcon_core.shell:Creating package script '/home/paolo/purple_whales_ws/install/ackermann_msgs/share/ackermann_msgs/package.sh'
[1.400s] INFO:colcon.colcon_core.shell:Creating package script '/home/paolo/purple_whales_ws/install/ackermann_msgs/share/ackermann_msgs/package.bash'
[1.401s] INFO:colcon.colcon_core.shell:Creating package script '/home/paolo/purple_whales_ws/install/ackermann_msgs/share/ackermann_msgs/package.zsh'
[1.401s] Level 1:colcon.colcon_core.environment:create_file_with_runtime_dependencies(/home/paolo/purple_whales_ws/install/ackermann_msgs/share/colcon-core/packages/ackermann_msgs)
[1.454s] Level 1:colcon.colcon_core.environment:create_environment_scripts_only(micro_ros_msgs)
[1.454s] Level 1:colcon.colcon_core.environment:checking '/home/paolo/purple_whales_ws/install/micro_ros_msgs' for CMake module files
[1.455s] Level 1:colcon.colcon_core.environment:checking '/home/paolo/purple_whales_ws/install/micro_ros_msgs' for CMake config files
[1.455s] Level 1:colcon.colcon_core.shell:create_environment_hook('micro_ros_msgs', 'cmake_prefix_path')
[1.456s] INFO:colcon.colcon_core.shell:Creating environment hook '/home/paolo/purple_whales_ws/install/micro_ros_msgs/share/micro_ros_msgs/hook/cmake_prefix_path.ps1'
[1.457s] INFO:colcon.colcon_core.shell:Creating environment descriptor '/home/paolo/purple_whales_ws/install/micro_ros_msgs/share/micro_ros_msgs/hook/cmake_prefix_path.dsv'
[1.457s] INFO:colcon.colcon_core.shell:Creating environment hook '/home/paolo/purple_whales_ws/install/micro_ros_msgs/share/micro_ros_msgs/hook/cmake_prefix_path.sh'
[1.458s] Level 1:colcon.colcon_core.environment:checking '/home/paolo/purple_whales_ws/install/micro_ros_msgs/lib'
[1.458s] Level 1:colcon.colcon_core.shell:create_environment_hook('micro_ros_msgs', 'ld_library_path_lib')
[1.458s] INFO:colcon.colcon_core.shell:Creating environment hook '/home/paolo/purple_whales_ws/install/micro_ros_msgs/share/micro_ros_msgs/hook/ld_library_path_lib.ps1'
[1.458s] INFO:colcon.colcon_core.shell:Creating environment descriptor '/home/paolo/purple_whales_ws/install/micro_ros_msgs/share/micro_ros_msgs/hook/ld_library_path_lib.dsv'
[1.458s] INFO:colcon.colcon_core.shell:Creating environment hook '/home/paolo/purple_whales_ws/install/micro_ros_msgs/share/micro_ros_msgs/hook/ld_library_path_lib.sh'
[1.459s] Level 1:colcon.colcon_core.environment:checking '/home/paolo/purple_whales_ws/install/micro_ros_msgs/bin'
[1.459s] Level 1:colcon.colcon_core.environment:checking '/home/paolo/purple_whales_ws/install/micro_ros_msgs/lib/pkgconfig/micro_ros_msgs.pc'
[1.459s] Level 1:colcon.colcon_core.environment:checking '/home/paolo/purple_whales_ws/install/micro_ros_msgs/lib/python3.10/site-packages'
[1.459s] Level 1:colcon.colcon_core.environment:checking '/home/paolo/purple_whales_ws/install/micro_ros_msgs/bin'
[1.459s] INFO:colcon.colcon_core.shell:Creating package script '/home/paolo/purple_whales_ws/install/micro_ros_msgs/share/micro_ros_msgs/package.ps1'
[1.460s] INFO:colcon.colcon_core.shell:Creating package descriptor '/home/paolo/purple_whales_ws/install/micro_ros_msgs/share/micro_ros_msgs/package.dsv'
[1.460s] INFO:colcon.colcon_core.shell:Creating package script '/home/paolo/purple_whales_ws/install/micro_ros_msgs/share/micro_ros_msgs/package.sh'
[1.460s] INFO:colcon.colcon_core.shell:Creating package script '/home/paolo/purple_whales_ws/install/micro_ros_msgs/share/micro_ros_msgs/package.bash'
[1.460s] INFO:colcon.colcon_core.shell:Creating package script '/home/paolo/purple_whales_ws/install/micro_ros_msgs/share/micro_ros_msgs/package.zsh'
[1.461s] Level 1:colcon.colcon_core.environment:create_file_with_runtime_dependencies(/home/paolo/purple_whales_ws/install/micro_ros_msgs/share/colcon-core/packages/micro_ros_msgs)
[1.462s] INFO:colcon.colcon_ros.task.ament_cmake.build:Building ROS package in '/home/paolo/purple_whales_ws/src/uros/micro-ROS-Agent/micro_ros_agent' with build type 'ament_cmake'
[1.462s] INFO:colcon.colcon_cmake.task.cmake.build:Building CMake package in '/home/paolo/purple_whales_ws/src/uros/micro-ROS-Agent/micro_ros_agent'
[1.462s] INFO:colcon.colcon_core.shell:Skip shell extension 'powershell' for command environment: Not usable outside of PowerShell
[1.462s] DEBUG:colcon.colcon_core.shell:Skip shell extension 'dsv' for command environment
[1.587s] DEBUG:colcon.colcon_core.event_handler.log_command:Invoking command in '/home/paolo/purple_whales_ws/src/uaq_robot': PYTHONPATH=/home/paolo/purple_whales_ws/build/uaq_robot/prefix_override:/home/paolo/purple_whales_ws/install/uaq_robot/lib/python3.10/site-packages:${PYTHONPATH} /usr/bin/python3 -W ignore:setup.py install is deprecated setup.py egg_info --egg-base ../../build/uaq_robot build --build-base /home/paolo/purple_whales_ws/build/uaq_robot/build install --record /home/paolo/purple_whales_ws/build/uaq_robot/install.log --single-version-externally-managed install_data
[1.679s] DEBUG:colcon.colcon_core.event_handler.log_command:Invoking command in '/home/paolo/purple_whales_ws/build/micro_ros_agent': AMENT_PREFIX_PATH=/home/paolo/purple_whales_ws/install/micro_ros_msgs:${AMENT_PREFIX_PATH} CMAKE_PREFIX_PATH=/home/paolo/purple_whales_ws/install/micro_ros_msgs:/opt/ros/humble LD_LIBRARY_PATH=/home/paolo/purple_whales_ws/install/micro_ros_msgs/lib:${LD_LIBRARY_PATH} PYTHONPATH=/home/paolo/purple_whales_ws/install/micro_ros_msgs/local/lib/python3.10/dist-packages:${PYTHONPATH} /usr/bin/cmake --build /home/paolo/purple_whales_ws/build/micro_ros_agent -- -j20 -l20
[1.756s] DEBUG:colcon.colcon_core.event_handler.log_command:Invoked command in '/home/paolo/purple_whales_ws/build/micro_ros_agent' returned '0': AMENT_PREFIX_PATH=/home/paolo/purple_whales_ws/install/micro_ros_msgs:${AMENT_PREFIX_PATH} CMAKE_PREFIX_PATH=/home/paolo/purple_whales_ws/install/micro_ros_msgs:/opt/ros/humble LD_LIBRARY_PATH=/home/paolo/purple_whales_ws/install/micro_ros_msgs/lib:${LD_LIBRARY_PATH} PYTHONPATH=/home/paolo/purple_whales_ws/install/micro_ros_msgs/local/lib/python3.10/dist-packages:${PYTHONPATH} /usr/bin/cmake --build /home/paolo/purple_whales_ws/build/micro_ros_agent -- -j20 -l20
[1.794s] DEBUG:colcon.colcon_core.event_handler.log_command:Invoking command in '/home/paolo/purple_whales_ws/build/micro_ros_agent': AMENT_PREFIX_PATH=/home/paolo/purple_whales_ws/install/micro_ros_msgs:${AMENT_PREFIX_PATH} CMAKE_PREFIX_PATH=/home/paolo/purple_whales_ws/install/micro_ros_msgs:/opt/ros/humble LD_LIBRARY_PATH=/home/paolo/purple_whales_ws/install/micro_ros_msgs/lib:${LD_LIBRARY_PATH} PYTHONPATH=/home/paolo/purple_whales_ws/install/micro_ros_msgs/local/lib/python3.10/dist-packages:${PYTHONPATH} /usr/bin/cmake --install /home/paolo/purple_whales_ws/build/micro_ros_agent
[1.808s] Level 1:colcon.colcon_core.environment:create_environment_scripts_only(micro_ros_agent)
[1.809s] Level 1:colcon.colcon_core.environment:checking '/home/paolo/purple_whales_ws/install/micro_ros_agent' for CMake module files
[1.810s] DEBUG:colcon.colcon_core.event_handler.log_command:Invoked command in '/home/paolo/purple_whales_ws/build/micro_ros_agent' returned '0': AMENT_PREFIX_PATH=/home/paolo/purple_whales_ws/install/micro_ros_msgs:${AMENT_PREFIX_PATH} CMAKE_PREFIX_PATH=/home/paolo/purple_whales_ws/install/micro_ros_msgs:/opt/ros/humble LD_LIBRARY_PATH=/home/paolo/purple_whales_ws/install/micro_ros_msgs/lib:${LD_LIBRARY_PATH} PYTHONPATH=/home/paolo/purple_whales_ws/install/micro_ros_msgs/local/lib/python3.10/dist-packages:${PYTHONPATH} /usr/bin/cmake --install /home/paolo/purple_whales_ws/build/micro_ros_agent
[1.810s] Level 1:colcon.colcon_core.environment:checking '/home/paolo/purple_whales_ws/install/micro_ros_agent' for CMake config files
[1.811s] Level 1:colcon.colcon_core.shell:create_environment_hook('micro_ros_agent', 'cmake_prefix_path')
[1.811s] INFO:colcon.colcon_core.shell:Creating environment hook '/home/paolo/purple_whales_ws/install/micro_ros_agent/share/micro_ros_agent/hook/cmake_prefix_path.ps1'
[1.812s] INFO:colcon.colcon_core.shell:Creating environment descriptor '/home/paolo/purple_whales_ws/install/micro_ros_agent/share/micro_ros_agent/hook/cmake_prefix_path.dsv'
[1.813s] INFO:colcon.colcon_core.shell:Creating environment hook '/home/paolo/purple_whales_ws/install/micro_ros_agent/share/micro_ros_agent/hook/cmake_prefix_path.sh'
[1.814s] Level 1:colcon.colcon_core.environment:checking '/home/paolo/purple_whales_ws/install/micro_ros_agent/lib'
[1.814s] Level 1:colcon.colcon_core.shell:create_environment_hook('micro_ros_agent', 'ld_library_path_lib')
[1.814s] INFO:colcon.colcon_core.shell:Creating environment hook '/home/paolo/purple_whales_ws/install/micro_ros_agent/share/micro_ros_agent/hook/ld_library_path_lib.ps1'
[1.815s] INFO:colcon.colcon_core.shell:Creating environment descriptor '/home/paolo/purple_whales_ws/install/micro_ros_agent/share/micro_ros_agent/hook/ld_library_path_lib.dsv'
[1.815s] INFO:colcon.colcon_core.shell:Creating environment hook '/home/paolo/purple_whales_ws/install/micro_ros_agent/share/micro_ros_agent/hook/ld_library_path_lib.sh'
[1.815s] Level 1:colcon.colcon_core.environment:checking '/home/paolo/purple_whales_ws/install/micro_ros_agent/bin'
[1.815s] Level 1:colcon.colcon_core.environment:checking '/home/paolo/purple_whales_ws/install/micro_ros_agent/lib/pkgconfig/micro_ros_agent.pc'
[1.816s] Level 1:colcon.colcon_core.environment:checking '/home/paolo/purple_whales_ws/install/micro_ros_agent/lib/python3.10/site-packages'
[1.816s] Level 1:colcon.colcon_core.environment:checking '/home/paolo/purple_whales_ws/install/micro_ros_agent/bin'
[1.816s] INFO:colcon.colcon_core.shell:Creating package script '/home/paolo/purple_whales_ws/install/micro_ros_agent/share/micro_ros_agent/package.ps1'
[1.816s] INFO:colcon.colcon_core.shell:Creating package descriptor '/home/paolo/purple_whales_ws/install/micro_ros_agent/share/micro_ros_agent/package.dsv'
[1.817s] INFO:colcon.colcon_core.shell:Creating package script '/home/paolo/purple_whales_ws/install/micro_ros_agent/share/micro_ros_agent/package.sh'
[1.817s] INFO:colcon.colcon_core.shell:Creating package script '/home/paolo/purple_whales_ws/install/micro_ros_agent/share/micro_ros_agent/package.bash'
[1.818s] INFO:colcon.colcon_core.shell:Creating package script '/home/paolo/purple_whales_ws/install/micro_ros_agent/share/micro_ros_agent/package.zsh'
[1.819s] Level 1:colcon.colcon_core.environment:create_file_with_runtime_dependencies(/home/paolo/purple_whales_ws/install/micro_ros_agent/share/colcon-core/packages/micro_ros_agent)
[1.851s] Level 1:colcon.colcon_core.environment:create_environment_scripts_only(micro_ros_agent)
[1.851s] Level 1:colcon.colcon_core.environment:checking '/home/paolo/purple_whales_ws/install/micro_ros_agent' for CMake module files
[1.852s] Level 1:colcon.colcon_core.environment:checking '/home/paolo/purple_whales_ws/install/micro_ros_agent' for CMake config files
[1.852s] Level 1:colcon.colcon_core.shell:create_environment_hook('micro_ros_agent', 'cmake_prefix_path')
[1.852s] INFO:colcon.colcon_core.shell:Creating environment hook '/home/paolo/purple_whales_ws/install/micro_ros_agent/share/micro_ros_agent/hook/cmake_prefix_path.ps1'
[1.853s] INFO:colcon.colcon_core.shell:Creating environment descriptor '/home/paolo/purple_whales_ws/install/micro_ros_agent/share/micro_ros_agent/hook/cmake_prefix_path.dsv'
[1.853s] INFO:colcon.colcon_core.shell:Creating environment hook '/home/paolo/purple_whales_ws/install/micro_ros_agent/share/micro_ros_agent/hook/cmake_prefix_path.sh'
[1.854s] Level 1:colcon.colcon_core.environment:checking '/home/paolo/purple_whales_ws/install/micro_ros_agent/lib'
[1.854s] Level 1:colcon.colcon_core.shell:create_environment_hook('micro_ros_agent', 'ld_library_path_lib')
[1.854s] INFO:colcon.colcon_core.shell:Creating environment hook '/home/paolo/purple_whales_ws/install/micro_ros_agent/share/micro_ros_agent/hook/ld_library_path_lib.ps1'
[1.855s] INFO:colcon.colcon_core.shell:Creating environment descriptor '/home/paolo/purple_whales_ws/install/micro_ros_agent/share/micro_ros_agent/hook/ld_library_path_lib.dsv'
[1.855s] INFO:colcon.colcon_core.shell:Creating environment hook '/home/paolo/purple_whales_ws/install/micro_ros_agent/share/micro_ros_agent/hook/ld_library_path_lib.sh'
[1.855s] Level 1:colcon.colcon_core.environment:checking '/home/paolo/purple_whales_ws/install/micro_ros_agent/bin'
[1.855s] Level 1:colcon.colcon_core.environment:checking '/home/paolo/purple_whales_ws/install/micro_ros_agent/lib/pkgconfig/micro_ros_agent.pc'
[1.855s] Level 1:colcon.colcon_core.environment:checking '/home/paolo/purple_whales_ws/install/micro_ros_agent/lib/python3.10/site-packages'
[1.856s] Level 1:colcon.colcon_core.environment:checking '/home/paolo/purple_whales_ws/install/micro_ros_agent/bin'
[1.856s] INFO:colcon.colcon_core.shell:Creating package script '/home/paolo/purple_whales_ws/install/micro_ros_agent/share/micro_ros_agent/package.ps1'
[1.857s] INFO:colcon.colcon_core.shell:Creating package descriptor '/home/paolo/purple_whales_ws/install/micro_ros_agent/share/micro_ros_agent/package.dsv'
[1.858s] INFO:colcon.colcon_core.shell:Creating package script '/home/paolo/purple_whales_ws/install/micro_ros_agent/share/micro_ros_agent/package.sh'
[1.858s] INFO:colcon.colcon_core.shell:Creating package script '/home/paolo/purple_whales_ws/install/micro_ros_agent/share/micro_ros_agent/package.bash'
[1.858s] INFO:colcon.colcon_core.shell:Creating package script '/home/paolo/purple_whales_ws/install/micro_ros_agent/share/micro_ros_agent/package.zsh'
[1.858s] Level 1:colcon.colcon_core.environment:create_file_with_runtime_dependencies(/home/paolo/purple_whales_ws/install/micro_ros_agent/share/colcon-core/packages/micro_ros_agent)
[1.948s] Level 1:colcon.colcon_core.environment:checking '/home/paolo/purple_whales_ws/install/uaq_robot' for CMake module files
[1.949s] DEBUG:colcon.colcon_core.event_handler.log_command:Invoked command in '/home/paolo/purple_whales_ws/src/uaq_robot' returned '0': PYTHONPATH=/home/paolo/purple_whales_ws/build/uaq_robot/prefix_override:/home/paolo/purple_whales_ws/install/uaq_robot/lib/python3.10/site-packages:${PYTHONPATH} /usr/bin/python3 -W ignore:setup.py install is deprecated setup.py egg_info --egg-base ../../build/uaq_robot build --build-base /home/paolo/purple_whales_ws/build/uaq_robot/build install --record /home/paolo/purple_whales_ws/build/uaq_robot/install.log --single-version-externally-managed install_data
[1.950s] Level 1:colcon.colcon_core.environment:checking '/home/paolo/purple_whales_ws/install/uaq_robot' for CMake config files
[1.951s] Level 1:colcon.colcon_core.environment:checking '/home/paolo/purple_whales_ws/install/uaq_robot/lib'
[1.951s] Level 1:colcon.colcon_core.environment:checking '/home/paolo/purple_whales_ws/install/uaq_robot/bin'
[1.951s] Level 1:colcon.colcon_core.environment:checking '/home/paolo/purple_whales_ws/install/uaq_robot/lib/pkgconfig/uaq_robot.pc'
[1.952s] Level 1:colcon.colcon_core.environment:checking '/home/paolo/purple_whales_ws/install/uaq_robot/lib/python3.10/site-packages'
[1.952s] Level 1:colcon.colcon_core.shell:create_environment_hook('uaq_robot', 'pythonpath')
[1.953s] INFO:colcon.colcon_core.shell:Creating environment hook '/home/paolo/purple_whales_ws/install/uaq_robot/share/uaq_robot/hook/pythonpath.ps1'
[1.954s] INFO:colcon.colcon_core.shell:Creating environment descriptor '/home/paolo/purple_whales_ws/install/uaq_robot/share/uaq_robot/hook/pythonpath.dsv'
[1.954s] INFO:colcon.colcon_core.shell:Creating environment hook '/home/paolo/purple_whales_ws/install/uaq_robot/share/uaq_robot/hook/pythonpath.sh'
[1.955s] Level 1:colcon.colcon_core.environment:checking '/home/paolo/purple_whales_ws/install/uaq_robot/bin'
[1.955s] Level 1:colcon.colcon_core.environment:create_environment_scripts_only(uaq_robot)
[1.956s] INFO:colcon.colcon_core.shell:Creating package script '/home/paolo/purple_whales_ws/install/uaq_robot/share/uaq_robot/package.ps1'
[1.957s] INFO:colcon.colcon_core.shell:Creating package descriptor '/home/paolo/purple_whales_ws/install/uaq_robot/share/uaq_robot/package.dsv'
[1.958s] INFO:colcon.colcon_core.shell:Creating package script '/home/paolo/purple_whales_ws/install/uaq_robot/share/uaq_robot/package.sh'
[1.958s] INFO:colcon.colcon_core.shell:Creating package script '/home/paolo/purple_whales_ws/install/uaq_robot/share/uaq_robot/package.bash'
[1.958s] INFO:colcon.colcon_core.shell:Creating package script '/home/paolo/purple_whales_ws/install/uaq_robot/share/uaq_robot/package.zsh'
[1.958s] Level 1:colcon.colcon_core.environment:create_file_with_runtime_dependencies(/home/paolo/purple_whales_ws/install/uaq_robot/share/colcon-core/packages/uaq_robot)
[1.959s] DEBUG:colcon.colcon_parallel_executor.executor.parallel:closing loop
[1.960s] DEBUG:colcon.colcon_parallel_executor.executor.parallel:loop closed
[1.960s] DEBUG:colcon.colcon_parallel_executor.executor.parallel:run_until_complete finished with '0'
[1.960s] DEBUG:colcon.colcon_core.event_reactor:joining thread
[2.084s] INFO:colcon.colcon_core.plugin_system:Skipping extension 'colcon_notification.desktop_notification.notify_send': Could not find 'notify-send'
[2.085s] INFO:colcon.colcon_core.plugin_system:Skipping extension 'colcon_notification.desktop_notification.terminal_notifier': Not used on non-Darwin systems
[2.085s] INFO:colcon.colcon_core.plugin_system:Skipping extension 'colcon_notification.desktop_notification.win32': Not used on non-Windows systems
[2.085s] INFO:colcon.colcon_notification.desktop_notification:Sending desktop notification using 'notify2'
[2.085s] DEBUG:colcon.colcon_notification.desktop_notification.notify2:Failed to initialize notify2: org.freedesktop.DBus.Error.FileNotFound: Failed to connect to socket /run/user/1000/bus: No such file or directory
[2.085s] DEBUG:colcon.colcon_core.event_reactor:joined thread
[2.085s] INFO:colcon.colcon_core.shell:Creating prefix script '/home/paolo/purple_whales_ws/install/local_setup.ps1'
[2.086s] INFO:colcon.colcon_core.shell:Creating prefix util module '/home/paolo/purple_whales_ws/install/_local_setup_util_ps1.py'
[2.087s] INFO:colcon.colcon_core.shell:Creating prefix chain script '/home/paolo/purple_whales_ws/install/setup.ps1'
[2.088s] INFO:colcon.colcon_core.shell:Creating prefix script '/home/paolo/purple_whales_ws/install/local_setup.sh'
[2.089s] INFO:colcon.colcon_core.shell:Creating prefix util module '/home/paolo/purple_whales_ws/install/_local_setup_util_sh.py'
[2.089s] INFO:colcon.colcon_core.shell:Creating prefix chain script '/home/paolo/purple_whales_ws/install/setup.sh'
[2.090s] INFO:colcon.colcon_core.shell:Creating prefix script '/home/paolo/purple_whales_ws/install/local_setup.bash'
[2.091s] INFO:colcon.colcon_core.shell:Creating prefix chain script '/home/paolo/purple_whales_ws/install/setup.bash'
[2.092s] INFO:colcon.colcon_core.shell:Creating prefix script '/home/paolo/purple_whales_ws/install/local_setup.zsh'
[2.092s] INFO:colcon.colcon_core.shell:Creating prefix chain script '/home/paolo/purple_whales_ws/install/setup.zsh'
