[2.025s] Invoking command in '/home/paolo/purple_whales_ws/firmware/mcu_ws/ros2/rosidl/rosidl_cli': PYTHONPATH=/home/paolo/purple_whales_ws/firmware/mcu_ws/build/rosidl_cli/prefix_override:/home/paolo/purple_whales_ws/firmware/mcu_ws/install/lib/python3.10/site-packages:${PYTHONPATH} /home/paolo/purple_whales_ws/firmware/toolchain/espressif/python_env/idf4.1_py3.10_env/bin/python -W ignore:setup.py install is deprecated setup.py egg_info --egg-base ../../../build/rosidl_cli build --build-base /home/paolo/purple_whales_ws/firmware/mcu_ws/build/rosidl_cli/build install --record /home/paolo/purple_whales_ws/firmware/mcu_ws/build/rosidl_cli/install.log --single-version-externally-managed install_data
[2.292s] running egg_info
[2.302s] writing ../../../build/rosidl_cli/rosidl_cli.egg-info/PKG-INFO
[2.302s] writing dependency_links to ../../../build/rosidl_cli/rosidl_cli.egg-info/dependency_links.txt
[2.303s] writing entry points to ../../../build/rosidl_cli/rosidl_cli.egg-info/entry_points.txt
[2.303s] writing requirements to ../../../build/rosidl_cli/rosidl_cli.egg-info/requires.txt
[2.303s] writing top-level names to ../../../build/rosidl_cli/rosidl_cli.egg-info/top_level.txt
[2.318s] reading manifest file '../../../build/rosidl_cli/rosidl_cli.egg-info/SOURCES.txt'
[2.321s] writing manifest file '../../../build/rosidl_cli/rosidl_cli.egg-info/SOURCES.txt'
[2.322s] running build
[2.322s] running build_py
[2.324s] copying rosidl_cli/cli.py -> /home/paolo/purple_whales_ws/firmware/mcu_ws/build/rosidl_cli/build/lib/rosidl_cli
[2.324s] copying rosidl_cli/entry_points.py -> /home/paolo/purple_whales_ws/firmware/mcu_ws/build/rosidl_cli/build/lib/rosidl_cli
[2.324s] copying rosidl_cli/common.py -> /home/paolo/purple_whales_ws/firmware/mcu_ws/build/rosidl_cli/build/lib/rosidl_cli
[2.324s] copying rosidl_cli/__init__.py -> /home/paolo/purple_whales_ws/firmware/mcu_ws/build/rosidl_cli/build/lib/rosidl_cli
[2.325s] copying rosidl_cli/extensions.py -> /home/paolo/purple_whales_ws/firmware/mcu_ws/build/rosidl_cli/build/lib/rosidl_cli
[2.325s] copying rosidl_cli/command/__init__.py -> /home/paolo/purple_whales_ws/firmware/mcu_ws/build/rosidl_cli/build/lib/rosidl_cli/command
[2.325s] copying rosidl_cli/command/helpers.py -> /home/paolo/purple_whales_ws/firmware/mcu_ws/build/rosidl_cli/build/lib/rosidl_cli/command
[2.325s] copying rosidl_cli/command/translate/api.py -> /home/paolo/purple_whales_ws/firmware/mcu_ws/build/rosidl_cli/build/lib/rosidl_cli/command/translate
[2.326s] copying rosidl_cli/command/translate/__init__.py -> /home/paolo/purple_whales_ws/firmware/mcu_ws/build/rosidl_cli/build/lib/rosidl_cli/command/translate
[2.326s] copying rosidl_cli/command/translate/extensions.py -> /home/paolo/purple_whales_ws/firmware/mcu_ws/build/rosidl_cli/build/lib/rosidl_cli/command/translate
[2.326s] copying rosidl_cli/command/generate/api.py -> /home/paolo/purple_whales_ws/firmware/mcu_ws/build/rosidl_cli/build/lib/rosidl_cli/command/generate
[2.326s] copying rosidl_cli/command/generate/__init__.py -> /home/paolo/purple_whales_ws/firmware/mcu_ws/build/rosidl_cli/build/lib/rosidl_cli/command/generate
[2.326s] copying rosidl_cli/command/generate/extensions.py -> /home/paolo/purple_whales_ws/firmware/mcu_ws/build/rosidl_cli/build/lib/rosidl_cli/command/generate
[2.326s] running install
[2.335s] running install_lib
[2.345s] running install_data
[2.346s] copying resource/rosidl_cli -> /home/paolo/purple_whales_ws/firmware/mcu_ws/install/share/ament_index/resource_index/packages
[2.346s] copying package.xml -> /home/paolo/purple_whales_ws/firmware/mcu_ws/install/share/rosidl_cli
[2.346s] copying completion/rosidl-argcomplete.bash -> /home/paolo/purple_whales_ws/firmware/mcu_ws/install/share/rosidl_cli/environment
[2.346s] copying completion/rosidl-argcomplete.zsh -> /home/paolo/purple_whales_ws/firmware/mcu_ws/install/share/rosidl_cli/environment
[2.346s] running install_egg_info
[2.355s] removing '/home/paolo/purple_whales_ws/firmware/mcu_ws/install/lib/python3.10/site-packages/rosidl_cli-3.1.5-py3.10.egg-info' (and everything under it)
[2.356s] Copying ../../../build/rosidl_cli/rosidl_cli.egg-info to /home/paolo/purple_whales_ws/firmware/mcu_ws/install/lib/python3.10/site-packages/rosidl_cli-3.1.5-py3.10.egg-info
[2.356s] running install_scripts
[2.439s] Installing rosidl script to /home/paolo/purple_whales_ws/firmware/mcu_ws/install/bin
[2.440s] writing list of installed files to '/home/paolo/purple_whales_ws/firmware/mcu_ws/build/rosidl_cli/install.log'
[2.605s] Invoked command in '/home/paolo/purple_whales_ws/firmware/mcu_ws/ros2/rosidl/rosidl_cli' returned '0': PYTHONPATH=/home/paolo/purple_whales_ws/firmware/mcu_ws/build/rosidl_cli/prefix_override:/home/paolo/purple_whales_ws/firmware/mcu_ws/install/lib/python3.10/site-packages:${PYTHONPATH} /home/paolo/purple_whales_ws/firmware/toolchain/espressif/python_env/idf4.1_py3.10_env/bin/python -W ignore:setup.py install is deprecated setup.py egg_info --egg-base ../../../build/rosidl_cli build --build-base /home/paolo/purple_whales_ws/firmware/mcu_ws/build/rosidl_cli/build install --record /home/paolo/purple_whales_ws/firmware/mcu_ws/build/rosidl_cli/install.log --single-version-externally-managed install_data
