[0.034s] Invoking command in '/home/paolo/purple_whales_ws/build/ackermann_msgs': CMAKE_PREFIX_PATH=/opt/ros/humble /usr/bin/cmake /home/paolo/purple_whales_ws/src/ackermann_msgs -DCMAKE_INSTALL_PREFIX=/home/paolo/purple_whales_ws/install/ackermann_msgs
[0.381s] -- The C compiler identification is GNU 11.4.0
[1.779s] -- The CXX compiler identification is GNU 11.4.0
[2.711s] -- Detecting C compiler ABI info
[2.989s] -- Detecting C compiler ABI info - done
[2.994s] -- Check for working C compiler: /usr/bin/cc - skipped
[2.994s] -- Detecting C compile features
[2.994s] -- Detecting C compile features - done
[2.998s] -- Detecting CXX compiler ABI info
[3.295s] -- Detecting CXX compiler ABI info - done
[3.302s] -- Check for working CXX compiler: /usr/bin/c++ - skipped
[3.302s] -- Detecting CXX compile features
[3.302s] -- Detecting CXX compile features - done
[3.303s] -- Found ament_cmake: 1.3.8 (/opt/ros/humble/share/ament_cmake/cmake)
[3.484s] -- Found Python3: /usr/bin/python3 (found version "3.10.12") found components: Interpreter 
[3.583s] -- Found ament_lint_auto: 0.12.10 (/opt/ros/humble/share/ament_lint_auto/cmake)
[3.677s] -- Found rosidl_default_generators: 1.2.0 (/opt/ros/humble/share/rosidl_default_generators/cmake)
[3.679s] -- Using all available rosidl_typesupport_c: rosidl_typesupport_fastrtps_c;rosidl_typesupport_introspection_c
[3.686s] -- Found rosidl_adapter: 3.1.5 (/opt/ros/humble/share/rosidl_adapter/cmake)
[4.032s] -- Using all available rosidl_typesupport_cpp: rosidl_typesupport_fastrtps_cpp;rosidl_typesupport_introspection_cpp
[4.066s] [31mCMake Error at /opt/ros/humble/share/rosidl_cmake/cmake/rosidl_generate_interfaces.cmake:93 (message):
[4.066s]   rosidl_generate_interfaces() the passed file 'msg/AckermannMessages.msg'
[4.066s]   doesn't exist relative to the CMAKE_CURRENT_SOURCE_DIR
[4.066s]   '/home/paolo/purple_whales_ws/src/ackermann_msgs'
[4.066s] Call Stack (most recent call first):
[4.066s]   CMakeLists.txt:28 (rosidl_generate_interfaces)
[4.066s] 
[4.066s] [0m
[4.066s] -- Configuring incomplete, errors occurred!
[4.066s] See also "/home/paolo/purple_whales_ws/build/ackermann_msgs/CMakeFiles/CMakeOutput.log".
[4.082s] Invoked command in '/home/paolo/purple_whales_ws/build/ackermann_msgs' returned '1': CMAKE_PREFIX_PATH=/opt/ros/humble /usr/bin/cmake /home/paolo/purple_whales_ws/src/ackermann_msgs -DCMAKE_INSTALL_PREFIX=/home/paolo/purple_whales_ws/install/ackermann_msgs
