[1.513s] Invoking command in '/home/paolo/purple_whales_ws/firmware/mcu_ws/ros2/common_interfaces/sensor_msgs_py': AMENT_PREFIX_PATH=/home/paolo/purple_whales_ws/firmware/mcu_ws/install:${AMENT_PREFIX_PATH} CMAKE_PREFIX_PATH=/home/paolo/purple_whales_ws/firmware/mcu_ws/install:${CMAKE_PREFIX_PATH} LD_LIBRARY_PATH=/home/paolo/purple_whales_ws/firmware/mcu_ws/install/lib:${LD_LIBRARY_PATH} PATH=/home/paolo/purple_whales_ws/firmware/mcu_ws/install/bin:${PATH} PYTHONPATH=/home/paolo/purple_whales_ws/firmware/mcu_ws/build/sensor_msgs_py/prefix_override:/home/paolo/purple_whales_ws/firmware/mcu_ws/install/lib/python3.10/site-packages:/home/paolo/purple_whales_ws/firmware/mcu_ws/install/lib/python3.10/site-packages:${PYTHONPATH} /home/paolo/purple_whales_ws/firmware/toolchain/espressif/python_env/idf4.1_py3.10_env/bin/python -W ignore:setup.py install is deprecated setup.py egg_info --egg-base ../../../build/sensor_msgs_py build --build-base /home/paolo/purple_whales_ws/firmware/mcu_ws/build/sensor_msgs_py/build install --record /home/paolo/purple_whales_ws/firmware/mcu_ws/build/sensor_msgs_py/install.log --single-version-externally-managed install_data
[1.796s] running egg_info
[1.806s] writing ../../../build/sensor_msgs_py/sensor_msgs_py.egg-info/PKG-INFO
[1.807s] writing dependency_links to ../../../build/sensor_msgs_py/sensor_msgs_py.egg-info/dependency_links.txt
[1.808s] writing requirements to ../../../build/sensor_msgs_py/sensor_msgs_py.egg-info/requires.txt
[1.808s] writing top-level names to ../../../build/sensor_msgs_py/sensor_msgs_py.egg-info/top_level.txt
[1.826s] reading manifest file '../../../build/sensor_msgs_py/sensor_msgs_py.egg-info/SOURCES.txt'
[1.827s] adding license file 'LICENSE'
[1.828s] writing manifest file '../../../build/sensor_msgs_py/sensor_msgs_py.egg-info/SOURCES.txt'
[1.828s] running build
[1.828s] running build_py
[1.829s] copying sensor_msgs_py/numpy_compat.py -> /home/paolo/purple_whales_ws/firmware/mcu_ws/build/sensor_msgs_py/build/lib/sensor_msgs_py
[1.829s] copying sensor_msgs_py/__init__.py -> /home/paolo/purple_whales_ws/firmware/mcu_ws/build/sensor_msgs_py/build/lib/sensor_msgs_py
[1.830s] copying sensor_msgs_py/point_cloud2.py -> /home/paolo/purple_whales_ws/firmware/mcu_ws/build/sensor_msgs_py/build/lib/sensor_msgs_py
[1.831s] running install
[1.838s] running install_lib
[1.847s] running install_data
[1.848s] copying resource/sensor_msgs_py -> /home/paolo/purple_whales_ws/firmware/mcu_ws/install/share/ament_index/resource_index/packages
[1.848s] copying package.xml -> /home/paolo/purple_whales_ws/firmware/mcu_ws/install/share/sensor_msgs_py
[1.848s] running install_egg_info
[1.861s] removing '/home/paolo/purple_whales_ws/firmware/mcu_ws/install/lib/python3.10/site-packages/sensor_msgs_py-4.2.3-py3.10.egg-info' (and everything under it)
[1.862s] Copying ../../../build/sensor_msgs_py/sensor_msgs_py.egg-info to /home/paolo/purple_whales_ws/firmware/mcu_ws/install/lib/python3.10/site-packages/sensor_msgs_py-4.2.3-py3.10.egg-info
[1.864s] running install_scripts
[1.964s] writing list of installed files to '/home/paolo/purple_whales_ws/firmware/mcu_ws/build/sensor_msgs_py/install.log'
[2.070s] Invoked command in '/home/paolo/purple_whales_ws/firmware/mcu_ws/ros2/common_interfaces/sensor_msgs_py' returned '0': AMENT_PREFIX_PATH=/home/paolo/purple_whales_ws/firmware/mcu_ws/install:${AMENT_PREFIX_PATH} CMAKE_PREFIX_PATH=/home/paolo/purple_whales_ws/firmware/mcu_ws/install:${CMAKE_PREFIX_PATH} LD_LIBRARY_PATH=/home/paolo/purple_whales_ws/firmware/mcu_ws/install/lib:${LD_LIBRARY_PATH} PATH=/home/paolo/purple_whales_ws/firmware/mcu_ws/install/bin:${PATH} PYTHONPATH=/home/paolo/purple_whales_ws/firmware/mcu_ws/build/sensor_msgs_py/prefix_override:/home/paolo/purple_whales_ws/firmware/mcu_ws/install/lib/python3.10/site-packages:/home/paolo/purple_whales_ws/firmware/mcu_ws/install/lib/python3.10/site-packages:${PYTHONPATH} /home/paolo/purple_whales_ws/firmware/toolchain/espressif/python_env/idf4.1_py3.10_env/bin/python -W ignore:setup.py install is deprecated setup.py egg_info --egg-base ../../../build/sensor_msgs_py build --build-base /home/paolo/purple_whales_ws/firmware/mcu_ws/build/sensor_msgs_py/build install --record /home/paolo/purple_whales_ws/firmware/mcu_ws/build/sensor_msgs_py/install.log --single-version-externally-managed install_data
