[1.483s] Invoking command in '/home/paolo/purple_whales_ws/firmware/mcu_ws/uros/tracetools/tracetools_read': PYTHONPATH=/home/paolo/purple_whales_ws/firmware/mcu_ws/build/tracetools_read/prefix_override:/home/paolo/purple_whales_ws/firmware/mcu_ws/install/lib/python3.10/site-packages:${PYTHONPATH} /home/paolo/purple_whales_ws/firmware/toolchain/espressif/python_env/idf4.1_py3.10_env/bin/python -W ignore:setup.py install is deprecated setup.py egg_info --egg-base ../../../build/tracetools_read build --build-base /home/paolo/purple_whales_ws/firmware/mcu_ws/build/tracetools_read/build install --record /home/paolo/purple_whales_ws/firmware/mcu_ws/build/tracetools_read/install.log --single-version-externally-managed install_data
[1.691s] running egg_info
[1.697s] writing ../../../build/tracetools_read/tracetools_read.egg-info/PKG-INFO
[1.698s] writing dependency_links to ../../../build/tracetools_read/tracetools_read.egg-info/dependency_links.txt
[1.699s] writing requirements to ../../../build/tracetools_read/tracetools_read.egg-info/requires.txt
[1.699s] writing top-level names to ../../../build/tracetools_read/tracetools_read.egg-info/top_level.txt
[1.712s] reading manifest file '../../../build/tracetools_read/tracetools_read.egg-info/SOURCES.txt'
[1.713s] writing manifest file '../../../build/tracetools_read/tracetools_read.egg-info/SOURCES.txt'
[1.713s] running build
[1.713s] running build_py
[1.713s] copying tracetools_read/__init__.py -> /home/paolo/purple_whales_ws/firmware/mcu_ws/build/tracetools_read/build/lib/tracetools_read
[1.714s] copying tracetools_read/trace.py -> /home/paolo/purple_whales_ws/firmware/mcu_ws/build/tracetools_read/build/lib/tracetools_read
[1.714s] running install
[1.722s] running install_lib
[1.727s] running install_data
[1.727s] copying package.xml -> /home/paolo/purple_whales_ws/firmware/mcu_ws/install/share/tracetools_read
[1.727s] copying resource/tracetools_read -> /home/paolo/purple_whales_ws/firmware/mcu_ws/install/share/ament_index/resource_index/packages
[1.727s] running install_egg_info
[1.738s] removing '/home/paolo/purple_whales_ws/firmware/mcu_ws/install/lib/python3.10/site-packages/tracetools_read-4.1.1-py3.10.egg-info' (and everything under it)
[1.739s] Copying ../../../build/tracetools_read/tracetools_read.egg-info to /home/paolo/purple_whales_ws/firmware/mcu_ws/install/lib/python3.10/site-packages/tracetools_read-4.1.1-py3.10.egg-info
[1.739s] running install_scripts
[1.794s] writing list of installed files to '/home/paolo/purple_whales_ws/firmware/mcu_ws/build/tracetools_read/install.log'
[1.841s] Invoked command in '/home/paolo/purple_whales_ws/firmware/mcu_ws/uros/tracetools/tracetools_read' returned '0': PYTHONPATH=/home/paolo/purple_whales_ws/firmware/mcu_ws/build/tracetools_read/prefix_override:/home/paolo/purple_whales_ws/firmware/mcu_ws/install/lib/python3.10/site-packages:${PYTHONPATH} /home/paolo/purple_whales_ws/firmware/toolchain/espressif/python_env/idf4.1_py3.10_env/bin/python -W ignore:setup.py install is deprecated setup.py egg_info --egg-base ../../../build/tracetools_read build --build-base /home/paolo/purple_whales_ws/firmware/mcu_ws/build/tracetools_read/build install --record /home/paolo/purple_whales_ws/firmware/mcu_ws/build/tracetools_read/install.log --single-version-externally-managed install_data
