gmake[4]: Entering directory '/home/paolo/purple_whales_ws/firmware/mcu_ws/build/std_srvs'
/usr/bin/cmake -S/home/paolo/purple_whales_ws/firmware/mcu_ws/ros2/common_interfaces/std_srvs -B/home/paolo/purple_whales_ws/firmware/mcu_ws/build/std_srvs --check-build-system CMakeFiles/Makefile.cmake 0
Re-run cmake file: Makefile older than: /home/paolo/purple_whales_ws/firmware/freertos_apps/microros_esp32_extensions/esp32_toolchain.cmake
-- Found ament_cmake: 1.3.8 (/home/paolo/purple_whales_ws/firmware/dev_ws/install/ament_cmake/share/ament_cmake/cmake)
-- Found rosidl_default_generators: 1.2.0 (/home/paolo/purple_whales_ws/firmware/mcu_ws/install/share/rosidl_default_generators/cmake)
-- Using all available rosidl_typesupport_c: rosidl_typesupport_introspection_c;rosidl_typesupport_microxrcedds_c
-- Found rosidl_adapter: 3.1.5 (/home/paolo/purple_whales_ws/firmware/mcu_ws/install/share/rosidl_adapter/cmake)
-- Found ament_cmake_ros: 0.10.0 (/home/paolo/purple_whales_ws/firmware/dev_ws/install/ament_cmake_ros/share/ament_cmake_ros/cmake)
-- Using all available rosidl_typesupport_c: rosidl_typesupport_introspection_c;rosidl_typesupport_microxrcedds_c
-- Configuring done
-- Generating done
-- Build files have been written to: /home/paolo/purple_whales_ws/firmware/mcu_ws/build/std_srvs
/usr/bin/cmake -E cmake_progress_start /home/paolo/purple_whales_ws/firmware/mcu_ws/build/std_srvs/CMakeFiles /home/paolo/purple_whales_ws/firmware/mcu_ws/build/std_srvs//CMakeFiles/progress.marks
/usr/bin/gmake  -f CMakeFiles/Makefile2 all
gmake[5]: Entering directory '/home/paolo/purple_whales_ws/firmware/mcu_ws/build/std_srvs'
/usr/bin/gmake  -f CMakeFiles/std_srvs__rosidl_generator_c.dir/build.make CMakeFiles/std_srvs__rosidl_generator_c.dir/depend
gmake[6]: Entering directory '/home/paolo/purple_whales_ws/firmware/mcu_ws/build/std_srvs'
cd /home/paolo/purple_whales_ws/firmware/mcu_ws/build/std_srvs && /usr/bin/cmake -E cmake_depends "Unix Makefiles" /home/paolo/purple_whales_ws/firmware/mcu_ws/ros2/common_interfaces/std_srvs /home/paolo/purple_whales_ws/firmware/mcu_ws/ros2/common_interfaces/std_srvs /home/paolo/purple_whales_ws/firmware/mcu_ws/build/std_srvs /home/paolo/purple_whales_ws/firmware/mcu_ws/build/std_srvs /home/paolo/purple_whales_ws/firmware/mcu_ws/build/std_srvs/CMakeFiles/std_srvs__rosidl_generator_c.dir/DependInfo.cmake --color=
Dependencies file "CMakeFiles/std_srvs__rosidl_generator_c.dir/rosidl_generator_c/std_srvs/srv/detail/empty__functions.c.obj.d" is newer than depends file "/home/paolo/purple_whales_ws/firmware/mcu_ws/build/std_srvs/CMakeFiles/std_srvs__rosidl_generator_c.dir/compiler_depend.internal".
Dependencies file "CMakeFiles/std_srvs__rosidl_generator_c.dir/rosidl_generator_c/std_srvs/srv/detail/set_bool__functions.c.obj.d" is newer than depends file "/home/paolo/purple_whales_ws/firmware/mcu_ws/build/std_srvs/CMakeFiles/std_srvs__rosidl_generator_c.dir/compiler_depend.internal".
Dependencies file "CMakeFiles/std_srvs__rosidl_generator_c.dir/rosidl_generator_c/std_srvs/srv/detail/trigger__functions.c.obj.d" is newer than depends file "/home/paolo/purple_whales_ws/firmware/mcu_ws/build/std_srvs/CMakeFiles/std_srvs__rosidl_generator_c.dir/compiler_depend.internal".
[35m[1mConsolidate compiler generated dependencies of target std_srvs__rosidl_generator_c[0m
gmake[6]: Leaving directory '/home/paolo/purple_whales_ws/firmware/mcu_ws/build/std_srvs'
/usr/bin/gmake  -f CMakeFiles/std_srvs__rosidl_generator_c.dir/build.make CMakeFiles/std_srvs__rosidl_generator_c.dir/build
gmake[6]: Entering directory '/home/paolo/purple_whales_ws/firmware/mcu_ws/build/std_srvs'
gmake[6]: Nothing to be done for 'CMakeFiles/std_srvs__rosidl_generator_c.dir/build'.
gmake[6]: Leaving directory '/home/paolo/purple_whales_ws/firmware/mcu_ws/build/std_srvs'
[ 25%] Built target std_srvs__rosidl_generator_c
/usr/bin/gmake  -f CMakeFiles/std_srvs__rosidl_typesupport_c.dir/build.make CMakeFiles/std_srvs__rosidl_typesupport_c.dir/depend
/usr/bin/gmake  -f CMakeFiles/std_srvs__rosidl_typesupport_introspection_c.dir/build.make CMakeFiles/std_srvs__rosidl_typesupport_introspection_c.dir/depend
/usr/bin/gmake  -f CMakeFiles/std_srvs__rosidl_typesupport_microxrcedds_c.dir/build.make CMakeFiles/std_srvs__rosidl_typesupport_microxrcedds_c.dir/depend
gmake[6]: Entering directory '/home/paolo/purple_whales_ws/firmware/mcu_ws/build/std_srvs'
cd /home/paolo/purple_whales_ws/firmware/mcu_ws/build/std_srvs && /usr/bin/cmake -E cmake_depends "Unix Makefiles" /home/paolo/purple_whales_ws/firmware/mcu_ws/ros2/common_interfaces/std_srvs /home/paolo/purple_whales_ws/firmware/mcu_ws/ros2/common_interfaces/std_srvs /home/paolo/purple_whales_ws/firmware/mcu_ws/build/std_srvs /home/paolo/purple_whales_ws/firmware/mcu_ws/build/std_srvs /home/paolo/purple_whales_ws/firmware/mcu_ws/build/std_srvs/CMakeFiles/std_srvs__rosidl_typesupport_c.dir/DependInfo.cmake --color=
gmake[6]: Entering directory '/home/paolo/purple_whales_ws/firmware/mcu_ws/build/std_srvs'
cd /home/paolo/purple_whales_ws/firmware/mcu_ws/build/std_srvs && /usr/bin/cmake -E cmake_depends "Unix Makefiles" /home/paolo/purple_whales_ws/firmware/mcu_ws/ros2/common_interfaces/std_srvs /home/paolo/purple_whales_ws/firmware/mcu_ws/ros2/common_interfaces/std_srvs /home/paolo/purple_whales_ws/firmware/mcu_ws/build/std_srvs /home/paolo/purple_whales_ws/firmware/mcu_ws/build/std_srvs /home/paolo/purple_whales_ws/firmware/mcu_ws/build/std_srvs/CMakeFiles/std_srvs__rosidl_typesupport_introspection_c.dir/DependInfo.cmake --color=
gmake[6]: Entering directory '/home/paolo/purple_whales_ws/firmware/mcu_ws/build/std_srvs'
cd /home/paolo/purple_whales_ws/firmware/mcu_ws/build/std_srvs && /usr/bin/cmake -E cmake_depends "Unix Makefiles" /home/paolo/purple_whales_ws/firmware/mcu_ws/ros2/common_interfaces/std_srvs /home/paolo/purple_whales_ws/firmware/mcu_ws/ros2/common_interfaces/std_srvs /home/paolo/purple_whales_ws/firmware/mcu_ws/build/std_srvs /home/paolo/purple_whales_ws/firmware/mcu_ws/build/std_srvs /home/paolo/purple_whales_ws/firmware/mcu_ws/build/std_srvs/CMakeFiles/std_srvs__rosidl_typesupport_microxrcedds_c.dir/DependInfo.cmake --color=
Dependencies file "CMakeFiles/std_srvs__rosidl_typesupport_c.dir/rosidl_typesupport_c/std_srvs/srv/empty__type_support.cpp.obj.d" is newer than depends file "/home/paolo/purple_whales_ws/firmware/mcu_ws/build/std_srvs/CMakeFiles/std_srvs__rosidl_typesupport_c.dir/compiler_depend.internal".
Dependencies file "CMakeFiles/std_srvs__rosidl_typesupport_microxrcedds_c.dir/rosidl_typesupport_microxrcedds_c/std_srvs/srv/detail/microxrcedds/empty__type_support_c.c.obj.d" is newer than depends file "/home/paolo/purple_whales_ws/firmware/mcu_ws/build/std_srvs/CMakeFiles/std_srvs__rosidl_typesupport_microxrcedds_c.dir/compiler_depend.internal".
Dependencies file "CMakeFiles/std_srvs__rosidl_typesupport_introspection_c.dir/rosidl_typesupport_introspection_c/std_srvs/srv/detail/empty__type_support.c.obj.d" is newer than depends file "/home/paolo/purple_whales_ws/firmware/mcu_ws/build/std_srvs/CMakeFiles/std_srvs__rosidl_typesupport_introspection_c.dir/compiler_depend.internal".
Dependencies file "CMakeFiles/std_srvs__rosidl_typesupport_c.dir/rosidl_typesupport_c/std_srvs/srv/set_bool__type_support.cpp.obj.d" is newer than depends file "/home/paolo/purple_whales_ws/firmware/mcu_ws/build/std_srvs/CMakeFiles/std_srvs__rosidl_typesupport_c.dir/compiler_depend.internal".
Dependencies file "CMakeFiles/std_srvs__rosidl_typesupport_microxrcedds_c.dir/rosidl_typesupport_microxrcedds_c/std_srvs/srv/detail/microxrcedds/set_bool__type_support_c.c.obj.d" is newer than depends file "/home/paolo/purple_whales_ws/firmware/mcu_ws/build/std_srvs/CMakeFiles/std_srvs__rosidl_typesupport_microxrcedds_c.dir/compiler_depend.internal".
Dependencies file "CMakeFiles/std_srvs__rosidl_typesupport_c.dir/rosidl_typesupport_c/std_srvs/srv/trigger__type_support.cpp.obj.d" is newer than depends file "/home/paolo/purple_whales_ws/firmware/mcu_ws/build/std_srvs/CMakeFiles/std_srvs__rosidl_typesupport_c.dir/compiler_depend.internal".
Dependencies file "CMakeFiles/std_srvs__rosidl_typesupport_microxrcedds_c.dir/rosidl_typesupport_microxrcedds_c/std_srvs/srv/detail/microxrcedds/trigger__type_support_c.c.obj.d" is newer than depends file "/home/paolo/purple_whales_ws/firmware/mcu_ws/build/std_srvs/CMakeFiles/std_srvs__rosidl_typesupport_microxrcedds_c.dir/compiler_depend.internal".
Dependencies file "CMakeFiles/std_srvs__rosidl_typesupport_introspection_c.dir/rosidl_typesupport_introspection_c/std_srvs/srv/detail/set_bool__type_support.c.obj.d" is newer than depends file "/home/paolo/purple_whales_ws/firmware/mcu_ws/build/std_srvs/CMakeFiles/std_srvs__rosidl_typesupport_introspection_c.dir/compiler_depend.internal".
[35m[1mConsolidate compiler generated dependencies of target std_srvs__rosidl_typesupport_c[0m
[35m[1mConsolidate compiler generated dependencies of target std_srvs__rosidl_typesupport_microxrcedds_c[0m
Dependencies file "CMakeFiles/std_srvs__rosidl_typesupport_introspection_c.dir/rosidl_typesupport_introspection_c/std_srvs/srv/detail/trigger__type_support.c.obj.d" is newer than depends file "/home/paolo/purple_whales_ws/firmware/mcu_ws/build/std_srvs/CMakeFiles/std_srvs__rosidl_typesupport_introspection_c.dir/compiler_depend.internal".
[35m[1mConsolidate compiler generated dependencies of target std_srvs__rosidl_typesupport_introspection_c[0m
gmake[6]: Leaving directory '/home/paolo/purple_whales_ws/firmware/mcu_ws/build/std_srvs'
gmake[6]: Leaving directory '/home/paolo/purple_whales_ws/firmware/mcu_ws/build/std_srvs'
gmake[6]: Leaving directory '/home/paolo/purple_whales_ws/firmware/mcu_ws/build/std_srvs'
/usr/bin/gmake  -f CMakeFiles/std_srvs__rosidl_typesupport_c.dir/build.make CMakeFiles/std_srvs__rosidl_typesupport_c.dir/build
/usr/bin/gmake  -f CMakeFiles/std_srvs__rosidl_typesupport_introspection_c.dir/build.make CMakeFiles/std_srvs__rosidl_typesupport_introspection_c.dir/build
/usr/bin/gmake  -f CMakeFiles/std_srvs__rosidl_typesupport_microxrcedds_c.dir/build.make CMakeFiles/std_srvs__rosidl_typesupport_microxrcedds_c.dir/build
gmake[6]: Entering directory '/home/paolo/purple_whales_ws/firmware/mcu_ws/build/std_srvs'
gmake[6]: Nothing to be done for 'CMakeFiles/std_srvs__rosidl_typesupport_c.dir/build'.
gmake[6]: Leaving directory '/home/paolo/purple_whales_ws/firmware/mcu_ws/build/std_srvs'
gmake[6]: Entering directory '/home/paolo/purple_whales_ws/firmware/mcu_ws/build/std_srvs'
gmake[6]: Nothing to be done for 'CMakeFiles/std_srvs__rosidl_typesupport_introspection_c.dir/build'.
gmake[6]: Leaving directory '/home/paolo/purple_whales_ws/firmware/mcu_ws/build/std_srvs'
gmake[6]: Entering directory '/home/paolo/purple_whales_ws/firmware/mcu_ws/build/std_srvs'
gmake[6]: Nothing to be done for 'CMakeFiles/std_srvs__rosidl_typesupport_microxrcedds_c.dir/build'.
gmake[6]: Leaving directory '/home/paolo/purple_whales_ws/firmware/mcu_ws/build/std_srvs'
[ 75%] Built target std_srvs__rosidl_typesupport_introspection_c
[ 75%] Built target std_srvs__rosidl_typesupport_c
[100%] Built target std_srvs__rosidl_typesupport_microxrcedds_c
/usr/bin/gmake  -f CMakeFiles/std_srvs.dir/build.make CMakeFiles/std_srvs.dir/depend
gmake[6]: Entering directory '/home/paolo/purple_whales_ws/firmware/mcu_ws/build/std_srvs'
cd /home/paolo/purple_whales_ws/firmware/mcu_ws/build/std_srvs && /usr/bin/cmake -E cmake_depends "Unix Makefiles" /home/paolo/purple_whales_ws/firmware/mcu_ws/ros2/common_interfaces/std_srvs /home/paolo/purple_whales_ws/firmware/mcu_ws/ros2/common_interfaces/std_srvs /home/paolo/purple_whales_ws/firmware/mcu_ws/build/std_srvs /home/paolo/purple_whales_ws/firmware/mcu_ws/build/std_srvs /home/paolo/purple_whales_ws/firmware/mcu_ws/build/std_srvs/CMakeFiles/std_srvs.dir/DependInfo.cmake --color=
gmake[6]: Leaving directory '/home/paolo/purple_whales_ws/firmware/mcu_ws/build/std_srvs'
/usr/bin/gmake  -f CMakeFiles/std_srvs.dir/build.make CMakeFiles/std_srvs.dir/build
gmake[6]: Entering directory '/home/paolo/purple_whales_ws/firmware/mcu_ws/build/std_srvs'
gmake[6]: Nothing to be done for 'CMakeFiles/std_srvs.dir/build'.
gmake[6]: Leaving directory '/home/paolo/purple_whales_ws/firmware/mcu_ws/build/std_srvs'
[100%] Built target std_srvs
gmake[5]: Leaving directory '/home/paolo/purple_whales_ws/firmware/mcu_ws/build/std_srvs'
/usr/bin/cmake -E cmake_progress_start /home/paolo/purple_whales_ws/firmware/mcu_ws/build/std_srvs/CMakeFiles 0
gmake[4]: Leaving directory '/home/paolo/purple_whales_ws/firmware/mcu_ws/build/std_srvs'
