[0.222s] Invoking command in '/home/paolo/purple_whales_ws/firmware/mcu_ws/build/std_srvs': AMENT_PREFIX_PATH=/home/paolo/purple_whales_ws/firmware/mcu_ws/install:${AMENT_PREFIX_PATH} CMAKE_PREFIX_PATH=/home/paolo/purple_whales_ws/firmware/mcu_ws/install:/home/paolo/purple_whales_ws/firmware/dev_ws/install/ament_lint_common:/home/paolo/purple_whales_ws/firmware/dev_ws/install/ament_cmake_uncrustify:/home/paolo/purple_whales_ws/firmware/dev_ws/install/uncrustify_vendor:/home/paolo/purple_whales_ws/firmware/dev_ws/install/ament_cmake_ros:/home/paolo/purple_whales_ws/firmware/dev_ws/install/ament_cmake_auto:/home/paolo/purple_whales_ws/firmware/dev_ws/install/ament_cmake_gmock:/home/paolo/purple_whales_ws/firmware/dev_ws/install/gmock_vendor:/home/paolo/purple_whales_ws/firmware/dev_ws/install/ament_cmake_gtest:/home/paolo/purple_whales_ws/firmware/dev_ws/install/gtest_vendor:/home/paolo/purple_whales_ws/firmware/dev_ws/install/ament_cmake_xmllint:/home/paolo/purple_whales_ws/firmware/dev_ws/install/ament_cmake_pyflakes:/home/paolo/purple_whales_ws/firmware/dev_ws/install/ament_cmake_pycodestyle:/home/paolo/purple_whales_ws/firmware/dev_ws/install/ament_cmake_pep257:/home/paolo/purple_whales_ws/firmware/dev_ws/install/ament_cmake_pclint:/home/paolo/purple_whales_ws/firmware/dev_ws/install/ament_lint_auto:/home/paolo/purple_whales_ws/firmware/dev_ws/install/ament_cmake:/home/paolo/purple_whales_ws/firmware/dev_ws/install/ament_cmake_version:/home/paolo/purple_whales_ws/firmware/dev_ws/install/ament_cmake_vendor_package:/home/paolo/purple_whales_ws/firmware/dev_ws/install/ament_cmake_pytest:/home/paolo/purple_whales_ws/firmware/dev_ws/install/ament_cmake_nose:/home/paolo/purple_whales_ws/firmware/dev_ws/install/ament_cmake_mypy:/home/paolo/purple_whales_ws/firmware/dev_ws/install/ament_cmake_lint_cmake:/home/paolo/purple_whales_ws/firmware/dev_ws/install/ament_cmake_google_benchmark:/home/paolo/purple_whales_ws/firmware/dev_ws/install/ament_cmake_flake8:/home/paolo/purple_whales_ws/firmware/dev_ws/install/ament_cmake_cpplint:/home/paolo/purple_whales_ws/firmware/dev_ws/install/ament_cmake_cppcheck:/home/paolo/purple_whales_ws/firmware/dev_ws/install/ament_cmake_copyright:/home/paolo/purple_whales_ws/firmware/dev_ws/install/ament_cmake_clang_tidy:/home/paolo/purple_whales_ws/firmware/dev_ws/install/ament_cmake_clang_format:/home/paolo/purple_whales_ws/firmware/dev_ws/install/ament_cmake_test:/home/paolo/purple_whales_ws/firmware/dev_ws/install/ament_cmake_target_dependencies:/home/paolo/purple_whales_ws/firmware/dev_ws/install/ament_cmake_python:/home/paolo/purple_whales_ws/firmware/dev_ws/install/ament_cmake_export_dependencies:/home/paolo/purple_whales_ws/firmware/dev_ws/install/ament_cmake_libraries:/home/paolo/purple_whales_ws/firmware/dev_ws/install/ament_cmake_include_directories:/home/paolo/purple_whales_ws/firmware/dev_ws/install/ament_cmake_gen_version_h:/home/paolo/purple_whales_ws/firmware/dev_ws/install/ament_cmake_export_targets:/home/paolo/purple_whales_ws/firmware/dev_ws/install/ament_cmake_export_link_flags:/home/paolo/purple_whales_ws/firmware/dev_ws/install/ament_cmake_export_interfaces:/home/paolo/purple_whales_ws/firmware/dev_ws/install/ament_cmake_export_libraries:/home/paolo/purple_whales_ws/firmware/dev_ws/install/ament_cmake_export_include_directories:/home/paolo/purple_whales_ws/firmware/dev_ws/install/ament_cmake_export_definitions:/home/paolo/purple_whales_ws/firmware/dev_ws/install/ament_cmake_core:/home/paolo/purple_whales_ws/firmware/dev_ws/install/ament_index_cpp:/home/paolo/purple_whales_ws/firmware/dev_ws/install/ament_uncrustify:/home/paolo/purple_whales_ws/firmware/dev_ws/install/domain_coordinator:/home/paolo/purple_whales_ws/firmware/dev_ws/install/ament_xmllint:/home/paolo/purple_whales_ws/firmware/dev_ws/install/ament_pyflakes:/home/paolo/purple_whales_ws/firmware/dev_ws/install/ament_pycodestyle:/home/paolo/purple_whales_ws/firmware/dev_ws/install/ament_pep257:/home/paolo/purple_whales_ws/firmware/dev_ws/install/ament_pclint:/home/paolo/purple_whales_ws/firmware/dev_ws/install/ament_package:/home/paolo/purple_whales_ws/firmware/dev_ws/install/ament_mypy:/home/paolo/purple_whales_ws/firmware/dev_ws/install/ament_lint_cmake:/home/paolo/purple_whales_ws/firmware/dev_ws/install/ament_flake8:/home/paolo/purple_whales_ws/firmware/dev_ws/install/ament_copyright:/home/paolo/purple_whales_ws/firmware/dev_ws/install/ament_lint:/home/paolo/purple_whales_ws/firmware/dev_ws/install/ament_index_python:/home/paolo/purple_whales_ws/firmware/dev_ws/install/ament_cpplint:/home/paolo/purple_whales_ws/firmware/dev_ws/install/ament_cppcheck:/home/paolo/purple_whales_ws/firmware/dev_ws/install/ament_clang_tidy:/home/paolo/purple_whales_ws/firmware/dev_ws/install/ament_clang_format LD_LIBRARY_PATH=/home/paolo/purple_whales_ws/firmware/mcu_ws/install/lib:${LD_LIBRARY_PATH} PATH=/home/paolo/purple_whales_ws/firmware/mcu_ws/install/bin:${PATH} PYTHONPATH=/home/paolo/purple_whales_ws/firmware/mcu_ws/install/lib/python3.10/site-packages:${PYTHONPATH} /usr/bin/cmake --build /home/paolo/purple_whales_ws/firmware/mcu_ws/build/std_srvs -- -j20 -l20
[0.240s] gmake[4]: Entering directory '/home/paolo/purple_whales_ws/firmware/mcu_ws/build/std_srvs'
[0.240s] /usr/bin/cmake -S/home/paolo/purple_whales_ws/firmware/mcu_ws/ros2/common_interfaces/std_srvs -B/home/paolo/purple_whales_ws/firmware/mcu_ws/build/std_srvs --check-build-system CMakeFiles/Makefile.cmake 0
[0.258s] Re-run cmake file: Makefile older than: /home/paolo/purple_whales_ws/firmware/freertos_apps/microros_esp32_extensions/esp32_toolchain.cmake
[0.266s] -- Found ament_cmake: 1.3.8 (/home/paolo/purple_whales_ws/firmware/dev_ws/install/ament_cmake/share/ament_cmake/cmake)
[0.510s] -- Found rosidl_default_generators: 1.2.0 (/home/paolo/purple_whales_ws/firmware/mcu_ws/install/share/rosidl_default_generators/cmake)
[0.520s] -- Using all available rosidl_typesupport_c: rosidl_typesupport_introspection_c;rosidl_typesupport_microxrcedds_c
[0.523s] -- Found rosidl_adapter: 3.1.5 (/home/paolo/purple_whales_ws/firmware/mcu_ws/install/share/rosidl_adapter/cmake)
[0.545s] [33mCMake Warning at /home/paolo/purple_whales_ws/firmware/mcu_ws/install/share/rcutils/cmake/ament_cmake_export_libraries-extras.cmake:116 (message):
[0.545s]   Package 'rcutils' exports library 'dl' which couldn't be found
[0.545s] Call Stack (most recent call first):
[0.545s]   /home/paolo/purple_whales_ws/firmware/mcu_ws/install/share/rcutils/cmake/rcutilsConfig.cmake:41 (include)
[0.545s]   /home/paolo/purple_whales_ws/firmware/mcu_ws/install/share/rosidl_runtime_c/cmake/ament_cmake_export_dependencies-extras.cmake:21 (find_package)
[0.545s]   /home/paolo/purple_whales_ws/firmware/mcu_ws/install/share/rosidl_runtime_c/cmake/rosidl_runtime_cConfig.cmake:41 (include)
[0.545s]   /home/paolo/purple_whales_ws/firmware/mcu_ws/install/share/rosidl_typesupport_introspection_c/cmake/ament_cmake_export_dependencies-extras.cmake:21 (find_package)
[0.545s]   /home/paolo/purple_whales_ws/firmware/mcu_ws/install/share/rosidl_typesupport_introspection_c/cmake/rosidl_typesupport_introspection_cConfig.cmake:41 (include)
[0.545s]   /home/paolo/purple_whales_ws/firmware/mcu_ws/install/share/rosidl_typesupport_c/cmake/rosidl_typesupport_c-extras.cmake:13 (find_package)
[0.545s]   /home/paolo/purple_whales_ws/firmware/mcu_ws/install/share/rosidl_typesupport_c/cmake/rosidl_typesupport_cConfig.cmake:41 (include)
[0.545s]   /home/paolo/purple_whales_ws/firmware/mcu_ws/install/share/rosidl_default_generators/cmake/rosidl_default_generators-extras.cmake:21 (find_package)
[0.545s]   /home/paolo/purple_whales_ws/firmware/mcu_ws/install/share/rosidl_default_generators/cmake/rosidl_default_generatorsConfig.cmake:41 (include)
[0.545s]   CMakeLists.txt:14 (find_package)
[0.545s] 
[0.545s] [0m
[1.210s] -- Found ament_cmake_ros: 0.10.0 (/home/paolo/purple_whales_ws/firmware/dev_ws/install/ament_cmake_ros/share/ament_cmake_ros/cmake)
[1.411s] -- Using all available rosidl_typesupport_c: rosidl_typesupport_introspection_c;rosidl_typesupport_microxrcedds_c
[1.419s] -- Configuring done
[1.442s] -- Generating done
[1.446s] -- Build files have been written to: /home/paolo/purple_whales_ws/firmware/mcu_ws/build/std_srvs
[1.466s] /usr/bin/cmake -E cmake_progress_start /home/paolo/purple_whales_ws/firmware/mcu_ws/build/std_srvs/CMakeFiles /home/paolo/purple_whales_ws/firmware/mcu_ws/build/std_srvs//CMakeFiles/progress.marks
[1.477s] /usr/bin/gmake  -f CMakeFiles/Makefile2 all
[1.479s] gmake[5]: Entering directory '/home/paolo/purple_whales_ws/firmware/mcu_ws/build/std_srvs'
[1.480s] /usr/bin/gmake  -f CMakeFiles/std_srvs__rosidl_generator_c.dir/build.make CMakeFiles/std_srvs__rosidl_generator_c.dir/depend
[1.481s] gmake[6]: Entering directory '/home/paolo/purple_whales_ws/firmware/mcu_ws/build/std_srvs'
[1.481s] cd /home/paolo/purple_whales_ws/firmware/mcu_ws/build/std_srvs && /usr/bin/cmake -E cmake_depends "Unix Makefiles" /home/paolo/purple_whales_ws/firmware/mcu_ws/ros2/common_interfaces/std_srvs /home/paolo/purple_whales_ws/firmware/mcu_ws/ros2/common_interfaces/std_srvs /home/paolo/purple_whales_ws/firmware/mcu_ws/build/std_srvs /home/paolo/purple_whales_ws/firmware/mcu_ws/build/std_srvs /home/paolo/purple_whales_ws/firmware/mcu_ws/build/std_srvs/CMakeFiles/std_srvs__rosidl_generator_c.dir/DependInfo.cmake --color=
[1.494s] Dependencies file "CMakeFiles/std_srvs__rosidl_generator_c.dir/rosidl_generator_c/std_srvs/srv/detail/empty__functions.c.obj.d" is newer than depends file "/home/paolo/purple_whales_ws/firmware/mcu_ws/build/std_srvs/CMakeFiles/std_srvs__rosidl_generator_c.dir/compiler_depend.internal".
[1.494s] Dependencies file "CMakeFiles/std_srvs__rosidl_generator_c.dir/rosidl_generator_c/std_srvs/srv/detail/set_bool__functions.c.obj.d" is newer than depends file "/home/paolo/purple_whales_ws/firmware/mcu_ws/build/std_srvs/CMakeFiles/std_srvs__rosidl_generator_c.dir/compiler_depend.internal".
[1.494s] Dependencies file "CMakeFiles/std_srvs__rosidl_generator_c.dir/rosidl_generator_c/std_srvs/srv/detail/trigger__functions.c.obj.d" is newer than depends file "/home/paolo/purple_whales_ws/firmware/mcu_ws/build/std_srvs/CMakeFiles/std_srvs__rosidl_generator_c.dir/compiler_depend.internal".
[1.494s] [35m[1mConsolidate compiler generated dependencies of target std_srvs__rosidl_generator_c[0m
[1.498s] gmake[6]: Leaving directory '/home/paolo/purple_whales_ws/firmware/mcu_ws/build/std_srvs'
[1.498s] /usr/bin/gmake  -f CMakeFiles/std_srvs__rosidl_generator_c.dir/build.make CMakeFiles/std_srvs__rosidl_generator_c.dir/build
[1.500s] gmake[6]: Entering directory '/home/paolo/purple_whales_ws/firmware/mcu_ws/build/std_srvs'
[1.500s] gmake[6]: Nothing to be done for 'CMakeFiles/std_srvs__rosidl_generator_c.dir/build'.
[1.500s] gmake[6]: Leaving directory '/home/paolo/purple_whales_ws/firmware/mcu_ws/build/std_srvs'
[1.515s] [ 25%] Built target std_srvs__rosidl_generator_c
[1.517s] /usr/bin/gmake  -f CMakeFiles/std_srvs__rosidl_typesupport_c.dir/build.make CMakeFiles/std_srvs__rosidl_typesupport_c.dir/depend
[1.517s] /usr/bin/gmake  -f CMakeFiles/std_srvs__rosidl_typesupport_introspection_c.dir/build.make CMakeFiles/std_srvs__rosidl_typesupport_introspection_c.dir/depend
[1.517s] /usr/bin/gmake  -f CMakeFiles/std_srvs__rosidl_typesupport_microxrcedds_c.dir/build.make CMakeFiles/std_srvs__rosidl_typesupport_microxrcedds_c.dir/depend
[1.518s] gmake[6]: Entering directory '/home/paolo/purple_whales_ws/firmware/mcu_ws/build/std_srvs'
[1.518s] cd /home/paolo/purple_whales_ws/firmware/mcu_ws/build/std_srvs && /usr/bin/cmake -E cmake_depends "Unix Makefiles" /home/paolo/purple_whales_ws/firmware/mcu_ws/ros2/common_interfaces/std_srvs /home/paolo/purple_whales_ws/firmware/mcu_ws/ros2/common_interfaces/std_srvs /home/paolo/purple_whales_ws/firmware/mcu_ws/build/std_srvs /home/paolo/purple_whales_ws/firmware/mcu_ws/build/std_srvs /home/paolo/purple_whales_ws/firmware/mcu_ws/build/std_srvs/CMakeFiles/std_srvs__rosidl_typesupport_c.dir/DependInfo.cmake --color=
[1.520s] gmake[6]: Entering directory '/home/paolo/purple_whales_ws/firmware/mcu_ws/build/std_srvs'
[1.520s] cd /home/paolo/purple_whales_ws/firmware/mcu_ws/build/std_srvs && /usr/bin/cmake -E cmake_depends "Unix Makefiles" /home/paolo/purple_whales_ws/firmware/mcu_ws/ros2/common_interfaces/std_srvs /home/paolo/purple_whales_ws/firmware/mcu_ws/ros2/common_interfaces/std_srvs /home/paolo/purple_whales_ws/firmware/mcu_ws/build/std_srvs /home/paolo/purple_whales_ws/firmware/mcu_ws/build/std_srvs /home/paolo/purple_whales_ws/firmware/mcu_ws/build/std_srvs/CMakeFiles/std_srvs__rosidl_typesupport_introspection_c.dir/DependInfo.cmake --color=
[1.520s] gmake[6]: Entering directory '/home/paolo/purple_whales_ws/firmware/mcu_ws/build/std_srvs'
[1.521s] cd /home/paolo/purple_whales_ws/firmware/mcu_ws/build/std_srvs && /usr/bin/cmake -E cmake_depends "Unix Makefiles" /home/paolo/purple_whales_ws/firmware/mcu_ws/ros2/common_interfaces/std_srvs /home/paolo/purple_whales_ws/firmware/mcu_ws/ros2/common_interfaces/std_srvs /home/paolo/purple_whales_ws/firmware/mcu_ws/build/std_srvs /home/paolo/purple_whales_ws/firmware/mcu_ws/build/std_srvs /home/paolo/purple_whales_ws/firmware/mcu_ws/build/std_srvs/CMakeFiles/std_srvs__rosidl_typesupport_microxrcedds_c.dir/DependInfo.cmake --color=
[1.532s] Dependencies file "CMakeFiles/std_srvs__rosidl_typesupport_c.dir/rosidl_typesupport_c/std_srvs/srv/empty__type_support.cpp.obj.d" is newer than depends file "/home/paolo/purple_whales_ws/firmware/mcu_ws/build/std_srvs/CMakeFiles/std_srvs__rosidl_typesupport_c.dir/compiler_depend.internal".
[1.533s] Dependencies file "CMakeFiles/std_srvs__rosidl_typesupport_microxrcedds_c.dir/rosidl_typesupport_microxrcedds_c/std_srvs/srv/detail/microxrcedds/empty__type_support_c.c.obj.d" is newer than depends file "/home/paolo/purple_whales_ws/firmware/mcu_ws/build/std_srvs/CMakeFiles/std_srvs__rosidl_typesupport_microxrcedds_c.dir/compiler_depend.internal".
[1.533s] Dependencies file "CMakeFiles/std_srvs__rosidl_typesupport_introspection_c.dir/rosidl_typesupport_introspection_c/std_srvs/srv/detail/empty__type_support.c.obj.d" is newer than depends file "/home/paolo/purple_whales_ws/firmware/mcu_ws/build/std_srvs/CMakeFiles/std_srvs__rosidl_typesupport_introspection_c.dir/compiler_depend.internal".
[1.533s] Dependencies file "CMakeFiles/std_srvs__rosidl_typesupport_c.dir/rosidl_typesupport_c/std_srvs/srv/set_bool__type_support.cpp.obj.d" is newer than depends file "/home/paolo/purple_whales_ws/firmware/mcu_ws/build/std_srvs/CMakeFiles/std_srvs__rosidl_typesupport_c.dir/compiler_depend.internal".
[1.533s] Dependencies file "CMakeFiles/std_srvs__rosidl_typesupport_microxrcedds_c.dir/rosidl_typesupport_microxrcedds_c/std_srvs/srv/detail/microxrcedds/set_bool__type_support_c.c.obj.d" is newer than depends file "/home/paolo/purple_whales_ws/firmware/mcu_ws/build/std_srvs/CMakeFiles/std_srvs__rosidl_typesupport_microxrcedds_c.dir/compiler_depend.internal".
[1.533s] Dependencies file "CMakeFiles/std_srvs__rosidl_typesupport_c.dir/rosidl_typesupport_c/std_srvs/srv/trigger__type_support.cpp.obj.d" is newer than depends file "/home/paolo/purple_whales_ws/firmware/mcu_ws/build/std_srvs/CMakeFiles/std_srvs__rosidl_typesupport_c.dir/compiler_depend.internal".
[1.533s] Dependencies file "CMakeFiles/std_srvs__rosidl_typesupport_microxrcedds_c.dir/rosidl_typesupport_microxrcedds_c/std_srvs/srv/detail/microxrcedds/trigger__type_support_c.c.obj.d" is newer than depends file "/home/paolo/purple_whales_ws/firmware/mcu_ws/build/std_srvs/CMakeFiles/std_srvs__rosidl_typesupport_microxrcedds_c.dir/compiler_depend.internal".
[1.533s] Dependencies file "CMakeFiles/std_srvs__rosidl_typesupport_introspection_c.dir/rosidl_typesupport_introspection_c/std_srvs/srv/detail/set_bool__type_support.c.obj.d" is newer than depends file "/home/paolo/purple_whales_ws/firmware/mcu_ws/build/std_srvs/CMakeFiles/std_srvs__rosidl_typesupport_introspection_c.dir/compiler_depend.internal".
[1.533s] [35m[1mConsolidate compiler generated dependencies of target std_srvs__rosidl_typesupport_c[0m
[1.533s] [35m[1mConsolidate compiler generated dependencies of target std_srvs__rosidl_typesupport_microxrcedds_c[0m
[1.534s] Dependencies file "CMakeFiles/std_srvs__rosidl_typesupport_introspection_c.dir/rosidl_typesupport_introspection_c/std_srvs/srv/detail/trigger__type_support.c.obj.d" is newer than depends file "/home/paolo/purple_whales_ws/firmware/mcu_ws/build/std_srvs/CMakeFiles/std_srvs__rosidl_typesupport_introspection_c.dir/compiler_depend.internal".
[1.534s] [35m[1mConsolidate compiler generated dependencies of target std_srvs__rosidl_typesupport_introspection_c[0m
[1.535s] gmake[6]: Leaving directory '/home/paolo/purple_whales_ws/firmware/mcu_ws/build/std_srvs'
[1.536s] gmake[6]: Leaving directory '/home/paolo/purple_whales_ws/firmware/mcu_ws/build/std_srvs'
[1.536s] gmake[6]: Leaving directory '/home/paolo/purple_whales_ws/firmware/mcu_ws/build/std_srvs'
[1.537s] /usr/bin/gmake  -f CMakeFiles/std_srvs__rosidl_typesupport_c.dir/build.make CMakeFiles/std_srvs__rosidl_typesupport_c.dir/build
[1.538s] /usr/bin/gmake  -f CMakeFiles/std_srvs__rosidl_typesupport_introspection_c.dir/build.make CMakeFiles/std_srvs__rosidl_typesupport_introspection_c.dir/build
[1.538s] /usr/bin/gmake  -f CMakeFiles/std_srvs__rosidl_typesupport_microxrcedds_c.dir/build.make CMakeFiles/std_srvs__rosidl_typesupport_microxrcedds_c.dir/build
[1.539s] gmake[6]: Entering directory '/home/paolo/purple_whales_ws/firmware/mcu_ws/build/std_srvs'
[1.539s] gmake[6]: Nothing to be done for 'CMakeFiles/std_srvs__rosidl_typesupport_c.dir/build'.
[1.539s] gmake[6]: Leaving directory '/home/paolo/purple_whales_ws/firmware/mcu_ws/build/std_srvs'
[1.539s] gmake[6]: Entering directory '/home/paolo/purple_whales_ws/firmware/mcu_ws/build/std_srvs'
[1.539s] gmake[6]: Nothing to be done for 'CMakeFiles/std_srvs__rosidl_typesupport_introspection_c.dir/build'.
[1.539s] gmake[6]: Leaving directory '/home/paolo/purple_whales_ws/firmware/mcu_ws/build/std_srvs'
[1.541s] gmake[6]: Entering directory '/home/paolo/purple_whales_ws/firmware/mcu_ws/build/std_srvs'
[1.542s] gmake[6]: Nothing to be done for 'CMakeFiles/std_srvs__rosidl_typesupport_microxrcedds_c.dir/build'.
[1.544s] gmake[6]: Leaving directory '/home/paolo/purple_whales_ws/firmware/mcu_ws/build/std_srvs'
[1.552s] [ 75%] Built target std_srvs__rosidl_typesupport_introspection_c
[1.552s] [ 75%] Built target std_srvs__rosidl_typesupport_c
[1.552s] [100%] Built target std_srvs__rosidl_typesupport_microxrcedds_c
[1.554s] /usr/bin/gmake  -f CMakeFiles/std_srvs.dir/build.make CMakeFiles/std_srvs.dir/depend
[1.557s] gmake[6]: Entering directory '/home/paolo/purple_whales_ws/firmware/mcu_ws/build/std_srvs'
[1.557s] cd /home/paolo/purple_whales_ws/firmware/mcu_ws/build/std_srvs && /usr/bin/cmake -E cmake_depends "Unix Makefiles" /home/paolo/purple_whales_ws/firmware/mcu_ws/ros2/common_interfaces/std_srvs /home/paolo/purple_whales_ws/firmware/mcu_ws/ros2/common_interfaces/std_srvs /home/paolo/purple_whales_ws/firmware/mcu_ws/build/std_srvs /home/paolo/purple_whales_ws/firmware/mcu_ws/build/std_srvs /home/paolo/purple_whales_ws/firmware/mcu_ws/build/std_srvs/CMakeFiles/std_srvs.dir/DependInfo.cmake --color=
[1.570s] gmake[6]: Leaving directory '/home/paolo/purple_whales_ws/firmware/mcu_ws/build/std_srvs'
[1.570s] /usr/bin/gmake  -f CMakeFiles/std_srvs.dir/build.make CMakeFiles/std_srvs.dir/build
[1.571s] gmake[6]: Entering directory '/home/paolo/purple_whales_ws/firmware/mcu_ws/build/std_srvs'
[1.571s] gmake[6]: Nothing to be done for 'CMakeFiles/std_srvs.dir/build'.
[1.571s] gmake[6]: Leaving directory '/home/paolo/purple_whales_ws/firmware/mcu_ws/build/std_srvs'
[1.581s] [100%] Built target std_srvs
[1.586s] gmake[5]: Leaving directory '/home/paolo/purple_whales_ws/firmware/mcu_ws/build/std_srvs'
[1.587s] /usr/bin/cmake -E cmake_progress_start /home/paolo/purple_whales_ws/firmware/mcu_ws/build/std_srvs/CMakeFiles 0
[1.596s] gmake[4]: Leaving directory '/home/paolo/purple_whales_ws/firmware/mcu_ws/build/std_srvs'
