[1.507s] Invoking command in '/home/paolo/purple_whales_ws/firmware/mcu_ws/ros2/common_interfaces/sensor_msgs_py': AMENT_PREFIX_PATH=/home/paolo/purple_whales_ws/firmware/mcu_ws/install:${AMENT_PREFIX_PATH} CMAKE_PREFIX_PATH=/home/paolo/purple_whales_ws/firmware/mcu_ws/install:${CMAKE_PREFIX_PATH} LD_LIBRARY_PATH=/home/paolo/purple_whales_ws/firmware/mcu_ws/install/lib:${LD_LIBRARY_PATH} PATH=/home/paolo/purple_whales_ws/firmware/mcu_ws/install/bin:${PATH} PYTHONPATH=/home/paolo/purple_whales_ws/firmware/mcu_ws/build/sensor_msgs_py/prefix_override:/home/paolo/purple_whales_ws/firmware/mcu_ws/install/lib/python3.10/site-packages:/home/paolo/purple_whales_ws/firmware/mcu_ws/install/lib/python3.10/site-packages:${PYTHONPATH} /home/paolo/purple_whales_ws/firmware/toolchain/espressif/python_env/idf4.1_py3.10_env/bin/python -W ignore:setup.py install is deprecated setup.py egg_info --egg-base ../../../build/sensor_msgs_py build --build-base /home/paolo/purple_whales_ws/firmware/mcu_ws/build/sensor_msgs_py/build install --record /home/paolo/purple_whales_ws/firmware/mcu_ws/build/sensor_msgs_py/install.log --single-version-externally-managed install_data
[1.782s] running egg_info
[1.783s] creating ../../../build/sensor_msgs_py/sensor_msgs_py.egg-info
[1.792s] writing ../../../build/sensor_msgs_py/sensor_msgs_py.egg-info/PKG-INFO
[1.793s] writing dependency_links to ../../../build/sensor_msgs_py/sensor_msgs_py.egg-info/dependency_links.txt
[1.794s] writing requirements to ../../../build/sensor_msgs_py/sensor_msgs_py.egg-info/requires.txt
[1.794s] writing top-level names to ../../../build/sensor_msgs_py/sensor_msgs_py.egg-info/top_level.txt
[1.794s] writing manifest file '../../../build/sensor_msgs_py/sensor_msgs_py.egg-info/SOURCES.txt'
[1.812s] reading manifest file '../../../build/sensor_msgs_py/sensor_msgs_py.egg-info/SOURCES.txt'
[1.812s] adding license file 'LICENSE'
[1.814s] writing manifest file '../../../build/sensor_msgs_py/sensor_msgs_py.egg-info/SOURCES.txt'
[1.814s] running build
[1.815s] running build_py
[1.816s] creating /home/paolo/purple_whales_ws/firmware/mcu_ws/build/sensor_msgs_py/build
[1.816s] creating /home/paolo/purple_whales_ws/firmware/mcu_ws/build/sensor_msgs_py/build/lib
[1.817s] creating /home/paolo/purple_whales_ws/firmware/mcu_ws/build/sensor_msgs_py/build/lib/sensor_msgs_py
[1.817s] copying sensor_msgs_py/numpy_compat.py -> /home/paolo/purple_whales_ws/firmware/mcu_ws/build/sensor_msgs_py/build/lib/sensor_msgs_py
[1.817s] copying sensor_msgs_py/__init__.py -> /home/paolo/purple_whales_ws/firmware/mcu_ws/build/sensor_msgs_py/build/lib/sensor_msgs_py
[1.817s] copying sensor_msgs_py/point_cloud2.py -> /home/paolo/purple_whales_ws/firmware/mcu_ws/build/sensor_msgs_py/build/lib/sensor_msgs_py
[1.818s] running install
[1.827s] running install_lib
[1.833s] creating /home/paolo/purple_whales_ws/firmware/mcu_ws/install/lib/python3.10/site-packages/sensor_msgs_py
[1.834s] copying /home/paolo/purple_whales_ws/firmware/mcu_ws/build/sensor_msgs_py/build/lib/sensor_msgs_py/numpy_compat.py -> /home/paolo/purple_whales_ws/firmware/mcu_ws/install/lib/python3.10/site-packages/sensor_msgs_py
[1.834s] copying /home/paolo/purple_whales_ws/firmware/mcu_ws/build/sensor_msgs_py/build/lib/sensor_msgs_py/__init__.py -> /home/paolo/purple_whales_ws/firmware/mcu_ws/install/lib/python3.10/site-packages/sensor_msgs_py
[1.834s] copying /home/paolo/purple_whales_ws/firmware/mcu_ws/build/sensor_msgs_py/build/lib/sensor_msgs_py/point_cloud2.py -> /home/paolo/purple_whales_ws/firmware/mcu_ws/install/lib/python3.10/site-packages/sensor_msgs_py
[1.836s] byte-compiling /home/paolo/purple_whales_ws/firmware/mcu_ws/install/lib/python3.10/site-packages/sensor_msgs_py/numpy_compat.py to numpy_compat.cpython-310.pyc
[1.838s] byte-compiling /home/paolo/purple_whales_ws/firmware/mcu_ws/install/lib/python3.10/site-packages/sensor_msgs_py/__init__.py to __init__.cpython-310.pyc
[1.838s] byte-compiling /home/paolo/purple_whales_ws/firmware/mcu_ws/install/lib/python3.10/site-packages/sensor_msgs_py/point_cloud2.py to point_cloud2.cpython-310.pyc
[1.840s] running install_data
[1.840s] copying resource/sensor_msgs_py -> /home/paolo/purple_whales_ws/firmware/mcu_ws/install/share/ament_index/resource_index/packages
[1.841s] copying package.xml -> /home/paolo/purple_whales_ws/firmware/mcu_ws/install/share/sensor_msgs_py
[1.841s] running install_egg_info
[1.852s] Copying ../../../build/sensor_msgs_py/sensor_msgs_py.egg-info to /home/paolo/purple_whales_ws/firmware/mcu_ws/install/lib/python3.10/site-packages/sensor_msgs_py-4.2.3-py3.10.egg-info
[1.853s] running install_scripts
[1.931s] writing list of installed files to '/home/paolo/purple_whales_ws/firmware/mcu_ws/build/sensor_msgs_py/install.log'
[2.090s] Invoked command in '/home/paolo/purple_whales_ws/firmware/mcu_ws/ros2/common_interfaces/sensor_msgs_py' returned '0': AMENT_PREFIX_PATH=/home/paolo/purple_whales_ws/firmware/mcu_ws/install:${AMENT_PREFIX_PATH} CMAKE_PREFIX_PATH=/home/paolo/purple_whales_ws/firmware/mcu_ws/install:${CMAKE_PREFIX_PATH} LD_LIBRARY_PATH=/home/paolo/purple_whales_ws/firmware/mcu_ws/install/lib:${LD_LIBRARY_PATH} PATH=/home/paolo/purple_whales_ws/firmware/mcu_ws/install/bin:${PATH} PYTHONPATH=/home/paolo/purple_whales_ws/firmware/mcu_ws/build/sensor_msgs_py/prefix_override:/home/paolo/purple_whales_ws/firmware/mcu_ws/install/lib/python3.10/site-packages:/home/paolo/purple_whales_ws/firmware/mcu_ws/install/lib/python3.10/site-packages:${PYTHONPATH} /home/paolo/purple_whales_ws/firmware/toolchain/espressif/python_env/idf4.1_py3.10_env/bin/python -W ignore:setup.py install is deprecated setup.py egg_info --egg-base ../../../build/sensor_msgs_py build --build-base /home/paolo/purple_whales_ws/firmware/mcu_ws/build/sensor_msgs_py/build install --record /home/paolo/purple_whales_ws/firmware/mcu_ws/build/sensor_msgs_py/install.log --single-version-externally-managed install_data
