Not searching for unused variables given on the command line.
-- The C compiler identification is GNU 8.2.0
-- The CXX compiler identification is GNU 8.2.0
-- Detecting C compiler ABI info
-- Detecting C compiler ABI info - done
-- Check for working C compiler: /home/paolo/purple_whales_ws/firmware/toolchain/espressif/tools/xtensa-esp32-elf/esp-2020r2-8.2.0/xtensa-esp32-elf/bin/xtensa-esp32-elf-gcc - skipped
-- Detecting C compile features
-- Detecting C compile features - done
-- Detecting CXX compiler ABI info
-- Detecting CXX compiler ABI info - done
-- Check for working CXX compiler: /home/paolo/purple_whales_ws/firmware/toolchain/espressif/tools/xtensa-esp32-elf/esp-2020r2-8.2.0/xtensa-esp32-elf/bin/xtensa-esp32-elf-g++ - skipped
-- Detecting CXX compile features
-- Detecting CXX compile features - done
-- Found ament_cmake: 1.3.8 (/home/paolo/purple_whales_ws/firmware/dev_ws/install/ament_cmake/share/ament_cmake/cmake)
-- Found Python3: /home/paolo/purple_whales_ws/firmware/toolchain/espressif/python_env/idf4.1_py3.10_env/bin/python3 (found version "3.10.12") found components: Interpreter 
-- Found rosidl_typesupport_introspection_c: 3.1.5 (/home/paolo/purple_whales_ws/firmware/mcu_ws/install/share/rosidl_typesupport_introspection_c/cmake)
-- Found rosidl_adapter: 3.1.5 (/home/paolo/purple_whales_ws/firmware/mcu_ws/install/share/rosidl_adapter/cmake)
-- Configuring done
-- Generating done
-- Build files have been written to: /home/paolo/purple_whales_ws/firmware/mcu_ws/build/micro_ros_utilities
gmake[4]: Entering directory '/home/paolo/purple_whales_ws/firmware/mcu_ws/build/micro_ros_utilities'
/usr/bin/cmake -S/home/paolo/purple_whales_ws/firmware/mcu_ws/uros/micro_ros_utilities -B/home/paolo/purple_whales_ws/firmware/mcu_ws/build/micro_ros_utilities --check-build-system CMakeFiles/Makefile.cmake 0
/usr/bin/cmake -E cmake_progress_start /home/paolo/purple_whales_ws/firmware/mcu_ws/build/micro_ros_utilities/CMakeFiles /home/paolo/purple_whales_ws/firmware/mcu_ws/build/micro_ros_utilities//CMakeFiles/progress.marks
/usr/bin/gmake  -f CMakeFiles/Makefile2 all
gmake[5]: Entering directory '/home/paolo/purple_whales_ws/firmware/mcu_ws/build/micro_ros_utilities'
/usr/bin/gmake  -f CMakeFiles/micro_ros_utilities.dir/build.make CMakeFiles/micro_ros_utilities.dir/depend
gmake[6]: Entering directory '/home/paolo/purple_whales_ws/firmware/mcu_ws/build/micro_ros_utilities'
cd /home/paolo/purple_whales_ws/firmware/mcu_ws/build/micro_ros_utilities && /usr/bin/cmake -E cmake_depends "Unix Makefiles" /home/paolo/purple_whales_ws/firmware/mcu_ws/uros/micro_ros_utilities /home/paolo/purple_whales_ws/firmware/mcu_ws/uros/micro_ros_utilities /home/paolo/purple_whales_ws/firmware/mcu_ws/build/micro_ros_utilities /home/paolo/purple_whales_ws/firmware/mcu_ws/build/micro_ros_utilities /home/paolo/purple_whales_ws/firmware/mcu_ws/build/micro_ros_utilities/CMakeFiles/micro_ros_utilities.dir/DependInfo.cmake --color=
gmake[6]: Leaving directory '/home/paolo/purple_whales_ws/firmware/mcu_ws/build/micro_ros_utilities'
/usr/bin/gmake  -f CMakeFiles/micro_ros_utilities.dir/build.make CMakeFiles/micro_ros_utilities.dir/build
gmake[6]: Entering directory '/home/paolo/purple_whales_ws/firmware/mcu_ws/build/micro_ros_utilities'
[ 66%] [32mBuilding C object CMakeFiles/micro_ros_utilities.dir/src/type_utilities.c.obj[0m
[ 66%] [32mBuilding C object CMakeFiles/micro_ros_utilities.dir/src/string_utilities.c.obj[0m
/home/paolo/purple_whales_ws/firmware/toolchain/espressif/tools/xtensa-esp32-elf/esp-2020r2-8.2.0/xtensa-esp32-elf/bin/xtensa-esp32-elf-gcc -DLWIP_IPV4 -DLWIP_IPV6 -I/home/paolo/purple_whales_ws/firmware/freertos_apps/microros_esp32_extensions/build/config -I/home/paolo/purple_whales_ws/firmware/toolchain/esp-idf/components/newlib/platform_include -I/home/paolo/purple_whales_ws/firmware/toolchain/esp-idf/components/protocomm/include -I/home/paolo/purple_whales_ws/firmware/toolchain/esp-idf/components/esp_rom/include -I/home/paolo/purple_whales_ws/firmware/toolchain/esp-idf/components/driver/include -I/home/paolo/purple_whales_ws/firmware/toolchain/esp-idf/components/wear_levelling/include -I/home/paolo/purple_whales_ws/firmware/toolchain/esp-idf/components/vfs/include -I/home/paolo/purple_whales_ws/firmware/toolchain/esp-idf/components/log/include -I/home/paolo/purple_whales_ws/firmware/toolchain/esp-idf/components/freertos/include -I/home/paolo/purple_whales_ws/firmware/toolchain/esp-idf/components/wifi_provisioning/include -I/home/paolo/purple_whales_ws/firmware/toolchain/esp-idf/components/pthread/include -I/home/paolo/purple_whales_ws/firmware/toolchain/esp-idf/components/libsodium/libsodium/src/libsodium/include -I/home/paolo/purple_whales_ws/firmware/toolchain/esp-idf/components/coap/port/include -I/home/paolo/purple_whales_ws/firmware/toolchain/esp-idf/components/coap/libcoap/include -I/home/paolo/purple_whales_ws/firmware/toolchain/esp-idf/components/tcp_transport/include -I/home/paolo/purple_whales_ws/firmware/toolchain/esp-idf/components/unity/include -I/home/paolo/purple_whales_ws/firmware/toolchain/esp-idf/components/esp32/include -I/home/paolo/purple_whales_ws/firmware/toolchain/esp-idf/components/asio/port/include -I/home/paolo/purple_whales_ws/firmware/toolchain/esp-idf/components/asio/asio/asio/include -I/home/paolo/purple_whales_ws/firmware/toolchain/esp-idf/components/app_update/include -I/home/paolo/purple_whales_ws/firmware/toolchain/esp-idf/components/esp_ringbuf/include -I/home/paolo/purple_whales_ws/firmware/toolchain/esp-idf/components/soc/esp32/include -I/home/paolo/purple_whales_ws/firmware/toolchain/esp-idf/components/soc/include -I/home/paolo/purple_whales_ws/firmware/toolchain/esp-idf/components/efuse/test/include -I/home/paolo/purple_whales_ws/firmware/toolchain/esp-idf/components/efuse/esp32/include -I/home/paolo/purple_whales_ws/firmware/toolchain/esp-idf/components/efuse/include -I/home/paolo/purple_whales_ws/firmware/toolchain/esp-idf/components/mbedtls/port/include -I/home/paolo/purple_whales_ws/firmware/toolchain/esp-idf/components/mbedtls/mbedtls/include -I/home/paolo/purple_whales_ws/firmware/toolchain/esp-idf/components/xtensa/esp32/include -I/home/paolo/purple_whales_ws/firmware/toolchain/esp-idf/components/xtensa/include -I/home/paolo/purple_whales_ws/firmware/toolchain/esp-idf/components/app_trace/include -I/home/paolo/purple_whales_ws/firmware/toolchain/esp-idf/components/nvs_flash/include -I/home/paolo/purple_whales_ws/firmware/toolchain/esp-idf/components/jsmn/include -I/home/paolo/purple_whales_ws/firmware/toolchain/esp-idf/components/esp_eth/include -I/home/paolo/purple_whales_ws/firmware/toolchain/esp-idf/components/spiffs/include -I/home/paolo/purple_whales_ws/firmware/toolchain/esp-idf/components/ulp/include -I/home/paolo/purple_whales_ws/firmware/toolchain/esp-idf/components/mdns/include -I/home/paolo/purple_whales_ws/firmware/toolchain/esp-idf/components/freemodbus/modbus/include -I/home/paolo/purple_whales_ws/firmware/toolchain/esp-idf/components/freemodbus/common/include -I/home/paolo/purple_whales_ws/firmware/toolchain/esp-idf/components/esp_event/include -I/home/paolo/purple_whales_ws/firmware/toolchain/esp-idf/components/expat/port/include -I/home/paolo/purple_whales_ws/firmware/toolchain/esp-idf/components/bootloader_support/include -I/home/paolo/purple_whales_ws/firmware/toolchain/esp-idf/components/heap/include -I/home/paolo/purple_whales_ws/firmware/toolchain/esp-idf/components/wpa_supplicant/port/include -I/home/paolo/purple_whales_ws/firmware/toolchain/esp-idf/components/wpa_supplicant/include -I/home/paolo/purple_whales_ws/firmware/toolchain/esp-idf/components/tcpip_adapter/include -I/home/paolo/purple_whales_ws/firmware/toolchain/esp-idf/components/openssl/include -I/home/paolo/purple_whales_ws/firmware/toolchain/esp-idf/components/sdmmc/include -I/home/paolo/purple_whales_ws/firmware/toolchain/esp-idf/components/esp_local_ctrl/include -I/home/paolo/purple_whales_ws/firmware/toolchain/esp-idf/components/esp_common/include -I/home/paolo/purple_whales_ws/firmware/toolchain/esp-idf/components/lwip/lwip/src/include/lwip/apps -I/home/paolo/purple_whales_ws/firmware/toolchain/esp-idf/components/lwip/lwip/src/include/compat/posix -I/home/paolo/purple_whales_ws/firmware/toolchain/esp-idf/components/lwip/lwip/src/include -I/home/paolo/purple_whales_ws/firmware/toolchain/esp-idf/components/lwip/port/esp32/include -I/home/paolo/purple_whales_ws/firmware/mcu_ws/uros/micro_ros_utilities/include -I/home/paolo/purple_whales_ws/firmware/mcu_ws/uros/micro_ros_utilities/src -isystem /home/paolo/purple_whales_ws/firmware/mcu_ws/install/include/rosidl_typesupport_introspection_c -isystem /home/paolo/purple_whales_ws/firmware/mcu_ws/install/include/rosidl_runtime_c -isystem /home/paolo/purple_whales_ws/firmware/mcu_ws/install/include/rcutils -isystem /home/paolo/purple_whales_ws/firmware/mcu_ws/install/include/rosidl_typesupport_interface -mlongcalls -Wno-frame-address -mlongcalls -Wno-frame-address -g -Wall -Wextra -Wpedantic -std=gnu11 -MD -MT CMakeFiles/micro_ros_utilities.dir/src/type_utilities.c.obj -MF CMakeFiles/micro_ros_utilities.dir/src/type_utilities.c.obj.d -o CMakeFiles/micro_ros_utilities.dir/src/type_utilities.c.obj -c /home/paolo/purple_whales_ws/firmware/mcu_ws/uros/micro_ros_utilities/src/type_utilities.c
/home/paolo/purple_whales_ws/firmware/toolchain/espressif/tools/xtensa-esp32-elf/esp-2020r2-8.2.0/xtensa-esp32-elf/bin/xtensa-esp32-elf-gcc -DLWIP_IPV4 -DLWIP_IPV6 -I/home/paolo/purple_whales_ws/firmware/freertos_apps/microros_esp32_extensions/build/config -I/home/paolo/purple_whales_ws/firmware/toolchain/esp-idf/components/newlib/platform_include -I/home/paolo/purple_whales_ws/firmware/toolchain/esp-idf/components/protocomm/include -I/home/paolo/purple_whales_ws/firmware/toolchain/esp-idf/components/esp_rom/include -I/home/paolo/purple_whales_ws/firmware/toolchain/esp-idf/components/driver/include -I/home/paolo/purple_whales_ws/firmware/toolchain/esp-idf/components/wear_levelling/include -I/home/paolo/purple_whales_ws/firmware/toolchain/esp-idf/components/vfs/include -I/home/paolo/purple_whales_ws/firmware/toolchain/esp-idf/components/log/include -I/home/paolo/purple_whales_ws/firmware/toolchain/esp-idf/components/freertos/include -I/home/paolo/purple_whales_ws/firmware/toolchain/esp-idf/components/wifi_provisioning/include -I/home/paolo/purple_whales_ws/firmware/toolchain/esp-idf/components/pthread/include -I/home/paolo/purple_whales_ws/firmware/toolchain/esp-idf/components/libsodium/libsodium/src/libsodium/include -I/home/paolo/purple_whales_ws/firmware/toolchain/esp-idf/components/coap/port/include -I/home/paolo/purple_whales_ws/firmware/toolchain/esp-idf/components/coap/libcoap/include -I/home/paolo/purple_whales_ws/firmware/toolchain/esp-idf/components/tcp_transport/include -I/home/paolo/purple_whales_ws/firmware/toolchain/esp-idf/components/unity/include -I/home/paolo/purple_whales_ws/firmware/toolchain/esp-idf/components/esp32/include -I/home/paolo/purple_whales_ws/firmware/toolchain/esp-idf/components/asio/port/include -I/home/paolo/purple_whales_ws/firmware/toolchain/esp-idf/components/asio/asio/asio/include -I/home/paolo/purple_whales_ws/firmware/toolchain/esp-idf/components/app_update/include -I/home/paolo/purple_whales_ws/firmware/toolchain/esp-idf/components/esp_ringbuf/include -I/home/paolo/purple_whales_ws/firmware/toolchain/esp-idf/components/soc/esp32/include -I/home/paolo/purple_whales_ws/firmware/toolchain/esp-idf/components/soc/include -I/home/paolo/purple_whales_ws/firmware/toolchain/esp-idf/components/efuse/test/include -I/home/paolo/purple_whales_ws/firmware/toolchain/esp-idf/components/efuse/esp32/include -I/home/paolo/purple_whales_ws/firmware/toolchain/esp-idf/components/efuse/include -I/home/paolo/purple_whales_ws/firmware/toolchain/esp-idf/components/mbedtls/port/include -I/home/paolo/purple_whales_ws/firmware/toolchain/esp-idf/components/mbedtls/mbedtls/include -I/home/paolo/purple_whales_ws/firmware/toolchain/esp-idf/components/xtensa/esp32/include -I/home/paolo/purple_whales_ws/firmware/toolchain/esp-idf/components/xtensa/include -I/home/paolo/purple_whales_ws/firmware/toolchain/esp-idf/components/app_trace/include -I/home/paolo/purple_whales_ws/firmware/toolchain/esp-idf/components/nvs_flash/include -I/home/paolo/purple_whales_ws/firmware/toolchain/esp-idf/components/jsmn/include -I/home/paolo/purple_whales_ws/firmware/toolchain/esp-idf/components/esp_eth/include -I/home/paolo/purple_whales_ws/firmware/toolchain/esp-idf/components/spiffs/include -I/home/paolo/purple_whales_ws/firmware/toolchain/esp-idf/components/ulp/include -I/home/paolo/purple_whales_ws/firmware/toolchain/esp-idf/components/mdns/include -I/home/paolo/purple_whales_ws/firmware/toolchain/esp-idf/components/freemodbus/modbus/include -I/home/paolo/purple_whales_ws/firmware/toolchain/esp-idf/components/freemodbus/common/include -I/home/paolo/purple_whales_ws/firmware/toolchain/esp-idf/components/esp_event/include -I/home/paolo/purple_whales_ws/firmware/toolchain/esp-idf/components/expat/port/include -I/home/paolo/purple_whales_ws/firmware/toolchain/esp-idf/components/bootloader_support/include -I/home/paolo/purple_whales_ws/firmware/toolchain/esp-idf/components/heap/include -I/home/paolo/purple_whales_ws/firmware/toolchain/esp-idf/components/wpa_supplicant/port/include -I/home/paolo/purple_whales_ws/firmware/toolchain/esp-idf/components/wpa_supplicant/include -I/home/paolo/purple_whales_ws/firmware/toolchain/esp-idf/components/tcpip_adapter/include -I/home/paolo/purple_whales_ws/firmware/toolchain/esp-idf/components/openssl/include -I/home/paolo/purple_whales_ws/firmware/toolchain/esp-idf/components/sdmmc/include -I/home/paolo/purple_whales_ws/firmware/toolchain/esp-idf/components/esp_local_ctrl/include -I/home/paolo/purple_whales_ws/firmware/toolchain/esp-idf/components/esp_common/include -I/home/paolo/purple_whales_ws/firmware/toolchain/esp-idf/components/lwip/lwip/src/include/lwip/apps -I/home/paolo/purple_whales_ws/firmware/toolchain/esp-idf/components/lwip/lwip/src/include/compat/posix -I/home/paolo/purple_whales_ws/firmware/toolchain/esp-idf/components/lwip/lwip/src/include -I/home/paolo/purple_whales_ws/firmware/toolchain/esp-idf/components/lwip/port/esp32/include -I/home/paolo/purple_whales_ws/firmware/mcu_ws/uros/micro_ros_utilities/include -I/home/paolo/purple_whales_ws/firmware/mcu_ws/uros/micro_ros_utilities/src -isystem /home/paolo/purple_whales_ws/firmware/mcu_ws/install/include/rosidl_typesupport_introspection_c -isystem /home/paolo/purple_whales_ws/firmware/mcu_ws/install/include/rosidl_runtime_c -isystem /home/paolo/purple_whales_ws/firmware/mcu_ws/install/include/rcutils -isystem /home/paolo/purple_whales_ws/firmware/mcu_ws/install/include/rosidl_typesupport_interface -mlongcalls -Wno-frame-address -mlongcalls -Wno-frame-address -g -Wall -Wextra -Wpedantic -std=gnu11 -MD -MT CMakeFiles/micro_ros_utilities.dir/src/string_utilities.c.obj -MF CMakeFiles/micro_ros_utilities.dir/src/string_utilities.c.obj.d -o CMakeFiles/micro_ros_utilities.dir/src/string_utilities.c.obj -c /home/paolo/purple_whales_ws/firmware/mcu_ws/uros/micro_ros_utilities/src/string_utilities.c
[100%] [32m[1mLinking C static library libmicro_ros_utilities.a[0m
/usr/bin/cmake -P CMakeFiles/micro_ros_utilities.dir/cmake_clean_target.cmake
/usr/bin/cmake -E cmake_link_script CMakeFiles/micro_ros_utilities.dir/link.txt --verbose=1
/home/paolo/purple_whales_ws/firmware/toolchain/espressif/tools/xtensa-esp32-elf/esp-2020r2-8.2.0/xtensa-esp32-elf/bin/xtensa-esp32-elf-ar qc libmicro_ros_utilities.a CMakeFiles/micro_ros_utilities.dir/src/string_utilities.c.obj CMakeFiles/micro_ros_utilities.dir/src/type_utilities.c.obj
/home/paolo/purple_whales_ws/firmware/toolchain/espressif/tools/xtensa-esp32-elf/esp-2020r2-8.2.0/xtensa-esp32-elf/bin/xtensa-esp32-elf-ranlib libmicro_ros_utilities.a
gmake[6]: Leaving directory '/home/paolo/purple_whales_ws/firmware/mcu_ws/build/micro_ros_utilities'
[100%] Built target micro_ros_utilities
gmake[5]: Leaving directory '/home/paolo/purple_whales_ws/firmware/mcu_ws/build/micro_ros_utilities'
/usr/bin/cmake -E cmake_progress_start /home/paolo/purple_whales_ws/firmware/mcu_ws/build/micro_ros_utilities/CMakeFiles 0
gmake[4]: Leaving directory '/home/paolo/purple_whales_ws/firmware/mcu_ws/build/micro_ros_utilities'
-- Install configuration: "Debug"
-- Up-to-date: /home/paolo/purple_whales_ws/firmware/mcu_ws/install/include
-- Up-to-date: /home/paolo/purple_whales_ws/firmware/mcu_ws/install/include/micro_ros_utilities
-- Installing: /home/paolo/purple_whales_ws/firmware/mcu_ws/install/include/micro_ros_utilities/type_utilities.h
-- Installing: /home/paolo/purple_whales_ws/firmware/mcu_ws/install/include/micro_ros_utilities/visibility_control.h
-- Installing: /home/paolo/purple_whales_ws/firmware/mcu_ws/install/include/micro_ros_utilities/string_utilities.h
-- Installing: /home/paolo/purple_whales_ws/firmware/mcu_ws/install/lib/libmicro_ros_utilities.a
-- Installing: /home/paolo/purple_whales_ws/firmware/mcu_ws/install/share/micro_ros_utilities/environment/library_path.sh
-- Installing: /home/paolo/purple_whales_ws/firmware/mcu_ws/install/share/micro_ros_utilities/environment/library_path.dsv
-- Installing: /home/paolo/purple_whales_ws/firmware/mcu_ws/install/share/ament_index/resource_index/package_run_dependencies/micro_ros_utilities
-- Installing: /home/paolo/purple_whales_ws/firmware/mcu_ws/install/share/ament_index/resource_index/parent_prefix_path/micro_ros_utilities
-- Installing: /home/paolo/purple_whales_ws/firmware/mcu_ws/install/share/micro_ros_utilities/environment/ament_prefix_path.sh
-- Installing: /home/paolo/purple_whales_ws/firmware/mcu_ws/install/share/micro_ros_utilities/environment/ament_prefix_path.dsv
-- Installing: /home/paolo/purple_whales_ws/firmware/mcu_ws/install/share/micro_ros_utilities/environment/path.sh
-- Installing: /home/paolo/purple_whales_ws/firmware/mcu_ws/install/share/micro_ros_utilities/environment/path.dsv
-- Installing: /home/paolo/purple_whales_ws/firmware/mcu_ws/install/share/micro_ros_utilities/local_setup.bash
-- Installing: /home/paolo/purple_whales_ws/firmware/mcu_ws/install/share/micro_ros_utilities/local_setup.sh
-- Installing: /home/paolo/purple_whales_ws/firmware/mcu_ws/install/share/micro_ros_utilities/local_setup.zsh
-- Installing: /home/paolo/purple_whales_ws/firmware/mcu_ws/install/share/micro_ros_utilities/local_setup.dsv
-- Installing: /home/paolo/purple_whales_ws/firmware/mcu_ws/install/share/micro_ros_utilities/package.dsv
-- Installing: /home/paolo/purple_whales_ws/firmware/mcu_ws/install/share/ament_index/resource_index/packages/micro_ros_utilities
-- Installing: /home/paolo/purple_whales_ws/firmware/mcu_ws/install/share/micro_ros_utilities/cmake/ament_cmake_export_include_directories-extras.cmake
-- Installing: /home/paolo/purple_whales_ws/firmware/mcu_ws/install/share/micro_ros_utilities/cmake/ament_cmake_export_libraries-extras.cmake
-- Installing: /home/paolo/purple_whales_ws/firmware/mcu_ws/install/share/micro_ros_utilities/cmake/ament_cmake_export_dependencies-extras.cmake
-- Installing: /home/paolo/purple_whales_ws/firmware/mcu_ws/install/share/micro_ros_utilities/cmake/micro_ros_utilitiesConfig.cmake
-- Installing: /home/paolo/purple_whales_ws/firmware/mcu_ws/install/share/micro_ros_utilities/cmake/micro_ros_utilitiesConfig-version.cmake
-- Installing: /home/paolo/purple_whales_ws/firmware/mcu_ws/install/share/micro_ros_utilities/package.xml
