[0.589s] Invoking command in '/home/paolo/purple_whales_ws/firmware/mcu_ws/uros/tracetools/ros2trace': AMENT_PREFIX_PATH=/home/paolo/purple_whales_ws/firmware/mcu_ws/install:${AMENT_PREFIX_PATH} CMAKE_PREFIX_PATH=/home/paolo/purple_whales_ws/firmware/mcu_ws/install:${CMAKE_PREFIX_PATH} PATH=/home/paolo/purple_whales_ws/firmware/mcu_ws/install/bin:${PATH} PYTHONPATH=/home/paolo/purple_whales_ws/firmware/mcu_ws/build/ros2trace/prefix_override:/home/paolo/purple_whales_ws/firmware/mcu_ws/install/lib/python3.10/site-packages:/home/paolo/purple_whales_ws/firmware/mcu_ws/install/lib/python3.10/site-packages:${PYTHONPATH} /home/paolo/purple_whales_ws/firmware/toolchain/espressif/python_env/idf4.1_py3.10_env/bin/python -W ignore:setup.py install is deprecated setup.py egg_info --egg-base ../../../build/ros2trace build --build-base /home/paolo/purple_whales_ws/firmware/mcu_ws/build/ros2trace/build install --record /home/paolo/purple_whales_ws/firmware/mcu_ws/build/ros2trace/install.log --single-version-externally-managed install_data
[0.771s] running egg_info
[0.775s] writing ../../../build/ros2trace/ros2trace.egg-info/PKG-INFO
[0.775s] writing dependency_links to ../../../build/ros2trace/ros2trace.egg-info/dependency_links.txt
[0.776s] writing entry points to ../../../build/ros2trace/ros2trace.egg-info/entry_points.txt
[0.776s] writing requirements to ../../../build/ros2trace/ros2trace.egg-info/requires.txt
[0.776s] writing top-level names to ../../../build/ros2trace/ros2trace.egg-info/top_level.txt
[0.784s] reading manifest file '../../../build/ros2trace/ros2trace.egg-info/SOURCES.txt'
[0.785s] writing manifest file '../../../build/ros2trace/ros2trace.egg-info/SOURCES.txt'
[0.785s] running build
[0.785s] running build_py
[0.786s] copying ros2trace/__init__.py -> /home/paolo/purple_whales_ws/firmware/mcu_ws/build/ros2trace/build/lib/ros2trace
[0.786s] copying ros2trace/command/__init__.py -> /home/paolo/purple_whales_ws/firmware/mcu_ws/build/ros2trace/build/lib/ros2trace/command
[0.786s] copying ros2trace/command/trace.py -> /home/paolo/purple_whales_ws/firmware/mcu_ws/build/ros2trace/build/lib/ros2trace/command
[0.786s] copying ros2trace/api/__init__.py -> /home/paolo/purple_whales_ws/firmware/mcu_ws/build/ros2trace/build/lib/ros2trace/api
[0.786s] running install
[0.791s] running install_lib
[0.796s] running install_data
[0.797s] copying package.xml -> /home/paolo/purple_whales_ws/firmware/mcu_ws/install/share/ros2trace
[0.797s] copying resource/ros2trace -> /home/paolo/purple_whales_ws/firmware/mcu_ws/install/share/ament_index/resource_index/packages
[0.797s] running install_egg_info
[0.802s] removing '/home/paolo/purple_whales_ws/firmware/mcu_ws/install/lib/python3.10/site-packages/ros2trace-4.1.1-py3.10.egg-info' (and everything under it)
[0.802s] Copying ../../../build/ros2trace/ros2trace.egg-info to /home/paolo/purple_whales_ws/firmware/mcu_ws/install/lib/python3.10/site-packages/ros2trace-4.1.1-py3.10.egg-info
[0.803s] running install_scripts
[0.842s] writing list of installed files to '/home/paolo/purple_whales_ws/firmware/mcu_ws/build/ros2trace/install.log'
[0.876s] Invoked command in '/home/paolo/purple_whales_ws/firmware/mcu_ws/uros/tracetools/ros2trace' returned '0': AMENT_PREFIX_PATH=/home/paolo/purple_whales_ws/firmware/mcu_ws/install:${AMENT_PREFIX_PATH} CMAKE_PREFIX_PATH=/home/paolo/purple_whales_ws/firmware/mcu_ws/install:${CMAKE_PREFIX_PATH} PATH=/home/paolo/purple_whales_ws/firmware/mcu_ws/install/bin:${PATH} PYTHONPATH=/home/paolo/purple_whales_ws/firmware/mcu_ws/build/ros2trace/prefix_override:/home/paolo/purple_whales_ws/firmware/mcu_ws/install/lib/python3.10/site-packages:/home/paolo/purple_whales_ws/firmware/mcu_ws/install/lib/python3.10/site-packages:${PYTHONPATH} /home/paolo/purple_whales_ws/firmware/toolchain/espressif/python_env/idf4.1_py3.10_env/bin/python -W ignore:setup.py install is deprecated setup.py egg_info --egg-base ../../../build/ros2trace build --build-base /home/paolo/purple_whales_ws/firmware/mcu_ws/build/ros2trace/build install --record /home/paolo/purple_whales_ws/firmware/mcu_ws/build/ros2trace/install.log --single-version-externally-managed install_data
