[0.033s] Invoking command in '/home/paolo/purple_whales_ws/build/micro_ros_setup': CMAKE_PREFIX_PATH=/opt/ros/humble /usr/bin/cmake --build /home/paolo/purple_whales_ws/build/micro_ros_setup -- -j20 -l20
[0.449s] Invoked command in '/home/paolo/purple_whales_ws/build/micro_ros_setup' returned '0': CMAKE_PREFIX_PATH=/opt/ros/humble /usr/bin/cmake --build /home/paolo/purple_whales_ws/build/micro_ros_setup -- -j20 -l20
[0.492s] Invoking command in '/home/paolo/purple_whales_ws/build/micro_ros_setup': CMAKE_PREFIX_PATH=/opt/ros/humble /usr/bin/cmake --install /home/paolo/purple_whales_ws/build/micro_ros_setup
[0.504s] -- Install configuration: ""
[0.506s] -- Up-to-date: /home/paolo/purple_whales_ws/install/micro_ros_setup/share/ament_index/resource_index/package_run_dependencies/micro_ros_setup
[0.506s] -- Up-to-date: /home/paolo/purple_whales_ws/install/micro_ros_setup/share/ament_index/resource_index/parent_prefix_path/micro_ros_setup
[0.507s] -- Up-to-date: /home/paolo/purple_whales_ws/install/micro_ros_setup/share/micro_ros_setup/environment/ament_prefix_path.sh
[0.507s] -- Up-to-date: /home/paolo/purple_whales_ws/install/micro_ros_setup/share/micro_ros_setup/environment/ament_prefix_path.dsv
[0.507s] -- Up-to-date: /home/paolo/purple_whales_ws/install/micro_ros_setup/share/micro_ros_setup/environment/path.sh
[0.507s] -- Up-to-date: /home/paolo/purple_whales_ws/install/micro_ros_setup/share/micro_ros_setup/environment/path.dsv
[0.507s] -- Up-to-date: /home/paolo/purple_whales_ws/install/micro_ros_setup/share/micro_ros_setup/local_setup.bash
[0.508s] -- Up-to-date: /home/paolo/purple_whales_ws/install/micro_ros_setup/share/micro_ros_setup/local_setup.sh
[0.508s] -- Up-to-date: /home/paolo/purple_whales_ws/install/micro_ros_setup/share/micro_ros_setup/local_setup.zsh
[0.508s] -- Up-to-date: /home/paolo/purple_whales_ws/install/micro_ros_setup/share/micro_ros_setup/local_setup.dsv
[0.509s] -- Installing: /home/paolo/purple_whales_ws/install/micro_ros_setup/share/micro_ros_setup/package.dsv
[0.509s] -- Up-to-date: /home/paolo/purple_whales_ws/install/micro_ros_setup/share/ament_index/resource_index/packages/micro_ros_setup
[0.509s] -- Up-to-date: /home/paolo/purple_whales_ws/install/micro_ros_setup/share/micro_ros_setup/cmake/micro_ros_setupConfig.cmake
[0.509s] -- Up-to-date: /home/paolo/purple_whales_ws/install/micro_ros_setup/share/micro_ros_setup/cmake/micro_ros_setupConfig-version.cmake
[0.509s] -- Up-to-date: /home/paolo/purple_whales_ws/install/micro_ros_setup/share/micro_ros_setup/package.xml
[0.509s] -- Up-to-date: /home/paolo/purple_whales_ws/install/micro_ros_setup/./config
[0.509s] -- Up-to-date: /home/paolo/purple_whales_ws/install/micro_ros_setup/./config/generate_lib
[0.509s] -- Up-to-date: /home/paolo/purple_whales_ws/install/micro_ros_setup/./config/generate_lib/generic
[0.509s] -- Up-to-date: /home/paolo/purple_whales_ws/install/micro_ros_setup/./config/generate_lib/generic/flash.sh
[0.509s] -- Up-to-date: /home/paolo/purple_whales_ws/install/micro_ros_setup/./config/generate_lib/generic/create.sh
[0.510s] -- Up-to-date: /home/paolo/purple_whales_ws/install/micro_ros_setup/./config/generate_lib/generic/client-colcon.meta
[0.510s] -- Up-to-date: /home/paolo/purple_whales_ws/install/micro_ros_setup/./config/generate_lib/generic/client_uros_packages.repos
[0.510s] -- Up-to-date: /home/paolo/purple_whales_ws/install/micro_ros_setup/./config/generate_lib/generic/demo_toolchain.cmake
[0.510s] -- Up-to-date: /home/paolo/purple_whales_ws/install/micro_ros_setup/./config/generate_lib/generic/package.xml
[0.510s] -- Up-to-date: /home/paolo/purple_whales_ws/install/micro_ros_setup/./config/generate_lib/generic/build.sh
[0.510s] -- Up-to-date: /home/paolo/purple_whales_ws/install/micro_ros_setup/./config/generate_lib/dev_ros2_packages.txt
[0.510s] -- Up-to-date: /home/paolo/purple_whales_ws/install/micro_ros_setup/./config/generate_lib/dev_uros_packages.repos
[0.510s] -- Up-to-date: /home/paolo/purple_whales_ws/install/micro_ros_setup/./config/raspbian
[0.510s] -- Up-to-date: /home/paolo/purple_whales_ws/install/micro_ros_setup/./config/raspbian/generic
[0.511s] -- Up-to-date: /home/paolo/purple_whales_ws/install/micro_ros_setup/./config/raspbian/generic/flash.sh
[0.511s] -- Up-to-date: /home/paolo/purple_whales_ws/install/micro_ros_setup/./config/raspbian/generic/configure.sh
[0.511s] -- Up-to-date: /home/paolo/purple_whales_ws/install/micro_ros_setup/./config/raspbian/generic/create.sh
[0.511s] -- Up-to-date: /home/paolo/purple_whales_ws/install/micro_ros_setup/./config/raspbian/generic/supported_platforms
[0.511s] -- Up-to-date: /home/paolo/purple_whales_ws/install/micro_ros_setup/./config/raspbian/generic/client-colcon.meta
[0.511s] -- Up-to-date: /home/paolo/purple_whales_ws/install/micro_ros_setup/./config/raspbian/generic/client_uros_packages.repos
[0.511s] -- Up-to-date: /home/paolo/purple_whales_ws/install/micro_ros_setup/./config/raspbian/generic/build.sh
[0.511s] -- Up-to-date: /home/paolo/purple_whales_ws/install/micro_ros_setup/./config/raspbian/dev_ros2_packages.txt
[0.511s] -- Up-to-date: /home/paolo/purple_whales_ws/install/micro_ros_setup/./config/raspbian/dev_uros_packages.repos
[0.511s] -- Up-to-date: /home/paolo/purple_whales_ws/install/micro_ros_setup/./config/android
[0.511s] -- Up-to-date: /home/paolo/purple_whales_ws/install/micro_ros_setup/./config/android/generic
[0.511s] -- Up-to-date: /home/paolo/purple_whales_ws/install/micro_ros_setup/./config/android/generic/flash.sh
[0.511s] -- Up-to-date: /home/paolo/purple_whales_ws/install/micro_ros_setup/./config/android/generic/create.sh
[0.512s] -- Up-to-date: /home/paolo/purple_whales_ws/install/micro_ros_setup/./config/android/generic/client-colcon.meta
[0.512s] -- Up-to-date: /home/paolo/purple_whales_ws/install/micro_ros_setup/./config/android/generic/client_uros_packages.repos
[0.513s] -- Up-to-date: /home/paolo/purple_whales_ws/install/micro_ros_setup/./config/android/generic/package.xml
[0.513s] -- Up-to-date: /home/paolo/purple_whales_ws/install/micro_ros_setup/./config/android/generic/build.sh
[0.514s] -- Up-to-date: /home/paolo/purple_whales_ws/install/micro_ros_setup/./config/android/dev_ros2_packages.txt
[0.515s] -- Up-to-date: /home/paolo/purple_whales_ws/install/micro_ros_setup/./config/android/dev_uros_packages.repos
[0.516s] -- Up-to-date: /home/paolo/purple_whales_ws/install/micro_ros_setup/./config/host
[0.516s] -- Up-to-date: /home/paolo/purple_whales_ws/install/micro_ros_setup/./config/host/generic
[0.516s] -- Up-to-date: /home/paolo/purple_whales_ws/install/micro_ros_setup/./config/host/generic/flash.sh
[0.518s] -- Up-to-date: /home/paolo/purple_whales_ws/install/micro_ros_setup/./config/host/generic/create.sh
[0.519s] -- Up-to-date: /home/paolo/purple_whales_ws/install/micro_ros_setup/./config/host/generic/client-host-colcon.meta
[0.520s] -- Up-to-date: /home/paolo/purple_whales_ws/install/micro_ros_setup/./config/host/generic/client_host_packages.repos
[0.520s] -- Up-to-date: /home/paolo/purple_whales_ws/install/micro_ros_setup/./config/host/generic/package.xml
[0.520s] -- Up-to-date: /home/paolo/purple_whales_ws/install/micro_ros_setup/./config/host/generic/build.sh
[0.520s] -- Up-to-date: /home/paolo/purple_whales_ws/install/micro_ros_setup/./config/host/dev_ros2_packages.txt
[0.520s] -- Up-to-date: /home/paolo/purple_whales_ws/install/micro_ros_setup/./config/host/dev_uros_packages.repos
[0.520s] -- Up-to-date: /home/paolo/purple_whales_ws/install/micro_ros_setup/./config/host/client_ros2_packages.txt
[0.520s] -- Up-to-date: /home/paolo/purple_whales_ws/install/micro_ros_setup/./config/utils.sh
[0.520s] -- Up-to-date: /home/paolo/purple_whales_ws/install/micro_ros_setup/./config/agent_ros2_packages.txt
[0.520s] -- Up-to-date: /home/paolo/purple_whales_ws/install/micro_ros_setup/./config/mbed
[0.521s] -- Up-to-date: /home/paolo/purple_whales_ws/install/micro_ros_setup/./config/mbed/generic
[0.521s] -- Up-to-date: /home/paolo/purple_whales_ws/install/micro_ros_setup/./config/mbed/generic/flash.sh
[0.521s] -- Up-to-date: /home/paolo/purple_whales_ws/install/micro_ros_setup/./config/mbed/generic/board.repos
[0.521s] -- Up-to-date: /home/paolo/purple_whales_ws/install/micro_ros_setup/./config/mbed/generic/create.sh
[0.521s] -- Up-to-date: /home/paolo/purple_whales_ws/install/micro_ros_setup/./config/mbed/generic/supported_platforms
[0.521s] -- Up-to-date: /home/paolo/purple_whales_ws/install/micro_ros_setup/./config/mbed/generic/client_uros_packages.repos
[0.521s] -- Up-to-date: /home/paolo/purple_whales_ws/install/micro_ros_setup/./config/mbed/generic/package.xml
[0.521s] -- Up-to-date: /home/paolo/purple_whales_ws/install/micro_ros_setup/./config/mbed/generic/build.sh
[0.522s] -- Up-to-date: /home/paolo/purple_whales_ws/install/micro_ros_setup/./config/mbed/dev_ros2_packages.txt
[0.522s] -- Up-to-date: /home/paolo/purple_whales_ws/install/micro_ros_setup/./config/mbed/dev_uros_packages.repos
[0.523s] -- Up-to-date: /home/paolo/purple_whales_ws/install/micro_ros_setup/./config/mbed/list_apps.sh
[0.523s] -- Up-to-date: /home/paolo/purple_whales_ws/install/micro_ros_setup/./config/zephyr
[0.524s] -- Up-to-date: /home/paolo/purple_whales_ws/install/micro_ros_setup/./config/zephyr/generic
[0.524s] -- Up-to-date: /home/paolo/purple_whales_ws/install/micro_ros_setup/./config/zephyr/generic/flash.sh
[0.524s] -- Up-to-date: /home/paolo/purple_whales_ws/install/micro_ros_setup/./config/zephyr/generic/board.repos
[0.524s] -- Up-to-date: /home/paolo/purple_whales_ws/install/micro_ros_setup/./config/zephyr/generic/configure.sh
[0.525s] -- Up-to-date: /home/paolo/purple_whales_ws/install/micro_ros_setup/./config/zephyr/generic/create.sh
[0.525s] -- Up-to-date: /home/paolo/purple_whales_ws/install/micro_ros_setup/./config/zephyr/generic/supported_platforms
[0.525s] -- Up-to-date: /home/paolo/purple_whales_ws/install/micro_ros_setup/./config/zephyr/generic/client-colcon.meta
[0.525s] -- Up-to-date: /home/paolo/purple_whales_ws/install/micro_ros_setup/./config/zephyr/generic/client_uros_packages.repos
[0.525s] -- Up-to-date: /home/paolo/purple_whales_ws/install/micro_ros_setup/./config/zephyr/generic/package.xml
[0.525s] -- Up-to-date: /home/paolo/purple_whales_ws/install/micro_ros_setup/./config/zephyr/generic/build.sh
[0.526s] -- Up-to-date: /home/paolo/purple_whales_ws/install/micro_ros_setup/./config/zephyr/dev_ros2_packages.txt
[0.526s] -- Up-to-date: /home/paolo/purple_whales_ws/install/micro_ros_setup/./config/zephyr/dev_uros_packages.repos
[0.527s] -- Up-to-date: /home/paolo/purple_whales_ws/install/micro_ros_setup/./config/zephyr/list_apps.sh
[0.527s] -- Up-to-date: /home/paolo/purple_whales_ws/install/micro_ros_setup/./config/client_ros2_packages.txt
[0.527s] -- Up-to-date: /home/paolo/purple_whales_ws/install/micro_ros_setup/./config/client_uros_packages.repos
[0.527s] -- Up-to-date: /home/paolo/purple_whales_ws/install/micro_ros_setup/./config/renesas_ra
[0.527s] -- Up-to-date: /home/paolo/purple_whales_ws/install/micro_ros_setup/./config/renesas_ra/dev_ros2_packages.txt
[0.527s] -- Up-to-date: /home/paolo/purple_whales_ws/install/micro_ros_setup/./config/renesas_ra/dev_uros_packages.repos
[0.528s] -- Up-to-date: /home/paolo/purple_whales_ws/install/micro_ros_setup/./config/renesas_ra/ra6m5
[0.528s] -- Up-to-date: /home/paolo/purple_whales_ws/install/micro_ros_setup/./config/renesas_ra/ra6m5/flash.sh
[0.528s] -- Up-to-date: /home/paolo/purple_whales_ws/install/micro_ros_setup/./config/renesas_ra/ra6m5/board.repos
[0.528s] -- Up-to-date: /home/paolo/purple_whales_ws/install/micro_ros_setup/./config/renesas_ra/ra6m5/configure.sh
[0.528s] -- Up-to-date: /home/paolo/purple_whales_ws/install/micro_ros_setup/./config/renesas_ra/ra6m5/create.sh
[0.528s] -- Up-to-date: /home/paolo/purple_whales_ws/install/micro_ros_setup/./config/renesas_ra/ra6m5/client-colcon.meta
[0.528s] -- Up-to-date: /home/paolo/purple_whales_ws/install/micro_ros_setup/./config/renesas_ra/ra6m5/client_uros_packages.repos
[0.528s] -- Up-to-date: /home/paolo/purple_whales_ws/install/micro_ros_setup/./config/renesas_ra/ra6m5/build.sh
[0.529s] -- Up-to-date: /home/paolo/purple_whales_ws/install/micro_ros_setup/./config/renesas_ra/list_apps.sh
[0.529s] -- Up-to-date: /home/paolo/purple_whales_ws/install/micro_ros_setup/./config/freertos
[0.529s] -- Up-to-date: /home/paolo/purple_whales_ws/install/micro_ros_setup/./config/freertos/nucleo_f767zi
[0.529s] -- Up-to-date: /home/paolo/purple_whales_ws/install/micro_ros_setup/./config/freertos/nucleo_f767zi/flash.sh
[0.529s] -- Up-to-date: /home/paolo/purple_whales_ws/install/micro_ros_setup/./config/freertos/nucleo_f767zi/board.repos
[0.529s] -- Up-to-date: /home/paolo/purple_whales_ws/install/micro_ros_setup/./config/freertos/nucleo_f767zi/configure.sh
[0.529s] -- Up-to-date: /home/paolo/purple_whales_ws/install/micro_ros_setup/./config/freertos/nucleo_f767zi/create.sh
[0.531s] -- Up-to-date: /home/paolo/purple_whales_ws/install/micro_ros_setup/./config/freertos/nucleo_f767zi/client-colcon.meta
[0.531s] -- Up-to-date: /home/paolo/purple_whales_ws/install/micro_ros_setup/./config/freertos/nucleo_f767zi/client_uros_packages.repos
[0.531s] -- Up-to-date: /home/paolo/purple_whales_ws/install/micro_ros_setup/./config/freertos/nucleo_f767zi/package.xml
[0.532s] -- Up-to-date: /home/paolo/purple_whales_ws/install/micro_ros_setup/./config/freertos/nucleo_f767zi/build.sh
[0.532s] -- Up-to-date: /home/paolo/purple_whales_ws/install/micro_ros_setup/./config/freertos/crazyflie21
[0.532s] -- Up-to-date: /home/paolo/purple_whales_ws/install/micro_ros_setup/./config/freertos/crazyflie21/flash.sh
[0.533s] -- Up-to-date: /home/paolo/purple_whales_ws/install/micro_ros_setup/./config/freertos/crazyflie21/board.repos
[0.533s] -- Up-to-date: /home/paolo/purple_whales_ws/install/micro_ros_setup/./config/freertos/crazyflie21/configure.sh
[0.534s] -- Up-to-date: /home/paolo/purple_whales_ws/install/micro_ros_setup/./config/freertos/crazyflie21/create.sh
[0.535s] -- Up-to-date: /home/paolo/purple_whales_ws/install/micro_ros_setup/./config/freertos/crazyflie21/client-colcon.meta
[0.536s] -- Up-to-date: /home/paolo/purple_whales_ws/install/micro_ros_setup/./config/freertos/crazyflie21/client_uros_packages.repos
[0.536s] -- Up-to-date: /home/paolo/purple_whales_ws/install/micro_ros_setup/./config/freertos/crazyflie21/package.xml
[0.536s] -- Up-to-date: /home/paolo/purple_whales_ws/install/micro_ros_setup/./config/freertos/crazyflie21/build.sh
[0.537s] -- Up-to-date: /home/paolo/purple_whales_ws/install/micro_ros_setup/./config/freertos/dev_ros2_packages.txt
[0.537s] -- Up-to-date: /home/paolo/purple_whales_ws/install/micro_ros_setup/./config/freertos/nucleo_f446ze
[0.538s] -- Up-to-date: /home/paolo/purple_whales_ws/install/micro_ros_setup/./config/freertos/nucleo_f446ze/flash.sh
[0.538s] -- Up-to-date: /home/paolo/purple_whales_ws/install/micro_ros_setup/./config/freertos/nucleo_f446ze/board.repos
[0.538s] -- Up-to-date: /home/paolo/purple_whales_ws/install/micro_ros_setup/./config/freertos/nucleo_f446ze/configure.sh
[0.538s] -- Up-to-date: /home/paolo/purple_whales_ws/install/micro_ros_setup/./config/freertos/nucleo_f446ze/create.sh
[0.538s] -- Up-to-date: /home/paolo/purple_whales_ws/install/micro_ros_setup/./config/freertos/nucleo_f446ze/client-colcon.meta
[0.538s] -- Up-to-date: /home/paolo/purple_whales_ws/install/micro_ros_setup/./config/freertos/nucleo_f446ze/client_uros_packages.repos
[0.538s] -- Up-to-date: /home/paolo/purple_whales_ws/install/micro_ros_setup/./config/freertos/nucleo_f446ze/package.xml
[0.538s] -- Up-to-date: /home/paolo/purple_whales_ws/install/micro_ros_setup/./config/freertos/nucleo_f446ze/build.sh
[0.539s] -- Up-to-date: /home/paolo/purple_whales_ws/install/micro_ros_setup/./config/freertos/olimex-stm32-e407
[0.540s] -- Up-to-date: /home/paolo/purple_whales_ws/install/micro_ros_setup/./config/freertos/olimex-stm32-e407/flash.sh
[0.541s] -- Up-to-date: /home/paolo/purple_whales_ws/install/micro_ros_setup/./config/freertos/olimex-stm32-e407/board.repos
[0.542s] -- Up-to-date: /home/paolo/purple_whales_ws/install/micro_ros_setup/./config/freertos/olimex-stm32-e407/configure.sh
[0.542s] -- Up-to-date: /home/paolo/purple_whales_ws/install/micro_ros_setup/./config/freertos/olimex-stm32-e407/create.sh
[0.542s] -- Up-to-date: /home/paolo/purple_whales_ws/install/micro_ros_setup/./config/freertos/olimex-stm32-e407/client-colcon.meta
[0.543s] -- Up-to-date: /home/paolo/purple_whales_ws/install/micro_ros_setup/./config/freertos/olimex-stm32-e407/client_uros_packages.repos
[0.543s] -- Up-to-date: /home/paolo/purple_whales_ws/install/micro_ros_setup/./config/freertos/olimex-stm32-e407/package.xml
[0.543s] -- Up-to-date: /home/paolo/purple_whales_ws/install/micro_ros_setup/./config/freertos/olimex-stm32-e407/build.sh
[0.543s] -- Up-to-date: /home/paolo/purple_whales_ws/install/micro_ros_setup/./config/freertos/nucleo_f746zg
[0.543s] -- Up-to-date: /home/paolo/purple_whales_ws/install/micro_ros_setup/./config/freertos/nucleo_f746zg/flash.sh
[0.543s] -- Up-to-date: /home/paolo/purple_whales_ws/install/micro_ros_setup/./config/freertos/nucleo_f746zg/board.repos
[0.543s] -- Up-to-date: /home/paolo/purple_whales_ws/install/micro_ros_setup/./config/freertos/nucleo_f746zg/configure.sh
[0.543s] -- Up-to-date: /home/paolo/purple_whales_ws/install/micro_ros_setup/./config/freertos/nucleo_f746zg/create.sh
[0.543s] -- Up-to-date: /home/paolo/purple_whales_ws/install/micro_ros_setup/./config/freertos/nucleo_f746zg/client-colcon.meta
[0.543s] -- Up-to-date: /home/paolo/purple_whales_ws/install/micro_ros_setup/./config/freertos/nucleo_f746zg/client_uros_packages.repos
[0.543s] -- Up-to-date: /home/paolo/purple_whales_ws/install/micro_ros_setup/./config/freertos/nucleo_f746zg/package.xml
[0.543s] -- Up-to-date: /home/paolo/purple_whales_ws/install/micro_ros_setup/./config/freertos/nucleo_f746zg/build.sh
[0.545s] -- Up-to-date: /home/paolo/purple_whales_ws/install/micro_ros_setup/./config/freertos/dev_uros_packages.repos
[0.545s] -- Up-to-date: /home/paolo/purple_whales_ws/install/micro_ros_setup/./config/freertos/esp32
[0.545s] -- Up-to-date: /home/paolo/purple_whales_ws/install/micro_ros_setup/./config/freertos/esp32/flash.sh
[0.545s] -- Up-to-date: /home/paolo/purple_whales_ws/install/micro_ros_setup/./config/freertos/esp32/board.repos
[0.546s] -- Up-to-date: /home/paolo/purple_whales_ws/install/micro_ros_setup/./config/freertos/esp32/configure.sh
[0.547s] -- Up-to-date: /home/paolo/purple_whales_ws/install/micro_ros_setup/./config/freertos/esp32/create.sh
[0.547s] -- Up-to-date: /home/paolo/purple_whales_ws/install/micro_ros_setup/./config/freertos/esp32/client-colcon.meta
[0.547s] -- Up-to-date: /home/paolo/purple_whales_ws/install/micro_ros_setup/./config/freertos/esp32/client_uros_packages.repos
[0.547s] -- Up-to-date: /home/paolo/purple_whales_ws/install/micro_ros_setup/./config/freertos/esp32/package.xml
[0.547s] -- Up-to-date: /home/paolo/purple_whales_ws/install/micro_ros_setup/./config/freertos/esp32/README.md
[0.547s] -- Up-to-date: /home/paolo/purple_whales_ws/install/micro_ros_setup/./config/freertos/esp32/build.sh
[0.548s] -- Up-to-date: /home/paolo/purple_whales_ws/install/micro_ros_setup/./config/freertos/nucleo_f446re
[0.548s] -- Up-to-date: /home/paolo/purple_whales_ws/install/micro_ros_setup/./config/freertos/nucleo_f446re/flash.sh
[0.548s] -- Up-to-date: /home/paolo/purple_whales_ws/install/micro_ros_setup/./config/freertos/nucleo_f446re/board.repos
[0.548s] -- Up-to-date: /home/paolo/purple_whales_ws/install/micro_ros_setup/./config/freertos/nucleo_f446re/configure.sh
[0.549s] -- Up-to-date: /home/paolo/purple_whales_ws/install/micro_ros_setup/./config/freertos/nucleo_f446re/create.sh
[0.549s] -- Up-to-date: /home/paolo/purple_whales_ws/install/micro_ros_setup/./config/freertos/nucleo_f446re/client-colcon.meta
[0.549s] -- Up-to-date: /home/paolo/purple_whales_ws/install/micro_ros_setup/./config/freertos/nucleo_f446re/client_uros_packages.repos
[0.549s] -- Up-to-date: /home/paolo/purple_whales_ws/install/micro_ros_setup/./config/freertos/nucleo_f446re/package.xml
[0.550s] -- Up-to-date: /home/paolo/purple_whales_ws/install/micro_ros_setup/./config/freertos/nucleo_f446re/build.sh
[0.550s] -- Up-to-date: /home/paolo/purple_whales_ws/install/micro_ros_setup/./config/freertos/list_apps.sh
[0.550s] -- Up-to-date: /home/paolo/purple_whales_ws/install/micro_ros_setup/./config/agent_uros_packages.repos
[0.550s] -- Up-to-date: /home/paolo/purple_whales_ws/install/micro_ros_setup/lib/micro_ros_setup/create_ws.sh
[0.550s] -- Up-to-date: /home/paolo/purple_whales_ws/install/micro_ros_setup/lib/micro_ros_setup/create_agent_ws.sh
[0.551s] -- Up-to-date: /home/paolo/purple_whales_ws/install/micro_ros_setup/lib/micro_ros_setup/create_firmware_ws.sh
[0.551s] -- Up-to-date: /home/paolo/purple_whales_ws/install/micro_ros_setup/lib/micro_ros_setup/configure_firmware.sh
[0.551s] -- Up-to-date: /home/paolo/purple_whales_ws/install/micro_ros_setup/lib/micro_ros_setup/flash_firmware.sh
[0.551s] -- Up-to-date: /home/paolo/purple_whales_ws/install/micro_ros_setup/lib/micro_ros_setup/build_firmware.sh
[0.551s] -- Up-to-date: /home/paolo/purple_whales_ws/install/micro_ros_setup/lib/micro_ros_setup/build_agent.sh
[0.551s] -- Up-to-date: /home/paolo/purple_whales_ws/install/micro_ros_setup/lib/micro_ros_setup/yaml_filter.py
[0.551s] -- Up-to-date: /home/paolo/purple_whales_ws/install/micro_ros_setup/lib/micro_ros_setup/clean_env.sh
[0.551s] -- Up-to-date: /home/paolo/purple_whales_ws/install/micro_ros_setup/lib/micro_ros_setup/component
[0.551s] Invoked command in '/home/paolo/purple_whales_ws/build/micro_ros_setup' returned '0': CMAKE_PREFIX_PATH=/opt/ros/humble /usr/bin/cmake --install /home/paolo/purple_whales_ws/build/micro_ros_setup
