gmake[4]: Entering directory '/home/paolo/purple_whales_ws/firmware/mcu_ws/build/rosidl_typesupport_interface'
/usr/bin/cmake -S/home/paolo/purple_whales_ws/firmware/mcu_ws/ros2/rosidl/rosidl_typesupport_interface -B/home/paolo/purple_whales_ws/firmware/mcu_ws/build/rosidl_typesupport_interface --check-build-system CMakeFiles/Makefile.cmake 0
Re-run cmake file: Makefile older than: /home/paolo/purple_whales_ws/firmware/freertos_apps/microros_esp32_extensions/esp32_toolchain.cmake
-- Found ament_cmake: 1.3.8 (/home/paolo/purple_whales_ws/firmware/dev_ws/install/ament_cmake/share/ament_cmake/cmake)
-- Configuring done
-- Generating done
-- Build files have been written to: /home/paolo/purple_whales_ws/firmware/mcu_ws/build/rosidl_typesupport_interface
/usr/bin/cmake -E cmake_progress_start /home/paolo/purple_whales_ws/firmware/mcu_ws/build/rosidl_typesupport_interface/CMakeFiles /home/paolo/purple_whales_ws/firmware/mcu_ws/build/rosidl_typesupport_interface//CMakeFiles/progress.marks
/usr/bin/gmake  -f CMakeFiles/Makefile2 all
gmake[5]: Entering directory '/home/paolo/purple_whales_ws/firmware/mcu_ws/build/rosidl_typesupport_interface'
gmake[5]: Nothing to be done for 'all'.
gmake[5]: Leaving directory '/home/paolo/purple_whales_ws/firmware/mcu_ws/build/rosidl_typesupport_interface'
/usr/bin/cmake -E cmake_progress_start /home/paolo/purple_whales_ws/firmware/mcu_ws/build/rosidl_typesupport_interface/CMakeFiles 0
gmake[4]: Leaving directory '/home/paolo/purple_whales_ws/firmware/mcu_ws/build/rosidl_typesupport_interface'
-- Install configuration: "Debug"
-- Up-to-date: /home/paolo/purple_whales_ws/firmware/mcu_ws/install/share/ament_index/resource_index/package_run_dependencies/rosidl_typesupport_interface
-- Up-to-date: /home/paolo/purple_whales_ws/firmware/mcu_ws/install/share/ament_index/resource_index/parent_prefix_path/rosidl_typesupport_interface
-- Up-to-date: /home/paolo/purple_whales_ws/firmware/mcu_ws/install/share/rosidl_typesupport_interface/environment/ament_prefix_path.sh
-- Installing: /home/paolo/purple_whales_ws/firmware/mcu_ws/install/share/rosidl_typesupport_interface/environment/ament_prefix_path.dsv
-- Up-to-date: /home/paolo/purple_whales_ws/firmware/mcu_ws/install/share/rosidl_typesupport_interface/environment/path.sh
-- Installing: /home/paolo/purple_whales_ws/firmware/mcu_ws/install/share/rosidl_typesupport_interface/environment/path.dsv
-- Up-to-date: /home/paolo/purple_whales_ws/firmware/mcu_ws/install/share/rosidl_typesupport_interface/local_setup.bash
-- Up-to-date: /home/paolo/purple_whales_ws/firmware/mcu_ws/install/share/rosidl_typesupport_interface/local_setup.sh
-- Up-to-date: /home/paolo/purple_whales_ws/firmware/mcu_ws/install/share/rosidl_typesupport_interface/local_setup.zsh
-- Installing: /home/paolo/purple_whales_ws/firmware/mcu_ws/install/share/rosidl_typesupport_interface/local_setup.dsv
-- Installing: /home/paolo/purple_whales_ws/firmware/mcu_ws/install/share/rosidl_typesupport_interface/package.dsv
-- Up-to-date: /home/paolo/purple_whales_ws/firmware/mcu_ws/install/share/ament_index/resource_index/packages/rosidl_typesupport_interface
-- Up-to-date: /home/paolo/purple_whales_ws/firmware/mcu_ws/install/share/rosidl_typesupport_interface/cmake/rosidl_typesupport_interfaceExport.cmake
-- Up-to-date: /home/paolo/purple_whales_ws/firmware/mcu_ws/install/share/rosidl_typesupport_interface/cmake/ament_cmake_export_include_directories-extras.cmake
-- Up-to-date: /home/paolo/purple_whales_ws/firmware/mcu_ws/install/share/rosidl_typesupport_interface/cmake/ament_cmake_export_targets-extras.cmake
-- Up-to-date: /home/paolo/purple_whales_ws/firmware/mcu_ws/install/share/rosidl_typesupport_interface/cmake/rosidl_typesupport_interfaceConfig.cmake
-- Up-to-date: /home/paolo/purple_whales_ws/firmware/mcu_ws/install/share/rosidl_typesupport_interface/cmake/rosidl_typesupport_interfaceConfig-version.cmake
-- Up-to-date: /home/paolo/purple_whales_ws/firmware/mcu_ws/install/share/rosidl_typesupport_interface/package.xml
-- Up-to-date: /home/paolo/purple_whales_ws/firmware/mcu_ws/install/include/rosidl_typesupport_interface
-- Up-to-date: /home/paolo/purple_whales_ws/firmware/mcu_ws/install/include/rosidl_typesupport_interface/rosidl_typesupport_interface
-- Up-to-date: /home/paolo/purple_whales_ws/firmware/mcu_ws/install/include/rosidl_typesupport_interface/rosidl_typesupport_interface/macros.h
