[0.932s] Invoking command in '/home/paolo/purple_whales_ws/firmware/mcu_ws/uros/tracetools/tracetools_trace': PYTHONPATH=/home/paolo/purple_whales_ws/firmware/mcu_ws/build/tracetools_trace/prefix_override:/home/paolo/purple_whales_ws/firmware/mcu_ws/install/lib/python3.10/site-packages:${PYTHONPATH} /home/paolo/purple_whales_ws/firmware/toolchain/espressif/python_env/idf4.1_py3.10_env/bin/python -W ignore:setup.py install is deprecated setup.py egg_info --egg-base ../../../build/tracetools_trace build --build-base /home/paolo/purple_whales_ws/firmware/mcu_ws/build/tracetools_trace/build install --record /home/paolo/purple_whales_ws/firmware/mcu_ws/build/tracetools_trace/install.log --single-version-externally-managed install_data
[1.196s] running egg_info
[1.206s] writing ../../../build/tracetools_trace/tracetools_trace.egg-info/PKG-INFO
[1.208s] writing dependency_links to ../../../build/tracetools_trace/tracetools_trace.egg-info/dependency_links.txt
[1.209s] writing entry points to ../../../build/tracetools_trace/tracetools_trace.egg-info/entry_points.txt
[1.209s] writing requirements to ../../../build/tracetools_trace/tracetools_trace.egg-info/requires.txt
[1.209s] writing top-level names to ../../../build/tracetools_trace/tracetools_trace.egg-info/top_level.txt
[1.227s] reading manifest file '../../../build/tracetools_trace/tracetools_trace.egg-info/SOURCES.txt'
[1.230s] writing manifest file '../../../build/tracetools_trace/tracetools_trace.egg-info/SOURCES.txt'
[1.230s] running build
[1.231s] running build_py
[1.231s] copying tracetools_trace/__init__.py -> /home/paolo/purple_whales_ws/firmware/mcu_ws/build/tracetools_trace/build/lib/tracetools_trace
[1.231s] copying tracetools_trace/trace.py -> /home/paolo/purple_whales_ws/firmware/mcu_ws/build/tracetools_trace/build/lib/tracetools_trace
[1.232s] copying tracetools_trace/tools/lttng_stub.py -> /home/paolo/purple_whales_ws/firmware/mcu_ws/build/tracetools_trace/build/lib/tracetools_trace/tools
[1.232s] copying tracetools_trace/tools/args.py -> /home/paolo/purple_whales_ws/firmware/mcu_ws/build/tracetools_trace/build/lib/tracetools_trace/tools
[1.233s] copying tracetools_trace/tools/__init__.py -> /home/paolo/purple_whales_ws/firmware/mcu_ws/build/tracetools_trace/build/lib/tracetools_trace/tools
[1.233s] copying tracetools_trace/tools/signals.py -> /home/paolo/purple_whales_ws/firmware/mcu_ws/build/tracetools_trace/build/lib/tracetools_trace/tools
[1.233s] copying tracetools_trace/tools/tracepoints.py -> /home/paolo/purple_whales_ws/firmware/mcu_ws/build/tracetools_trace/build/lib/tracetools_trace/tools
[1.233s] copying tracetools_trace/tools/names.py -> /home/paolo/purple_whales_ws/firmware/mcu_ws/build/tracetools_trace/build/lib/tracetools_trace/tools
[1.234s] copying tracetools_trace/tools/lttng.py -> /home/paolo/purple_whales_ws/firmware/mcu_ws/build/tracetools_trace/build/lib/tracetools_trace/tools
[1.234s] copying tracetools_trace/tools/path.py -> /home/paolo/purple_whales_ws/firmware/mcu_ws/build/tracetools_trace/build/lib/tracetools_trace/tools
[1.234s] copying tracetools_trace/tools/lttng_impl.py -> /home/paolo/purple_whales_ws/firmware/mcu_ws/build/tracetools_trace/build/lib/tracetools_trace/tools
[1.235s] running install
[1.241s] running install_lib
[1.251s] running install_data
[1.251s] copying package.xml -> /home/paolo/purple_whales_ws/firmware/mcu_ws/install/share/tracetools_trace
[1.251s] copying resource/tracetools_trace -> /home/paolo/purple_whales_ws/firmware/mcu_ws/install/share/ament_index/resource_index/packages
[1.251s] running install_egg_info
[1.262s] removing '/home/paolo/purple_whales_ws/firmware/mcu_ws/install/lib/python3.10/site-packages/tracetools_trace-4.1.1-py3.10.egg-info' (and everything under it)
[1.262s] Copying ../../../build/tracetools_trace/tracetools_trace.egg-info to /home/paolo/purple_whales_ws/firmware/mcu_ws/install/lib/python3.10/site-packages/tracetools_trace-4.1.1-py3.10.egg-info
[1.264s] running install_scripts
[1.340s] Installing trace script to /home/paolo/purple_whales_ws/firmware/mcu_ws/install/bin
[1.341s] writing list of installed files to '/home/paolo/purple_whales_ws/firmware/mcu_ws/build/tracetools_trace/install.log'
[1.524s] Invoked command in '/home/paolo/purple_whales_ws/firmware/mcu_ws/uros/tracetools/tracetools_trace' returned '0': PYTHONPATH=/home/paolo/purple_whales_ws/firmware/mcu_ws/build/tracetools_trace/prefix_override:/home/paolo/purple_whales_ws/firmware/mcu_ws/install/lib/python3.10/site-packages:${PYTHONPATH} /home/paolo/purple_whales_ws/firmware/toolchain/espressif/python_env/idf4.1_py3.10_env/bin/python -W ignore:setup.py install is deprecated setup.py egg_info --egg-base ../../../build/tracetools_trace build --build-base /home/paolo/purple_whales_ws/firmware/mcu_ws/build/tracetools_trace/build install --record /home/paolo/purple_whales_ws/firmware/mcu_ws/build/tracetools_trace/install.log --single-version-externally-managed install_data
