gmake[4]: Entering directory '/home/paolo/purple_whales_ws/firmware/mcu_ws/build/builtin_interfaces'
/usr/bin/cmake -S/home/paolo/purple_whales_ws/firmware/mcu_ws/ros2/rcl_interfaces/builtin_interfaces -B/home/paolo/purple_whales_ws/firmware/mcu_ws/build/builtin_interfaces --check-build-system CMakeFiles/Makefile.cmake 0
Re-run cmake file: Makefile older than: /home/paolo/purple_whales_ws/firmware/freertos_apps/microros_esp32_extensions/esp32_toolchain.cmake
-- Found ament_cmake: 1.3.8 (/home/paolo/purple_whales_ws/firmware/dev_ws/install/ament_cmake/share/ament_cmake/cmake)
-- Found rosidl_default_generators: 1.2.0 (/home/paolo/purple_whales_ws/firmware/mcu_ws/install/share/rosidl_default_generators/cmake)
-- Using all available rosidl_typesupport_c: rosidl_typesupport_introspection_c;rosidl_typesupport_microxrcedds_c
-- Found rosidl_adapter: 3.1.5 (/home/paolo/purple_whales_ws/firmware/mcu_ws/install/share/rosidl_adapter/cmake)
-- Found ament_cmake_ros: 0.10.0 (/home/paolo/purple_whales_ws/firmware/dev_ws/install/ament_cmake_ros/share/ament_cmake_ros/cmake)
-- Using all available rosidl_typesupport_c: rosidl_typesupport_introspection_c;rosidl_typesupport_microxrcedds_c
-- Configuring done
-- Generating done
-- Build files have been written to: /home/paolo/purple_whales_ws/firmware/mcu_ws/build/builtin_interfaces
/usr/bin/cmake -E cmake_progress_start /home/paolo/purple_whales_ws/firmware/mcu_ws/build/builtin_interfaces/CMakeFiles /home/paolo/purple_whales_ws/firmware/mcu_ws/build/builtin_interfaces//CMakeFiles/progress.marks
/usr/bin/gmake  -f CMakeFiles/Makefile2 all
gmake[5]: Entering directory '/home/paolo/purple_whales_ws/firmware/mcu_ws/build/builtin_interfaces'
/usr/bin/gmake  -f CMakeFiles/builtin_interfaces__rosidl_generator_c.dir/build.make CMakeFiles/builtin_interfaces__rosidl_generator_c.dir/depend
gmake[6]: Entering directory '/home/paolo/purple_whales_ws/firmware/mcu_ws/build/builtin_interfaces'
cd /home/paolo/purple_whales_ws/firmware/mcu_ws/build/builtin_interfaces && /usr/bin/cmake -E cmake_depends "Unix Makefiles" /home/paolo/purple_whales_ws/firmware/mcu_ws/ros2/rcl_interfaces/builtin_interfaces /home/paolo/purple_whales_ws/firmware/mcu_ws/ros2/rcl_interfaces/builtin_interfaces /home/paolo/purple_whales_ws/firmware/mcu_ws/build/builtin_interfaces /home/paolo/purple_whales_ws/firmware/mcu_ws/build/builtin_interfaces /home/paolo/purple_whales_ws/firmware/mcu_ws/build/builtin_interfaces/CMakeFiles/builtin_interfaces__rosidl_generator_c.dir/DependInfo.cmake --color=
Dependencies file "CMakeFiles/builtin_interfaces__rosidl_generator_c.dir/rosidl_generator_c/builtin_interfaces/msg/detail/duration__functions.c.obj.d" is newer than depends file "/home/paolo/purple_whales_ws/firmware/mcu_ws/build/builtin_interfaces/CMakeFiles/builtin_interfaces__rosidl_generator_c.dir/compiler_depend.internal".
Dependencies file "CMakeFiles/builtin_interfaces__rosidl_generator_c.dir/rosidl_generator_c/builtin_interfaces/msg/detail/time__functions.c.obj.d" is newer than depends file "/home/paolo/purple_whales_ws/firmware/mcu_ws/build/builtin_interfaces/CMakeFiles/builtin_interfaces__rosidl_generator_c.dir/compiler_depend.internal".
[35m[1mConsolidate compiler generated dependencies of target builtin_interfaces__rosidl_generator_c[0m
gmake[6]: Leaving directory '/home/paolo/purple_whales_ws/firmware/mcu_ws/build/builtin_interfaces'
/usr/bin/gmake  -f CMakeFiles/builtin_interfaces__rosidl_generator_c.dir/build.make CMakeFiles/builtin_interfaces__rosidl_generator_c.dir/build
gmake[6]: Entering directory '/home/paolo/purple_whales_ws/firmware/mcu_ws/build/builtin_interfaces'
gmake[6]: Nothing to be done for 'CMakeFiles/builtin_interfaces__rosidl_generator_c.dir/build'.
gmake[6]: Leaving directory '/home/paolo/purple_whales_ws/firmware/mcu_ws/build/builtin_interfaces'
[ 25%] Built target builtin_interfaces__rosidl_generator_c
/usr/bin/gmake  -f CMakeFiles/builtin_interfaces__rosidl_typesupport_c.dir/build.make CMakeFiles/builtin_interfaces__rosidl_typesupport_c.dir/depend
/usr/bin/gmake  -f CMakeFiles/builtin_interfaces__rosidl_typesupport_introspection_c.dir/build.make CMakeFiles/builtin_interfaces__rosidl_typesupport_introspection_c.dir/depend
/usr/bin/gmake  -f CMakeFiles/builtin_interfaces__rosidl_typesupport_microxrcedds_c.dir/build.make CMakeFiles/builtin_interfaces__rosidl_typesupport_microxrcedds_c.dir/depend
gmake[6]: Entering directory '/home/paolo/purple_whales_ws/firmware/mcu_ws/build/builtin_interfaces'
cd /home/paolo/purple_whales_ws/firmware/mcu_ws/build/builtin_interfaces && /usr/bin/cmake -E cmake_depends "Unix Makefiles" /home/paolo/purple_whales_ws/firmware/mcu_ws/ros2/rcl_interfaces/builtin_interfaces /home/paolo/purple_whales_ws/firmware/mcu_ws/ros2/rcl_interfaces/builtin_interfaces /home/paolo/purple_whales_ws/firmware/mcu_ws/build/builtin_interfaces /home/paolo/purple_whales_ws/firmware/mcu_ws/build/builtin_interfaces /home/paolo/purple_whales_ws/firmware/mcu_ws/build/builtin_interfaces/CMakeFiles/builtin_interfaces__rosidl_typesupport_introspection_c.dir/DependInfo.cmake --color=
gmake[6]: Entering directory '/home/paolo/purple_whales_ws/firmware/mcu_ws/build/builtin_interfaces'
cd /home/paolo/purple_whales_ws/firmware/mcu_ws/build/builtin_interfaces && /usr/bin/cmake -E cmake_depends "Unix Makefiles" /home/paolo/purple_whales_ws/firmware/mcu_ws/ros2/rcl_interfaces/builtin_interfaces /home/paolo/purple_whales_ws/firmware/mcu_ws/ros2/rcl_interfaces/builtin_interfaces /home/paolo/purple_whales_ws/firmware/mcu_ws/build/builtin_interfaces /home/paolo/purple_whales_ws/firmware/mcu_ws/build/builtin_interfaces /home/paolo/purple_whales_ws/firmware/mcu_ws/build/builtin_interfaces/CMakeFiles/builtin_interfaces__rosidl_typesupport_c.dir/DependInfo.cmake --color=
gmake[6]: Entering directory '/home/paolo/purple_whales_ws/firmware/mcu_ws/build/builtin_interfaces'
cd /home/paolo/purple_whales_ws/firmware/mcu_ws/build/builtin_interfaces && /usr/bin/cmake -E cmake_depends "Unix Makefiles" /home/paolo/purple_whales_ws/firmware/mcu_ws/ros2/rcl_interfaces/builtin_interfaces /home/paolo/purple_whales_ws/firmware/mcu_ws/ros2/rcl_interfaces/builtin_interfaces /home/paolo/purple_whales_ws/firmware/mcu_ws/build/builtin_interfaces /home/paolo/purple_whales_ws/firmware/mcu_ws/build/builtin_interfaces /home/paolo/purple_whales_ws/firmware/mcu_ws/build/builtin_interfaces/CMakeFiles/builtin_interfaces__rosidl_typesupport_microxrcedds_c.dir/DependInfo.cmake --color=
Dependencies file "CMakeFiles/builtin_interfaces__rosidl_typesupport_c.dir/rosidl_typesupport_c/builtin_interfaces/msg/duration__type_support.cpp.obj.d" is newer than depends file "/home/paolo/purple_whales_ws/firmware/mcu_ws/build/builtin_interfaces/CMakeFiles/builtin_interfaces__rosidl_typesupport_c.dir/compiler_depend.internal".
Dependencies file "CMakeFiles/builtin_interfaces__rosidl_typesupport_introspection_c.dir/rosidl_typesupport_introspection_c/builtin_interfaces/msg/detail/duration__type_support.c.obj.d" is newer than depends file "/home/paolo/purple_whales_ws/firmware/mcu_ws/build/builtin_interfaces/CMakeFiles/builtin_interfaces__rosidl_typesupport_introspection_c.dir/compiler_depend.internal".
Dependencies file "CMakeFiles/builtin_interfaces__rosidl_typesupport_microxrcedds_c.dir/rosidl_typesupport_microxrcedds_c/builtin_interfaces/msg/detail/microxrcedds/duration__type_support_c.c.obj.d" is newer than depends file "/home/paolo/purple_whales_ws/firmware/mcu_ws/build/builtin_interfaces/CMakeFiles/builtin_interfaces__rosidl_typesupport_microxrcedds_c.dir/compiler_depend.internal".
Dependencies file "CMakeFiles/builtin_interfaces__rosidl_typesupport_c.dir/rosidl_typesupport_c/builtin_interfaces/msg/time__type_support.cpp.obj.d" is newer than depends file "/home/paolo/purple_whales_ws/firmware/mcu_ws/build/builtin_interfaces/CMakeFiles/builtin_interfaces__rosidl_typesupport_c.dir/compiler_depend.internal".
Dependencies file "CMakeFiles/builtin_interfaces__rosidl_typesupport_introspection_c.dir/rosidl_typesupport_introspection_c/builtin_interfaces/msg/detail/time__type_support.c.obj.d" is newer than depends file "/home/paolo/purple_whales_ws/firmware/mcu_ws/build/builtin_interfaces/CMakeFiles/builtin_interfaces__rosidl_typesupport_introspection_c.dir/compiler_depend.internal".
Dependencies file "CMakeFiles/builtin_interfaces__rosidl_typesupport_microxrcedds_c.dir/rosidl_typesupport_microxrcedds_c/builtin_interfaces/msg/detail/microxrcedds/time__type_support_c.c.obj.d" is newer than depends file "/home/paolo/purple_whales_ws/firmware/mcu_ws/build/builtin_interfaces/CMakeFiles/builtin_interfaces__rosidl_typesupport_microxrcedds_c.dir/compiler_depend.internal".
[35m[1mConsolidate compiler generated dependencies of target builtin_interfaces__rosidl_typesupport_c[0m
[35m[1mConsolidate compiler generated dependencies of target builtin_interfaces__rosidl_typesupport_introspection_c[0m
[35m[1mConsolidate compiler generated dependencies of target builtin_interfaces__rosidl_typesupport_microxrcedds_c[0m
gmake[6]: Leaving directory '/home/paolo/purple_whales_ws/firmware/mcu_ws/build/builtin_interfaces'
gmake[6]: Leaving directory '/home/paolo/purple_whales_ws/firmware/mcu_ws/build/builtin_interfaces'
/usr/bin/gmake  -f CMakeFiles/builtin_interfaces__rosidl_typesupport_c.dir/build.make CMakeFiles/builtin_interfaces__rosidl_typesupport_c.dir/build
gmake[6]: Leaving directory '/home/paolo/purple_whales_ws/firmware/mcu_ws/build/builtin_interfaces'
/usr/bin/gmake  -f CMakeFiles/builtin_interfaces__rosidl_typesupport_introspection_c.dir/build.make CMakeFiles/builtin_interfaces__rosidl_typesupport_introspection_c.dir/build
/usr/bin/gmake  -f CMakeFiles/builtin_interfaces__rosidl_typesupport_microxrcedds_c.dir/build.make CMakeFiles/builtin_interfaces__rosidl_typesupport_microxrcedds_c.dir/build
gmake[6]: Entering directory '/home/paolo/purple_whales_ws/firmware/mcu_ws/build/builtin_interfaces'
gmake[6]: Nothing to be done for 'CMakeFiles/builtin_interfaces__rosidl_typesupport_c.dir/build'.
gmake[6]: Leaving directory '/home/paolo/purple_whales_ws/firmware/mcu_ws/build/builtin_interfaces'
gmake[6]: Entering directory '/home/paolo/purple_whales_ws/firmware/mcu_ws/build/builtin_interfaces'
gmake[6]: Nothing to be done for 'CMakeFiles/builtin_interfaces__rosidl_typesupport_introspection_c.dir/build'.
gmake[6]: Leaving directory '/home/paolo/purple_whales_ws/firmware/mcu_ws/build/builtin_interfaces'
gmake[6]: Entering directory '/home/paolo/purple_whales_ws/firmware/mcu_ws/build/builtin_interfaces'
gmake[6]: Nothing to be done for 'CMakeFiles/builtin_interfaces__rosidl_typesupport_microxrcedds_c.dir/build'.
gmake[6]: Leaving directory '/home/paolo/purple_whales_ws/firmware/mcu_ws/build/builtin_interfaces'
[ 68%] Built target builtin_interfaces__rosidl_typesupport_c
[ 81%] Built target builtin_interfaces__rosidl_typesupport_introspection_c
[100%] Built target builtin_interfaces__rosidl_typesupport_microxrcedds_c
/usr/bin/gmake  -f CMakeFiles/builtin_interfaces.dir/build.make CMakeFiles/builtin_interfaces.dir/depend
gmake[6]: Entering directory '/home/paolo/purple_whales_ws/firmware/mcu_ws/build/builtin_interfaces'
cd /home/paolo/purple_whales_ws/firmware/mcu_ws/build/builtin_interfaces && /usr/bin/cmake -E cmake_depends "Unix Makefiles" /home/paolo/purple_whales_ws/firmware/mcu_ws/ros2/rcl_interfaces/builtin_interfaces /home/paolo/purple_whales_ws/firmware/mcu_ws/ros2/rcl_interfaces/builtin_interfaces /home/paolo/purple_whales_ws/firmware/mcu_ws/build/builtin_interfaces /home/paolo/purple_whales_ws/firmware/mcu_ws/build/builtin_interfaces /home/paolo/purple_whales_ws/firmware/mcu_ws/build/builtin_interfaces/CMakeFiles/builtin_interfaces.dir/DependInfo.cmake --color=
gmake[6]: Leaving directory '/home/paolo/purple_whales_ws/firmware/mcu_ws/build/builtin_interfaces'
/usr/bin/gmake  -f CMakeFiles/builtin_interfaces.dir/build.make CMakeFiles/builtin_interfaces.dir/build
gmake[6]: Entering directory '/home/paolo/purple_whales_ws/firmware/mcu_ws/build/builtin_interfaces'
gmake[6]: Nothing to be done for 'CMakeFiles/builtin_interfaces.dir/build'.
gmake[6]: Leaving directory '/home/paolo/purple_whales_ws/firmware/mcu_ws/build/builtin_interfaces'
[100%] Built target builtin_interfaces
gmake[5]: Leaving directory '/home/paolo/purple_whales_ws/firmware/mcu_ws/build/builtin_interfaces'
/usr/bin/cmake -E cmake_progress_start /home/paolo/purple_whales_ws/firmware/mcu_ws/build/builtin_interfaces/CMakeFiles 0
gmake[4]: Leaving directory '/home/paolo/purple_whales_ws/firmware/mcu_ws/build/builtin_interfaces'
