[0.032s] Invoking command in '/home/paolo/purple_whales_ws/build/micro_ros_msgs': CMAKE_PREFIX_PATH=/opt/ros/humble /usr/bin/cmake --build /home/paolo/purple_whales_ws/build/micro_ros_msgs -- -j20 -l20
[0.373s] [  2%] Built target micro_ros_msgs__cpp
[0.374s] [ 12%] Built target micro_ros_msgs__rosidl_generator_c
[0.374s] [ 12%] Built target ament_cmake_python_copy_micro_ros_msgs
[0.374s] [ 40%] Built target micro_ros_msgs__rosidl_typesupport_introspection_cpp
[0.375s] [ 40%] Built target micro_ros_msgs__rosidl_typesupport_fastrtps_cpp
[0.375s] [ 44%] Built target micro_ros_msgs__rosidl_typesupport_cpp
[0.375s] [ 72%] Built target micro_ros_msgs__rosidl_typesupport_introspection_c
[0.375s] [ 74%] Built target micro_ros_msgs__rosidl_typesupport_fastrtps_c
[0.376s] [ 76%] Built target micro_ros_msgs__rosidl_typesupport_c
[0.376s] [ 76%] Built target micro_ros_msgs
[0.377s] [ 78%] Built target micro_ros_msgs__py
[0.377s] [ 87%] Built target micro_ros_msgs__rosidl_generator_py
[0.377s] [ 95%] Built target micro_ros_msgs__rosidl_typesupport_fastrtps_c__pyext
[0.377s] [ 95%] Built target micro_ros_msgs__rosidl_typesupport_introspection_c__pyext
[0.377s] [100%] Built target micro_ros_msgs__rosidl_typesupport_c__pyext
[0.377s] running egg_info
[0.384s] writing micro_ros_msgs.egg-info/PKG-INFO
[0.384s] writing dependency_links to micro_ros_msgs.egg-info/dependency_links.txt
[0.384s] writing top-level names to micro_ros_msgs.egg-info/top_level.txt
[0.384s] reading manifest file 'micro_ros_msgs.egg-info/SOURCES.txt'
[0.386s] writing manifest file 'micro_ros_msgs.egg-info/SOURCES.txt'
[0.470s] [100%] Built target ament_cmake_python_build_micro_ros_msgs_egg
[0.497s] Invoked command in '/home/paolo/purple_whales_ws/build/micro_ros_msgs' returned '0': CMAKE_PREFIX_PATH=/opt/ros/humble /usr/bin/cmake --build /home/paolo/purple_whales_ws/build/micro_ros_msgs -- -j20 -l20
[0.575s] Invoking command in '/home/paolo/purple_whales_ws/build/micro_ros_msgs': CMAKE_PREFIX_PATH=/opt/ros/humble /usr/bin/cmake --install /home/paolo/purple_whales_ws/build/micro_ros_msgs
[0.587s] -- Install configuration: ""
[0.588s] -- Up-to-date: /home/paolo/purple_whales_ws/install/micro_ros_msgs/share/ament_index/resource_index/rosidl_interfaces/micro_ros_msgs
[0.588s] -- Up-to-date: /home/paolo/purple_whales_ws/install/micro_ros_msgs/include/micro_ros_msgs/micro_ros_msgs
[0.588s] -- Up-to-date: /home/paolo/purple_whales_ws/install/micro_ros_msgs/include/micro_ros_msgs/micro_ros_msgs/msg
[0.588s] -- Up-to-date: /home/paolo/purple_whales_ws/install/micro_ros_msgs/include/micro_ros_msgs/micro_ros_msgs/msg/entity.h
[0.588s] -- Up-to-date: /home/paolo/purple_whales_ws/install/micro_ros_msgs/include/micro_ros_msgs/micro_ros_msgs/msg/node.h
[0.589s] -- Up-to-date: /home/paolo/purple_whales_ws/install/micro_ros_msgs/include/micro_ros_msgs/micro_ros_msgs/msg/graph.h
[0.589s] -- Up-to-date: /home/paolo/purple_whales_ws/install/micro_ros_msgs/include/micro_ros_msgs/micro_ros_msgs/msg/detail
[0.589s] -- Up-to-date: /home/paolo/purple_whales_ws/install/micro_ros_msgs/include/micro_ros_msgs/micro_ros_msgs/msg/detail/entity__struct.h
[0.590s] -- Up-to-date: /home/paolo/purple_whales_ws/install/micro_ros_msgs/include/micro_ros_msgs/micro_ros_msgs/msg/detail/graph__struct.h
[0.590s] -- Up-to-date: /home/paolo/purple_whales_ws/install/micro_ros_msgs/include/micro_ros_msgs/micro_ros_msgs/msg/detail/node__type_support.h
[0.590s] -- Up-to-date: /home/paolo/purple_whales_ws/install/micro_ros_msgs/include/micro_ros_msgs/micro_ros_msgs/msg/detail/graph__functions.c
[0.590s] -- Up-to-date: /home/paolo/purple_whales_ws/install/micro_ros_msgs/include/micro_ros_msgs/micro_ros_msgs/msg/detail/node__functions.h
[0.590s] -- Up-to-date: /home/paolo/purple_whales_ws/install/micro_ros_msgs/include/micro_ros_msgs/micro_ros_msgs/msg/detail/graph__functions.h
[0.590s] -- Up-to-date: /home/paolo/purple_whales_ws/install/micro_ros_msgs/include/micro_ros_msgs/micro_ros_msgs/msg/detail/node__functions.c
[0.590s] -- Up-to-date: /home/paolo/purple_whales_ws/install/micro_ros_msgs/include/micro_ros_msgs/micro_ros_msgs/msg/detail/entity__type_support.h
[0.590s] -- Up-to-date: /home/paolo/purple_whales_ws/install/micro_ros_msgs/include/micro_ros_msgs/micro_ros_msgs/msg/detail/node__struct.h
[0.590s] -- Up-to-date: /home/paolo/purple_whales_ws/install/micro_ros_msgs/include/micro_ros_msgs/micro_ros_msgs/msg/detail/graph__type_support.h
[0.591s] -- Up-to-date: /home/paolo/purple_whales_ws/install/micro_ros_msgs/include/micro_ros_msgs/micro_ros_msgs/msg/detail/entity__functions.c
[0.591s] -- Up-to-date: /home/paolo/purple_whales_ws/install/micro_ros_msgs/include/micro_ros_msgs/micro_ros_msgs/msg/detail/entity__functions.h
[0.591s] -- Up-to-date: /home/paolo/purple_whales_ws/install/micro_ros_msgs/include/micro_ros_msgs/micro_ros_msgs/msg/rosidl_generator_c__visibility_control.h
[0.591s] -- Up-to-date: /home/paolo/purple_whales_ws/install/micro_ros_msgs/share/micro_ros_msgs/environment/library_path.sh
[0.591s] -- Up-to-date: /home/paolo/purple_whales_ws/install/micro_ros_msgs/share/micro_ros_msgs/environment/library_path.dsv
[0.591s] -- Up-to-date: /home/paolo/purple_whales_ws/install/micro_ros_msgs/lib/libmicro_ros_msgs__rosidl_generator_c.so
[0.591s] -- Up-to-date: /home/paolo/purple_whales_ws/install/micro_ros_msgs/include/micro_ros_msgs/micro_ros_msgs
[0.591s] -- Up-to-date: /home/paolo/purple_whales_ws/install/micro_ros_msgs/include/micro_ros_msgs/micro_ros_msgs/msg
[0.591s] -- Up-to-date: /home/paolo/purple_whales_ws/install/micro_ros_msgs/include/micro_ros_msgs/micro_ros_msgs/msg/detail
[0.591s] -- Up-to-date: /home/paolo/purple_whales_ws/install/micro_ros_msgs/include/micro_ros_msgs/micro_ros_msgs/msg/detail/entity__rosidl_typesupport_fastrtps_c.h
[0.591s] -- Up-to-date: /home/paolo/purple_whales_ws/install/micro_ros_msgs/include/micro_ros_msgs/micro_ros_msgs/msg/detail/graph__rosidl_typesupport_fastrtps_c.h
[0.592s] -- Up-to-date: /home/paolo/purple_whales_ws/install/micro_ros_msgs/include/micro_ros_msgs/micro_ros_msgs/msg/detail/node__rosidl_typesupport_fastrtps_c.h
[0.592s] -- Up-to-date: /home/paolo/purple_whales_ws/install/micro_ros_msgs/include/micro_ros_msgs/micro_ros_msgs/msg/rosidl_typesupport_fastrtps_c__visibility_control.h
[0.592s] -- Up-to-date: /home/paolo/purple_whales_ws/install/micro_ros_msgs/lib/libmicro_ros_msgs__rosidl_typesupport_fastrtps_c.so
[0.592s] -- Up-to-date: /home/paolo/purple_whales_ws/install/micro_ros_msgs/include/micro_ros_msgs/micro_ros_msgs
[0.592s] -- Up-to-date: /home/paolo/purple_whales_ws/install/micro_ros_msgs/include/micro_ros_msgs/micro_ros_msgs/msg
[0.593s] -- Up-to-date: /home/paolo/purple_whales_ws/install/micro_ros_msgs/include/micro_ros_msgs/micro_ros_msgs/msg/detail
[0.593s] -- Up-to-date: /home/paolo/purple_whales_ws/install/micro_ros_msgs/include/micro_ros_msgs/micro_ros_msgs/msg/detail/entity__type_support.c
[0.593s] -- Up-to-date: /home/paolo/purple_whales_ws/install/micro_ros_msgs/include/micro_ros_msgs/micro_ros_msgs/msg/detail/graph__rosidl_typesupport_introspection_c.h
[0.593s] -- Up-to-date: /home/paolo/purple_whales_ws/install/micro_ros_msgs/include/micro_ros_msgs/micro_ros_msgs/msg/detail/node__type_support.c
[0.593s] -- Up-to-date: /home/paolo/purple_whales_ws/install/micro_ros_msgs/include/micro_ros_msgs/micro_ros_msgs/msg/detail/entity__rosidl_typesupport_introspection_c.h
[0.593s] -- Up-to-date: /home/paolo/purple_whales_ws/install/micro_ros_msgs/include/micro_ros_msgs/micro_ros_msgs/msg/detail/node__rosidl_typesupport_introspection_c.h
[0.593s] -- Up-to-date: /home/paolo/purple_whales_ws/install/micro_ros_msgs/include/micro_ros_msgs/micro_ros_msgs/msg/detail/graph__type_support.c
[0.593s] -- Up-to-date: /home/paolo/purple_whales_ws/install/micro_ros_msgs/include/micro_ros_msgs/micro_ros_msgs/msg/rosidl_typesupport_introspection_c__visibility_control.h
[0.593s] -- Up-to-date: /home/paolo/purple_whales_ws/install/micro_ros_msgs/lib/libmicro_ros_msgs__rosidl_typesupport_introspection_c.so
[0.593s] -- Up-to-date: /home/paolo/purple_whales_ws/install/micro_ros_msgs/lib/libmicro_ros_msgs__rosidl_typesupport_c.so
[0.593s] -- Up-to-date: /home/paolo/purple_whales_ws/install/micro_ros_msgs/include/micro_ros_msgs/micro_ros_msgs
[0.593s] -- Up-to-date: /home/paolo/purple_whales_ws/install/micro_ros_msgs/include/micro_ros_msgs/micro_ros_msgs/msg
[0.593s] -- Up-to-date: /home/paolo/purple_whales_ws/install/micro_ros_msgs/include/micro_ros_msgs/micro_ros_msgs/msg/graph.hpp
[0.593s] -- Up-to-date: /home/paolo/purple_whales_ws/install/micro_ros_msgs/include/micro_ros_msgs/micro_ros_msgs/msg/detail
[0.593s] -- Up-to-date: /home/paolo/purple_whales_ws/install/micro_ros_msgs/include/micro_ros_msgs/micro_ros_msgs/msg/detail/entity__traits.hpp
[0.593s] -- Up-to-date: /home/paolo/purple_whales_ws/install/micro_ros_msgs/include/micro_ros_msgs/micro_ros_msgs/msg/detail/entity__builder.hpp
[0.593s] -- Up-to-date: /home/paolo/purple_whales_ws/install/micro_ros_msgs/include/micro_ros_msgs/micro_ros_msgs/msg/detail/graph__struct.hpp
[0.593s] -- Up-to-date: /home/paolo/purple_whales_ws/install/micro_ros_msgs/include/micro_ros_msgs/micro_ros_msgs/msg/detail/graph__traits.hpp
[0.594s] -- Up-to-date: /home/paolo/purple_whales_ws/install/micro_ros_msgs/include/micro_ros_msgs/micro_ros_msgs/msg/detail/entity__struct.hpp
[0.594s] -- Up-to-date: /home/paolo/purple_whales_ws/install/micro_ros_msgs/include/micro_ros_msgs/micro_ros_msgs/msg/detail/node__struct.hpp
[0.594s] -- Up-to-date: /home/paolo/purple_whales_ws/install/micro_ros_msgs/include/micro_ros_msgs/micro_ros_msgs/msg/detail/graph__builder.hpp
[0.594s] -- Up-to-date: /home/paolo/purple_whales_ws/install/micro_ros_msgs/include/micro_ros_msgs/micro_ros_msgs/msg/detail/node__traits.hpp
[0.594s] -- Up-to-date: /home/paolo/purple_whales_ws/install/micro_ros_msgs/include/micro_ros_msgs/micro_ros_msgs/msg/detail/node__builder.hpp
[0.594s] -- Up-to-date: /home/paolo/purple_whales_ws/install/micro_ros_msgs/include/micro_ros_msgs/micro_ros_msgs/msg/node.hpp
[0.594s] -- Up-to-date: /home/paolo/purple_whales_ws/install/micro_ros_msgs/include/micro_ros_msgs/micro_ros_msgs/msg/entity.hpp
[0.594s] -- Up-to-date: /home/paolo/purple_whales_ws/install/micro_ros_msgs/include/micro_ros_msgs/micro_ros_msgs
[0.594s] -- Up-to-date: /home/paolo/purple_whales_ws/install/micro_ros_msgs/include/micro_ros_msgs/micro_ros_msgs/msg
[0.594s] -- Up-to-date: /home/paolo/purple_whales_ws/install/micro_ros_msgs/include/micro_ros_msgs/micro_ros_msgs/msg/detail
[0.594s] -- Up-to-date: /home/paolo/purple_whales_ws/install/micro_ros_msgs/include/micro_ros_msgs/micro_ros_msgs/msg/detail/graph__rosidl_typesupport_fastrtps_cpp.hpp
[0.594s] -- Up-to-date: /home/paolo/purple_whales_ws/install/micro_ros_msgs/include/micro_ros_msgs/micro_ros_msgs/msg/detail/node__rosidl_typesupport_fastrtps_cpp.hpp
[0.595s] -- Up-to-date: /home/paolo/purple_whales_ws/install/micro_ros_msgs/include/micro_ros_msgs/micro_ros_msgs/msg/detail/dds_fastrtps
[0.595s] -- Up-to-date: /home/paolo/purple_whales_ws/install/micro_ros_msgs/include/micro_ros_msgs/micro_ros_msgs/msg/detail/entity__rosidl_typesupport_fastrtps_cpp.hpp
[0.595s] -- Up-to-date: /home/paolo/purple_whales_ws/install/micro_ros_msgs/include/micro_ros_msgs/micro_ros_msgs/msg/rosidl_typesupport_fastrtps_cpp__visibility_control.h
[0.595s] -- Up-to-date: /home/paolo/purple_whales_ws/install/micro_ros_msgs/lib/libmicro_ros_msgs__rosidl_typesupport_fastrtps_cpp.so
[0.595s] -- Up-to-date: /home/paolo/purple_whales_ws/install/micro_ros_msgs/include/micro_ros_msgs/micro_ros_msgs
[0.595s] -- Up-to-date: /home/paolo/purple_whales_ws/install/micro_ros_msgs/include/micro_ros_msgs/micro_ros_msgs/msg
[0.595s] -- Up-to-date: /home/paolo/purple_whales_ws/install/micro_ros_msgs/include/micro_ros_msgs/micro_ros_msgs/msg/detail
[0.595s] -- Up-to-date: /home/paolo/purple_whales_ws/install/micro_ros_msgs/include/micro_ros_msgs/micro_ros_msgs/msg/detail/entity__rosidl_typesupport_introspection_cpp.hpp
[0.595s] -- Up-to-date: /home/paolo/purple_whales_ws/install/micro_ros_msgs/include/micro_ros_msgs/micro_ros_msgs/msg/detail/graph__type_support.cpp
[0.595s] -- Up-to-date: /home/paolo/purple_whales_ws/install/micro_ros_msgs/include/micro_ros_msgs/micro_ros_msgs/msg/detail/node__type_support.cpp
[0.595s] -- Up-to-date: /home/paolo/purple_whales_ws/install/micro_ros_msgs/include/micro_ros_msgs/micro_ros_msgs/msg/detail/entity__type_support.cpp
[0.595s] -- Up-to-date: /home/paolo/purple_whales_ws/install/micro_ros_msgs/include/micro_ros_msgs/micro_ros_msgs/msg/detail/node__rosidl_typesupport_introspection_cpp.hpp
[0.595s] -- Up-to-date: /home/paolo/purple_whales_ws/install/micro_ros_msgs/include/micro_ros_msgs/micro_ros_msgs/msg/detail/graph__rosidl_typesupport_introspection_cpp.hpp
[0.595s] -- Up-to-date: /home/paolo/purple_whales_ws/install/micro_ros_msgs/lib/libmicro_ros_msgs__rosidl_typesupport_introspection_cpp.so
[0.595s] -- Up-to-date: /home/paolo/purple_whales_ws/install/micro_ros_msgs/lib/libmicro_ros_msgs__rosidl_typesupport_cpp.so
[0.595s] -- Up-to-date: /home/paolo/purple_whales_ws/install/micro_ros_msgs/share/micro_ros_msgs/environment/pythonpath.sh
[0.595s] -- Up-to-date: /home/paolo/purple_whales_ws/install/micro_ros_msgs/share/micro_ros_msgs/environment/pythonpath.dsv
[0.595s] -- Up-to-date: /home/paolo/purple_whales_ws/install/micro_ros_msgs/local/lib/python3.10/dist-packages/micro_ros_msgs-3.0.1-py3.10.egg-info
[0.595s] -- Installing: /home/paolo/purple_whales_ws/install/micro_ros_msgs/local/lib/python3.10/dist-packages/micro_ros_msgs-3.0.1-py3.10.egg-info/dependency_links.txt
[0.595s] -- Installing: /home/paolo/purple_whales_ws/install/micro_ros_msgs/local/lib/python3.10/dist-packages/micro_ros_msgs-3.0.1-py3.10.egg-info/top_level.txt
[0.595s] -- Installing: /home/paolo/purple_whales_ws/install/micro_ros_msgs/local/lib/python3.10/dist-packages/micro_ros_msgs-3.0.1-py3.10.egg-info/PKG-INFO
[0.595s] -- Installing: /home/paolo/purple_whales_ws/install/micro_ros_msgs/local/lib/python3.10/dist-packages/micro_ros_msgs-3.0.1-py3.10.egg-info/SOURCES.txt
[0.595s] -- Up-to-date: /home/paolo/purple_whales_ws/install/micro_ros_msgs/local/lib/python3.10/dist-packages/micro_ros_msgs
[0.595s] -- Up-to-date: /home/paolo/purple_whales_ws/install/micro_ros_msgs/local/lib/python3.10/dist-packages/micro_ros_msgs/_micro_ros_msgs_s.ep.rosidl_typesupport_c.c
[0.595s] -- Up-to-date: /home/paolo/purple_whales_ws/install/micro_ros_msgs/local/lib/python3.10/dist-packages/micro_ros_msgs/micro_ros_msgs_s__rosidl_typesupport_introspection_c.cpython-310-x86_64-linux-gnu.so
[0.596s] -- Up-to-date: /home/paolo/purple_whales_ws/install/micro_ros_msgs/local/lib/python3.10/dist-packages/micro_ros_msgs/msg
[0.596s] -- Up-to-date: /home/paolo/purple_whales_ws/install/micro_ros_msgs/local/lib/python3.10/dist-packages/micro_ros_msgs/msg/_entity.py
[0.596s] -- Up-to-date: /home/paolo/purple_whales_ws/install/micro_ros_msgs/local/lib/python3.10/dist-packages/micro_ros_msgs/msg/_entity_s.c
[0.596s] -- Up-to-date: /home/paolo/purple_whales_ws/install/micro_ros_msgs/local/lib/python3.10/dist-packages/micro_ros_msgs/msg/__init__.py
[0.596s] -- Up-to-date: /home/paolo/purple_whales_ws/install/micro_ros_msgs/local/lib/python3.10/dist-packages/micro_ros_msgs/msg/_node_s.c
[0.596s] -- Up-to-date: /home/paolo/purple_whales_ws/install/micro_ros_msgs/local/lib/python3.10/dist-packages/micro_ros_msgs/msg/_graph.py
[0.596s] -- Up-to-date: /home/paolo/purple_whales_ws/install/micro_ros_msgs/local/lib/python3.10/dist-packages/micro_ros_msgs/msg/_node.py
[0.596s] -- Up-to-date: /home/paolo/purple_whales_ws/install/micro_ros_msgs/local/lib/python3.10/dist-packages/micro_ros_msgs/msg/_graph_s.c
[0.596s] -- Up-to-date: /home/paolo/purple_whales_ws/install/micro_ros_msgs/local/lib/python3.10/dist-packages/micro_ros_msgs/__init__.py
[0.596s] -- Up-to-date: /home/paolo/purple_whales_ws/install/micro_ros_msgs/local/lib/python3.10/dist-packages/micro_ros_msgs/libmicro_ros_msgs__rosidl_generator_py.so
[0.596s] -- Up-to-date: /home/paolo/purple_whales_ws/install/micro_ros_msgs/local/lib/python3.10/dist-packages/micro_ros_msgs/micro_ros_msgs_s__rosidl_typesupport_c.cpython-310-x86_64-linux-gnu.so
[0.596s] -- Up-to-date: /home/paolo/purple_whales_ws/install/micro_ros_msgs/local/lib/python3.10/dist-packages/micro_ros_msgs/micro_ros_msgs_s__rosidl_typesupport_fastrtps_c.cpython-310-x86_64-linux-gnu.so
[0.596s] -- Up-to-date: /home/paolo/purple_whales_ws/install/micro_ros_msgs/local/lib/python3.10/dist-packages/micro_ros_msgs/_micro_ros_msgs_s.ep.rosidl_typesupport_fastrtps_c.c
[0.596s] -- Up-to-date: /home/paolo/purple_whales_ws/install/micro_ros_msgs/local/lib/python3.10/dist-packages/micro_ros_msgs/_micro_ros_msgs_s.ep.rosidl_typesupport_introspection_c.c
[0.631s] Listing '/home/paolo/purple_whales_ws/install/micro_ros_msgs/local/lib/python3.10/dist-packages/micro_ros_msgs'...
[0.631s] Listing '/home/paolo/purple_whales_ws/install/micro_ros_msgs/local/lib/python3.10/dist-packages/micro_ros_msgs/msg'...
[0.642s] -- Up-to-date: /home/paolo/purple_whales_ws/install/micro_ros_msgs/local/lib/python3.10/dist-packages/micro_ros_msgs/micro_ros_msgs_s__rosidl_typesupport_fastrtps_c.cpython-310-x86_64-linux-gnu.so
[0.643s] -- Up-to-date: /home/paolo/purple_whales_ws/install/micro_ros_msgs/local/lib/python3.10/dist-packages/micro_ros_msgs/micro_ros_msgs_s__rosidl_typesupport_introspection_c.cpython-310-x86_64-linux-gnu.so
[0.643s] -- Up-to-date: /home/paolo/purple_whales_ws/install/micro_ros_msgs/local/lib/python3.10/dist-packages/micro_ros_msgs/micro_ros_msgs_s__rosidl_typesupport_c.cpython-310-x86_64-linux-gnu.so
[0.643s] -- Up-to-date: /home/paolo/purple_whales_ws/install/micro_ros_msgs/lib/libmicro_ros_msgs__rosidl_generator_py.so
[0.643s] -- Up-to-date: /home/paolo/purple_whales_ws/install/micro_ros_msgs/share/micro_ros_msgs/msg/Graph.idl
[0.643s] -- Up-to-date: /home/paolo/purple_whales_ws/install/micro_ros_msgs/share/micro_ros_msgs/msg/Node.idl
[0.644s] -- Up-to-date: /home/paolo/purple_whales_ws/install/micro_ros_msgs/share/micro_ros_msgs/msg/Entity.idl
[0.644s] -- Up-to-date: /home/paolo/purple_whales_ws/install/micro_ros_msgs/share/micro_ros_msgs/msg/Graph.msg
[0.644s] -- Up-to-date: /home/paolo/purple_whales_ws/install/micro_ros_msgs/share/micro_ros_msgs/msg/Node.msg
[0.644s] -- Up-to-date: /home/paolo/purple_whales_ws/install/micro_ros_msgs/share/micro_ros_msgs/msg/Entity.msg
[0.645s] -- Up-to-date: /home/paolo/purple_whales_ws/install/micro_ros_msgs/share/ament_index/resource_index/package_run_dependencies/micro_ros_msgs
[0.645s] -- Up-to-date: /home/paolo/purple_whales_ws/install/micro_ros_msgs/share/ament_index/resource_index/parent_prefix_path/micro_ros_msgs
[0.645s] -- Up-to-date: /home/paolo/purple_whales_ws/install/micro_ros_msgs/share/micro_ros_msgs/environment/ament_prefix_path.sh
[0.645s] -- Up-to-date: /home/paolo/purple_whales_ws/install/micro_ros_msgs/share/micro_ros_msgs/environment/ament_prefix_path.dsv
[0.645s] -- Up-to-date: /home/paolo/purple_whales_ws/install/micro_ros_msgs/share/micro_ros_msgs/environment/path.sh
[0.646s] -- Up-to-date: /home/paolo/purple_whales_ws/install/micro_ros_msgs/share/micro_ros_msgs/environment/path.dsv
[0.646s] -- Up-to-date: /home/paolo/purple_whales_ws/install/micro_ros_msgs/share/micro_ros_msgs/local_setup.bash
[0.646s] -- Up-to-date: /home/paolo/purple_whales_ws/install/micro_ros_msgs/share/micro_ros_msgs/local_setup.sh
[0.646s] -- Up-to-date: /home/paolo/purple_whales_ws/install/micro_ros_msgs/share/micro_ros_msgs/local_setup.zsh
[0.646s] -- Up-to-date: /home/paolo/purple_whales_ws/install/micro_ros_msgs/share/micro_ros_msgs/local_setup.dsv
[0.646s] -- Up-to-date: /home/paolo/purple_whales_ws/install/micro_ros_msgs/share/micro_ros_msgs/package.dsv
[0.646s] -- Up-to-date: /home/paolo/purple_whales_ws/install/micro_ros_msgs/share/ament_index/resource_index/packages/micro_ros_msgs
[0.646s] -- Up-to-date: /home/paolo/purple_whales_ws/install/micro_ros_msgs/share/micro_ros_msgs/cmake/export_micro_ros_msgs__rosidl_generator_cExport.cmake
[0.646s] -- Up-to-date: /home/paolo/purple_whales_ws/install/micro_ros_msgs/share/micro_ros_msgs/cmake/export_micro_ros_msgs__rosidl_generator_cExport-noconfig.cmake
[0.647s] -- Up-to-date: /home/paolo/purple_whales_ws/install/micro_ros_msgs/share/micro_ros_msgs/cmake/export_micro_ros_msgs__rosidl_typesupport_fastrtps_cExport.cmake
[0.647s] -- Up-to-date: /home/paolo/purple_whales_ws/install/micro_ros_msgs/share/micro_ros_msgs/cmake/export_micro_ros_msgs__rosidl_typesupport_fastrtps_cExport-noconfig.cmake
[0.647s] -- Up-to-date: /home/paolo/purple_whales_ws/install/micro_ros_msgs/share/micro_ros_msgs/cmake/micro_ros_msgs__rosidl_typesupport_introspection_cExport.cmake
[0.647s] -- Up-to-date: /home/paolo/purple_whales_ws/install/micro_ros_msgs/share/micro_ros_msgs/cmake/micro_ros_msgs__rosidl_typesupport_introspection_cExport-noconfig.cmake
[0.647s] -- Up-to-date: /home/paolo/purple_whales_ws/install/micro_ros_msgs/share/micro_ros_msgs/cmake/micro_ros_msgs__rosidl_typesupport_cExport.cmake
[0.647s] -- Up-to-date: /home/paolo/purple_whales_ws/install/micro_ros_msgs/share/micro_ros_msgs/cmake/micro_ros_msgs__rosidl_typesupport_cExport-noconfig.cmake
[0.647s] -- Up-to-date: /home/paolo/purple_whales_ws/install/micro_ros_msgs/share/micro_ros_msgs/cmake/export_micro_ros_msgs__rosidl_generator_cppExport.cmake
[0.647s] -- Up-to-date: /home/paolo/purple_whales_ws/install/micro_ros_msgs/share/micro_ros_msgs/cmake/export_micro_ros_msgs__rosidl_typesupport_fastrtps_cppExport.cmake
[0.647s] -- Up-to-date: /home/paolo/purple_whales_ws/install/micro_ros_msgs/share/micro_ros_msgs/cmake/export_micro_ros_msgs__rosidl_typesupport_fastrtps_cppExport-noconfig.cmake
[0.647s] -- Up-to-date: /home/paolo/purple_whales_ws/install/micro_ros_msgs/share/micro_ros_msgs/cmake/micro_ros_msgs__rosidl_typesupport_introspection_cppExport.cmake
[0.647s] -- Up-to-date: /home/paolo/purple_whales_ws/install/micro_ros_msgs/share/micro_ros_msgs/cmake/micro_ros_msgs__rosidl_typesupport_introspection_cppExport-noconfig.cmake
[0.647s] -- Up-to-date: /home/paolo/purple_whales_ws/install/micro_ros_msgs/share/micro_ros_msgs/cmake/micro_ros_msgs__rosidl_typesupport_cppExport.cmake
[0.648s] -- Up-to-date: /home/paolo/purple_whales_ws/install/micro_ros_msgs/share/micro_ros_msgs/cmake/micro_ros_msgs__rosidl_typesupport_cppExport-noconfig.cmake
[0.648s] -- Up-to-date: /home/paolo/purple_whales_ws/install/micro_ros_msgs/share/micro_ros_msgs/cmake/export_micro_ros_msgs__rosidl_generator_pyExport.cmake
[0.648s] -- Up-to-date: /home/paolo/purple_whales_ws/install/micro_ros_msgs/share/micro_ros_msgs/cmake/export_micro_ros_msgs__rosidl_generator_pyExport-noconfig.cmake
[0.649s] -- Up-to-date: /home/paolo/purple_whales_ws/install/micro_ros_msgs/share/micro_ros_msgs/cmake/rosidl_cmake-extras.cmake
[0.649s] -- Up-to-date: /home/paolo/purple_whales_ws/install/micro_ros_msgs/share/micro_ros_msgs/cmake/ament_cmake_export_include_directories-extras.cmake
[0.649s] -- Up-to-date: /home/paolo/purple_whales_ws/install/micro_ros_msgs/share/micro_ros_msgs/cmake/ament_cmake_export_libraries-extras.cmake
[0.649s] -- Up-to-date: /home/paolo/purple_whales_ws/install/micro_ros_msgs/share/micro_ros_msgs/cmake/ament_cmake_export_targets-extras.cmake
[0.650s] -- Up-to-date: /home/paolo/purple_whales_ws/install/micro_ros_msgs/share/micro_ros_msgs/cmake/rosidl_cmake_export_typesupport_targets-extras.cmake
[0.650s] -- Up-to-date: /home/paolo/purple_whales_ws/install/micro_ros_msgs/share/micro_ros_msgs/cmake/ament_cmake_export_dependencies-extras.cmake
[0.651s] -- Up-to-date: /home/paolo/purple_whales_ws/install/micro_ros_msgs/share/micro_ros_msgs/cmake/rosidl_cmake_export_typesupport_libraries-extras.cmake
[0.651s] -- Up-to-date: /home/paolo/purple_whales_ws/install/micro_ros_msgs/share/micro_ros_msgs/cmake/micro_ros_msgsConfig.cmake
[0.651s] -- Up-to-date: /home/paolo/purple_whales_ws/install/micro_ros_msgs/share/micro_ros_msgs/cmake/micro_ros_msgsConfig-version.cmake
[0.651s] -- Up-to-date: /home/paolo/purple_whales_ws/install/micro_ros_msgs/share/micro_ros_msgs/package.xml
[0.653s] Invoked command in '/home/paolo/purple_whales_ws/build/micro_ros_msgs' returned '0': CMAKE_PREFIX_PATH=/opt/ros/humble /usr/bin/cmake --install /home/paolo/purple_whales_ws/build/micro_ros_msgs
