[0.379s] Invoking command in '/home/paolo/purple_whales_ws/firmware/mcu_ws/build/microcdr': /usr/bin/cmake --build /home/paolo/purple_whales_ws/firmware/mcu_ws/build/microcdr -- -j20 -l20
[1.241s] gmake[4]: Entering directory '/home/paolo/purple_whales_ws/firmware/mcu_ws/build/microcdr'
[1.243s] /usr/bin/cmake -S/home/paolo/purple_whales_ws/firmware/mcu_ws/eProsima/Micro-CDR -B/home/paolo/purple_whales_ws/firmware/mcu_ws/build/microcdr --check-build-system CMakeFiles/Makefile.cmake 0
[1.243s] Re-run cmake file: Makefile older than: /home/paolo/purple_whales_ws/firmware/freertos_apps/microros_esp32_extensions/esp32_toolchain.cmake
[1.244s] -- Configuring done
[1.244s] -- Generating done
[1.244s] -- Build files have been written to: /home/paolo/purple_whales_ws/firmware/mcu_ws/build/microcdr
[1.244s] /usr/bin/cmake -E cmake_progress_start /home/paolo/purple_whales_ws/firmware/mcu_ws/build/microcdr/CMakeFiles /home/paolo/purple_whales_ws/firmware/mcu_ws/build/microcdr//CMakeFiles/progress.marks
[1.244s] /usr/bin/gmake  -f CMakeFiles/Makefile2 all
[1.244s] gmake[5]: Entering directory '/home/paolo/purple_whales_ws/firmware/mcu_ws/build/microcdr'
[1.244s] /usr/bin/gmake  -f CMakeFiles/microcdr.dir/build.make CMakeFiles/microcdr.dir/depend
[1.244s] gmake[6]: Entering directory '/home/paolo/purple_whales_ws/firmware/mcu_ws/build/microcdr'
[1.245s] cd /home/paolo/purple_whales_ws/firmware/mcu_ws/build/microcdr && /usr/bin/cmake -E cmake_depends "Unix Makefiles" /home/paolo/purple_whales_ws/firmware/mcu_ws/eProsima/Micro-CDR /home/paolo/purple_whales_ws/firmware/mcu_ws/eProsima/Micro-CDR /home/paolo/purple_whales_ws/firmware/mcu_ws/build/microcdr /home/paolo/purple_whales_ws/firmware/mcu_ws/build/microcdr /home/paolo/purple_whales_ws/firmware/mcu_ws/build/microcdr/CMakeFiles/microcdr.dir/DependInfo.cmake --color=
[1.246s] Dependencies file "CMakeFiles/microcdr.dir/src/c/common.c.obj.d" is newer than depends file "/home/paolo/purple_whales_ws/firmware/mcu_ws/build/microcdr/CMakeFiles/microcdr.dir/compiler_depend.internal".
[1.248s] Dependencies file "CMakeFiles/microcdr.dir/src/c/types/array.c.obj.d" is newer than depends file "/home/paolo/purple_whales_ws/firmware/mcu_ws/build/microcdr/CMakeFiles/microcdr.dir/compiler_depend.internal".
[1.249s] Dependencies file "CMakeFiles/microcdr.dir/src/c/types/basic.c.obj.d" is newer than depends file "/home/paolo/purple_whales_ws/firmware/mcu_ws/build/microcdr/CMakeFiles/microcdr.dir/compiler_depend.internal".
[1.249s] Dependencies file "CMakeFiles/microcdr.dir/src/c/types/sequence.c.obj.d" is newer than depends file "/home/paolo/purple_whales_ws/firmware/mcu_ws/build/microcdr/CMakeFiles/microcdr.dir/compiler_depend.internal".
[1.249s] Dependencies file "CMakeFiles/microcdr.dir/src/c/types/string.c.obj.d" is newer than depends file "/home/paolo/purple_whales_ws/firmware/mcu_ws/build/microcdr/CMakeFiles/microcdr.dir/compiler_depend.internal".
[1.249s] [35m[1mConsolidate compiler generated dependencies of target microcdr[0m
[1.250s] gmake[6]: Leaving directory '/home/paolo/purple_whales_ws/firmware/mcu_ws/build/microcdr'
[1.250s] /usr/bin/gmake  -f CMakeFiles/microcdr.dir/build.make CMakeFiles/microcdr.dir/build
[1.251s] gmake[6]: Entering directory '/home/paolo/purple_whales_ws/firmware/mcu_ws/build/microcdr'
[1.251s] gmake[6]: Nothing to be done for 'CMakeFiles/microcdr.dir/build'.
[1.251s] gmake[6]: Leaving directory '/home/paolo/purple_whales_ws/firmware/mcu_ws/build/microcdr'
[1.251s] [100%] Built target microcdr
[1.251s] gmake[5]: Leaving directory '/home/paolo/purple_whales_ws/firmware/mcu_ws/build/microcdr'
[1.251s] /usr/bin/cmake -E cmake_progress_start /home/paolo/purple_whales_ws/firmware/mcu_ws/build/microcdr/CMakeFiles 0
[1.251s] gmake[4]: Leaving directory '/home/paolo/purple_whales_ws/firmware/mcu_ws/build/microcdr'
[1.279s] Invoked command in '/home/paolo/purple_whales_ws/firmware/mcu_ws/build/microcdr' returned '0': /usr/bin/cmake --build /home/paolo/purple_whales_ws/firmware/mcu_ws/build/microcdr -- -j20 -l20
[1.315s] Invoking command in '/home/paolo/purple_whales_ws/firmware/mcu_ws/build/microcdr': /usr/bin/cmake --install /home/paolo/purple_whales_ws/firmware/mcu_ws/build/microcdr
[1.364s] -- Install configuration: "Debug"
[1.365s] -- Up-to-date: /home/paolo/purple_whales_ws/firmware/mcu_ws/install/lib/libmicrocdr.a
[1.365s] -- Up-to-date: /home/paolo/purple_whales_ws/firmware/mcu_ws/install/include/ucdr
[1.367s] -- Up-to-date: /home/paolo/purple_whales_ws/firmware/mcu_ws/install/include/ucdr/microcdr.h
[1.367s] -- Up-to-date: /home/paolo/purple_whales_ws/firmware/mcu_ws/install/include/ucdr/visibility.h
[1.367s] -- Up-to-date: /home/paolo/purple_whales_ws/firmware/mcu_ws/install/include/ucdr/config.h
[1.367s] -- Up-to-date: /home/paolo/purple_whales_ws/firmware/mcu_ws/install/share/microcdr/cmake/microcdrTargets.cmake
[1.368s] -- Up-to-date: /home/paolo/purple_whales_ws/firmware/mcu_ws/install/share/microcdr/cmake/microcdrTargets-debug.cmake
[1.368s] -- Up-to-date: /home/paolo/purple_whales_ws/firmware/mcu_ws/install/share/microcdr/cmake/microcdrConfig.cmake
[1.368s] -- Up-to-date: /home/paolo/purple_whales_ws/firmware/mcu_ws/install/share/microcdr/cmake/microcdrConfigVersion.cmake
[1.417s] Invoked command in '/home/paolo/purple_whales_ws/firmware/mcu_ws/build/microcdr' returned '0': /usr/bin/cmake --install /home/paolo/purple_whales_ws/firmware/mcu_ws/build/microcdr
