gmake[4]: Entering directory '/home/paolo/purple_whales_ws/firmware/mcu_ws/build/rmw'
/usr/bin/cmake -S/home/paolo/purple_whales_ws/firmware/mcu_ws/ros2/rmw/rmw -B/home/paolo/purple_whales_ws/firmware/mcu_ws/build/rmw --check-build-system CMakeFiles/Makefile.cmake 0
Re-run cmake file: Makefile older than: /home/paolo/purple_whales_ws/firmware/freertos_apps/microros_esp32_extensions/esp32_toolchain.cmake
-- Found ament_cmake_ros: 0.10.0 (/home/paolo/purple_whales_ws/firmware/dev_ws/install/ament_cmake_ros/share/ament_cmake_ros/cmake)
-- Found rcutils: 5.1.5 (/home/paolo/purple_whales_ws/firmware/mcu_ws/install/share/rcutils/cmake)
[33mCMake Warning at /home/paolo/purple_whales_ws/firmware/mcu_ws/install/share/rcutils/cmake/ament_cmake_export_libraries-extras.cmake:116 (message):
  Package 'rcutils' exports library 'dl' which couldn't be found
Call Stack (most recent call first):
  /home/paolo/purple_whales_ws/firmware/mcu_ws/install/share/rcutils/cmake/rcutilsConfig.cmake:41 (include)
  CMakeLists.txt:21 (find_package)

[0m
-- Found rosidl_runtime_c: 3.1.5 (/home/paolo/purple_whales_ws/firmware/mcu_ws/install/share/rosidl_runtime_c/cmake)
-- Configuring done
-- Generating done
-- Build files have been written to: /home/paolo/purple_whales_ws/firmware/mcu_ws/build/rmw
/usr/bin/cmake -E cmake_progress_start /home/paolo/purple_whales_ws/firmware/mcu_ws/build/rmw/CMakeFiles /home/paolo/purple_whales_ws/firmware/mcu_ws/build/rmw//CMakeFiles/progress.marks
/usr/bin/gmake  -f CMakeFiles/Makefile2 all
gmake[5]: Entering directory '/home/paolo/purple_whales_ws/firmware/mcu_ws/build/rmw'
/usr/bin/gmake  -f CMakeFiles/rmw.dir/build.make CMakeFiles/rmw.dir/depend
gmake[6]: Entering directory '/home/paolo/purple_whales_ws/firmware/mcu_ws/build/rmw'
cd /home/paolo/purple_whales_ws/firmware/mcu_ws/build/rmw && /usr/bin/cmake -E cmake_depends "Unix Makefiles" /home/paolo/purple_whales_ws/firmware/mcu_ws/ros2/rmw/rmw /home/paolo/purple_whales_ws/firmware/mcu_ws/ros2/rmw/rmw /home/paolo/purple_whales_ws/firmware/mcu_ws/build/rmw /home/paolo/purple_whales_ws/firmware/mcu_ws/build/rmw /home/paolo/purple_whales_ws/firmware/mcu_ws/build/rmw/CMakeFiles/rmw.dir/DependInfo.cmake --color=
Dependencies file "CMakeFiles/rmw.dir/src/allocators.c.obj.d" is newer than depends file "/home/paolo/purple_whales_ws/firmware/mcu_ws/build/rmw/CMakeFiles/rmw.dir/compiler_depend.internal".
Dependencies file "CMakeFiles/rmw.dir/src/convert_rcutils_ret_to_rmw_ret.c.obj.d" is newer than depends file "/home/paolo/purple_whales_ws/firmware/mcu_ws/build/rmw/CMakeFiles/rmw.dir/compiler_depend.internal".
Dependencies file "CMakeFiles/rmw.dir/src/event.c.obj.d" is newer than depends file "/home/paolo/purple_whales_ws/firmware/mcu_ws/build/rmw/CMakeFiles/rmw.dir/compiler_depend.internal".
Dependencies file "CMakeFiles/rmw.dir/src/init.c.obj.d" is newer than depends file "/home/paolo/purple_whales_ws/firmware/mcu_ws/build/rmw/CMakeFiles/rmw.dir/compiler_depend.internal".
Dependencies file "CMakeFiles/rmw.dir/src/init_options.c.obj.d" is newer than depends file "/home/paolo/purple_whales_ws/firmware/mcu_ws/build/rmw/CMakeFiles/rmw.dir/compiler_depend.internal".
Dependencies file "CMakeFiles/rmw.dir/src/message_sequence.c.obj.d" is newer than depends file "/home/paolo/purple_whales_ws/firmware/mcu_ws/build/rmw/CMakeFiles/rmw.dir/compiler_depend.internal".
Dependencies file "CMakeFiles/rmw.dir/src/names_and_types.c.obj.d" is newer than depends file "/home/paolo/purple_whales_ws/firmware/mcu_ws/build/rmw/CMakeFiles/rmw.dir/compiler_depend.internal".
Dependencies file "CMakeFiles/rmw.dir/src/network_flow_endpoint.c.obj.d" is newer than depends file "/home/paolo/purple_whales_ws/firmware/mcu_ws/build/rmw/CMakeFiles/rmw.dir/compiler_depend.internal".
Dependencies file "CMakeFiles/rmw.dir/src/network_flow_endpoint_array.c.obj.d" is newer than depends file "/home/paolo/purple_whales_ws/firmware/mcu_ws/build/rmw/CMakeFiles/rmw.dir/compiler_depend.internal".
Dependencies file "CMakeFiles/rmw.dir/src/publisher_options.c.obj.d" is newer than depends file "/home/paolo/purple_whales_ws/firmware/mcu_ws/build/rmw/CMakeFiles/rmw.dir/compiler_depend.internal".
Dependencies file "CMakeFiles/rmw.dir/src/qos_string_conversions.c.obj.d" is newer than depends file "/home/paolo/purple_whales_ws/firmware/mcu_ws/build/rmw/CMakeFiles/rmw.dir/compiler_depend.internal".
Dependencies file "CMakeFiles/rmw.dir/src/sanity_checks.c.obj.d" is newer than depends file "/home/paolo/purple_whales_ws/firmware/mcu_ws/build/rmw/CMakeFiles/rmw.dir/compiler_depend.internal".
Dependencies file "CMakeFiles/rmw.dir/src/security_options.c.obj.d" is newer than depends file "/home/paolo/purple_whales_ws/firmware/mcu_ws/build/rmw/CMakeFiles/rmw.dir/compiler_depend.internal".
Dependencies file "CMakeFiles/rmw.dir/src/subscription_content_filter_options.c.obj.d" is newer than depends file "/home/paolo/purple_whales_ws/firmware/mcu_ws/build/rmw/CMakeFiles/rmw.dir/compiler_depend.internal".
Dependencies file "CMakeFiles/rmw.dir/src/subscription_options.c.obj.d" is newer than depends file "/home/paolo/purple_whales_ws/firmware/mcu_ws/build/rmw/CMakeFiles/rmw.dir/compiler_depend.internal".
Dependencies file "CMakeFiles/rmw.dir/src/time.c.obj.d" is newer than depends file "/home/paolo/purple_whales_ws/firmware/mcu_ws/build/rmw/CMakeFiles/rmw.dir/compiler_depend.internal".
Dependencies file "CMakeFiles/rmw.dir/src/topic_endpoint_info.c.obj.d" is newer than depends file "/home/paolo/purple_whales_ws/firmware/mcu_ws/build/rmw/CMakeFiles/rmw.dir/compiler_depend.internal".
Dependencies file "CMakeFiles/rmw.dir/src/topic_endpoint_info_array.c.obj.d" is newer than depends file "/home/paolo/purple_whales_ws/firmware/mcu_ws/build/rmw/CMakeFiles/rmw.dir/compiler_depend.internal".
Dependencies file "CMakeFiles/rmw.dir/src/types.c.obj.d" is newer than depends file "/home/paolo/purple_whales_ws/firmware/mcu_ws/build/rmw/CMakeFiles/rmw.dir/compiler_depend.internal".
Dependencies file "CMakeFiles/rmw.dir/src/validate_full_topic_name.c.obj.d" is newer than depends file "/home/paolo/purple_whales_ws/firmware/mcu_ws/build/rmw/CMakeFiles/rmw.dir/compiler_depend.internal".
Dependencies file "CMakeFiles/rmw.dir/src/validate_namespace.c.obj.d" is newer than depends file "/home/paolo/purple_whales_ws/firmware/mcu_ws/build/rmw/CMakeFiles/rmw.dir/compiler_depend.internal".
Dependencies file "CMakeFiles/rmw.dir/src/validate_node_name.c.obj.d" is newer than depends file "/home/paolo/purple_whales_ws/firmware/mcu_ws/build/rmw/CMakeFiles/rmw.dir/compiler_depend.internal".
[35m[1mConsolidate compiler generated dependencies of target rmw[0m
gmake[6]: Leaving directory '/home/paolo/purple_whales_ws/firmware/mcu_ws/build/rmw'
/usr/bin/gmake  -f CMakeFiles/rmw.dir/build.make CMakeFiles/rmw.dir/build
gmake[6]: Entering directory '/home/paolo/purple_whales_ws/firmware/mcu_ws/build/rmw'
gmake[6]: Nothing to be done for 'CMakeFiles/rmw.dir/build'.
gmake[6]: Leaving directory '/home/paolo/purple_whales_ws/firmware/mcu_ws/build/rmw'
[100%] Built target rmw
gmake[5]: Leaving directory '/home/paolo/purple_whales_ws/firmware/mcu_ws/build/rmw'
/usr/bin/cmake -E cmake_progress_start /home/paolo/purple_whales_ws/firmware/mcu_ws/build/rmw/CMakeFiles 0
gmake[4]: Leaving directory '/home/paolo/purple_whales_ws/firmware/mcu_ws/build/rmw'
-- Install configuration: "Debug"
-- Up-to-date: /home/paolo/purple_whales_ws/firmware/mcu_ws/install/share/rmw/environment/library_path.sh
-- Installing: /home/paolo/purple_whales_ws/firmware/mcu_ws/install/share/rmw/environment/library_path.dsv
-- Up-to-date: /home/paolo/purple_whales_ws/firmware/mcu_ws/install/share/ament_index/resource_index/package_run_dependencies/rmw
-- Up-to-date: /home/paolo/purple_whales_ws/firmware/mcu_ws/install/share/ament_index/resource_index/parent_prefix_path/rmw
-- Up-to-date: /home/paolo/purple_whales_ws/firmware/mcu_ws/install/share/rmw/environment/ament_prefix_path.sh
-- Installing: /home/paolo/purple_whales_ws/firmware/mcu_ws/install/share/rmw/environment/ament_prefix_path.dsv
-- Up-to-date: /home/paolo/purple_whales_ws/firmware/mcu_ws/install/share/rmw/environment/path.sh
-- Installing: /home/paolo/purple_whales_ws/firmware/mcu_ws/install/share/rmw/environment/path.dsv
-- Up-to-date: /home/paolo/purple_whales_ws/firmware/mcu_ws/install/share/rmw/local_setup.bash
-- Up-to-date: /home/paolo/purple_whales_ws/firmware/mcu_ws/install/share/rmw/local_setup.sh
-- Up-to-date: /home/paolo/purple_whales_ws/firmware/mcu_ws/install/share/rmw/local_setup.zsh
-- Installing: /home/paolo/purple_whales_ws/firmware/mcu_ws/install/share/rmw/local_setup.dsv
-- Installing: /home/paolo/purple_whales_ws/firmware/mcu_ws/install/share/rmw/package.dsv
-- Up-to-date: /home/paolo/purple_whales_ws/firmware/mcu_ws/install/share/ament_index/resource_index/packages/rmw
-- Up-to-date: /home/paolo/purple_whales_ws/firmware/mcu_ws/install/share/rmw/cmake/rmwExport.cmake
-- Up-to-date: /home/paolo/purple_whales_ws/firmware/mcu_ws/install/share/rmw/cmake/rmwExport-debug.cmake
-- Up-to-date: /home/paolo/purple_whales_ws/firmware/mcu_ws/install/share/rmw/cmake/rmw-extras.cmake
-- Up-to-date: /home/paolo/purple_whales_ws/firmware/mcu_ws/install/share/rmw/cmake/ament_cmake_export_dependencies-extras.cmake
-- Up-to-date: /home/paolo/purple_whales_ws/firmware/mcu_ws/install/share/rmw/cmake/ament_cmake_export_include_directories-extras.cmake
-- Up-to-date: /home/paolo/purple_whales_ws/firmware/mcu_ws/install/share/rmw/cmake/ament_cmake_export_libraries-extras.cmake
-- Up-to-date: /home/paolo/purple_whales_ws/firmware/mcu_ws/install/share/rmw/cmake/ament_cmake_export_targets-extras.cmake
-- Up-to-date: /home/paolo/purple_whales_ws/firmware/mcu_ws/install/share/rmw/cmake/rmwConfig.cmake
-- Up-to-date: /home/paolo/purple_whales_ws/firmware/mcu_ws/install/share/rmw/cmake/rmwConfig-version.cmake
-- Up-to-date: /home/paolo/purple_whales_ws/firmware/mcu_ws/install/share/rmw/package.xml
-- Up-to-date: /home/paolo/purple_whales_ws/firmware/mcu_ws/install/share/rmw/cmake
-- Up-to-date: /home/paolo/purple_whales_ws/firmware/mcu_ws/install/share/rmw/cmake/get_rmw_typesupport.cmake
-- Up-to-date: /home/paolo/purple_whales_ws/firmware/mcu_ws/install/share/rmw/cmake/configure_rmw_library.cmake
-- Up-to-date: /home/paolo/purple_whales_ws/firmware/mcu_ws/install/share/rmw/cmake/register_rmw_implementation.cmake
-- Up-to-date: /home/paolo/purple_whales_ws/firmware/mcu_ws/install/include/rmw
-- Up-to-date: /home/paolo/purple_whales_ws/firmware/mcu_ws/install/include/rmw/rmw
-- Up-to-date: /home/paolo/purple_whales_ws/firmware/mcu_ws/install/include/rmw/rmw/get_topic_names_and_types.h
-- Up-to-date: /home/paolo/purple_whales_ws/firmware/mcu_ws/install/include/rmw/rmw/network_flow_endpoint.h
-- Up-to-date: /home/paolo/purple_whales_ws/firmware/mcu_ws/install/include/rmw/rmw/ret_types.h
-- Up-to-date: /home/paolo/purple_whales_ws/firmware/mcu_ws/install/include/rmw/rmw/convert_rcutils_ret_to_rmw_ret.h
-- Up-to-date: /home/paolo/purple_whales_ws/firmware/mcu_ws/install/include/rmw/rmw/events_statuses
-- Up-to-date: /home/paolo/purple_whales_ws/firmware/mcu_ws/install/include/rmw/rmw/events_statuses/message_lost.h
-- Up-to-date: /home/paolo/purple_whales_ws/firmware/mcu_ws/install/include/rmw/rmw/events_statuses/liveliness_changed.h
-- Up-to-date: /home/paolo/purple_whales_ws/firmware/mcu_ws/install/include/rmw/rmw/events_statuses/offered_deadline_missed.h
-- Up-to-date: /home/paolo/purple_whales_ws/firmware/mcu_ws/install/include/rmw/rmw/events_statuses/requested_deadline_missed.h
-- Up-to-date: /home/paolo/purple_whales_ws/firmware/mcu_ws/install/include/rmw/rmw/events_statuses/liveliness_lost.h
-- Up-to-date: /home/paolo/purple_whales_ws/firmware/mcu_ws/install/include/rmw/rmw/events_statuses/incompatible_qos.h
-- Up-to-date: /home/paolo/purple_whales_ws/firmware/mcu_ws/install/include/rmw/rmw/events_statuses/events_statuses.h
-- Up-to-date: /home/paolo/purple_whales_ws/firmware/mcu_ws/install/include/rmw/rmw/get_network_flow_endpoints.h
-- Up-to-date: /home/paolo/purple_whales_ws/firmware/mcu_ws/install/include/rmw/rmw/incompatible_qos_events_statuses.h
-- Up-to-date: /home/paolo/purple_whales_ws/firmware/mcu_ws/install/include/rmw/rmw/names_and_types.h
-- Up-to-date: /home/paolo/purple_whales_ws/firmware/mcu_ws/install/include/rmw/rmw/features.h
-- Up-to-date: /home/paolo/purple_whales_ws/firmware/mcu_ws/install/include/rmw/rmw/time.h
-- Up-to-date: /home/paolo/purple_whales_ws/firmware/mcu_ws/install/include/rmw/rmw/init.h
-- Up-to-date: /home/paolo/purple_whales_ws/firmware/mcu_ws/install/include/rmw/rmw/subscription_options.h
-- Up-to-date: /home/paolo/purple_whales_ws/firmware/mcu_ws/install/include/rmw/rmw/topic_endpoint_info_array.h
-- Up-to-date: /home/paolo/purple_whales_ws/firmware/mcu_ws/install/include/rmw/rmw/subscription_content_filter_options.h
-- Up-to-date: /home/paolo/purple_whales_ws/firmware/mcu_ws/install/include/rmw/rmw/qos_profiles.h
-- Up-to-date: /home/paolo/purple_whales_ws/firmware/mcu_ws/install/include/rmw/rmw/error_handling.h
-- Up-to-date: /home/paolo/purple_whales_ws/firmware/mcu_ws/install/include/rmw/rmw/domain_id.h
-- Up-to-date: /home/paolo/purple_whales_ws/firmware/mcu_ws/install/include/rmw/rmw/init_options.h
-- Up-to-date: /home/paolo/purple_whales_ws/firmware/mcu_ws/install/include/rmw/rmw/allocators.h
-- Up-to-date: /home/paolo/purple_whales_ws/firmware/mcu_ws/install/include/rmw/rmw/macros.h
-- Up-to-date: /home/paolo/purple_whales_ws/firmware/mcu_ws/install/include/rmw/rmw/impl
-- Up-to-date: /home/paolo/purple_whales_ws/firmware/mcu_ws/install/include/rmw/rmw/impl/cpp
-- Up-to-date: /home/paolo/purple_whales_ws/firmware/mcu_ws/install/include/rmw/rmw/impl/cpp/key_value.hpp
-- Up-to-date: /home/paolo/purple_whales_ws/firmware/mcu_ws/install/include/rmw/rmw/impl/cpp/demangle.hpp
-- Up-to-date: /home/paolo/purple_whales_ws/firmware/mcu_ws/install/include/rmw/rmw/impl/cpp/macros.hpp
-- Up-to-date: /home/paolo/purple_whales_ws/firmware/mcu_ws/install/include/rmw/rmw/impl/config.h
-- Up-to-date: /home/paolo/purple_whales_ws/firmware/mcu_ws/install/include/rmw/rmw/event_callback_type.h
-- Up-to-date: /home/paolo/purple_whales_ws/firmware/mcu_ws/install/include/rmw/rmw/event.h
-- Up-to-date: /home/paolo/purple_whales_ws/firmware/mcu_ws/install/include/rmw/rmw/validate_full_topic_name.h
-- Up-to-date: /home/paolo/purple_whales_ws/firmware/mcu_ws/install/include/rmw/rmw/visibility_control.h
-- Up-to-date: /home/paolo/purple_whales_ws/firmware/mcu_ws/install/include/rmw/rmw/validate_namespace.h
-- Up-to-date: /home/paolo/purple_whales_ws/firmware/mcu_ws/install/include/rmw/rmw/network_flow_endpoint_array.h
-- Up-to-date: /home/paolo/purple_whales_ws/firmware/mcu_ws/install/include/rmw/rmw/qos_policy_kind.h
-- Up-to-date: /home/paolo/purple_whales_ws/firmware/mcu_ws/install/include/rmw/rmw/types.h
-- Up-to-date: /home/paolo/purple_whales_ws/firmware/mcu_ws/install/include/rmw/rmw/get_node_info_and_types.h
-- Up-to-date: /home/paolo/purple_whales_ws/firmware/mcu_ws/install/include/rmw/rmw/rmw.h
-- Up-to-date: /home/paolo/purple_whales_ws/firmware/mcu_ws/install/include/rmw/rmw/get_service_names_and_types.h
-- Up-to-date: /home/paolo/purple_whales_ws/firmware/mcu_ws/install/include/rmw/rmw/security_options.h
-- Up-to-date: /home/paolo/purple_whales_ws/firmware/mcu_ws/install/include/rmw/rmw/topic_endpoint_info.h
-- Up-to-date: /home/paolo/purple_whales_ws/firmware/mcu_ws/install/include/rmw/rmw/get_topic_endpoint_info.h
-- Up-to-date: /home/paolo/purple_whales_ws/firmware/mcu_ws/install/include/rmw/rmw/qos_string_conversions.h
-- Up-to-date: /home/paolo/purple_whales_ws/firmware/mcu_ws/install/include/rmw/rmw/publisher_options.h
-- Up-to-date: /home/paolo/purple_whales_ws/firmware/mcu_ws/install/include/rmw/rmw/validate_node_name.h
-- Up-to-date: /home/paolo/purple_whales_ws/firmware/mcu_ws/install/include/rmw/rmw/sanity_checks.h
-- Up-to-date: /home/paolo/purple_whales_ws/firmware/mcu_ws/install/include/rmw/rmw/serialized_message.h
-- Up-to-date: /home/paolo/purple_whales_ws/firmware/mcu_ws/install/include/rmw/rmw/message_sequence.h
-- Up-to-date: /home/paolo/purple_whales_ws/firmware/mcu_ws/install/include/rmw/rmw/localhost.h
-- Up-to-date: /home/paolo/purple_whales_ws/firmware/mcu_ws/install/lib/librmw.a
