[0.627s] Invoking command in '/home/paolo/purple_whales_ws/firmware/mcu_ws/build/rmw': AMENT_PREFIX_PATH=/home/paolo/purple_whales_ws/firmware/mcu_ws/install:${AMENT_PREFIX_PATH} CMAKE_PREFIX_PATH=/home/paolo/purple_whales_ws/firmware/mcu_ws/install:/home/paolo/purple_whales_ws/firmware/dev_ws/install/ament_lint_common:/home/paolo/purple_whales_ws/firmware/dev_ws/install/ament_cmake_uncrustify:/home/paolo/purple_whales_ws/firmware/dev_ws/install/uncrustify_vendor:/home/paolo/purple_whales_ws/firmware/dev_ws/install/ament_cmake_ros:/home/paolo/purple_whales_ws/firmware/dev_ws/install/ament_cmake_auto:/home/paolo/purple_whales_ws/firmware/dev_ws/install/ament_cmake_gmock:/home/paolo/purple_whales_ws/firmware/dev_ws/install/gmock_vendor:/home/paolo/purple_whales_ws/firmware/dev_ws/install/ament_cmake_gtest:/home/paolo/purple_whales_ws/firmware/dev_ws/install/gtest_vendor:/home/paolo/purple_whales_ws/firmware/dev_ws/install/ament_cmake_xmllint:/home/paolo/purple_whales_ws/firmware/dev_ws/install/ament_cmake_pyflakes:/home/paolo/purple_whales_ws/firmware/dev_ws/install/ament_cmake_pycodestyle:/home/paolo/purple_whales_ws/firmware/dev_ws/install/ament_cmake_pep257:/home/paolo/purple_whales_ws/firmware/dev_ws/install/ament_cmake_pclint:/home/paolo/purple_whales_ws/firmware/dev_ws/install/ament_lint_auto:/home/paolo/purple_whales_ws/firmware/dev_ws/install/ament_cmake:/home/paolo/purple_whales_ws/firmware/dev_ws/install/ament_cmake_version:/home/paolo/purple_whales_ws/firmware/dev_ws/install/ament_cmake_vendor_package:/home/paolo/purple_whales_ws/firmware/dev_ws/install/ament_cmake_pytest:/home/paolo/purple_whales_ws/firmware/dev_ws/install/ament_cmake_nose:/home/paolo/purple_whales_ws/firmware/dev_ws/install/ament_cmake_mypy:/home/paolo/purple_whales_ws/firmware/dev_ws/install/ament_cmake_lint_cmake:/home/paolo/purple_whales_ws/firmware/dev_ws/install/ament_cmake_google_benchmark:/home/paolo/purple_whales_ws/firmware/dev_ws/install/ament_cmake_flake8:/home/paolo/purple_whales_ws/firmware/dev_ws/install/ament_cmake_cpplint:/home/paolo/purple_whales_ws/firmware/dev_ws/install/ament_cmake_cppcheck:/home/paolo/purple_whales_ws/firmware/dev_ws/install/ament_cmake_copyright:/home/paolo/purple_whales_ws/firmware/dev_ws/install/ament_cmake_clang_tidy:/home/paolo/purple_whales_ws/firmware/dev_ws/install/ament_cmake_clang_format:/home/paolo/purple_whales_ws/firmware/dev_ws/install/ament_cmake_test:/home/paolo/purple_whales_ws/firmware/dev_ws/install/ament_cmake_target_dependencies:/home/paolo/purple_whales_ws/firmware/dev_ws/install/ament_cmake_python:/home/paolo/purple_whales_ws/firmware/dev_ws/install/ament_cmake_export_dependencies:/home/paolo/purple_whales_ws/firmware/dev_ws/install/ament_cmake_libraries:/home/paolo/purple_whales_ws/firmware/dev_ws/install/ament_cmake_include_directories:/home/paolo/purple_whales_ws/firmware/dev_ws/install/ament_cmake_gen_version_h:/home/paolo/purple_whales_ws/firmware/dev_ws/install/ament_cmake_export_targets:/home/paolo/purple_whales_ws/firmware/dev_ws/install/ament_cmake_export_link_flags:/home/paolo/purple_whales_ws/firmware/dev_ws/install/ament_cmake_export_interfaces:/home/paolo/purple_whales_ws/firmware/dev_ws/install/ament_cmake_export_libraries:/home/paolo/purple_whales_ws/firmware/dev_ws/install/ament_cmake_export_include_directories:/home/paolo/purple_whales_ws/firmware/dev_ws/install/ament_cmake_export_definitions:/home/paolo/purple_whales_ws/firmware/dev_ws/install/ament_cmake_core:/home/paolo/purple_whales_ws/firmware/dev_ws/install/ament_index_cpp:/home/paolo/purple_whales_ws/firmware/dev_ws/install/ament_uncrustify:/home/paolo/purple_whales_ws/firmware/dev_ws/install/domain_coordinator:/home/paolo/purple_whales_ws/firmware/dev_ws/install/ament_xmllint:/home/paolo/purple_whales_ws/firmware/dev_ws/install/ament_pyflakes:/home/paolo/purple_whales_ws/firmware/dev_ws/install/ament_pycodestyle:/home/paolo/purple_whales_ws/firmware/dev_ws/install/ament_pep257:/home/paolo/purple_whales_ws/firmware/dev_ws/install/ament_pclint:/home/paolo/purple_whales_ws/firmware/dev_ws/install/ament_package:/home/paolo/purple_whales_ws/firmware/dev_ws/install/ament_mypy:/home/paolo/purple_whales_ws/firmware/dev_ws/install/ament_lint_cmake:/home/paolo/purple_whales_ws/firmware/dev_ws/install/ament_flake8:/home/paolo/purple_whales_ws/firmware/dev_ws/install/ament_copyright:/home/paolo/purple_whales_ws/firmware/dev_ws/install/ament_lint:/home/paolo/purple_whales_ws/firmware/dev_ws/install/ament_index_python:/home/paolo/purple_whales_ws/firmware/dev_ws/install/ament_cpplint:/home/paolo/purple_whales_ws/firmware/dev_ws/install/ament_cppcheck:/home/paolo/purple_whales_ws/firmware/dev_ws/install/ament_clang_tidy:/home/paolo/purple_whales_ws/firmware/dev_ws/install/ament_clang_format LD_LIBRARY_PATH=/home/paolo/purple_whales_ws/firmware/mcu_ws/install/lib:${LD_LIBRARY_PATH} PATH=/home/paolo/purple_whales_ws/firmware/mcu_ws/install/bin:${PATH} PYTHONPATH=/home/paolo/purple_whales_ws/firmware/mcu_ws/install/lib/python3.10/site-packages:${PYTHONPATH} /usr/bin/cmake --build /home/paolo/purple_whales_ws/firmware/mcu_ws/build/rmw -- -j20 -l20
[0.643s] gmake[4]: Entering directory '/home/paolo/purple_whales_ws/firmware/mcu_ws/build/rmw'
[0.643s] /usr/bin/cmake -S/home/paolo/purple_whales_ws/firmware/mcu_ws/ros2/rmw/rmw -B/home/paolo/purple_whales_ws/firmware/mcu_ws/build/rmw --check-build-system CMakeFiles/Makefile.cmake 0
[0.650s] Re-run cmake file: Makefile older than: /home/paolo/purple_whales_ws/firmware/freertos_apps/microros_esp32_extensions/esp32_toolchain.cmake
[0.656s] -- Found ament_cmake_ros: 0.10.0 (/home/paolo/purple_whales_ws/firmware/dev_ws/install/ament_cmake_ros/share/ament_cmake_ros/cmake)
[0.859s] -- Found rcutils: 5.1.5 (/home/paolo/purple_whales_ws/firmware/mcu_ws/install/share/rcutils/cmake)
[0.882s] [33mCMake Warning at /home/paolo/purple_whales_ws/firmware/mcu_ws/install/share/rcutils/cmake/ament_cmake_export_libraries-extras.cmake:116 (message):
[0.883s]   Package 'rcutils' exports library 'dl' which couldn't be found
[0.883s] Call Stack (most recent call first):
[0.883s]   /home/paolo/purple_whales_ws/firmware/mcu_ws/install/share/rcutils/cmake/rcutilsConfig.cmake:41 (include)
[0.883s]   CMakeLists.txt:21 (find_package)
[0.883s] 
[0.883s] [0m
[0.884s] -- Found rosidl_runtime_c: 3.1.5 (/home/paolo/purple_whales_ws/firmware/mcu_ws/install/share/rosidl_runtime_c/cmake)
[1.001s] -- Configuring done
[1.010s] -- Generating done
[1.011s] -- Build files have been written to: /home/paolo/purple_whales_ws/firmware/mcu_ws/build/rmw
[1.015s] /usr/bin/cmake -E cmake_progress_start /home/paolo/purple_whales_ws/firmware/mcu_ws/build/rmw/CMakeFiles /home/paolo/purple_whales_ws/firmware/mcu_ws/build/rmw//CMakeFiles/progress.marks
[1.025s] /usr/bin/gmake  -f CMakeFiles/Makefile2 all
[1.026s] gmake[5]: Entering directory '/home/paolo/purple_whales_ws/firmware/mcu_ws/build/rmw'
[1.026s] /usr/bin/gmake  -f CMakeFiles/rmw.dir/build.make CMakeFiles/rmw.dir/depend
[1.027s] gmake[6]: Entering directory '/home/paolo/purple_whales_ws/firmware/mcu_ws/build/rmw'
[1.027s] cd /home/paolo/purple_whales_ws/firmware/mcu_ws/build/rmw && /usr/bin/cmake -E cmake_depends "Unix Makefiles" /home/paolo/purple_whales_ws/firmware/mcu_ws/ros2/rmw/rmw /home/paolo/purple_whales_ws/firmware/mcu_ws/ros2/rmw/rmw /home/paolo/purple_whales_ws/firmware/mcu_ws/build/rmw /home/paolo/purple_whales_ws/firmware/mcu_ws/build/rmw /home/paolo/purple_whales_ws/firmware/mcu_ws/build/rmw/CMakeFiles/rmw.dir/DependInfo.cmake --color=
[1.038s] Dependencies file "CMakeFiles/rmw.dir/src/allocators.c.obj.d" is newer than depends file "/home/paolo/purple_whales_ws/firmware/mcu_ws/build/rmw/CMakeFiles/rmw.dir/compiler_depend.internal".
[1.039s] Dependencies file "CMakeFiles/rmw.dir/src/convert_rcutils_ret_to_rmw_ret.c.obj.d" is newer than depends file "/home/paolo/purple_whales_ws/firmware/mcu_ws/build/rmw/CMakeFiles/rmw.dir/compiler_depend.internal".
[1.039s] Dependencies file "CMakeFiles/rmw.dir/src/event.c.obj.d" is newer than depends file "/home/paolo/purple_whales_ws/firmware/mcu_ws/build/rmw/CMakeFiles/rmw.dir/compiler_depend.internal".
[1.039s] Dependencies file "CMakeFiles/rmw.dir/src/init.c.obj.d" is newer than depends file "/home/paolo/purple_whales_ws/firmware/mcu_ws/build/rmw/CMakeFiles/rmw.dir/compiler_depend.internal".
[1.039s] Dependencies file "CMakeFiles/rmw.dir/src/init_options.c.obj.d" is newer than depends file "/home/paolo/purple_whales_ws/firmware/mcu_ws/build/rmw/CMakeFiles/rmw.dir/compiler_depend.internal".
[1.039s] Dependencies file "CMakeFiles/rmw.dir/src/message_sequence.c.obj.d" is newer than depends file "/home/paolo/purple_whales_ws/firmware/mcu_ws/build/rmw/CMakeFiles/rmw.dir/compiler_depend.internal".
[1.039s] Dependencies file "CMakeFiles/rmw.dir/src/names_and_types.c.obj.d" is newer than depends file "/home/paolo/purple_whales_ws/firmware/mcu_ws/build/rmw/CMakeFiles/rmw.dir/compiler_depend.internal".
[1.040s] Dependencies file "CMakeFiles/rmw.dir/src/network_flow_endpoint.c.obj.d" is newer than depends file "/home/paolo/purple_whales_ws/firmware/mcu_ws/build/rmw/CMakeFiles/rmw.dir/compiler_depend.internal".
[1.040s] Dependencies file "CMakeFiles/rmw.dir/src/network_flow_endpoint_array.c.obj.d" is newer than depends file "/home/paolo/purple_whales_ws/firmware/mcu_ws/build/rmw/CMakeFiles/rmw.dir/compiler_depend.internal".
[1.040s] Dependencies file "CMakeFiles/rmw.dir/src/publisher_options.c.obj.d" is newer than depends file "/home/paolo/purple_whales_ws/firmware/mcu_ws/build/rmw/CMakeFiles/rmw.dir/compiler_depend.internal".
[1.040s] Dependencies file "CMakeFiles/rmw.dir/src/qos_string_conversions.c.obj.d" is newer than depends file "/home/paolo/purple_whales_ws/firmware/mcu_ws/build/rmw/CMakeFiles/rmw.dir/compiler_depend.internal".
[1.040s] Dependencies file "CMakeFiles/rmw.dir/src/sanity_checks.c.obj.d" is newer than depends file "/home/paolo/purple_whales_ws/firmware/mcu_ws/build/rmw/CMakeFiles/rmw.dir/compiler_depend.internal".
[1.041s] Dependencies file "CMakeFiles/rmw.dir/src/security_options.c.obj.d" is newer than depends file "/home/paolo/purple_whales_ws/firmware/mcu_ws/build/rmw/CMakeFiles/rmw.dir/compiler_depend.internal".
[1.041s] Dependencies file "CMakeFiles/rmw.dir/src/subscription_content_filter_options.c.obj.d" is newer than depends file "/home/paolo/purple_whales_ws/firmware/mcu_ws/build/rmw/CMakeFiles/rmw.dir/compiler_depend.internal".
[1.041s] Dependencies file "CMakeFiles/rmw.dir/src/subscription_options.c.obj.d" is newer than depends file "/home/paolo/purple_whales_ws/firmware/mcu_ws/build/rmw/CMakeFiles/rmw.dir/compiler_depend.internal".
[1.041s] Dependencies file "CMakeFiles/rmw.dir/src/time.c.obj.d" is newer than depends file "/home/paolo/purple_whales_ws/firmware/mcu_ws/build/rmw/CMakeFiles/rmw.dir/compiler_depend.internal".
[1.041s] Dependencies file "CMakeFiles/rmw.dir/src/topic_endpoint_info.c.obj.d" is newer than depends file "/home/paolo/purple_whales_ws/firmware/mcu_ws/build/rmw/CMakeFiles/rmw.dir/compiler_depend.internal".
[1.041s] Dependencies file "CMakeFiles/rmw.dir/src/topic_endpoint_info_array.c.obj.d" is newer than depends file "/home/paolo/purple_whales_ws/firmware/mcu_ws/build/rmw/CMakeFiles/rmw.dir/compiler_depend.internal".
[1.041s] Dependencies file "CMakeFiles/rmw.dir/src/types.c.obj.d" is newer than depends file "/home/paolo/purple_whales_ws/firmware/mcu_ws/build/rmw/CMakeFiles/rmw.dir/compiler_depend.internal".
[1.041s] Dependencies file "CMakeFiles/rmw.dir/src/validate_full_topic_name.c.obj.d" is newer than depends file "/home/paolo/purple_whales_ws/firmware/mcu_ws/build/rmw/CMakeFiles/rmw.dir/compiler_depend.internal".
[1.041s] Dependencies file "CMakeFiles/rmw.dir/src/validate_namespace.c.obj.d" is newer than depends file "/home/paolo/purple_whales_ws/firmware/mcu_ws/build/rmw/CMakeFiles/rmw.dir/compiler_depend.internal".
[1.041s] Dependencies file "CMakeFiles/rmw.dir/src/validate_node_name.c.obj.d" is newer than depends file "/home/paolo/purple_whales_ws/firmware/mcu_ws/build/rmw/CMakeFiles/rmw.dir/compiler_depend.internal".
[1.041s] [35m[1mConsolidate compiler generated dependencies of target rmw[0m
[1.049s] gmake[6]: Leaving directory '/home/paolo/purple_whales_ws/firmware/mcu_ws/build/rmw'
[1.049s] /usr/bin/gmake  -f CMakeFiles/rmw.dir/build.make CMakeFiles/rmw.dir/build
[1.053s] gmake[6]: Entering directory '/home/paolo/purple_whales_ws/firmware/mcu_ws/build/rmw'
[1.053s] gmake[6]: Nothing to be done for 'CMakeFiles/rmw.dir/build'.
[1.053s] gmake[6]: Leaving directory '/home/paolo/purple_whales_ws/firmware/mcu_ws/build/rmw'
[1.063s] [100%] Built target rmw
[1.063s] gmake[5]: Leaving directory '/home/paolo/purple_whales_ws/firmware/mcu_ws/build/rmw'
[1.064s] /usr/bin/cmake -E cmake_progress_start /home/paolo/purple_whales_ws/firmware/mcu_ws/build/rmw/CMakeFiles 0
[1.075s] gmake[4]: Leaving directory '/home/paolo/purple_whales_ws/firmware/mcu_ws/build/rmw'
[1.080s] Invoked command in '/home/paolo/purple_whales_ws/firmware/mcu_ws/build/rmw' returned '0': AMENT_PREFIX_PATH=/home/paolo/purple_whales_ws/firmware/mcu_ws/install:${AMENT_PREFIX_PATH} CMAKE_PREFIX_PATH=/home/paolo/purple_whales_ws/firmware/mcu_ws/install:/home/paolo/purple_whales_ws/firmware/dev_ws/install/ament_lint_common:/home/paolo/purple_whales_ws/firmware/dev_ws/install/ament_cmake_uncrustify:/home/paolo/purple_whales_ws/firmware/dev_ws/install/uncrustify_vendor:/home/paolo/purple_whales_ws/firmware/dev_ws/install/ament_cmake_ros:/home/paolo/purple_whales_ws/firmware/dev_ws/install/ament_cmake_auto:/home/paolo/purple_whales_ws/firmware/dev_ws/install/ament_cmake_gmock:/home/paolo/purple_whales_ws/firmware/dev_ws/install/gmock_vendor:/home/paolo/purple_whales_ws/firmware/dev_ws/install/ament_cmake_gtest:/home/paolo/purple_whales_ws/firmware/dev_ws/install/gtest_vendor:/home/paolo/purple_whales_ws/firmware/dev_ws/install/ament_cmake_xmllint:/home/paolo/purple_whales_ws/firmware/dev_ws/install/ament_cmake_pyflakes:/home/paolo/purple_whales_ws/firmware/dev_ws/install/ament_cmake_pycodestyle:/home/paolo/purple_whales_ws/firmware/dev_ws/install/ament_cmake_pep257:/home/paolo/purple_whales_ws/firmware/dev_ws/install/ament_cmake_pclint:/home/paolo/purple_whales_ws/firmware/dev_ws/install/ament_lint_auto:/home/paolo/purple_whales_ws/firmware/dev_ws/install/ament_cmake:/home/paolo/purple_whales_ws/firmware/dev_ws/install/ament_cmake_version:/home/paolo/purple_whales_ws/firmware/dev_ws/install/ament_cmake_vendor_package:/home/paolo/purple_whales_ws/firmware/dev_ws/install/ament_cmake_pytest:/home/paolo/purple_whales_ws/firmware/dev_ws/install/ament_cmake_nose:/home/paolo/purple_whales_ws/firmware/dev_ws/install/ament_cmake_mypy:/home/paolo/purple_whales_ws/firmware/dev_ws/install/ament_cmake_lint_cmake:/home/paolo/purple_whales_ws/firmware/dev_ws/install/ament_cmake_google_benchmark:/home/paolo/purple_whales_ws/firmware/dev_ws/install/ament_cmake_flake8:/home/paolo/purple_whales_ws/firmware/dev_ws/install/ament_cmake_cpplint:/home/paolo/purple_whales_ws/firmware/dev_ws/install/ament_cmake_cppcheck:/home/paolo/purple_whales_ws/firmware/dev_ws/install/ament_cmake_copyright:/home/paolo/purple_whales_ws/firmware/dev_ws/install/ament_cmake_clang_tidy:/home/paolo/purple_whales_ws/firmware/dev_ws/install/ament_cmake_clang_format:/home/paolo/purple_whales_ws/firmware/dev_ws/install/ament_cmake_test:/home/paolo/purple_whales_ws/firmware/dev_ws/install/ament_cmake_target_dependencies:/home/paolo/purple_whales_ws/firmware/dev_ws/install/ament_cmake_python:/home/paolo/purple_whales_ws/firmware/dev_ws/install/ament_cmake_export_dependencies:/home/paolo/purple_whales_ws/firmware/dev_ws/install/ament_cmake_libraries:/home/paolo/purple_whales_ws/firmware/dev_ws/install/ament_cmake_include_directories:/home/paolo/purple_whales_ws/firmware/dev_ws/install/ament_cmake_gen_version_h:/home/paolo/purple_whales_ws/firmware/dev_ws/install/ament_cmake_export_targets:/home/paolo/purple_whales_ws/firmware/dev_ws/install/ament_cmake_export_link_flags:/home/paolo/purple_whales_ws/firmware/dev_ws/install/ament_cmake_export_interfaces:/home/paolo/purple_whales_ws/firmware/dev_ws/install/ament_cmake_export_libraries:/home/paolo/purple_whales_ws/firmware/dev_ws/install/ament_cmake_export_include_directories:/home/paolo/purple_whales_ws/firmware/dev_ws/install/ament_cmake_export_definitions:/home/paolo/purple_whales_ws/firmware/dev_ws/install/ament_cmake_core:/home/paolo/purple_whales_ws/firmware/dev_ws/install/ament_index_cpp:/home/paolo/purple_whales_ws/firmware/dev_ws/install/ament_uncrustify:/home/paolo/purple_whales_ws/firmware/dev_ws/install/domain_coordinator:/home/paolo/purple_whales_ws/firmware/dev_ws/install/ament_xmllint:/home/paolo/purple_whales_ws/firmware/dev_ws/install/ament_pyflakes:/home/paolo/purple_whales_ws/firmware/dev_ws/install/ament_pycodestyle:/home/paolo/purple_whales_ws/firmware/dev_ws/install/ament_pep257:/home/paolo/purple_whales_ws/firmware/dev_ws/install/ament_pclint:/home/paolo/purple_whales_ws/firmware/dev_ws/install/ament_package:/home/paolo/purple_whales_ws/firmware/dev_ws/install/ament_mypy:/home/paolo/purple_whales_ws/firmware/dev_ws/install/ament_lint_cmake:/home/paolo/purple_whales_ws/firmware/dev_ws/install/ament_flake8:/home/paolo/purple_whales_ws/firmware/dev_ws/install/ament_copyright:/home/paolo/purple_whales_ws/firmware/dev_ws/install/ament_lint:/home/paolo/purple_whales_ws/firmware/dev_ws/install/ament_index_python:/home/paolo/purple_whales_ws/firmware/dev_ws/install/ament_cpplint:/home/paolo/purple_whales_ws/firmware/dev_ws/install/ament_cppcheck:/home/paolo/purple_whales_ws/firmware/dev_ws/install/ament_clang_tidy:/home/paolo/purple_whales_ws/firmware/dev_ws/install/ament_clang_format LD_LIBRARY_PATH=/home/paolo/purple_whales_ws/firmware/mcu_ws/install/lib:${LD_LIBRARY_PATH} PATH=/home/paolo/purple_whales_ws/firmware/mcu_ws/install/bin:${PATH} PYTHONPATH=/home/paolo/purple_whales_ws/firmware/mcu_ws/install/lib/python3.10/site-packages:${PYTHONPATH} /usr/bin/cmake --build /home/paolo/purple_whales_ws/firmware/mcu_ws/build/rmw -- -j20 -l20
[1.179s] Invoking command in '/home/paolo/purple_whales_ws/firmware/mcu_ws/build/rmw': AMENT_PREFIX_PATH=/home/paolo/purple_whales_ws/firmware/mcu_ws/install:${AMENT_PREFIX_PATH} CMAKE_PREFIX_PATH=/home/paolo/purple_whales_ws/firmware/mcu_ws/install:/home/paolo/purple_whales_ws/firmware/dev_ws/install/ament_lint_common:/home/paolo/purple_whales_ws/firmware/dev_ws/install/ament_cmake_uncrustify:/home/paolo/purple_whales_ws/firmware/dev_ws/install/uncrustify_vendor:/home/paolo/purple_whales_ws/firmware/dev_ws/install/ament_cmake_ros:/home/paolo/purple_whales_ws/firmware/dev_ws/install/ament_cmake_auto:/home/paolo/purple_whales_ws/firmware/dev_ws/install/ament_cmake_gmock:/home/paolo/purple_whales_ws/firmware/dev_ws/install/gmock_vendor:/home/paolo/purple_whales_ws/firmware/dev_ws/install/ament_cmake_gtest:/home/paolo/purple_whales_ws/firmware/dev_ws/install/gtest_vendor:/home/paolo/purple_whales_ws/firmware/dev_ws/install/ament_cmake_xmllint:/home/paolo/purple_whales_ws/firmware/dev_ws/install/ament_cmake_pyflakes:/home/paolo/purple_whales_ws/firmware/dev_ws/install/ament_cmake_pycodestyle:/home/paolo/purple_whales_ws/firmware/dev_ws/install/ament_cmake_pep257:/home/paolo/purple_whales_ws/firmware/dev_ws/install/ament_cmake_pclint:/home/paolo/purple_whales_ws/firmware/dev_ws/install/ament_lint_auto:/home/paolo/purple_whales_ws/firmware/dev_ws/install/ament_cmake:/home/paolo/purple_whales_ws/firmware/dev_ws/install/ament_cmake_version:/home/paolo/purple_whales_ws/firmware/dev_ws/install/ament_cmake_vendor_package:/home/paolo/purple_whales_ws/firmware/dev_ws/install/ament_cmake_pytest:/home/paolo/purple_whales_ws/firmware/dev_ws/install/ament_cmake_nose:/home/paolo/purple_whales_ws/firmware/dev_ws/install/ament_cmake_mypy:/home/paolo/purple_whales_ws/firmware/dev_ws/install/ament_cmake_lint_cmake:/home/paolo/purple_whales_ws/firmware/dev_ws/install/ament_cmake_google_benchmark:/home/paolo/purple_whales_ws/firmware/dev_ws/install/ament_cmake_flake8:/home/paolo/purple_whales_ws/firmware/dev_ws/install/ament_cmake_cpplint:/home/paolo/purple_whales_ws/firmware/dev_ws/install/ament_cmake_cppcheck:/home/paolo/purple_whales_ws/firmware/dev_ws/install/ament_cmake_copyright:/home/paolo/purple_whales_ws/firmware/dev_ws/install/ament_cmake_clang_tidy:/home/paolo/purple_whales_ws/firmware/dev_ws/install/ament_cmake_clang_format:/home/paolo/purple_whales_ws/firmware/dev_ws/install/ament_cmake_test:/home/paolo/purple_whales_ws/firmware/dev_ws/install/ament_cmake_target_dependencies:/home/paolo/purple_whales_ws/firmware/dev_ws/install/ament_cmake_python:/home/paolo/purple_whales_ws/firmware/dev_ws/install/ament_cmake_export_dependencies:/home/paolo/purple_whales_ws/firmware/dev_ws/install/ament_cmake_libraries:/home/paolo/purple_whales_ws/firmware/dev_ws/install/ament_cmake_include_directories:/home/paolo/purple_whales_ws/firmware/dev_ws/install/ament_cmake_gen_version_h:/home/paolo/purple_whales_ws/firmware/dev_ws/install/ament_cmake_export_targets:/home/paolo/purple_whales_ws/firmware/dev_ws/install/ament_cmake_export_link_flags:/home/paolo/purple_whales_ws/firmware/dev_ws/install/ament_cmake_export_interfaces:/home/paolo/purple_whales_ws/firmware/dev_ws/install/ament_cmake_export_libraries:/home/paolo/purple_whales_ws/firmware/dev_ws/install/ament_cmake_export_include_directories:/home/paolo/purple_whales_ws/firmware/dev_ws/install/ament_cmake_export_definitions:/home/paolo/purple_whales_ws/firmware/dev_ws/install/ament_cmake_core:/home/paolo/purple_whales_ws/firmware/dev_ws/install/ament_index_cpp:/home/paolo/purple_whales_ws/firmware/dev_ws/install/ament_uncrustify:/home/paolo/purple_whales_ws/firmware/dev_ws/install/domain_coordinator:/home/paolo/purple_whales_ws/firmware/dev_ws/install/ament_xmllint:/home/paolo/purple_whales_ws/firmware/dev_ws/install/ament_pyflakes:/home/paolo/purple_whales_ws/firmware/dev_ws/install/ament_pycodestyle:/home/paolo/purple_whales_ws/firmware/dev_ws/install/ament_pep257:/home/paolo/purple_whales_ws/firmware/dev_ws/install/ament_pclint:/home/paolo/purple_whales_ws/firmware/dev_ws/install/ament_package:/home/paolo/purple_whales_ws/firmware/dev_ws/install/ament_mypy:/home/paolo/purple_whales_ws/firmware/dev_ws/install/ament_lint_cmake:/home/paolo/purple_whales_ws/firmware/dev_ws/install/ament_flake8:/home/paolo/purple_whales_ws/firmware/dev_ws/install/ament_copyright:/home/paolo/purple_whales_ws/firmware/dev_ws/install/ament_lint:/home/paolo/purple_whales_ws/firmware/dev_ws/install/ament_index_python:/home/paolo/purple_whales_ws/firmware/dev_ws/install/ament_cpplint:/home/paolo/purple_whales_ws/firmware/dev_ws/install/ament_cppcheck:/home/paolo/purple_whales_ws/firmware/dev_ws/install/ament_clang_tidy:/home/paolo/purple_whales_ws/firmware/dev_ws/install/ament_clang_format LD_LIBRARY_PATH=/home/paolo/purple_whales_ws/firmware/mcu_ws/install/lib:${LD_LIBRARY_PATH} PATH=/home/paolo/purple_whales_ws/firmware/mcu_ws/install/bin:${PATH} PYTHONPATH=/home/paolo/purple_whales_ws/firmware/mcu_ws/install/lib/python3.10/site-packages:${PYTHONPATH} /usr/bin/cmake --install /home/paolo/purple_whales_ws/firmware/mcu_ws/build/rmw
[1.193s] -- Install configuration: "Debug"
[1.193s] -- Up-to-date: /home/paolo/purple_whales_ws/firmware/mcu_ws/install/share/rmw/environment/library_path.sh
[1.193s] -- Installing: /home/paolo/purple_whales_ws/firmware/mcu_ws/install/share/rmw/environment/library_path.dsv
[1.193s] -- Up-to-date: /home/paolo/purple_whales_ws/firmware/mcu_ws/install/share/ament_index/resource_index/package_run_dependencies/rmw
[1.193s] -- Up-to-date: /home/paolo/purple_whales_ws/firmware/mcu_ws/install/share/ament_index/resource_index/parent_prefix_path/rmw
[1.195s] -- Up-to-date: /home/paolo/purple_whales_ws/firmware/mcu_ws/install/share/rmw/environment/ament_prefix_path.sh
[1.195s] -- Installing: /home/paolo/purple_whales_ws/firmware/mcu_ws/install/share/rmw/environment/ament_prefix_path.dsv
[1.195s] -- Up-to-date: /home/paolo/purple_whales_ws/firmware/mcu_ws/install/share/rmw/environment/path.sh
[1.196s] -- Installing: /home/paolo/purple_whales_ws/firmware/mcu_ws/install/share/rmw/environment/path.dsv
[1.197s] -- Up-to-date: /home/paolo/purple_whales_ws/firmware/mcu_ws/install/share/rmw/local_setup.bash
[1.197s] -- Up-to-date: /home/paolo/purple_whales_ws/firmware/mcu_ws/install/share/rmw/local_setup.sh
[1.197s] -- Up-to-date: /home/paolo/purple_whales_ws/firmware/mcu_ws/install/share/rmw/local_setup.zsh
[1.197s] -- Installing: /home/paolo/purple_whales_ws/firmware/mcu_ws/install/share/rmw/local_setup.dsv
[1.198s] -- Installing: /home/paolo/purple_whales_ws/firmware/mcu_ws/install/share/rmw/package.dsv
[1.199s] -- Up-to-date: /home/paolo/purple_whales_ws/firmware/mcu_ws/install/share/ament_index/resource_index/packages/rmw
[1.199s] -- Up-to-date: /home/paolo/purple_whales_ws/firmware/mcu_ws/install/share/rmw/cmake/rmwExport.cmake
[1.200s] -- Up-to-date: /home/paolo/purple_whales_ws/firmware/mcu_ws/install/share/rmw/cmake/rmwExport-debug.cmake
[1.200s] -- Up-to-date: /home/paolo/purple_whales_ws/firmware/mcu_ws/install/share/rmw/cmake/rmw-extras.cmake
[1.200s] -- Up-to-date: /home/paolo/purple_whales_ws/firmware/mcu_ws/install/share/rmw/cmake/ament_cmake_export_dependencies-extras.cmake
[1.200s] -- Up-to-date: /home/paolo/purple_whales_ws/firmware/mcu_ws/install/share/rmw/cmake/ament_cmake_export_include_directories-extras.cmake
[1.200s] -- Up-to-date: /home/paolo/purple_whales_ws/firmware/mcu_ws/install/share/rmw/cmake/ament_cmake_export_libraries-extras.cmake
[1.200s] -- Up-to-date: /home/paolo/purple_whales_ws/firmware/mcu_ws/install/share/rmw/cmake/ament_cmake_export_targets-extras.cmake
[1.200s] -- Up-to-date: /home/paolo/purple_whales_ws/firmware/mcu_ws/install/share/rmw/cmake/rmwConfig.cmake
[1.201s] -- Up-to-date: /home/paolo/purple_whales_ws/firmware/mcu_ws/install/share/rmw/cmake/rmwConfig-version.cmake
[1.201s] -- Up-to-date: /home/paolo/purple_whales_ws/firmware/mcu_ws/install/share/rmw/package.xml
[1.201s] -- Up-to-date: /home/paolo/purple_whales_ws/firmware/mcu_ws/install/share/rmw/cmake
[1.201s] -- Up-to-date: /home/paolo/purple_whales_ws/firmware/mcu_ws/install/share/rmw/cmake/get_rmw_typesupport.cmake
[1.201s] -- Up-to-date: /home/paolo/purple_whales_ws/firmware/mcu_ws/install/share/rmw/cmake/configure_rmw_library.cmake
[1.201s] -- Up-to-date: /home/paolo/purple_whales_ws/firmware/mcu_ws/install/share/rmw/cmake/register_rmw_implementation.cmake
[1.201s] -- Up-to-date: /home/paolo/purple_whales_ws/firmware/mcu_ws/install/include/rmw
[1.201s] -- Up-to-date: /home/paolo/purple_whales_ws/firmware/mcu_ws/install/include/rmw/rmw
[1.201s] -- Up-to-date: /home/paolo/purple_whales_ws/firmware/mcu_ws/install/include/rmw/rmw/get_topic_names_and_types.h
[1.201s] -- Up-to-date: /home/paolo/purple_whales_ws/firmware/mcu_ws/install/include/rmw/rmw/network_flow_endpoint.h
[1.201s] -- Up-to-date: /home/paolo/purple_whales_ws/firmware/mcu_ws/install/include/rmw/rmw/ret_types.h
[1.202s] -- Up-to-date: /home/paolo/purple_whales_ws/firmware/mcu_ws/install/include/rmw/rmw/convert_rcutils_ret_to_rmw_ret.h
[1.202s] -- Up-to-date: /home/paolo/purple_whales_ws/firmware/mcu_ws/install/include/rmw/rmw/events_statuses
[1.202s] -- Up-to-date: /home/paolo/purple_whales_ws/firmware/mcu_ws/install/include/rmw/rmw/events_statuses/message_lost.h
[1.202s] -- Up-to-date: /home/paolo/purple_whales_ws/firmware/mcu_ws/install/include/rmw/rmw/events_statuses/liveliness_changed.h
[1.202s] -- Up-to-date: /home/paolo/purple_whales_ws/firmware/mcu_ws/install/include/rmw/rmw/events_statuses/offered_deadline_missed.h
[1.202s] -- Up-to-date: /home/paolo/purple_whales_ws/firmware/mcu_ws/install/include/rmw/rmw/events_statuses/requested_deadline_missed.h
[1.202s] -- Up-to-date: /home/paolo/purple_whales_ws/firmware/mcu_ws/install/include/rmw/rmw/events_statuses/liveliness_lost.h
[1.202s] -- Up-to-date: /home/paolo/purple_whales_ws/firmware/mcu_ws/install/include/rmw/rmw/events_statuses/incompatible_qos.h
[1.202s] -- Up-to-date: /home/paolo/purple_whales_ws/firmware/mcu_ws/install/include/rmw/rmw/events_statuses/events_statuses.h
[1.202s] -- Up-to-date: /home/paolo/purple_whales_ws/firmware/mcu_ws/install/include/rmw/rmw/get_network_flow_endpoints.h
[1.203s] -- Up-to-date: /home/paolo/purple_whales_ws/firmware/mcu_ws/install/include/rmw/rmw/incompatible_qos_events_statuses.h
[1.203s] -- Up-to-date: /home/paolo/purple_whales_ws/firmware/mcu_ws/install/include/rmw/rmw/names_and_types.h
[1.203s] -- Up-to-date: /home/paolo/purple_whales_ws/firmware/mcu_ws/install/include/rmw/rmw/features.h
[1.204s] -- Up-to-date: /home/paolo/purple_whales_ws/firmware/mcu_ws/install/include/rmw/rmw/time.h
[1.204s] -- Up-to-date: /home/paolo/purple_whales_ws/firmware/mcu_ws/install/include/rmw/rmw/init.h
[1.204s] -- Up-to-date: /home/paolo/purple_whales_ws/firmware/mcu_ws/install/include/rmw/rmw/subscription_options.h
[1.204s] -- Up-to-date: /home/paolo/purple_whales_ws/firmware/mcu_ws/install/include/rmw/rmw/topic_endpoint_info_array.h
[1.204s] -- Up-to-date: /home/paolo/purple_whales_ws/firmware/mcu_ws/install/include/rmw/rmw/subscription_content_filter_options.h
[1.204s] -- Up-to-date: /home/paolo/purple_whales_ws/firmware/mcu_ws/install/include/rmw/rmw/qos_profiles.h
[1.204s] -- Up-to-date: /home/paolo/purple_whales_ws/firmware/mcu_ws/install/include/rmw/rmw/error_handling.h
[1.204s] -- Up-to-date: /home/paolo/purple_whales_ws/firmware/mcu_ws/install/include/rmw/rmw/domain_id.h
[1.205s] -- Up-to-date: /home/paolo/purple_whales_ws/firmware/mcu_ws/install/include/rmw/rmw/init_options.h
[1.205s] -- Up-to-date: /home/paolo/purple_whales_ws/firmware/mcu_ws/install/include/rmw/rmw/allocators.h
[1.205s] -- Up-to-date: /home/paolo/purple_whales_ws/firmware/mcu_ws/install/include/rmw/rmw/macros.h
[1.205s] -- Up-to-date: /home/paolo/purple_whales_ws/firmware/mcu_ws/install/include/rmw/rmw/impl
[1.205s] -- Up-to-date: /home/paolo/purple_whales_ws/firmware/mcu_ws/install/include/rmw/rmw/impl/cpp
[1.205s] -- Up-to-date: /home/paolo/purple_whales_ws/firmware/mcu_ws/install/include/rmw/rmw/impl/cpp/key_value.hpp
[1.205s] -- Up-to-date: /home/paolo/purple_whales_ws/firmware/mcu_ws/install/include/rmw/rmw/impl/cpp/demangle.hpp
[1.205s] -- Up-to-date: /home/paolo/purple_whales_ws/firmware/mcu_ws/install/include/rmw/rmw/impl/cpp/macros.hpp
[1.205s] -- Up-to-date: /home/paolo/purple_whales_ws/firmware/mcu_ws/install/include/rmw/rmw/impl/config.h
[1.205s] -- Up-to-date: /home/paolo/purple_whales_ws/firmware/mcu_ws/install/include/rmw/rmw/event_callback_type.h
[1.205s] -- Up-to-date: /home/paolo/purple_whales_ws/firmware/mcu_ws/install/include/rmw/rmw/event.h
[1.206s] -- Up-to-date: /home/paolo/purple_whales_ws/firmware/mcu_ws/install/include/rmw/rmw/validate_full_topic_name.h
[1.206s] -- Up-to-date: /home/paolo/purple_whales_ws/firmware/mcu_ws/install/include/rmw/rmw/visibility_control.h
[1.206s] -- Up-to-date: /home/paolo/purple_whales_ws/firmware/mcu_ws/install/include/rmw/rmw/validate_namespace.h
[1.206s] -- Up-to-date: /home/paolo/purple_whales_ws/firmware/mcu_ws/install/include/rmw/rmw/network_flow_endpoint_array.h
[1.206s] -- Up-to-date: /home/paolo/purple_whales_ws/firmware/mcu_ws/install/include/rmw/rmw/qos_policy_kind.h
[1.206s] -- Up-to-date: /home/paolo/purple_whales_ws/firmware/mcu_ws/install/include/rmw/rmw/types.h
[1.206s] -- Up-to-date: /home/paolo/purple_whales_ws/firmware/mcu_ws/install/include/rmw/rmw/get_node_info_and_types.h
[1.206s] -- Up-to-date: /home/paolo/purple_whales_ws/firmware/mcu_ws/install/include/rmw/rmw/rmw.h
[1.206s] -- Up-to-date: /home/paolo/purple_whales_ws/firmware/mcu_ws/install/include/rmw/rmw/get_service_names_and_types.h
[1.206s] -- Up-to-date: /home/paolo/purple_whales_ws/firmware/mcu_ws/install/include/rmw/rmw/security_options.h
[1.207s] -- Up-to-date: /home/paolo/purple_whales_ws/firmware/mcu_ws/install/include/rmw/rmw/topic_endpoint_info.h
[1.207s] -- Up-to-date: /home/paolo/purple_whales_ws/firmware/mcu_ws/install/include/rmw/rmw/get_topic_endpoint_info.h
[1.208s] -- Up-to-date: /home/paolo/purple_whales_ws/firmware/mcu_ws/install/include/rmw/rmw/qos_string_conversions.h
[1.208s] -- Up-to-date: /home/paolo/purple_whales_ws/firmware/mcu_ws/install/include/rmw/rmw/publisher_options.h
[1.208s] -- Up-to-date: /home/paolo/purple_whales_ws/firmware/mcu_ws/install/include/rmw/rmw/validate_node_name.h
[1.208s] -- Up-to-date: /home/paolo/purple_whales_ws/firmware/mcu_ws/install/include/rmw/rmw/sanity_checks.h
[1.209s] -- Up-to-date: /home/paolo/purple_whales_ws/firmware/mcu_ws/install/include/rmw/rmw/serialized_message.h
[1.209s] -- Up-to-date: /home/paolo/purple_whales_ws/firmware/mcu_ws/install/include/rmw/rmw/message_sequence.h
[1.209s] -- Up-to-date: /home/paolo/purple_whales_ws/firmware/mcu_ws/install/include/rmw/rmw/localhost.h
[1.209s] -- Up-to-date: /home/paolo/purple_whales_ws/firmware/mcu_ws/install/lib/librmw.a
[1.227s] Invoked command in '/home/paolo/purple_whales_ws/firmware/mcu_ws/build/rmw' returned '0': AMENT_PREFIX_PATH=/home/paolo/purple_whales_ws/firmware/mcu_ws/install:${AMENT_PREFIX_PATH} CMAKE_PREFIX_PATH=/home/paolo/purple_whales_ws/firmware/mcu_ws/install:/home/paolo/purple_whales_ws/firmware/dev_ws/install/ament_lint_common:/home/paolo/purple_whales_ws/firmware/dev_ws/install/ament_cmake_uncrustify:/home/paolo/purple_whales_ws/firmware/dev_ws/install/uncrustify_vendor:/home/paolo/purple_whales_ws/firmware/dev_ws/install/ament_cmake_ros:/home/paolo/purple_whales_ws/firmware/dev_ws/install/ament_cmake_auto:/home/paolo/purple_whales_ws/firmware/dev_ws/install/ament_cmake_gmock:/home/paolo/purple_whales_ws/firmware/dev_ws/install/gmock_vendor:/home/paolo/purple_whales_ws/firmware/dev_ws/install/ament_cmake_gtest:/home/paolo/purple_whales_ws/firmware/dev_ws/install/gtest_vendor:/home/paolo/purple_whales_ws/firmware/dev_ws/install/ament_cmake_xmllint:/home/paolo/purple_whales_ws/firmware/dev_ws/install/ament_cmake_pyflakes:/home/paolo/purple_whales_ws/firmware/dev_ws/install/ament_cmake_pycodestyle:/home/paolo/purple_whales_ws/firmware/dev_ws/install/ament_cmake_pep257:/home/paolo/purple_whales_ws/firmware/dev_ws/install/ament_cmake_pclint:/home/paolo/purple_whales_ws/firmware/dev_ws/install/ament_lint_auto:/home/paolo/purple_whales_ws/firmware/dev_ws/install/ament_cmake:/home/paolo/purple_whales_ws/firmware/dev_ws/install/ament_cmake_version:/home/paolo/purple_whales_ws/firmware/dev_ws/install/ament_cmake_vendor_package:/home/paolo/purple_whales_ws/firmware/dev_ws/install/ament_cmake_pytest:/home/paolo/purple_whales_ws/firmware/dev_ws/install/ament_cmake_nose:/home/paolo/purple_whales_ws/firmware/dev_ws/install/ament_cmake_mypy:/home/paolo/purple_whales_ws/firmware/dev_ws/install/ament_cmake_lint_cmake:/home/paolo/purple_whales_ws/firmware/dev_ws/install/ament_cmake_google_benchmark:/home/paolo/purple_whales_ws/firmware/dev_ws/install/ament_cmake_flake8:/home/paolo/purple_whales_ws/firmware/dev_ws/install/ament_cmake_cpplint:/home/paolo/purple_whales_ws/firmware/dev_ws/install/ament_cmake_cppcheck:/home/paolo/purple_whales_ws/firmware/dev_ws/install/ament_cmake_copyright:/home/paolo/purple_whales_ws/firmware/dev_ws/install/ament_cmake_clang_tidy:/home/paolo/purple_whales_ws/firmware/dev_ws/install/ament_cmake_clang_format:/home/paolo/purple_whales_ws/firmware/dev_ws/install/ament_cmake_test:/home/paolo/purple_whales_ws/firmware/dev_ws/install/ament_cmake_target_dependencies:/home/paolo/purple_whales_ws/firmware/dev_ws/install/ament_cmake_python:/home/paolo/purple_whales_ws/firmware/dev_ws/install/ament_cmake_export_dependencies:/home/paolo/purple_whales_ws/firmware/dev_ws/install/ament_cmake_libraries:/home/paolo/purple_whales_ws/firmware/dev_ws/install/ament_cmake_include_directories:/home/paolo/purple_whales_ws/firmware/dev_ws/install/ament_cmake_gen_version_h:/home/paolo/purple_whales_ws/firmware/dev_ws/install/ament_cmake_export_targets:/home/paolo/purple_whales_ws/firmware/dev_ws/install/ament_cmake_export_link_flags:/home/paolo/purple_whales_ws/firmware/dev_ws/install/ament_cmake_export_interfaces:/home/paolo/purple_whales_ws/firmware/dev_ws/install/ament_cmake_export_libraries:/home/paolo/purple_whales_ws/firmware/dev_ws/install/ament_cmake_export_include_directories:/home/paolo/purple_whales_ws/firmware/dev_ws/install/ament_cmake_export_definitions:/home/paolo/purple_whales_ws/firmware/dev_ws/install/ament_cmake_core:/home/paolo/purple_whales_ws/firmware/dev_ws/install/ament_index_cpp:/home/paolo/purple_whales_ws/firmware/dev_ws/install/ament_uncrustify:/home/paolo/purple_whales_ws/firmware/dev_ws/install/domain_coordinator:/home/paolo/purple_whales_ws/firmware/dev_ws/install/ament_xmllint:/home/paolo/purple_whales_ws/firmware/dev_ws/install/ament_pyflakes:/home/paolo/purple_whales_ws/firmware/dev_ws/install/ament_pycodestyle:/home/paolo/purple_whales_ws/firmware/dev_ws/install/ament_pep257:/home/paolo/purple_whales_ws/firmware/dev_ws/install/ament_pclint:/home/paolo/purple_whales_ws/firmware/dev_ws/install/ament_package:/home/paolo/purple_whales_ws/firmware/dev_ws/install/ament_mypy:/home/paolo/purple_whales_ws/firmware/dev_ws/install/ament_lint_cmake:/home/paolo/purple_whales_ws/firmware/dev_ws/install/ament_flake8:/home/paolo/purple_whales_ws/firmware/dev_ws/install/ament_copyright:/home/paolo/purple_whales_ws/firmware/dev_ws/install/ament_lint:/home/paolo/purple_whales_ws/firmware/dev_ws/install/ament_index_python:/home/paolo/purple_whales_ws/firmware/dev_ws/install/ament_cpplint:/home/paolo/purple_whales_ws/firmware/dev_ws/install/ament_cppcheck:/home/paolo/purple_whales_ws/firmware/dev_ws/install/ament_clang_tidy:/home/paolo/purple_whales_ws/firmware/dev_ws/install/ament_clang_format LD_LIBRARY_PATH=/home/paolo/purple_whales_ws/firmware/mcu_ws/install/lib:${LD_LIBRARY_PATH} PATH=/home/paolo/purple_whales_ws/firmware/mcu_ws/install/bin:${PATH} PYTHONPATH=/home/paolo/purple_whales_ws/firmware/mcu_ws/install/lib/python3.10/site-packages:${PYTHONPATH} /usr/bin/cmake --install /home/paolo/purple_whales_ws/firmware/mcu_ws/build/rmw
