gmake[4]: Entering directory '/home/paolo/purple_whales_ws/firmware/mcu_ws/build/rcl_logging_interface'
/usr/bin/cmake -S/home/paolo/purple_whales_ws/firmware/mcu_ws/ros2/rcl_logging/rcl_logging_interface -B/home/paolo/purple_whales_ws/firmware/mcu_ws/build/rcl_logging_interface --check-build-system CMakeFiles/Makefile.cmake 0
Re-run cmake file: Makefile older than: /home/paolo/purple_whales_ws/firmware/freertos_apps/microros_esp32_extensions/esp32_toolchain.cmake
-- Found ament_cmake_ros: 0.10.0 (/home/paolo/purple_whales_ws/firmware/dev_ws/install/ament_cmake_ros/share/ament_cmake_ros/cmake)
-- Found rcutils: 5.1.5 (/home/paolo/purple_whales_ws/firmware/mcu_ws/install/share/rcutils/cmake)
[33mCMake Warning at /home/paolo/purple_whales_ws/firmware/mcu_ws/install/share/rcutils/cmake/ament_cmake_export_libraries-extras.cmake:116 (message):
  Package 'rcutils' exports library 'dl' which couldn't be found
Call Stack (most recent call first):
  /home/paolo/purple_whales_ws/firmware/mcu_ws/install/share/rcutils/cmake/rcutilsConfig.cmake:41 (include)
  CMakeLists.txt:19 (find_package)

[0m
-- Configuring done
-- Generating done
-- Build files have been written to: /home/paolo/purple_whales_ws/firmware/mcu_ws/build/rcl_logging_interface
/usr/bin/cmake -E cmake_progress_start /home/paolo/purple_whales_ws/firmware/mcu_ws/build/rcl_logging_interface/CMakeFiles /home/paolo/purple_whales_ws/firmware/mcu_ws/build/rcl_logging_interface//CMakeFiles/progress.marks
/usr/bin/gmake  -f CMakeFiles/Makefile2 all
gmake[5]: Entering directory '/home/paolo/purple_whales_ws/firmware/mcu_ws/build/rcl_logging_interface'
/usr/bin/gmake  -f CMakeFiles/rcl_logging_interface.dir/build.make CMakeFiles/rcl_logging_interface.dir/depend
gmake[6]: Entering directory '/home/paolo/purple_whales_ws/firmware/mcu_ws/build/rcl_logging_interface'
cd /home/paolo/purple_whales_ws/firmware/mcu_ws/build/rcl_logging_interface && /usr/bin/cmake -E cmake_depends "Unix Makefiles" /home/paolo/purple_whales_ws/firmware/mcu_ws/ros2/rcl_logging/rcl_logging_interface /home/paolo/purple_whales_ws/firmware/mcu_ws/ros2/rcl_logging/rcl_logging_interface /home/paolo/purple_whales_ws/firmware/mcu_ws/build/rcl_logging_interface /home/paolo/purple_whales_ws/firmware/mcu_ws/build/rcl_logging_interface /home/paolo/purple_whales_ws/firmware/mcu_ws/build/rcl_logging_interface/CMakeFiles/rcl_logging_interface.dir/DependInfo.cmake --color=
Dependencies file "CMakeFiles/rcl_logging_interface.dir/src/logging_dir.c.obj.d" is newer than depends file "/home/paolo/purple_whales_ws/firmware/mcu_ws/build/rcl_logging_interface/CMakeFiles/rcl_logging_interface.dir/compiler_depend.internal".
[35m[1mConsolidate compiler generated dependencies of target rcl_logging_interface[0m
gmake[6]: Leaving directory '/home/paolo/purple_whales_ws/firmware/mcu_ws/build/rcl_logging_interface'
/usr/bin/gmake  -f CMakeFiles/rcl_logging_interface.dir/build.make CMakeFiles/rcl_logging_interface.dir/build
gmake[6]: Entering directory '/home/paolo/purple_whales_ws/firmware/mcu_ws/build/rcl_logging_interface'
gmake[6]: Nothing to be done for 'CMakeFiles/rcl_logging_interface.dir/build'.
gmake[6]: Leaving directory '/home/paolo/purple_whales_ws/firmware/mcu_ws/build/rcl_logging_interface'
[100%] Built target rcl_logging_interface
gmake[5]: Leaving directory '/home/paolo/purple_whales_ws/firmware/mcu_ws/build/rcl_logging_interface'
/usr/bin/cmake -E cmake_progress_start /home/paolo/purple_whales_ws/firmware/mcu_ws/build/rcl_logging_interface/CMakeFiles 0
gmake[4]: Leaving directory '/home/paolo/purple_whales_ws/firmware/mcu_ws/build/rcl_logging_interface'
-- Install configuration: "Debug"
-- Up-to-date: /home/paolo/purple_whales_ws/firmware/mcu_ws/install/include/rcl_logging_interface
-- Up-to-date: /home/paolo/purple_whales_ws/firmware/mcu_ws/install/include/rcl_logging_interface/rcl_logging_interface
-- Up-to-date: /home/paolo/purple_whales_ws/firmware/mcu_ws/install/include/rcl_logging_interface/rcl_logging_interface/rcl_logging_interface.h
-- Up-to-date: /home/paolo/purple_whales_ws/firmware/mcu_ws/install/include/rcl_logging_interface/rcl_logging_interface/visibility_control.h
-- Up-to-date: /home/paolo/purple_whales_ws/firmware/mcu_ws/install/lib/librcl_logging_interface.a
-- Up-to-date: /home/paolo/purple_whales_ws/firmware/mcu_ws/install/share/ament_index/resource_index/package_run_dependencies/rcl_logging_interface
-- Up-to-date: /home/paolo/purple_whales_ws/firmware/mcu_ws/install/share/ament_index/resource_index/parent_prefix_path/rcl_logging_interface
-- Up-to-date: /home/paolo/purple_whales_ws/firmware/mcu_ws/install/share/rcl_logging_interface/environment/ament_prefix_path.sh
-- Installing: /home/paolo/purple_whales_ws/firmware/mcu_ws/install/share/rcl_logging_interface/environment/ament_prefix_path.dsv
-- Up-to-date: /home/paolo/purple_whales_ws/firmware/mcu_ws/install/share/rcl_logging_interface/environment/path.sh
-- Installing: /home/paolo/purple_whales_ws/firmware/mcu_ws/install/share/rcl_logging_interface/environment/path.dsv
-- Up-to-date: /home/paolo/purple_whales_ws/firmware/mcu_ws/install/share/rcl_logging_interface/local_setup.bash
-- Up-to-date: /home/paolo/purple_whales_ws/firmware/mcu_ws/install/share/rcl_logging_interface/local_setup.sh
-- Up-to-date: /home/paolo/purple_whales_ws/firmware/mcu_ws/install/share/rcl_logging_interface/local_setup.zsh
-- Installing: /home/paolo/purple_whales_ws/firmware/mcu_ws/install/share/rcl_logging_interface/local_setup.dsv
-- Installing: /home/paolo/purple_whales_ws/firmware/mcu_ws/install/share/rcl_logging_interface/package.dsv
-- Up-to-date: /home/paolo/purple_whales_ws/firmware/mcu_ws/install/share/ament_index/resource_index/packages/rcl_logging_interface
-- Up-to-date: /home/paolo/purple_whales_ws/firmware/mcu_ws/install/share/rcl_logging_interface/cmake/rcl_logging_interfaceExport.cmake
-- Up-to-date: /home/paolo/purple_whales_ws/firmware/mcu_ws/install/share/rcl_logging_interface/cmake/rcl_logging_interfaceExport-debug.cmake
-- Up-to-date: /home/paolo/purple_whales_ws/firmware/mcu_ws/install/share/rcl_logging_interface/cmake/ament_cmake_export_include_directories-extras.cmake
-- Up-to-date: /home/paolo/purple_whales_ws/firmware/mcu_ws/install/share/rcl_logging_interface/cmake/ament_cmake_export_targets-extras.cmake
-- Up-to-date: /home/paolo/purple_whales_ws/firmware/mcu_ws/install/share/rcl_logging_interface/cmake/ament_cmake_export_dependencies-extras.cmake
-- Up-to-date: /home/paolo/purple_whales_ws/firmware/mcu_ws/install/share/rcl_logging_interface/cmake/rcl_logging_interfaceConfig.cmake
-- Up-to-date: /home/paolo/purple_whales_ws/firmware/mcu_ws/install/share/rcl_logging_interface/cmake/rcl_logging_interfaceConfig-version.cmake
-- Up-to-date: /home/paolo/purple_whales_ws/firmware/mcu_ws/install/share/rcl_logging_interface/package.xml
