[1.964s] Invoking command in '/home/paolo/purple_whales_ws/firmware/mcu_ws/uros/tracetools/tracetools_trace': PYTHONPATH=/home/paolo/purple_whales_ws/firmware/mcu_ws/build/tracetools_trace/prefix_override:/home/paolo/purple_whales_ws/firmware/mcu_ws/install/lib/python3.10/site-packages:${PYTHONPATH} /home/paolo/purple_whales_ws/firmware/toolchain/espressif/python_env/idf4.1_py3.10_env/bin/python -W ignore:setup.py install is deprecated setup.py egg_info --egg-base ../../../build/tracetools_trace build --build-base /home/paolo/purple_whales_ws/firmware/mcu_ws/build/tracetools_trace/build install --record /home/paolo/purple_whales_ws/firmware/mcu_ws/build/tracetools_trace/install.log --single-version-externally-managed install_data
[2.249s] running egg_info
[2.257s] writing ../../../build/tracetools_trace/tracetools_trace.egg-info/PKG-INFO
[2.259s] writing dependency_links to ../../../build/tracetools_trace/tracetools_trace.egg-info/dependency_links.txt
[2.260s] writing entry points to ../../../build/tracetools_trace/tracetools_trace.egg-info/entry_points.txt
[2.260s] writing requirements to ../../../build/tracetools_trace/tracetools_trace.egg-info/requires.txt
[2.260s] writing top-level names to ../../../build/tracetools_trace/tracetools_trace.egg-info/top_level.txt
[2.278s] reading manifest file '../../../build/tracetools_trace/tracetools_trace.egg-info/SOURCES.txt'
[2.279s] writing manifest file '../../../build/tracetools_trace/tracetools_trace.egg-info/SOURCES.txt'
[2.279s] running build
[2.279s] running build_py
[2.279s] copying tracetools_trace/__init__.py -> /home/paolo/purple_whales_ws/firmware/mcu_ws/build/tracetools_trace/build/lib/tracetools_trace
[2.280s] copying tracetools_trace/trace.py -> /home/paolo/purple_whales_ws/firmware/mcu_ws/build/tracetools_trace/build/lib/tracetools_trace
[2.280s] copying tracetools_trace/tools/lttng_stub.py -> /home/paolo/purple_whales_ws/firmware/mcu_ws/build/tracetools_trace/build/lib/tracetools_trace/tools
[2.280s] copying tracetools_trace/tools/args.py -> /home/paolo/purple_whales_ws/firmware/mcu_ws/build/tracetools_trace/build/lib/tracetools_trace/tools
[2.281s] copying tracetools_trace/tools/__init__.py -> /home/paolo/purple_whales_ws/firmware/mcu_ws/build/tracetools_trace/build/lib/tracetools_trace/tools
[2.281s] copying tracetools_trace/tools/signals.py -> /home/paolo/purple_whales_ws/firmware/mcu_ws/build/tracetools_trace/build/lib/tracetools_trace/tools
[2.281s] copying tracetools_trace/tools/tracepoints.py -> /home/paolo/purple_whales_ws/firmware/mcu_ws/build/tracetools_trace/build/lib/tracetools_trace/tools
[2.281s] copying tracetools_trace/tools/names.py -> /home/paolo/purple_whales_ws/firmware/mcu_ws/build/tracetools_trace/build/lib/tracetools_trace/tools
[2.281s] copying tracetools_trace/tools/lttng.py -> /home/paolo/purple_whales_ws/firmware/mcu_ws/build/tracetools_trace/build/lib/tracetools_trace/tools
[2.281s] copying tracetools_trace/tools/path.py -> /home/paolo/purple_whales_ws/firmware/mcu_ws/build/tracetools_trace/build/lib/tracetools_trace/tools
[2.281s] copying tracetools_trace/tools/lttng_impl.py -> /home/paolo/purple_whales_ws/firmware/mcu_ws/build/tracetools_trace/build/lib/tracetools_trace/tools
[2.281s] running install
[2.292s] running install_lib
[2.301s] running install_data
[2.302s] copying package.xml -> /home/paolo/purple_whales_ws/firmware/mcu_ws/install/share/tracetools_trace
[2.302s] copying resource/tracetools_trace -> /home/paolo/purple_whales_ws/firmware/mcu_ws/install/share/ament_index/resource_index/packages
[2.302s] running install_egg_info
[2.309s] removing '/home/paolo/purple_whales_ws/firmware/mcu_ws/install/lib/python3.10/site-packages/tracetools_trace-4.1.1-py3.10.egg-info' (and everything under it)
[2.309s] Copying ../../../build/tracetools_trace/tracetools_trace.egg-info to /home/paolo/purple_whales_ws/firmware/mcu_ws/install/lib/python3.10/site-packages/tracetools_trace-4.1.1-py3.10.egg-info
[2.310s] running install_scripts
[2.394s] Installing trace script to /home/paolo/purple_whales_ws/firmware/mcu_ws/install/bin
[2.394s] writing list of installed files to '/home/paolo/purple_whales_ws/firmware/mcu_ws/build/tracetools_trace/install.log'
[2.503s] Invoked command in '/home/paolo/purple_whales_ws/firmware/mcu_ws/uros/tracetools/tracetools_trace' returned '0': PYTHONPATH=/home/paolo/purple_whales_ws/firmware/mcu_ws/build/tracetools_trace/prefix_override:/home/paolo/purple_whales_ws/firmware/mcu_ws/install/lib/python3.10/site-packages:${PYTHONPATH} /home/paolo/purple_whales_ws/firmware/toolchain/espressif/python_env/idf4.1_py3.10_env/bin/python -W ignore:setup.py install is deprecated setup.py egg_info --egg-base ../../../build/tracetools_trace build --build-base /home/paolo/purple_whales_ws/firmware/mcu_ws/build/tracetools_trace/build install --record /home/paolo/purple_whales_ws/firmware/mcu_ws/build/tracetools_trace/install.log --single-version-externally-managed install_data
