gmake[4]: Entering directory '/home/paolo/purple_whales_ws/firmware/mcu_ws/build/std_srvs'
/usr/bin/cmake -S/home/paolo/purple_whales_ws/firmware/mcu_ws/ros2/common_interfaces/std_srvs -B/home/paolo/purple_whales_ws/firmware/mcu_ws/build/std_srvs --check-build-system CMakeFiles/Makefile.cmake 0
Re-run cmake file: Makefile older than: /home/paolo/purple_whales_ws/firmware/freertos_apps/microros_esp32_extensions/esp32_toolchain.cmake
-- Found ament_cmake: 1.3.8 (/home/paolo/purple_whales_ws/firmware/dev_ws/install/ament_cmake/share/ament_cmake/cmake)
-- Found rosidl_default_generators: 1.2.0 (/home/paolo/purple_whales_ws/firmware/mcu_ws/install/share/rosidl_default_generators/cmake)
-- Using all available rosidl_typesupport_c: rosidl_typesupport_introspection_c;rosidl_typesupport_microxrcedds_c
-- Found rosidl_adapter: 3.1.5 (/home/paolo/purple_whales_ws/firmware/mcu_ws/install/share/rosidl_adapter/cmake)
[33mCMake Warning at /home/paolo/purple_whales_ws/firmware/mcu_ws/install/share/rcutils/cmake/ament_cmake_export_libraries-extras.cmake:116 (message):
  Package 'rcutils' exports library 'dl' which couldn't be found
Call Stack (most recent call first):
  /home/paolo/purple_whales_ws/firmware/mcu_ws/install/share/rcutils/cmake/rcutilsConfig.cmake:41 (include)
  /home/paolo/purple_whales_ws/firmware/mcu_ws/install/share/rosidl_runtime_c/cmake/ament_cmake_export_dependencies-extras.cmake:21 (find_package)
  /home/paolo/purple_whales_ws/firmware/mcu_ws/install/share/rosidl_runtime_c/cmake/rosidl_runtime_cConfig.cmake:41 (include)
  /home/paolo/purple_whales_ws/firmware/mcu_ws/install/share/rosidl_typesupport_introspection_c/cmake/ament_cmake_export_dependencies-extras.cmake:21 (find_package)
  /home/paolo/purple_whales_ws/firmware/mcu_ws/install/share/rosidl_typesupport_introspection_c/cmake/rosidl_typesupport_introspection_cConfig.cmake:41 (include)
  /home/paolo/purple_whales_ws/firmware/mcu_ws/install/share/rosidl_typesupport_c/cmake/rosidl_typesupport_c-extras.cmake:13 (find_package)
  /home/paolo/purple_whales_ws/firmware/mcu_ws/install/share/rosidl_typesupport_c/cmake/rosidl_typesupport_cConfig.cmake:41 (include)
  /home/paolo/purple_whales_ws/firmware/mcu_ws/install/share/rosidl_default_generators/cmake/rosidl_default_generators-extras.cmake:21 (find_package)
  /home/paolo/purple_whales_ws/firmware/mcu_ws/install/share/rosidl_default_generators/cmake/rosidl_default_generatorsConfig.cmake:41 (include)
  CMakeLists.txt:14 (find_package)

[0m
-- Found ament_cmake_ros: 0.10.0 (/home/paolo/purple_whales_ws/firmware/dev_ws/install/ament_cmake_ros/share/ament_cmake_ros/cmake)
-- Using all available rosidl_typesupport_c: rosidl_typesupport_introspection_c;rosidl_typesupport_microxrcedds_c
-- Configuring done
-- Generating done
-- Build files have been written to: /home/paolo/purple_whales_ws/firmware/mcu_ws/build/std_srvs
/usr/bin/cmake -E cmake_progress_start /home/paolo/purple_whales_ws/firmware/mcu_ws/build/std_srvs/CMakeFiles /home/paolo/purple_whales_ws/firmware/mcu_ws/build/std_srvs//CMakeFiles/progress.marks
/usr/bin/gmake  -f CMakeFiles/Makefile2 all
gmake[5]: Entering directory '/home/paolo/purple_whales_ws/firmware/mcu_ws/build/std_srvs'
/usr/bin/gmake  -f CMakeFiles/std_srvs__rosidl_generator_c.dir/build.make CMakeFiles/std_srvs__rosidl_generator_c.dir/depend
gmake[6]: Entering directory '/home/paolo/purple_whales_ws/firmware/mcu_ws/build/std_srvs'
cd /home/paolo/purple_whales_ws/firmware/mcu_ws/build/std_srvs && /usr/bin/cmake -E cmake_depends "Unix Makefiles" /home/paolo/purple_whales_ws/firmware/mcu_ws/ros2/common_interfaces/std_srvs /home/paolo/purple_whales_ws/firmware/mcu_ws/ros2/common_interfaces/std_srvs /home/paolo/purple_whales_ws/firmware/mcu_ws/build/std_srvs /home/paolo/purple_whales_ws/firmware/mcu_ws/build/std_srvs /home/paolo/purple_whales_ws/firmware/mcu_ws/build/std_srvs/CMakeFiles/std_srvs__rosidl_generator_c.dir/DependInfo.cmake --color=
Dependencies file "CMakeFiles/std_srvs__rosidl_generator_c.dir/rosidl_generator_c/std_srvs/srv/detail/empty__functions.c.obj.d" is newer than depends file "/home/paolo/purple_whales_ws/firmware/mcu_ws/build/std_srvs/CMakeFiles/std_srvs__rosidl_generator_c.dir/compiler_depend.internal".
Dependencies file "CMakeFiles/std_srvs__rosidl_generator_c.dir/rosidl_generator_c/std_srvs/srv/detail/set_bool__functions.c.obj.d" is newer than depends file "/home/paolo/purple_whales_ws/firmware/mcu_ws/build/std_srvs/CMakeFiles/std_srvs__rosidl_generator_c.dir/compiler_depend.internal".
Dependencies file "CMakeFiles/std_srvs__rosidl_generator_c.dir/rosidl_generator_c/std_srvs/srv/detail/trigger__functions.c.obj.d" is newer than depends file "/home/paolo/purple_whales_ws/firmware/mcu_ws/build/std_srvs/CMakeFiles/std_srvs__rosidl_generator_c.dir/compiler_depend.internal".
[35m[1mConsolidate compiler generated dependencies of target std_srvs__rosidl_generator_c[0m
gmake[6]: Leaving directory '/home/paolo/purple_whales_ws/firmware/mcu_ws/build/std_srvs'
/usr/bin/gmake  -f CMakeFiles/std_srvs__rosidl_generator_c.dir/build.make CMakeFiles/std_srvs__rosidl_generator_c.dir/build
gmake[6]: Entering directory '/home/paolo/purple_whales_ws/firmware/mcu_ws/build/std_srvs'
gmake[6]: Nothing to be done for 'CMakeFiles/std_srvs__rosidl_generator_c.dir/build'.
gmake[6]: Leaving directory '/home/paolo/purple_whales_ws/firmware/mcu_ws/build/std_srvs'
[ 25%] Built target std_srvs__rosidl_generator_c
/usr/bin/gmake  -f CMakeFiles/std_srvs__rosidl_typesupport_c.dir/build.make CMakeFiles/std_srvs__rosidl_typesupport_c.dir/depend
/usr/bin/gmake  -f CMakeFiles/std_srvs__rosidl_typesupport_introspection_c.dir/build.make CMakeFiles/std_srvs__rosidl_typesupport_introspection_c.dir/depend
/usr/bin/gmake  -f CMakeFiles/std_srvs__rosidl_typesupport_microxrcedds_c.dir/build.make CMakeFiles/std_srvs__rosidl_typesupport_microxrcedds_c.dir/depend
gmake[6]: Entering directory '/home/paolo/purple_whales_ws/firmware/mcu_ws/build/std_srvs'
cd /home/paolo/purple_whales_ws/firmware/mcu_ws/build/std_srvs && /usr/bin/cmake -E cmake_depends "Unix Makefiles" /home/paolo/purple_whales_ws/firmware/mcu_ws/ros2/common_interfaces/std_srvs /home/paolo/purple_whales_ws/firmware/mcu_ws/ros2/common_interfaces/std_srvs /home/paolo/purple_whales_ws/firmware/mcu_ws/build/std_srvs /home/paolo/purple_whales_ws/firmware/mcu_ws/build/std_srvs /home/paolo/purple_whales_ws/firmware/mcu_ws/build/std_srvs/CMakeFiles/std_srvs__rosidl_typesupport_c.dir/DependInfo.cmake --color=
gmake[6]: Entering directory '/home/paolo/purple_whales_ws/firmware/mcu_ws/build/std_srvs'
cd /home/paolo/purple_whales_ws/firmware/mcu_ws/build/std_srvs && /usr/bin/cmake -E cmake_depends "Unix Makefiles" /home/paolo/purple_whales_ws/firmware/mcu_ws/ros2/common_interfaces/std_srvs /home/paolo/purple_whales_ws/firmware/mcu_ws/ros2/common_interfaces/std_srvs /home/paolo/purple_whales_ws/firmware/mcu_ws/build/std_srvs /home/paolo/purple_whales_ws/firmware/mcu_ws/build/std_srvs /home/paolo/purple_whales_ws/firmware/mcu_ws/build/std_srvs/CMakeFiles/std_srvs__rosidl_typesupport_microxrcedds_c.dir/DependInfo.cmake --color=
gmake[6]: Entering directory '/home/paolo/purple_whales_ws/firmware/mcu_ws/build/std_srvs'
cd /home/paolo/purple_whales_ws/firmware/mcu_ws/build/std_srvs && /usr/bin/cmake -E cmake_depends "Unix Makefiles" /home/paolo/purple_whales_ws/firmware/mcu_ws/ros2/common_interfaces/std_srvs /home/paolo/purple_whales_ws/firmware/mcu_ws/ros2/common_interfaces/std_srvs /home/paolo/purple_whales_ws/firmware/mcu_ws/build/std_srvs /home/paolo/purple_whales_ws/firmware/mcu_ws/build/std_srvs /home/paolo/purple_whales_ws/firmware/mcu_ws/build/std_srvs/CMakeFiles/std_srvs__rosidl_typesupport_introspection_c.dir/DependInfo.cmake --color=
Dependencies file "CMakeFiles/std_srvs__rosidl_typesupport_microxrcedds_c.dir/rosidl_typesupport_microxrcedds_c/std_srvs/srv/detail/microxrcedds/empty__type_support_c.c.obj.d" is newer than depends file "/home/paolo/purple_whales_ws/firmware/mcu_ws/build/std_srvs/CMakeFiles/std_srvs__rosidl_typesupport_microxrcedds_c.dir/compiler_depend.internal".
Dependencies file "CMakeFiles/std_srvs__rosidl_typesupport_c.dir/rosidl_typesupport_c/std_srvs/srv/empty__type_support.cpp.obj.d" is newer than depends file "/home/paolo/purple_whales_ws/firmware/mcu_ws/build/std_srvs/CMakeFiles/std_srvs__rosidl_typesupport_c.dir/compiler_depend.internal".
Dependencies file "CMakeFiles/std_srvs__rosidl_typesupport_introspection_c.dir/rosidl_typesupport_introspection_c/std_srvs/srv/detail/empty__type_support.c.obj.d" is newer than depends file "/home/paolo/purple_whales_ws/firmware/mcu_ws/build/std_srvs/CMakeFiles/std_srvs__rosidl_typesupport_introspection_c.dir/compiler_depend.internal".
Dependencies file "CMakeFiles/std_srvs__rosidl_typesupport_c.dir/rosidl_typesupport_c/std_srvs/srv/set_bool__type_support.cpp.obj.d" is newer than depends file "/home/paolo/purple_whales_ws/firmware/mcu_ws/build/std_srvs/CMakeFiles/std_srvs__rosidl_typesupport_c.dir/compiler_depend.internal".
Dependencies file "CMakeFiles/std_srvs__rosidl_typesupport_microxrcedds_c.dir/rosidl_typesupport_microxrcedds_c/std_srvs/srv/detail/microxrcedds/set_bool__type_support_c.c.obj.d" is newer than depends file "/home/paolo/purple_whales_ws/firmware/mcu_ws/build/std_srvs/CMakeFiles/std_srvs__rosidl_typesupport_microxrcedds_c.dir/compiler_depend.internal".
Dependencies file "CMakeFiles/std_srvs__rosidl_typesupport_introspection_c.dir/rosidl_typesupport_introspection_c/std_srvs/srv/detail/set_bool__type_support.c.obj.d" is newer than depends file "/home/paolo/purple_whales_ws/firmware/mcu_ws/build/std_srvs/CMakeFiles/std_srvs__rosidl_typesupport_introspection_c.dir/compiler_depend.internal".
Dependencies file "CMakeFiles/std_srvs__rosidl_typesupport_c.dir/rosidl_typesupport_c/std_srvs/srv/trigger__type_support.cpp.obj.d" is newer than depends file "/home/paolo/purple_whales_ws/firmware/mcu_ws/build/std_srvs/CMakeFiles/std_srvs__rosidl_typesupport_c.dir/compiler_depend.internal".
Dependencies file "CMakeFiles/std_srvs__rosidl_typesupport_microxrcedds_c.dir/rosidl_typesupport_microxrcedds_c/std_srvs/srv/detail/microxrcedds/trigger__type_support_c.c.obj.d" is newer than depends file "/home/paolo/purple_whales_ws/firmware/mcu_ws/build/std_srvs/CMakeFiles/std_srvs__rosidl_typesupport_microxrcedds_c.dir/compiler_depend.internal".
Dependencies file "CMakeFiles/std_srvs__rosidl_typesupport_introspection_c.dir/rosidl_typesupport_introspection_c/std_srvs/srv/detail/trigger__type_support.c.obj.d" is newer than depends file "/home/paolo/purple_whales_ws/firmware/mcu_ws/build/std_srvs/CMakeFiles/std_srvs__rosidl_typesupport_introspection_c.dir/compiler_depend.internal".
[35m[1mConsolidate compiler generated dependencies of target std_srvs__rosidl_typesupport_c[0m
[35m[1mConsolidate compiler generated dependencies of target std_srvs__rosidl_typesupport_microxrcedds_c[0m
[35m[1mConsolidate compiler generated dependencies of target std_srvs__rosidl_typesupport_introspection_c[0m
gmake[6]: Leaving directory '/home/paolo/purple_whales_ws/firmware/mcu_ws/build/std_srvs'
gmake[6]: Leaving directory '/home/paolo/purple_whales_ws/firmware/mcu_ws/build/std_srvs'
gmake[6]: Leaving directory '/home/paolo/purple_whales_ws/firmware/mcu_ws/build/std_srvs'
/usr/bin/gmake  -f CMakeFiles/std_srvs__rosidl_typesupport_c.dir/build.make CMakeFiles/std_srvs__rosidl_typesupport_c.dir/build
/usr/bin/gmake  -f CMakeFiles/std_srvs__rosidl_typesupport_introspection_c.dir/build.make CMakeFiles/std_srvs__rosidl_typesupport_introspection_c.dir/build
/usr/bin/gmake  -f CMakeFiles/std_srvs__rosidl_typesupport_microxrcedds_c.dir/build.make CMakeFiles/std_srvs__rosidl_typesupport_microxrcedds_c.dir/build
gmake[6]: Entering directory '/home/paolo/purple_whales_ws/firmware/mcu_ws/build/std_srvs'
gmake[6]: Nothing to be done for 'CMakeFiles/std_srvs__rosidl_typesupport_c.dir/build'.
gmake[6]: Leaving directory '/home/paolo/purple_whales_ws/firmware/mcu_ws/build/std_srvs'
gmake[6]: Entering directory '/home/paolo/purple_whales_ws/firmware/mcu_ws/build/std_srvs'
gmake[6]: Nothing to be done for 'CMakeFiles/std_srvs__rosidl_typesupport_introspection_c.dir/build'.
gmake[6]: Leaving directory '/home/paolo/purple_whales_ws/firmware/mcu_ws/build/std_srvs'
gmake[6]: Entering directory '/home/paolo/purple_whales_ws/firmware/mcu_ws/build/std_srvs'
gmake[6]: Nothing to be done for 'CMakeFiles/std_srvs__rosidl_typesupport_microxrcedds_c.dir/build'.
gmake[6]: Leaving directory '/home/paolo/purple_whales_ws/firmware/mcu_ws/build/std_srvs'
[ 95%] Built target std_srvs__rosidl_typesupport_introspection_c
[ 95%] Built target std_srvs__rosidl_typesupport_microxrcedds_c
[100%] Built target std_srvs__rosidl_typesupport_c
/usr/bin/gmake  -f CMakeFiles/std_srvs.dir/build.make CMakeFiles/std_srvs.dir/depend
gmake[6]: Entering directory '/home/paolo/purple_whales_ws/firmware/mcu_ws/build/std_srvs'
cd /home/paolo/purple_whales_ws/firmware/mcu_ws/build/std_srvs && /usr/bin/cmake -E cmake_depends "Unix Makefiles" /home/paolo/purple_whales_ws/firmware/mcu_ws/ros2/common_interfaces/std_srvs /home/paolo/purple_whales_ws/firmware/mcu_ws/ros2/common_interfaces/std_srvs /home/paolo/purple_whales_ws/firmware/mcu_ws/build/std_srvs /home/paolo/purple_whales_ws/firmware/mcu_ws/build/std_srvs /home/paolo/purple_whales_ws/firmware/mcu_ws/build/std_srvs/CMakeFiles/std_srvs.dir/DependInfo.cmake --color=
gmake[6]: Leaving directory '/home/paolo/purple_whales_ws/firmware/mcu_ws/build/std_srvs'
/usr/bin/gmake  -f CMakeFiles/std_srvs.dir/build.make CMakeFiles/std_srvs.dir/build
gmake[6]: Entering directory '/home/paolo/purple_whales_ws/firmware/mcu_ws/build/std_srvs'
gmake[6]: Nothing to be done for 'CMakeFiles/std_srvs.dir/build'.
gmake[6]: Leaving directory '/home/paolo/purple_whales_ws/firmware/mcu_ws/build/std_srvs'
[100%] Built target std_srvs
gmake[5]: Leaving directory '/home/paolo/purple_whales_ws/firmware/mcu_ws/build/std_srvs'
/usr/bin/cmake -E cmake_progress_start /home/paolo/purple_whales_ws/firmware/mcu_ws/build/std_srvs/CMakeFiles 0
gmake[4]: Leaving directory '/home/paolo/purple_whales_ws/firmware/mcu_ws/build/std_srvs'
-- Install configuration: "Debug"
-- Up-to-date: /home/paolo/purple_whales_ws/firmware/mcu_ws/install/share/ament_index/resource_index/rosidl_interfaces/std_srvs
-- Up-to-date: /home/paolo/purple_whales_ws/firmware/mcu_ws/install/include/std_srvs/std_srvs
-- Up-to-date: /home/paolo/purple_whales_ws/firmware/mcu_ws/install/include/std_srvs/std_srvs/srv
-- Up-to-date: /home/paolo/purple_whales_ws/firmware/mcu_ws/install/include/std_srvs/std_srvs/srv/set_bool.h
-- Up-to-date: /home/paolo/purple_whales_ws/firmware/mcu_ws/install/include/std_srvs/std_srvs/srv/detail
-- Up-to-date: /home/paolo/purple_whales_ws/firmware/mcu_ws/install/include/std_srvs/std_srvs/srv/detail/trigger__struct.h
-- Up-to-date: /home/paolo/purple_whales_ws/firmware/mcu_ws/install/include/std_srvs/std_srvs/srv/detail/trigger__type_support.h
-- Up-to-date: /home/paolo/purple_whales_ws/firmware/mcu_ws/install/include/std_srvs/std_srvs/srv/detail/empty__functions.c
-- Up-to-date: /home/paolo/purple_whales_ws/firmware/mcu_ws/install/include/std_srvs/std_srvs/srv/detail/trigger__functions.h
-- Up-to-date: /home/paolo/purple_whales_ws/firmware/mcu_ws/install/include/std_srvs/std_srvs/srv/detail/set_bool__functions.c
-- Up-to-date: /home/paolo/purple_whales_ws/firmware/mcu_ws/install/include/std_srvs/std_srvs/srv/detail/empty__type_support.h
-- Up-to-date: /home/paolo/purple_whales_ws/firmware/mcu_ws/install/include/std_srvs/std_srvs/srv/detail/empty__functions.h
-- Up-to-date: /home/paolo/purple_whales_ws/firmware/mcu_ws/install/include/std_srvs/std_srvs/srv/detail/empty__struct.h
-- Up-to-date: /home/paolo/purple_whales_ws/firmware/mcu_ws/install/include/std_srvs/std_srvs/srv/detail/set_bool__type_support.h
-- Up-to-date: /home/paolo/purple_whales_ws/firmware/mcu_ws/install/include/std_srvs/std_srvs/srv/detail/trigger__functions.c
-- Up-to-date: /home/paolo/purple_whales_ws/firmware/mcu_ws/install/include/std_srvs/std_srvs/srv/detail/set_bool__functions.h
-- Up-to-date: /home/paolo/purple_whales_ws/firmware/mcu_ws/install/include/std_srvs/std_srvs/srv/detail/set_bool__struct.h
-- Up-to-date: /home/paolo/purple_whales_ws/firmware/mcu_ws/install/include/std_srvs/std_srvs/srv/empty.h
-- Up-to-date: /home/paolo/purple_whales_ws/firmware/mcu_ws/install/include/std_srvs/std_srvs/srv/trigger.h
-- Up-to-date: /home/paolo/purple_whales_ws/firmware/mcu_ws/install/include/std_srvs/std_srvs/msg
-- Up-to-date: /home/paolo/purple_whales_ws/firmware/mcu_ws/install/include/std_srvs/std_srvs/msg/rosidl_generator_c__visibility_control.h
-- Up-to-date: /home/paolo/purple_whales_ws/firmware/mcu_ws/install/share/std_srvs/environment/library_path.sh
-- Installing: /home/paolo/purple_whales_ws/firmware/mcu_ws/install/share/std_srvs/environment/library_path.dsv
-- Installing: /home/paolo/purple_whales_ws/firmware/mcu_ws/install/lib/libstd_srvs__rosidl_generator_c.a
-- Up-to-date: /home/paolo/purple_whales_ws/firmware/mcu_ws/install/include/std_srvs/std_srvs
-- Up-to-date: /home/paolo/purple_whales_ws/firmware/mcu_ws/install/include/std_srvs/std_srvs/srv
-- Up-to-date: /home/paolo/purple_whales_ws/firmware/mcu_ws/install/include/std_srvs/std_srvs/srv/detail
-- Up-to-date: /home/paolo/purple_whales_ws/firmware/mcu_ws/install/include/std_srvs/std_srvs/srv/detail/set_bool__type_support.c
-- Up-to-date: /home/paolo/purple_whales_ws/firmware/mcu_ws/install/include/std_srvs/std_srvs/srv/detail/trigger__rosidl_typesupport_introspection_c.h
-- Up-to-date: /home/paolo/purple_whales_ws/firmware/mcu_ws/install/include/std_srvs/std_srvs/srv/detail/set_bool__rosidl_typesupport_introspection_c.h
-- Up-to-date: /home/paolo/purple_whales_ws/firmware/mcu_ws/install/include/std_srvs/std_srvs/srv/detail/empty__type_support.c
-- Up-to-date: /home/paolo/purple_whales_ws/firmware/mcu_ws/install/include/std_srvs/std_srvs/srv/detail/trigger__type_support.c
-- Up-to-date: /home/paolo/purple_whales_ws/firmware/mcu_ws/install/include/std_srvs/std_srvs/srv/detail/empty__rosidl_typesupport_introspection_c.h
-- Up-to-date: /home/paolo/purple_whales_ws/firmware/mcu_ws/install/include/std_srvs/std_srvs/msg
-- Up-to-date: /home/paolo/purple_whales_ws/firmware/mcu_ws/install/include/std_srvs/std_srvs/msg/rosidl_typesupport_introspection_c__visibility_control.h
-- Up-to-date: /home/paolo/purple_whales_ws/firmware/mcu_ws/install/lib/libstd_srvs__rosidl_typesupport_introspection_c.a
-- Up-to-date: /home/paolo/purple_whales_ws/firmware/mcu_ws/install/include/std_srvs
-- Up-to-date: /home/paolo/purple_whales_ws/firmware/mcu_ws/install/include/std_srvs/srv
-- Up-to-date: /home/paolo/purple_whales_ws/firmware/mcu_ws/install/include/std_srvs/srv/detail
-- Up-to-date: /home/paolo/purple_whales_ws/firmware/mcu_ws/install/include/std_srvs/srv/detail/trigger__rosidl_typesupport_microxrcedds_c.h
-- Up-to-date: /home/paolo/purple_whales_ws/firmware/mcu_ws/install/include/std_srvs/srv/detail/microxrcedds
-- Up-to-date: /home/paolo/purple_whales_ws/firmware/mcu_ws/install/include/std_srvs/srv/detail/set_bool__rosidl_typesupport_microxrcedds_c.h
-- Up-to-date: /home/paolo/purple_whales_ws/firmware/mcu_ws/install/include/std_srvs/srv/detail/empty__rosidl_typesupport_microxrcedds_c.h
-- Up-to-date: /home/paolo/purple_whales_ws/firmware/mcu_ws/install/include/std_srvs/msg
-- Up-to-date: /home/paolo/purple_whales_ws/firmware/mcu_ws/install/include/std_srvs/msg/rosidl_typesupport_microxrcedds_c__visibility_control.h
-- Up-to-date: /home/paolo/purple_whales_ws/firmware/mcu_ws/install/lib/libstd_srvs__rosidl_typesupport_microxrcedds_c.a
-- Up-to-date: /home/paolo/purple_whales_ws/firmware/mcu_ws/install/lib/libstd_srvs__rosidl_typesupport_c.a
-- Up-to-date: /home/paolo/purple_whales_ws/firmware/mcu_ws/install/share/std_srvs/srv/Empty.idl
-- Up-to-date: /home/paolo/purple_whales_ws/firmware/mcu_ws/install/share/std_srvs/srv/SetBool.idl
-- Up-to-date: /home/paolo/purple_whales_ws/firmware/mcu_ws/install/share/std_srvs/srv/Trigger.idl
-- Up-to-date: /home/paolo/purple_whales_ws/firmware/mcu_ws/install/share/std_srvs/srv/Empty.srv
-- Up-to-date: /home/paolo/purple_whales_ws/firmware/mcu_ws/install/share/std_srvs/srv/Empty_Request.msg
-- Up-to-date: /home/paolo/purple_whales_ws/firmware/mcu_ws/install/share/std_srvs/srv/Empty_Response.msg
-- Up-to-date: /home/paolo/purple_whales_ws/firmware/mcu_ws/install/share/std_srvs/srv/SetBool.srv
-- Up-to-date: /home/paolo/purple_whales_ws/firmware/mcu_ws/install/share/std_srvs/srv/SetBool_Request.msg
-- Up-to-date: /home/paolo/purple_whales_ws/firmware/mcu_ws/install/share/std_srvs/srv/SetBool_Response.msg
-- Up-to-date: /home/paolo/purple_whales_ws/firmware/mcu_ws/install/share/std_srvs/srv/Trigger.srv
-- Up-to-date: /home/paolo/purple_whales_ws/firmware/mcu_ws/install/share/std_srvs/srv/Trigger_Request.msg
-- Up-to-date: /home/paolo/purple_whales_ws/firmware/mcu_ws/install/share/std_srvs/srv/Trigger_Response.msg
-- Up-to-date: /home/paolo/purple_whales_ws/firmware/mcu_ws/install/share/ament_index/resource_index/package_run_dependencies/std_srvs
-- Up-to-date: /home/paolo/purple_whales_ws/firmware/mcu_ws/install/share/ament_index/resource_index/parent_prefix_path/std_srvs
-- Up-to-date: /home/paolo/purple_whales_ws/firmware/mcu_ws/install/share/std_srvs/environment/ament_prefix_path.sh
-- Installing: /home/paolo/purple_whales_ws/firmware/mcu_ws/install/share/std_srvs/environment/ament_prefix_path.dsv
-- Up-to-date: /home/paolo/purple_whales_ws/firmware/mcu_ws/install/share/std_srvs/environment/path.sh
-- Installing: /home/paolo/purple_whales_ws/firmware/mcu_ws/install/share/std_srvs/environment/path.dsv
-- Up-to-date: /home/paolo/purple_whales_ws/firmware/mcu_ws/install/share/std_srvs/local_setup.bash
-- Up-to-date: /home/paolo/purple_whales_ws/firmware/mcu_ws/install/share/std_srvs/local_setup.sh
-- Up-to-date: /home/paolo/purple_whales_ws/firmware/mcu_ws/install/share/std_srvs/local_setup.zsh
-- Installing: /home/paolo/purple_whales_ws/firmware/mcu_ws/install/share/std_srvs/local_setup.dsv
-- Installing: /home/paolo/purple_whales_ws/firmware/mcu_ws/install/share/std_srvs/package.dsv
-- Up-to-date: /home/paolo/purple_whales_ws/firmware/mcu_ws/install/share/ament_index/resource_index/packages/std_srvs
-- Up-to-date: /home/paolo/purple_whales_ws/firmware/mcu_ws/install/share/std_srvs/cmake/export_std_srvs__rosidl_generator_cExport.cmake
-- Up-to-date: /home/paolo/purple_whales_ws/firmware/mcu_ws/install/share/std_srvs/cmake/export_std_srvs__rosidl_generator_cExport-debug.cmake
-- Up-to-date: /home/paolo/purple_whales_ws/firmware/mcu_ws/install/share/std_srvs/cmake/std_srvs__rosidl_typesupport_introspection_cExport.cmake
-- Up-to-date: /home/paolo/purple_whales_ws/firmware/mcu_ws/install/share/std_srvs/cmake/std_srvs__rosidl_typesupport_introspection_cExport-debug.cmake
-- Up-to-date: /home/paolo/purple_whales_ws/firmware/mcu_ws/install/share/std_srvs/cmake/std_srvs__rosidl_typesupport_cExport.cmake
-- Up-to-date: /home/paolo/purple_whales_ws/firmware/mcu_ws/install/share/std_srvs/cmake/std_srvs__rosidl_typesupport_cExport-debug.cmake
-- Up-to-date: /home/paolo/purple_whales_ws/firmware/mcu_ws/install/share/std_srvs/cmake/rosidl_cmake-extras.cmake
-- Up-to-date: /home/paolo/purple_whales_ws/firmware/mcu_ws/install/share/std_srvs/cmake/ament_cmake_export_include_directories-extras.cmake
-- Up-to-date: /home/paolo/purple_whales_ws/firmware/mcu_ws/install/share/std_srvs/cmake/ament_cmake_export_libraries-extras.cmake
-- Up-to-date: /home/paolo/purple_whales_ws/firmware/mcu_ws/install/share/std_srvs/cmake/ament_cmake_export_targets-extras.cmake
-- Up-to-date: /home/paolo/purple_whales_ws/firmware/mcu_ws/install/share/std_srvs/cmake/rosidl_cmake_export_typesupport_targets-extras.cmake
-- Up-to-date: /home/paolo/purple_whales_ws/firmware/mcu_ws/install/share/std_srvs/cmake/ament_cmake_export_dependencies-extras.cmake
-- Up-to-date: /home/paolo/purple_whales_ws/firmware/mcu_ws/install/share/std_srvs/cmake/rosidl_cmake_export_typesupport_libraries-extras.cmake
-- Up-to-date: /home/paolo/purple_whales_ws/firmware/mcu_ws/install/share/std_srvs/cmake/std_srvsConfig.cmake
-- Up-to-date: /home/paolo/purple_whales_ws/firmware/mcu_ws/install/share/std_srvs/cmake/std_srvsConfig-version.cmake
-- Up-to-date: /home/paolo/purple_whales_ws/firmware/mcu_ws/install/share/std_srvs/package.xml
