[2.506s] Invoking command in '/home/paolo/purple_whales_ws/firmware/mcu_ws/ros2/rosidl/rosidl_cli': PYTHONPATH=/home/paolo/purple_whales_ws/firmware/mcu_ws/build/rosidl_cli/prefix_override:/home/paolo/purple_whales_ws/firmware/mcu_ws/install/lib/python3.10/site-packages:${PYTHONPATH} /home/paolo/purple_whales_ws/firmware/toolchain/espressif/python_env/idf4.1_py3.10_env/bin/python -W ignore:setup.py install is deprecated setup.py egg_info --egg-base ../../../build/rosidl_cli build --build-base /home/paolo/purple_whales_ws/firmware/mcu_ws/build/rosidl_cli/build install --record /home/paolo/purple_whales_ws/firmware/mcu_ws/build/rosidl_cli/install.log --single-version-externally-managed install_data
[2.795s] running egg_info
[2.802s] writing ../../../build/rosidl_cli/rosidl_cli.egg-info/PKG-INFO
[2.803s] writing dependency_links to ../../../build/rosidl_cli/rosidl_cli.egg-info/dependency_links.txt
[2.803s] writing entry points to ../../../build/rosidl_cli/rosidl_cli.egg-info/entry_points.txt
[2.804s] writing requirements to ../../../build/rosidl_cli/rosidl_cli.egg-info/requires.txt
[2.804s] writing top-level names to ../../../build/rosidl_cli/rosidl_cli.egg-info/top_level.txt
[2.824s] reading manifest file '../../../build/rosidl_cli/rosidl_cli.egg-info/SOURCES.txt'
[2.826s] writing manifest file '../../../build/rosidl_cli/rosidl_cli.egg-info/SOURCES.txt'
[2.827s] running build
[2.827s] running build_py
[2.827s] copying rosidl_cli/cli.py -> /home/paolo/purple_whales_ws/firmware/mcu_ws/build/rosidl_cli/build/lib/rosidl_cli
[2.827s] copying rosidl_cli/entry_points.py -> /home/paolo/purple_whales_ws/firmware/mcu_ws/build/rosidl_cli/build/lib/rosidl_cli
[2.828s] copying rosidl_cli/common.py -> /home/paolo/purple_whales_ws/firmware/mcu_ws/build/rosidl_cli/build/lib/rosidl_cli
[2.828s] copying rosidl_cli/__init__.py -> /home/paolo/purple_whales_ws/firmware/mcu_ws/build/rosidl_cli/build/lib/rosidl_cli
[2.828s] copying rosidl_cli/extensions.py -> /home/paolo/purple_whales_ws/firmware/mcu_ws/build/rosidl_cli/build/lib/rosidl_cli
[2.828s] copying rosidl_cli/command/__init__.py -> /home/paolo/purple_whales_ws/firmware/mcu_ws/build/rosidl_cli/build/lib/rosidl_cli/command
[2.828s] copying rosidl_cli/command/helpers.py -> /home/paolo/purple_whales_ws/firmware/mcu_ws/build/rosidl_cli/build/lib/rosidl_cli/command
[2.829s] copying rosidl_cli/command/translate/api.py -> /home/paolo/purple_whales_ws/firmware/mcu_ws/build/rosidl_cli/build/lib/rosidl_cli/command/translate
[2.829s] copying rosidl_cli/command/translate/__init__.py -> /home/paolo/purple_whales_ws/firmware/mcu_ws/build/rosidl_cli/build/lib/rosidl_cli/command/translate
[2.830s] copying rosidl_cli/command/translate/extensions.py -> /home/paolo/purple_whales_ws/firmware/mcu_ws/build/rosidl_cli/build/lib/rosidl_cli/command/translate
[2.830s] copying rosidl_cli/command/generate/api.py -> /home/paolo/purple_whales_ws/firmware/mcu_ws/build/rosidl_cli/build/lib/rosidl_cli/command/generate
[2.830s] copying rosidl_cli/command/generate/__init__.py -> /home/paolo/purple_whales_ws/firmware/mcu_ws/build/rosidl_cli/build/lib/rosidl_cli/command/generate
[2.830s] copying rosidl_cli/command/generate/extensions.py -> /home/paolo/purple_whales_ws/firmware/mcu_ws/build/rosidl_cli/build/lib/rosidl_cli/command/generate
[2.830s] running install
[2.840s] running install_lib
[2.852s] running install_data
[2.852s] copying resource/rosidl_cli -> /home/paolo/purple_whales_ws/firmware/mcu_ws/install/share/ament_index/resource_index/packages
[2.853s] copying package.xml -> /home/paolo/purple_whales_ws/firmware/mcu_ws/install/share/rosidl_cli
[2.853s] copying completion/rosidl-argcomplete.bash -> /home/paolo/purple_whales_ws/firmware/mcu_ws/install/share/rosidl_cli/environment
[2.853s] copying completion/rosidl-argcomplete.zsh -> /home/paolo/purple_whales_ws/firmware/mcu_ws/install/share/rosidl_cli/environment
[2.853s] running install_egg_info
[2.866s] removing '/home/paolo/purple_whales_ws/firmware/mcu_ws/install/lib/python3.10/site-packages/rosidl_cli-3.1.5-py3.10.egg-info' (and everything under it)
[2.867s] Copying ../../../build/rosidl_cli/rosidl_cli.egg-info to /home/paolo/purple_whales_ws/firmware/mcu_ws/install/lib/python3.10/site-packages/rosidl_cli-3.1.5-py3.10.egg-info
[2.868s] running install_scripts
[2.958s] Installing rosidl script to /home/paolo/purple_whales_ws/firmware/mcu_ws/install/bin
[2.960s] writing list of installed files to '/home/paolo/purple_whales_ws/firmware/mcu_ws/build/rosidl_cli/install.log'
[3.122s] Invoked command in '/home/paolo/purple_whales_ws/firmware/mcu_ws/ros2/rosidl/rosidl_cli' returned '0': PYTHONPATH=/home/paolo/purple_whales_ws/firmware/mcu_ws/build/rosidl_cli/prefix_override:/home/paolo/purple_whales_ws/firmware/mcu_ws/install/lib/python3.10/site-packages:${PYTHONPATH} /home/paolo/purple_whales_ws/firmware/toolchain/espressif/python_env/idf4.1_py3.10_env/bin/python -W ignore:setup.py install is deprecated setup.py egg_info --egg-base ../../../build/rosidl_cli build --build-base /home/paolo/purple_whales_ws/firmware/mcu_ws/build/rosidl_cli/build install --record /home/paolo/purple_whales_ws/firmware/mcu_ws/build/rosidl_cli/install.log --single-version-externally-managed install_data
