gmake[4]: Entering directory '/home/paolo/purple_whales_ws/firmware/mcu_ws/build/rosidl_typesupport_introspection_c'
/usr/bin/cmake -S/home/paolo/purple_whales_ws/firmware/mcu_ws/ros2/rosidl/rosidl_typesupport_introspection_c -B/home/paolo/purple_whales_ws/firmware/mcu_ws/build/rosidl_typesupport_introspection_c --check-build-system CMakeFiles/Makefile.cmake 0
Re-run cmake file: Makefile older than: /home/paolo/purple_whales_ws/firmware/freertos_apps/microros_esp32_extensions/esp32_toolchain.cmake
-- Found ament_cmake_python: 1.3.8 (/home/paolo/purple_whales_ws/firmware/dev_ws/install/ament_cmake_python/share/ament_cmake_python/cmake)
-- Found ament_cmake_ros: 0.10.0 (/home/paolo/purple_whales_ws/firmware/dev_ws/install/ament_cmake_ros/share/ament_cmake_ros/cmake)
-- Configuring done
-- Generating done
-- Build files have been written to: /home/paolo/purple_whales_ws/firmware/mcu_ws/build/rosidl_typesupport_introspection_c
/usr/bin/cmake -E cmake_progress_start /home/paolo/purple_whales_ws/firmware/mcu_ws/build/rosidl_typesupport_introspection_c/CMakeFiles /home/paolo/purple_whales_ws/firmware/mcu_ws/build/rosidl_typesupport_introspection_c//CMakeFiles/progress.marks
/usr/bin/gmake  -f CMakeFiles/Makefile2 all
gmake[5]: Entering directory '/home/paolo/purple_whales_ws/firmware/mcu_ws/build/rosidl_typesupport_introspection_c'
/usr/bin/gmake  -f CMakeFiles/ament_cmake_python_copy_rosidl_typesupport_introspection_c_setup.dir/build.make CMakeFiles/ament_cmake_python_copy_rosidl_typesupport_introspection_c_setup.dir/depend
/usr/bin/gmake  -f CMakeFiles/ament_cmake_python_copy_rosidl_typesupport_introspection_c.dir/build.make CMakeFiles/ament_cmake_python_copy_rosidl_typesupport_introspection_c.dir/depend
/usr/bin/gmake  -f CMakeFiles/rosidl_typesupport_introspection_c.dir/build.make CMakeFiles/rosidl_typesupport_introspection_c.dir/depend
gmake[6]: Entering directory '/home/paolo/purple_whales_ws/firmware/mcu_ws/build/rosidl_typesupport_introspection_c'
cd /home/paolo/purple_whales_ws/firmware/mcu_ws/build/rosidl_typesupport_introspection_c && /usr/bin/cmake -E cmake_depends "Unix Makefiles" /home/paolo/purple_whales_ws/firmware/mcu_ws/ros2/rosidl/rosidl_typesupport_introspection_c /home/paolo/purple_whales_ws/firmware/mcu_ws/ros2/rosidl/rosidl_typesupport_introspection_c /home/paolo/purple_whales_ws/firmware/mcu_ws/build/rosidl_typesupport_introspection_c /home/paolo/purple_whales_ws/firmware/mcu_ws/build/rosidl_typesupport_introspection_c /home/paolo/purple_whales_ws/firmware/mcu_ws/build/rosidl_typesupport_introspection_c/CMakeFiles/ament_cmake_python_copy_rosidl_typesupport_introspection_c_setup.dir/DependInfo.cmake --color=
gmake[6]: Entering directory '/home/paolo/purple_whales_ws/firmware/mcu_ws/build/rosidl_typesupport_introspection_c'
cd /home/paolo/purple_whales_ws/firmware/mcu_ws/build/rosidl_typesupport_introspection_c && /usr/bin/cmake -E cmake_depends "Unix Makefiles" /home/paolo/purple_whales_ws/firmware/mcu_ws/ros2/rosidl/rosidl_typesupport_introspection_c /home/paolo/purple_whales_ws/firmware/mcu_ws/ros2/rosidl/rosidl_typesupport_introspection_c /home/paolo/purple_whales_ws/firmware/mcu_ws/build/rosidl_typesupport_introspection_c /home/paolo/purple_whales_ws/firmware/mcu_ws/build/rosidl_typesupport_introspection_c /home/paolo/purple_whales_ws/firmware/mcu_ws/build/rosidl_typesupport_introspection_c/CMakeFiles/ament_cmake_python_copy_rosidl_typesupport_introspection_c.dir/DependInfo.cmake --color=
gmake[6]: Entering directory '/home/paolo/purple_whales_ws/firmware/mcu_ws/build/rosidl_typesupport_introspection_c'
cd /home/paolo/purple_whales_ws/firmware/mcu_ws/build/rosidl_typesupport_introspection_c && /usr/bin/cmake -E cmake_depends "Unix Makefiles" /home/paolo/purple_whales_ws/firmware/mcu_ws/ros2/rosidl/rosidl_typesupport_introspection_c /home/paolo/purple_whales_ws/firmware/mcu_ws/ros2/rosidl/rosidl_typesupport_introspection_c /home/paolo/purple_whales_ws/firmware/mcu_ws/build/rosidl_typesupport_introspection_c /home/paolo/purple_whales_ws/firmware/mcu_ws/build/rosidl_typesupport_introspection_c /home/paolo/purple_whales_ws/firmware/mcu_ws/build/rosidl_typesupport_introspection_c/CMakeFiles/rosidl_typesupport_introspection_c.dir/DependInfo.cmake --color=
Dependencies file "CMakeFiles/rosidl_typesupport_introspection_c.dir/src/identifier.c.obj.d" is newer than depends file "/home/paolo/purple_whales_ws/firmware/mcu_ws/build/rosidl_typesupport_introspection_c/CMakeFiles/rosidl_typesupport_introspection_c.dir/compiler_depend.internal".
[35m[1mConsolidate compiler generated dependencies of target rosidl_typesupport_introspection_c[0m
gmake[6]: Leaving directory '/home/paolo/purple_whales_ws/firmware/mcu_ws/build/rosidl_typesupport_introspection_c'
gmake[6]: Leaving directory '/home/paolo/purple_whales_ws/firmware/mcu_ws/build/rosidl_typesupport_introspection_c'
gmake[6]: Leaving directory '/home/paolo/purple_whales_ws/firmware/mcu_ws/build/rosidl_typesupport_introspection_c'
/usr/bin/gmake  -f CMakeFiles/ament_cmake_python_copy_rosidl_typesupport_introspection_c_setup.dir/build.make CMakeFiles/ament_cmake_python_copy_rosidl_typesupport_introspection_c_setup.dir/build
/usr/bin/gmake  -f CMakeFiles/ament_cmake_python_copy_rosidl_typesupport_introspection_c.dir/build.make CMakeFiles/ament_cmake_python_copy_rosidl_typesupport_introspection_c.dir/build
/usr/bin/gmake  -f CMakeFiles/rosidl_typesupport_introspection_c.dir/build.make CMakeFiles/rosidl_typesupport_introspection_c.dir/build
gmake[6]: Entering directory '/home/paolo/purple_whales_ws/firmware/mcu_ws/build/rosidl_typesupport_introspection_c'
/usr/bin/cmake -E copy /home/paolo/purple_whales_ws/firmware/mcu_ws/ros2/rosidl/rosidl_typesupport_introspection_c/setup.cfg /home/paolo/purple_whales_ws/firmware/mcu_ws/build/rosidl_typesupport_introspection_c/ament_cmake_python/rosidl_typesupport_introspection_c/setup.cfg
gmake[6]: Entering directory '/home/paolo/purple_whales_ws/firmware/mcu_ws/build/rosidl_typesupport_introspection_c'
/usr/bin/cmake -E copy_directory /home/paolo/purple_whales_ws/firmware/mcu_ws/ros2/rosidl/rosidl_typesupport_introspection_c/rosidl_typesupport_introspection_c /home/paolo/purple_whales_ws/firmware/mcu_ws/build/rosidl_typesupport_introspection_c/ament_cmake_python/rosidl_typesupport_introspection_c/rosidl_typesupport_introspection_c
gmake[6]: Entering directory '/home/paolo/purple_whales_ws/firmware/mcu_ws/build/rosidl_typesupport_introspection_c'
gmake[6]: Nothing to be done for 'CMakeFiles/rosidl_typesupport_introspection_c.dir/build'.
gmake[6]: Leaving directory '/home/paolo/purple_whales_ws/firmware/mcu_ws/build/rosidl_typesupport_introspection_c'
gmake[6]: Leaving directory '/home/paolo/purple_whales_ws/firmware/mcu_ws/build/rosidl_typesupport_introspection_c'
gmake[6]: Leaving directory '/home/paolo/purple_whales_ws/firmware/mcu_ws/build/rosidl_typesupport_introspection_c'
[100%] Built target rosidl_typesupport_introspection_c
[100%] Built target ament_cmake_python_copy_rosidl_typesupport_introspection_c
[100%] Built target ament_cmake_python_copy_rosidl_typesupport_introspection_c_setup
/usr/bin/gmake  -f CMakeFiles/ament_cmake_python_build_rosidl_typesupport_introspection_c_egg.dir/build.make CMakeFiles/ament_cmake_python_build_rosidl_typesupport_introspection_c_egg.dir/depend
gmake[6]: Entering directory '/home/paolo/purple_whales_ws/firmware/mcu_ws/build/rosidl_typesupport_introspection_c'
cd /home/paolo/purple_whales_ws/firmware/mcu_ws/build/rosidl_typesupport_introspection_c && /usr/bin/cmake -E cmake_depends "Unix Makefiles" /home/paolo/purple_whales_ws/firmware/mcu_ws/ros2/rosidl/rosidl_typesupport_introspection_c /home/paolo/purple_whales_ws/firmware/mcu_ws/ros2/rosidl/rosidl_typesupport_introspection_c /home/paolo/purple_whales_ws/firmware/mcu_ws/build/rosidl_typesupport_introspection_c /home/paolo/purple_whales_ws/firmware/mcu_ws/build/rosidl_typesupport_introspection_c /home/paolo/purple_whales_ws/firmware/mcu_ws/build/rosidl_typesupport_introspection_c/CMakeFiles/ament_cmake_python_build_rosidl_typesupport_introspection_c_egg.dir/DependInfo.cmake --color=
gmake[6]: Leaving directory '/home/paolo/purple_whales_ws/firmware/mcu_ws/build/rosidl_typesupport_introspection_c'
/usr/bin/gmake  -f CMakeFiles/ament_cmake_python_build_rosidl_typesupport_introspection_c_egg.dir/build.make CMakeFiles/ament_cmake_python_build_rosidl_typesupport_introspection_c_egg.dir/build
gmake[6]: Entering directory '/home/paolo/purple_whales_ws/firmware/mcu_ws/build/rosidl_typesupport_introspection_c'
cd /home/paolo/purple_whales_ws/firmware/mcu_ws/build/rosidl_typesupport_introspection_c/ament_cmake_python/rosidl_typesupport_introspection_c && /home/paolo/purple_whales_ws/firmware/toolchain/espressif/python_env/idf4.1_py3.10_env/bin/python3 setup.py egg_info
running egg_info
writing rosidl_typesupport_introspection_c.egg-info/PKG-INFO
writing dependency_links to rosidl_typesupport_introspection_c.egg-info/dependency_links.txt
writing entry points to rosidl_typesupport_introspection_c.egg-info/entry_points.txt
writing top-level names to rosidl_typesupport_introspection_c.egg-info/top_level.txt
reading manifest file 'rosidl_typesupport_introspection_c.egg-info/SOURCES.txt'
writing manifest file 'rosidl_typesupport_introspection_c.egg-info/SOURCES.txt'
gmake[6]: Leaving directory '/home/paolo/purple_whales_ws/firmware/mcu_ws/build/rosidl_typesupport_introspection_c'
[100%] Built target ament_cmake_python_build_rosidl_typesupport_introspection_c_egg
gmake[5]: Leaving directory '/home/paolo/purple_whales_ws/firmware/mcu_ws/build/rosidl_typesupport_introspection_c'
/usr/bin/cmake -E cmake_progress_start /home/paolo/purple_whales_ws/firmware/mcu_ws/build/rosidl_typesupport_introspection_c/CMakeFiles 0
gmake[4]: Leaving directory '/home/paolo/purple_whales_ws/firmware/mcu_ws/build/rosidl_typesupport_introspection_c'
-- Install configuration: "Debug"
-- Up-to-date: /home/paolo/purple_whales_ws/firmware/mcu_ws/install/share/rosidl_typesupport_introspection_c/environment/pythonpath.sh
-- Installing: /home/paolo/purple_whales_ws/firmware/mcu_ws/install/share/rosidl_typesupport_introspection_c/environment/pythonpath.dsv
-- Up-to-date: /home/paolo/purple_whales_ws/firmware/mcu_ws/install/lib/python3.10/site-packages/rosidl_typesupport_introspection_c-3.1.5-py3.10.egg-info
-- Installing: /home/paolo/purple_whales_ws/firmware/mcu_ws/install/lib/python3.10/site-packages/rosidl_typesupport_introspection_c-3.1.5-py3.10.egg-info/dependency_links.txt
-- Installing: /home/paolo/purple_whales_ws/firmware/mcu_ws/install/lib/python3.10/site-packages/rosidl_typesupport_introspection_c-3.1.5-py3.10.egg-info/top_level.txt
-- Installing: /home/paolo/purple_whales_ws/firmware/mcu_ws/install/lib/python3.10/site-packages/rosidl_typesupport_introspection_c-3.1.5-py3.10.egg-info/entry_points.txt
-- Installing: /home/paolo/purple_whales_ws/firmware/mcu_ws/install/lib/python3.10/site-packages/rosidl_typesupport_introspection_c-3.1.5-py3.10.egg-info/PKG-INFO
-- Installing: /home/paolo/purple_whales_ws/firmware/mcu_ws/install/lib/python3.10/site-packages/rosidl_typesupport_introspection_c-3.1.5-py3.10.egg-info/SOURCES.txt
-- Up-to-date: /home/paolo/purple_whales_ws/firmware/mcu_ws/install/lib/python3.10/site-packages/rosidl_typesupport_introspection_c
-- Up-to-date: /home/paolo/purple_whales_ws/firmware/mcu_ws/install/lib/python3.10/site-packages/rosidl_typesupport_introspection_c/cli.py
-- Up-to-date: /home/paolo/purple_whales_ws/firmware/mcu_ws/install/lib/python3.10/site-packages/rosidl_typesupport_introspection_c/__init__.py
Listing '/home/paolo/purple_whales_ws/firmware/mcu_ws/install/lib/python3.10/site-packages/rosidl_typesupport_introspection_c'...
-- Up-to-date: /home/paolo/purple_whales_ws/firmware/mcu_ws/install/share/rosidl_typesupport_introspection_c/environment/library_path.sh
-- Installing: /home/paolo/purple_whales_ws/firmware/mcu_ws/install/share/rosidl_typesupport_introspection_c/environment/library_path.dsv
-- Up-to-date: /home/paolo/purple_whales_ws/firmware/mcu_ws/install/share/ament_index/resource_index/rosidl_typesupport_c/rosidl_typesupport_introspection_c
-- Up-to-date: /home/paolo/purple_whales_ws/firmware/mcu_ws/install/share/ament_index/resource_index/rosidl_runtime_packages/rosidl_typesupport_introspection_c
-- Up-to-date: /home/paolo/purple_whales_ws/firmware/mcu_ws/install/share/ament_index/resource_index/package_run_dependencies/rosidl_typesupport_introspection_c
-- Up-to-date: /home/paolo/purple_whales_ws/firmware/mcu_ws/install/share/ament_index/resource_index/parent_prefix_path/rosidl_typesupport_introspection_c
-- Up-to-date: /home/paolo/purple_whales_ws/firmware/mcu_ws/install/share/rosidl_typesupport_introspection_c/environment/ament_prefix_path.sh
-- Installing: /home/paolo/purple_whales_ws/firmware/mcu_ws/install/share/rosidl_typesupport_introspection_c/environment/ament_prefix_path.dsv
-- Up-to-date: /home/paolo/purple_whales_ws/firmware/mcu_ws/install/share/rosidl_typesupport_introspection_c/environment/path.sh
-- Installing: /home/paolo/purple_whales_ws/firmware/mcu_ws/install/share/rosidl_typesupport_introspection_c/environment/path.dsv
-- Up-to-date: /home/paolo/purple_whales_ws/firmware/mcu_ws/install/share/rosidl_typesupport_introspection_c/local_setup.bash
-- Up-to-date: /home/paolo/purple_whales_ws/firmware/mcu_ws/install/share/rosidl_typesupport_introspection_c/local_setup.sh
-- Up-to-date: /home/paolo/purple_whales_ws/firmware/mcu_ws/install/share/rosidl_typesupport_introspection_c/local_setup.zsh
-- Installing: /home/paolo/purple_whales_ws/firmware/mcu_ws/install/share/rosidl_typesupport_introspection_c/local_setup.dsv
-- Installing: /home/paolo/purple_whales_ws/firmware/mcu_ws/install/share/rosidl_typesupport_introspection_c/package.dsv
-- Up-to-date: /home/paolo/purple_whales_ws/firmware/mcu_ws/install/share/ament_index/resource_index/packages/rosidl_typesupport_introspection_c
-- Up-to-date: /home/paolo/purple_whales_ws/firmware/mcu_ws/install/share/rosidl_typesupport_introspection_c/cmake/rosidl_typesupport_introspection_cExport.cmake
-- Up-to-date: /home/paolo/purple_whales_ws/firmware/mcu_ws/install/share/rosidl_typesupport_introspection_c/cmake/rosidl_typesupport_introspection_cExport-debug.cmake
-- Up-to-date: /home/paolo/purple_whales_ws/firmware/mcu_ws/install/share/rosidl_typesupport_introspection_c/cmake/rosidl_typesupport_introspection_c-extras.cmake
-- Up-to-date: /home/paolo/purple_whales_ws/firmware/mcu_ws/install/share/rosidl_typesupport_introspection_c/cmake/ament_cmake_export_dependencies-extras.cmake
-- Up-to-date: /home/paolo/purple_whales_ws/firmware/mcu_ws/install/share/rosidl_typesupport_introspection_c/cmake/ament_cmake_export_include_directories-extras.cmake
-- Up-to-date: /home/paolo/purple_whales_ws/firmware/mcu_ws/install/share/rosidl_typesupport_introspection_c/cmake/ament_cmake_export_libraries-extras.cmake
-- Up-to-date: /home/paolo/purple_whales_ws/firmware/mcu_ws/install/share/rosidl_typesupport_introspection_c/cmake/ament_cmake_export_targets-extras.cmake
-- Up-to-date: /home/paolo/purple_whales_ws/firmware/mcu_ws/install/share/rosidl_typesupport_introspection_c/cmake/rosidl_typesupport_introspection_cConfig.cmake
-- Up-to-date: /home/paolo/purple_whales_ws/firmware/mcu_ws/install/share/rosidl_typesupport_introspection_c/cmake/rosidl_typesupport_introspection_cConfig-version.cmake
-- Up-to-date: /home/paolo/purple_whales_ws/firmware/mcu_ws/install/share/rosidl_typesupport_introspection_c/package.xml
-- Up-to-date: /home/paolo/purple_whales_ws/firmware/mcu_ws/install/lib/rosidl_typesupport_introspection_c/rosidl_typesupport_introspection_c
-- Up-to-date: /home/paolo/purple_whales_ws/firmware/mcu_ws/install/share/rosidl_typesupport_introspection_c/cmake
-- Up-to-date: /home/paolo/purple_whales_ws/firmware/mcu_ws/install/share/rosidl_typesupport_introspection_c/cmake/rosidl_typesupport_introspection_c_generate_interfaces.cmake
-- Up-to-date: /home/paolo/purple_whales_ws/firmware/mcu_ws/install/share/rosidl_typesupport_introspection_c/resource
-- Up-to-date: /home/paolo/purple_whales_ws/firmware/mcu_ws/install/share/rosidl_typesupport_introspection_c/resource/msg__type_support.c.em
-- Up-to-date: /home/paolo/purple_whales_ws/firmware/mcu_ws/install/share/rosidl_typesupport_introspection_c/resource/srv__rosidl_typesupport_introspection_c.h.em
-- Up-to-date: /home/paolo/purple_whales_ws/firmware/mcu_ws/install/share/rosidl_typesupport_introspection_c/resource/srv__type_support.c.em
-- Up-to-date: /home/paolo/purple_whales_ws/firmware/mcu_ws/install/share/rosidl_typesupport_introspection_c/resource/idl__type_support.c.em
-- Up-to-date: /home/paolo/purple_whales_ws/firmware/mcu_ws/install/share/rosidl_typesupport_introspection_c/resource/msg__rosidl_typesupport_introspection_c.h.em
-- Up-to-date: /home/paolo/purple_whales_ws/firmware/mcu_ws/install/share/rosidl_typesupport_introspection_c/resource/idl__rosidl_typesupport_introspection_c.h.em
-- Up-to-date: /home/paolo/purple_whales_ws/firmware/mcu_ws/install/share/rosidl_typesupport_introspection_c/resource/rosidl_typesupport_introspection_c__visibility_control.h.in
-- Up-to-date: /home/paolo/purple_whales_ws/firmware/mcu_ws/install/include/rosidl_typesupport_introspection_c
-- Up-to-date: /home/paolo/purple_whales_ws/firmware/mcu_ws/install/include/rosidl_typesupport_introspection_c/rosidl_typesupport_introspection_c
-- Up-to-date: /home/paolo/purple_whales_ws/firmware/mcu_ws/install/include/rosidl_typesupport_introspection_c/rosidl_typesupport_introspection_c/identifier.h
-- Up-to-date: /home/paolo/purple_whales_ws/firmware/mcu_ws/install/include/rosidl_typesupport_introspection_c/rosidl_typesupport_introspection_c/field_types.h
-- Up-to-date: /home/paolo/purple_whales_ws/firmware/mcu_ws/install/include/rosidl_typesupport_introspection_c/rosidl_typesupport_introspection_c/visibility_control.h
-- Up-to-date: /home/paolo/purple_whales_ws/firmware/mcu_ws/install/include/rosidl_typesupport_introspection_c/rosidl_typesupport_introspection_c/message_introspection.h
-- Up-to-date: /home/paolo/purple_whales_ws/firmware/mcu_ws/install/include/rosidl_typesupport_introspection_c/rosidl_typesupport_introspection_c/service_introspection.h
-- Up-to-date: /home/paolo/purple_whales_ws/firmware/mcu_ws/install/lib/librosidl_typesupport_introspection_c.a
