[1.038s] Invoking command in '/home/paolo/purple_whales_ws/firmware/mcu_ws/build/libyaml_vendor': CMAKE_PREFIX_PATH=${CMAKE_PREFIX_PATH}:/home/paolo/purple_whales_ws/firmware/dev_ws/install/ament_uncrustify:/home/paolo/purple_whales_ws/firmware/dev_ws/install/domain_coordinator:/home/paolo/purple_whales_ws/firmware/dev_ws/install/ament_xmllint:/home/paolo/purple_whales_ws/firmware/dev_ws/install/ament_pyflakes:/home/paolo/purple_whales_ws/firmware/dev_ws/install/ament_pycodestyle:/home/paolo/purple_whales_ws/firmware/dev_ws/install/ament_pep257:/home/paolo/purple_whales_ws/firmware/dev_ws/install/ament_pclint:/home/paolo/purple_whales_ws/firmware/dev_ws/install/ament_package:/home/paolo/purple_whales_ws/firmware/dev_ws/install/ament_mypy:/home/paolo/purple_whales_ws/firmware/dev_ws/install/ament_lint_cmake:/home/paolo/purple_whales_ws/firmware/dev_ws/install/ament_flake8:/home/paolo/purple_whales_ws/firmware/dev_ws/install/ament_copyright:/home/paolo/purple_whales_ws/firmware/dev_ws/install/ament_lint:/home/paolo/purple_whales_ws/firmware/dev_ws/install/ament_index_python:/home/paolo/purple_whales_ws/firmware/dev_ws/install/ament_cpplint:/home/paolo/purple_whales_ws/firmware/dev_ws/install/ament_cppcheck:/home/paolo/purple_whales_ws/firmware/dev_ws/install/ament_clang_tidy:/home/paolo/purple_whales_ws/firmware/dev_ws/install/ament_clang_format /usr/bin/cmake --build /home/paolo/purple_whales_ws/firmware/mcu_ws/build/libyaml_vendor -- -j20 -l20
[1.261s] gmake[4]: Entering directory '/home/paolo/purple_whales_ws/firmware/mcu_ws/build/libyaml_vendor'
[1.261s] /usr/bin/cmake -S/home/paolo/purple_whales_ws/firmware/mcu_ws/ros2/libyaml_vendor -B/home/paolo/purple_whales_ws/firmware/mcu_ws/build/libyaml_vendor --check-build-system CMakeFiles/Makefile.cmake 0
[1.264s] Re-run cmake file: Makefile older than: /home/paolo/purple_whales_ws/firmware/freertos_apps/microros_esp32_extensions/esp32_toolchain.cmake
[1.272s] -- Found ament_cmake: 1.3.8 (/home/paolo/purple_whales_ws/firmware/dev_ws/install/ament_cmake/share/ament_cmake/cmake)
[1.674s] -- Configuring done
[1.678s] -- Generating done
[1.679s] -- Build files have been written to: /home/paolo/purple_whales_ws/firmware/mcu_ws/build/libyaml_vendor
[1.687s] /usr/bin/cmake -E cmake_progress_start /home/paolo/purple_whales_ws/firmware/mcu_ws/build/libyaml_vendor/CMakeFiles /home/paolo/purple_whales_ws/firmware/mcu_ws/build/libyaml_vendor//CMakeFiles/progress.marks
[1.701s] /usr/bin/gmake  -f CMakeFiles/Makefile2 all
[1.704s] gmake[5]: Entering directory '/home/paolo/purple_whales_ws/firmware/mcu_ws/build/libyaml_vendor'
[1.704s] /usr/bin/gmake  -f CMakeFiles/libyaml-0.2.5.dir/build.make CMakeFiles/libyaml-0.2.5.dir/depend
[1.705s] gmake[6]: Entering directory '/home/paolo/purple_whales_ws/firmware/mcu_ws/build/libyaml_vendor'
[1.705s] cd /home/paolo/purple_whales_ws/firmware/mcu_ws/build/libyaml_vendor && /usr/bin/cmake -E cmake_depends "Unix Makefiles" /home/paolo/purple_whales_ws/firmware/mcu_ws/ros2/libyaml_vendor /home/paolo/purple_whales_ws/firmware/mcu_ws/ros2/libyaml_vendor /home/paolo/purple_whales_ws/firmware/mcu_ws/build/libyaml_vendor /home/paolo/purple_whales_ws/firmware/mcu_ws/build/libyaml_vendor /home/paolo/purple_whales_ws/firmware/mcu_ws/build/libyaml_vendor/CMakeFiles/libyaml-0.2.5.dir/DependInfo.cmake --color=
[1.718s] gmake[6]: Leaving directory '/home/paolo/purple_whales_ws/firmware/mcu_ws/build/libyaml_vendor'
[1.718s] /usr/bin/gmake  -f CMakeFiles/libyaml-0.2.5.dir/build.make CMakeFiles/libyaml-0.2.5.dir/build
[1.720s] gmake[6]: Entering directory '/home/paolo/purple_whales_ws/firmware/mcu_ws/build/libyaml_vendor'
[1.720s] gmake[6]: Nothing to be done for 'CMakeFiles/libyaml-0.2.5.dir/build'.
[1.720s] gmake[6]: Leaving directory '/home/paolo/purple_whales_ws/firmware/mcu_ws/build/libyaml_vendor'
[1.733s] [100%] Built target libyaml-0.2.5
[1.734s] gmake[5]: Leaving directory '/home/paolo/purple_whales_ws/firmware/mcu_ws/build/libyaml_vendor'
[1.735s] /usr/bin/cmake -E cmake_progress_start /home/paolo/purple_whales_ws/firmware/mcu_ws/build/libyaml_vendor/CMakeFiles 0
[1.748s] gmake[4]: Leaving directory '/home/paolo/purple_whales_ws/firmware/mcu_ws/build/libyaml_vendor'
[1.755s] Invoked command in '/home/paolo/purple_whales_ws/firmware/mcu_ws/build/libyaml_vendor' returned '0': CMAKE_PREFIX_PATH=${CMAKE_PREFIX_PATH}:/home/paolo/purple_whales_ws/firmware/dev_ws/install/ament_uncrustify:/home/paolo/purple_whales_ws/firmware/dev_ws/install/domain_coordinator:/home/paolo/purple_whales_ws/firmware/dev_ws/install/ament_xmllint:/home/paolo/purple_whales_ws/firmware/dev_ws/install/ament_pyflakes:/home/paolo/purple_whales_ws/firmware/dev_ws/install/ament_pycodestyle:/home/paolo/purple_whales_ws/firmware/dev_ws/install/ament_pep257:/home/paolo/purple_whales_ws/firmware/dev_ws/install/ament_pclint:/home/paolo/purple_whales_ws/firmware/dev_ws/install/ament_package:/home/paolo/purple_whales_ws/firmware/dev_ws/install/ament_mypy:/home/paolo/purple_whales_ws/firmware/dev_ws/install/ament_lint_cmake:/home/paolo/purple_whales_ws/firmware/dev_ws/install/ament_flake8:/home/paolo/purple_whales_ws/firmware/dev_ws/install/ament_copyright:/home/paolo/purple_whales_ws/firmware/dev_ws/install/ament_lint:/home/paolo/purple_whales_ws/firmware/dev_ws/install/ament_index_python:/home/paolo/purple_whales_ws/firmware/dev_ws/install/ament_cpplint:/home/paolo/purple_whales_ws/firmware/dev_ws/install/ament_cppcheck:/home/paolo/purple_whales_ws/firmware/dev_ws/install/ament_clang_tidy:/home/paolo/purple_whales_ws/firmware/dev_ws/install/ament_clang_format /usr/bin/cmake --build /home/paolo/purple_whales_ws/firmware/mcu_ws/build/libyaml_vendor -- -j20 -l20
[1.798s] Invoking command in '/home/paolo/purple_whales_ws/firmware/mcu_ws/build/libyaml_vendor': CMAKE_PREFIX_PATH=${CMAKE_PREFIX_PATH}:/home/paolo/purple_whales_ws/firmware/dev_ws/install/ament_uncrustify:/home/paolo/purple_whales_ws/firmware/dev_ws/install/domain_coordinator:/home/paolo/purple_whales_ws/firmware/dev_ws/install/ament_xmllint:/home/paolo/purple_whales_ws/firmware/dev_ws/install/ament_pyflakes:/home/paolo/purple_whales_ws/firmware/dev_ws/install/ament_pycodestyle:/home/paolo/purple_whales_ws/firmware/dev_ws/install/ament_pep257:/home/paolo/purple_whales_ws/firmware/dev_ws/install/ament_pclint:/home/paolo/purple_whales_ws/firmware/dev_ws/install/ament_package:/home/paolo/purple_whales_ws/firmware/dev_ws/install/ament_mypy:/home/paolo/purple_whales_ws/firmware/dev_ws/install/ament_lint_cmake:/home/paolo/purple_whales_ws/firmware/dev_ws/install/ament_flake8:/home/paolo/purple_whales_ws/firmware/dev_ws/install/ament_copyright:/home/paolo/purple_whales_ws/firmware/dev_ws/install/ament_lint:/home/paolo/purple_whales_ws/firmware/dev_ws/install/ament_index_python:/home/paolo/purple_whales_ws/firmware/dev_ws/install/ament_cpplint:/home/paolo/purple_whales_ws/firmware/dev_ws/install/ament_cppcheck:/home/paolo/purple_whales_ws/firmware/dev_ws/install/ament_clang_tidy:/home/paolo/purple_whales_ws/firmware/dev_ws/install/ament_clang_format /usr/bin/cmake --install /home/paolo/purple_whales_ws/firmware/mcu_ws/build/libyaml_vendor
[1.810s] -- Install configuration: "Debug"
[1.811s] -- Up-to-date: /home/paolo/purple_whales_ws/firmware/mcu_ws/install
[1.812s] -- Up-to-date: /home/paolo/purple_whales_ws/firmware/mcu_ws/install/cmake
[1.812s] -- Up-to-date: /home/paolo/purple_whales_ws/firmware/mcu_ws/install/cmake/yamlTargets-debug.cmake
[1.812s] -- Up-to-date: /home/paolo/purple_whales_ws/firmware/mcu_ws/install/cmake/yamlTargets.cmake
[1.812s] -- Up-to-date: /home/paolo/purple_whales_ws/firmware/mcu_ws/install/cmake/yamlConfigVersion.cmake
[1.812s] -- Up-to-date: /home/paolo/purple_whales_ws/firmware/mcu_ws/install/cmake/yamlConfig.cmake
[1.813s] -- Up-to-date: /home/paolo/purple_whales_ws/firmware/mcu_ws/install/include
[1.813s] -- Up-to-date: /home/paolo/purple_whales_ws/firmware/mcu_ws/install/include/libyaml_vendor
[1.813s] -- Up-to-date: /home/paolo/purple_whales_ws/firmware/mcu_ws/install/include/libyaml_vendor/yaml.h
[1.813s] -- Up-to-date: /home/paolo/purple_whales_ws/firmware/mcu_ws/install/lib
[1.813s] -- Up-to-date: /home/paolo/purple_whales_ws/firmware/mcu_ws/install/lib/libyaml.a
[1.814s] -- Up-to-date: /home/paolo/purple_whales_ws/firmware/mcu_ws/install/share/libyaml_vendor/environment/library_path.sh
[1.815s] -- Installing: /home/paolo/purple_whales_ws/firmware/mcu_ws/install/share/libyaml_vendor/environment/library_path.dsv
[1.816s] -- Up-to-date: /home/paolo/purple_whales_ws/firmware/mcu_ws/install/share/ament_index/resource_index/package_run_dependencies/libyaml_vendor
[1.816s] -- Up-to-date: /home/paolo/purple_whales_ws/firmware/mcu_ws/install/share/ament_index/resource_index/parent_prefix_path/libyaml_vendor
[1.817s] -- Up-to-date: /home/paolo/purple_whales_ws/firmware/mcu_ws/install/share/libyaml_vendor/environment/ament_prefix_path.sh
[1.817s] -- Installing: /home/paolo/purple_whales_ws/firmware/mcu_ws/install/share/libyaml_vendor/environment/ament_prefix_path.dsv
[1.817s] -- Up-to-date: /home/paolo/purple_whales_ws/firmware/mcu_ws/install/share/libyaml_vendor/environment/path.sh
[1.817s] -- Installing: /home/paolo/purple_whales_ws/firmware/mcu_ws/install/share/libyaml_vendor/environment/path.dsv
[1.818s] -- Up-to-date: /home/paolo/purple_whales_ws/firmware/mcu_ws/install/share/libyaml_vendor/local_setup.bash
[1.819s] -- Up-to-date: /home/paolo/purple_whales_ws/firmware/mcu_ws/install/share/libyaml_vendor/local_setup.sh
[1.819s] -- Up-to-date: /home/paolo/purple_whales_ws/firmware/mcu_ws/install/share/libyaml_vendor/local_setup.zsh
[1.820s] -- Installing: /home/paolo/purple_whales_ws/firmware/mcu_ws/install/share/libyaml_vendor/local_setup.dsv
[1.820s] -- Installing: /home/paolo/purple_whales_ws/firmware/mcu_ws/install/share/libyaml_vendor/package.dsv
[1.820s] -- Up-to-date: /home/paolo/purple_whales_ws/firmware/mcu_ws/install/share/ament_index/resource_index/packages/libyaml_vendor
[1.820s] -- Up-to-date: /home/paolo/purple_whales_ws/firmware/mcu_ws/install/share/libyaml_vendor/cmake/libyaml_vendor-extras.cmake
[1.820s] -- Up-to-date: /home/paolo/purple_whales_ws/firmware/mcu_ws/install/share/libyaml_vendor/cmake/ament_cmake_export_libraries-extras.cmake
[1.821s] -- Up-to-date: /home/paolo/purple_whales_ws/firmware/mcu_ws/install/share/libyaml_vendor/cmake/ament_cmake_export_dependencies-extras.cmake
[1.821s] -- Up-to-date: /home/paolo/purple_whales_ws/firmware/mcu_ws/install/share/libyaml_vendor/cmake/libyaml_vendorConfig.cmake
[1.821s] -- Up-to-date: /home/paolo/purple_whales_ws/firmware/mcu_ws/install/share/libyaml_vendor/cmake/libyaml_vendorConfig-version.cmake
[1.821s] -- Up-to-date: /home/paolo/purple_whales_ws/firmware/mcu_ws/install/share/libyaml_vendor/package.xml
[1.823s] Invoked command in '/home/paolo/purple_whales_ws/firmware/mcu_ws/build/libyaml_vendor' returned '0': CMAKE_PREFIX_PATH=${CMAKE_PREFIX_PATH}:/home/paolo/purple_whales_ws/firmware/dev_ws/install/ament_uncrustify:/home/paolo/purple_whales_ws/firmware/dev_ws/install/domain_coordinator:/home/paolo/purple_whales_ws/firmware/dev_ws/install/ament_xmllint:/home/paolo/purple_whales_ws/firmware/dev_ws/install/ament_pyflakes:/home/paolo/purple_whales_ws/firmware/dev_ws/install/ament_pycodestyle:/home/paolo/purple_whales_ws/firmware/dev_ws/install/ament_pep257:/home/paolo/purple_whales_ws/firmware/dev_ws/install/ament_pclint:/home/paolo/purple_whales_ws/firmware/dev_ws/install/ament_package:/home/paolo/purple_whales_ws/firmware/dev_ws/install/ament_mypy:/home/paolo/purple_whales_ws/firmware/dev_ws/install/ament_lint_cmake:/home/paolo/purple_whales_ws/firmware/dev_ws/install/ament_flake8:/home/paolo/purple_whales_ws/firmware/dev_ws/install/ament_copyright:/home/paolo/purple_whales_ws/firmware/dev_ws/install/ament_lint:/home/paolo/purple_whales_ws/firmware/dev_ws/install/ament_index_python:/home/paolo/purple_whales_ws/firmware/dev_ws/install/ament_cpplint:/home/paolo/purple_whales_ws/firmware/dev_ws/install/ament_cppcheck:/home/paolo/purple_whales_ws/firmware/dev_ws/install/ament_clang_tidy:/home/paolo/purple_whales_ws/firmware/dev_ws/install/ament_clang_format /usr/bin/cmake --install /home/paolo/purple_whales_ws/firmware/mcu_ws/build/libyaml_vendor
