gmake[4]: Entering directory '/home/paolo/purple_whales_ws/firmware/mcu_ws/build/statistics_msgs'
/usr/bin/cmake -S/home/paolo/purple_whales_ws/firmware/mcu_ws/ros2/rcl_interfaces/statistics_msgs -B/home/paolo/purple_whales_ws/firmware/mcu_ws/build/statistics_msgs --check-build-system CMakeFiles/Makefile.cmake 0
Re-run cmake file: Makefile older than: /home/paolo/purple_whales_ws/firmware/freertos_apps/microros_esp32_extensions/esp32_toolchain.cmake
-- Found ament_cmake: 1.3.8 (/home/paolo/purple_whales_ws/firmware/dev_ws/install/ament_cmake/share/ament_cmake/cmake)
-- Found builtin_interfaces: 1.2.1 (/home/paolo/purple_whales_ws/firmware/mcu_ws/install/share/builtin_interfaces/cmake)
-- Using all available rosidl_typesupport_c: rosidl_typesupport_introspection_c;rosidl_typesupport_microxrcedds_c
-- Found rosidl_adapter: 3.1.5 (/home/paolo/purple_whales_ws/firmware/mcu_ws/install/share/rosidl_adapter/cmake)
-- Found rosidl_default_generators: 1.2.0 (/home/paolo/purple_whales_ws/firmware/mcu_ws/install/share/rosidl_default_generators/cmake)
-- Found ament_cmake_ros: 0.10.0 (/home/paolo/purple_whales_ws/firmware/dev_ws/install/ament_cmake_ros/share/ament_cmake_ros/cmake)
-- Using all available rosidl_typesupport_c: rosidl_typesupport_introspection_c;rosidl_typesupport_microxrcedds_c
-- Configuring done
-- Generating done
-- Build files have been written to: /home/paolo/purple_whales_ws/firmware/mcu_ws/build/statistics_msgs
/usr/bin/cmake -E cmake_progress_start /home/paolo/purple_whales_ws/firmware/mcu_ws/build/statistics_msgs/CMakeFiles /home/paolo/purple_whales_ws/firmware/mcu_ws/build/statistics_msgs//CMakeFiles/progress.marks
/usr/bin/gmake  -f CMakeFiles/Makefile2 all
gmake[5]: Entering directory '/home/paolo/purple_whales_ws/firmware/mcu_ws/build/statistics_msgs'
/usr/bin/gmake  -f CMakeFiles/statistics_msgs__rosidl_generator_c.dir/build.make CMakeFiles/statistics_msgs__rosidl_generator_c.dir/depend
gmake[6]: Entering directory '/home/paolo/purple_whales_ws/firmware/mcu_ws/build/statistics_msgs'
cd /home/paolo/purple_whales_ws/firmware/mcu_ws/build/statistics_msgs && /usr/bin/cmake -E cmake_depends "Unix Makefiles" /home/paolo/purple_whales_ws/firmware/mcu_ws/ros2/rcl_interfaces/statistics_msgs /home/paolo/purple_whales_ws/firmware/mcu_ws/ros2/rcl_interfaces/statistics_msgs /home/paolo/purple_whales_ws/firmware/mcu_ws/build/statistics_msgs /home/paolo/purple_whales_ws/firmware/mcu_ws/build/statistics_msgs /home/paolo/purple_whales_ws/firmware/mcu_ws/build/statistics_msgs/CMakeFiles/statistics_msgs__rosidl_generator_c.dir/DependInfo.cmake --color=
Dependencies file "CMakeFiles/statistics_msgs__rosidl_generator_c.dir/rosidl_generator_c/statistics_msgs/msg/detail/metrics_message__functions.c.obj.d" is newer than depends file "/home/paolo/purple_whales_ws/firmware/mcu_ws/build/statistics_msgs/CMakeFiles/statistics_msgs__rosidl_generator_c.dir/compiler_depend.internal".
Dependencies file "CMakeFiles/statistics_msgs__rosidl_generator_c.dir/rosidl_generator_c/statistics_msgs/msg/detail/statistic_data_point__functions.c.obj.d" is newer than depends file "/home/paolo/purple_whales_ws/firmware/mcu_ws/build/statistics_msgs/CMakeFiles/statistics_msgs__rosidl_generator_c.dir/compiler_depend.internal".
Dependencies file "CMakeFiles/statistics_msgs__rosidl_generator_c.dir/rosidl_generator_c/statistics_msgs/msg/detail/statistic_data_type__functions.c.obj.d" is newer than depends file "/home/paolo/purple_whales_ws/firmware/mcu_ws/build/statistics_msgs/CMakeFiles/statistics_msgs__rosidl_generator_c.dir/compiler_depend.internal".
[35m[1mConsolidate compiler generated dependencies of target statistics_msgs__rosidl_generator_c[0m
gmake[6]: Leaving directory '/home/paolo/purple_whales_ws/firmware/mcu_ws/build/statistics_msgs'
/usr/bin/gmake  -f CMakeFiles/statistics_msgs__rosidl_generator_c.dir/build.make CMakeFiles/statistics_msgs__rosidl_generator_c.dir/build
gmake[6]: Entering directory '/home/paolo/purple_whales_ws/firmware/mcu_ws/build/statistics_msgs'
gmake[6]: Nothing to be done for 'CMakeFiles/statistics_msgs__rosidl_generator_c.dir/build'.
gmake[6]: Leaving directory '/home/paolo/purple_whales_ws/firmware/mcu_ws/build/statistics_msgs'
[ 25%] Built target statistics_msgs__rosidl_generator_c
/usr/bin/gmake  -f CMakeFiles/statistics_msgs__rosidl_typesupport_introspection_c.dir/build.make CMakeFiles/statistics_msgs__rosidl_typesupport_introspection_c.dir/depend
/usr/bin/gmake  -f CMakeFiles/statistics_msgs__rosidl_typesupport_c.dir/build.make CMakeFiles/statistics_msgs__rosidl_typesupport_c.dir/depend
/usr/bin/gmake  -f CMakeFiles/statistics_msgs__rosidl_typesupport_microxrcedds_c.dir/build.make CMakeFiles/statistics_msgs__rosidl_typesupport_microxrcedds_c.dir/depend
gmake[6]: Entering directory '/home/paolo/purple_whales_ws/firmware/mcu_ws/build/statistics_msgs'
cd /home/paolo/purple_whales_ws/firmware/mcu_ws/build/statistics_msgs && /usr/bin/cmake -E cmake_depends "Unix Makefiles" /home/paolo/purple_whales_ws/firmware/mcu_ws/ros2/rcl_interfaces/statistics_msgs /home/paolo/purple_whales_ws/firmware/mcu_ws/ros2/rcl_interfaces/statistics_msgs /home/paolo/purple_whales_ws/firmware/mcu_ws/build/statistics_msgs /home/paolo/purple_whales_ws/firmware/mcu_ws/build/statistics_msgs /home/paolo/purple_whales_ws/firmware/mcu_ws/build/statistics_msgs/CMakeFiles/statistics_msgs__rosidl_typesupport_introspection_c.dir/DependInfo.cmake --color=
gmake[6]: Entering directory '/home/paolo/purple_whales_ws/firmware/mcu_ws/build/statistics_msgs'
cd /home/paolo/purple_whales_ws/firmware/mcu_ws/build/statistics_msgs && /usr/bin/cmake -E cmake_depends "Unix Makefiles" /home/paolo/purple_whales_ws/firmware/mcu_ws/ros2/rcl_interfaces/statistics_msgs /home/paolo/purple_whales_ws/firmware/mcu_ws/ros2/rcl_interfaces/statistics_msgs /home/paolo/purple_whales_ws/firmware/mcu_ws/build/statistics_msgs /home/paolo/purple_whales_ws/firmware/mcu_ws/build/statistics_msgs /home/paolo/purple_whales_ws/firmware/mcu_ws/build/statistics_msgs/CMakeFiles/statistics_msgs__rosidl_typesupport_c.dir/DependInfo.cmake --color=
gmake[6]: Entering directory '/home/paolo/purple_whales_ws/firmware/mcu_ws/build/statistics_msgs'
cd /home/paolo/purple_whales_ws/firmware/mcu_ws/build/statistics_msgs && /usr/bin/cmake -E cmake_depends "Unix Makefiles" /home/paolo/purple_whales_ws/firmware/mcu_ws/ros2/rcl_interfaces/statistics_msgs /home/paolo/purple_whales_ws/firmware/mcu_ws/ros2/rcl_interfaces/statistics_msgs /home/paolo/purple_whales_ws/firmware/mcu_ws/build/statistics_msgs /home/paolo/purple_whales_ws/firmware/mcu_ws/build/statistics_msgs /home/paolo/purple_whales_ws/firmware/mcu_ws/build/statistics_msgs/CMakeFiles/statistics_msgs__rosidl_typesupport_microxrcedds_c.dir/DependInfo.cmake --color=
Dependencies file "CMakeFiles/statistics_msgs__rosidl_typesupport_c.dir/rosidl_typesupport_c/statistics_msgs/msg/metrics_message__type_support.cpp.obj.d" is newer than depends file "/home/paolo/purple_whales_ws/firmware/mcu_ws/build/statistics_msgs/CMakeFiles/statistics_msgs__rosidl_typesupport_c.dir/compiler_depend.internal".
Dependencies file "CMakeFiles/statistics_msgs__rosidl_typesupport_c.dir/rosidl_typesupport_c/statistics_msgs/msg/statistic_data_point__type_support.cpp.obj.d" is newer than depends file "/home/paolo/purple_whales_ws/firmware/mcu_ws/build/statistics_msgs/CMakeFiles/statistics_msgs__rosidl_typesupport_c.dir/compiler_depend.internal".
Dependencies file "CMakeFiles/statistics_msgs__rosidl_typesupport_c.dir/rosidl_typesupport_c/statistics_msgs/msg/statistic_data_type__type_support.cpp.obj.d" is newer than depends file "/home/paolo/purple_whales_ws/firmware/mcu_ws/build/statistics_msgs/CMakeFiles/statistics_msgs__rosidl_typesupport_c.dir/compiler_depend.internal".
[35m[1mConsolidate compiler generated dependencies of target statistics_msgs__rosidl_typesupport_c[0m
gmake[6]: Leaving directory '/home/paolo/purple_whales_ws/firmware/mcu_ws/build/statistics_msgs'
/usr/bin/gmake  -f CMakeFiles/statistics_msgs__rosidl_typesupport_c.dir/build.make CMakeFiles/statistics_msgs__rosidl_typesupport_c.dir/build
Dependencies file "CMakeFiles/statistics_msgs__rosidl_typesupport_introspection_c.dir/rosidl_typesupport_introspection_c/statistics_msgs/msg/detail/metrics_message__type_support.c.obj.d" is newer than depends file "/home/paolo/purple_whales_ws/firmware/mcu_ws/build/statistics_msgs/CMakeFiles/statistics_msgs__rosidl_typesupport_introspection_c.dir/compiler_depend.internal".
Dependencies file "CMakeFiles/statistics_msgs__rosidl_typesupport_introspection_c.dir/rosidl_typesupport_introspection_c/statistics_msgs/msg/detail/statistic_data_point__type_support.c.obj.d" is newer than depends file "/home/paolo/purple_whales_ws/firmware/mcu_ws/build/statistics_msgs/CMakeFiles/statistics_msgs__rosidl_typesupport_introspection_c.dir/compiler_depend.internal".
Dependencies file "CMakeFiles/statistics_msgs__rosidl_typesupport_introspection_c.dir/rosidl_typesupport_introspection_c/statistics_msgs/msg/detail/statistic_data_type__type_support.c.obj.d" is newer than depends file "/home/paolo/purple_whales_ws/firmware/mcu_ws/build/statistics_msgs/CMakeFiles/statistics_msgs__rosidl_typesupport_introspection_c.dir/compiler_depend.internal".
[35m[1mConsolidate compiler generated dependencies of target statistics_msgs__rosidl_typesupport_introspection_c[0m
gmake[6]: Entering directory '/home/paolo/purple_whales_ws/firmware/mcu_ws/build/statistics_msgs'
gmake[6]: Nothing to be done for 'CMakeFiles/statistics_msgs__rosidl_typesupport_c.dir/build'.
gmake[6]: Leaving directory '/home/paolo/purple_whales_ws/firmware/mcu_ws/build/statistics_msgs'
gmake[6]: Leaving directory '/home/paolo/purple_whales_ws/firmware/mcu_ws/build/statistics_msgs'
/usr/bin/gmake  -f CMakeFiles/statistics_msgs__rosidl_typesupport_introspection_c.dir/build.make CMakeFiles/statistics_msgs__rosidl_typesupport_introspection_c.dir/build
gmake[6]: Entering directory '/home/paolo/purple_whales_ws/firmware/mcu_ws/build/statistics_msgs'
gmake[6]: Nothing to be done for 'CMakeFiles/statistics_msgs__rosidl_typesupport_introspection_c.dir/build'.
gmake[6]: Leaving directory '/home/paolo/purple_whales_ws/firmware/mcu_ws/build/statistics_msgs'
Dependencies file "CMakeFiles/statistics_msgs__rosidl_typesupport_microxrcedds_c.dir/rosidl_typesupport_microxrcedds_c/statistics_msgs/msg/detail/microxrcedds/metrics_message__type_support_c.c.obj.d" is newer than depends file "/home/paolo/purple_whales_ws/firmware/mcu_ws/build/statistics_msgs/CMakeFiles/statistics_msgs__rosidl_typesupport_microxrcedds_c.dir/compiler_depend.internal".
Dependencies file "CMakeFiles/statistics_msgs__rosidl_typesupport_microxrcedds_c.dir/rosidl_typesupport_microxrcedds_c/statistics_msgs/msg/detail/microxrcedds/statistic_data_point__type_support_c.c.obj.d" is newer than depends file "/home/paolo/purple_whales_ws/firmware/mcu_ws/build/statistics_msgs/CMakeFiles/statistics_msgs__rosidl_typesupport_microxrcedds_c.dir/compiler_depend.internal".
Dependencies file "CMakeFiles/statistics_msgs__rosidl_typesupport_microxrcedds_c.dir/rosidl_typesupport_microxrcedds_c/statistics_msgs/msg/detail/microxrcedds/statistic_data_type__type_support_c.c.obj.d" is newer than depends file "/home/paolo/purple_whales_ws/firmware/mcu_ws/build/statistics_msgs/CMakeFiles/statistics_msgs__rosidl_typesupport_microxrcedds_c.dir/compiler_depend.internal".
[35m[1mConsolidate compiler generated dependencies of target statistics_msgs__rosidl_typesupport_microxrcedds_c[0m
gmake[6]: Leaving directory '/home/paolo/purple_whales_ws/firmware/mcu_ws/build/statistics_msgs'
/usr/bin/gmake  -f CMakeFiles/statistics_msgs__rosidl_typesupport_microxrcedds_c.dir/build.make CMakeFiles/statistics_msgs__rosidl_typesupport_microxrcedds_c.dir/build
gmake[6]: Entering directory '/home/paolo/purple_whales_ws/firmware/mcu_ws/build/statistics_msgs'
gmake[6]: Nothing to be done for 'CMakeFiles/statistics_msgs__rosidl_typesupport_microxrcedds_c.dir/build'.
gmake[6]: Leaving directory '/home/paolo/purple_whales_ws/firmware/mcu_ws/build/statistics_msgs'
[ 50%] Built target statistics_msgs__rosidl_typesupport_c
[ 75%] Built target statistics_msgs__rosidl_typesupport_introspection_c
[100%] Built target statistics_msgs__rosidl_typesupport_microxrcedds_c
/usr/bin/gmake  -f CMakeFiles/statistics_msgs.dir/build.make CMakeFiles/statistics_msgs.dir/depend
gmake[6]: Entering directory '/home/paolo/purple_whales_ws/firmware/mcu_ws/build/statistics_msgs'
cd /home/paolo/purple_whales_ws/firmware/mcu_ws/build/statistics_msgs && /usr/bin/cmake -E cmake_depends "Unix Makefiles" /home/paolo/purple_whales_ws/firmware/mcu_ws/ros2/rcl_interfaces/statistics_msgs /home/paolo/purple_whales_ws/firmware/mcu_ws/ros2/rcl_interfaces/statistics_msgs /home/paolo/purple_whales_ws/firmware/mcu_ws/build/statistics_msgs /home/paolo/purple_whales_ws/firmware/mcu_ws/build/statistics_msgs /home/paolo/purple_whales_ws/firmware/mcu_ws/build/statistics_msgs/CMakeFiles/statistics_msgs.dir/DependInfo.cmake --color=
gmake[6]: Leaving directory '/home/paolo/purple_whales_ws/firmware/mcu_ws/build/statistics_msgs'
/usr/bin/gmake  -f CMakeFiles/statistics_msgs.dir/build.make CMakeFiles/statistics_msgs.dir/build
gmake[6]: Entering directory '/home/paolo/purple_whales_ws/firmware/mcu_ws/build/statistics_msgs'
gmake[6]: Nothing to be done for 'CMakeFiles/statistics_msgs.dir/build'.
gmake[6]: Leaving directory '/home/paolo/purple_whales_ws/firmware/mcu_ws/build/statistics_msgs'
[100%] Built target statistics_msgs
gmake[5]: Leaving directory '/home/paolo/purple_whales_ws/firmware/mcu_ws/build/statistics_msgs'
/usr/bin/cmake -E cmake_progress_start /home/paolo/purple_whales_ws/firmware/mcu_ws/build/statistics_msgs/CMakeFiles 0
gmake[4]: Leaving directory '/home/paolo/purple_whales_ws/firmware/mcu_ws/build/statistics_msgs'
-- Install configuration: "Debug"
-- Up-to-date: /home/paolo/purple_whales_ws/firmware/mcu_ws/install/share/ament_index/resource_index/rosidl_interfaces/statistics_msgs
-- Up-to-date: /home/paolo/purple_whales_ws/firmware/mcu_ws/install/include/statistics_msgs/statistics_msgs
-- Up-to-date: /home/paolo/purple_whales_ws/firmware/mcu_ws/install/include/statistics_msgs/statistics_msgs/msg
-- Up-to-date: /home/paolo/purple_whales_ws/firmware/mcu_ws/install/include/statistics_msgs/statistics_msgs/msg/statistic_data_point.h
-- Up-to-date: /home/paolo/purple_whales_ws/firmware/mcu_ws/install/include/statistics_msgs/statistics_msgs/msg/detail
-- Up-to-date: /home/paolo/purple_whales_ws/firmware/mcu_ws/install/include/statistics_msgs/statistics_msgs/msg/detail/metrics_message__functions.c
-- Up-to-date: /home/paolo/purple_whales_ws/firmware/mcu_ws/install/include/statistics_msgs/statistics_msgs/msg/detail/statistic_data_type__functions.c
-- Up-to-date: /home/paolo/purple_whales_ws/firmware/mcu_ws/install/include/statistics_msgs/statistics_msgs/msg/detail/metrics_message__struct.h
-- Up-to-date: /home/paolo/purple_whales_ws/firmware/mcu_ws/install/include/statistics_msgs/statistics_msgs/msg/detail/statistic_data_point__type_support.h
-- Up-to-date: /home/paolo/purple_whales_ws/firmware/mcu_ws/install/include/statistics_msgs/statistics_msgs/msg/detail/statistic_data_point__functions.c
-- Up-to-date: /home/paolo/purple_whales_ws/firmware/mcu_ws/install/include/statistics_msgs/statistics_msgs/msg/detail/metrics_message__type_support.h
-- Up-to-date: /home/paolo/purple_whales_ws/firmware/mcu_ws/install/include/statistics_msgs/statistics_msgs/msg/detail/statistic_data_point__functions.h
-- Up-to-date: /home/paolo/purple_whales_ws/firmware/mcu_ws/install/include/statistics_msgs/statistics_msgs/msg/detail/statistic_data_point__struct.h
-- Up-to-date: /home/paolo/purple_whales_ws/firmware/mcu_ws/install/include/statistics_msgs/statistics_msgs/msg/detail/statistic_data_type__struct.h
-- Up-to-date: /home/paolo/purple_whales_ws/firmware/mcu_ws/install/include/statistics_msgs/statistics_msgs/msg/detail/statistic_data_type__functions.h
-- Up-to-date: /home/paolo/purple_whales_ws/firmware/mcu_ws/install/include/statistics_msgs/statistics_msgs/msg/detail/statistic_data_type__type_support.h
-- Up-to-date: /home/paolo/purple_whales_ws/firmware/mcu_ws/install/include/statistics_msgs/statistics_msgs/msg/detail/metrics_message__functions.h
-- Up-to-date: /home/paolo/purple_whales_ws/firmware/mcu_ws/install/include/statistics_msgs/statistics_msgs/msg/metrics_message.h
-- Up-to-date: /home/paolo/purple_whales_ws/firmware/mcu_ws/install/include/statistics_msgs/statistics_msgs/msg/rosidl_generator_c__visibility_control.h
-- Up-to-date: /home/paolo/purple_whales_ws/firmware/mcu_ws/install/include/statistics_msgs/statistics_msgs/msg/statistic_data_type.h
-- Up-to-date: /home/paolo/purple_whales_ws/firmware/mcu_ws/install/share/statistics_msgs/environment/library_path.sh
-- Installing: /home/paolo/purple_whales_ws/firmware/mcu_ws/install/share/statistics_msgs/environment/library_path.dsv
-- Installing: /home/paolo/purple_whales_ws/firmware/mcu_ws/install/lib/libstatistics_msgs__rosidl_generator_c.a
-- Up-to-date: /home/paolo/purple_whales_ws/firmware/mcu_ws/install/include/statistics_msgs/statistics_msgs
-- Up-to-date: /home/paolo/purple_whales_ws/firmware/mcu_ws/install/include/statistics_msgs/statistics_msgs/msg
-- Up-to-date: /home/paolo/purple_whales_ws/firmware/mcu_ws/install/include/statistics_msgs/statistics_msgs/msg/detail
-- Up-to-date: /home/paolo/purple_whales_ws/firmware/mcu_ws/install/include/statistics_msgs/statistics_msgs/msg/detail/statistic_data_point__type_support.c
-- Up-to-date: /home/paolo/purple_whales_ws/firmware/mcu_ws/install/include/statistics_msgs/statistics_msgs/msg/detail/metrics_message__type_support.c
-- Up-to-date: /home/paolo/purple_whales_ws/firmware/mcu_ws/install/include/statistics_msgs/statistics_msgs/msg/detail/statistic_data_type__rosidl_typesupport_introspection_c.h
-- Up-to-date: /home/paolo/purple_whales_ws/firmware/mcu_ws/install/include/statistics_msgs/statistics_msgs/msg/detail/metrics_message__rosidl_typesupport_introspection_c.h
-- Up-to-date: /home/paolo/purple_whales_ws/firmware/mcu_ws/install/include/statistics_msgs/statistics_msgs/msg/detail/statistic_data_point__rosidl_typesupport_introspection_c.h
-- Up-to-date: /home/paolo/purple_whales_ws/firmware/mcu_ws/install/include/statistics_msgs/statistics_msgs/msg/detail/statistic_data_type__type_support.c
-- Up-to-date: /home/paolo/purple_whales_ws/firmware/mcu_ws/install/include/statistics_msgs/statistics_msgs/msg/rosidl_typesupport_introspection_c__visibility_control.h
-- Up-to-date: /home/paolo/purple_whales_ws/firmware/mcu_ws/install/lib/libstatistics_msgs__rosidl_typesupport_introspection_c.a
-- Up-to-date: /home/paolo/purple_whales_ws/firmware/mcu_ws/install/include/statistics_msgs
-- Up-to-date: /home/paolo/purple_whales_ws/firmware/mcu_ws/install/include/statistics_msgs/msg
-- Up-to-date: /home/paolo/purple_whales_ws/firmware/mcu_ws/install/include/statistics_msgs/msg/detail
-- Up-to-date: /home/paolo/purple_whales_ws/firmware/mcu_ws/install/include/statistics_msgs/msg/detail/microxrcedds
-- Up-to-date: /home/paolo/purple_whales_ws/firmware/mcu_ws/install/include/statistics_msgs/msg/detail/statistic_data_type__rosidl_typesupport_microxrcedds_c.h
-- Up-to-date: /home/paolo/purple_whales_ws/firmware/mcu_ws/install/include/statistics_msgs/msg/detail/statistic_data_point__rosidl_typesupport_microxrcedds_c.h
-- Up-to-date: /home/paolo/purple_whales_ws/firmware/mcu_ws/install/include/statistics_msgs/msg/detail/metrics_message__rosidl_typesupport_microxrcedds_c.h
-- Up-to-date: /home/paolo/purple_whales_ws/firmware/mcu_ws/install/include/statistics_msgs/msg/rosidl_typesupport_microxrcedds_c__visibility_control.h
-- Up-to-date: /home/paolo/purple_whales_ws/firmware/mcu_ws/install/lib/libstatistics_msgs__rosidl_typesupport_microxrcedds_c.a
-- Up-to-date: /home/paolo/purple_whales_ws/firmware/mcu_ws/install/lib/libstatistics_msgs__rosidl_typesupport_c.a
-- Up-to-date: /home/paolo/purple_whales_ws/firmware/mcu_ws/install/share/statistics_msgs/msg/MetricsMessage.idl
-- Up-to-date: /home/paolo/purple_whales_ws/firmware/mcu_ws/install/share/statistics_msgs/msg/StatisticDataPoint.idl
-- Up-to-date: /home/paolo/purple_whales_ws/firmware/mcu_ws/install/share/statistics_msgs/msg/StatisticDataType.idl
-- Up-to-date: /home/paolo/purple_whales_ws/firmware/mcu_ws/install/share/statistics_msgs/msg/MetricsMessage.msg
-- Up-to-date: /home/paolo/purple_whales_ws/firmware/mcu_ws/install/share/statistics_msgs/msg/StatisticDataPoint.msg
-- Up-to-date: /home/paolo/purple_whales_ws/firmware/mcu_ws/install/share/statistics_msgs/msg/StatisticDataType.msg
-- Up-to-date: /home/paolo/purple_whales_ws/firmware/mcu_ws/install/share/ament_index/resource_index/package_run_dependencies/statistics_msgs
-- Up-to-date: /home/paolo/purple_whales_ws/firmware/mcu_ws/install/share/ament_index/resource_index/parent_prefix_path/statistics_msgs
-- Up-to-date: /home/paolo/purple_whales_ws/firmware/mcu_ws/install/share/statistics_msgs/environment/ament_prefix_path.sh
-- Installing: /home/paolo/purple_whales_ws/firmware/mcu_ws/install/share/statistics_msgs/environment/ament_prefix_path.dsv
-- Up-to-date: /home/paolo/purple_whales_ws/firmware/mcu_ws/install/share/statistics_msgs/environment/path.sh
-- Installing: /home/paolo/purple_whales_ws/firmware/mcu_ws/install/share/statistics_msgs/environment/path.dsv
-- Up-to-date: /home/paolo/purple_whales_ws/firmware/mcu_ws/install/share/statistics_msgs/local_setup.bash
-- Up-to-date: /home/paolo/purple_whales_ws/firmware/mcu_ws/install/share/statistics_msgs/local_setup.sh
-- Up-to-date: /home/paolo/purple_whales_ws/firmware/mcu_ws/install/share/statistics_msgs/local_setup.zsh
-- Installing: /home/paolo/purple_whales_ws/firmware/mcu_ws/install/share/statistics_msgs/local_setup.dsv
-- Installing: /home/paolo/purple_whales_ws/firmware/mcu_ws/install/share/statistics_msgs/package.dsv
-- Up-to-date: /home/paolo/purple_whales_ws/firmware/mcu_ws/install/share/ament_index/resource_index/packages/statistics_msgs
-- Up-to-date: /home/paolo/purple_whales_ws/firmware/mcu_ws/install/share/statistics_msgs/cmake/export_statistics_msgs__rosidl_generator_cExport.cmake
-- Up-to-date: /home/paolo/purple_whales_ws/firmware/mcu_ws/install/share/statistics_msgs/cmake/export_statistics_msgs__rosidl_generator_cExport-debug.cmake
-- Up-to-date: /home/paolo/purple_whales_ws/firmware/mcu_ws/install/share/statistics_msgs/cmake/statistics_msgs__rosidl_typesupport_introspection_cExport.cmake
-- Up-to-date: /home/paolo/purple_whales_ws/firmware/mcu_ws/install/share/statistics_msgs/cmake/statistics_msgs__rosidl_typesupport_introspection_cExport-debug.cmake
-- Up-to-date: /home/paolo/purple_whales_ws/firmware/mcu_ws/install/share/statistics_msgs/cmake/statistics_msgs__rosidl_typesupport_cExport.cmake
-- Up-to-date: /home/paolo/purple_whales_ws/firmware/mcu_ws/install/share/statistics_msgs/cmake/statistics_msgs__rosidl_typesupport_cExport-debug.cmake
-- Up-to-date: /home/paolo/purple_whales_ws/firmware/mcu_ws/install/share/statistics_msgs/cmake/rosidl_cmake-extras.cmake
-- Up-to-date: /home/paolo/purple_whales_ws/firmware/mcu_ws/install/share/statistics_msgs/cmake/ament_cmake_export_dependencies-extras.cmake
-- Up-to-date: /home/paolo/purple_whales_ws/firmware/mcu_ws/install/share/statistics_msgs/cmake/ament_cmake_export_include_directories-extras.cmake
-- Up-to-date: /home/paolo/purple_whales_ws/firmware/mcu_ws/install/share/statistics_msgs/cmake/ament_cmake_export_libraries-extras.cmake
-- Up-to-date: /home/paolo/purple_whales_ws/firmware/mcu_ws/install/share/statistics_msgs/cmake/ament_cmake_export_targets-extras.cmake
-- Up-to-date: /home/paolo/purple_whales_ws/firmware/mcu_ws/install/share/statistics_msgs/cmake/rosidl_cmake_export_typesupport_targets-extras.cmake
-- Up-to-date: /home/paolo/purple_whales_ws/firmware/mcu_ws/install/share/statistics_msgs/cmake/rosidl_cmake_export_typesupport_libraries-extras.cmake
-- Up-to-date: /home/paolo/purple_whales_ws/firmware/mcu_ws/install/share/statistics_msgs/cmake/statistics_msgsConfig.cmake
-- Up-to-date: /home/paolo/purple_whales_ws/firmware/mcu_ws/install/share/statistics_msgs/cmake/statistics_msgsConfig-version.cmake
-- Up-to-date: /home/paolo/purple_whales_ws/firmware/mcu_ws/install/share/statistics_msgs/package.xml
