[0.275s] Invoking command in '/home/paolo/purple_whales_ws/firmware/mcu_ws/build/statistics_msgs': AMENT_PREFIX_PATH=/home/paolo/purple_whales_ws/firmware/mcu_ws/install:${AMENT_PREFIX_PATH} CMAKE_PREFIX_PATH=/home/paolo/purple_whales_ws/firmware/mcu_ws/install:/home/paolo/purple_whales_ws/firmware/dev_ws/install/ament_lint_common:/home/paolo/purple_whales_ws/firmware/dev_ws/install/ament_cmake_uncrustify:/home/paolo/purple_whales_ws/firmware/dev_ws/install/uncrustify_vendor:/home/paolo/purple_whales_ws/firmware/dev_ws/install/ament_cmake_ros:/home/paolo/purple_whales_ws/firmware/dev_ws/install/ament_cmake_auto:/home/paolo/purple_whales_ws/firmware/dev_ws/install/ament_cmake_gmock:/home/paolo/purple_whales_ws/firmware/dev_ws/install/gmock_vendor:/home/paolo/purple_whales_ws/firmware/dev_ws/install/ament_cmake_gtest:/home/paolo/purple_whales_ws/firmware/dev_ws/install/gtest_vendor:/home/paolo/purple_whales_ws/firmware/dev_ws/install/ament_cmake_xmllint:/home/paolo/purple_whales_ws/firmware/dev_ws/install/ament_cmake_pyflakes:/home/paolo/purple_whales_ws/firmware/dev_ws/install/ament_cmake_pycodestyle:/home/paolo/purple_whales_ws/firmware/dev_ws/install/ament_cmake_pep257:/home/paolo/purple_whales_ws/firmware/dev_ws/install/ament_cmake_pclint:/home/paolo/purple_whales_ws/firmware/dev_ws/install/ament_lint_auto:/home/paolo/purple_whales_ws/firmware/dev_ws/install/ament_cmake:/home/paolo/purple_whales_ws/firmware/dev_ws/install/ament_cmake_version:/home/paolo/purple_whales_ws/firmware/dev_ws/install/ament_cmake_vendor_package:/home/paolo/purple_whales_ws/firmware/dev_ws/install/ament_cmake_pytest:/home/paolo/purple_whales_ws/firmware/dev_ws/install/ament_cmake_nose:/home/paolo/purple_whales_ws/firmware/dev_ws/install/ament_cmake_mypy:/home/paolo/purple_whales_ws/firmware/dev_ws/install/ament_cmake_lint_cmake:/home/paolo/purple_whales_ws/firmware/dev_ws/install/ament_cmake_google_benchmark:/home/paolo/purple_whales_ws/firmware/dev_ws/install/ament_cmake_flake8:/home/paolo/purple_whales_ws/firmware/dev_ws/install/ament_cmake_cpplint:/home/paolo/purple_whales_ws/firmware/dev_ws/install/ament_cmake_cppcheck:/home/paolo/purple_whales_ws/firmware/dev_ws/install/ament_cmake_copyright:/home/paolo/purple_whales_ws/firmware/dev_ws/install/ament_cmake_clang_tidy:/home/paolo/purple_whales_ws/firmware/dev_ws/install/ament_cmake_clang_format:/home/paolo/purple_whales_ws/firmware/dev_ws/install/ament_cmake_test:/home/paolo/purple_whales_ws/firmware/dev_ws/install/ament_cmake_target_dependencies:/home/paolo/purple_whales_ws/firmware/dev_ws/install/ament_cmake_python:/home/paolo/purple_whales_ws/firmware/dev_ws/install/ament_cmake_export_dependencies:/home/paolo/purple_whales_ws/firmware/dev_ws/install/ament_cmake_libraries:/home/paolo/purple_whales_ws/firmware/dev_ws/install/ament_cmake_include_directories:/home/paolo/purple_whales_ws/firmware/dev_ws/install/ament_cmake_gen_version_h:/home/paolo/purple_whales_ws/firmware/dev_ws/install/ament_cmake_export_targets:/home/paolo/purple_whales_ws/firmware/dev_ws/install/ament_cmake_export_link_flags:/home/paolo/purple_whales_ws/firmware/dev_ws/install/ament_cmake_export_interfaces:/home/paolo/purple_whales_ws/firmware/dev_ws/install/ament_cmake_export_libraries:/home/paolo/purple_whales_ws/firmware/dev_ws/install/ament_cmake_export_include_directories:/home/paolo/purple_whales_ws/firmware/dev_ws/install/ament_cmake_export_definitions:/home/paolo/purple_whales_ws/firmware/dev_ws/install/ament_cmake_core:/home/paolo/purple_whales_ws/firmware/dev_ws/install/ament_index_cpp:/home/paolo/purple_whales_ws/firmware/dev_ws/install/ament_uncrustify:/home/paolo/purple_whales_ws/firmware/dev_ws/install/domain_coordinator:/home/paolo/purple_whales_ws/firmware/dev_ws/install/ament_xmllint:/home/paolo/purple_whales_ws/firmware/dev_ws/install/ament_pyflakes:/home/paolo/purple_whales_ws/firmware/dev_ws/install/ament_pycodestyle:/home/paolo/purple_whales_ws/firmware/dev_ws/install/ament_pep257:/home/paolo/purple_whales_ws/firmware/dev_ws/install/ament_pclint:/home/paolo/purple_whales_ws/firmware/dev_ws/install/ament_package:/home/paolo/purple_whales_ws/firmware/dev_ws/install/ament_mypy:/home/paolo/purple_whales_ws/firmware/dev_ws/install/ament_lint_cmake:/home/paolo/purple_whales_ws/firmware/dev_ws/install/ament_flake8:/home/paolo/purple_whales_ws/firmware/dev_ws/install/ament_copyright:/home/paolo/purple_whales_ws/firmware/dev_ws/install/ament_lint:/home/paolo/purple_whales_ws/firmware/dev_ws/install/ament_index_python:/home/paolo/purple_whales_ws/firmware/dev_ws/install/ament_cpplint:/home/paolo/purple_whales_ws/firmware/dev_ws/install/ament_cppcheck:/home/paolo/purple_whales_ws/firmware/dev_ws/install/ament_clang_tidy:/home/paolo/purple_whales_ws/firmware/dev_ws/install/ament_clang_format LD_LIBRARY_PATH=/home/paolo/purple_whales_ws/firmware/mcu_ws/install/lib:${LD_LIBRARY_PATH} PATH=/home/paolo/purple_whales_ws/firmware/mcu_ws/install/bin:${PATH} PYTHONPATH=/home/paolo/purple_whales_ws/firmware/mcu_ws/install/lib/python3.10/site-packages:${PYTHONPATH} /usr/bin/cmake --build /home/paolo/purple_whales_ws/firmware/mcu_ws/build/statistics_msgs -- -j20 -l20
[0.299s] gmake[4]: Entering directory '/home/paolo/purple_whales_ws/firmware/mcu_ws/build/statistics_msgs'
[0.300s] /usr/bin/cmake -S/home/paolo/purple_whales_ws/firmware/mcu_ws/ros2/rcl_interfaces/statistics_msgs -B/home/paolo/purple_whales_ws/firmware/mcu_ws/build/statistics_msgs --check-build-system CMakeFiles/Makefile.cmake 0
[0.314s] Re-run cmake file: Makefile older than: /home/paolo/purple_whales_ws/firmware/freertos_apps/microros_esp32_extensions/esp32_toolchain.cmake
[0.324s] -- Found ament_cmake: 1.3.8 (/home/paolo/purple_whales_ws/firmware/dev_ws/install/ament_cmake/share/ament_cmake/cmake)
[0.605s] -- Found builtin_interfaces: 1.2.1 (/home/paolo/purple_whales_ws/firmware/mcu_ws/install/share/builtin_interfaces/cmake)
[0.638s] [33mCMake Warning at /home/paolo/purple_whales_ws/firmware/mcu_ws/install/share/rcutils/cmake/ament_cmake_export_libraries-extras.cmake:116 (message):
[0.638s]   Package 'rcutils' exports library 'dl' which couldn't be found
[0.640s] Call Stack (most recent call first):
[0.644s]   /home/paolo/purple_whales_ws/firmware/mcu_ws/install/share/rcutils/cmake/rcutilsConfig.cmake:41 (include)
[0.645s]   /home/paolo/purple_whales_ws/firmware/mcu_ws/install/share/rosidl_runtime_c/cmake/ament_cmake_export_dependencies-extras.cmake:21 (find_package)
[0.645s]   /home/paolo/purple_whales_ws/firmware/mcu_ws/install/share/rosidl_runtime_c/cmake/rosidl_runtime_cConfig.cmake:41 (include)
[0.645s]   /home/paolo/purple_whales_ws/firmware/mcu_ws/install/share/builtin_interfaces/cmake/ament_cmake_export_dependencies-extras.cmake:21 (find_package)
[0.645s]   /home/paolo/purple_whales_ws/firmware/mcu_ws/install/share/builtin_interfaces/cmake/builtin_interfacesConfig.cmake:41 (include)
[0.645s]   CMakeLists.txt:15 (find_package)
[0.646s] 
[0.646s] [0m
[0.649s] -- Using all available rosidl_typesupport_c: rosidl_typesupport_introspection_c;rosidl_typesupport_microxrcedds_c
[0.652s] -- Found rosidl_adapter: 3.1.5 (/home/paolo/purple_whales_ws/firmware/mcu_ws/install/share/rosidl_adapter/cmake)
[0.681s] -- Found rosidl_default_generators: 1.2.0 (/home/paolo/purple_whales_ws/firmware/mcu_ws/install/share/rosidl_default_generators/cmake)
[1.727s] -- Found ament_cmake_ros: 0.10.0 (/home/paolo/purple_whales_ws/firmware/dev_ws/install/ament_cmake_ros/share/ament_cmake_ros/cmake)
[2.005s] -- Using all available rosidl_typesupport_c: rosidl_typesupport_introspection_c;rosidl_typesupport_microxrcedds_c
[2.017s] -- Configuring done
[2.055s] -- Generating done
[2.068s] -- Build files have been written to: /home/paolo/purple_whales_ws/firmware/mcu_ws/build/statistics_msgs
[2.097s] /usr/bin/cmake -E cmake_progress_start /home/paolo/purple_whales_ws/firmware/mcu_ws/build/statistics_msgs/CMakeFiles /home/paolo/purple_whales_ws/firmware/mcu_ws/build/statistics_msgs//CMakeFiles/progress.marks
[2.126s] /usr/bin/gmake  -f CMakeFiles/Makefile2 all
[2.131s] gmake[5]: Entering directory '/home/paolo/purple_whales_ws/firmware/mcu_ws/build/statistics_msgs'
[2.132s] /usr/bin/gmake  -f CMakeFiles/statistics_msgs__rosidl_generator_c.dir/build.make CMakeFiles/statistics_msgs__rosidl_generator_c.dir/depend
[2.133s] gmake[6]: Entering directory '/home/paolo/purple_whales_ws/firmware/mcu_ws/build/statistics_msgs'
[2.133s] cd /home/paolo/purple_whales_ws/firmware/mcu_ws/build/statistics_msgs && /usr/bin/cmake -E cmake_depends "Unix Makefiles" /home/paolo/purple_whales_ws/firmware/mcu_ws/ros2/rcl_interfaces/statistics_msgs /home/paolo/purple_whales_ws/firmware/mcu_ws/ros2/rcl_interfaces/statistics_msgs /home/paolo/purple_whales_ws/firmware/mcu_ws/build/statistics_msgs /home/paolo/purple_whales_ws/firmware/mcu_ws/build/statistics_msgs /home/paolo/purple_whales_ws/firmware/mcu_ws/build/statistics_msgs/CMakeFiles/statistics_msgs__rosidl_generator_c.dir/DependInfo.cmake --color=
[2.161s] Dependencies file "CMakeFiles/statistics_msgs__rosidl_generator_c.dir/rosidl_generator_c/statistics_msgs/msg/detail/metrics_message__functions.c.obj.d" is newer than depends file "/home/paolo/purple_whales_ws/firmware/mcu_ws/build/statistics_msgs/CMakeFiles/statistics_msgs__rosidl_generator_c.dir/compiler_depend.internal".
[2.161s] Dependencies file "CMakeFiles/statistics_msgs__rosidl_generator_c.dir/rosidl_generator_c/statistics_msgs/msg/detail/statistic_data_point__functions.c.obj.d" is newer than depends file "/home/paolo/purple_whales_ws/firmware/mcu_ws/build/statistics_msgs/CMakeFiles/statistics_msgs__rosidl_generator_c.dir/compiler_depend.internal".
[2.161s] Dependencies file "CMakeFiles/statistics_msgs__rosidl_generator_c.dir/rosidl_generator_c/statistics_msgs/msg/detail/statistic_data_type__functions.c.obj.d" is newer than depends file "/home/paolo/purple_whales_ws/firmware/mcu_ws/build/statistics_msgs/CMakeFiles/statistics_msgs__rosidl_generator_c.dir/compiler_depend.internal".
[2.161s] [35m[1mConsolidate compiler generated dependencies of target statistics_msgs__rosidl_generator_c[0m
[2.169s] gmake[6]: Leaving directory '/home/paolo/purple_whales_ws/firmware/mcu_ws/build/statistics_msgs'
[2.170s] /usr/bin/gmake  -f CMakeFiles/statistics_msgs__rosidl_generator_c.dir/build.make CMakeFiles/statistics_msgs__rosidl_generator_c.dir/build
[2.176s] gmake[6]: Entering directory '/home/paolo/purple_whales_ws/firmware/mcu_ws/build/statistics_msgs'
[2.177s] gmake[6]: Nothing to be done for 'CMakeFiles/statistics_msgs__rosidl_generator_c.dir/build'.
[2.177s] gmake[6]: Leaving directory '/home/paolo/purple_whales_ws/firmware/mcu_ws/build/statistics_msgs'
[2.206s] [ 25%] Built target statistics_msgs__rosidl_generator_c
[2.216s] /usr/bin/gmake  -f CMakeFiles/statistics_msgs__rosidl_typesupport_introspection_c.dir/build.make CMakeFiles/statistics_msgs__rosidl_typesupport_introspection_c.dir/depend
[2.217s] /usr/bin/gmake  -f CMakeFiles/statistics_msgs__rosidl_typesupport_c.dir/build.make CMakeFiles/statistics_msgs__rosidl_typesupport_c.dir/depend
[2.217s] /usr/bin/gmake  -f CMakeFiles/statistics_msgs__rosidl_typesupport_microxrcedds_c.dir/build.make CMakeFiles/statistics_msgs__rosidl_typesupport_microxrcedds_c.dir/depend
[2.220s] gmake[6]: Entering directory '/home/paolo/purple_whales_ws/firmware/mcu_ws/build/statistics_msgs'
[2.220s] cd /home/paolo/purple_whales_ws/firmware/mcu_ws/build/statistics_msgs && /usr/bin/cmake -E cmake_depends "Unix Makefiles" /home/paolo/purple_whales_ws/firmware/mcu_ws/ros2/rcl_interfaces/statistics_msgs /home/paolo/purple_whales_ws/firmware/mcu_ws/ros2/rcl_interfaces/statistics_msgs /home/paolo/purple_whales_ws/firmware/mcu_ws/build/statistics_msgs /home/paolo/purple_whales_ws/firmware/mcu_ws/build/statistics_msgs /home/paolo/purple_whales_ws/firmware/mcu_ws/build/statistics_msgs/CMakeFiles/statistics_msgs__rosidl_typesupport_introspection_c.dir/DependInfo.cmake --color=
[2.223s] gmake[6]: Entering directory '/home/paolo/purple_whales_ws/firmware/mcu_ws/build/statistics_msgs'
[2.224s] cd /home/paolo/purple_whales_ws/firmware/mcu_ws/build/statistics_msgs && /usr/bin/cmake -E cmake_depends "Unix Makefiles" /home/paolo/purple_whales_ws/firmware/mcu_ws/ros2/rcl_interfaces/statistics_msgs /home/paolo/purple_whales_ws/firmware/mcu_ws/ros2/rcl_interfaces/statistics_msgs /home/paolo/purple_whales_ws/firmware/mcu_ws/build/statistics_msgs /home/paolo/purple_whales_ws/firmware/mcu_ws/build/statistics_msgs /home/paolo/purple_whales_ws/firmware/mcu_ws/build/statistics_msgs/CMakeFiles/statistics_msgs__rosidl_typesupport_c.dir/DependInfo.cmake --color=
[2.235s] gmake[6]: Entering directory '/home/paolo/purple_whales_ws/firmware/mcu_ws/build/statistics_msgs'
[2.235s] cd /home/paolo/purple_whales_ws/firmware/mcu_ws/build/statistics_msgs && /usr/bin/cmake -E cmake_depends "Unix Makefiles" /home/paolo/purple_whales_ws/firmware/mcu_ws/ros2/rcl_interfaces/statistics_msgs /home/paolo/purple_whales_ws/firmware/mcu_ws/ros2/rcl_interfaces/statistics_msgs /home/paolo/purple_whales_ws/firmware/mcu_ws/build/statistics_msgs /home/paolo/purple_whales_ws/firmware/mcu_ws/build/statistics_msgs /home/paolo/purple_whales_ws/firmware/mcu_ws/build/statistics_msgs/CMakeFiles/statistics_msgs__rosidl_typesupport_microxrcedds_c.dir/DependInfo.cmake --color=
[2.262s] Dependencies file "CMakeFiles/statistics_msgs__rosidl_typesupport_c.dir/rosidl_typesupport_c/statistics_msgs/msg/metrics_message__type_support.cpp.obj.d" is newer than depends file "/home/paolo/purple_whales_ws/firmware/mcu_ws/build/statistics_msgs/CMakeFiles/statistics_msgs__rosidl_typesupport_c.dir/compiler_depend.internal".
[2.263s] Dependencies file "CMakeFiles/statistics_msgs__rosidl_typesupport_c.dir/rosidl_typesupport_c/statistics_msgs/msg/statistic_data_point__type_support.cpp.obj.d" is newer than depends file "/home/paolo/purple_whales_ws/firmware/mcu_ws/build/statistics_msgs/CMakeFiles/statistics_msgs__rosidl_typesupport_c.dir/compiler_depend.internal".
[2.264s] Dependencies file "CMakeFiles/statistics_msgs__rosidl_typesupport_c.dir/rosidl_typesupport_c/statistics_msgs/msg/statistic_data_type__type_support.cpp.obj.d" is newer than depends file "/home/paolo/purple_whales_ws/firmware/mcu_ws/build/statistics_msgs/CMakeFiles/statistics_msgs__rosidl_typesupport_c.dir/compiler_depend.internal".
[2.266s] [35m[1mConsolidate compiler generated dependencies of target statistics_msgs__rosidl_typesupport_c[0m
[2.272s] gmake[6]: Leaving directory '/home/paolo/purple_whales_ws/firmware/mcu_ws/build/statistics_msgs'
[2.272s] /usr/bin/gmake  -f CMakeFiles/statistics_msgs__rosidl_typesupport_c.dir/build.make CMakeFiles/statistics_msgs__rosidl_typesupport_c.dir/build
[2.272s] Dependencies file "CMakeFiles/statistics_msgs__rosidl_typesupport_introspection_c.dir/rosidl_typesupport_introspection_c/statistics_msgs/msg/detail/metrics_message__type_support.c.obj.d" is newer than depends file "/home/paolo/purple_whales_ws/firmware/mcu_ws/build/statistics_msgs/CMakeFiles/statistics_msgs__rosidl_typesupport_introspection_c.dir/compiler_depend.internal".
[2.272s] Dependencies file "CMakeFiles/statistics_msgs__rosidl_typesupport_introspection_c.dir/rosidl_typesupport_introspection_c/statistics_msgs/msg/detail/statistic_data_point__type_support.c.obj.d" is newer than depends file "/home/paolo/purple_whales_ws/firmware/mcu_ws/build/statistics_msgs/CMakeFiles/statistics_msgs__rosidl_typesupport_introspection_c.dir/compiler_depend.internal".
[2.273s] Dependencies file "CMakeFiles/statistics_msgs__rosidl_typesupport_introspection_c.dir/rosidl_typesupport_introspection_c/statistics_msgs/msg/detail/statistic_data_type__type_support.c.obj.d" is newer than depends file "/home/paolo/purple_whales_ws/firmware/mcu_ws/build/statistics_msgs/CMakeFiles/statistics_msgs__rosidl_typesupport_introspection_c.dir/compiler_depend.internal".
[2.273s] [35m[1mConsolidate compiler generated dependencies of target statistics_msgs__rosidl_typesupport_introspection_c[0m
[2.273s] gmake[6]: Entering directory '/home/paolo/purple_whales_ws/firmware/mcu_ws/build/statistics_msgs'
[2.273s] gmake[6]: Nothing to be done for 'CMakeFiles/statistics_msgs__rosidl_typesupport_c.dir/build'.
[2.273s] gmake[6]: Leaving directory '/home/paolo/purple_whales_ws/firmware/mcu_ws/build/statistics_msgs'
[2.274s] gmake[6]: Leaving directory '/home/paolo/purple_whales_ws/firmware/mcu_ws/build/statistics_msgs'
[2.274s] /usr/bin/gmake  -f CMakeFiles/statistics_msgs__rosidl_typesupport_introspection_c.dir/build.make CMakeFiles/statistics_msgs__rosidl_typesupport_introspection_c.dir/build
[2.275s] gmake[6]: Entering directory '/home/paolo/purple_whales_ws/firmware/mcu_ws/build/statistics_msgs'
[2.278s] gmake[6]: Nothing to be done for 'CMakeFiles/statistics_msgs__rosidl_typesupport_introspection_c.dir/build'.
[2.279s] gmake[6]: Leaving directory '/home/paolo/purple_whales_ws/firmware/mcu_ws/build/statistics_msgs'
[2.282s] Dependencies file "CMakeFiles/statistics_msgs__rosidl_typesupport_microxrcedds_c.dir/rosidl_typesupport_microxrcedds_c/statistics_msgs/msg/detail/microxrcedds/metrics_message__type_support_c.c.obj.d" is newer than depends file "/home/paolo/purple_whales_ws/firmware/mcu_ws/build/statistics_msgs/CMakeFiles/statistics_msgs__rosidl_typesupport_microxrcedds_c.dir/compiler_depend.internal".
[2.283s] Dependencies file "CMakeFiles/statistics_msgs__rosidl_typesupport_microxrcedds_c.dir/rosidl_typesupport_microxrcedds_c/statistics_msgs/msg/detail/microxrcedds/statistic_data_point__type_support_c.c.obj.d" is newer than depends file "/home/paolo/purple_whales_ws/firmware/mcu_ws/build/statistics_msgs/CMakeFiles/statistics_msgs__rosidl_typesupport_microxrcedds_c.dir/compiler_depend.internal".
[2.284s] Dependencies file "CMakeFiles/statistics_msgs__rosidl_typesupport_microxrcedds_c.dir/rosidl_typesupport_microxrcedds_c/statistics_msgs/msg/detail/microxrcedds/statistic_data_type__type_support_c.c.obj.d" is newer than depends file "/home/paolo/purple_whales_ws/firmware/mcu_ws/build/statistics_msgs/CMakeFiles/statistics_msgs__rosidl_typesupport_microxrcedds_c.dir/compiler_depend.internal".
[2.284s] [35m[1mConsolidate compiler generated dependencies of target statistics_msgs__rosidl_typesupport_microxrcedds_c[0m
[2.285s] gmake[6]: Leaving directory '/home/paolo/purple_whales_ws/firmware/mcu_ws/build/statistics_msgs'
[2.285s] /usr/bin/gmake  -f CMakeFiles/statistics_msgs__rosidl_typesupport_microxrcedds_c.dir/build.make CMakeFiles/statistics_msgs__rosidl_typesupport_microxrcedds_c.dir/build
[2.286s] gmake[6]: Entering directory '/home/paolo/purple_whales_ws/firmware/mcu_ws/build/statistics_msgs'
[2.288s] gmake[6]: Nothing to be done for 'CMakeFiles/statistics_msgs__rosidl_typesupport_microxrcedds_c.dir/build'.
[2.289s] gmake[6]: Leaving directory '/home/paolo/purple_whales_ws/firmware/mcu_ws/build/statistics_msgs'
[2.290s] [ 50%] Built target statistics_msgs__rosidl_typesupport_c
[2.302s] [ 75%] Built target statistics_msgs__rosidl_typesupport_introspection_c
[2.307s] [100%] Built target statistics_msgs__rosidl_typesupport_microxrcedds_c
[2.311s] /usr/bin/gmake  -f CMakeFiles/statistics_msgs.dir/build.make CMakeFiles/statistics_msgs.dir/depend
[2.314s] gmake[6]: Entering directory '/home/paolo/purple_whales_ws/firmware/mcu_ws/build/statistics_msgs'
[2.315s] cd /home/paolo/purple_whales_ws/firmware/mcu_ws/build/statistics_msgs && /usr/bin/cmake -E cmake_depends "Unix Makefiles" /home/paolo/purple_whales_ws/firmware/mcu_ws/ros2/rcl_interfaces/statistics_msgs /home/paolo/purple_whales_ws/firmware/mcu_ws/ros2/rcl_interfaces/statistics_msgs /home/paolo/purple_whales_ws/firmware/mcu_ws/build/statistics_msgs /home/paolo/purple_whales_ws/firmware/mcu_ws/build/statistics_msgs /home/paolo/purple_whales_ws/firmware/mcu_ws/build/statistics_msgs/CMakeFiles/statistics_msgs.dir/DependInfo.cmake --color=
[2.330s] gmake[6]: Leaving directory '/home/paolo/purple_whales_ws/firmware/mcu_ws/build/statistics_msgs'
[2.332s] /usr/bin/gmake  -f CMakeFiles/statistics_msgs.dir/build.make CMakeFiles/statistics_msgs.dir/build
[2.333s] gmake[6]: Entering directory '/home/paolo/purple_whales_ws/firmware/mcu_ws/build/statistics_msgs'
[2.334s] gmake[6]: Nothing to be done for 'CMakeFiles/statistics_msgs.dir/build'.
[2.335s] gmake[6]: Leaving directory '/home/paolo/purple_whales_ws/firmware/mcu_ws/build/statistics_msgs'
[2.347s] [100%] Built target statistics_msgs
[2.349s] gmake[5]: Leaving directory '/home/paolo/purple_whales_ws/firmware/mcu_ws/build/statistics_msgs'
[2.349s] /usr/bin/cmake -E cmake_progress_start /home/paolo/purple_whales_ws/firmware/mcu_ws/build/statistics_msgs/CMakeFiles 0
[2.368s] gmake[4]: Leaving directory '/home/paolo/purple_whales_ws/firmware/mcu_ws/build/statistics_msgs'
[2.382s] Invoked command in '/home/paolo/purple_whales_ws/firmware/mcu_ws/build/statistics_msgs' returned '0': AMENT_PREFIX_PATH=/home/paolo/purple_whales_ws/firmware/mcu_ws/install:${AMENT_PREFIX_PATH} CMAKE_PREFIX_PATH=/home/paolo/purple_whales_ws/firmware/mcu_ws/install:/home/paolo/purple_whales_ws/firmware/dev_ws/install/ament_lint_common:/home/paolo/purple_whales_ws/firmware/dev_ws/install/ament_cmake_uncrustify:/home/paolo/purple_whales_ws/firmware/dev_ws/install/uncrustify_vendor:/home/paolo/purple_whales_ws/firmware/dev_ws/install/ament_cmake_ros:/home/paolo/purple_whales_ws/firmware/dev_ws/install/ament_cmake_auto:/home/paolo/purple_whales_ws/firmware/dev_ws/install/ament_cmake_gmock:/home/paolo/purple_whales_ws/firmware/dev_ws/install/gmock_vendor:/home/paolo/purple_whales_ws/firmware/dev_ws/install/ament_cmake_gtest:/home/paolo/purple_whales_ws/firmware/dev_ws/install/gtest_vendor:/home/paolo/purple_whales_ws/firmware/dev_ws/install/ament_cmake_xmllint:/home/paolo/purple_whales_ws/firmware/dev_ws/install/ament_cmake_pyflakes:/home/paolo/purple_whales_ws/firmware/dev_ws/install/ament_cmake_pycodestyle:/home/paolo/purple_whales_ws/firmware/dev_ws/install/ament_cmake_pep257:/home/paolo/purple_whales_ws/firmware/dev_ws/install/ament_cmake_pclint:/home/paolo/purple_whales_ws/firmware/dev_ws/install/ament_lint_auto:/home/paolo/purple_whales_ws/firmware/dev_ws/install/ament_cmake:/home/paolo/purple_whales_ws/firmware/dev_ws/install/ament_cmake_version:/home/paolo/purple_whales_ws/firmware/dev_ws/install/ament_cmake_vendor_package:/home/paolo/purple_whales_ws/firmware/dev_ws/install/ament_cmake_pytest:/home/paolo/purple_whales_ws/firmware/dev_ws/install/ament_cmake_nose:/home/paolo/purple_whales_ws/firmware/dev_ws/install/ament_cmake_mypy:/home/paolo/purple_whales_ws/firmware/dev_ws/install/ament_cmake_lint_cmake:/home/paolo/purple_whales_ws/firmware/dev_ws/install/ament_cmake_google_benchmark:/home/paolo/purple_whales_ws/firmware/dev_ws/install/ament_cmake_flake8:/home/paolo/purple_whales_ws/firmware/dev_ws/install/ament_cmake_cpplint:/home/paolo/purple_whales_ws/firmware/dev_ws/install/ament_cmake_cppcheck:/home/paolo/purple_whales_ws/firmware/dev_ws/install/ament_cmake_copyright:/home/paolo/purple_whales_ws/firmware/dev_ws/install/ament_cmake_clang_tidy:/home/paolo/purple_whales_ws/firmware/dev_ws/install/ament_cmake_clang_format:/home/paolo/purple_whales_ws/firmware/dev_ws/install/ament_cmake_test:/home/paolo/purple_whales_ws/firmware/dev_ws/install/ament_cmake_target_dependencies:/home/paolo/purple_whales_ws/firmware/dev_ws/install/ament_cmake_python:/home/paolo/purple_whales_ws/firmware/dev_ws/install/ament_cmake_export_dependencies:/home/paolo/purple_whales_ws/firmware/dev_ws/install/ament_cmake_libraries:/home/paolo/purple_whales_ws/firmware/dev_ws/install/ament_cmake_include_directories:/home/paolo/purple_whales_ws/firmware/dev_ws/install/ament_cmake_gen_version_h:/home/paolo/purple_whales_ws/firmware/dev_ws/install/ament_cmake_export_targets:/home/paolo/purple_whales_ws/firmware/dev_ws/install/ament_cmake_export_link_flags:/home/paolo/purple_whales_ws/firmware/dev_ws/install/ament_cmake_export_interfaces:/home/paolo/purple_whales_ws/firmware/dev_ws/install/ament_cmake_export_libraries:/home/paolo/purple_whales_ws/firmware/dev_ws/install/ament_cmake_export_include_directories:/home/paolo/purple_whales_ws/firmware/dev_ws/install/ament_cmake_export_definitions:/home/paolo/purple_whales_ws/firmware/dev_ws/install/ament_cmake_core:/home/paolo/purple_whales_ws/firmware/dev_ws/install/ament_index_cpp:/home/paolo/purple_whales_ws/firmware/dev_ws/install/ament_uncrustify:/home/paolo/purple_whales_ws/firmware/dev_ws/install/domain_coordinator:/home/paolo/purple_whales_ws/firmware/dev_ws/install/ament_xmllint:/home/paolo/purple_whales_ws/firmware/dev_ws/install/ament_pyflakes:/home/paolo/purple_whales_ws/firmware/dev_ws/install/ament_pycodestyle:/home/paolo/purple_whales_ws/firmware/dev_ws/install/ament_pep257:/home/paolo/purple_whales_ws/firmware/dev_ws/install/ament_pclint:/home/paolo/purple_whales_ws/firmware/dev_ws/install/ament_package:/home/paolo/purple_whales_ws/firmware/dev_ws/install/ament_mypy:/home/paolo/purple_whales_ws/firmware/dev_ws/install/ament_lint_cmake:/home/paolo/purple_whales_ws/firmware/dev_ws/install/ament_flake8:/home/paolo/purple_whales_ws/firmware/dev_ws/install/ament_copyright:/home/paolo/purple_whales_ws/firmware/dev_ws/install/ament_lint:/home/paolo/purple_whales_ws/firmware/dev_ws/install/ament_index_python:/home/paolo/purple_whales_ws/firmware/dev_ws/install/ament_cpplint:/home/paolo/purple_whales_ws/firmware/dev_ws/install/ament_cppcheck:/home/paolo/purple_whales_ws/firmware/dev_ws/install/ament_clang_tidy:/home/paolo/purple_whales_ws/firmware/dev_ws/install/ament_clang_format LD_LIBRARY_PATH=/home/paolo/purple_whales_ws/firmware/mcu_ws/install/lib:${LD_LIBRARY_PATH} PATH=/home/paolo/purple_whales_ws/firmware/mcu_ws/install/bin:${PATH} PYTHONPATH=/home/paolo/purple_whales_ws/firmware/mcu_ws/install/lib/python3.10/site-packages:${PYTHONPATH} /usr/bin/cmake --build /home/paolo/purple_whales_ws/firmware/mcu_ws/build/statistics_msgs -- -j20 -l20
[2.484s] Invoking command in '/home/paolo/purple_whales_ws/firmware/mcu_ws/build/statistics_msgs': AMENT_PREFIX_PATH=/home/paolo/purple_whales_ws/firmware/mcu_ws/install:${AMENT_PREFIX_PATH} CMAKE_PREFIX_PATH=/home/paolo/purple_whales_ws/firmware/mcu_ws/install:/home/paolo/purple_whales_ws/firmware/dev_ws/install/ament_lint_common:/home/paolo/purple_whales_ws/firmware/dev_ws/install/ament_cmake_uncrustify:/home/paolo/purple_whales_ws/firmware/dev_ws/install/uncrustify_vendor:/home/paolo/purple_whales_ws/firmware/dev_ws/install/ament_cmake_ros:/home/paolo/purple_whales_ws/firmware/dev_ws/install/ament_cmake_auto:/home/paolo/purple_whales_ws/firmware/dev_ws/install/ament_cmake_gmock:/home/paolo/purple_whales_ws/firmware/dev_ws/install/gmock_vendor:/home/paolo/purple_whales_ws/firmware/dev_ws/install/ament_cmake_gtest:/home/paolo/purple_whales_ws/firmware/dev_ws/install/gtest_vendor:/home/paolo/purple_whales_ws/firmware/dev_ws/install/ament_cmake_xmllint:/home/paolo/purple_whales_ws/firmware/dev_ws/install/ament_cmake_pyflakes:/home/paolo/purple_whales_ws/firmware/dev_ws/install/ament_cmake_pycodestyle:/home/paolo/purple_whales_ws/firmware/dev_ws/install/ament_cmake_pep257:/home/paolo/purple_whales_ws/firmware/dev_ws/install/ament_cmake_pclint:/home/paolo/purple_whales_ws/firmware/dev_ws/install/ament_lint_auto:/home/paolo/purple_whales_ws/firmware/dev_ws/install/ament_cmake:/home/paolo/purple_whales_ws/firmware/dev_ws/install/ament_cmake_version:/home/paolo/purple_whales_ws/firmware/dev_ws/install/ament_cmake_vendor_package:/home/paolo/purple_whales_ws/firmware/dev_ws/install/ament_cmake_pytest:/home/paolo/purple_whales_ws/firmware/dev_ws/install/ament_cmake_nose:/home/paolo/purple_whales_ws/firmware/dev_ws/install/ament_cmake_mypy:/home/paolo/purple_whales_ws/firmware/dev_ws/install/ament_cmake_lint_cmake:/home/paolo/purple_whales_ws/firmware/dev_ws/install/ament_cmake_google_benchmark:/home/paolo/purple_whales_ws/firmware/dev_ws/install/ament_cmake_flake8:/home/paolo/purple_whales_ws/firmware/dev_ws/install/ament_cmake_cpplint:/home/paolo/purple_whales_ws/firmware/dev_ws/install/ament_cmake_cppcheck:/home/paolo/purple_whales_ws/firmware/dev_ws/install/ament_cmake_copyright:/home/paolo/purple_whales_ws/firmware/dev_ws/install/ament_cmake_clang_tidy:/home/paolo/purple_whales_ws/firmware/dev_ws/install/ament_cmake_clang_format:/home/paolo/purple_whales_ws/firmware/dev_ws/install/ament_cmake_test:/home/paolo/purple_whales_ws/firmware/dev_ws/install/ament_cmake_target_dependencies:/home/paolo/purple_whales_ws/firmware/dev_ws/install/ament_cmake_python:/home/paolo/purple_whales_ws/firmware/dev_ws/install/ament_cmake_export_dependencies:/home/paolo/purple_whales_ws/firmware/dev_ws/install/ament_cmake_libraries:/home/paolo/purple_whales_ws/firmware/dev_ws/install/ament_cmake_include_directories:/home/paolo/purple_whales_ws/firmware/dev_ws/install/ament_cmake_gen_version_h:/home/paolo/purple_whales_ws/firmware/dev_ws/install/ament_cmake_export_targets:/home/paolo/purple_whales_ws/firmware/dev_ws/install/ament_cmake_export_link_flags:/home/paolo/purple_whales_ws/firmware/dev_ws/install/ament_cmake_export_interfaces:/home/paolo/purple_whales_ws/firmware/dev_ws/install/ament_cmake_export_libraries:/home/paolo/purple_whales_ws/firmware/dev_ws/install/ament_cmake_export_include_directories:/home/paolo/purple_whales_ws/firmware/dev_ws/install/ament_cmake_export_definitions:/home/paolo/purple_whales_ws/firmware/dev_ws/install/ament_cmake_core:/home/paolo/purple_whales_ws/firmware/dev_ws/install/ament_index_cpp:/home/paolo/purple_whales_ws/firmware/dev_ws/install/ament_uncrustify:/home/paolo/purple_whales_ws/firmware/dev_ws/install/domain_coordinator:/home/paolo/purple_whales_ws/firmware/dev_ws/install/ament_xmllint:/home/paolo/purple_whales_ws/firmware/dev_ws/install/ament_pyflakes:/home/paolo/purple_whales_ws/firmware/dev_ws/install/ament_pycodestyle:/home/paolo/purple_whales_ws/firmware/dev_ws/install/ament_pep257:/home/paolo/purple_whales_ws/firmware/dev_ws/install/ament_pclint:/home/paolo/purple_whales_ws/firmware/dev_ws/install/ament_package:/home/paolo/purple_whales_ws/firmware/dev_ws/install/ament_mypy:/home/paolo/purple_whales_ws/firmware/dev_ws/install/ament_lint_cmake:/home/paolo/purple_whales_ws/firmware/dev_ws/install/ament_flake8:/home/paolo/purple_whales_ws/firmware/dev_ws/install/ament_copyright:/home/paolo/purple_whales_ws/firmware/dev_ws/install/ament_lint:/home/paolo/purple_whales_ws/firmware/dev_ws/install/ament_index_python:/home/paolo/purple_whales_ws/firmware/dev_ws/install/ament_cpplint:/home/paolo/purple_whales_ws/firmware/dev_ws/install/ament_cppcheck:/home/paolo/purple_whales_ws/firmware/dev_ws/install/ament_clang_tidy:/home/paolo/purple_whales_ws/firmware/dev_ws/install/ament_clang_format LD_LIBRARY_PATH=/home/paolo/purple_whales_ws/firmware/mcu_ws/install/lib:${LD_LIBRARY_PATH} PATH=/home/paolo/purple_whales_ws/firmware/mcu_ws/install/bin:${PATH} PYTHONPATH=/home/paolo/purple_whales_ws/firmware/mcu_ws/install/lib/python3.10/site-packages:${PYTHONPATH} /usr/bin/cmake --install /home/paolo/purple_whales_ws/firmware/mcu_ws/build/statistics_msgs
[2.499s] -- Install configuration: "Debug"
[2.500s] -- Up-to-date: /home/paolo/purple_whales_ws/firmware/mcu_ws/install/share/ament_index/resource_index/rosidl_interfaces/statistics_msgs
[2.500s] -- Up-to-date: /home/paolo/purple_whales_ws/firmware/mcu_ws/install/include/statistics_msgs/statistics_msgs
[2.501s] -- Up-to-date: /home/paolo/purple_whales_ws/firmware/mcu_ws/install/include/statistics_msgs/statistics_msgs/msg
[2.502s] -- Up-to-date: /home/paolo/purple_whales_ws/firmware/mcu_ws/install/include/statistics_msgs/statistics_msgs/msg/statistic_data_point.h
[2.503s] -- Up-to-date: /home/paolo/purple_whales_ws/firmware/mcu_ws/install/include/statistics_msgs/statistics_msgs/msg/detail
[2.503s] -- Up-to-date: /home/paolo/purple_whales_ws/firmware/mcu_ws/install/include/statistics_msgs/statistics_msgs/msg/detail/metrics_message__functions.c
[2.503s] -- Up-to-date: /home/paolo/purple_whales_ws/firmware/mcu_ws/install/include/statistics_msgs/statistics_msgs/msg/detail/statistic_data_type__functions.c
[2.503s] -- Up-to-date: /home/paolo/purple_whales_ws/firmware/mcu_ws/install/include/statistics_msgs/statistics_msgs/msg/detail/metrics_message__struct.h
[2.504s] -- Up-to-date: /home/paolo/purple_whales_ws/firmware/mcu_ws/install/include/statistics_msgs/statistics_msgs/msg/detail/statistic_data_point__type_support.h
[2.505s] -- Up-to-date: /home/paolo/purple_whales_ws/firmware/mcu_ws/install/include/statistics_msgs/statistics_msgs/msg/detail/statistic_data_point__functions.c
[2.509s] -- Up-to-date: /home/paolo/purple_whales_ws/firmware/mcu_ws/install/include/statistics_msgs/statistics_msgs/msg/detail/metrics_message__type_support.h
[2.511s] -- Up-to-date: /home/paolo/purple_whales_ws/firmware/mcu_ws/install/include/statistics_msgs/statistics_msgs/msg/detail/statistic_data_point__functions.h
[2.512s] -- Up-to-date: /home/paolo/purple_whales_ws/firmware/mcu_ws/install/include/statistics_msgs/statistics_msgs/msg/detail/statistic_data_point__struct.h
[2.512s] -- Up-to-date: /home/paolo/purple_whales_ws/firmware/mcu_ws/install/include/statistics_msgs/statistics_msgs/msg/detail/statistic_data_type__struct.h
[2.513s] -- Up-to-date: /home/paolo/purple_whales_ws/firmware/mcu_ws/install/include/statistics_msgs/statistics_msgs/msg/detail/statistic_data_type__functions.h
[2.513s] -- Up-to-date: /home/paolo/purple_whales_ws/firmware/mcu_ws/install/include/statistics_msgs/statistics_msgs/msg/detail/statistic_data_type__type_support.h
[2.516s] -- Up-to-date: /home/paolo/purple_whales_ws/firmware/mcu_ws/install/include/statistics_msgs/statistics_msgs/msg/detail/metrics_message__functions.h
[2.516s] -- Up-to-date: /home/paolo/purple_whales_ws/firmware/mcu_ws/install/include/statistics_msgs/statistics_msgs/msg/metrics_message.h
[2.518s] -- Up-to-date: /home/paolo/purple_whales_ws/firmware/mcu_ws/install/include/statistics_msgs/statistics_msgs/msg/rosidl_generator_c__visibility_control.h
[2.518s] -- Up-to-date: /home/paolo/purple_whales_ws/firmware/mcu_ws/install/include/statistics_msgs/statistics_msgs/msg/statistic_data_type.h
[2.519s] -- Up-to-date: /home/paolo/purple_whales_ws/firmware/mcu_ws/install/share/statistics_msgs/environment/library_path.sh
[2.520s] -- Installing: /home/paolo/purple_whales_ws/firmware/mcu_ws/install/share/statistics_msgs/environment/library_path.dsv
[2.520s] -- Installing: /home/paolo/purple_whales_ws/firmware/mcu_ws/install/lib/libstatistics_msgs__rosidl_generator_c.a
[2.521s] -- Up-to-date: /home/paolo/purple_whales_ws/firmware/mcu_ws/install/include/statistics_msgs/statistics_msgs
[2.521s] -- Up-to-date: /home/paolo/purple_whales_ws/firmware/mcu_ws/install/include/statistics_msgs/statistics_msgs/msg
[2.521s] -- Up-to-date: /home/paolo/purple_whales_ws/firmware/mcu_ws/install/include/statistics_msgs/statistics_msgs/msg/detail
[2.522s] -- Up-to-date: /home/paolo/purple_whales_ws/firmware/mcu_ws/install/include/statistics_msgs/statistics_msgs/msg/detail/statistic_data_point__type_support.c
[2.522s] -- Up-to-date: /home/paolo/purple_whales_ws/firmware/mcu_ws/install/include/statistics_msgs/statistics_msgs/msg/detail/metrics_message__type_support.c
[2.522s] -- Up-to-date: /home/paolo/purple_whales_ws/firmware/mcu_ws/install/include/statistics_msgs/statistics_msgs/msg/detail/statistic_data_type__rosidl_typesupport_introspection_c.h
[2.522s] -- Up-to-date: /home/paolo/purple_whales_ws/firmware/mcu_ws/install/include/statistics_msgs/statistics_msgs/msg/detail/metrics_message__rosidl_typesupport_introspection_c.h
[2.522s] -- Up-to-date: /home/paolo/purple_whales_ws/firmware/mcu_ws/install/include/statistics_msgs/statistics_msgs/msg/detail/statistic_data_point__rosidl_typesupport_introspection_c.h
[2.523s] -- Up-to-date: /home/paolo/purple_whales_ws/firmware/mcu_ws/install/include/statistics_msgs/statistics_msgs/msg/detail/statistic_data_type__type_support.c
[2.523s] -- Up-to-date: /home/paolo/purple_whales_ws/firmware/mcu_ws/install/include/statistics_msgs/statistics_msgs/msg/rosidl_typesupport_introspection_c__visibility_control.h
[2.523s] -- Up-to-date: /home/paolo/purple_whales_ws/firmware/mcu_ws/install/lib/libstatistics_msgs__rosidl_typesupport_introspection_c.a
[2.523s] -- Up-to-date: /home/paolo/purple_whales_ws/firmware/mcu_ws/install/include/statistics_msgs
[2.523s] -- Up-to-date: /home/paolo/purple_whales_ws/firmware/mcu_ws/install/include/statistics_msgs/msg
[2.524s] -- Up-to-date: /home/paolo/purple_whales_ws/firmware/mcu_ws/install/include/statistics_msgs/msg/detail
[2.527s] -- Up-to-date: /home/paolo/purple_whales_ws/firmware/mcu_ws/install/include/statistics_msgs/msg/detail/microxrcedds
[2.529s] -- Up-to-date: /home/paolo/purple_whales_ws/firmware/mcu_ws/install/include/statistics_msgs/msg/detail/statistic_data_type__rosidl_typesupport_microxrcedds_c.h
[2.530s] -- Up-to-date: /home/paolo/purple_whales_ws/firmware/mcu_ws/install/include/statistics_msgs/msg/detail/statistic_data_point__rosidl_typesupport_microxrcedds_c.h
[2.531s] -- Up-to-date: /home/paolo/purple_whales_ws/firmware/mcu_ws/install/include/statistics_msgs/msg/detail/metrics_message__rosidl_typesupport_microxrcedds_c.h
[2.532s] -- Up-to-date: /home/paolo/purple_whales_ws/firmware/mcu_ws/install/include/statistics_msgs/msg/rosidl_typesupport_microxrcedds_c__visibility_control.h
[2.532s] -- Up-to-date: /home/paolo/purple_whales_ws/firmware/mcu_ws/install/lib/libstatistics_msgs__rosidl_typesupport_microxrcedds_c.a
[2.533s] -- Up-to-date: /home/paolo/purple_whales_ws/firmware/mcu_ws/install/lib/libstatistics_msgs__rosidl_typesupport_c.a
[2.533s] -- Up-to-date: /home/paolo/purple_whales_ws/firmware/mcu_ws/install/share/statistics_msgs/msg/MetricsMessage.idl
[2.533s] -- Up-to-date: /home/paolo/purple_whales_ws/firmware/mcu_ws/install/share/statistics_msgs/msg/StatisticDataPoint.idl
[2.534s] -- Up-to-date: /home/paolo/purple_whales_ws/firmware/mcu_ws/install/share/statistics_msgs/msg/StatisticDataType.idl
[2.534s] -- Up-to-date: /home/paolo/purple_whales_ws/firmware/mcu_ws/install/share/statistics_msgs/msg/MetricsMessage.msg
[2.534s] -- Up-to-date: /home/paolo/purple_whales_ws/firmware/mcu_ws/install/share/statistics_msgs/msg/StatisticDataPoint.msg
[2.534s] -- Up-to-date: /home/paolo/purple_whales_ws/firmware/mcu_ws/install/share/statistics_msgs/msg/StatisticDataType.msg
[2.535s] -- Up-to-date: /home/paolo/purple_whales_ws/firmware/mcu_ws/install/share/ament_index/resource_index/package_run_dependencies/statistics_msgs
[2.535s] -- Up-to-date: /home/paolo/purple_whales_ws/firmware/mcu_ws/install/share/ament_index/resource_index/parent_prefix_path/statistics_msgs
[2.535s] -- Up-to-date: /home/paolo/purple_whales_ws/firmware/mcu_ws/install/share/statistics_msgs/environment/ament_prefix_path.sh
[2.535s] -- Installing: /home/paolo/purple_whales_ws/firmware/mcu_ws/install/share/statistics_msgs/environment/ament_prefix_path.dsv
[2.535s] -- Up-to-date: /home/paolo/purple_whales_ws/firmware/mcu_ws/install/share/statistics_msgs/environment/path.sh
[2.535s] -- Installing: /home/paolo/purple_whales_ws/firmware/mcu_ws/install/share/statistics_msgs/environment/path.dsv
[2.536s] -- Up-to-date: /home/paolo/purple_whales_ws/firmware/mcu_ws/install/share/statistics_msgs/local_setup.bash
[2.536s] -- Up-to-date: /home/paolo/purple_whales_ws/firmware/mcu_ws/install/share/statistics_msgs/local_setup.sh
[2.536s] -- Up-to-date: /home/paolo/purple_whales_ws/firmware/mcu_ws/install/share/statistics_msgs/local_setup.zsh
[2.536s] -- Installing: /home/paolo/purple_whales_ws/firmware/mcu_ws/install/share/statistics_msgs/local_setup.dsv
[2.539s] -- Installing: /home/paolo/purple_whales_ws/firmware/mcu_ws/install/share/statistics_msgs/package.dsv
[2.539s] -- Up-to-date: /home/paolo/purple_whales_ws/firmware/mcu_ws/install/share/ament_index/resource_index/packages/statistics_msgs
[2.540s] -- Up-to-date: /home/paolo/purple_whales_ws/firmware/mcu_ws/install/share/statistics_msgs/cmake/export_statistics_msgs__rosidl_generator_cExport.cmake
[2.540s] -- Up-to-date: /home/paolo/purple_whales_ws/firmware/mcu_ws/install/share/statistics_msgs/cmake/export_statistics_msgs__rosidl_generator_cExport-debug.cmake
[2.541s] -- Up-to-date: /home/paolo/purple_whales_ws/firmware/mcu_ws/install/share/statistics_msgs/cmake/statistics_msgs__rosidl_typesupport_introspection_cExport.cmake
[2.541s] -- Up-to-date: /home/paolo/purple_whales_ws/firmware/mcu_ws/install/share/statistics_msgs/cmake/statistics_msgs__rosidl_typesupport_introspection_cExport-debug.cmake
[2.542s] -- Up-to-date: /home/paolo/purple_whales_ws/firmware/mcu_ws/install/share/statistics_msgs/cmake/statistics_msgs__rosidl_typesupport_cExport.cmake
[2.543s] -- Up-to-date: /home/paolo/purple_whales_ws/firmware/mcu_ws/install/share/statistics_msgs/cmake/statistics_msgs__rosidl_typesupport_cExport-debug.cmake
[2.544s] -- Up-to-date: /home/paolo/purple_whales_ws/firmware/mcu_ws/install/share/statistics_msgs/cmake/rosidl_cmake-extras.cmake
[2.545s] -- Up-to-date: /home/paolo/purple_whales_ws/firmware/mcu_ws/install/share/statistics_msgs/cmake/ament_cmake_export_dependencies-extras.cmake
[2.545s] -- Up-to-date: /home/paolo/purple_whales_ws/firmware/mcu_ws/install/share/statistics_msgs/cmake/ament_cmake_export_include_directories-extras.cmake
[2.545s] -- Up-to-date: /home/paolo/purple_whales_ws/firmware/mcu_ws/install/share/statistics_msgs/cmake/ament_cmake_export_libraries-extras.cmake
[2.546s] -- Up-to-date: /home/paolo/purple_whales_ws/firmware/mcu_ws/install/share/statistics_msgs/cmake/ament_cmake_export_targets-extras.cmake
[2.548s] -- Up-to-date: /home/paolo/purple_whales_ws/firmware/mcu_ws/install/share/statistics_msgs/cmake/rosidl_cmake_export_typesupport_targets-extras.cmake
[2.549s] -- Up-to-date: /home/paolo/purple_whales_ws/firmware/mcu_ws/install/share/statistics_msgs/cmake/rosidl_cmake_export_typesupport_libraries-extras.cmake
[2.549s] -- Up-to-date: /home/paolo/purple_whales_ws/firmware/mcu_ws/install/share/statistics_msgs/cmake/statistics_msgsConfig.cmake
[2.550s] -- Up-to-date: /home/paolo/purple_whales_ws/firmware/mcu_ws/install/share/statistics_msgs/cmake/statistics_msgsConfig-version.cmake
[2.550s] -- Up-to-date: /home/paolo/purple_whales_ws/firmware/mcu_ws/install/share/statistics_msgs/package.xml
[2.574s] Invoked command in '/home/paolo/purple_whales_ws/firmware/mcu_ws/build/statistics_msgs' returned '0': AMENT_PREFIX_PATH=/home/paolo/purple_whales_ws/firmware/mcu_ws/install:${AMENT_PREFIX_PATH} CMAKE_PREFIX_PATH=/home/paolo/purple_whales_ws/firmware/mcu_ws/install:/home/paolo/purple_whales_ws/firmware/dev_ws/install/ament_lint_common:/home/paolo/purple_whales_ws/firmware/dev_ws/install/ament_cmake_uncrustify:/home/paolo/purple_whales_ws/firmware/dev_ws/install/uncrustify_vendor:/home/paolo/purple_whales_ws/firmware/dev_ws/install/ament_cmake_ros:/home/paolo/purple_whales_ws/firmware/dev_ws/install/ament_cmake_auto:/home/paolo/purple_whales_ws/firmware/dev_ws/install/ament_cmake_gmock:/home/paolo/purple_whales_ws/firmware/dev_ws/install/gmock_vendor:/home/paolo/purple_whales_ws/firmware/dev_ws/install/ament_cmake_gtest:/home/paolo/purple_whales_ws/firmware/dev_ws/install/gtest_vendor:/home/paolo/purple_whales_ws/firmware/dev_ws/install/ament_cmake_xmllint:/home/paolo/purple_whales_ws/firmware/dev_ws/install/ament_cmake_pyflakes:/home/paolo/purple_whales_ws/firmware/dev_ws/install/ament_cmake_pycodestyle:/home/paolo/purple_whales_ws/firmware/dev_ws/install/ament_cmake_pep257:/home/paolo/purple_whales_ws/firmware/dev_ws/install/ament_cmake_pclint:/home/paolo/purple_whales_ws/firmware/dev_ws/install/ament_lint_auto:/home/paolo/purple_whales_ws/firmware/dev_ws/install/ament_cmake:/home/paolo/purple_whales_ws/firmware/dev_ws/install/ament_cmake_version:/home/paolo/purple_whales_ws/firmware/dev_ws/install/ament_cmake_vendor_package:/home/paolo/purple_whales_ws/firmware/dev_ws/install/ament_cmake_pytest:/home/paolo/purple_whales_ws/firmware/dev_ws/install/ament_cmake_nose:/home/paolo/purple_whales_ws/firmware/dev_ws/install/ament_cmake_mypy:/home/paolo/purple_whales_ws/firmware/dev_ws/install/ament_cmake_lint_cmake:/home/paolo/purple_whales_ws/firmware/dev_ws/install/ament_cmake_google_benchmark:/home/paolo/purple_whales_ws/firmware/dev_ws/install/ament_cmake_flake8:/home/paolo/purple_whales_ws/firmware/dev_ws/install/ament_cmake_cpplint:/home/paolo/purple_whales_ws/firmware/dev_ws/install/ament_cmake_cppcheck:/home/paolo/purple_whales_ws/firmware/dev_ws/install/ament_cmake_copyright:/home/paolo/purple_whales_ws/firmware/dev_ws/install/ament_cmake_clang_tidy:/home/paolo/purple_whales_ws/firmware/dev_ws/install/ament_cmake_clang_format:/home/paolo/purple_whales_ws/firmware/dev_ws/install/ament_cmake_test:/home/paolo/purple_whales_ws/firmware/dev_ws/install/ament_cmake_target_dependencies:/home/paolo/purple_whales_ws/firmware/dev_ws/install/ament_cmake_python:/home/paolo/purple_whales_ws/firmware/dev_ws/install/ament_cmake_export_dependencies:/home/paolo/purple_whales_ws/firmware/dev_ws/install/ament_cmake_libraries:/home/paolo/purple_whales_ws/firmware/dev_ws/install/ament_cmake_include_directories:/home/paolo/purple_whales_ws/firmware/dev_ws/install/ament_cmake_gen_version_h:/home/paolo/purple_whales_ws/firmware/dev_ws/install/ament_cmake_export_targets:/home/paolo/purple_whales_ws/firmware/dev_ws/install/ament_cmake_export_link_flags:/home/paolo/purple_whales_ws/firmware/dev_ws/install/ament_cmake_export_interfaces:/home/paolo/purple_whales_ws/firmware/dev_ws/install/ament_cmake_export_libraries:/home/paolo/purple_whales_ws/firmware/dev_ws/install/ament_cmake_export_include_directories:/home/paolo/purple_whales_ws/firmware/dev_ws/install/ament_cmake_export_definitions:/home/paolo/purple_whales_ws/firmware/dev_ws/install/ament_cmake_core:/home/paolo/purple_whales_ws/firmware/dev_ws/install/ament_index_cpp:/home/paolo/purple_whales_ws/firmware/dev_ws/install/ament_uncrustify:/home/paolo/purple_whales_ws/firmware/dev_ws/install/domain_coordinator:/home/paolo/purple_whales_ws/firmware/dev_ws/install/ament_xmllint:/home/paolo/purple_whales_ws/firmware/dev_ws/install/ament_pyflakes:/home/paolo/purple_whales_ws/firmware/dev_ws/install/ament_pycodestyle:/home/paolo/purple_whales_ws/firmware/dev_ws/install/ament_pep257:/home/paolo/purple_whales_ws/firmware/dev_ws/install/ament_pclint:/home/paolo/purple_whales_ws/firmware/dev_ws/install/ament_package:/home/paolo/purple_whales_ws/firmware/dev_ws/install/ament_mypy:/home/paolo/purple_whales_ws/firmware/dev_ws/install/ament_lint_cmake:/home/paolo/purple_whales_ws/firmware/dev_ws/install/ament_flake8:/home/paolo/purple_whales_ws/firmware/dev_ws/install/ament_copyright:/home/paolo/purple_whales_ws/firmware/dev_ws/install/ament_lint:/home/paolo/purple_whales_ws/firmware/dev_ws/install/ament_index_python:/home/paolo/purple_whales_ws/firmware/dev_ws/install/ament_cpplint:/home/paolo/purple_whales_ws/firmware/dev_ws/install/ament_cppcheck:/home/paolo/purple_whales_ws/firmware/dev_ws/install/ament_clang_tidy:/home/paolo/purple_whales_ws/firmware/dev_ws/install/ament_clang_format LD_LIBRARY_PATH=/home/paolo/purple_whales_ws/firmware/mcu_ws/install/lib:${LD_LIBRARY_PATH} PATH=/home/paolo/purple_whales_ws/firmware/mcu_ws/install/bin:${PATH} PYTHONPATH=/home/paolo/purple_whales_ws/firmware/mcu_ws/install/lib/python3.10/site-packages:${PYTHONPATH} /usr/bin/cmake --install /home/paolo/purple_whales_ws/firmware/mcu_ws/build/statistics_msgs
