gmake[4]: Entering directory '/home/paolo/purple_whales_ws/firmware/mcu_ws/build/lifecycle_msgs'
/usr/bin/cmake -S/home/paolo/purple_whales_ws/firmware/mcu_ws/ros2/rcl_interfaces/lifecycle_msgs -B/home/paolo/purple_whales_ws/firmware/mcu_ws/build/lifecycle_msgs --check-build-system CMakeFiles/Makefile.cmake 0
Re-run cmake file: Makefile older than: /home/paolo/purple_whales_ws/firmware/freertos_apps/microros_esp32_extensions/esp32_toolchain.cmake
-- Found ament_cmake: 1.3.8 (/home/paolo/purple_whales_ws/firmware/dev_ws/install/ament_cmake/share/ament_cmake/cmake)
-- Found rosidl_default_generators: 1.2.0 (/home/paolo/purple_whales_ws/firmware/mcu_ws/install/share/rosidl_default_generators/cmake)
-- Using all available rosidl_typesupport_c: rosidl_typesupport_introspection_c;rosidl_typesupport_microxrcedds_c
-- Found rosidl_adapter: 3.1.5 (/home/paolo/purple_whales_ws/firmware/mcu_ws/install/share/rosidl_adapter/cmake)
[33mCMake Warning at /home/paolo/purple_whales_ws/firmware/mcu_ws/install/share/rcutils/cmake/ament_cmake_export_libraries-extras.cmake:116 (message):
  Package 'rcutils' exports library 'dl' which couldn't be found
Call Stack (most recent call first):
  /home/paolo/purple_whales_ws/firmware/mcu_ws/install/share/rcutils/cmake/rcutilsConfig.cmake:41 (include)
  /home/paolo/purple_whales_ws/firmware/mcu_ws/install/share/rosidl_runtime_c/cmake/ament_cmake_export_dependencies-extras.cmake:21 (find_package)
  /home/paolo/purple_whales_ws/firmware/mcu_ws/install/share/rosidl_runtime_c/cmake/rosidl_runtime_cConfig.cmake:41 (include)
  /home/paolo/purple_whales_ws/firmware/mcu_ws/install/share/rosidl_typesupport_introspection_c/cmake/ament_cmake_export_dependencies-extras.cmake:21 (find_package)
  /home/paolo/purple_whales_ws/firmware/mcu_ws/install/share/rosidl_typesupport_introspection_c/cmake/rosidl_typesupport_introspection_cConfig.cmake:41 (include)
  /home/paolo/purple_whales_ws/firmware/mcu_ws/install/share/rosidl_typesupport_c/cmake/rosidl_typesupport_c-extras.cmake:13 (find_package)
  /home/paolo/purple_whales_ws/firmware/mcu_ws/install/share/rosidl_typesupport_c/cmake/rosidl_typesupport_cConfig.cmake:41 (include)
  /home/paolo/purple_whales_ws/firmware/mcu_ws/install/share/rosidl_default_generators/cmake/rosidl_default_generators-extras.cmake:21 (find_package)
  /home/paolo/purple_whales_ws/firmware/mcu_ws/install/share/rosidl_default_generators/cmake/rosidl_default_generatorsConfig.cmake:41 (include)
  CMakeLists.txt:14 (find_package)

[0m
-- Found ament_cmake_ros: 0.10.0 (/home/paolo/purple_whales_ws/firmware/dev_ws/install/ament_cmake_ros/share/ament_cmake_ros/cmake)
-- Using all available rosidl_typesupport_c: rosidl_typesupport_introspection_c;rosidl_typesupport_microxrcedds_c
-- Configuring done
-- Generating done
-- Build files have been written to: /home/paolo/purple_whales_ws/firmware/mcu_ws/build/lifecycle_msgs
/usr/bin/cmake -E cmake_progress_start /home/paolo/purple_whales_ws/firmware/mcu_ws/build/lifecycle_msgs/CMakeFiles /home/paolo/purple_whales_ws/firmware/mcu_ws/build/lifecycle_msgs//CMakeFiles/progress.marks
/usr/bin/gmake  -f CMakeFiles/Makefile2 all
gmake[5]: Entering directory '/home/paolo/purple_whales_ws/firmware/mcu_ws/build/lifecycle_msgs'
/usr/bin/gmake  -f CMakeFiles/lifecycle_msgs__rosidl_generator_c.dir/build.make CMakeFiles/lifecycle_msgs__rosidl_generator_c.dir/depend
gmake[6]: Entering directory '/home/paolo/purple_whales_ws/firmware/mcu_ws/build/lifecycle_msgs'
cd /home/paolo/purple_whales_ws/firmware/mcu_ws/build/lifecycle_msgs && /usr/bin/cmake -E cmake_depends "Unix Makefiles" /home/paolo/purple_whales_ws/firmware/mcu_ws/ros2/rcl_interfaces/lifecycle_msgs /home/paolo/purple_whales_ws/firmware/mcu_ws/ros2/rcl_interfaces/lifecycle_msgs /home/paolo/purple_whales_ws/firmware/mcu_ws/build/lifecycle_msgs /home/paolo/purple_whales_ws/firmware/mcu_ws/build/lifecycle_msgs /home/paolo/purple_whales_ws/firmware/mcu_ws/build/lifecycle_msgs/CMakeFiles/lifecycle_msgs__rosidl_generator_c.dir/DependInfo.cmake --color=
Dependencies file "CMakeFiles/lifecycle_msgs__rosidl_generator_c.dir/rosidl_generator_c/lifecycle_msgs/msg/detail/state__functions.c.obj.d" is newer than depends file "/home/paolo/purple_whales_ws/firmware/mcu_ws/build/lifecycle_msgs/CMakeFiles/lifecycle_msgs__rosidl_generator_c.dir/compiler_depend.internal".
Dependencies file "CMakeFiles/lifecycle_msgs__rosidl_generator_c.dir/rosidl_generator_c/lifecycle_msgs/msg/detail/transition__functions.c.obj.d" is newer than depends file "/home/paolo/purple_whales_ws/firmware/mcu_ws/build/lifecycle_msgs/CMakeFiles/lifecycle_msgs__rosidl_generator_c.dir/compiler_depend.internal".
Dependencies file "CMakeFiles/lifecycle_msgs__rosidl_generator_c.dir/rosidl_generator_c/lifecycle_msgs/msg/detail/transition_description__functions.c.obj.d" is newer than depends file "/home/paolo/purple_whales_ws/firmware/mcu_ws/build/lifecycle_msgs/CMakeFiles/lifecycle_msgs__rosidl_generator_c.dir/compiler_depend.internal".
Dependencies file "CMakeFiles/lifecycle_msgs__rosidl_generator_c.dir/rosidl_generator_c/lifecycle_msgs/msg/detail/transition_event__functions.c.obj.d" is newer than depends file "/home/paolo/purple_whales_ws/firmware/mcu_ws/build/lifecycle_msgs/CMakeFiles/lifecycle_msgs__rosidl_generator_c.dir/compiler_depend.internal".
Dependencies file "CMakeFiles/lifecycle_msgs__rosidl_generator_c.dir/rosidl_generator_c/lifecycle_msgs/srv/detail/change_state__functions.c.obj.d" is newer than depends file "/home/paolo/purple_whales_ws/firmware/mcu_ws/build/lifecycle_msgs/CMakeFiles/lifecycle_msgs__rosidl_generator_c.dir/compiler_depend.internal".
Dependencies file "CMakeFiles/lifecycle_msgs__rosidl_generator_c.dir/rosidl_generator_c/lifecycle_msgs/srv/detail/get_available_states__functions.c.obj.d" is newer than depends file "/home/paolo/purple_whales_ws/firmware/mcu_ws/build/lifecycle_msgs/CMakeFiles/lifecycle_msgs__rosidl_generator_c.dir/compiler_depend.internal".
Dependencies file "CMakeFiles/lifecycle_msgs__rosidl_generator_c.dir/rosidl_generator_c/lifecycle_msgs/srv/detail/get_available_transitions__functions.c.obj.d" is newer than depends file "/home/paolo/purple_whales_ws/firmware/mcu_ws/build/lifecycle_msgs/CMakeFiles/lifecycle_msgs__rosidl_generator_c.dir/compiler_depend.internal".
Dependencies file "CMakeFiles/lifecycle_msgs__rosidl_generator_c.dir/rosidl_generator_c/lifecycle_msgs/srv/detail/get_state__functions.c.obj.d" is newer than depends file "/home/paolo/purple_whales_ws/firmware/mcu_ws/build/lifecycle_msgs/CMakeFiles/lifecycle_msgs__rosidl_generator_c.dir/compiler_depend.internal".
[35m[1mConsolidate compiler generated dependencies of target lifecycle_msgs__rosidl_generator_c[0m
gmake[6]: Leaving directory '/home/paolo/purple_whales_ws/firmware/mcu_ws/build/lifecycle_msgs'
/usr/bin/gmake  -f CMakeFiles/lifecycle_msgs__rosidl_generator_c.dir/build.make CMakeFiles/lifecycle_msgs__rosidl_generator_c.dir/build
gmake[6]: Entering directory '/home/paolo/purple_whales_ws/firmware/mcu_ws/build/lifecycle_msgs'
gmake[6]: Nothing to be done for 'CMakeFiles/lifecycle_msgs__rosidl_generator_c.dir/build'.
gmake[6]: Leaving directory '/home/paolo/purple_whales_ws/firmware/mcu_ws/build/lifecycle_msgs'
[ 25%] Built target lifecycle_msgs__rosidl_generator_c
/usr/bin/gmake  -f CMakeFiles/lifecycle_msgs__rosidl_typesupport_introspection_c.dir/build.make CMakeFiles/lifecycle_msgs__rosidl_typesupport_introspection_c.dir/depend
/usr/bin/gmake  -f CMakeFiles/lifecycle_msgs__rosidl_typesupport_microxrcedds_c.dir/build.make CMakeFiles/lifecycle_msgs__rosidl_typesupport_microxrcedds_c.dir/depend
/usr/bin/gmake  -f CMakeFiles/lifecycle_msgs__rosidl_typesupport_c.dir/build.make CMakeFiles/lifecycle_msgs__rosidl_typesupport_c.dir/depend
gmake[6]: Entering directory '/home/paolo/purple_whales_ws/firmware/mcu_ws/build/lifecycle_msgs'
cd /home/paolo/purple_whales_ws/firmware/mcu_ws/build/lifecycle_msgs && /usr/bin/cmake -E cmake_depends "Unix Makefiles" /home/paolo/purple_whales_ws/firmware/mcu_ws/ros2/rcl_interfaces/lifecycle_msgs /home/paolo/purple_whales_ws/firmware/mcu_ws/ros2/rcl_interfaces/lifecycle_msgs /home/paolo/purple_whales_ws/firmware/mcu_ws/build/lifecycle_msgs /home/paolo/purple_whales_ws/firmware/mcu_ws/build/lifecycle_msgs /home/paolo/purple_whales_ws/firmware/mcu_ws/build/lifecycle_msgs/CMakeFiles/lifecycle_msgs__rosidl_typesupport_introspection_c.dir/DependInfo.cmake --color=
gmake[6]: Entering directory '/home/paolo/purple_whales_ws/firmware/mcu_ws/build/lifecycle_msgs'
cd /home/paolo/purple_whales_ws/firmware/mcu_ws/build/lifecycle_msgs && /usr/bin/cmake -E cmake_depends "Unix Makefiles" /home/paolo/purple_whales_ws/firmware/mcu_ws/ros2/rcl_interfaces/lifecycle_msgs /home/paolo/purple_whales_ws/firmware/mcu_ws/ros2/rcl_interfaces/lifecycle_msgs /home/paolo/purple_whales_ws/firmware/mcu_ws/build/lifecycle_msgs /home/paolo/purple_whales_ws/firmware/mcu_ws/build/lifecycle_msgs /home/paolo/purple_whales_ws/firmware/mcu_ws/build/lifecycle_msgs/CMakeFiles/lifecycle_msgs__rosidl_typesupport_microxrcedds_c.dir/DependInfo.cmake --color=
gmake[6]: Entering directory '/home/paolo/purple_whales_ws/firmware/mcu_ws/build/lifecycle_msgs'
cd /home/paolo/purple_whales_ws/firmware/mcu_ws/build/lifecycle_msgs && /usr/bin/cmake -E cmake_depends "Unix Makefiles" /home/paolo/purple_whales_ws/firmware/mcu_ws/ros2/rcl_interfaces/lifecycle_msgs /home/paolo/purple_whales_ws/firmware/mcu_ws/ros2/rcl_interfaces/lifecycle_msgs /home/paolo/purple_whales_ws/firmware/mcu_ws/build/lifecycle_msgs /home/paolo/purple_whales_ws/firmware/mcu_ws/build/lifecycle_msgs /home/paolo/purple_whales_ws/firmware/mcu_ws/build/lifecycle_msgs/CMakeFiles/lifecycle_msgs__rosidl_typesupport_c.dir/DependInfo.cmake --color=
Dependencies file "CMakeFiles/lifecycle_msgs__rosidl_typesupport_c.dir/rosidl_typesupport_c/lifecycle_msgs/msg/state__type_support.cpp.obj.d" is newer than depends file "/home/paolo/purple_whales_ws/firmware/mcu_ws/build/lifecycle_msgs/CMakeFiles/lifecycle_msgs__rosidl_typesupport_c.dir/compiler_depend.internal".
Dependencies file "CMakeFiles/lifecycle_msgs__rosidl_typesupport_microxrcedds_c.dir/rosidl_typesupport_microxrcedds_c/lifecycle_msgs/msg/detail/microxrcedds/state__type_support_c.c.obj.d" is newer than depends file "/home/paolo/purple_whales_ws/firmware/mcu_ws/build/lifecycle_msgs/CMakeFiles/lifecycle_msgs__rosidl_typesupport_microxrcedds_c.dir/compiler_depend.internal".
Dependencies file "CMakeFiles/lifecycle_msgs__rosidl_typesupport_c.dir/rosidl_typesupport_c/lifecycle_msgs/msg/transition__type_support.cpp.obj.d" is newer than depends file "/home/paolo/purple_whales_ws/firmware/mcu_ws/build/lifecycle_msgs/CMakeFiles/lifecycle_msgs__rosidl_typesupport_c.dir/compiler_depend.internal".
Dependencies file "CMakeFiles/lifecycle_msgs__rosidl_typesupport_microxrcedds_c.dir/rosidl_typesupport_microxrcedds_c/lifecycle_msgs/msg/detail/microxrcedds/transition__type_support_c.c.obj.d" is newer than depends file "/home/paolo/purple_whales_ws/firmware/mcu_ws/build/lifecycle_msgs/CMakeFiles/lifecycle_msgs__rosidl_typesupport_microxrcedds_c.dir/compiler_depend.internal".
Dependencies file "CMakeFiles/lifecycle_msgs__rosidl_typesupport_c.dir/rosidl_typesupport_c/lifecycle_msgs/msg/transition_description__type_support.cpp.obj.d" is newer than depends file "/home/paolo/purple_whales_ws/firmware/mcu_ws/build/lifecycle_msgs/CMakeFiles/lifecycle_msgs__rosidl_typesupport_c.dir/compiler_depend.internal".
Dependencies file "CMakeFiles/lifecycle_msgs__rosidl_typesupport_microxrcedds_c.dir/rosidl_typesupport_microxrcedds_c/lifecycle_msgs/msg/detail/microxrcedds/transition_description__type_support_c.c.obj.d" is newer than depends file "/home/paolo/purple_whales_ws/firmware/mcu_ws/build/lifecycle_msgs/CMakeFiles/lifecycle_msgs__rosidl_typesupport_microxrcedds_c.dir/compiler_depend.internal".
Dependencies file "CMakeFiles/lifecycle_msgs__rosidl_typesupport_introspection_c.dir/rosidl_typesupport_introspection_c/lifecycle_msgs/msg/detail/state__type_support.c.obj.d" is newer than depends file "/home/paolo/purple_whales_ws/firmware/mcu_ws/build/lifecycle_msgs/CMakeFiles/lifecycle_msgs__rosidl_typesupport_introspection_c.dir/compiler_depend.internal".
Dependencies file "CMakeFiles/lifecycle_msgs__rosidl_typesupport_c.dir/rosidl_typesupport_c/lifecycle_msgs/msg/transition_event__type_support.cpp.obj.d" is newer than depends file "/home/paolo/purple_whales_ws/firmware/mcu_ws/build/lifecycle_msgs/CMakeFiles/lifecycle_msgs__rosidl_typesupport_c.dir/compiler_depend.internal".
Dependencies file "CMakeFiles/lifecycle_msgs__rosidl_typesupport_c.dir/rosidl_typesupport_c/lifecycle_msgs/srv/change_state__type_support.cpp.obj.d" is newer than depends file "/home/paolo/purple_whales_ws/firmware/mcu_ws/build/lifecycle_msgs/CMakeFiles/lifecycle_msgs__rosidl_typesupport_c.dir/compiler_depend.internal".
Dependencies file "CMakeFiles/lifecycle_msgs__rosidl_typesupport_introspection_c.dir/rosidl_typesupport_introspection_c/lifecycle_msgs/msg/detail/transition__type_support.c.obj.d" is newer than depends file "/home/paolo/purple_whales_ws/firmware/mcu_ws/build/lifecycle_msgs/CMakeFiles/lifecycle_msgs__rosidl_typesupport_introspection_c.dir/compiler_depend.internal".
Dependencies file "CMakeFiles/lifecycle_msgs__rosidl_typesupport_microxrcedds_c.dir/rosidl_typesupport_microxrcedds_c/lifecycle_msgs/msg/detail/microxrcedds/transition_event__type_support_c.c.obj.d" is newer than depends file "/home/paolo/purple_whales_ws/firmware/mcu_ws/build/lifecycle_msgs/CMakeFiles/lifecycle_msgs__rosidl_typesupport_microxrcedds_c.dir/compiler_depend.internal".
Dependencies file "CMakeFiles/lifecycle_msgs__rosidl_typesupport_c.dir/rosidl_typesupport_c/lifecycle_msgs/srv/get_available_states__type_support.cpp.obj.d" is newer than depends file "/home/paolo/purple_whales_ws/firmware/mcu_ws/build/lifecycle_msgs/CMakeFiles/lifecycle_msgs__rosidl_typesupport_c.dir/compiler_depend.internal".
Dependencies file "CMakeFiles/lifecycle_msgs__rosidl_typesupport_introspection_c.dir/rosidl_typesupport_introspection_c/lifecycle_msgs/msg/detail/transition_description__type_support.c.obj.d" is newer than depends file "/home/paolo/purple_whales_ws/firmware/mcu_ws/build/lifecycle_msgs/CMakeFiles/lifecycle_msgs__rosidl_typesupport_introspection_c.dir/compiler_depend.internal".
Dependencies file "CMakeFiles/lifecycle_msgs__rosidl_typesupport_c.dir/rosidl_typesupport_c/lifecycle_msgs/srv/get_available_transitions__type_support.cpp.obj.d" is newer than depends file "/home/paolo/purple_whales_ws/firmware/mcu_ws/build/lifecycle_msgs/CMakeFiles/lifecycle_msgs__rosidl_typesupport_c.dir/compiler_depend.internal".
Dependencies file "CMakeFiles/lifecycle_msgs__rosidl_typesupport_microxrcedds_c.dir/rosidl_typesupport_microxrcedds_c/lifecycle_msgs/srv/detail/microxrcedds/change_state__type_support_c.c.obj.d" is newer than depends file "/home/paolo/purple_whales_ws/firmware/mcu_ws/build/lifecycle_msgs/CMakeFiles/lifecycle_msgs__rosidl_typesupport_microxrcedds_c.dir/compiler_depend.internal".
Dependencies file "CMakeFiles/lifecycle_msgs__rosidl_typesupport_c.dir/rosidl_typesupport_c/lifecycle_msgs/srv/get_state__type_support.cpp.obj.d" is newer than depends file "/home/paolo/purple_whales_ws/firmware/mcu_ws/build/lifecycle_msgs/CMakeFiles/lifecycle_msgs__rosidl_typesupport_c.dir/compiler_depend.internal".
Dependencies file "CMakeFiles/lifecycle_msgs__rosidl_typesupport_introspection_c.dir/rosidl_typesupport_introspection_c/lifecycle_msgs/msg/detail/transition_event__type_support.c.obj.d" is newer than depends file "/home/paolo/purple_whales_ws/firmware/mcu_ws/build/lifecycle_msgs/CMakeFiles/lifecycle_msgs__rosidl_typesupport_introspection_c.dir/compiler_depend.internal".
Dependencies file "CMakeFiles/lifecycle_msgs__rosidl_typesupport_microxrcedds_c.dir/rosidl_typesupport_microxrcedds_c/lifecycle_msgs/srv/detail/microxrcedds/get_available_states__type_support_c.c.obj.d" is newer than depends file "/home/paolo/purple_whales_ws/firmware/mcu_ws/build/lifecycle_msgs/CMakeFiles/lifecycle_msgs__rosidl_typesupport_microxrcedds_c.dir/compiler_depend.internal".
[35m[1mConsolidate compiler generated dependencies of target lifecycle_msgs__rosidl_typesupport_c[0m
Dependencies file "CMakeFiles/lifecycle_msgs__rosidl_typesupport_introspection_c.dir/rosidl_typesupport_introspection_c/lifecycle_msgs/srv/detail/change_state__type_support.c.obj.d" is newer than depends file "/home/paolo/purple_whales_ws/firmware/mcu_ws/build/lifecycle_msgs/CMakeFiles/lifecycle_msgs__rosidl_typesupport_introspection_c.dir/compiler_depend.internal".
Dependencies file "CMakeFiles/lifecycle_msgs__rosidl_typesupport_introspection_c.dir/rosidl_typesupport_introspection_c/lifecycle_msgs/srv/detail/get_available_states__type_support.c.obj.d" is newer than depends file "/home/paolo/purple_whales_ws/firmware/mcu_ws/build/lifecycle_msgs/CMakeFiles/lifecycle_msgs__rosidl_typesupport_introspection_c.dir/compiler_depend.internal".
Dependencies file "CMakeFiles/lifecycle_msgs__rosidl_typesupport_microxrcedds_c.dir/rosidl_typesupport_microxrcedds_c/lifecycle_msgs/srv/detail/microxrcedds/get_available_transitions__type_support_c.c.obj.d" is newer than depends file "/home/paolo/purple_whales_ws/firmware/mcu_ws/build/lifecycle_msgs/CMakeFiles/lifecycle_msgs__rosidl_typesupport_microxrcedds_c.dir/compiler_depend.internal".
Dependencies file "CMakeFiles/lifecycle_msgs__rosidl_typesupport_introspection_c.dir/rosidl_typesupport_introspection_c/lifecycle_msgs/srv/detail/get_available_transitions__type_support.c.obj.d" is newer than depends file "/home/paolo/purple_whales_ws/firmware/mcu_ws/build/lifecycle_msgs/CMakeFiles/lifecycle_msgs__rosidl_typesupport_introspection_c.dir/compiler_depend.internal".
Dependencies file "CMakeFiles/lifecycle_msgs__rosidl_typesupport_microxrcedds_c.dir/rosidl_typesupport_microxrcedds_c/lifecycle_msgs/srv/detail/microxrcedds/get_state__type_support_c.c.obj.d" is newer than depends file "/home/paolo/purple_whales_ws/firmware/mcu_ws/build/lifecycle_msgs/CMakeFiles/lifecycle_msgs__rosidl_typesupport_microxrcedds_c.dir/compiler_depend.internal".
Dependencies file "CMakeFiles/lifecycle_msgs__rosidl_typesupport_introspection_c.dir/rosidl_typesupport_introspection_c/lifecycle_msgs/srv/detail/get_state__type_support.c.obj.d" is newer than depends file "/home/paolo/purple_whales_ws/firmware/mcu_ws/build/lifecycle_msgs/CMakeFiles/lifecycle_msgs__rosidl_typesupport_introspection_c.dir/compiler_depend.internal".
[35m[1mConsolidate compiler generated dependencies of target lifecycle_msgs__rosidl_typesupport_microxrcedds_c[0m
[35m[1mConsolidate compiler generated dependencies of target lifecycle_msgs__rosidl_typesupport_introspection_c[0m
gmake[6]: Leaving directory '/home/paolo/purple_whales_ws/firmware/mcu_ws/build/lifecycle_msgs'
gmake[6]: Leaving directory '/home/paolo/purple_whales_ws/firmware/mcu_ws/build/lifecycle_msgs'
/usr/bin/gmake  -f CMakeFiles/lifecycle_msgs__rosidl_typesupport_c.dir/build.make CMakeFiles/lifecycle_msgs__rosidl_typesupport_c.dir/build
/usr/bin/gmake  -f CMakeFiles/lifecycle_msgs__rosidl_typesupport_introspection_c.dir/build.make CMakeFiles/lifecycle_msgs__rosidl_typesupport_introspection_c.dir/build
gmake[6]: Leaving directory '/home/paolo/purple_whales_ws/firmware/mcu_ws/build/lifecycle_msgs'
/usr/bin/gmake  -f CMakeFiles/lifecycle_msgs__rosidl_typesupport_microxrcedds_c.dir/build.make CMakeFiles/lifecycle_msgs__rosidl_typesupport_microxrcedds_c.dir/build
gmake[6]: Entering directory '/home/paolo/purple_whales_ws/firmware/mcu_ws/build/lifecycle_msgs'
gmake[6]: Entering directory '/home/paolo/purple_whales_ws/firmware/mcu_ws/build/lifecycle_msgs'
gmake[6]: Nothing to be done for 'CMakeFiles/lifecycle_msgs__rosidl_typesupport_introspection_c.dir/build'.
gmake[6]: Nothing to be done for 'CMakeFiles/lifecycle_msgs__rosidl_typesupport_c.dir/build'.
gmake[6]: Leaving directory '/home/paolo/purple_whales_ws/firmware/mcu_ws/build/lifecycle_msgs'
gmake[6]: Leaving directory '/home/paolo/purple_whales_ws/firmware/mcu_ws/build/lifecycle_msgs'
gmake[6]: Entering directory '/home/paolo/purple_whales_ws/firmware/mcu_ws/build/lifecycle_msgs'
gmake[6]: Nothing to be done for 'CMakeFiles/lifecycle_msgs__rosidl_typesupport_microxrcedds_c.dir/build'.
gmake[6]: Leaving directory '/home/paolo/purple_whales_ws/firmware/mcu_ws/build/lifecycle_msgs'
[ 75%] Built target lifecycle_msgs__rosidl_typesupport_c
[ 75%] Built target lifecycle_msgs__rosidl_typesupport_introspection_c
[100%] Built target lifecycle_msgs__rosidl_typesupport_microxrcedds_c
/usr/bin/gmake  -f CMakeFiles/lifecycle_msgs.dir/build.make CMakeFiles/lifecycle_msgs.dir/depend
gmake[6]: Entering directory '/home/paolo/purple_whales_ws/firmware/mcu_ws/build/lifecycle_msgs'
cd /home/paolo/purple_whales_ws/firmware/mcu_ws/build/lifecycle_msgs && /usr/bin/cmake -E cmake_depends "Unix Makefiles" /home/paolo/purple_whales_ws/firmware/mcu_ws/ros2/rcl_interfaces/lifecycle_msgs /home/paolo/purple_whales_ws/firmware/mcu_ws/ros2/rcl_interfaces/lifecycle_msgs /home/paolo/purple_whales_ws/firmware/mcu_ws/build/lifecycle_msgs /home/paolo/purple_whales_ws/firmware/mcu_ws/build/lifecycle_msgs /home/paolo/purple_whales_ws/firmware/mcu_ws/build/lifecycle_msgs/CMakeFiles/lifecycle_msgs.dir/DependInfo.cmake --color=
gmake[6]: Leaving directory '/home/paolo/purple_whales_ws/firmware/mcu_ws/build/lifecycle_msgs'
/usr/bin/gmake  -f CMakeFiles/lifecycle_msgs.dir/build.make CMakeFiles/lifecycle_msgs.dir/build
gmake[6]: Entering directory '/home/paolo/purple_whales_ws/firmware/mcu_ws/build/lifecycle_msgs'
gmake[6]: Nothing to be done for 'CMakeFiles/lifecycle_msgs.dir/build'.
gmake[6]: Leaving directory '/home/paolo/purple_whales_ws/firmware/mcu_ws/build/lifecycle_msgs'
[100%] Built target lifecycle_msgs
gmake[5]: Leaving directory '/home/paolo/purple_whales_ws/firmware/mcu_ws/build/lifecycle_msgs'
/usr/bin/cmake -E cmake_progress_start /home/paolo/purple_whales_ws/firmware/mcu_ws/build/lifecycle_msgs/CMakeFiles 0
gmake[4]: Leaving directory '/home/paolo/purple_whales_ws/firmware/mcu_ws/build/lifecycle_msgs'
-- Install configuration: "Debug"
-- Up-to-date: /home/paolo/purple_whales_ws/firmware/mcu_ws/install/share/ament_index/resource_index/rosidl_interfaces/lifecycle_msgs
-- Up-to-date: /home/paolo/purple_whales_ws/firmware/mcu_ws/install/include/lifecycle_msgs/lifecycle_msgs
-- Up-to-date: /home/paolo/purple_whales_ws/firmware/mcu_ws/install/include/lifecycle_msgs/lifecycle_msgs/srv
-- Up-to-date: /home/paolo/purple_whales_ws/firmware/mcu_ws/install/include/lifecycle_msgs/lifecycle_msgs/srv/get_available_transitions.h
-- Up-to-date: /home/paolo/purple_whales_ws/firmware/mcu_ws/install/include/lifecycle_msgs/lifecycle_msgs/srv/get_state.h
-- Up-to-date: /home/paolo/purple_whales_ws/firmware/mcu_ws/install/include/lifecycle_msgs/lifecycle_msgs/srv/detail
-- Up-to-date: /home/paolo/purple_whales_ws/firmware/mcu_ws/install/include/lifecycle_msgs/lifecycle_msgs/srv/detail/get_state__functions.c
-- Up-to-date: /home/paolo/purple_whales_ws/firmware/mcu_ws/install/include/lifecycle_msgs/lifecycle_msgs/srv/detail/get_state__type_support.h
-- Up-to-date: /home/paolo/purple_whales_ws/firmware/mcu_ws/install/include/lifecycle_msgs/lifecycle_msgs/srv/detail/change_state__functions.c
-- Up-to-date: /home/paolo/purple_whales_ws/firmware/mcu_ws/install/include/lifecycle_msgs/lifecycle_msgs/srv/detail/get_state__struct.h
-- Up-to-date: /home/paolo/purple_whales_ws/firmware/mcu_ws/install/include/lifecycle_msgs/lifecycle_msgs/srv/detail/get_available_states__functions.c
-- Up-to-date: /home/paolo/purple_whales_ws/firmware/mcu_ws/install/include/lifecycle_msgs/lifecycle_msgs/srv/detail/get_state__functions.h
-- Up-to-date: /home/paolo/purple_whales_ws/firmware/mcu_ws/install/include/lifecycle_msgs/lifecycle_msgs/srv/detail/change_state__functions.h
-- Up-to-date: /home/paolo/purple_whales_ws/firmware/mcu_ws/install/include/lifecycle_msgs/lifecycle_msgs/srv/detail/change_state__type_support.h
-- Up-to-date: /home/paolo/purple_whales_ws/firmware/mcu_ws/install/include/lifecycle_msgs/lifecycle_msgs/srv/detail/get_available_states__functions.h
-- Up-to-date: /home/paolo/purple_whales_ws/firmware/mcu_ws/install/include/lifecycle_msgs/lifecycle_msgs/srv/detail/change_state__struct.h
-- Up-to-date: /home/paolo/purple_whales_ws/firmware/mcu_ws/install/include/lifecycle_msgs/lifecycle_msgs/srv/detail/get_available_transitions__functions.c
-- Up-to-date: /home/paolo/purple_whales_ws/firmware/mcu_ws/install/include/lifecycle_msgs/lifecycle_msgs/srv/detail/get_available_transitions__functions.h
-- Up-to-date: /home/paolo/purple_whales_ws/firmware/mcu_ws/install/include/lifecycle_msgs/lifecycle_msgs/srv/detail/get_available_states__type_support.h
-- Up-to-date: /home/paolo/purple_whales_ws/firmware/mcu_ws/install/include/lifecycle_msgs/lifecycle_msgs/srv/detail/get_available_transitions__type_support.h
-- Up-to-date: /home/paolo/purple_whales_ws/firmware/mcu_ws/install/include/lifecycle_msgs/lifecycle_msgs/srv/detail/get_available_states__struct.h
-- Up-to-date: /home/paolo/purple_whales_ws/firmware/mcu_ws/install/include/lifecycle_msgs/lifecycle_msgs/srv/detail/get_available_transitions__struct.h
-- Up-to-date: /home/paolo/purple_whales_ws/firmware/mcu_ws/install/include/lifecycle_msgs/lifecycle_msgs/srv/get_available_states.h
-- Up-to-date: /home/paolo/purple_whales_ws/firmware/mcu_ws/install/include/lifecycle_msgs/lifecycle_msgs/srv/change_state.h
-- Up-to-date: /home/paolo/purple_whales_ws/firmware/mcu_ws/install/include/lifecycle_msgs/lifecycle_msgs/msg
-- Up-to-date: /home/paolo/purple_whales_ws/firmware/mcu_ws/install/include/lifecycle_msgs/lifecycle_msgs/msg/state.h
-- Up-to-date: /home/paolo/purple_whales_ws/firmware/mcu_ws/install/include/lifecycle_msgs/lifecycle_msgs/msg/transition_event.h
-- Up-to-date: /home/paolo/purple_whales_ws/firmware/mcu_ws/install/include/lifecycle_msgs/lifecycle_msgs/msg/detail
-- Up-to-date: /home/paolo/purple_whales_ws/firmware/mcu_ws/install/include/lifecycle_msgs/lifecycle_msgs/msg/detail/transition__functions.c
-- Up-to-date: /home/paolo/purple_whales_ws/firmware/mcu_ws/install/include/lifecycle_msgs/lifecycle_msgs/msg/detail/transition_description__functions.h
-- Up-to-date: /home/paolo/purple_whales_ws/firmware/mcu_ws/install/include/lifecycle_msgs/lifecycle_msgs/msg/detail/transition__struct.h
-- Up-to-date: /home/paolo/purple_whales_ws/firmware/mcu_ws/install/include/lifecycle_msgs/lifecycle_msgs/msg/detail/state__type_support.h
-- Up-to-date: /home/paolo/purple_whales_ws/firmware/mcu_ws/install/include/lifecycle_msgs/lifecycle_msgs/msg/detail/transition__functions.h
-- Up-to-date: /home/paolo/purple_whales_ws/firmware/mcu_ws/install/include/lifecycle_msgs/lifecycle_msgs/msg/detail/state__struct.h
-- Up-to-date: /home/paolo/purple_whales_ws/firmware/mcu_ws/install/include/lifecycle_msgs/lifecycle_msgs/msg/detail/transition__type_support.h
-- Up-to-date: /home/paolo/purple_whales_ws/firmware/mcu_ws/install/include/lifecycle_msgs/lifecycle_msgs/msg/detail/transition_event__type_support.h
-- Up-to-date: /home/paolo/purple_whales_ws/firmware/mcu_ws/install/include/lifecycle_msgs/lifecycle_msgs/msg/detail/state__functions.c
-- Up-to-date: /home/paolo/purple_whales_ws/firmware/mcu_ws/install/include/lifecycle_msgs/lifecycle_msgs/msg/detail/transition_description__struct.h
-- Up-to-date: /home/paolo/purple_whales_ws/firmware/mcu_ws/install/include/lifecycle_msgs/lifecycle_msgs/msg/detail/transition_description__type_support.h
-- Up-to-date: /home/paolo/purple_whales_ws/firmware/mcu_ws/install/include/lifecycle_msgs/lifecycle_msgs/msg/detail/state__functions.h
-- Up-to-date: /home/paolo/purple_whales_ws/firmware/mcu_ws/install/include/lifecycle_msgs/lifecycle_msgs/msg/detail/transition_event__functions.h
-- Up-to-date: /home/paolo/purple_whales_ws/firmware/mcu_ws/install/include/lifecycle_msgs/lifecycle_msgs/msg/detail/transition_description__functions.c
-- Up-to-date: /home/paolo/purple_whales_ws/firmware/mcu_ws/install/include/lifecycle_msgs/lifecycle_msgs/msg/detail/transition_event__functions.c
-- Up-to-date: /home/paolo/purple_whales_ws/firmware/mcu_ws/install/include/lifecycle_msgs/lifecycle_msgs/msg/detail/transition_event__struct.h
-- Up-to-date: /home/paolo/purple_whales_ws/firmware/mcu_ws/install/include/lifecycle_msgs/lifecycle_msgs/msg/rosidl_generator_c__visibility_control.h
-- Up-to-date: /home/paolo/purple_whales_ws/firmware/mcu_ws/install/include/lifecycle_msgs/lifecycle_msgs/msg/transition_description.h
-- Up-to-date: /home/paolo/purple_whales_ws/firmware/mcu_ws/install/include/lifecycle_msgs/lifecycle_msgs/msg/transition.h
-- Up-to-date: /home/paolo/purple_whales_ws/firmware/mcu_ws/install/share/lifecycle_msgs/environment/library_path.sh
-- Installing: /home/paolo/purple_whales_ws/firmware/mcu_ws/install/share/lifecycle_msgs/environment/library_path.dsv
-- Up-to-date: /home/paolo/purple_whales_ws/firmware/mcu_ws/install/lib/liblifecycle_msgs__rosidl_generator_c.a
-- Up-to-date: /home/paolo/purple_whales_ws/firmware/mcu_ws/install/include/lifecycle_msgs/lifecycle_msgs
-- Up-to-date: /home/paolo/purple_whales_ws/firmware/mcu_ws/install/include/lifecycle_msgs/lifecycle_msgs/srv
-- Up-to-date: /home/paolo/purple_whales_ws/firmware/mcu_ws/install/include/lifecycle_msgs/lifecycle_msgs/srv/detail
-- Up-to-date: /home/paolo/purple_whales_ws/firmware/mcu_ws/install/include/lifecycle_msgs/lifecycle_msgs/srv/detail/get_available_transitions__rosidl_typesupport_introspection_c.h
-- Up-to-date: /home/paolo/purple_whales_ws/firmware/mcu_ws/install/include/lifecycle_msgs/lifecycle_msgs/srv/detail/change_state__rosidl_typesupport_introspection_c.h
-- Up-to-date: /home/paolo/purple_whales_ws/firmware/mcu_ws/install/include/lifecycle_msgs/lifecycle_msgs/srv/detail/get_state__rosidl_typesupport_introspection_c.h
-- Up-to-date: /home/paolo/purple_whales_ws/firmware/mcu_ws/install/include/lifecycle_msgs/lifecycle_msgs/srv/detail/change_state__type_support.c
-- Up-to-date: /home/paolo/purple_whales_ws/firmware/mcu_ws/install/include/lifecycle_msgs/lifecycle_msgs/srv/detail/get_available_states__rosidl_typesupport_introspection_c.h
-- Up-to-date: /home/paolo/purple_whales_ws/firmware/mcu_ws/install/include/lifecycle_msgs/lifecycle_msgs/srv/detail/get_available_transitions__type_support.c
-- Up-to-date: /home/paolo/purple_whales_ws/firmware/mcu_ws/install/include/lifecycle_msgs/lifecycle_msgs/srv/detail/get_available_states__type_support.c
-- Up-to-date: /home/paolo/purple_whales_ws/firmware/mcu_ws/install/include/lifecycle_msgs/lifecycle_msgs/srv/detail/get_state__type_support.c
-- Up-to-date: /home/paolo/purple_whales_ws/firmware/mcu_ws/install/include/lifecycle_msgs/lifecycle_msgs/msg
-- Up-to-date: /home/paolo/purple_whales_ws/firmware/mcu_ws/install/include/lifecycle_msgs/lifecycle_msgs/msg/detail
-- Up-to-date: /home/paolo/purple_whales_ws/firmware/mcu_ws/install/include/lifecycle_msgs/lifecycle_msgs/msg/detail/transition_description__rosidl_typesupport_introspection_c.h
-- Up-to-date: /home/paolo/purple_whales_ws/firmware/mcu_ws/install/include/lifecycle_msgs/lifecycle_msgs/msg/detail/transition_event__type_support.c
-- Up-to-date: /home/paolo/purple_whales_ws/firmware/mcu_ws/install/include/lifecycle_msgs/lifecycle_msgs/msg/detail/state__rosidl_typesupport_introspection_c.h
-- Up-to-date: /home/paolo/purple_whales_ws/firmware/mcu_ws/install/include/lifecycle_msgs/lifecycle_msgs/msg/detail/transition__rosidl_typesupport_introspection_c.h
-- Up-to-date: /home/paolo/purple_whales_ws/firmware/mcu_ws/install/include/lifecycle_msgs/lifecycle_msgs/msg/detail/state__type_support.c
-- Up-to-date: /home/paolo/purple_whales_ws/firmware/mcu_ws/install/include/lifecycle_msgs/lifecycle_msgs/msg/detail/transition_event__rosidl_typesupport_introspection_c.h
-- Up-to-date: /home/paolo/purple_whales_ws/firmware/mcu_ws/install/include/lifecycle_msgs/lifecycle_msgs/msg/detail/transition_description__type_support.c
-- Up-to-date: /home/paolo/purple_whales_ws/firmware/mcu_ws/install/include/lifecycle_msgs/lifecycle_msgs/msg/detail/transition__type_support.c
-- Up-to-date: /home/paolo/purple_whales_ws/firmware/mcu_ws/install/include/lifecycle_msgs/lifecycle_msgs/msg/rosidl_typesupport_introspection_c__visibility_control.h
-- Up-to-date: /home/paolo/purple_whales_ws/firmware/mcu_ws/install/lib/liblifecycle_msgs__rosidl_typesupport_introspection_c.a
-- Up-to-date: /home/paolo/purple_whales_ws/firmware/mcu_ws/install/include/lifecycle_msgs
-- Up-to-date: /home/paolo/purple_whales_ws/firmware/mcu_ws/install/include/lifecycle_msgs/srv
-- Up-to-date: /home/paolo/purple_whales_ws/firmware/mcu_ws/install/include/lifecycle_msgs/srv/detail
-- Up-to-date: /home/paolo/purple_whales_ws/firmware/mcu_ws/install/include/lifecycle_msgs/srv/detail/get_available_states__rosidl_typesupport_microxrcedds_c.h
-- Up-to-date: /home/paolo/purple_whales_ws/firmware/mcu_ws/install/include/lifecycle_msgs/srv/detail/microxrcedds
-- Up-to-date: /home/paolo/purple_whales_ws/firmware/mcu_ws/install/include/lifecycle_msgs/srv/detail/get_state__rosidl_typesupport_microxrcedds_c.h
-- Up-to-date: /home/paolo/purple_whales_ws/firmware/mcu_ws/install/include/lifecycle_msgs/srv/detail/change_state__rosidl_typesupport_microxrcedds_c.h
-- Up-to-date: /home/paolo/purple_whales_ws/firmware/mcu_ws/install/include/lifecycle_msgs/srv/detail/get_available_transitions__rosidl_typesupport_microxrcedds_c.h
-- Up-to-date: /home/paolo/purple_whales_ws/firmware/mcu_ws/install/include/lifecycle_msgs/msg
-- Up-to-date: /home/paolo/purple_whales_ws/firmware/mcu_ws/install/include/lifecycle_msgs/msg/detail
-- Up-to-date: /home/paolo/purple_whales_ws/firmware/mcu_ws/install/include/lifecycle_msgs/msg/detail/microxrcedds
-- Up-to-date: /home/paolo/purple_whales_ws/firmware/mcu_ws/install/include/lifecycle_msgs/msg/detail/transition_event__rosidl_typesupport_microxrcedds_c.h
-- Up-to-date: /home/paolo/purple_whales_ws/firmware/mcu_ws/install/include/lifecycle_msgs/msg/detail/state__rosidl_typesupport_microxrcedds_c.h
-- Up-to-date: /home/paolo/purple_whales_ws/firmware/mcu_ws/install/include/lifecycle_msgs/msg/detail/transition_description__rosidl_typesupport_microxrcedds_c.h
-- Up-to-date: /home/paolo/purple_whales_ws/firmware/mcu_ws/install/include/lifecycle_msgs/msg/detail/transition__rosidl_typesupport_microxrcedds_c.h
-- Up-to-date: /home/paolo/purple_whales_ws/firmware/mcu_ws/install/include/lifecycle_msgs/msg/rosidl_typesupport_microxrcedds_c__visibility_control.h
-- Up-to-date: /home/paolo/purple_whales_ws/firmware/mcu_ws/install/lib/liblifecycle_msgs__rosidl_typesupport_microxrcedds_c.a
-- Up-to-date: /home/paolo/purple_whales_ws/firmware/mcu_ws/install/lib/liblifecycle_msgs__rosidl_typesupport_c.a
-- Up-to-date: /home/paolo/purple_whales_ws/firmware/mcu_ws/install/share/lifecycle_msgs/msg/State.idl
-- Up-to-date: /home/paolo/purple_whales_ws/firmware/mcu_ws/install/share/lifecycle_msgs/msg/Transition.idl
-- Up-to-date: /home/paolo/purple_whales_ws/firmware/mcu_ws/install/share/lifecycle_msgs/msg/TransitionDescription.idl
-- Up-to-date: /home/paolo/purple_whales_ws/firmware/mcu_ws/install/share/lifecycle_msgs/msg/TransitionEvent.idl
-- Up-to-date: /home/paolo/purple_whales_ws/firmware/mcu_ws/install/share/lifecycle_msgs/srv/ChangeState.idl
-- Up-to-date: /home/paolo/purple_whales_ws/firmware/mcu_ws/install/share/lifecycle_msgs/srv/GetAvailableStates.idl
-- Up-to-date: /home/paolo/purple_whales_ws/firmware/mcu_ws/install/share/lifecycle_msgs/srv/GetAvailableTransitions.idl
-- Up-to-date: /home/paolo/purple_whales_ws/firmware/mcu_ws/install/share/lifecycle_msgs/srv/GetState.idl
-- Up-to-date: /home/paolo/purple_whales_ws/firmware/mcu_ws/install/share/lifecycle_msgs/msg/State.msg
-- Up-to-date: /home/paolo/purple_whales_ws/firmware/mcu_ws/install/share/lifecycle_msgs/msg/Transition.msg
-- Up-to-date: /home/paolo/purple_whales_ws/firmware/mcu_ws/install/share/lifecycle_msgs/msg/TransitionDescription.msg
-- Up-to-date: /home/paolo/purple_whales_ws/firmware/mcu_ws/install/share/lifecycle_msgs/msg/TransitionEvent.msg
-- Up-to-date: /home/paolo/purple_whales_ws/firmware/mcu_ws/install/share/lifecycle_msgs/srv/ChangeState.srv
-- Up-to-date: /home/paolo/purple_whales_ws/firmware/mcu_ws/install/share/lifecycle_msgs/srv/ChangeState_Request.msg
-- Up-to-date: /home/paolo/purple_whales_ws/firmware/mcu_ws/install/share/lifecycle_msgs/srv/ChangeState_Response.msg
-- Up-to-date: /home/paolo/purple_whales_ws/firmware/mcu_ws/install/share/lifecycle_msgs/srv/GetAvailableStates.srv
-- Up-to-date: /home/paolo/purple_whales_ws/firmware/mcu_ws/install/share/lifecycle_msgs/srv/GetAvailableStates_Request.msg
-- Up-to-date: /home/paolo/purple_whales_ws/firmware/mcu_ws/install/share/lifecycle_msgs/srv/GetAvailableStates_Response.msg
-- Up-to-date: /home/paolo/purple_whales_ws/firmware/mcu_ws/install/share/lifecycle_msgs/srv/GetAvailableTransitions.srv
-- Up-to-date: /home/paolo/purple_whales_ws/firmware/mcu_ws/install/share/lifecycle_msgs/srv/GetAvailableTransitions_Request.msg
-- Up-to-date: /home/paolo/purple_whales_ws/firmware/mcu_ws/install/share/lifecycle_msgs/srv/GetAvailableTransitions_Response.msg
-- Up-to-date: /home/paolo/purple_whales_ws/firmware/mcu_ws/install/share/lifecycle_msgs/srv/GetState.srv
-- Up-to-date: /home/paolo/purple_whales_ws/firmware/mcu_ws/install/share/lifecycle_msgs/srv/GetState_Request.msg
-- Up-to-date: /home/paolo/purple_whales_ws/firmware/mcu_ws/install/share/lifecycle_msgs/srv/GetState_Response.msg
-- Up-to-date: /home/paolo/purple_whales_ws/firmware/mcu_ws/install/share/ament_index/resource_index/package_run_dependencies/lifecycle_msgs
-- Up-to-date: /home/paolo/purple_whales_ws/firmware/mcu_ws/install/share/ament_index/resource_index/parent_prefix_path/lifecycle_msgs
-- Up-to-date: /home/paolo/purple_whales_ws/firmware/mcu_ws/install/share/lifecycle_msgs/environment/ament_prefix_path.sh
-- Installing: /home/paolo/purple_whales_ws/firmware/mcu_ws/install/share/lifecycle_msgs/environment/ament_prefix_path.dsv
-- Up-to-date: /home/paolo/purple_whales_ws/firmware/mcu_ws/install/share/lifecycle_msgs/environment/path.sh
-- Installing: /home/paolo/purple_whales_ws/firmware/mcu_ws/install/share/lifecycle_msgs/environment/path.dsv
-- Up-to-date: /home/paolo/purple_whales_ws/firmware/mcu_ws/install/share/lifecycle_msgs/local_setup.bash
-- Up-to-date: /home/paolo/purple_whales_ws/firmware/mcu_ws/install/share/lifecycle_msgs/local_setup.sh
-- Up-to-date: /home/paolo/purple_whales_ws/firmware/mcu_ws/install/share/lifecycle_msgs/local_setup.zsh
-- Installing: /home/paolo/purple_whales_ws/firmware/mcu_ws/install/share/lifecycle_msgs/local_setup.dsv
-- Installing: /home/paolo/purple_whales_ws/firmware/mcu_ws/install/share/lifecycle_msgs/package.dsv
-- Up-to-date: /home/paolo/purple_whales_ws/firmware/mcu_ws/install/share/ament_index/resource_index/packages/lifecycle_msgs
-- Up-to-date: /home/paolo/purple_whales_ws/firmware/mcu_ws/install/share/lifecycle_msgs/cmake/export_lifecycle_msgs__rosidl_generator_cExport.cmake
-- Up-to-date: /home/paolo/purple_whales_ws/firmware/mcu_ws/install/share/lifecycle_msgs/cmake/export_lifecycle_msgs__rosidl_generator_cExport-debug.cmake
-- Up-to-date: /home/paolo/purple_whales_ws/firmware/mcu_ws/install/share/lifecycle_msgs/cmake/lifecycle_msgs__rosidl_typesupport_introspection_cExport.cmake
-- Up-to-date: /home/paolo/purple_whales_ws/firmware/mcu_ws/install/share/lifecycle_msgs/cmake/lifecycle_msgs__rosidl_typesupport_introspection_cExport-debug.cmake
-- Up-to-date: /home/paolo/purple_whales_ws/firmware/mcu_ws/install/share/lifecycle_msgs/cmake/lifecycle_msgs__rosidl_typesupport_cExport.cmake
-- Up-to-date: /home/paolo/purple_whales_ws/firmware/mcu_ws/install/share/lifecycle_msgs/cmake/lifecycle_msgs__rosidl_typesupport_cExport-debug.cmake
-- Up-to-date: /home/paolo/purple_whales_ws/firmware/mcu_ws/install/share/lifecycle_msgs/cmake/rosidl_cmake-extras.cmake
-- Up-to-date: /home/paolo/purple_whales_ws/firmware/mcu_ws/install/share/lifecycle_msgs/cmake/ament_cmake_export_include_directories-extras.cmake
-- Up-to-date: /home/paolo/purple_whales_ws/firmware/mcu_ws/install/share/lifecycle_msgs/cmake/ament_cmake_export_libraries-extras.cmake
-- Up-to-date: /home/paolo/purple_whales_ws/firmware/mcu_ws/install/share/lifecycle_msgs/cmake/ament_cmake_export_targets-extras.cmake
-- Up-to-date: /home/paolo/purple_whales_ws/firmware/mcu_ws/install/share/lifecycle_msgs/cmake/rosidl_cmake_export_typesupport_targets-extras.cmake
-- Up-to-date: /home/paolo/purple_whales_ws/firmware/mcu_ws/install/share/lifecycle_msgs/cmake/ament_cmake_export_dependencies-extras.cmake
-- Up-to-date: /home/paolo/purple_whales_ws/firmware/mcu_ws/install/share/lifecycle_msgs/cmake/rosidl_cmake_export_typesupport_libraries-extras.cmake
-- Up-to-date: /home/paolo/purple_whales_ws/firmware/mcu_ws/install/share/lifecycle_msgs/cmake/lifecycle_msgsConfig.cmake
-- Up-to-date: /home/paolo/purple_whales_ws/firmware/mcu_ws/install/share/lifecycle_msgs/cmake/lifecycle_msgsConfig-version.cmake
-- Up-to-date: /home/paolo/purple_whales_ws/firmware/mcu_ws/install/share/lifecycle_msgs/package.xml
