[0.103s] Invoking command in '/home/paolo/purple_whales_ws/firmware/mcu_ws/build/rcutils': CMAKE_PREFIX_PATH=${CMAKE_PREFIX_PATH}:/home/paolo/purple_whales_ws/firmware/dev_ws/install/ament_uncrustify:/home/paolo/purple_whales_ws/firmware/dev_ws/install/domain_coordinator:/home/paolo/purple_whales_ws/firmware/dev_ws/install/ament_xmllint:/home/paolo/purple_whales_ws/firmware/dev_ws/install/ament_pyflakes:/home/paolo/purple_whales_ws/firmware/dev_ws/install/ament_pycodestyle:/home/paolo/purple_whales_ws/firmware/dev_ws/install/ament_pep257:/home/paolo/purple_whales_ws/firmware/dev_ws/install/ament_pclint:/home/paolo/purple_whales_ws/firmware/dev_ws/install/ament_package:/home/paolo/purple_whales_ws/firmware/dev_ws/install/ament_mypy:/home/paolo/purple_whales_ws/firmware/dev_ws/install/ament_lint_cmake:/home/paolo/purple_whales_ws/firmware/dev_ws/install/ament_flake8:/home/paolo/purple_whales_ws/firmware/dev_ws/install/ament_copyright:/home/paolo/purple_whales_ws/firmware/dev_ws/install/ament_lint:/home/paolo/purple_whales_ws/firmware/dev_ws/install/ament_index_python:/home/paolo/purple_whales_ws/firmware/dev_ws/install/ament_cpplint:/home/paolo/purple_whales_ws/firmware/dev_ws/install/ament_cppcheck:/home/paolo/purple_whales_ws/firmware/dev_ws/install/ament_clang_tidy:/home/paolo/purple_whales_ws/firmware/dev_ws/install/ament_clang_format /usr/bin/cmake --build /home/paolo/purple_whales_ws/firmware/mcu_ws/build/rcutils -- -j20 -l20
[1.084s] gmake[4]: Entering directory '/home/paolo/purple_whales_ws/firmware/mcu_ws/build/rcutils'
[1.085s] /usr/bin/cmake -S/home/paolo/purple_whales_ws/firmware/mcu_ws/uros/rcutils -B/home/paolo/purple_whales_ws/firmware/mcu_ws/build/rcutils --check-build-system CMakeFiles/Makefile.cmake 0
[1.085s] Re-run cmake file: Makefile older than: /home/paolo/purple_whales_ws/firmware/freertos_apps/microros_esp32_extensions/esp32_toolchain.cmake
[1.085s] -- Found ament_cmake_python: 1.3.8 (/home/paolo/purple_whales_ws/firmware/dev_ws/install/ament_cmake_python/share/ament_cmake_python/cmake)
[1.086s] -- Found ament_cmake_ros: 0.10.0 (/home/paolo/purple_whales_ws/firmware/dev_ws/install/ament_cmake_ros/share/ament_cmake_ros/cmake)
[1.086s] -- Configuring done
[1.086s] -- Generating done
[1.087s] -- Build files have been written to: /home/paolo/purple_whales_ws/firmware/mcu_ws/build/rcutils
[1.088s] /usr/bin/cmake -E cmake_progress_start /home/paolo/purple_whales_ws/firmware/mcu_ws/build/rcutils/CMakeFiles /home/paolo/purple_whales_ws/firmware/mcu_ws/build/rcutils//CMakeFiles/progress.marks
[1.088s] /usr/bin/gmake  -f CMakeFiles/Makefile2 all
[1.088s] gmake[5]: Entering directory '/home/paolo/purple_whales_ws/firmware/mcu_ws/build/rcutils'
[1.090s] /usr/bin/gmake  -f CMakeFiles/ament_cmake_python_copy_rcutils.dir/build.make CMakeFiles/ament_cmake_python_copy_rcutils.dir/depend
[1.093s] /usr/bin/gmake  -f CMakeFiles/rcutils.dir/build.make CMakeFiles/rcutils.dir/depend
[1.093s] gmake[6]: Entering directory '/home/paolo/purple_whales_ws/firmware/mcu_ws/build/rcutils'
[1.093s] cd /home/paolo/purple_whales_ws/firmware/mcu_ws/build/rcutils && /usr/bin/cmake -E cmake_depends "Unix Makefiles" /home/paolo/purple_whales_ws/firmware/mcu_ws/uros/rcutils /home/paolo/purple_whales_ws/firmware/mcu_ws/uros/rcutils /home/paolo/purple_whales_ws/firmware/mcu_ws/build/rcutils /home/paolo/purple_whales_ws/firmware/mcu_ws/build/rcutils /home/paolo/purple_whales_ws/firmware/mcu_ws/build/rcutils/CMakeFiles/ament_cmake_python_copy_rcutils.dir/DependInfo.cmake --color=
[1.093s] gmake[6]: Entering directory '/home/paolo/purple_whales_ws/firmware/mcu_ws/build/rcutils'
[1.093s] cd /home/paolo/purple_whales_ws/firmware/mcu_ws/build/rcutils && /usr/bin/cmake -E cmake_depends "Unix Makefiles" /home/paolo/purple_whales_ws/firmware/mcu_ws/uros/rcutils /home/paolo/purple_whales_ws/firmware/mcu_ws/uros/rcutils /home/paolo/purple_whales_ws/firmware/mcu_ws/build/rcutils /home/paolo/purple_whales_ws/firmware/mcu_ws/build/rcutils /home/paolo/purple_whales_ws/firmware/mcu_ws/build/rcutils/CMakeFiles/rcutils.dir/DependInfo.cmake --color=
[1.093s] Dependencies file "CMakeFiles/rcutils.dir/src/allocator.c.obj.d" is newer than depends file "/home/paolo/purple_whales_ws/firmware/mcu_ws/build/rcutils/CMakeFiles/rcutils.dir/compiler_depend.internal".
[1.096s] Dependencies file "CMakeFiles/rcutils.dir/src/array_list.c.obj.d" is newer than depends file "/home/paolo/purple_whales_ws/firmware/mcu_ws/build/rcutils/CMakeFiles/rcutils.dir/compiler_depend.internal".
[1.096s] Dependencies file "CMakeFiles/rcutils.dir/src/atomic_64bits.c.obj.d" is newer than depends file "/home/paolo/purple_whales_ws/firmware/mcu_ws/build/rcutils/CMakeFiles/rcutils.dir/compiler_depend.internal".
[1.097s] Dependencies file "CMakeFiles/rcutils.dir/src/char_array.c.obj.d" is newer than depends file "/home/paolo/purple_whales_ws/firmware/mcu_ws/build/rcutils/CMakeFiles/rcutils.dir/compiler_depend.internal".
[1.098s] gmake[6]: Leaving directory '/home/paolo/purple_whales_ws/firmware/mcu_ws/build/rcutils'
[1.098s] Dependencies file "CMakeFiles/rcutils.dir/src/cmdline_parser.c.obj.d" is newer than depends file "/home/paolo/purple_whales_ws/firmware/mcu_ws/build/rcutils/CMakeFiles/rcutils.dir/compiler_depend.internal".
[1.099s] Dependencies file "CMakeFiles/rcutils.dir/src/env.c.obj.d" is newer than depends file "/home/paolo/purple_whales_ws/firmware/mcu_ws/build/rcutils/CMakeFiles/rcutils.dir/compiler_depend.internal".
[1.099s] Dependencies file "CMakeFiles/rcutils.dir/src/error_handling.c.obj.d" is newer than depends file "/home/paolo/purple_whales_ws/firmware/mcu_ws/build/rcutils/CMakeFiles/rcutils.dir/compiler_depend.internal".
[1.099s] Dependencies file "CMakeFiles/rcutils.dir/src/filesystem.c.obj.d" is newer than depends file "/home/paolo/purple_whales_ws/firmware/mcu_ws/build/rcutils/CMakeFiles/rcutils.dir/compiler_depend.internal".
[1.099s] /usr/bin/gmake  -f CMakeFiles/ament_cmake_python_copy_rcutils.dir/build.make CMakeFiles/ament_cmake_python_copy_rcutils.dir/build
[1.099s] Dependencies file "CMakeFiles/rcutils.dir/src/find.c.obj.d" is newer than depends file "/home/paolo/purple_whales_ws/firmware/mcu_ws/build/rcutils/CMakeFiles/rcutils.dir/compiler_depend.internal".
[1.099s] Dependencies file "CMakeFiles/rcutils.dir/src/format_string.c.obj.d" is newer than depends file "/home/paolo/purple_whales_ws/firmware/mcu_ws/build/rcutils/CMakeFiles/rcutils.dir/compiler_depend.internal".
[1.100s] Dependencies file "CMakeFiles/rcutils.dir/src/hash_map.c.obj.d" is newer than depends file "/home/paolo/purple_whales_ws/firmware/mcu_ws/build/rcutils/CMakeFiles/rcutils.dir/compiler_depend.internal".
[1.100s] Dependencies file "CMakeFiles/rcutils.dir/src/logging.c.obj.d" is newer than depends file "/home/paolo/purple_whales_ws/firmware/mcu_ws/build/rcutils/CMakeFiles/rcutils.dir/compiler_depend.internal".
[1.102s] Dependencies file "CMakeFiles/rcutils.dir/src/process.c.obj.d" is newer than depends file "/home/paolo/purple_whales_ws/firmware/mcu_ws/build/rcutils/CMakeFiles/rcutils.dir/compiler_depend.internal".
[1.102s] Dependencies file "CMakeFiles/rcutils.dir/src/qsort.c.obj.d" is newer than depends file "/home/paolo/purple_whales_ws/firmware/mcu_ws/build/rcutils/CMakeFiles/rcutils.dir/compiler_depend.internal".
[1.102s] Dependencies file "CMakeFiles/rcutils.dir/src/repl_str.c.obj.d" is newer than depends file "/home/paolo/purple_whales_ws/firmware/mcu_ws/build/rcutils/CMakeFiles/rcutils.dir/compiler_depend.internal".
[1.102s] Dependencies file "CMakeFiles/rcutils.dir/src/shared_library.c.obj.d" is newer than depends file "/home/paolo/purple_whales_ws/firmware/mcu_ws/build/rcutils/CMakeFiles/rcutils.dir/compiler_depend.internal".
[1.102s] Dependencies file "CMakeFiles/rcutils.dir/src/snprintf.c.obj.d" is newer than depends file "/home/paolo/purple_whales_ws/firmware/mcu_ws/build/rcutils/CMakeFiles/rcutils.dir/compiler_depend.internal".
[1.102s] Dependencies file "CMakeFiles/rcutils.dir/src/split.c.obj.d" is newer than depends file "/home/paolo/purple_whales_ws/firmware/mcu_ws/build/rcutils/CMakeFiles/rcutils.dir/compiler_depend.internal".
[1.102s] Dependencies file "CMakeFiles/rcutils.dir/src/strcasecmp.c.obj.d" is newer than depends file "/home/paolo/purple_whales_ws/firmware/mcu_ws/build/rcutils/CMakeFiles/rcutils.dir/compiler_depend.internal".
[1.102s] Dependencies file "CMakeFiles/rcutils.dir/src/strdup.c.obj.d" is newer than depends file "/home/paolo/purple_whales_ws/firmware/mcu_ws/build/rcutils/CMakeFiles/rcutils.dir/compiler_depend.internal".
[1.102s] Dependencies file "CMakeFiles/rcutils.dir/src/strerror.c.obj.d" is newer than depends file "/home/paolo/purple_whales_ws/firmware/mcu_ws/build/rcutils/CMakeFiles/rcutils.dir/compiler_depend.internal".
[1.102s] Dependencies file "CMakeFiles/rcutils.dir/src/string_array.c.obj.d" is newer than depends file "/home/paolo/purple_whales_ws/firmware/mcu_ws/build/rcutils/CMakeFiles/rcutils.dir/compiler_depend.internal".
[1.103s] Dependencies file "CMakeFiles/rcutils.dir/src/string_map.c.obj.d" is newer than depends file "/home/paolo/purple_whales_ws/firmware/mcu_ws/build/rcutils/CMakeFiles/rcutils.dir/compiler_depend.internal".
[1.103s] Dependencies file "CMakeFiles/rcutils.dir/src/testing/fault_injection.c.obj.d" is newer than depends file "/home/paolo/purple_whales_ws/firmware/mcu_ws/build/rcutils/CMakeFiles/rcutils.dir/compiler_depend.internal".
[1.103s] gmake[6]: Entering directory '/home/paolo/purple_whales_ws/firmware/mcu_ws/build/rcutils'
[1.103s] Dependencies file "CMakeFiles/rcutils.dir/src/time.c.obj.d" is newer than depends file "/home/paolo/purple_whales_ws/firmware/mcu_ws/build/rcutils/CMakeFiles/rcutils.dir/compiler_depend.internal".
[1.103s] /usr/bin/cmake -E copy_directory /home/paolo/purple_whales_ws/firmware/mcu_ws/uros/rcutils/rcutils /home/paolo/purple_whales_ws/firmware/mcu_ws/build/rcutils/ament_cmake_python/rcutils/rcutils
[1.104s] Dependencies file "CMakeFiles/rcutils.dir/src/time_unix.c.obj.d" is newer than depends file "/home/paolo/purple_whales_ws/firmware/mcu_ws/build/rcutils/CMakeFiles/rcutils.dir/compiler_depend.internal".
[1.105s] Dependencies file "CMakeFiles/rcutils.dir/src/uint8_array.c.obj.d" is newer than depends file "/home/paolo/purple_whales_ws/firmware/mcu_ws/build/rcutils/CMakeFiles/rcutils.dir/compiler_depend.internal".
[1.105s] [35m[1mConsolidate compiler generated dependencies of target rcutils[0m
[1.106s] gmake[6]: Leaving directory '/home/paolo/purple_whales_ws/firmware/mcu_ws/build/rcutils'
[1.106s] /usr/bin/gmake  -f CMakeFiles/rcutils.dir/build.make CMakeFiles/rcutils.dir/build
[1.106s] gmake[6]: Entering directory '/home/paolo/purple_whales_ws/firmware/mcu_ws/build/rcutils'
[1.107s] gmake[6]: Nothing to be done for 'CMakeFiles/rcutils.dir/build'.
[1.107s] gmake[6]: Leaving directory '/home/paolo/purple_whales_ws/firmware/mcu_ws/build/rcutils'
[1.107s] gmake[6]: Leaving directory '/home/paolo/purple_whales_ws/firmware/mcu_ws/build/rcutils'
[1.108s] [  3%] Built target ament_cmake_python_copy_rcutils
[1.108s] [100%] Built target rcutils
[1.108s] /usr/bin/gmake  -f CMakeFiles/ament_cmake_python_build_rcutils_egg.dir/build.make CMakeFiles/ament_cmake_python_build_rcutils_egg.dir/depend
[1.108s] gmake[6]: Entering directory '/home/paolo/purple_whales_ws/firmware/mcu_ws/build/rcutils'
[1.108s] cd /home/paolo/purple_whales_ws/firmware/mcu_ws/build/rcutils && /usr/bin/cmake -E cmake_depends "Unix Makefiles" /home/paolo/purple_whales_ws/firmware/mcu_ws/uros/rcutils /home/paolo/purple_whales_ws/firmware/mcu_ws/uros/rcutils /home/paolo/purple_whales_ws/firmware/mcu_ws/build/rcutils /home/paolo/purple_whales_ws/firmware/mcu_ws/build/rcutils /home/paolo/purple_whales_ws/firmware/mcu_ws/build/rcutils/CMakeFiles/ament_cmake_python_build_rcutils_egg.dir/DependInfo.cmake --color=
[1.108s] gmake[6]: Leaving directory '/home/paolo/purple_whales_ws/firmware/mcu_ws/build/rcutils'
[1.109s] /usr/bin/gmake  -f CMakeFiles/ament_cmake_python_build_rcutils_egg.dir/build.make CMakeFiles/ament_cmake_python_build_rcutils_egg.dir/build
[1.109s] gmake[6]: Entering directory '/home/paolo/purple_whales_ws/firmware/mcu_ws/build/rcutils'
[1.109s] cd /home/paolo/purple_whales_ws/firmware/mcu_ws/build/rcutils/ament_cmake_python/rcutils && /home/paolo/purple_whales_ws/firmware/toolchain/espressif/python_env/idf4.1_py3.10_env/bin/python3 setup.py egg_info
[1.109s] running egg_info
[1.109s] writing rcutils.egg-info/PKG-INFO
[1.116s] writing dependency_links to rcutils.egg-info/dependency_links.txt
[1.117s] writing top-level names to rcutils.egg-info/top_level.txt
[1.118s] reading manifest file 'rcutils.egg-info/SOURCES.txt'
[1.121s] writing manifest file 'rcutils.egg-info/SOURCES.txt'
[1.122s] gmake[6]: Leaving directory '/home/paolo/purple_whales_ws/firmware/mcu_ws/build/rcutils'
[1.123s] [100%] Built target ament_cmake_python_build_rcutils_egg
[1.123s] gmake[5]: Leaving directory '/home/paolo/purple_whales_ws/firmware/mcu_ws/build/rcutils'
[1.123s] /usr/bin/cmake -E cmake_progress_start /home/paolo/purple_whales_ws/firmware/mcu_ws/build/rcutils/CMakeFiles 0
[1.125s] gmake[4]: Leaving directory '/home/paolo/purple_whales_ws/firmware/mcu_ws/build/rcutils'
[1.149s] Invoked command in '/home/paolo/purple_whales_ws/firmware/mcu_ws/build/rcutils' returned '0': CMAKE_PREFIX_PATH=${CMAKE_PREFIX_PATH}:/home/paolo/purple_whales_ws/firmware/dev_ws/install/ament_uncrustify:/home/paolo/purple_whales_ws/firmware/dev_ws/install/domain_coordinator:/home/paolo/purple_whales_ws/firmware/dev_ws/install/ament_xmllint:/home/paolo/purple_whales_ws/firmware/dev_ws/install/ament_pyflakes:/home/paolo/purple_whales_ws/firmware/dev_ws/install/ament_pycodestyle:/home/paolo/purple_whales_ws/firmware/dev_ws/install/ament_pep257:/home/paolo/purple_whales_ws/firmware/dev_ws/install/ament_pclint:/home/paolo/purple_whales_ws/firmware/dev_ws/install/ament_package:/home/paolo/purple_whales_ws/firmware/dev_ws/install/ament_mypy:/home/paolo/purple_whales_ws/firmware/dev_ws/install/ament_lint_cmake:/home/paolo/purple_whales_ws/firmware/dev_ws/install/ament_flake8:/home/paolo/purple_whales_ws/firmware/dev_ws/install/ament_copyright:/home/paolo/purple_whales_ws/firmware/dev_ws/install/ament_lint:/home/paolo/purple_whales_ws/firmware/dev_ws/install/ament_index_python:/home/paolo/purple_whales_ws/firmware/dev_ws/install/ament_cpplint:/home/paolo/purple_whales_ws/firmware/dev_ws/install/ament_cppcheck:/home/paolo/purple_whales_ws/firmware/dev_ws/install/ament_clang_tidy:/home/paolo/purple_whales_ws/firmware/dev_ws/install/ament_clang_format /usr/bin/cmake --build /home/paolo/purple_whales_ws/firmware/mcu_ws/build/rcutils -- -j20 -l20
[1.335s] Invoking command in '/home/paolo/purple_whales_ws/firmware/mcu_ws/build/rcutils': CMAKE_PREFIX_PATH=${CMAKE_PREFIX_PATH}:/home/paolo/purple_whales_ws/firmware/dev_ws/install/ament_uncrustify:/home/paolo/purple_whales_ws/firmware/dev_ws/install/domain_coordinator:/home/paolo/purple_whales_ws/firmware/dev_ws/install/ament_xmllint:/home/paolo/purple_whales_ws/firmware/dev_ws/install/ament_pyflakes:/home/paolo/purple_whales_ws/firmware/dev_ws/install/ament_pycodestyle:/home/paolo/purple_whales_ws/firmware/dev_ws/install/ament_pep257:/home/paolo/purple_whales_ws/firmware/dev_ws/install/ament_pclint:/home/paolo/purple_whales_ws/firmware/dev_ws/install/ament_package:/home/paolo/purple_whales_ws/firmware/dev_ws/install/ament_mypy:/home/paolo/purple_whales_ws/firmware/dev_ws/install/ament_lint_cmake:/home/paolo/purple_whales_ws/firmware/dev_ws/install/ament_flake8:/home/paolo/purple_whales_ws/firmware/dev_ws/install/ament_copyright:/home/paolo/purple_whales_ws/firmware/dev_ws/install/ament_lint:/home/paolo/purple_whales_ws/firmware/dev_ws/install/ament_index_python:/home/paolo/purple_whales_ws/firmware/dev_ws/install/ament_cpplint:/home/paolo/purple_whales_ws/firmware/dev_ws/install/ament_cppcheck:/home/paolo/purple_whales_ws/firmware/dev_ws/install/ament_clang_tidy:/home/paolo/purple_whales_ws/firmware/dev_ws/install/ament_clang_format /usr/bin/cmake --install /home/paolo/purple_whales_ws/firmware/mcu_ws/build/rcutils
[1.350s] -- Install configuration: "Debug"
[1.350s] -- Up-to-date: /home/paolo/purple_whales_ws/firmware/mcu_ws/install/share/rcutils/environment/pythonpath.sh
[1.351s] -- Installing: /home/paolo/purple_whales_ws/firmware/mcu_ws/install/share/rcutils/environment/pythonpath.dsv
[1.351s] -- Up-to-date: /home/paolo/purple_whales_ws/firmware/mcu_ws/install/lib/python3.10/site-packages/rcutils-5.1.5-py3.10.egg-info
[1.351s] -- Installing: /home/paolo/purple_whales_ws/firmware/mcu_ws/install/lib/python3.10/site-packages/rcutils-5.1.5-py3.10.egg-info/dependency_links.txt
[1.351s] -- Installing: /home/paolo/purple_whales_ws/firmware/mcu_ws/install/lib/python3.10/site-packages/rcutils-5.1.5-py3.10.egg-info/top_level.txt
[1.351s] -- Installing: /home/paolo/purple_whales_ws/firmware/mcu_ws/install/lib/python3.10/site-packages/rcutils-5.1.5-py3.10.egg-info/PKG-INFO
[1.351s] -- Installing: /home/paolo/purple_whales_ws/firmware/mcu_ws/install/lib/python3.10/site-packages/rcutils-5.1.5-py3.10.egg-info/SOURCES.txt
[1.352s] -- Up-to-date: /home/paolo/purple_whales_ws/firmware/mcu_ws/install/lib/python3.10/site-packages/rcutils
[1.352s] -- Up-to-date: /home/paolo/purple_whales_ws/firmware/mcu_ws/install/lib/python3.10/site-packages/rcutils/logging.py
[1.352s] -- Up-to-date: /home/paolo/purple_whales_ws/firmware/mcu_ws/install/lib/python3.10/site-packages/rcutils/__init__.py
[1.407s] Listing '/home/paolo/purple_whales_ws/firmware/mcu_ws/install/lib/python3.10/site-packages/rcutils'...
[1.417s] -- Up-to-date: /home/paolo/purple_whales_ws/firmware/mcu_ws/install/lib/librcutils.a
[1.417s] -- Up-to-date: /home/paolo/purple_whales_ws/firmware/mcu_ws/install/share/rcutils/environment/library_path.sh
[1.418s] -- Installing: /home/paolo/purple_whales_ws/firmware/mcu_ws/install/share/rcutils/environment/library_path.dsv
[1.419s] -- Up-to-date: /home/paolo/purple_whales_ws/firmware/mcu_ws/install/share/ament_index/resource_index/package_run_dependencies/rcutils
[1.420s] -- Up-to-date: /home/paolo/purple_whales_ws/firmware/mcu_ws/install/share/ament_index/resource_index/parent_prefix_path/rcutils
[1.423s] -- Up-to-date: /home/paolo/purple_whales_ws/firmware/mcu_ws/install/share/rcutils/environment/ament_prefix_path.sh
[1.423s] -- Installing: /home/paolo/purple_whales_ws/firmware/mcu_ws/install/share/rcutils/environment/ament_prefix_path.dsv
[1.423s] -- Up-to-date: /home/paolo/purple_whales_ws/firmware/mcu_ws/install/share/rcutils/environment/path.sh
[1.423s] -- Installing: /home/paolo/purple_whales_ws/firmware/mcu_ws/install/share/rcutils/environment/path.dsv
[1.424s] -- Up-to-date: /home/paolo/purple_whales_ws/firmware/mcu_ws/install/share/rcutils/local_setup.bash
[1.424s] -- Up-to-date: /home/paolo/purple_whales_ws/firmware/mcu_ws/install/share/rcutils/local_setup.sh
[1.425s] -- Up-to-date: /home/paolo/purple_whales_ws/firmware/mcu_ws/install/share/rcutils/local_setup.zsh
[1.425s] -- Installing: /home/paolo/purple_whales_ws/firmware/mcu_ws/install/share/rcutils/local_setup.dsv
[1.425s] -- Installing: /home/paolo/purple_whales_ws/firmware/mcu_ws/install/share/rcutils/package.dsv
[1.425s] -- Up-to-date: /home/paolo/purple_whales_ws/firmware/mcu_ws/install/share/ament_index/resource_index/packages/rcutils
[1.425s] -- Up-to-date: /home/paolo/purple_whales_ws/firmware/mcu_ws/install/share/rcutils/cmake/rcutilsExport.cmake
[1.425s] -- Up-to-date: /home/paolo/purple_whales_ws/firmware/mcu_ws/install/share/rcutils/cmake/rcutilsExport-debug.cmake
[1.427s] -- Up-to-date: /home/paolo/purple_whales_ws/firmware/mcu_ws/install/share/rcutils/cmake/ament_cmake_export_include_directories-extras.cmake
[1.427s] -- Up-to-date: /home/paolo/purple_whales_ws/firmware/mcu_ws/install/share/rcutils/cmake/ament_cmake_export_libraries-extras.cmake
[1.427s] -- Up-to-date: /home/paolo/purple_whales_ws/firmware/mcu_ws/install/share/rcutils/cmake/ament_cmake_export_targets-extras.cmake
[1.427s] -- Up-to-date: /home/paolo/purple_whales_ws/firmware/mcu_ws/install/share/rcutils/cmake/ament_cmake_export_dependencies-extras.cmake
[1.428s] -- Up-to-date: /home/paolo/purple_whales_ws/firmware/mcu_ws/install/share/rcutils/cmake/rcutilsConfig.cmake
[1.428s] -- Up-to-date: /home/paolo/purple_whales_ws/firmware/mcu_ws/install/share/rcutils/cmake/rcutilsConfig-version.cmake
[1.428s] -- Up-to-date: /home/paolo/purple_whales_ws/firmware/mcu_ws/install/share/rcutils/package.xml
[1.428s] -- Up-to-date: /home/paolo/purple_whales_ws/firmware/mcu_ws/install/include/rcutils
[1.428s] -- Up-to-date: /home/paolo/purple_whales_ws/firmware/mcu_ws/install/include/rcutils/rcutils
[1.428s] -- Up-to-date: /home/paolo/purple_whales_ws/firmware/mcu_ws/install/include/rcutils/rcutils/repl_str.h
[1.428s] -- Up-to-date: /home/paolo/purple_whales_ws/firmware/mcu_ws/install/include/rcutils/rcutils/strerror.h
[1.429s] -- Up-to-date: /home/paolo/purple_whales_ws/firmware/mcu_ws/install/include/rcutils/rcutils/configuration_flags.h.in
[1.429s] -- Up-to-date: /home/paolo/purple_whales_ws/firmware/mcu_ws/install/include/rcutils/rcutils/security_directory.h
[1.429s] -- Up-to-date: /home/paolo/purple_whales_ws/firmware/mcu_ws/install/include/rcutils/rcutils/cmdline_parser.h
[1.429s] -- Up-to-date: /home/paolo/purple_whales_ws/firmware/mcu_ws/install/include/rcutils/rcutils/allocator.h
[1.430s] -- Up-to-date: /home/paolo/purple_whales_ws/firmware/mcu_ws/install/include/rcutils/rcutils/process.h
[1.430s] -- Up-to-date: /home/paolo/purple_whales_ws/firmware/mcu_ws/install/include/rcutils/rcutils/logging.h
[1.430s] -- Up-to-date: /home/paolo/purple_whales_ws/firmware/mcu_ws/install/include/rcutils/rcutils/qsort.h
[1.430s] -- Up-to-date: /home/paolo/purple_whales_ws/firmware/mcu_ws/install/include/rcutils/rcutils/types
[1.430s] -- Up-to-date: /home/paolo/purple_whales_ws/firmware/mcu_ws/install/include/rcutils/rcutils/types/hash_map.h
[1.431s] -- Up-to-date: /home/paolo/purple_whales_ws/firmware/mcu_ws/install/include/rcutils/rcutils/types/uint8_array.h
[1.431s] -- Up-to-date: /home/paolo/purple_whales_ws/firmware/mcu_ws/install/include/rcutils/rcutils/types/char_array.h
[1.431s] -- Up-to-date: /home/paolo/purple_whales_ws/firmware/mcu_ws/install/include/rcutils/rcutils/types/string_map.h
[1.431s] -- Up-to-date: /home/paolo/purple_whales_ws/firmware/mcu_ws/install/include/rcutils/rcutils/types/array_list.h
[1.432s] -- Up-to-date: /home/paolo/purple_whales_ws/firmware/mcu_ws/install/include/rcutils/rcutils/types/rcutils_ret.h
[1.432s] -- Up-to-date: /home/paolo/purple_whales_ws/firmware/mcu_ws/install/include/rcutils/rcutils/types/string_array.h
[1.432s] -- Up-to-date: /home/paolo/purple_whales_ws/firmware/mcu_ws/install/include/rcutils/rcutils/time.h
[1.432s] -- Up-to-date: /home/paolo/purple_whales_ws/firmware/mcu_ws/install/include/rcutils/rcutils/strdup.h
[1.432s] -- Up-to-date: /home/paolo/purple_whales_ws/firmware/mcu_ws/install/include/rcutils/rcutils/stdatomic_helper.h
[1.433s] -- Up-to-date: /home/paolo/purple_whales_ws/firmware/mcu_ws/install/include/rcutils/rcutils/split.h
[1.433s] -- Up-to-date: /home/paolo/purple_whales_ws/firmware/mcu_ws/install/include/rcutils/rcutils/format_string.h
[1.433s] -- Up-to-date: /home/paolo/purple_whales_ws/firmware/mcu_ws/install/include/rcutils/rcutils/snprintf.h
[1.434s] -- Up-to-date: /home/paolo/purple_whales_ws/firmware/mcu_ws/install/include/rcutils/rcutils/error_handling.h
[1.435s] -- Up-to-date: /home/paolo/purple_whales_ws/firmware/mcu_ws/install/include/rcutils/rcutils/find.h
[1.436s] -- Up-to-date: /home/paolo/purple_whales_ws/firmware/mcu_ws/install/include/rcutils/rcutils/macros.h
[1.437s] -- Up-to-date: /home/paolo/purple_whales_ws/firmware/mcu_ws/install/include/rcutils/rcutils/visibility_control.h
[1.437s] -- Up-to-date: /home/paolo/purple_whales_ws/firmware/mcu_ws/install/include/rcutils/rcutils/isalnum_no_locale.h
[1.437s] -- Up-to-date: /home/paolo/purple_whales_ws/firmware/mcu_ws/install/include/rcutils/rcutils/testing
[1.439s] -- Up-to-date: /home/paolo/purple_whales_ws/firmware/mcu_ws/install/include/rcutils/rcutils/testing/fault_injection.h
[1.439s] -- Up-to-date: /home/paolo/purple_whales_ws/firmware/mcu_ws/install/include/rcutils/rcutils/types.h
[1.439s] -- Up-to-date: /home/paolo/purple_whales_ws/firmware/mcu_ws/install/include/rcutils/rcutils/shared_library.h
[1.439s] -- Up-to-date: /home/paolo/purple_whales_ws/firmware/mcu_ws/install/include/rcutils/rcutils/visibility_control_macros.h
[1.440s] -- Up-to-date: /home/paolo/purple_whales_ws/firmware/mcu_ws/install/include/rcutils/rcutils/strcasecmp.h
[1.440s] -- Up-to-date: /home/paolo/purple_whales_ws/firmware/mcu_ws/install/include/rcutils/rcutils/get_env.h
[1.441s] -- Up-to-date: /home/paolo/purple_whales_ws/firmware/mcu_ws/install/include/rcutils/rcutils/env.h
[1.441s] -- Up-to-date: /home/paolo/purple_whales_ws/firmware/mcu_ws/install/include/rcutils/rcutils/filesystem.h
[1.441s] -- Up-to-date: /home/paolo/purple_whales_ws/firmware/mcu_ws/install/include/rcutils/rcutils/stdatomic_helper
[1.441s] -- Up-to-date: /home/paolo/purple_whales_ws/firmware/mcu_ws/install/include/rcutils/rcutils/stdatomic_helper/win32
[1.442s] -- Up-to-date: /home/paolo/purple_whales_ws/firmware/mcu_ws/install/include/rcutils/rcutils/stdatomic_helper/win32/stdatomic.h
[1.442s] -- Up-to-date: /home/paolo/purple_whales_ws/firmware/mcu_ws/install/include/rcutils/rcutils/stdatomic_helper/gcc
[1.443s] -- Up-to-date: /home/paolo/purple_whales_ws/firmware/mcu_ws/install/include/rcutils/rcutils/stdatomic_helper/gcc/stdatomic.h
[1.444s] -- Up-to-date: /home/paolo/purple_whales_ws/firmware/mcu_ws/install/include/rcutils
[1.444s] -- Up-to-date: /home/paolo/purple_whales_ws/firmware/mcu_ws/install/include/rcutils/rcutils
[1.445s] -- Up-to-date: /home/paolo/purple_whales_ws/firmware/mcu_ws/install/include/rcutils/rcutils/logging_macros.h
[1.445s] -- Up-to-date: /home/paolo/purple_whales_ws/firmware/mcu_ws/install/include/rcutils/rcutils/configuration_flags.h
[1.489s] Invoked command in '/home/paolo/purple_whales_ws/firmware/mcu_ws/build/rcutils' returned '0': CMAKE_PREFIX_PATH=${CMAKE_PREFIX_PATH}:/home/paolo/purple_whales_ws/firmware/dev_ws/install/ament_uncrustify:/home/paolo/purple_whales_ws/firmware/dev_ws/install/domain_coordinator:/home/paolo/purple_whales_ws/firmware/dev_ws/install/ament_xmllint:/home/paolo/purple_whales_ws/firmware/dev_ws/install/ament_pyflakes:/home/paolo/purple_whales_ws/firmware/dev_ws/install/ament_pycodestyle:/home/paolo/purple_whales_ws/firmware/dev_ws/install/ament_pep257:/home/paolo/purple_whales_ws/firmware/dev_ws/install/ament_pclint:/home/paolo/purple_whales_ws/firmware/dev_ws/install/ament_package:/home/paolo/purple_whales_ws/firmware/dev_ws/install/ament_mypy:/home/paolo/purple_whales_ws/firmware/dev_ws/install/ament_lint_cmake:/home/paolo/purple_whales_ws/firmware/dev_ws/install/ament_flake8:/home/paolo/purple_whales_ws/firmware/dev_ws/install/ament_copyright:/home/paolo/purple_whales_ws/firmware/dev_ws/install/ament_lint:/home/paolo/purple_whales_ws/firmware/dev_ws/install/ament_index_python:/home/paolo/purple_whales_ws/firmware/dev_ws/install/ament_cpplint:/home/paolo/purple_whales_ws/firmware/dev_ws/install/ament_cppcheck:/home/paolo/purple_whales_ws/firmware/dev_ws/install/ament_clang_tidy:/home/paolo/purple_whales_ws/firmware/dev_ws/install/ament_clang_format /usr/bin/cmake --install /home/paolo/purple_whales_ws/firmware/mcu_ws/build/rcutils
