[2.651s] Invoking command in '/home/paolo/purple_whales_ws/firmware/mcu_ws/uros/tracetools/tracetools_read': PYTHONPATH=/home/paolo/purple_whales_ws/firmware/mcu_ws/build/tracetools_read/prefix_override:/home/paolo/purple_whales_ws/firmware/mcu_ws/install/lib/python3.10/site-packages:${PYTHONPATH} /home/paolo/purple_whales_ws/firmware/toolchain/espressif/python_env/idf4.1_py3.10_env/bin/python -W ignore:setup.py install is deprecated setup.py egg_info --egg-base ../../../build/tracetools_read build --build-base /home/paolo/purple_whales_ws/firmware/mcu_ws/build/tracetools_read/build install --record /home/paolo/purple_whales_ws/firmware/mcu_ws/build/tracetools_read/install.log --single-version-externally-managed install_data
[2.946s] running egg_info
[2.947s] creating ../../../build/tracetools_read/tracetools_read.egg-info
[2.956s] writing ../../../build/tracetools_read/tracetools_read.egg-info/PKG-INFO
[2.957s] writing dependency_links to ../../../build/tracetools_read/tracetools_read.egg-info/dependency_links.txt
[2.957s] writing requirements to ../../../build/tracetools_read/tracetools_read.egg-info/requires.txt
[2.958s] writing top-level names to ../../../build/tracetools_read/tracetools_read.egg-info/top_level.txt
[2.959s] writing manifest file '../../../build/tracetools_read/tracetools_read.egg-info/SOURCES.txt'
[2.979s] reading manifest file '../../../build/tracetools_read/tracetools_read.egg-info/SOURCES.txt'
[2.982s] writing manifest file '../../../build/tracetools_read/tracetools_read.egg-info/SOURCES.txt'
[2.982s] running build
[2.982s] running build_py
[2.983s] creating /home/paolo/purple_whales_ws/firmware/mcu_ws/build/tracetools_read/build
[2.984s] creating /home/paolo/purple_whales_ws/firmware/mcu_ws/build/tracetools_read/build/lib
[2.984s] creating /home/paolo/purple_whales_ws/firmware/mcu_ws/build/tracetools_read/build/lib/tracetools_read
[2.984s] copying tracetools_read/__init__.py -> /home/paolo/purple_whales_ws/firmware/mcu_ws/build/tracetools_read/build/lib/tracetools_read
[2.984s] copying tracetools_read/trace.py -> /home/paolo/purple_whales_ws/firmware/mcu_ws/build/tracetools_read/build/lib/tracetools_read
[2.985s] running install
[2.994s] running install_lib
[3.005s] creating /home/paolo/purple_whales_ws/firmware/mcu_ws/install/lib/python3.10/site-packages/tracetools_read
[3.005s] copying /home/paolo/purple_whales_ws/firmware/mcu_ws/build/tracetools_read/build/lib/tracetools_read/__init__.py -> /home/paolo/purple_whales_ws/firmware/mcu_ws/install/lib/python3.10/site-packages/tracetools_read
[3.005s] copying /home/paolo/purple_whales_ws/firmware/mcu_ws/build/tracetools_read/build/lib/tracetools_read/trace.py -> /home/paolo/purple_whales_ws/firmware/mcu_ws/install/lib/python3.10/site-packages/tracetools_read
[3.006s] byte-compiling /home/paolo/purple_whales_ws/firmware/mcu_ws/install/lib/python3.10/site-packages/tracetools_read/__init__.py to __init__.cpython-310.pyc
[3.007s] byte-compiling /home/paolo/purple_whales_ws/firmware/mcu_ws/install/lib/python3.10/site-packages/tracetools_read/trace.py to trace.cpython-310.pyc
[3.008s] running install_data
[3.008s] copying package.xml -> /home/paolo/purple_whales_ws/firmware/mcu_ws/install/share/tracetools_read
[3.009s] copying resource/tracetools_read -> /home/paolo/purple_whales_ws/firmware/mcu_ws/install/share/ament_index/resource_index/packages
[3.009s] running install_egg_info
[3.021s] Copying ../../../build/tracetools_read/tracetools_read.egg-info to /home/paolo/purple_whales_ws/firmware/mcu_ws/install/lib/python3.10/site-packages/tracetools_read-4.1.1-py3.10.egg-info
[3.021s] running install_scripts
[3.125s] writing list of installed files to '/home/paolo/purple_whales_ws/firmware/mcu_ws/build/tracetools_read/install.log'
[3.444s] Invoked command in '/home/paolo/purple_whales_ws/firmware/mcu_ws/uros/tracetools/tracetools_read' returned '0': PYTHONPATH=/home/paolo/purple_whales_ws/firmware/mcu_ws/build/tracetools_read/prefix_override:/home/paolo/purple_whales_ws/firmware/mcu_ws/install/lib/python3.10/site-packages:${PYTHONPATH} /home/paolo/purple_whales_ws/firmware/toolchain/espressif/python_env/idf4.1_py3.10_env/bin/python -W ignore:setup.py install is deprecated setup.py egg_info --egg-base ../../../build/tracetools_read build --build-base /home/paolo/purple_whales_ws/firmware/mcu_ws/build/tracetools_read/build install --record /home/paolo/purple_whales_ws/firmware/mcu_ws/build/tracetools_read/install.log --single-version-externally-managed install_data
