gmake[4]: Entering directory '/home/paolo/purple_whales_ws/firmware/mcu_ws/build/micro_ros_msgs'
/usr/bin/cmake -S/home/paolo/purple_whales_ws/firmware/mcu_ws/uros/micro_ros_msgs -B/home/paolo/purple_whales_ws/firmware/mcu_ws/build/micro_ros_msgs --check-build-system CMakeFiles/Makefile.cmake 0
Re-run cmake file: Makefile older than: /home/paolo/purple_whales_ws/firmware/freertos_apps/microros_esp32_extensions/esp32_toolchain.cmake
-- Found ament_cmake: 1.3.8 (/home/paolo/purple_whales_ws/firmware/dev_ws/install/ament_cmake/share/ament_cmake/cmake)
-- Found rosidl_default_generators: 1.2.0 (/home/paolo/purple_whales_ws/firmware/mcu_ws/install/share/rosidl_default_generators/cmake)
-- Using all available rosidl_typesupport_c: rosidl_typesupport_introspection_c;rosidl_typesupport_microxrcedds_c
-- Found rosidl_adapter: 3.1.5 (/home/paolo/purple_whales_ws/firmware/mcu_ws/install/share/rosidl_adapter/cmake)
-- Found ament_cmake_ros: 0.10.0 (/home/paolo/purple_whales_ws/firmware/dev_ws/install/ament_cmake_ros/share/ament_cmake_ros/cmake)
-- Using all available rosidl_typesupport_c: rosidl_typesupport_introspection_c;rosidl_typesupport_microxrcedds_c
-- Configuring done
-- Generating done
-- Build files have been written to: /home/paolo/purple_whales_ws/firmware/mcu_ws/build/micro_ros_msgs
/usr/bin/cmake -E cmake_progress_start /home/paolo/purple_whales_ws/firmware/mcu_ws/build/micro_ros_msgs/CMakeFiles /home/paolo/purple_whales_ws/firmware/mcu_ws/build/micro_ros_msgs//CMakeFiles/progress.marks
/usr/bin/gmake  -f CMakeFiles/Makefile2 all
gmake[5]: Entering directory '/home/paolo/purple_whales_ws/firmware/mcu_ws/build/micro_ros_msgs'
/usr/bin/gmake  -f CMakeFiles/micro_ros_msgs__rosidl_generator_c.dir/build.make CMakeFiles/micro_ros_msgs__rosidl_generator_c.dir/depend
gmake[6]: Entering directory '/home/paolo/purple_whales_ws/firmware/mcu_ws/build/micro_ros_msgs'
cd /home/paolo/purple_whales_ws/firmware/mcu_ws/build/micro_ros_msgs && /usr/bin/cmake -E cmake_depends "Unix Makefiles" /home/paolo/purple_whales_ws/firmware/mcu_ws/uros/micro_ros_msgs /home/paolo/purple_whales_ws/firmware/mcu_ws/uros/micro_ros_msgs /home/paolo/purple_whales_ws/firmware/mcu_ws/build/micro_ros_msgs /home/paolo/purple_whales_ws/firmware/mcu_ws/build/micro_ros_msgs /home/paolo/purple_whales_ws/firmware/mcu_ws/build/micro_ros_msgs/CMakeFiles/micro_ros_msgs__rosidl_generator_c.dir/DependInfo.cmake --color=
Dependencies file "CMakeFiles/micro_ros_msgs__rosidl_generator_c.dir/rosidl_generator_c/micro_ros_msgs/msg/detail/entity__functions.c.obj.d" is newer than depends file "/home/paolo/purple_whales_ws/firmware/mcu_ws/build/micro_ros_msgs/CMakeFiles/micro_ros_msgs__rosidl_generator_c.dir/compiler_depend.internal".
Dependencies file "CMakeFiles/micro_ros_msgs__rosidl_generator_c.dir/rosidl_generator_c/micro_ros_msgs/msg/detail/graph__functions.c.obj.d" is newer than depends file "/home/paolo/purple_whales_ws/firmware/mcu_ws/build/micro_ros_msgs/CMakeFiles/micro_ros_msgs__rosidl_generator_c.dir/compiler_depend.internal".
Dependencies file "CMakeFiles/micro_ros_msgs__rosidl_generator_c.dir/rosidl_generator_c/micro_ros_msgs/msg/detail/node__functions.c.obj.d" is newer than depends file "/home/paolo/purple_whales_ws/firmware/mcu_ws/build/micro_ros_msgs/CMakeFiles/micro_ros_msgs__rosidl_generator_c.dir/compiler_depend.internal".
[35m[1mConsolidate compiler generated dependencies of target micro_ros_msgs__rosidl_generator_c[0m
gmake[6]: Leaving directory '/home/paolo/purple_whales_ws/firmware/mcu_ws/build/micro_ros_msgs'
/usr/bin/gmake  -f CMakeFiles/micro_ros_msgs__rosidl_generator_c.dir/build.make CMakeFiles/micro_ros_msgs__rosidl_generator_c.dir/build
gmake[6]: Entering directory '/home/paolo/purple_whales_ws/firmware/mcu_ws/build/micro_ros_msgs'
gmake[6]: Nothing to be done for 'CMakeFiles/micro_ros_msgs__rosidl_generator_c.dir/build'.
gmake[6]: Leaving directory '/home/paolo/purple_whales_ws/firmware/mcu_ws/build/micro_ros_msgs'
[ 25%] Built target micro_ros_msgs__rosidl_generator_c
/usr/bin/gmake  -f CMakeFiles/micro_ros_msgs__rosidl_typesupport_introspection_c.dir/build.make CMakeFiles/micro_ros_msgs__rosidl_typesupport_introspection_c.dir/depend
/usr/bin/gmake  -f CMakeFiles/micro_ros_msgs__rosidl_typesupport_microxrcedds_c.dir/build.make CMakeFiles/micro_ros_msgs__rosidl_typesupport_microxrcedds_c.dir/depend
/usr/bin/gmake  -f CMakeFiles/micro_ros_msgs__rosidl_typesupport_c.dir/build.make CMakeFiles/micro_ros_msgs__rosidl_typesupport_c.dir/depend
gmake[6]: Entering directory '/home/paolo/purple_whales_ws/firmware/mcu_ws/build/micro_ros_msgs'
cd /home/paolo/purple_whales_ws/firmware/mcu_ws/build/micro_ros_msgs && /usr/bin/cmake -E cmake_depends "Unix Makefiles" /home/paolo/purple_whales_ws/firmware/mcu_ws/uros/micro_ros_msgs /home/paolo/purple_whales_ws/firmware/mcu_ws/uros/micro_ros_msgs /home/paolo/purple_whales_ws/firmware/mcu_ws/build/micro_ros_msgs /home/paolo/purple_whales_ws/firmware/mcu_ws/build/micro_ros_msgs /home/paolo/purple_whales_ws/firmware/mcu_ws/build/micro_ros_msgs/CMakeFiles/micro_ros_msgs__rosidl_typesupport_introspection_c.dir/DependInfo.cmake --color=
gmake[6]: Entering directory '/home/paolo/purple_whales_ws/firmware/mcu_ws/build/micro_ros_msgs'
cd /home/paolo/purple_whales_ws/firmware/mcu_ws/build/micro_ros_msgs && /usr/bin/cmake -E cmake_depends "Unix Makefiles" /home/paolo/purple_whales_ws/firmware/mcu_ws/uros/micro_ros_msgs /home/paolo/purple_whales_ws/firmware/mcu_ws/uros/micro_ros_msgs /home/paolo/purple_whales_ws/firmware/mcu_ws/build/micro_ros_msgs /home/paolo/purple_whales_ws/firmware/mcu_ws/build/micro_ros_msgs /home/paolo/purple_whales_ws/firmware/mcu_ws/build/micro_ros_msgs/CMakeFiles/micro_ros_msgs__rosidl_typesupport_microxrcedds_c.dir/DependInfo.cmake --color=
gmake[6]: Entering directory '/home/paolo/purple_whales_ws/firmware/mcu_ws/build/micro_ros_msgs'
cd /home/paolo/purple_whales_ws/firmware/mcu_ws/build/micro_ros_msgs && /usr/bin/cmake -E cmake_depends "Unix Makefiles" /home/paolo/purple_whales_ws/firmware/mcu_ws/uros/micro_ros_msgs /home/paolo/purple_whales_ws/firmware/mcu_ws/uros/micro_ros_msgs /home/paolo/purple_whales_ws/firmware/mcu_ws/build/micro_ros_msgs /home/paolo/purple_whales_ws/firmware/mcu_ws/build/micro_ros_msgs /home/paolo/purple_whales_ws/firmware/mcu_ws/build/micro_ros_msgs/CMakeFiles/micro_ros_msgs__rosidl_typesupport_c.dir/DependInfo.cmake --color=
Dependencies file "CMakeFiles/micro_ros_msgs__rosidl_typesupport_c.dir/rosidl_typesupport_c/micro_ros_msgs/msg/entity__type_support.cpp.obj.d" is newer than depends file "/home/paolo/purple_whales_ws/firmware/mcu_ws/build/micro_ros_msgs/CMakeFiles/micro_ros_msgs__rosidl_typesupport_c.dir/compiler_depend.internal".
Dependencies file "CMakeFiles/micro_ros_msgs__rosidl_typesupport_microxrcedds_c.dir/rosidl_typesupport_microxrcedds_c/micro_ros_msgs/msg/detail/microxrcedds/entity__type_support_c.c.obj.d" is newer than depends file "/home/paolo/purple_whales_ws/firmware/mcu_ws/build/micro_ros_msgs/CMakeFiles/micro_ros_msgs__rosidl_typesupport_microxrcedds_c.dir/compiler_depend.internal".
Dependencies file "CMakeFiles/micro_ros_msgs__rosidl_typesupport_introspection_c.dir/rosidl_typesupport_introspection_c/micro_ros_msgs/msg/detail/entity__type_support.c.obj.d" is newer than depends file "/home/paolo/purple_whales_ws/firmware/mcu_ws/build/micro_ros_msgs/CMakeFiles/micro_ros_msgs__rosidl_typesupport_introspection_c.dir/compiler_depend.internal".
Dependencies file "CMakeFiles/micro_ros_msgs__rosidl_typesupport_c.dir/rosidl_typesupport_c/micro_ros_msgs/msg/graph__type_support.cpp.obj.d" is newer than depends file "/home/paolo/purple_whales_ws/firmware/mcu_ws/build/micro_ros_msgs/CMakeFiles/micro_ros_msgs__rosidl_typesupport_c.dir/compiler_depend.internal".
Dependencies file "CMakeFiles/micro_ros_msgs__rosidl_typesupport_introspection_c.dir/rosidl_typesupport_introspection_c/micro_ros_msgs/msg/detail/graph__type_support.c.obj.d" is newer than depends file "/home/paolo/purple_whales_ws/firmware/mcu_ws/build/micro_ros_msgs/CMakeFiles/micro_ros_msgs__rosidl_typesupport_introspection_c.dir/compiler_depend.internal".
Dependencies file "CMakeFiles/micro_ros_msgs__rosidl_typesupport_c.dir/rosidl_typesupport_c/micro_ros_msgs/msg/node__type_support.cpp.obj.d" is newer than depends file "/home/paolo/purple_whales_ws/firmware/mcu_ws/build/micro_ros_msgs/CMakeFiles/micro_ros_msgs__rosidl_typesupport_c.dir/compiler_depend.internal".
Dependencies file "CMakeFiles/micro_ros_msgs__rosidl_typesupport_microxrcedds_c.dir/rosidl_typesupport_microxrcedds_c/micro_ros_msgs/msg/detail/microxrcedds/graph__type_support_c.c.obj.d" is newer than depends file "/home/paolo/purple_whales_ws/firmware/mcu_ws/build/micro_ros_msgs/CMakeFiles/micro_ros_msgs__rosidl_typesupport_microxrcedds_c.dir/compiler_depend.internal".
[35m[1mConsolidate compiler generated dependencies of target micro_ros_msgs__rosidl_typesupport_c[0m
Dependencies file "CMakeFiles/micro_ros_msgs__rosidl_typesupport_introspection_c.dir/rosidl_typesupport_introspection_c/micro_ros_msgs/msg/detail/node__type_support.c.obj.d" is newer than depends file "/home/paolo/purple_whales_ws/firmware/mcu_ws/build/micro_ros_msgs/CMakeFiles/micro_ros_msgs__rosidl_typesupport_introspection_c.dir/compiler_depend.internal".
Dependencies file "CMakeFiles/micro_ros_msgs__rosidl_typesupport_microxrcedds_c.dir/rosidl_typesupport_microxrcedds_c/micro_ros_msgs/msg/detail/microxrcedds/node__type_support_c.c.obj.d" is newer than depends file "/home/paolo/purple_whales_ws/firmware/mcu_ws/build/micro_ros_msgs/CMakeFiles/micro_ros_msgs__rosidl_typesupport_microxrcedds_c.dir/compiler_depend.internal".
[35m[1mConsolidate compiler generated dependencies of target micro_ros_msgs__rosidl_typesupport_introspection_c[0m
[35m[1mConsolidate compiler generated dependencies of target micro_ros_msgs__rosidl_typesupport_microxrcedds_c[0m
gmake[6]: Leaving directory '/home/paolo/purple_whales_ws/firmware/mcu_ws/build/micro_ros_msgs'
gmake[6]: Leaving directory '/home/paolo/purple_whales_ws/firmware/mcu_ws/build/micro_ros_msgs'
gmake[6]: Leaving directory '/home/paolo/purple_whales_ws/firmware/mcu_ws/build/micro_ros_msgs'
/usr/bin/gmake  -f CMakeFiles/micro_ros_msgs__rosidl_typesupport_introspection_c.dir/build.make CMakeFiles/micro_ros_msgs__rosidl_typesupport_introspection_c.dir/build
/usr/bin/gmake  -f CMakeFiles/micro_ros_msgs__rosidl_typesupport_microxrcedds_c.dir/build.make CMakeFiles/micro_ros_msgs__rosidl_typesupport_microxrcedds_c.dir/build
/usr/bin/gmake  -f CMakeFiles/micro_ros_msgs__rosidl_typesupport_c.dir/build.make CMakeFiles/micro_ros_msgs__rosidl_typesupport_c.dir/build
gmake[6]: Entering directory '/home/paolo/purple_whales_ws/firmware/mcu_ws/build/micro_ros_msgs'
gmake[6]: Nothing to be done for 'CMakeFiles/micro_ros_msgs__rosidl_typesupport_c.dir/build'.
gmake[6]: Entering directory '/home/paolo/purple_whales_ws/firmware/mcu_ws/build/micro_ros_msgs'
gmake[6]: Leaving directory '/home/paolo/purple_whales_ws/firmware/mcu_ws/build/micro_ros_msgs'
gmake[6]: Nothing to be done for 'CMakeFiles/micro_ros_msgs__rosidl_typesupport_introspection_c.dir/build'.
gmake[6]: Leaving directory '/home/paolo/purple_whales_ws/firmware/mcu_ws/build/micro_ros_msgs'
gmake[6]: Entering directory '/home/paolo/purple_whales_ws/firmware/mcu_ws/build/micro_ros_msgs'
gmake[6]: Nothing to be done for 'CMakeFiles/micro_ros_msgs__rosidl_typesupport_microxrcedds_c.dir/build'.
gmake[6]: Leaving directory '/home/paolo/purple_whales_ws/firmware/mcu_ws/build/micro_ros_msgs'
[ 50%] Built target micro_ros_msgs__rosidl_typesupport_introspection_c
[ 90%] Built target micro_ros_msgs__rosidl_typesupport_microxrcedds_c
[100%] Built target micro_ros_msgs__rosidl_typesupport_c
/usr/bin/gmake  -f CMakeFiles/micro_ros_msgs.dir/build.make CMakeFiles/micro_ros_msgs.dir/depend
gmake[6]: Entering directory '/home/paolo/purple_whales_ws/firmware/mcu_ws/build/micro_ros_msgs'
cd /home/paolo/purple_whales_ws/firmware/mcu_ws/build/micro_ros_msgs && /usr/bin/cmake -E cmake_depends "Unix Makefiles" /home/paolo/purple_whales_ws/firmware/mcu_ws/uros/micro_ros_msgs /home/paolo/purple_whales_ws/firmware/mcu_ws/uros/micro_ros_msgs /home/paolo/purple_whales_ws/firmware/mcu_ws/build/micro_ros_msgs /home/paolo/purple_whales_ws/firmware/mcu_ws/build/micro_ros_msgs /home/paolo/purple_whales_ws/firmware/mcu_ws/build/micro_ros_msgs/CMakeFiles/micro_ros_msgs.dir/DependInfo.cmake --color=
gmake[6]: Leaving directory '/home/paolo/purple_whales_ws/firmware/mcu_ws/build/micro_ros_msgs'
/usr/bin/gmake  -f CMakeFiles/micro_ros_msgs.dir/build.make CMakeFiles/micro_ros_msgs.dir/build
gmake[6]: Entering directory '/home/paolo/purple_whales_ws/firmware/mcu_ws/build/micro_ros_msgs'
gmake[6]: Nothing to be done for 'CMakeFiles/micro_ros_msgs.dir/build'.
gmake[6]: Leaving directory '/home/paolo/purple_whales_ws/firmware/mcu_ws/build/micro_ros_msgs'
[100%] Built target micro_ros_msgs
gmake[5]: Leaving directory '/home/paolo/purple_whales_ws/firmware/mcu_ws/build/micro_ros_msgs'
/usr/bin/cmake -E cmake_progress_start /home/paolo/purple_whales_ws/firmware/mcu_ws/build/micro_ros_msgs/CMakeFiles 0
gmake[4]: Leaving directory '/home/paolo/purple_whales_ws/firmware/mcu_ws/build/micro_ros_msgs'
-- Install configuration: "Debug"
-- Up-to-date: /home/paolo/purple_whales_ws/firmware/mcu_ws/install/share/ament_index/resource_index/rosidl_interfaces/micro_ros_msgs
-- Up-to-date: /home/paolo/purple_whales_ws/firmware/mcu_ws/install/include/micro_ros_msgs/micro_ros_msgs
-- Up-to-date: /home/paolo/purple_whales_ws/firmware/mcu_ws/install/include/micro_ros_msgs/micro_ros_msgs/msg
-- Up-to-date: /home/paolo/purple_whales_ws/firmware/mcu_ws/install/include/micro_ros_msgs/micro_ros_msgs/msg/entity.h
-- Up-to-date: /home/paolo/purple_whales_ws/firmware/mcu_ws/install/include/micro_ros_msgs/micro_ros_msgs/msg/node.h
-- Up-to-date: /home/paolo/purple_whales_ws/firmware/mcu_ws/install/include/micro_ros_msgs/micro_ros_msgs/msg/graph.h
-- Up-to-date: /home/paolo/purple_whales_ws/firmware/mcu_ws/install/include/micro_ros_msgs/micro_ros_msgs/msg/detail
-- Up-to-date: /home/paolo/purple_whales_ws/firmware/mcu_ws/install/include/micro_ros_msgs/micro_ros_msgs/msg/detail/entity__struct.h
-- Up-to-date: /home/paolo/purple_whales_ws/firmware/mcu_ws/install/include/micro_ros_msgs/micro_ros_msgs/msg/detail/graph__struct.h
-- Up-to-date: /home/paolo/purple_whales_ws/firmware/mcu_ws/install/include/micro_ros_msgs/micro_ros_msgs/msg/detail/node__type_support.h
-- Up-to-date: /home/paolo/purple_whales_ws/firmware/mcu_ws/install/include/micro_ros_msgs/micro_ros_msgs/msg/detail/graph__functions.c
-- Up-to-date: /home/paolo/purple_whales_ws/firmware/mcu_ws/install/include/micro_ros_msgs/micro_ros_msgs/msg/detail/node__functions.h
-- Up-to-date: /home/paolo/purple_whales_ws/firmware/mcu_ws/install/include/micro_ros_msgs/micro_ros_msgs/msg/detail/graph__functions.h
-- Up-to-date: /home/paolo/purple_whales_ws/firmware/mcu_ws/install/include/micro_ros_msgs/micro_ros_msgs/msg/detail/node__functions.c
-- Up-to-date: /home/paolo/purple_whales_ws/firmware/mcu_ws/install/include/micro_ros_msgs/micro_ros_msgs/msg/detail/entity__type_support.h
-- Up-to-date: /home/paolo/purple_whales_ws/firmware/mcu_ws/install/include/micro_ros_msgs/micro_ros_msgs/msg/detail/node__struct.h
-- Up-to-date: /home/paolo/purple_whales_ws/firmware/mcu_ws/install/include/micro_ros_msgs/micro_ros_msgs/msg/detail/graph__type_support.h
-- Up-to-date: /home/paolo/purple_whales_ws/firmware/mcu_ws/install/include/micro_ros_msgs/micro_ros_msgs/msg/detail/entity__functions.c
-- Up-to-date: /home/paolo/purple_whales_ws/firmware/mcu_ws/install/include/micro_ros_msgs/micro_ros_msgs/msg/detail/entity__functions.h
-- Up-to-date: /home/paolo/purple_whales_ws/firmware/mcu_ws/install/include/micro_ros_msgs/micro_ros_msgs/msg/rosidl_generator_c__visibility_control.h
-- Up-to-date: /home/paolo/purple_whales_ws/firmware/mcu_ws/install/share/micro_ros_msgs/environment/library_path.sh
-- Installing: /home/paolo/purple_whales_ws/firmware/mcu_ws/install/share/micro_ros_msgs/environment/library_path.dsv
-- Up-to-date: /home/paolo/purple_whales_ws/firmware/mcu_ws/install/lib/libmicro_ros_msgs__rosidl_generator_c.a
-- Up-to-date: /home/paolo/purple_whales_ws/firmware/mcu_ws/install/include/micro_ros_msgs/micro_ros_msgs
-- Up-to-date: /home/paolo/purple_whales_ws/firmware/mcu_ws/install/include/micro_ros_msgs/micro_ros_msgs/msg
-- Up-to-date: /home/paolo/purple_whales_ws/firmware/mcu_ws/install/include/micro_ros_msgs/micro_ros_msgs/msg/detail
-- Up-to-date: /home/paolo/purple_whales_ws/firmware/mcu_ws/install/include/micro_ros_msgs/micro_ros_msgs/msg/detail/entity__type_support.c
-- Up-to-date: /home/paolo/purple_whales_ws/firmware/mcu_ws/install/include/micro_ros_msgs/micro_ros_msgs/msg/detail/graph__rosidl_typesupport_introspection_c.h
-- Up-to-date: /home/paolo/purple_whales_ws/firmware/mcu_ws/install/include/micro_ros_msgs/micro_ros_msgs/msg/detail/node__type_support.c
-- Up-to-date: /home/paolo/purple_whales_ws/firmware/mcu_ws/install/include/micro_ros_msgs/micro_ros_msgs/msg/detail/entity__rosidl_typesupport_introspection_c.h
-- Up-to-date: /home/paolo/purple_whales_ws/firmware/mcu_ws/install/include/micro_ros_msgs/micro_ros_msgs/msg/detail/node__rosidl_typesupport_introspection_c.h
-- Up-to-date: /home/paolo/purple_whales_ws/firmware/mcu_ws/install/include/micro_ros_msgs/micro_ros_msgs/msg/detail/graph__type_support.c
-- Up-to-date: /home/paolo/purple_whales_ws/firmware/mcu_ws/install/include/micro_ros_msgs/micro_ros_msgs/msg/rosidl_typesupport_introspection_c__visibility_control.h
-- Up-to-date: /home/paolo/purple_whales_ws/firmware/mcu_ws/install/lib/libmicro_ros_msgs__rosidl_typesupport_introspection_c.a
-- Up-to-date: /home/paolo/purple_whales_ws/firmware/mcu_ws/install/include/micro_ros_msgs
-- Up-to-date: /home/paolo/purple_whales_ws/firmware/mcu_ws/install/include/micro_ros_msgs/msg
-- Up-to-date: /home/paolo/purple_whales_ws/firmware/mcu_ws/install/include/micro_ros_msgs/msg/detail
-- Up-to-date: /home/paolo/purple_whales_ws/firmware/mcu_ws/install/include/micro_ros_msgs/msg/detail/microxrcedds
-- Up-to-date: /home/paolo/purple_whales_ws/firmware/mcu_ws/install/include/micro_ros_msgs/msg/detail/entity__rosidl_typesupport_microxrcedds_c.h
-- Up-to-date: /home/paolo/purple_whales_ws/firmware/mcu_ws/install/include/micro_ros_msgs/msg/detail/graph__rosidl_typesupport_microxrcedds_c.h
-- Up-to-date: /home/paolo/purple_whales_ws/firmware/mcu_ws/install/include/micro_ros_msgs/msg/detail/node__rosidl_typesupport_microxrcedds_c.h
-- Up-to-date: /home/paolo/purple_whales_ws/firmware/mcu_ws/install/include/micro_ros_msgs/msg/rosidl_typesupport_microxrcedds_c__visibility_control.h
-- Up-to-date: /home/paolo/purple_whales_ws/firmware/mcu_ws/install/lib/libmicro_ros_msgs__rosidl_typesupport_microxrcedds_c.a
-- Up-to-date: /home/paolo/purple_whales_ws/firmware/mcu_ws/install/lib/libmicro_ros_msgs__rosidl_typesupport_c.a
-- Up-to-date: /home/paolo/purple_whales_ws/firmware/mcu_ws/install/share/micro_ros_msgs/msg/Graph.idl
-- Up-to-date: /home/paolo/purple_whales_ws/firmware/mcu_ws/install/share/micro_ros_msgs/msg/Node.idl
-- Up-to-date: /home/paolo/purple_whales_ws/firmware/mcu_ws/install/share/micro_ros_msgs/msg/Entity.idl
-- Up-to-date: /home/paolo/purple_whales_ws/firmware/mcu_ws/install/share/micro_ros_msgs/msg/Graph.msg
-- Up-to-date: /home/paolo/purple_whales_ws/firmware/mcu_ws/install/share/micro_ros_msgs/msg/Node.msg
-- Up-to-date: /home/paolo/purple_whales_ws/firmware/mcu_ws/install/share/micro_ros_msgs/msg/Entity.msg
-- Up-to-date: /home/paolo/purple_whales_ws/firmware/mcu_ws/install/share/ament_index/resource_index/package_run_dependencies/micro_ros_msgs
-- Up-to-date: /home/paolo/purple_whales_ws/firmware/mcu_ws/install/share/ament_index/resource_index/parent_prefix_path/micro_ros_msgs
-- Up-to-date: /home/paolo/purple_whales_ws/firmware/mcu_ws/install/share/micro_ros_msgs/environment/ament_prefix_path.sh
-- Installing: /home/paolo/purple_whales_ws/firmware/mcu_ws/install/share/micro_ros_msgs/environment/ament_prefix_path.dsv
-- Up-to-date: /home/paolo/purple_whales_ws/firmware/mcu_ws/install/share/micro_ros_msgs/environment/path.sh
-- Installing: /home/paolo/purple_whales_ws/firmware/mcu_ws/install/share/micro_ros_msgs/environment/path.dsv
-- Up-to-date: /home/paolo/purple_whales_ws/firmware/mcu_ws/install/share/micro_ros_msgs/local_setup.bash
-- Up-to-date: /home/paolo/purple_whales_ws/firmware/mcu_ws/install/share/micro_ros_msgs/local_setup.sh
-- Up-to-date: /home/paolo/purple_whales_ws/firmware/mcu_ws/install/share/micro_ros_msgs/local_setup.zsh
-- Installing: /home/paolo/purple_whales_ws/firmware/mcu_ws/install/share/micro_ros_msgs/local_setup.dsv
-- Installing: /home/paolo/purple_whales_ws/firmware/mcu_ws/install/share/micro_ros_msgs/package.dsv
-- Up-to-date: /home/paolo/purple_whales_ws/firmware/mcu_ws/install/share/ament_index/resource_index/packages/micro_ros_msgs
-- Up-to-date: /home/paolo/purple_whales_ws/firmware/mcu_ws/install/share/micro_ros_msgs/cmake/export_micro_ros_msgs__rosidl_generator_cExport.cmake
-- Up-to-date: /home/paolo/purple_whales_ws/firmware/mcu_ws/install/share/micro_ros_msgs/cmake/export_micro_ros_msgs__rosidl_generator_cExport-debug.cmake
-- Up-to-date: /home/paolo/purple_whales_ws/firmware/mcu_ws/install/share/micro_ros_msgs/cmake/micro_ros_msgs__rosidl_typesupport_introspection_cExport.cmake
-- Up-to-date: /home/paolo/purple_whales_ws/firmware/mcu_ws/install/share/micro_ros_msgs/cmake/micro_ros_msgs__rosidl_typesupport_introspection_cExport-debug.cmake
-- Up-to-date: /home/paolo/purple_whales_ws/firmware/mcu_ws/install/share/micro_ros_msgs/cmake/micro_ros_msgs__rosidl_typesupport_cExport.cmake
-- Up-to-date: /home/paolo/purple_whales_ws/firmware/mcu_ws/install/share/micro_ros_msgs/cmake/micro_ros_msgs__rosidl_typesupport_cExport-debug.cmake
-- Up-to-date: /home/paolo/purple_whales_ws/firmware/mcu_ws/install/share/micro_ros_msgs/cmake/rosidl_cmake-extras.cmake
-- Up-to-date: /home/paolo/purple_whales_ws/firmware/mcu_ws/install/share/micro_ros_msgs/cmake/ament_cmake_export_include_directories-extras.cmake
-- Up-to-date: /home/paolo/purple_whales_ws/firmware/mcu_ws/install/share/micro_ros_msgs/cmake/ament_cmake_export_libraries-extras.cmake
-- Up-to-date: /home/paolo/purple_whales_ws/firmware/mcu_ws/install/share/micro_ros_msgs/cmake/ament_cmake_export_targets-extras.cmake
-- Up-to-date: /home/paolo/purple_whales_ws/firmware/mcu_ws/install/share/micro_ros_msgs/cmake/rosidl_cmake_export_typesupport_targets-extras.cmake
-- Up-to-date: /home/paolo/purple_whales_ws/firmware/mcu_ws/install/share/micro_ros_msgs/cmake/ament_cmake_export_dependencies-extras.cmake
-- Up-to-date: /home/paolo/purple_whales_ws/firmware/mcu_ws/install/share/micro_ros_msgs/cmake/rosidl_cmake_export_typesupport_libraries-extras.cmake
-- Up-to-date: /home/paolo/purple_whales_ws/firmware/mcu_ws/install/share/micro_ros_msgs/cmake/micro_ros_msgsConfig.cmake
-- Up-to-date: /home/paolo/purple_whales_ws/firmware/mcu_ws/install/share/micro_ros_msgs/cmake/micro_ros_msgsConfig-version.cmake
-- Up-to-date: /home/paolo/purple_whales_ws/firmware/mcu_ws/install/share/micro_ros_msgs/package.xml
