[0.232s] Invoking command in '/home/paolo/purple_whales_ws/firmware/mcu_ws/build/micro_ros_msgs': AMENT_PREFIX_PATH=/home/paolo/purple_whales_ws/firmware/mcu_ws/install:${AMENT_PREFIX_PATH} CMAKE_PREFIX_PATH=/home/paolo/purple_whales_ws/firmware/mcu_ws/install:/home/paolo/purple_whales_ws/firmware/dev_ws/install/ament_lint_common:/home/paolo/purple_whales_ws/firmware/dev_ws/install/ament_cmake_uncrustify:/home/paolo/purple_whales_ws/firmware/dev_ws/install/uncrustify_vendor:/home/paolo/purple_whales_ws/firmware/dev_ws/install/ament_cmake_ros:/home/paolo/purple_whales_ws/firmware/dev_ws/install/ament_cmake_auto:/home/paolo/purple_whales_ws/firmware/dev_ws/install/ament_cmake_gmock:/home/paolo/purple_whales_ws/firmware/dev_ws/install/gmock_vendor:/home/paolo/purple_whales_ws/firmware/dev_ws/install/ament_cmake_gtest:/home/paolo/purple_whales_ws/firmware/dev_ws/install/gtest_vendor:/home/paolo/purple_whales_ws/firmware/dev_ws/install/ament_cmake_xmllint:/home/paolo/purple_whales_ws/firmware/dev_ws/install/ament_cmake_pyflakes:/home/paolo/purple_whales_ws/firmware/dev_ws/install/ament_cmake_pycodestyle:/home/paolo/purple_whales_ws/firmware/dev_ws/install/ament_cmake_pep257:/home/paolo/purple_whales_ws/firmware/dev_ws/install/ament_cmake_pclint:/home/paolo/purple_whales_ws/firmware/dev_ws/install/ament_lint_auto:/home/paolo/purple_whales_ws/firmware/dev_ws/install/ament_cmake:/home/paolo/purple_whales_ws/firmware/dev_ws/install/ament_cmake_version:/home/paolo/purple_whales_ws/firmware/dev_ws/install/ament_cmake_vendor_package:/home/paolo/purple_whales_ws/firmware/dev_ws/install/ament_cmake_pytest:/home/paolo/purple_whales_ws/firmware/dev_ws/install/ament_cmake_nose:/home/paolo/purple_whales_ws/firmware/dev_ws/install/ament_cmake_mypy:/home/paolo/purple_whales_ws/firmware/dev_ws/install/ament_cmake_lint_cmake:/home/paolo/purple_whales_ws/firmware/dev_ws/install/ament_cmake_google_benchmark:/home/paolo/purple_whales_ws/firmware/dev_ws/install/ament_cmake_flake8:/home/paolo/purple_whales_ws/firmware/dev_ws/install/ament_cmake_cpplint:/home/paolo/purple_whales_ws/firmware/dev_ws/install/ament_cmake_cppcheck:/home/paolo/purple_whales_ws/firmware/dev_ws/install/ament_cmake_copyright:/home/paolo/purple_whales_ws/firmware/dev_ws/install/ament_cmake_clang_tidy:/home/paolo/purple_whales_ws/firmware/dev_ws/install/ament_cmake_clang_format:/home/paolo/purple_whales_ws/firmware/dev_ws/install/ament_cmake_test:/home/paolo/purple_whales_ws/firmware/dev_ws/install/ament_cmake_target_dependencies:/home/paolo/purple_whales_ws/firmware/dev_ws/install/ament_cmake_python:/home/paolo/purple_whales_ws/firmware/dev_ws/install/ament_cmake_export_dependencies:/home/paolo/purple_whales_ws/firmware/dev_ws/install/ament_cmake_libraries:/home/paolo/purple_whales_ws/firmware/dev_ws/install/ament_cmake_include_directories:/home/paolo/purple_whales_ws/firmware/dev_ws/install/ament_cmake_gen_version_h:/home/paolo/purple_whales_ws/firmware/dev_ws/install/ament_cmake_export_targets:/home/paolo/purple_whales_ws/firmware/dev_ws/install/ament_cmake_export_link_flags:/home/paolo/purple_whales_ws/firmware/dev_ws/install/ament_cmake_export_interfaces:/home/paolo/purple_whales_ws/firmware/dev_ws/install/ament_cmake_export_libraries:/home/paolo/purple_whales_ws/firmware/dev_ws/install/ament_cmake_export_include_directories:/home/paolo/purple_whales_ws/firmware/dev_ws/install/ament_cmake_export_definitions:/home/paolo/purple_whales_ws/firmware/dev_ws/install/ament_cmake_core:/home/paolo/purple_whales_ws/firmware/dev_ws/install/ament_index_cpp:/home/paolo/purple_whales_ws/firmware/dev_ws/install/ament_uncrustify:/home/paolo/purple_whales_ws/firmware/dev_ws/install/domain_coordinator:/home/paolo/purple_whales_ws/firmware/dev_ws/install/ament_xmllint:/home/paolo/purple_whales_ws/firmware/dev_ws/install/ament_pyflakes:/home/paolo/purple_whales_ws/firmware/dev_ws/install/ament_pycodestyle:/home/paolo/purple_whales_ws/firmware/dev_ws/install/ament_pep257:/home/paolo/purple_whales_ws/firmware/dev_ws/install/ament_pclint:/home/paolo/purple_whales_ws/firmware/dev_ws/install/ament_package:/home/paolo/purple_whales_ws/firmware/dev_ws/install/ament_mypy:/home/paolo/purple_whales_ws/firmware/dev_ws/install/ament_lint_cmake:/home/paolo/purple_whales_ws/firmware/dev_ws/install/ament_flake8:/home/paolo/purple_whales_ws/firmware/dev_ws/install/ament_copyright:/home/paolo/purple_whales_ws/firmware/dev_ws/install/ament_lint:/home/paolo/purple_whales_ws/firmware/dev_ws/install/ament_index_python:/home/paolo/purple_whales_ws/firmware/dev_ws/install/ament_cpplint:/home/paolo/purple_whales_ws/firmware/dev_ws/install/ament_cppcheck:/home/paolo/purple_whales_ws/firmware/dev_ws/install/ament_clang_tidy:/home/paolo/purple_whales_ws/firmware/dev_ws/install/ament_clang_format LD_LIBRARY_PATH=/home/paolo/purple_whales_ws/firmware/mcu_ws/install/lib:${LD_LIBRARY_PATH} PATH=/home/paolo/purple_whales_ws/firmware/mcu_ws/install/bin:${PATH} PYTHONPATH=/home/paolo/purple_whales_ws/firmware/mcu_ws/install/lib/python3.10/site-packages:${PYTHONPATH} /usr/bin/cmake --build /home/paolo/purple_whales_ws/firmware/mcu_ws/build/micro_ros_msgs -- -j20 -l20
[0.257s] gmake[4]: Entering directory '/home/paolo/purple_whales_ws/firmware/mcu_ws/build/micro_ros_msgs'
[0.257s] /usr/bin/cmake -S/home/paolo/purple_whales_ws/firmware/mcu_ws/uros/micro_ros_msgs -B/home/paolo/purple_whales_ws/firmware/mcu_ws/build/micro_ros_msgs --check-build-system CMakeFiles/Makefile.cmake 0
[0.279s] Re-run cmake file: Makefile older than: /home/paolo/purple_whales_ws/firmware/freertos_apps/microros_esp32_extensions/esp32_toolchain.cmake
[0.281s] -- Found ament_cmake: 1.3.8 (/home/paolo/purple_whales_ws/firmware/dev_ws/install/ament_cmake/share/ament_cmake/cmake)
[0.588s] -- Found rosidl_default_generators: 1.2.0 (/home/paolo/purple_whales_ws/firmware/mcu_ws/install/share/rosidl_default_generators/cmake)
[0.601s] -- Using all available rosidl_typesupport_c: rosidl_typesupport_introspection_c;rosidl_typesupport_microxrcedds_c
[0.604s] -- Found rosidl_adapter: 3.1.5 (/home/paolo/purple_whales_ws/firmware/mcu_ws/install/share/rosidl_adapter/cmake)
[0.646s] [33mCMake Warning at /home/paolo/purple_whales_ws/firmware/mcu_ws/install/share/rcutils/cmake/ament_cmake_export_libraries-extras.cmake:116 (message):
[0.646s]   Package 'rcutils' exports library 'dl' which couldn't be found
[0.646s] Call Stack (most recent call first):
[0.646s]   /home/paolo/purple_whales_ws/firmware/mcu_ws/install/share/rcutils/cmake/rcutilsConfig.cmake:41 (include)
[0.647s]   /home/paolo/purple_whales_ws/firmware/mcu_ws/install/share/rosidl_runtime_c/cmake/ament_cmake_export_dependencies-extras.cmake:21 (find_package)
[0.647s]   /home/paolo/purple_whales_ws/firmware/mcu_ws/install/share/rosidl_runtime_c/cmake/rosidl_runtime_cConfig.cmake:41 (include)
[0.647s]   /home/paolo/purple_whales_ws/firmware/mcu_ws/install/share/rosidl_typesupport_introspection_c/cmake/ament_cmake_export_dependencies-extras.cmake:21 (find_package)
[0.647s]   /home/paolo/purple_whales_ws/firmware/mcu_ws/install/share/rosidl_typesupport_introspection_c/cmake/rosidl_typesupport_introspection_cConfig.cmake:41 (include)
[0.647s]   /home/paolo/purple_whales_ws/firmware/mcu_ws/install/share/rosidl_typesupport_c/cmake/rosidl_typesupport_c-extras.cmake:13 (find_package)
[0.647s]   /home/paolo/purple_whales_ws/firmware/mcu_ws/install/share/rosidl_typesupport_c/cmake/rosidl_typesupport_cConfig.cmake:41 (include)
[0.647s]   /home/paolo/purple_whales_ws/firmware/mcu_ws/install/share/rosidl_default_generators/cmake/rosidl_default_generators-extras.cmake:21 (find_package)
[0.647s]   /home/paolo/purple_whales_ws/firmware/mcu_ws/install/share/rosidl_default_generators/cmake/rosidl_default_generatorsConfig.cmake:41 (include)
[0.647s]   CMakeLists.txt:20 (find_package)
[0.648s] 
[0.648s] [0m
[1.327s] -- Found ament_cmake_ros: 0.10.0 (/home/paolo/purple_whales_ws/firmware/dev_ws/install/ament_cmake_ros/share/ament_cmake_ros/cmake)
[1.565s] -- Using all available rosidl_typesupport_c: rosidl_typesupport_introspection_c;rosidl_typesupport_microxrcedds_c
[1.576s] -- Configuring done
[1.600s] -- Generating done
[1.604s] -- Build files have been written to: /home/paolo/purple_whales_ws/firmware/mcu_ws/build/micro_ros_msgs
[1.619s] /usr/bin/cmake -E cmake_progress_start /home/paolo/purple_whales_ws/firmware/mcu_ws/build/micro_ros_msgs/CMakeFiles /home/paolo/purple_whales_ws/firmware/mcu_ws/build/micro_ros_msgs//CMakeFiles/progress.marks
[1.631s] /usr/bin/gmake  -f CMakeFiles/Makefile2 all
[1.633s] gmake[5]: Entering directory '/home/paolo/purple_whales_ws/firmware/mcu_ws/build/micro_ros_msgs'
[1.633s] /usr/bin/gmake  -f CMakeFiles/micro_ros_msgs__rosidl_generator_c.dir/build.make CMakeFiles/micro_ros_msgs__rosidl_generator_c.dir/depend
[1.636s] gmake[6]: Entering directory '/home/paolo/purple_whales_ws/firmware/mcu_ws/build/micro_ros_msgs'
[1.636s] cd /home/paolo/purple_whales_ws/firmware/mcu_ws/build/micro_ros_msgs && /usr/bin/cmake -E cmake_depends "Unix Makefiles" /home/paolo/purple_whales_ws/firmware/mcu_ws/uros/micro_ros_msgs /home/paolo/purple_whales_ws/firmware/mcu_ws/uros/micro_ros_msgs /home/paolo/purple_whales_ws/firmware/mcu_ws/build/micro_ros_msgs /home/paolo/purple_whales_ws/firmware/mcu_ws/build/micro_ros_msgs /home/paolo/purple_whales_ws/firmware/mcu_ws/build/micro_ros_msgs/CMakeFiles/micro_ros_msgs__rosidl_generator_c.dir/DependInfo.cmake --color=
[1.649s] Dependencies file "CMakeFiles/micro_ros_msgs__rosidl_generator_c.dir/rosidl_generator_c/micro_ros_msgs/msg/detail/entity__functions.c.obj.d" is newer than depends file "/home/paolo/purple_whales_ws/firmware/mcu_ws/build/micro_ros_msgs/CMakeFiles/micro_ros_msgs__rosidl_generator_c.dir/compiler_depend.internal".
[1.649s] Dependencies file "CMakeFiles/micro_ros_msgs__rosidl_generator_c.dir/rosidl_generator_c/micro_ros_msgs/msg/detail/graph__functions.c.obj.d" is newer than depends file "/home/paolo/purple_whales_ws/firmware/mcu_ws/build/micro_ros_msgs/CMakeFiles/micro_ros_msgs__rosidl_generator_c.dir/compiler_depend.internal".
[1.649s] Dependencies file "CMakeFiles/micro_ros_msgs__rosidl_generator_c.dir/rosidl_generator_c/micro_ros_msgs/msg/detail/node__functions.c.obj.d" is newer than depends file "/home/paolo/purple_whales_ws/firmware/mcu_ws/build/micro_ros_msgs/CMakeFiles/micro_ros_msgs__rosidl_generator_c.dir/compiler_depend.internal".
[1.649s] [35m[1mConsolidate compiler generated dependencies of target micro_ros_msgs__rosidl_generator_c[0m
[1.652s] gmake[6]: Leaving directory '/home/paolo/purple_whales_ws/firmware/mcu_ws/build/micro_ros_msgs'
[1.653s] /usr/bin/gmake  -f CMakeFiles/micro_ros_msgs__rosidl_generator_c.dir/build.make CMakeFiles/micro_ros_msgs__rosidl_generator_c.dir/build
[1.654s] gmake[6]: Entering directory '/home/paolo/purple_whales_ws/firmware/mcu_ws/build/micro_ros_msgs'
[1.655s] gmake[6]: Nothing to be done for 'CMakeFiles/micro_ros_msgs__rosidl_generator_c.dir/build'.
[1.655s] gmake[6]: Leaving directory '/home/paolo/purple_whales_ws/firmware/mcu_ws/build/micro_ros_msgs'
[1.668s] [ 25%] Built target micro_ros_msgs__rosidl_generator_c
[1.672s] /usr/bin/gmake  -f CMakeFiles/micro_ros_msgs__rosidl_typesupport_introspection_c.dir/build.make CMakeFiles/micro_ros_msgs__rosidl_typesupport_introspection_c.dir/depend
[1.672s] /usr/bin/gmake  -f CMakeFiles/micro_ros_msgs__rosidl_typesupport_microxrcedds_c.dir/build.make CMakeFiles/micro_ros_msgs__rosidl_typesupport_microxrcedds_c.dir/depend
[1.673s] /usr/bin/gmake  -f CMakeFiles/micro_ros_msgs__rosidl_typesupport_c.dir/build.make CMakeFiles/micro_ros_msgs__rosidl_typesupport_c.dir/depend
[1.673s] gmake[6]: Entering directory '/home/paolo/purple_whales_ws/firmware/mcu_ws/build/micro_ros_msgs'
[1.674s] cd /home/paolo/purple_whales_ws/firmware/mcu_ws/build/micro_ros_msgs && /usr/bin/cmake -E cmake_depends "Unix Makefiles" /home/paolo/purple_whales_ws/firmware/mcu_ws/uros/micro_ros_msgs /home/paolo/purple_whales_ws/firmware/mcu_ws/uros/micro_ros_msgs /home/paolo/purple_whales_ws/firmware/mcu_ws/build/micro_ros_msgs /home/paolo/purple_whales_ws/firmware/mcu_ws/build/micro_ros_msgs /home/paolo/purple_whales_ws/firmware/mcu_ws/build/micro_ros_msgs/CMakeFiles/micro_ros_msgs__rosidl_typesupport_introspection_c.dir/DependInfo.cmake --color=
[1.674s] gmake[6]: Entering directory '/home/paolo/purple_whales_ws/firmware/mcu_ws/build/micro_ros_msgs'
[1.674s] cd /home/paolo/purple_whales_ws/firmware/mcu_ws/build/micro_ros_msgs && /usr/bin/cmake -E cmake_depends "Unix Makefiles" /home/paolo/purple_whales_ws/firmware/mcu_ws/uros/micro_ros_msgs /home/paolo/purple_whales_ws/firmware/mcu_ws/uros/micro_ros_msgs /home/paolo/purple_whales_ws/firmware/mcu_ws/build/micro_ros_msgs /home/paolo/purple_whales_ws/firmware/mcu_ws/build/micro_ros_msgs /home/paolo/purple_whales_ws/firmware/mcu_ws/build/micro_ros_msgs/CMakeFiles/micro_ros_msgs__rosidl_typesupport_microxrcedds_c.dir/DependInfo.cmake --color=
[1.674s] gmake[6]: Entering directory '/home/paolo/purple_whales_ws/firmware/mcu_ws/build/micro_ros_msgs'
[1.674s] cd /home/paolo/purple_whales_ws/firmware/mcu_ws/build/micro_ros_msgs && /usr/bin/cmake -E cmake_depends "Unix Makefiles" /home/paolo/purple_whales_ws/firmware/mcu_ws/uros/micro_ros_msgs /home/paolo/purple_whales_ws/firmware/mcu_ws/uros/micro_ros_msgs /home/paolo/purple_whales_ws/firmware/mcu_ws/build/micro_ros_msgs /home/paolo/purple_whales_ws/firmware/mcu_ws/build/micro_ros_msgs /home/paolo/purple_whales_ws/firmware/mcu_ws/build/micro_ros_msgs/CMakeFiles/micro_ros_msgs__rosidl_typesupport_c.dir/DependInfo.cmake --color=
[1.686s] Dependencies file "CMakeFiles/micro_ros_msgs__rosidl_typesupport_c.dir/rosidl_typesupport_c/micro_ros_msgs/msg/entity__type_support.cpp.obj.d" is newer than depends file "/home/paolo/purple_whales_ws/firmware/mcu_ws/build/micro_ros_msgs/CMakeFiles/micro_ros_msgs__rosidl_typesupport_c.dir/compiler_depend.internal".
[1.686s] Dependencies file "CMakeFiles/micro_ros_msgs__rosidl_typesupport_microxrcedds_c.dir/rosidl_typesupport_microxrcedds_c/micro_ros_msgs/msg/detail/microxrcedds/entity__type_support_c.c.obj.d" is newer than depends file "/home/paolo/purple_whales_ws/firmware/mcu_ws/build/micro_ros_msgs/CMakeFiles/micro_ros_msgs__rosidl_typesupport_microxrcedds_c.dir/compiler_depend.internal".
[1.686s] Dependencies file "CMakeFiles/micro_ros_msgs__rosidl_typesupport_introspection_c.dir/rosidl_typesupport_introspection_c/micro_ros_msgs/msg/detail/entity__type_support.c.obj.d" is newer than depends file "/home/paolo/purple_whales_ws/firmware/mcu_ws/build/micro_ros_msgs/CMakeFiles/micro_ros_msgs__rosidl_typesupport_introspection_c.dir/compiler_depend.internal".
[1.686s] Dependencies file "CMakeFiles/micro_ros_msgs__rosidl_typesupport_c.dir/rosidl_typesupport_c/micro_ros_msgs/msg/graph__type_support.cpp.obj.d" is newer than depends file "/home/paolo/purple_whales_ws/firmware/mcu_ws/build/micro_ros_msgs/CMakeFiles/micro_ros_msgs__rosidl_typesupport_c.dir/compiler_depend.internal".
[1.686s] Dependencies file "CMakeFiles/micro_ros_msgs__rosidl_typesupport_introspection_c.dir/rosidl_typesupport_introspection_c/micro_ros_msgs/msg/detail/graph__type_support.c.obj.d" is newer than depends file "/home/paolo/purple_whales_ws/firmware/mcu_ws/build/micro_ros_msgs/CMakeFiles/micro_ros_msgs__rosidl_typesupport_introspection_c.dir/compiler_depend.internal".
[1.686s] Dependencies file "CMakeFiles/micro_ros_msgs__rosidl_typesupport_c.dir/rosidl_typesupport_c/micro_ros_msgs/msg/node__type_support.cpp.obj.d" is newer than depends file "/home/paolo/purple_whales_ws/firmware/mcu_ws/build/micro_ros_msgs/CMakeFiles/micro_ros_msgs__rosidl_typesupport_c.dir/compiler_depend.internal".
[1.686s] Dependencies file "CMakeFiles/micro_ros_msgs__rosidl_typesupport_microxrcedds_c.dir/rosidl_typesupport_microxrcedds_c/micro_ros_msgs/msg/detail/microxrcedds/graph__type_support_c.c.obj.d" is newer than depends file "/home/paolo/purple_whales_ws/firmware/mcu_ws/build/micro_ros_msgs/CMakeFiles/micro_ros_msgs__rosidl_typesupport_microxrcedds_c.dir/compiler_depend.internal".
[1.687s] [35m[1mConsolidate compiler generated dependencies of target micro_ros_msgs__rosidl_typesupport_c[0m
[1.687s] Dependencies file "CMakeFiles/micro_ros_msgs__rosidl_typesupport_introspection_c.dir/rosidl_typesupport_introspection_c/micro_ros_msgs/msg/detail/node__type_support.c.obj.d" is newer than depends file "/home/paolo/purple_whales_ws/firmware/mcu_ws/build/micro_ros_msgs/CMakeFiles/micro_ros_msgs__rosidl_typesupport_introspection_c.dir/compiler_depend.internal".
[1.687s] Dependencies file "CMakeFiles/micro_ros_msgs__rosidl_typesupport_microxrcedds_c.dir/rosidl_typesupport_microxrcedds_c/micro_ros_msgs/msg/detail/microxrcedds/node__type_support_c.c.obj.d" is newer than depends file "/home/paolo/purple_whales_ws/firmware/mcu_ws/build/micro_ros_msgs/CMakeFiles/micro_ros_msgs__rosidl_typesupport_microxrcedds_c.dir/compiler_depend.internal".
[1.687s] [35m[1mConsolidate compiler generated dependencies of target micro_ros_msgs__rosidl_typesupport_introspection_c[0m
[1.687s] [35m[1mConsolidate compiler generated dependencies of target micro_ros_msgs__rosidl_typesupport_microxrcedds_c[0m
[1.694s] gmake[6]: Leaving directory '/home/paolo/purple_whales_ws/firmware/mcu_ws/build/micro_ros_msgs'
[1.694s] gmake[6]: Leaving directory '/home/paolo/purple_whales_ws/firmware/mcu_ws/build/micro_ros_msgs'
[1.694s] gmake[6]: Leaving directory '/home/paolo/purple_whales_ws/firmware/mcu_ws/build/micro_ros_msgs'
[1.694s] /usr/bin/gmake  -f CMakeFiles/micro_ros_msgs__rosidl_typesupport_introspection_c.dir/build.make CMakeFiles/micro_ros_msgs__rosidl_typesupport_introspection_c.dir/build
[1.695s] /usr/bin/gmake  -f CMakeFiles/micro_ros_msgs__rosidl_typesupport_microxrcedds_c.dir/build.make CMakeFiles/micro_ros_msgs__rosidl_typesupport_microxrcedds_c.dir/build
[1.695s] /usr/bin/gmake  -f CMakeFiles/micro_ros_msgs__rosidl_typesupport_c.dir/build.make CMakeFiles/micro_ros_msgs__rosidl_typesupport_c.dir/build
[1.697s] gmake[6]: Entering directory '/home/paolo/purple_whales_ws/firmware/mcu_ws/build/micro_ros_msgs'
[1.697s] gmake[6]: Nothing to be done for 'CMakeFiles/micro_ros_msgs__rosidl_typesupport_c.dir/build'.
[1.697s] gmake[6]: Entering directory '/home/paolo/purple_whales_ws/firmware/mcu_ws/build/micro_ros_msgs'
[1.697s] gmake[6]: Leaving directory '/home/paolo/purple_whales_ws/firmware/mcu_ws/build/micro_ros_msgs'
[1.697s] gmake[6]: Nothing to be done for 'CMakeFiles/micro_ros_msgs__rosidl_typesupport_introspection_c.dir/build'.
[1.697s] gmake[6]: Leaving directory '/home/paolo/purple_whales_ws/firmware/mcu_ws/build/micro_ros_msgs'
[1.698s] gmake[6]: Entering directory '/home/paolo/purple_whales_ws/firmware/mcu_ws/build/micro_ros_msgs'
[1.698s] gmake[6]: Nothing to be done for 'CMakeFiles/micro_ros_msgs__rosidl_typesupport_microxrcedds_c.dir/build'.
[1.698s] gmake[6]: Leaving directory '/home/paolo/purple_whales_ws/firmware/mcu_ws/build/micro_ros_msgs'
[1.704s] [ 50%] Built target micro_ros_msgs__rosidl_typesupport_introspection_c
[1.709s] [ 90%] Built target micro_ros_msgs__rosidl_typesupport_microxrcedds_c
[1.709s] [100%] Built target micro_ros_msgs__rosidl_typesupport_c
[1.710s] /usr/bin/gmake  -f CMakeFiles/micro_ros_msgs.dir/build.make CMakeFiles/micro_ros_msgs.dir/depend
[1.711s] gmake[6]: Entering directory '/home/paolo/purple_whales_ws/firmware/mcu_ws/build/micro_ros_msgs'
[1.711s] cd /home/paolo/purple_whales_ws/firmware/mcu_ws/build/micro_ros_msgs && /usr/bin/cmake -E cmake_depends "Unix Makefiles" /home/paolo/purple_whales_ws/firmware/mcu_ws/uros/micro_ros_msgs /home/paolo/purple_whales_ws/firmware/mcu_ws/uros/micro_ros_msgs /home/paolo/purple_whales_ws/firmware/mcu_ws/build/micro_ros_msgs /home/paolo/purple_whales_ws/firmware/mcu_ws/build/micro_ros_msgs /home/paolo/purple_whales_ws/firmware/mcu_ws/build/micro_ros_msgs/CMakeFiles/micro_ros_msgs.dir/DependInfo.cmake --color=
[1.722s] gmake[6]: Leaving directory '/home/paolo/purple_whales_ws/firmware/mcu_ws/build/micro_ros_msgs'
[1.722s] /usr/bin/gmake  -f CMakeFiles/micro_ros_msgs.dir/build.make CMakeFiles/micro_ros_msgs.dir/build
[1.723s] gmake[6]: Entering directory '/home/paolo/purple_whales_ws/firmware/mcu_ws/build/micro_ros_msgs'
[1.723s] gmake[6]: Nothing to be done for 'CMakeFiles/micro_ros_msgs.dir/build'.
[1.723s] gmake[6]: Leaving directory '/home/paolo/purple_whales_ws/firmware/mcu_ws/build/micro_ros_msgs'
[1.735s] [100%] Built target micro_ros_msgs
[1.737s] gmake[5]: Leaving directory '/home/paolo/purple_whales_ws/firmware/mcu_ws/build/micro_ros_msgs'
[1.737s] /usr/bin/cmake -E cmake_progress_start /home/paolo/purple_whales_ws/firmware/mcu_ws/build/micro_ros_msgs/CMakeFiles 0
[1.750s] gmake[4]: Leaving directory '/home/paolo/purple_whales_ws/firmware/mcu_ws/build/micro_ros_msgs'
[1.764s] Invoked command in '/home/paolo/purple_whales_ws/firmware/mcu_ws/build/micro_ros_msgs' returned '0': AMENT_PREFIX_PATH=/home/paolo/purple_whales_ws/firmware/mcu_ws/install:${AMENT_PREFIX_PATH} CMAKE_PREFIX_PATH=/home/paolo/purple_whales_ws/firmware/mcu_ws/install:/home/paolo/purple_whales_ws/firmware/dev_ws/install/ament_lint_common:/home/paolo/purple_whales_ws/firmware/dev_ws/install/ament_cmake_uncrustify:/home/paolo/purple_whales_ws/firmware/dev_ws/install/uncrustify_vendor:/home/paolo/purple_whales_ws/firmware/dev_ws/install/ament_cmake_ros:/home/paolo/purple_whales_ws/firmware/dev_ws/install/ament_cmake_auto:/home/paolo/purple_whales_ws/firmware/dev_ws/install/ament_cmake_gmock:/home/paolo/purple_whales_ws/firmware/dev_ws/install/gmock_vendor:/home/paolo/purple_whales_ws/firmware/dev_ws/install/ament_cmake_gtest:/home/paolo/purple_whales_ws/firmware/dev_ws/install/gtest_vendor:/home/paolo/purple_whales_ws/firmware/dev_ws/install/ament_cmake_xmllint:/home/paolo/purple_whales_ws/firmware/dev_ws/install/ament_cmake_pyflakes:/home/paolo/purple_whales_ws/firmware/dev_ws/install/ament_cmake_pycodestyle:/home/paolo/purple_whales_ws/firmware/dev_ws/install/ament_cmake_pep257:/home/paolo/purple_whales_ws/firmware/dev_ws/install/ament_cmake_pclint:/home/paolo/purple_whales_ws/firmware/dev_ws/install/ament_lint_auto:/home/paolo/purple_whales_ws/firmware/dev_ws/install/ament_cmake:/home/paolo/purple_whales_ws/firmware/dev_ws/install/ament_cmake_version:/home/paolo/purple_whales_ws/firmware/dev_ws/install/ament_cmake_vendor_package:/home/paolo/purple_whales_ws/firmware/dev_ws/install/ament_cmake_pytest:/home/paolo/purple_whales_ws/firmware/dev_ws/install/ament_cmake_nose:/home/paolo/purple_whales_ws/firmware/dev_ws/install/ament_cmake_mypy:/home/paolo/purple_whales_ws/firmware/dev_ws/install/ament_cmake_lint_cmake:/home/paolo/purple_whales_ws/firmware/dev_ws/install/ament_cmake_google_benchmark:/home/paolo/purple_whales_ws/firmware/dev_ws/install/ament_cmake_flake8:/home/paolo/purple_whales_ws/firmware/dev_ws/install/ament_cmake_cpplint:/home/paolo/purple_whales_ws/firmware/dev_ws/install/ament_cmake_cppcheck:/home/paolo/purple_whales_ws/firmware/dev_ws/install/ament_cmake_copyright:/home/paolo/purple_whales_ws/firmware/dev_ws/install/ament_cmake_clang_tidy:/home/paolo/purple_whales_ws/firmware/dev_ws/install/ament_cmake_clang_format:/home/paolo/purple_whales_ws/firmware/dev_ws/install/ament_cmake_test:/home/paolo/purple_whales_ws/firmware/dev_ws/install/ament_cmake_target_dependencies:/home/paolo/purple_whales_ws/firmware/dev_ws/install/ament_cmake_python:/home/paolo/purple_whales_ws/firmware/dev_ws/install/ament_cmake_export_dependencies:/home/paolo/purple_whales_ws/firmware/dev_ws/install/ament_cmake_libraries:/home/paolo/purple_whales_ws/firmware/dev_ws/install/ament_cmake_include_directories:/home/paolo/purple_whales_ws/firmware/dev_ws/install/ament_cmake_gen_version_h:/home/paolo/purple_whales_ws/firmware/dev_ws/install/ament_cmake_export_targets:/home/paolo/purple_whales_ws/firmware/dev_ws/install/ament_cmake_export_link_flags:/home/paolo/purple_whales_ws/firmware/dev_ws/install/ament_cmake_export_interfaces:/home/paolo/purple_whales_ws/firmware/dev_ws/install/ament_cmake_export_libraries:/home/paolo/purple_whales_ws/firmware/dev_ws/install/ament_cmake_export_include_directories:/home/paolo/purple_whales_ws/firmware/dev_ws/install/ament_cmake_export_definitions:/home/paolo/purple_whales_ws/firmware/dev_ws/install/ament_cmake_core:/home/paolo/purple_whales_ws/firmware/dev_ws/install/ament_index_cpp:/home/paolo/purple_whales_ws/firmware/dev_ws/install/ament_uncrustify:/home/paolo/purple_whales_ws/firmware/dev_ws/install/domain_coordinator:/home/paolo/purple_whales_ws/firmware/dev_ws/install/ament_xmllint:/home/paolo/purple_whales_ws/firmware/dev_ws/install/ament_pyflakes:/home/paolo/purple_whales_ws/firmware/dev_ws/install/ament_pycodestyle:/home/paolo/purple_whales_ws/firmware/dev_ws/install/ament_pep257:/home/paolo/purple_whales_ws/firmware/dev_ws/install/ament_pclint:/home/paolo/purple_whales_ws/firmware/dev_ws/install/ament_package:/home/paolo/purple_whales_ws/firmware/dev_ws/install/ament_mypy:/home/paolo/purple_whales_ws/firmware/dev_ws/install/ament_lint_cmake:/home/paolo/purple_whales_ws/firmware/dev_ws/install/ament_flake8:/home/paolo/purple_whales_ws/firmware/dev_ws/install/ament_copyright:/home/paolo/purple_whales_ws/firmware/dev_ws/install/ament_lint:/home/paolo/purple_whales_ws/firmware/dev_ws/install/ament_index_python:/home/paolo/purple_whales_ws/firmware/dev_ws/install/ament_cpplint:/home/paolo/purple_whales_ws/firmware/dev_ws/install/ament_cppcheck:/home/paolo/purple_whales_ws/firmware/dev_ws/install/ament_clang_tidy:/home/paolo/purple_whales_ws/firmware/dev_ws/install/ament_clang_format LD_LIBRARY_PATH=/home/paolo/purple_whales_ws/firmware/mcu_ws/install/lib:${LD_LIBRARY_PATH} PATH=/home/paolo/purple_whales_ws/firmware/mcu_ws/install/bin:${PATH} PYTHONPATH=/home/paolo/purple_whales_ws/firmware/mcu_ws/install/lib/python3.10/site-packages:${PYTHONPATH} /usr/bin/cmake --build /home/paolo/purple_whales_ws/firmware/mcu_ws/build/micro_ros_msgs -- -j20 -l20
[1.917s] Invoking command in '/home/paolo/purple_whales_ws/firmware/mcu_ws/build/micro_ros_msgs': AMENT_PREFIX_PATH=/home/paolo/purple_whales_ws/firmware/mcu_ws/install:${AMENT_PREFIX_PATH} CMAKE_PREFIX_PATH=/home/paolo/purple_whales_ws/firmware/mcu_ws/install:/home/paolo/purple_whales_ws/firmware/dev_ws/install/ament_lint_common:/home/paolo/purple_whales_ws/firmware/dev_ws/install/ament_cmake_uncrustify:/home/paolo/purple_whales_ws/firmware/dev_ws/install/uncrustify_vendor:/home/paolo/purple_whales_ws/firmware/dev_ws/install/ament_cmake_ros:/home/paolo/purple_whales_ws/firmware/dev_ws/install/ament_cmake_auto:/home/paolo/purple_whales_ws/firmware/dev_ws/install/ament_cmake_gmock:/home/paolo/purple_whales_ws/firmware/dev_ws/install/gmock_vendor:/home/paolo/purple_whales_ws/firmware/dev_ws/install/ament_cmake_gtest:/home/paolo/purple_whales_ws/firmware/dev_ws/install/gtest_vendor:/home/paolo/purple_whales_ws/firmware/dev_ws/install/ament_cmake_xmllint:/home/paolo/purple_whales_ws/firmware/dev_ws/install/ament_cmake_pyflakes:/home/paolo/purple_whales_ws/firmware/dev_ws/install/ament_cmake_pycodestyle:/home/paolo/purple_whales_ws/firmware/dev_ws/install/ament_cmake_pep257:/home/paolo/purple_whales_ws/firmware/dev_ws/install/ament_cmake_pclint:/home/paolo/purple_whales_ws/firmware/dev_ws/install/ament_lint_auto:/home/paolo/purple_whales_ws/firmware/dev_ws/install/ament_cmake:/home/paolo/purple_whales_ws/firmware/dev_ws/install/ament_cmake_version:/home/paolo/purple_whales_ws/firmware/dev_ws/install/ament_cmake_vendor_package:/home/paolo/purple_whales_ws/firmware/dev_ws/install/ament_cmake_pytest:/home/paolo/purple_whales_ws/firmware/dev_ws/install/ament_cmake_nose:/home/paolo/purple_whales_ws/firmware/dev_ws/install/ament_cmake_mypy:/home/paolo/purple_whales_ws/firmware/dev_ws/install/ament_cmake_lint_cmake:/home/paolo/purple_whales_ws/firmware/dev_ws/install/ament_cmake_google_benchmark:/home/paolo/purple_whales_ws/firmware/dev_ws/install/ament_cmake_flake8:/home/paolo/purple_whales_ws/firmware/dev_ws/install/ament_cmake_cpplint:/home/paolo/purple_whales_ws/firmware/dev_ws/install/ament_cmake_cppcheck:/home/paolo/purple_whales_ws/firmware/dev_ws/install/ament_cmake_copyright:/home/paolo/purple_whales_ws/firmware/dev_ws/install/ament_cmake_clang_tidy:/home/paolo/purple_whales_ws/firmware/dev_ws/install/ament_cmake_clang_format:/home/paolo/purple_whales_ws/firmware/dev_ws/install/ament_cmake_test:/home/paolo/purple_whales_ws/firmware/dev_ws/install/ament_cmake_target_dependencies:/home/paolo/purple_whales_ws/firmware/dev_ws/install/ament_cmake_python:/home/paolo/purple_whales_ws/firmware/dev_ws/install/ament_cmake_export_dependencies:/home/paolo/purple_whales_ws/firmware/dev_ws/install/ament_cmake_libraries:/home/paolo/purple_whales_ws/firmware/dev_ws/install/ament_cmake_include_directories:/home/paolo/purple_whales_ws/firmware/dev_ws/install/ament_cmake_gen_version_h:/home/paolo/purple_whales_ws/firmware/dev_ws/install/ament_cmake_export_targets:/home/paolo/purple_whales_ws/firmware/dev_ws/install/ament_cmake_export_link_flags:/home/paolo/purple_whales_ws/firmware/dev_ws/install/ament_cmake_export_interfaces:/home/paolo/purple_whales_ws/firmware/dev_ws/install/ament_cmake_export_libraries:/home/paolo/purple_whales_ws/firmware/dev_ws/install/ament_cmake_export_include_directories:/home/paolo/purple_whales_ws/firmware/dev_ws/install/ament_cmake_export_definitions:/home/paolo/purple_whales_ws/firmware/dev_ws/install/ament_cmake_core:/home/paolo/purple_whales_ws/firmware/dev_ws/install/ament_index_cpp:/home/paolo/purple_whales_ws/firmware/dev_ws/install/ament_uncrustify:/home/paolo/purple_whales_ws/firmware/dev_ws/install/domain_coordinator:/home/paolo/purple_whales_ws/firmware/dev_ws/install/ament_xmllint:/home/paolo/purple_whales_ws/firmware/dev_ws/install/ament_pyflakes:/home/paolo/purple_whales_ws/firmware/dev_ws/install/ament_pycodestyle:/home/paolo/purple_whales_ws/firmware/dev_ws/install/ament_pep257:/home/paolo/purple_whales_ws/firmware/dev_ws/install/ament_pclint:/home/paolo/purple_whales_ws/firmware/dev_ws/install/ament_package:/home/paolo/purple_whales_ws/firmware/dev_ws/install/ament_mypy:/home/paolo/purple_whales_ws/firmware/dev_ws/install/ament_lint_cmake:/home/paolo/purple_whales_ws/firmware/dev_ws/install/ament_flake8:/home/paolo/purple_whales_ws/firmware/dev_ws/install/ament_copyright:/home/paolo/purple_whales_ws/firmware/dev_ws/install/ament_lint:/home/paolo/purple_whales_ws/firmware/dev_ws/install/ament_index_python:/home/paolo/purple_whales_ws/firmware/dev_ws/install/ament_cpplint:/home/paolo/purple_whales_ws/firmware/dev_ws/install/ament_cppcheck:/home/paolo/purple_whales_ws/firmware/dev_ws/install/ament_clang_tidy:/home/paolo/purple_whales_ws/firmware/dev_ws/install/ament_clang_format LD_LIBRARY_PATH=/home/paolo/purple_whales_ws/firmware/mcu_ws/install/lib:${LD_LIBRARY_PATH} PATH=/home/paolo/purple_whales_ws/firmware/mcu_ws/install/bin:${PATH} PYTHONPATH=/home/paolo/purple_whales_ws/firmware/mcu_ws/install/lib/python3.10/site-packages:${PYTHONPATH} /usr/bin/cmake --install /home/paolo/purple_whales_ws/firmware/mcu_ws/build/micro_ros_msgs
[1.965s] -- Install configuration: "Debug"
[1.966s] -- Up-to-date: /home/paolo/purple_whales_ws/firmware/mcu_ws/install/share/ament_index/resource_index/rosidl_interfaces/micro_ros_msgs
[1.966s] -- Up-to-date: /home/paolo/purple_whales_ws/firmware/mcu_ws/install/include/micro_ros_msgs/micro_ros_msgs
[1.966s] -- Up-to-date: /home/paolo/purple_whales_ws/firmware/mcu_ws/install/include/micro_ros_msgs/micro_ros_msgs/msg
[1.967s] -- Up-to-date: /home/paolo/purple_whales_ws/firmware/mcu_ws/install/include/micro_ros_msgs/micro_ros_msgs/msg/entity.h
[1.968s] -- Up-to-date: /home/paolo/purple_whales_ws/firmware/mcu_ws/install/include/micro_ros_msgs/micro_ros_msgs/msg/node.h
[1.968s] -- Up-to-date: /home/paolo/purple_whales_ws/firmware/mcu_ws/install/include/micro_ros_msgs/micro_ros_msgs/msg/graph.h
[1.968s] -- Up-to-date: /home/paolo/purple_whales_ws/firmware/mcu_ws/install/include/micro_ros_msgs/micro_ros_msgs/msg/detail
[1.970s] -- Up-to-date: /home/paolo/purple_whales_ws/firmware/mcu_ws/install/include/micro_ros_msgs/micro_ros_msgs/msg/detail/entity__struct.h
[1.970s] -- Up-to-date: /home/paolo/purple_whales_ws/firmware/mcu_ws/install/include/micro_ros_msgs/micro_ros_msgs/msg/detail/graph__struct.h
[1.970s] -- Up-to-date: /home/paolo/purple_whales_ws/firmware/mcu_ws/install/include/micro_ros_msgs/micro_ros_msgs/msg/detail/node__type_support.h
[1.971s] -- Up-to-date: /home/paolo/purple_whales_ws/firmware/mcu_ws/install/include/micro_ros_msgs/micro_ros_msgs/msg/detail/graph__functions.c
[1.971s] -- Up-to-date: /home/paolo/purple_whales_ws/firmware/mcu_ws/install/include/micro_ros_msgs/micro_ros_msgs/msg/detail/node__functions.h
[1.974s] -- Up-to-date: /home/paolo/purple_whales_ws/firmware/mcu_ws/install/include/micro_ros_msgs/micro_ros_msgs/msg/detail/graph__functions.h
[1.974s] -- Up-to-date: /home/paolo/purple_whales_ws/firmware/mcu_ws/install/include/micro_ros_msgs/micro_ros_msgs/msg/detail/node__functions.c
[1.974s] -- Up-to-date: /home/paolo/purple_whales_ws/firmware/mcu_ws/install/include/micro_ros_msgs/micro_ros_msgs/msg/detail/entity__type_support.h
[1.975s] -- Up-to-date: /home/paolo/purple_whales_ws/firmware/mcu_ws/install/include/micro_ros_msgs/micro_ros_msgs/msg/detail/node__struct.h
[1.975s] -- Up-to-date: /home/paolo/purple_whales_ws/firmware/mcu_ws/install/include/micro_ros_msgs/micro_ros_msgs/msg/detail/graph__type_support.h
[1.975s] -- Up-to-date: /home/paolo/purple_whales_ws/firmware/mcu_ws/install/include/micro_ros_msgs/micro_ros_msgs/msg/detail/entity__functions.c
[1.975s] -- Up-to-date: /home/paolo/purple_whales_ws/firmware/mcu_ws/install/include/micro_ros_msgs/micro_ros_msgs/msg/detail/entity__functions.h
[1.975s] -- Up-to-date: /home/paolo/purple_whales_ws/firmware/mcu_ws/install/include/micro_ros_msgs/micro_ros_msgs/msg/rosidl_generator_c__visibility_control.h
[1.976s] -- Up-to-date: /home/paolo/purple_whales_ws/firmware/mcu_ws/install/share/micro_ros_msgs/environment/library_path.sh
[1.976s] -- Installing: /home/paolo/purple_whales_ws/firmware/mcu_ws/install/share/micro_ros_msgs/environment/library_path.dsv
[1.976s] -- Up-to-date: /home/paolo/purple_whales_ws/firmware/mcu_ws/install/lib/libmicro_ros_msgs__rosidl_generator_c.a
[1.976s] -- Up-to-date: /home/paolo/purple_whales_ws/firmware/mcu_ws/install/include/micro_ros_msgs/micro_ros_msgs
[1.976s] -- Up-to-date: /home/paolo/purple_whales_ws/firmware/mcu_ws/install/include/micro_ros_msgs/micro_ros_msgs/msg
[1.976s] -- Up-to-date: /home/paolo/purple_whales_ws/firmware/mcu_ws/install/include/micro_ros_msgs/micro_ros_msgs/msg/detail
[1.976s] -- Up-to-date: /home/paolo/purple_whales_ws/firmware/mcu_ws/install/include/micro_ros_msgs/micro_ros_msgs/msg/detail/entity__type_support.c
[1.976s] -- Up-to-date: /home/paolo/purple_whales_ws/firmware/mcu_ws/install/include/micro_ros_msgs/micro_ros_msgs/msg/detail/graph__rosidl_typesupport_introspection_c.h
[1.976s] -- Up-to-date: /home/paolo/purple_whales_ws/firmware/mcu_ws/install/include/micro_ros_msgs/micro_ros_msgs/msg/detail/node__type_support.c
[1.977s] -- Up-to-date: /home/paolo/purple_whales_ws/firmware/mcu_ws/install/include/micro_ros_msgs/micro_ros_msgs/msg/detail/entity__rosidl_typesupport_introspection_c.h
[1.977s] -- Up-to-date: /home/paolo/purple_whales_ws/firmware/mcu_ws/install/include/micro_ros_msgs/micro_ros_msgs/msg/detail/node__rosidl_typesupport_introspection_c.h
[1.977s] -- Up-to-date: /home/paolo/purple_whales_ws/firmware/mcu_ws/install/include/micro_ros_msgs/micro_ros_msgs/msg/detail/graph__type_support.c
[1.978s] -- Up-to-date: /home/paolo/purple_whales_ws/firmware/mcu_ws/install/include/micro_ros_msgs/micro_ros_msgs/msg/rosidl_typesupport_introspection_c__visibility_control.h
[1.978s] -- Up-to-date: /home/paolo/purple_whales_ws/firmware/mcu_ws/install/lib/libmicro_ros_msgs__rosidl_typesupport_introspection_c.a
[1.978s] -- Up-to-date: /home/paolo/purple_whales_ws/firmware/mcu_ws/install/include/micro_ros_msgs
[1.978s] -- Up-to-date: /home/paolo/purple_whales_ws/firmware/mcu_ws/install/include/micro_ros_msgs/msg
[1.979s] -- Up-to-date: /home/paolo/purple_whales_ws/firmware/mcu_ws/install/include/micro_ros_msgs/msg/detail
[1.979s] -- Up-to-date: /home/paolo/purple_whales_ws/firmware/mcu_ws/install/include/micro_ros_msgs/msg/detail/microxrcedds
[1.979s] -- Up-to-date: /home/paolo/purple_whales_ws/firmware/mcu_ws/install/include/micro_ros_msgs/msg/detail/entity__rosidl_typesupport_microxrcedds_c.h
[1.980s] -- Up-to-date: /home/paolo/purple_whales_ws/firmware/mcu_ws/install/include/micro_ros_msgs/msg/detail/graph__rosidl_typesupport_microxrcedds_c.h
[1.980s] -- Up-to-date: /home/paolo/purple_whales_ws/firmware/mcu_ws/install/include/micro_ros_msgs/msg/detail/node__rosidl_typesupport_microxrcedds_c.h
[1.980s] -- Up-to-date: /home/paolo/purple_whales_ws/firmware/mcu_ws/install/include/micro_ros_msgs/msg/rosidl_typesupport_microxrcedds_c__visibility_control.h
[1.981s] -- Up-to-date: /home/paolo/purple_whales_ws/firmware/mcu_ws/install/lib/libmicro_ros_msgs__rosidl_typesupport_microxrcedds_c.a
[1.982s] -- Up-to-date: /home/paolo/purple_whales_ws/firmware/mcu_ws/install/lib/libmicro_ros_msgs__rosidl_typesupport_c.a
[1.982s] -- Up-to-date: /home/paolo/purple_whales_ws/firmware/mcu_ws/install/share/micro_ros_msgs/msg/Graph.idl
[1.982s] -- Up-to-date: /home/paolo/purple_whales_ws/firmware/mcu_ws/install/share/micro_ros_msgs/msg/Node.idl
[1.982s] -- Up-to-date: /home/paolo/purple_whales_ws/firmware/mcu_ws/install/share/micro_ros_msgs/msg/Entity.idl
[1.982s] -- Up-to-date: /home/paolo/purple_whales_ws/firmware/mcu_ws/install/share/micro_ros_msgs/msg/Graph.msg
[1.982s] -- Up-to-date: /home/paolo/purple_whales_ws/firmware/mcu_ws/install/share/micro_ros_msgs/msg/Node.msg
[1.983s] -- Up-to-date: /home/paolo/purple_whales_ws/firmware/mcu_ws/install/share/micro_ros_msgs/msg/Entity.msg
[1.983s] -- Up-to-date: /home/paolo/purple_whales_ws/firmware/mcu_ws/install/share/ament_index/resource_index/package_run_dependencies/micro_ros_msgs
[1.983s] -- Up-to-date: /home/paolo/purple_whales_ws/firmware/mcu_ws/install/share/ament_index/resource_index/parent_prefix_path/micro_ros_msgs
[1.983s] -- Up-to-date: /home/paolo/purple_whales_ws/firmware/mcu_ws/install/share/micro_ros_msgs/environment/ament_prefix_path.sh
[1.983s] -- Installing: /home/paolo/purple_whales_ws/firmware/mcu_ws/install/share/micro_ros_msgs/environment/ament_prefix_path.dsv
[1.983s] -- Up-to-date: /home/paolo/purple_whales_ws/firmware/mcu_ws/install/share/micro_ros_msgs/environment/path.sh
[1.983s] -- Installing: /home/paolo/purple_whales_ws/firmware/mcu_ws/install/share/micro_ros_msgs/environment/path.dsv
[1.983s] -- Up-to-date: /home/paolo/purple_whales_ws/firmware/mcu_ws/install/share/micro_ros_msgs/local_setup.bash
[1.984s] -- Up-to-date: /home/paolo/purple_whales_ws/firmware/mcu_ws/install/share/micro_ros_msgs/local_setup.sh
[1.984s] -- Up-to-date: /home/paolo/purple_whales_ws/firmware/mcu_ws/install/share/micro_ros_msgs/local_setup.zsh
[1.984s] -- Installing: /home/paolo/purple_whales_ws/firmware/mcu_ws/install/share/micro_ros_msgs/local_setup.dsv
[1.984s] -- Installing: /home/paolo/purple_whales_ws/firmware/mcu_ws/install/share/micro_ros_msgs/package.dsv
[1.984s] -- Up-to-date: /home/paolo/purple_whales_ws/firmware/mcu_ws/install/share/ament_index/resource_index/packages/micro_ros_msgs
[1.984s] -- Up-to-date: /home/paolo/purple_whales_ws/firmware/mcu_ws/install/share/micro_ros_msgs/cmake/export_micro_ros_msgs__rosidl_generator_cExport.cmake
[1.985s] -- Up-to-date: /home/paolo/purple_whales_ws/firmware/mcu_ws/install/share/micro_ros_msgs/cmake/export_micro_ros_msgs__rosidl_generator_cExport-debug.cmake
[1.985s] -- Up-to-date: /home/paolo/purple_whales_ws/firmware/mcu_ws/install/share/micro_ros_msgs/cmake/micro_ros_msgs__rosidl_typesupport_introspection_cExport.cmake
[1.985s] -- Up-to-date: /home/paolo/purple_whales_ws/firmware/mcu_ws/install/share/micro_ros_msgs/cmake/micro_ros_msgs__rosidl_typesupport_introspection_cExport-debug.cmake
[1.986s] -- Up-to-date: /home/paolo/purple_whales_ws/firmware/mcu_ws/install/share/micro_ros_msgs/cmake/micro_ros_msgs__rosidl_typesupport_cExport.cmake
[1.986s] -- Up-to-date: /home/paolo/purple_whales_ws/firmware/mcu_ws/install/share/micro_ros_msgs/cmake/micro_ros_msgs__rosidl_typesupport_cExport-debug.cmake
[1.986s] -- Up-to-date: /home/paolo/purple_whales_ws/firmware/mcu_ws/install/share/micro_ros_msgs/cmake/rosidl_cmake-extras.cmake
[1.987s] -- Up-to-date: /home/paolo/purple_whales_ws/firmware/mcu_ws/install/share/micro_ros_msgs/cmake/ament_cmake_export_include_directories-extras.cmake
[1.987s] -- Up-to-date: /home/paolo/purple_whales_ws/firmware/mcu_ws/install/share/micro_ros_msgs/cmake/ament_cmake_export_libraries-extras.cmake
[1.987s] -- Up-to-date: /home/paolo/purple_whales_ws/firmware/mcu_ws/install/share/micro_ros_msgs/cmake/ament_cmake_export_targets-extras.cmake
[1.987s] -- Up-to-date: /home/paolo/purple_whales_ws/firmware/mcu_ws/install/share/micro_ros_msgs/cmake/rosidl_cmake_export_typesupport_targets-extras.cmake
[1.988s] -- Up-to-date: /home/paolo/purple_whales_ws/firmware/mcu_ws/install/share/micro_ros_msgs/cmake/ament_cmake_export_dependencies-extras.cmake
[1.988s] -- Up-to-date: /home/paolo/purple_whales_ws/firmware/mcu_ws/install/share/micro_ros_msgs/cmake/rosidl_cmake_export_typesupport_libraries-extras.cmake
[1.988s] -- Up-to-date: /home/paolo/purple_whales_ws/firmware/mcu_ws/install/share/micro_ros_msgs/cmake/micro_ros_msgsConfig.cmake
[1.988s] -- Up-to-date: /home/paolo/purple_whales_ws/firmware/mcu_ws/install/share/micro_ros_msgs/cmake/micro_ros_msgsConfig-version.cmake
[1.988s] -- Up-to-date: /home/paolo/purple_whales_ws/firmware/mcu_ws/install/share/micro_ros_msgs/package.xml
[2.005s] Invoked command in '/home/paolo/purple_whales_ws/firmware/mcu_ws/build/micro_ros_msgs' returned '0': AMENT_PREFIX_PATH=/home/paolo/purple_whales_ws/firmware/mcu_ws/install:${AMENT_PREFIX_PATH} CMAKE_PREFIX_PATH=/home/paolo/purple_whales_ws/firmware/mcu_ws/install:/home/paolo/purple_whales_ws/firmware/dev_ws/install/ament_lint_common:/home/paolo/purple_whales_ws/firmware/dev_ws/install/ament_cmake_uncrustify:/home/paolo/purple_whales_ws/firmware/dev_ws/install/uncrustify_vendor:/home/paolo/purple_whales_ws/firmware/dev_ws/install/ament_cmake_ros:/home/paolo/purple_whales_ws/firmware/dev_ws/install/ament_cmake_auto:/home/paolo/purple_whales_ws/firmware/dev_ws/install/ament_cmake_gmock:/home/paolo/purple_whales_ws/firmware/dev_ws/install/gmock_vendor:/home/paolo/purple_whales_ws/firmware/dev_ws/install/ament_cmake_gtest:/home/paolo/purple_whales_ws/firmware/dev_ws/install/gtest_vendor:/home/paolo/purple_whales_ws/firmware/dev_ws/install/ament_cmake_xmllint:/home/paolo/purple_whales_ws/firmware/dev_ws/install/ament_cmake_pyflakes:/home/paolo/purple_whales_ws/firmware/dev_ws/install/ament_cmake_pycodestyle:/home/paolo/purple_whales_ws/firmware/dev_ws/install/ament_cmake_pep257:/home/paolo/purple_whales_ws/firmware/dev_ws/install/ament_cmake_pclint:/home/paolo/purple_whales_ws/firmware/dev_ws/install/ament_lint_auto:/home/paolo/purple_whales_ws/firmware/dev_ws/install/ament_cmake:/home/paolo/purple_whales_ws/firmware/dev_ws/install/ament_cmake_version:/home/paolo/purple_whales_ws/firmware/dev_ws/install/ament_cmake_vendor_package:/home/paolo/purple_whales_ws/firmware/dev_ws/install/ament_cmake_pytest:/home/paolo/purple_whales_ws/firmware/dev_ws/install/ament_cmake_nose:/home/paolo/purple_whales_ws/firmware/dev_ws/install/ament_cmake_mypy:/home/paolo/purple_whales_ws/firmware/dev_ws/install/ament_cmake_lint_cmake:/home/paolo/purple_whales_ws/firmware/dev_ws/install/ament_cmake_google_benchmark:/home/paolo/purple_whales_ws/firmware/dev_ws/install/ament_cmake_flake8:/home/paolo/purple_whales_ws/firmware/dev_ws/install/ament_cmake_cpplint:/home/paolo/purple_whales_ws/firmware/dev_ws/install/ament_cmake_cppcheck:/home/paolo/purple_whales_ws/firmware/dev_ws/install/ament_cmake_copyright:/home/paolo/purple_whales_ws/firmware/dev_ws/install/ament_cmake_clang_tidy:/home/paolo/purple_whales_ws/firmware/dev_ws/install/ament_cmake_clang_format:/home/paolo/purple_whales_ws/firmware/dev_ws/install/ament_cmake_test:/home/paolo/purple_whales_ws/firmware/dev_ws/install/ament_cmake_target_dependencies:/home/paolo/purple_whales_ws/firmware/dev_ws/install/ament_cmake_python:/home/paolo/purple_whales_ws/firmware/dev_ws/install/ament_cmake_export_dependencies:/home/paolo/purple_whales_ws/firmware/dev_ws/install/ament_cmake_libraries:/home/paolo/purple_whales_ws/firmware/dev_ws/install/ament_cmake_include_directories:/home/paolo/purple_whales_ws/firmware/dev_ws/install/ament_cmake_gen_version_h:/home/paolo/purple_whales_ws/firmware/dev_ws/install/ament_cmake_export_targets:/home/paolo/purple_whales_ws/firmware/dev_ws/install/ament_cmake_export_link_flags:/home/paolo/purple_whales_ws/firmware/dev_ws/install/ament_cmake_export_interfaces:/home/paolo/purple_whales_ws/firmware/dev_ws/install/ament_cmake_export_libraries:/home/paolo/purple_whales_ws/firmware/dev_ws/install/ament_cmake_export_include_directories:/home/paolo/purple_whales_ws/firmware/dev_ws/install/ament_cmake_export_definitions:/home/paolo/purple_whales_ws/firmware/dev_ws/install/ament_cmake_core:/home/paolo/purple_whales_ws/firmware/dev_ws/install/ament_index_cpp:/home/paolo/purple_whales_ws/firmware/dev_ws/install/ament_uncrustify:/home/paolo/purple_whales_ws/firmware/dev_ws/install/domain_coordinator:/home/paolo/purple_whales_ws/firmware/dev_ws/install/ament_xmllint:/home/paolo/purple_whales_ws/firmware/dev_ws/install/ament_pyflakes:/home/paolo/purple_whales_ws/firmware/dev_ws/install/ament_pycodestyle:/home/paolo/purple_whales_ws/firmware/dev_ws/install/ament_pep257:/home/paolo/purple_whales_ws/firmware/dev_ws/install/ament_pclint:/home/paolo/purple_whales_ws/firmware/dev_ws/install/ament_package:/home/paolo/purple_whales_ws/firmware/dev_ws/install/ament_mypy:/home/paolo/purple_whales_ws/firmware/dev_ws/install/ament_lint_cmake:/home/paolo/purple_whales_ws/firmware/dev_ws/install/ament_flake8:/home/paolo/purple_whales_ws/firmware/dev_ws/install/ament_copyright:/home/paolo/purple_whales_ws/firmware/dev_ws/install/ament_lint:/home/paolo/purple_whales_ws/firmware/dev_ws/install/ament_index_python:/home/paolo/purple_whales_ws/firmware/dev_ws/install/ament_cpplint:/home/paolo/purple_whales_ws/firmware/dev_ws/install/ament_cppcheck:/home/paolo/purple_whales_ws/firmware/dev_ws/install/ament_clang_tidy:/home/paolo/purple_whales_ws/firmware/dev_ws/install/ament_clang_format LD_LIBRARY_PATH=/home/paolo/purple_whales_ws/firmware/mcu_ws/install/lib:${LD_LIBRARY_PATH} PATH=/home/paolo/purple_whales_ws/firmware/mcu_ws/install/bin:${PATH} PYTHONPATH=/home/paolo/purple_whales_ws/firmware/mcu_ws/install/lib/python3.10/site-packages:${PYTHONPATH} /usr/bin/cmake --install /home/paolo/purple_whales_ws/firmware/mcu_ws/build/micro_ros_msgs
